
3 second(s) taken for initialization

vlink src/dst: 0 11
number of protected paths set: 3
needed_slices: 26
paths: {0 17}
slices required:
{2 2}
slices start:
{0 0}
tuples:
{12 12}
dist: 418
dist: 624

vlink src/dst: 0 7
number of protected paths set: 3
needed_slices: 11
paths: {0 1}
slices required:
{2 3}
slices start:
{2 2}
tuples:
{29 27}
dist: 67
dist: 383

vlink src/dst: 7 11
number of protected paths set: 3
needed_slices: 26
paths: {0 4}
slices required:
{2 2}
slices start:
{5 5}
tuples:
{12 12}
dist: 485
dist: 550

vlink src/dst: 0 15
number of protected paths set: 3
needed_slices: 60
paths: {1 1 16 16}
slices required:
{2 2 2 2}
slices start:
{7 9 7 9}
tuples:
{12 12 12 12}
dist: 549
dist: 549
dist: 721
dist: 721

vlink src/dst: 0 19
number of protected paths set: 3
needed_slices: 50
paths: {0 0 13 13 13}
slices required:
{2 3 2 2 2}
slices start:
{11 13 11 13 15}
tuples:
{12 27 12 12 12}
dist: 308
dist: 308
dist: 509
dist: 509
dist: 509

vlink src/dst: 0 10
number of protected paths set: 3
needed_slices: 32
paths: {0 0 4 4}
slices required:
{2 2 2 2}
slices start:
{16 18 17 19}
tuples:
{20 20 12 12}
dist: 256
dist: 256
dist: 601
dist: 601

vlink src/dst: 5 7
number of protected paths set: 3
needed_slices: 32
paths: {0 3 3}
slices required:
{3 2 2}
slices start:
{21 21 23}
tuples:
{27 12 12}
dist: 253
dist: 422
dist: 422

vlink src/dst: 0 6
number of protected paths set: 3
needed_slices: 34
paths: {1 13}
slices required:
{2 2}
slices start:
{24 25}
tuples:
{12 12}
dist: 642
dist: 749

vlink src/dst: 0 2
number of protected paths set: 3
needed_slices: 80
paths: {2 2 10 10}
slices required:
{2 2 2 2}
slices start:
{27 29 27 29}
tuples:
{6 6 6 6}
dist: 840
dist: 840
dist: 883
dist: 883

vlink src/dst: 1 10
number of protected paths set: 3
needed_slices: 8
paths: {0 1}
slices required:
{2 2}
slices start:
{2 0}
tuples:
{20 20}
dist: 181
dist: 231

vlink src/dst: 8 9
number of protected paths set: 15
needed_slices: 24
paths: {0 2}
slices required:
{2 2}
slices start:
{2 31}
tuples:
{12 12}
dist: 376
dist: 459

vlink src/dst: 1 5
number of protected paths set: 3
needed_slices: 33
paths: {0 0 3 3}
slices required:
{2 2 2 3}
slices start:
{33 35 33 35}
tuples:
{20 20 12 27}
dist: 111
dist: 111
dist: 379
dist: 379

vlink src/dst: 1 8
number of protected paths set: 15
needed_slices: 32
paths: {0 0 3 3}
slices required:
{2 2 2 3}
slices start:
{38 40 31 38}
tuples:
{20 20 12 27}
dist: 156
dist: 156
dist: 333
dist: 333

vlink src/dst: 8 18
number of protected paths set: 15
needed_slices: 16
paths: {0 0 1 1}
slices required:
{2 2 2 2}
slices start:
{0 2 2 16}
tuples:
{29 29 20 20}
dist: 98
dist: 98
dist: 150
dist: 150

vlink src/dst: 1 14
number of protected paths set: 15
needed_slices: 21
paths: {0 10}
slices required:
{2 3}
slices start:
{42 41}
tuples:
{20 18}
dist: 224
dist: 492

vlink src/dst: 7 16
number of protected paths set: 15
needed_slices: 20
paths: {0 3}
slices required:
{2 2}
slices start:
{44 44}
tuples:
{12 12}
dist: 334
dist: 423

vlink src/dst: 3 14
number of protected paths set: 15
needed_slices: 94
paths: {0 0 2 13 13 13 13}
slices required:
{2 2 2 2 2 2 2}
slices start:
{46 48 50 0 2 4 11}
tuples:
{12 12 12 12 12 12 12}
dist: 490
dist: 490
dist: 509
dist: 707
dist: 707
dist: 707
dist: 707

vlink src/dst: 3 10
number of protected paths set: 3
needed_slices: 72
paths: {1 2 2 16 16 18}
slices required:
{2 2 2 2 2 2}
slices start:
{5 2 7 52 54 6}
tuples:
{12 12 12 12 12 12}
dist: 495
dist: 516
dist: 516
dist: 738
dist: 738
dist: 787

vlink src/dst: 9 19
number of protected paths set: 15
needed_slices: 36
paths: {0 4}
slices required:
{3 3}
slices start:
{17 56}
tuples:
{18 17}
dist: 441
dist: 536

vlink src/dst: 6 7
number of protected paths set: 15
needed_slices: 34
paths: {1 3}
slices required:
{2 2}
slices start:
{46 59}
tuples:
{12 12}
dist: 674
dist: 709

vlink src/dst: 8 17
number of protected paths set: 15
needed_slices: 24
paths: {1 11}
slices required:
{2 2}
slices start:
{48 61}
tuples:
{12 12}
dist: 441
dist: 567

vlink src/dst: 16 18
number of protected paths set: 15
needed_slices: 36
paths: {0 0 8 8}
slices required:
{2 2 2 3}
slices start:
{4 8 63 65}
tuples:
{20 20 12 27}
dist: 173
dist: 173
dist: 353
dist: 353

vlink src/dst: 5 13
number of protected paths set: 3
needed_slices: 97
paths: {2 2 2 18 18 18}
slices required:
{2 2 2 2 2 3}
slices start:
{13 15 17 68 70 72}
tuples:
{12 12 12 6 6 11}
dist: 735
dist: 735
dist: 735
dist: 825
dist: 825
dist: 825

vlink src/dst: 1 17
number of protected paths set: 15
needed_slices: 36
paths: {1 1 5 5}
slices required:
{2 2 2 2}
slices start:
{0 7 33 35}
tuples:
{12 12 12 12}
dist: 417
dist: 417
dist: 557
dist: 557

vlink src/dst: 7 12
number of protected paths set: 15
needed_slices: 60
paths: {0 0 0 7 7 7}
slices required:
{2 2 2 2 2 2}
slices start:
{50 52 54 9 13 15}
tuples:
{12 12 12 12 12 12}
dist: 475
dist: 475
dist: 475
dist: 620
dist: 620
dist: 620

vlink src/dst: 8 12
number of protected paths set: 15
needed_slices: 56
paths: {0 0 12 12 13}
slices required:
{2 4 2 2 2}
slices start:
{19 56 18 20 22}
tuples:
{12 34 12 12 12}
dist: 305
dist: 305
dist: 534
dist: 534
dist: 541

vlink src/dst: 8 19
number of protected paths set: 15
needed_slices: 8
paths: {0 1}
slices required:
{2 2}
slices start:
{0 26}
tuples:
{20 20}
dist: 115
dist: 193

vlink src/dst: 8 15
number of protected paths set: 15
needed_slices: 66
paths: {0 0 13 13 13}
slices required:
{2 3 2 2 2}
slices start:
{41 50 31 33 35}
tuples:
{12 27 12 12 12}
dist: 307
dist: 307
dist: 599
dist: 599
dist: 599

vlink src/dst: 15 18
number of protected paths set: 15
needed_slices: 80
paths: {1 1 11 11 16 16}
slices required:
{2 2 2 2 2 2}
slices start:
{28 37 25 46 0 2}
tuples:
{12 12 12 12 12 12}
dist: 416
dist: 416
dist: 574
dist: 574
dist: 687
dist: 687

vlink src/dst: 8 11
number of protected paths set: 3
needed_slices: 20
paths: {2 4}
slices required:
{2 2}
slices start:
{39 53}
tuples:
{12 12}
dist: 305
dist: 318

vlink src/dst: 11 16
number of protected paths set: 3
needed_slices: 16
paths: {1 3}
slices required:
{2 2}
slices start:
{13 8}
tuples:
{20 12}
dist: 235
dist: 309

vlink src/dst: 14 16
number of protected paths set: 15
needed_slices: 40
paths: {0 0 2 2}
slices required:
{2 3 2 3}
slices start:
{15 55 10 60}
tuples:
{20 27 20 27}
dist: 218
dist: 218
dist: 281
dist: 281

vlink src/dst: 16 19
number of protected paths set: 15
needed_slices: 8
paths: {0 1}
slices required:
{2 2}
slices start:
{39 2}
tuples:
{20 20}
dist: 125
dist: 142

vlink src/dst: 4 7
number of protected paths set: 15
needed_slices: 33
paths: {0 6}
slices required:
{2 3}
slices start:
{60 17}
tuples:
{12 11}
dist: 709
dist: 826

vlink src/dst: 11 17
number of protected paths set: 3
needed_slices: 47
paths: {0 13 13}
slices required:
{3 2 2}
slices start:
{13 56 58}
tuples:
{18 12 12}
dist: 449
dist: 654
dist: 654

vlink src/dst: 3 16
number of protected paths set: 15
needed_slices: 32
paths: {0 0 3 3}
slices required:
{2 2 2 2}
slices start:
{68 70 21 23}
tuples:
{20 20 12 12}
dist: 295
dist: 295
dist: 486
dist: 486

vlink src/dst: 1 9
number of protected paths set: 15
needed_slices: 31
paths: {0 0 1 1}
slices required:
{2 2 2 3}
slices start:
{37 39 9 11}
tuples:
{20 20 12 27}
dist: 296
dist: 296
dist: 312
dist: 312

vlink src/dst: 1 13
number of protected paths set: 3
needed_slices: 40
paths: {0 15}
slices required:
{2 3}
slices start:
{14 75}
tuples:
{12 11}
dist: 707
dist: 846

vlink src/dst: 3 6
number of protected paths set: 15
needed_slices: 28
paths: {0 4}
slices required:
{2 2}
slices start:
{31 72}
tuples:
{12 12}
dist: 542
dist: 642

vlink src/dst: 15 19
number of protected paths set: 15
needed_slices: 48
paths: {1 1 5 5 5}
slices required:
{2 2 2 2 2}
slices start:
{2 11 41 43 48}
tuples:
{20 20 12 12 12}
dist: 266
dist: 266
dist: 406
dist: 406
dist: 406

vlink src/dst: 4 14
number of protected paths set: 15
needed_slices: 52
paths: {0 0 13 13}
slices required:
{2 2 2 2}
slices start:
{50 62 4 6}
tuples:
{12 12 12 12}
dist: 599
dist: 599
dist: 734
dist: 734

vlink src/dst: 6 14
number of protected paths set: 15
needed_slices: 45
paths: {0 0 1 1}
slices required:
{2 3 2 3}
slices start:
{8 10 26 45}
tuples:
{12 18 12 18}
dist: 422
dist: 422
dist: 433
dist: 433

vlink src/dst: 7 17
number of protected paths set: 15
needed_slices: 14
paths: {0 3}
slices required:
{2 2}
slices start:
{0 31}
tuples:
{12 12}
dist: 409
dist: 463

vlink src/dst: 2 16
number of protected paths set: 3
needed_slices: 33
paths: {0 4}
slices required:
{3 3}
slices start:
{31 8}
tuples:
{17 17}
dist: 528
dist: 577

vlink src/dst: 9 17
number of protected paths set: 15
needed_slices: 42
paths: {0 0 11 11 11}
slices required:
{2 2 2 2 2}
slices start:
{20 22 20 22 24}
tuples:
{20 20 12 12 12}
dist: 293
dist: 293
dist: 628
dist: 628
dist: 628

vlink src/dst: 4 11
number of protected paths set: 3
needed_slices: 30
paths: {0 18}
slices required:
{2 2}
slices start:
{16 15}
tuples:
{12 12}
dist: 483
dist: 710

vlink src/dst: 3 12
number of protected paths set: 15
needed_slices: 14
paths: {0 4}
slices required:
{2 2}
slices start:
{25 37}
tuples:
{12 12}
dist: 343
dist: 512

vlink src/dst: 2 3
number of protected paths set: 3
needed_slices: 52
paths: {5 5 6 6}
slices required:
{2 2 2 2}
slices start:
{33 35 2 8}
tuples:
{12 12 12 12}
dist: 699
dist: 699
dist: 730
dist: 730

vlink src/dst: 4 12
number of protected paths set: 15
needed_slices: 30
paths: {0 0 0 2 2}
slices required:
{2 2 2 3 3}
slices start:
{0 2 4 4 20}
tuples:
{20 20 20 27 27}
dist: 234
dist: 234
dist: 234
dist: 358
dist: 358

vlink src/dst: 3 13
number of protected paths set: 3
needed_slices: 24
paths: {1 3}
slices required:
{3 3}
slices start:
{4 27}
tuples:
{17 17}
dist: 538
dist: 570
29 second(s) taken for solution
32 second(s) taken in total
cost = 1883

