
3 second(s) taken for initialization

vlink src/dst: 10 19
number of protected paths set: 3
needed_slices: 19
paths: {0 0 1 1}
slices required:
{2 2 2 3}
slices start:
{0 2 0 2}
tuples:
{29 29 12 27}
dist: 67
dist: 67
dist: 383
dist: 383

vlink src/dst: 10 12
number of protected paths set: 3
needed_slices: 59
paths: {0 0 0 3 3 3}
slices required:
{2 2 2 2 2 3}
slices start:
{5 7 9 5 7 9}
tuples:
{20 20 20 12 12 18}
dist: 253
dist: 253
dist: 253
dist: 422
dist: 422
dist: 422

vlink src/dst: 1 19
number of protected paths set: 3
needed_slices: 8
paths: {0 1}
slices required:
{2 2}
slices start:
{11 12}
tuples:
{20 20}
dist: 206
dist: 243

vlink src/dst: 17 19
number of protected paths set: 3
needed_slices: 42
paths: {0 0 4 4 4}
slices required:
{2 2 2 2 2}
slices start:
{13 15 14 16 18}
tuples:
{20 20 12 12 12}
dist: 256
dist: 256
dist: 601
dist: 601
dist: 601

vlink src/dst: 9 10
number of protected paths set: 15
needed_slices: 41
paths: {0 0 4 4}
slices required:
{2 2 2 3}
slices start:
{20 22 20 22}
tuples:
{20 20 12 18}
dist: 266
dist: 266
dist: 459
dist: 459

vlink src/dst: 12 17
number of protected paths set: 3
needed_slices: 46
paths: {0 1 2 5}
slices required:
{2 3 3 3}
slices start:
{0 2 2 25}
tuples:
{20 27 27 18}
dist: 176
dist: 316
dist: 344
dist: 486

vlink src/dst: 9 16
number of protected paths set: 15
needed_slices: 60
paths: {0 0 2 2}
slices required:
{2 3 2 3}
slices start:
{28 30 0 12}
tuples:
{12 18 12 18}
dist: 420
dist: 420
dist: 464
dist: 464

vlink src/dst: 11 17
number of protected paths set: 3
needed_slices: 22
paths: {2 16}
slices required:
{2 2}
slices start:
{0 33}
tuples:
{12 12}
dist: 516
dist: 738

vlink src/dst: 16 18
number of protected paths set: 15
needed_slices: 39
paths: {0 4}
slices required:
{3 3}
slices start:
{35 15}
tuples:
{18 17}
dist: 457
dist: 521

vlink src/dst: 13 18
number of protected paths set: 15
needed_slices: 24
paths: {2 11}
slices required:
{2 2}
slices start:
{18 38}
tuples:
{12 12}
dist: 415
dist: 524

vlink src/dst: 0 10
number of protected paths set: 15
needed_slices: 24
paths: {0 4}
slices required:
{2 2}
slices start:
{40 25}
tuples:
{12 12}
dist: 487
dist: 579

vlink src/dst: 17 18
number of protected paths set: 3
needed_slices: 14
paths: {0 4}
slices required:
{2 2}
slices start:
{5 11}
tuples:
{20 12}
dist: 226
dist: 414

vlink src/dst: 8 16
number of protected paths set: 15
needed_slices: 26
paths: {0 3}
slices required:
{2 2}
slices start:
{42 2}
tuples:
{12 12}
dist: 520
dist: 540

vlink src/dst: 3 17
number of protected paths set: 3
needed_slices: 23
paths: {0 13}
slices required:
{2 3}
slices start:
{28 28}
tuples:
{20 17}
dist: 246
dist: 538

vlink src/dst: 11 12
number of protected paths set: 3
needed_slices: 67
paths: {0 0 10 10 10}
slices required:
{2 3 2 2 2}
slices start:
{44 46 30 35 37}
tuples:
{12 27 12 12 12}
dist: 377
dist: 377
dist: 609
dist: 609
dist: 609

vlink src/dst: 4 17
number of protected paths set: 3
needed_slices: 84
paths: {1 1 1 15 15 15}
slices required:
{2 2 2 2 2 2}
slices start:
{7 9 11 49 51 53}
tuples:
{12 12 12 12 12 12}
dist: 483
dist: 483
dist: 483
dist: 655
dist: 655
dist: 655

vlink src/dst: 12 18
number of protected paths set: 3
needed_slices: 20
paths: {0 0 2 2}
slices required:
{2 2 2 2}
slices start:
{13 15 32 39}
tuples:
{20 20 20 20}
dist: 156
dist: 156
dist: 186
dist: 186

vlink src/dst: 5 17
number of protected paths set: 3
needed_slices: 32
paths: {3 17}
slices required:
{2 2}
slices start:
{41 5}
tuples:
{12 6}
dist: 788
dist: 880

vlink src/dst: 2 10
number of protected paths set: 15
needed_slices: 20
paths: {0 3}
slices required:
{2 2}
slices start:
{31 55}
tuples:
{12 12}
dist: 334
dist: 423

vlink src/dst: 8 11
number of protected paths set: 15
needed_slices: 26
paths: {0 12}
slices required:
{2 2}
slices start:
{57 0}
tuples:
{12 12}
dist: 490
dist: 707

vlink src/dst: 2 13
number of protected paths set: 15
needed_slices: 16
paths: {0 7}
slices required:
{2 2}
slices start:
{33 2}
tuples:
{20 12}
dist: 239
dist: 543

vlink src/dst: 3 16
number of protected paths set: 15
needed_slices: 24
paths: {0 2}
slices required:
{2 2}
slices start:
{35 59}
tuples:
{12 12}
dist: 351
dist: 485

vlink src/dst: 1 8
number of protected paths set: 15
needed_slices: 16
paths: {0 1}
slices required:
{2 2}
slices start:
{61 37}
tuples:
{12 12}
dist: 355
dist: 360

vlink src/dst: 12 15
number of protected paths set: 3
needed_slices: 60
paths: {2 2 7 7}
slices required:
{2 3 2 3}
slices start:
{43 45 17 33}
tuples:
{12 27 12 18}
dist: 369
dist: 369
dist: 430
dist: 430

vlink src/dst: 2 18
number of protected paths set: 15
needed_slices: 16
paths: {0 2}
slices required:
{2 2}
slices start:
{48 4}
tuples:
{20 20}
dist: 213
dist: 285

vlink src/dst: 9 14
number of protected paths set: 15
needed_slices: 80
paths: {0 0 0 6 7 7}
slices required:
{2 2 3 2 2 2}
slices start:
{50 52 61 63 65 67}
tuples:
{12 12 17 12 12 12}
dist: 560
dist: 560
dist: 560
dist: 594
dist: 600
dist: 600

vlink src/dst: 3 13
number of protected paths set: 15
needed_slices: 22
paths: {0 9}
slices required:
{2 2}
slices start:
{39 69}
tuples:
{20 12}
dist: 252
dist: 546

vlink src/dst: 10 11
number of protected paths set: 15
needed_slices: 14
paths: {0 5}
slices required:
{2 2}
slices start:
{4 27}
tuples:
{20 12}
dist: 271
dist: 598

vlink src/dst: 1 7
number of protected paths set: 3
needed_slices: 20
paths: {1 10}
slices required:
{2 2}
slices start:
{43 7}
tuples:
{12 12}
dist: 373
dist: 474

vlink src/dst: 7 18
number of protected paths set: 3
needed_slices: 18
paths: {1 3}
slices required:
{2 2}
slices start:
{0 0}
tuples:
{20 12}
dist: 275
dist: 336

vlink src/dst: 4 9
number of protected paths set: 15
needed_slices: 40
paths: {0 0 1 1}
slices required:
{2 2 2 3}
slices start:
{2 4 2 20}
tuples:
{20 20 12 27}
dist: 293
dist: 293
dist: 317
dist: 317

vlink src/dst: 7 9
number of protected paths set: 3
needed_slices: 18
paths: {0 8}
slices required:
{2 2}
slices start:
{6 13}
tuples:
{20 12}
dist: 219
dist: 393

vlink src/dst: 3 8
number of protected paths set: 15
needed_slices: 30
paths: {0 0 1 1}
slices required:
{2 3 2 3}
slices start:
{6 8 64 66}
tuples:
{20 28 20 27}
dist: 183
dist: 183
dist: 230
dist: 230

vlink src/dst: 4 18
number of protected paths set: 15
needed_slices: 42
paths: {0 0 7 7}
slices required:
{2 2 2 3}
slices start:
{15 17 9 23}
tuples:
{20 20 12 27}
dist: 257
dist: 257
dist: 390
dist: 390

vlink src/dst: 2 8
number of protected paths set: 15
needed_slices: 40
paths: {0 0 2 2}
slices required:
{2 3 2 3}
slices start:
{11 13 71 73}
tuples:
{20 27 20 27}
dist: 218
dist: 218
dist: 281
dist: 281

vlink src/dst: 2 7
number of protected paths set: 3
needed_slices: 16
paths: {1 3}
slices required:
{2 2}
slices start:
{19 11}
tuples:
{20 12}
dist: 235
dist: 309

vlink src/dst: 9 15
number of protected paths set: 15
needed_slices: 60
paths: {2 2 3 3}
slices required:
{3 3 3 3}
slices start:
{76 79 26 29}
tuples:
{27 27 27 27}
dist: 344
dist: 344
dist: 371
dist: 371

vlink src/dst: 3 7
number of protected paths set: 3
needed_slices: 48
paths: {0 0 0 1 1 1}
slices required:
{2 2 2 2 2 2}
slices start:
{11 13 15 21 26 28}
tuples:
{20 20 20 20 20 20}
dist: 200
dist: 200
dist: 200
dist: 249
dist: 249
dist: 249

vlink src/dst: 11 15
number of protected paths set: 15
needed_slices: 24
paths: {0 4}
slices required:
{2 2}
slices start:
{41 7}
tuples:
{12 12}
dist: 482
dist: 552

vlink src/dst: 1 15
number of protected paths set: 15
needed_slices: 54
paths: {2 2 2 7 7 7}
slices required:
{2 2 2 2 2 2}
slices start:
{48 50 52 9 13 15}
tuples:
{12 12 12 12 12 12}
dist: 409
dist: 409
dist: 409
dist: 466
dist: 466
dist: 466

vlink src/dst: 0 15
number of protected paths set: 15
needed_slices: 40
paths: {1 1 8 8}
slices required:
{2 2 2 3}
slices start:
{30 36 4 23}
tuples:
{20 20 12 18}
dist: 207
dist: 207
dist: 443
dist: 443

vlink src/dst: 5 8
number of protected paths set: 15
needed_slices: 46
paths: {0 12 17}
slices required:
{2 2 2}
slices start:
{21 82 26}
tuples:
{12 12 6}
dist: 609
dist: 747
dist: 858

vlink src/dst: 2 15
number of protected paths set: 15
needed_slices: 12
paths: {1 2}
slices required:
{2 2}
slices start:
{2 4}
tuples:
{20 12}
dist: 249
dist: 301

vlink src/dst: 6 7
number of protected paths set: 3
needed_slices: 48
paths: {0 0 19 19}
slices required:
{2 2 2 2}
slices start:
{17 19 38 40}
tuples:
{12 12 12 12}
dist: 417
dist: 417
dist: 632
dist: 632

vlink src/dst: 7 15
number of protected paths set: 3
needed_slices: 16
paths: {0 3}
slices required:
{2 2}
slices start:
{38 55}
tuples:
{20 12}
dist: 111
dist: 373

vlink src/dst: 2 14
number of protected paths set: 15
needed_slices: 48
paths: {0 0 0 7 7 7}
slices required:
{2 2 2 2 2 2}
slices start:
{21 23 25 45 54 56}
tuples:
{12 12 12 12 12 12}
dist: 403
dist: 403
dist: 403
dist: 505
dist: 505
dist: 505

vlink src/dst: 4 5
number of protected paths set: 15
needed_slices: 41
paths: {2 8 8}
slices required:
{3 2 2}
slices start:
{57 0 2}
tuples:
{17 12 12}
dist: 563
dist: 604
dist: 604

vlink src/dst: 5 13
number of protected paths set: 15
needed_slices: 18
paths: {1 3}
slices required:
{2 2}
slices start:
{9 21}
tuples:
{12 12}
dist: 543
dist: 597

vlink src/dst: 5 7
number of protected paths set: 3
needed_slices: 28
paths: {2 15}
slices required:
{2 2}
slices start:
{60 57}
tuples:
{12 12}
dist: 547
dist: 633

vlink src/dst: 10 16
number of protected paths set: 15
needed_slices: 10
paths: {0 3}
slices required:
{2 2}
slices start:
{0 29}
tuples:
{20 12}
dist: 154
dist: 355
36 second(s) taken for solution
39 second(s) taken in total
cost = 1661

