
11 second(s) taken for initialization

vlink src/dst: 16 17
number of protected paths set: 3
needed_slices: 16
paths: {0 3}
slices required:
{2 3}
slices start:
{0 0}
tuples:
{20 18}
dist: 151
dist: 435

vlink src/dst: 3 16
number of protected paths set: 3
needed_slices: 42
paths: {0 0 1 1}
slices required:
{3 3 3 3}
slices start:
{3 6 3 6}
tuples:
{27 27 27 27}
dist: 335
dist: 335
dist: 384
dist: 384

vlink src/dst: 0 19
number of protected paths set: 3
needed_slices: 22
paths: {0 14}
slices required:
{2 2}
slices start:
{9 0}
tuples:
{12 12}
dist: 360
dist: 738

vlink src/dst: 1 16
number of protected paths set: 3
needed_slices: 66
paths: {0 0 17 17 17}
slices required:
{2 3 2 2 2}
slices start:
{11 13 9 11 13}
tuples:
{12 27 12 12 12}
dist: 360
dist: 360
dist: 723
dist: 723
dist: 723

vlink src/dst: 6 16
number of protected paths set: 3
needed_slices: 54
paths: {1 16 16}
slices required:
{3 2 2}
slices start:
{16 15 17}
tuples:
{17 6 6}
dist: 547
dist: 842
dist: 842

vlink src/dst: 16 18
number of protected paths set: 3
needed_slices: 144
paths: {8 8 8 8 16 16 16 16}
slices required:
{2 2 2 2 2 2 2 2}
slices start:
{19 21 23 25 19 21 23 25}
tuples:
{6 6 6 6 6 6 6 6}
dist: 897
dist: 897
dist: 897
dist: 897
dist: 1035
dist: 1035
dist: 1035
dist: 1035

vlink src/dst: 2 19
number of protected paths set: 15
needed_slices: 60
paths: {2 2 2 7 7 7}
slices required:
{2 2 2 2 2 2}
slices start:
{2 4 6 27 29 31}
tuples:
{12 12 12 12 12 12}
dist: 479
dist: 479
dist: 479
dist: 507
dist: 507
dist: 507

vlink src/dst: 0 2
number of protected paths set: 3
needed_slices: 6
paths: {0 1}
slices required:
{2 2}
slices start:
{2 0}
tuples:
{20 12}
dist: 252
dist: 315

vlink src/dst: 0 17
number of protected paths set: 3
needed_slices: 18
paths: {0 5}
slices required:
{2 2}
slices start:
{33 8}
tuples:
{20 12}
dist: 227
dist: 539

vlink src/dst: 1 17
number of protected paths set: 15
needed_slices: 30
paths: {0 0 2 2}
slices required:
{2 3 2 3}
slices start:
{0 2 16 18}
tuples:
{20 27 20 27}
dist: 220
dist: 220
dist: 293
dist: 293

vlink src/dst: 2 14
number of protected paths set: 15
needed_slices: 24
paths: {4 7}
slices required:
{2 2}
slices start:
{10 35}
tuples:
{12 12}
dist: 581
dist: 634

vlink src/dst: 0 8
number of protected paths set: 3
needed_slices: 66
paths: {1 1 1 5 5 5}
slices required:
{2 2 2 2 2 2}
slices start:
{21 23 25 21 23 25}
tuples:
{12 12 12 12 12 12}
dist: 462
dist: 462
dist: 462
dist: 521
dist: 521
dist: 521

vlink src/dst: 0 4
number of protected paths set: 3
needed_slices: 72
paths: {0 0 1 3 6 6}
slices required:
{2 2 2 2 2 2}
slices start:
{27 29 37 31 12 14}
tuples:
{12 12 12 12 12 12}
dist: 482
dist: 482
dist: 497
dist: 540
dist: 561
dist: 561

vlink src/dst: 1 2
number of protected paths set: 15
needed_slices: 35
paths: {0 0 2 2}
slices required:
{2 3 2 3}
slices start:
{33 35 0 2}
tuples:
{20 28 20 27}
dist: 152
dist: 152
dist: 280
dist: 280

vlink src/dst: 13 17
number of protected paths set: 15
needed_slices: 22
paths: {0 3}
slices required:
{2 2}
slices start:
{0 5}
tuples:
{12 12}
dist: 489
dist: 520

vlink src/dst: 1 14
number of protected paths set: 15
needed_slices: 18
paths: {0 3}
slices required:
{2 2}
slices start:
{19 0}
tuples:
{12 12}
dist: 472
dist: 527

vlink src/dst: 3 11
number of protected paths set: 15
needed_slices: 30
paths: {0 0 1 1}
slices required:
{2 3 2 3}
slices start:
{11 13 15 27}
tuples:
{12 27 12 27}
dist: 320
dist: 320
dist: 377
dist: 377

vlink src/dst: 3 17
number of protected paths set: 15
needed_slices: 25
paths: {0 0 1 1}
slices required:
{2 3 2 3}
slices start:
{16 18 2 4}
tuples:
{20 27 20 27}
dist: 229
dist: 229
dist: 292
dist: 292

vlink src/dst: 12 17
number of protected paths set: 3
needed_slices: 78
paths: {3 3 3 4 4 4}
slices required:
{2 2 2 2 2 2}
slices start:
{7 21 23 7 9 27}
tuples:
{12 12 12 12 12 12}
dist: 595
dist: 595
dist: 595
dist: 605
dist: 605
dist: 605

vlink src/dst: 5 6
number of protected paths set: 3
needed_slices: 90
paths: {3 3 3 5 5 5}
slices required:
{2 2 2 2 2 2}
slices start:
{25 33 35 30 32 39}
tuples:
{12 12 12 12 12 12}
dist: 773
dist: 773
dist: 773
dist: 780
dist: 780
dist: 780

vlink src/dst: 5 11
number of protected paths set: 3
needed_slices: 16
paths: {0 2}
slices required:
{2 2}
slices start:
{37 17}
tuples:
{12 12}
dist: 461
dist: 521

vlink src/dst: 11 12
number of protected paths set: 3
needed_slices: 70
paths: {6 6 10 10}
slices required:
{2 3 2 3}
slices start:
{38 40 37 39}
tuples:
{12 17 12 17}
dist: 566
dist: 566
dist: 594
dist: 594

vlink src/dst: 6 14
number of protected paths set: 15
needed_slices: 26
paths: {1 7}
slices required:
{2 2}
slices start:
{41 2}
tuples:
{12 12}
dist: 606
dist: 663

vlink src/dst: 3 4
number of protected paths set: 15
needed_slices: 18
paths: {1 9}
slices required:
{2 2}
slices start:
{43 12}
tuples:
{12 12}
dist: 457
dist: 606

vlink src/dst: 14 17
number of protected paths set: 15
needed_slices: 12
paths: {0 2}
slices required:
{2 2}
slices start:
{11 21}
tuples:
{20 12}
dist: 258
dist: 405

vlink src/dst: 4 8
number of protected paths set: 15
needed_slices: 10
paths: {0 1 2}
slices required:
{2 2 2}
slices start:
{0 0 2}
tuples:
{29 20 20}
dist: 72
dist: 137
dist: 189

vlink src/dst: 2 13
number of protected paths set: 15
needed_slices: 36
paths: {1 8}
slices required:
{3 3}
slices start:
{9 43}
tuples:
{18 17}
dist: 418
dist: 508

vlink src/dst: 3 12
number of protected paths set: 3
needed_slices: 104
paths: {0 0 0 0 11 11 11 11}
slices required:
{2 2 2 2 2 2 2 2}
slices start:
{17 30 32 34 46 48 50 52}
tuples:
{12 12 12 12 12 12 12 12}
dist: 719
dist: 719
dist: 719
dist: 719
dist: 793
dist: 793
dist: 793
dist: 793

vlink src/dst: 1 7
number of protected paths set: 15
needed_slices: 30
paths: {2 3}
slices required:
{3 3}
slices start:
{2 2}
tuples:
{18 18}
dist: 467
dist: 497

vlink src/dst: 4 14
number of protected paths set: 15
needed_slices: 16
paths: {0 2}
slices required:
{2 2}
slices start:
{54 5}
tuples:
{12 12}
dist: 414
dist: 494

vlink src/dst: 1 9
number of protected paths set: 15
needed_slices: 16
paths: {0 1}
slices required:
{2 2}
slices start:
{5 9}
tuples:
{20 20}
dist: 231
dist: 245

vlink src/dst: 8 13
number of protected paths set: 15
needed_slices: 16
paths: {1 2}
slices required:
{2 2}
slices start:
{12 14}
tuples:
{20 20}
dist: 281
dist: 294

vlink src/dst: 4 6
number of protected paths set: 15
needed_slices: 32
paths: {0 0 6 6}
slices required:
{2 2 2 3}
slices start:
{2 7 19 46}
tuples:
{20 20 12 27}
dist: 192
dist: 192
dist: 321
dist: 321

vlink src/dst: 8 9
number of protected paths set: 15
needed_slices: 40
paths: {0 0 3 8}
slices required:
{2 2 3 3}
slices start:
{9 21 49 54}
tuples:
{20 20 27 27}
dist: 173
dist: 173
dist: 304
dist: 353

vlink src/dst: 6 9
number of protected paths set: 15
needed_slices: 6
paths: {0 1}
slices required:
{2 2}
slices start:
{0 0}
tuples:
{29 20}
dist: 66
dist: 161

vlink src/dst: 6 8
number of protected paths set: 15
needed_slices: 12
paths: {0 1}
slices required:
{2 2}
slices start:
{23 11}
tuples:
{20 20}
dist: 157
dist: 237

vlink src/dst: 7 8
number of protected paths set: 15
needed_slices: 16
paths: {0 2}
slices required:
{2 2}
slices start:
{5 16}
tuples:
{12 12}
dist: 348
dist: 438

vlink src/dst: 5 17
number of protected paths set: 3
needed_slices: 21
paths: {0 2}
slices required:
{3 3}
slices start:
{39 43}
tuples:
{27 18}
dist: 370
dist: 436

vlink src/dst: 5 14
number of protected paths set: 3
needed_slices: 8
paths: {0 1}
slices required:
{2 3}
slices start:
{0 0}
tuples:
{20 27}
dist: 174
dist: 316

vlink src/dst: 15 19
number of protected paths set: 15
needed_slices: 60
paths: {1 1 1 4 4 4}
slices required:
{2 2 2 2 2 2}
slices start:
{0 9 54 34 57 59}
tuples:
{12 12 12 12 12 12}
dist: 521
dist: 521
dist: 521
dist: 590
dist: 590
dist: 590

vlink src/dst: 4 13
number of protected paths set: 15
needed_slices: 14
paths: {0 1}
slices required:
{2 2}
slices start:
{61 19}
tuples:
{20 20}
dist: 219
dist: 271

vlink src/dst: 4 15
number of protected paths set: 15
needed_slices: 36
paths: {0 0 1 1 1}
slices required:
{2 2 2 2 2}
slices start:
{29 31 61 63 65}
tuples:
{20 20 12 12 12}
dist: 223
dist: 223
dist: 469
dist: 469
dist: 469

vlink src/dst: 5 19
number of protected paths set: 3
needed_slices: 12
paths: {0 6}
slices required:
{2 2}
slices start:
{23 27}
tuples:
{20 12}
dist: 237
dist: 556

vlink src/dst: 10 19
number of protected paths set: 15
needed_slices: 21
paths: {0 1}
slices required:
{3 3}
slices start:
{61 29}
tuples:
{18 18}
dist: 425
dist: 439

vlink src/dst: 3 7
number of protected paths set: 15
needed_slices: 14
paths: {0 8}
slices required:
{2 2}
slices start:
{3 7}
tuples:
{12 12}
dist: 399
dist: 563

vlink src/dst: 5 18
number of protected paths set: 3
needed_slices: 36
paths: {0 17}
slices required:
{2 3}
slices start:
{12 42}
tuples:
{12 10}
dist: 754
dist: 1036

vlink src/dst: 5 15
number of protected paths set: 3
needed_slices: 52
paths: {1 1 1 3 6 6}
slices required:
{2 2 3 2 2 2}
slices start:
{5 9 19 45 14 16}
tuples:
{12 12 17 12 12 12}
dist: 538
dist: 538
dist: 538
dist: 570
dist: 628
dist: 628

vlink src/dst: 12 15
number of protected paths set: 3
needed_slices: 64
paths: {0 0 10 10 10 10}
slices required:
{3 3 2 2 2 2}
slices start:
{54 61 27 36 47 49}
tuples:
{27 27 12 12 12 12}
dist: 338
dist: 338
dist: 631
dist: 631
dist: 631
dist: 631

vlink src/dst: 10 12
number of protected paths set: 3
needed_slices: 50
paths: {0 0 2 2}
slices required:
{2 3 2 3}
slices start:
{0 64 9 51}
tuples:
{12 17 12 17}
dist: 535
dist: 535
dist: 551
dist: 551

vlink src/dst: 10 18
number of protected paths set: 3
needed_slices: 65
paths: {0 0 0 11 15 15}
slices required:
{2 2 3 2 2 2}
slices start:
{14 27 36 14 7 38}
tuples:
{12 12 18 12 12 12}
dist: 463
dist: 463
dist: 463
dist: 720
dist: 729
dist: 729
38 second(s) taken for solution
49 second(s) taken in total
cost = 1847

