
26 second(s) taken for initialization

vlink src/dst: 5 17
number of protected paths set: 3
needed_slices: 18
paths: {0 5}
slices required:
{2 2}
slices start:
{0 0}
tuples:
{20 12}
dist: 227
dist: 539

vlink src/dst: 3 17
number of protected paths set: 3
needed_slices: 36
paths: {0 6}
slices required:
{3 3}
slices start:
{2 2}
tuples:
{18 17}
dist: 460
dist: 551

vlink src/dst: 6 17
number of protected paths set: 3
needed_slices: 28
paths: {3 13}
slices required:
{2 2}
slices start:
{5 5}
tuples:
{12 12}
dist: 622
dist: 685

vlink src/dst: 5 16
number of protected paths set: 15
needed_slices: 8
paths: {0 1}
slices required:
{2 2}
slices start:
{2 5}
tuples:
{20 20}
dist: 142
dist: 210

vlink src/dst: 7 16
number of protected paths set: 15
needed_slices: 54
paths: {0 0 0 1 1 1}
slices required:
{2 2 2 2 2 2}
slices start:
{0 5 7 7 9 11}
tuples:
{12 12 12 12 12 12}
dist: 422
dist: 422
dist: 422
dist: 433
dist: 433
dist: 433

vlink src/dst: 14 16
number of protected paths set: 15
needed_slices: 66
paths: {0 0 0 2 2 2}
slices required:
{2 2 2 2 2 2}
slices start:
{9 11 13 13 15 17}
tuples:
{12 12 12 12 12 12}
dist: 485
dist: 485
dist: 485
dist: 506
dist: 506
dist: 506

vlink src/dst: 7 12
number of protected paths set: 15
needed_slices: 46
paths: {0 12 12}
slices required:
{3 2 2}
slices start:
{0 15 17}
tuples:
{17 12 12}
dist: 599
dist: 734
dist: 734

vlink src/dst: 5 7
number of protected paths set: 15
needed_slices: 55
paths: {0 0 7 7}
slices required:
{2 3 2 3}
slices start:
{3 19 19 21}
tuples:
{12 27 12 18}
dist: 380
dist: 380
dist: 488
dist: 488

vlink src/dst: 11 16
number of protected paths set: 15
needed_slices: 24
paths: {0 1}
slices required:
{3 3}
slices start:
{7 24}
tuples:
{27 27}
dist: 327
dist: 338

vlink src/dst: 9 16
number of protected paths set: 15
needed_slices: 27
paths: {0 0 1 1}
slices required:
{2 2 2 3}
slices start:
{27 29 2 24}
tuples:
{20 20 12 27}
dist: 190
dist: 190
dist: 306
dist: 306

vlink src/dst: 3 16
number of protected paths set: 15
needed_slices: 24
paths: {0 12}
slices required:
{2 2}
slices start:
{31 27}
tuples:
{12 12}
dist: 375
dist: 508

vlink src/dst: 0 9
number of protected paths set: 15
needed_slices: 8
paths: {0 1}
slices required:
{2 2}
slices start:
{5 22}
tuples:
{20 20}
dist: 114
dist: 208

vlink src/dst: 10 16
number of protected paths set: 15
needed_slices: 76
paths: {1 1 2 2 2 4}
slices required:
{2 2 2 2 3 2}
slices start:
{33 35 10 12 19 37}
tuples:
{12 12 12 12 18 12}
dist: 447
dist: 447
dist: 483
dist: 483
dist: 483
dist: 540

vlink src/dst: 12 16
number of protected paths set: 15
needed_slices: 16
paths: {0 2}
slices required:
{2 2}
slices start:
{22 39}
tuples:
{12 12}
dist: 305
dist: 431

vlink src/dst: 8 16
number of protected paths set: 3
needed_slices: 133
paths: {3 3 3 9 9 9}
slices required:
{2 2 3 2 2 3}
slices start:
{24 26 28 41 43 45}
tuples:
{6 6 11 6 6 11}
dist: 808
dist: 808
dist: 808
dist: 873
dist: 873
dist: 873

vlink src/dst: 5 11
number of protected paths set: 15
needed_slices: 28
paths: {0 0 2 2}
slices required:
{2 2 2 3}
slices start:
{0 2 48 50}
tuples:
{20 20 12 27}
dist: 185
dist: 185
dist: 356
dist: 356

vlink src/dst: 1 2
number of protected paths set: 15
needed_slices: 22
paths: {0 7}
slices required:
{2 2}
slices start:
{5 0}
tuples:
{12 12}
dist: 539
dist: 610

vlink src/dst: 4 12
number of protected paths set: 15
needed_slices: 84
paths: {1 1 1 15 15 15}
slices required:
{2 2 2 2 2 2}
slices start:
{10 12 14 24 26 28}
tuples:
{12 12 12 12 12 12}
dist: 621
dist: 621
dist: 621
dist: 755
dist: 755
dist: 755

vlink src/dst: 9 11
number of protected paths set: 15
needed_slices: 8
paths: {0 1}
slices required:
{2 2}
slices start:
{0 19}
tuples:
{20 20}
dist: 144
dist: 240

vlink src/dst: 12 18
number of protected paths set: 15
needed_slices: 104
paths: {0 4 4 13 13 15}
slices required:
{2 2 2 2 2 3}
slices start:
{16 30 32 22 33 35}
tuples:
{12 12 12 12 12 11}
dist: 637
dist: 681
dist: 681
dist: 767
dist: 767
dist: 822

vlink src/dst: 0 3
number of protected paths set: 15
needed_slices: 37
paths: {1 1 2 2}
slices required:
{2 2 2 3}
slices start:
{38 40 39 53}
tuples:
{20 20 12 27}
dist: 286
dist: 286
dist: 304
dist: 304

vlink src/dst: 5 18
number of protected paths set: 15
needed_slices: 24
paths: {2 3}
slices required:
{2 2}
slices start:
{42 31}
tuples:
{12 12}
dist: 467
dist: 478

vlink src/dst: 1 16
number of protected paths set: 15
needed_slices: 55
paths: {0 0 10 10 10}
slices required:
{2 3 2 2 2}
slices start:
{35 37 53 55 57}
tuples:
{12 27 12 12 12}
dist: 400
dist: 400
dist: 615
dist: 615
dist: 615

vlink src/dst: 1 15
number of protected paths set: 15
needed_slices: 54
paths: {0 0 0 3 3 3}
slices required:
{2 2 2 2 2 2}
slices start:
{7 14 16 7 24 26}
tuples:
{12 12 12 12 12 12}
dist: 472
dist: 472
dist: 472
dist: 527
dist: 527
dist: 527

vlink src/dst: 6 12
number of protected paths set: 15
needed_slices: 20
paths: {0 4}
slices required:
{2 2}
slices start:
{18 2}
tuples:
{12 12}
dist: 535
dist: 641

vlink src/dst: 9 10
number of protected paths set: 15
needed_slices: 14
paths: {0 3}
slices required:
{2 2}
slices start:
{2 0}
tuples:
{20 12}
dist: 257
dist: 453

vlink src/dst: 5 6
number of protected paths set: 15
needed_slices: 18
paths: {1 3}
slices required:
{2 2}
slices start:
{9 40}
tuples:
{12 12}
dist: 438
dist: 455

vlink src/dst: 5 8
number of protected paths set: 3
needed_slices: 90
paths: {2 2 2 7 7 7}
slices required:
{2 2 2 2 2 2}
slices start:
{11 48 50 48 50 52}
tuples:
{12 12 12 12 12 12}
dist: 727
dist: 727
dist: 727
dist: 772
dist: 772
dist: 772

vlink src/dst: 5 13
number of protected paths set: 15
needed_slices: 74
paths: {2 2 5 5 17}
slices required:
{2 2 2 2 2}
slices start:
{54 56 56 58 59}
tuples:
{12 12 12 12 6}
dist: 618
dist: 618
dist: 672
dist: 672
dist: 909

vlink src/dst: 0 10
number of protected paths set: 15
needed_slices: 16
paths: {0 4}
slices required:
{2 2}
slices start:
{56 31}
tuples:
{12 12}
dist: 371
dist: 424

vlink src/dst: 7 9
number of protected paths set: 15
needed_slices: 28
paths: {0 0 2 2}
slices required:
{2 2 2 2}
slices start:
{48 50 29 31}
tuples:
{20 20 20 20}
dist: 237
dist: 237
dist: 273
dist: 273

vlink src/dst: 3 11
number of protected paths set: 15
needed_slices: 16
paths: {0 0 1 1}
slices required:
{2 2 2 2}
slices start:
{5 28 0 2}
tuples:
{20 20 20 20}
dist: 152
dist: 152
dist: 172
dist: 172

vlink src/dst: 9 18
number of protected paths set: 15
needed_slices: 34
paths: {2 6 11}
slices required:
{2 2 2}
slices start:
{7 56 41}
tuples:
{12 12 12}
dist: 350
dist: 403
dist: 425

vlink src/dst: 15 18
number of protected paths set: 15
needed_slices: 16
paths: {0 1}
slices required:
{2 2}
slices start:
{35 22}
tuples:
{20 20}
dist: 231
dist: 245

vlink src/dst: 6 7
number of protected paths set: 15
needed_slices: 40
paths: {0 0 1 1}
slices required:
{2 3 2 3}
slices start:
{0 2 13 15}
tuples:
{12 27 12 27}
dist: 355
dist: 355
dist: 360
dist: 360

vlink src/dst: 6 18
number of protected paths set: 15
needed_slices: 14
paths: {0 1}
slices required:
{2 2}
slices start:
{5 7}
tuples:
{20 12}
dist: 189
dist: 301

vlink src/dst: 7 19
number of protected paths set: 15
needed_slices: 24
paths: {1 10}
slices required:
{2 2}
slices start:
{22 7}
tuples:
{12 12}
dist: 435
dist: 588

vlink src/dst: 13 18
number of protected paths set: 15
needed_slices: 20
paths: {0 3}
slices required:
{2 3}
slices start:
{9 0}
tuples:
{20 18}
dist: 253
dist: 425

vlink src/dst: 2 18
number of protected paths set: 15
needed_slices: 10
paths: {0 2}
slices required:
{2 2}
slices start:
{0 5}
tuples:
{20 20}
dist: 175
dist: 262

vlink src/dst: 7 13
number of protected paths set: 15
needed_slices: 24
paths: {0 10}
slices required:
{2 2}
slices start:
{15 24}
tuples:
{12 12}
dist: 419
dist: 603

vlink src/dst: 11 19
number of protected paths set: 15
needed_slices: 28
paths: {0 0 5 5}
slices required:
{2 2 2 2}
slices start:
{20 26 9 11}
tuples:
{20 20 12 12}
dist: 252
dist: 252
dist: 440
dist: 440

vlink src/dst: 4 19
number of protected paths set: 15
needed_slices: 72
paths: {1 1 9 9 9}
slices required:
{2 4 2 2 3}
slices start:
{28 37 11 13 17}
tuples:
{12 34 12 12 18}
dist: 359
dist: 359
dist: 487
dist: 487
dist: 487

vlink src/dst: 0 12
number of protected paths set: 15
needed_slices: 46
paths: {0 0 9 9 9}
slices required:
{3 3 2 2 3}
slices start:
{5 44 0 20 38}
tuples:
{27 27 12 12 17}
dist: 310
dist: 310
dist: 509
dist: 509
dist: 509

vlink src/dst: 10 19
number of protected paths set: 15
needed_slices: 30
paths: {0 0 0 2 2}
slices required:
{2 2 2 3 3}
slices start:
{7 9 13 0 3}
tuples:
{20 20 20 27 27}
dist: 232
dist: 232
dist: 232
dist: 327
dist: 327

vlink src/dst: 5 12
number of protected paths set: 15
needed_slices: 12
paths: {0 4}
slices required:
{2 2}
slices start:
{3 42}
tuples:
{20 12}
dist: 219
dist: 416

vlink src/dst: 1 19
number of protected paths set: 15
needed_slices: 40
paths: {2 2 3 3}
slices required:
{2 3 2 3}
slices start:
{22 40 15 33}
tuples:
{12 18 12 18}
dist: 450
dist: 450
dist: 485
dist: 485

vlink src/dst: 10 13
number of protected paths set: 15
needed_slices: 39
paths: {0 0 4 4 4}
slices required:
{2 3 2 2 2}
slices start:
{20 22 36 38 58}
tuples:
{12 27 12 12 12}
dist: 380
dist: 380
dist: 489
dist: 489
dist: 489

vlink src/dst: 8 10
number of protected paths set: 3
needed_slices: 54
paths: {1 1 1 3 3 3}
slices required:
{2 2 2 2 2 2}
slices start:
{25 27 29 17 43 45}
tuples:
{12 12 12 12 12 12}
dist: 527
dist: 527
dist: 527
dist: 538
dist: 538
dist: 538

vlink src/dst: 1 12
number of protected paths set: 15
needed_slices: 32
paths: {0 0 5 5 5}
slices required:
{2 2 2 2 2}
slices start:
{4 6 47 49 51}
tuples:
{20 20 12 12 12}
dist: 296
dist: 296
dist: 465
dist: 465
dist: 465

vlink src/dst: 1 8
number of protected paths set: 3
needed_slices: 72
paths: {1 1 1 13 13 13}
slices required:
{2 2 2 2 2 2}
slices start:
{6 13 15 60 62 64}
tuples:
{12 12 12 12 12 12}
dist: 630
dist: 630
dist: 630
dist: 790
dist: 790
dist: 790
40 second(s) taken for solution
66 second(s) taken in total
cost = 1918

