
5 second(s) taken for initialization

vlink src/dst: 6 14
number of protected paths set: 3
needed_slices: 84
paths: {5 5 5 15 15 15}
slices required:
{2 2 2 2 2 2}
slices start:
{0 2 4 0 2 4}
tuples:
{12 12 12 12 12 12}
dist: 505
dist: 505
dist: 505
dist: 725
dist: 725
dist: 725

vlink src/dst: 4 16
number of protected paths set: 3
needed_slices: 92
paths: {0 2 2 11 11 17}
slices required:
{2 2 2 2 2 2}
slices start:
{6 8 10 8 10 6}
tuples:
{12 12 12 12 12 12}
dist: 490
dist: 547
dist: 547
dist: 645
dist: 645
dist: 688

vlink src/dst: 14 19
number of protected paths set: 3
needed_slices: 42
paths: {0 15 15}
slices required:
{2 2 2}
slices start:
{12 12 14}
tuples:
{20 6 6}
dist: 178
dist: 1054
dist: 1054

vlink src/dst: 4 6
number of protected paths set: 3
needed_slices: 56
paths: {0 0 13 13}
slices required:
{2 2 2 2}
slices start:
{16 18 16 18}
tuples:
{12 12 12 12}
dist: 570
dist: 570
dist: 661
dist: 661

vlink src/dst: 4 19
number of protected paths set: 3
needed_slices: 114
paths: {0 0 17 17 17 17 17}
slices required:
{3 3 2 2 2 2 2}
slices start:
{20 23 20 22 24 26 28}
tuples:
{27 27 6 6 6 6 6}
dist: 326
dist: 326
dist: 824
dist: 824
dist: 824
dist: 824
dist: 824

vlink src/dst: 12 16
number of protected paths set: 3
needed_slices: 23
paths: {0 9}
slices required:
{2 3}
slices start:
{30 12}
tuples:
{20 18}
dist: 156
dist: 495

vlink src/dst: 10 19
number of protected paths set: 3
needed_slices: 18
paths: {0 5}
slices required:
{2 2}
slices start:
{14 32}
tuples:
{20 12}
dist: 227
dist: 539

vlink src/dst: 6 19
number of protected paths set: 3
needed_slices: 50
paths: {0 0 3 3}
slices required:
{2 3 2 3}
slices start:
{34 36 30 34}
tuples:
{12 18 12 18}
dist: 419
dist: 419
dist: 461
dist: 461

vlink src/dst: 7 10
number of protected paths set: 15
needed_slices: 36
paths: {1 1 6 6}
slices required:
{2 2 2 3}
slices start:
{0 2 30 34}
tuples:
{20 20 12 18}
dist: 242
dist: 242
dist: 419
dist: 419

vlink src/dst: 10 16
number of protected paths set: 3
needed_slices: 20
paths: {1 6}
slices required:
{2 2}
slices start:
{39 32}
tuples:
{20 12}
dist: 271
dist: 402

vlink src/dst: 11 13
number of protected paths set: 15
needed_slices: 8
paths: {0 1}
slices required:
{2 2}
slices start:
{4 12}
tuples:
{29 20}
dist: 52
dist: 271

vlink src/dst: 11 12
number of protected paths set: 15
needed_slices: 16
paths: {0 3}
slices required:
{2 3}
slices start:
{12 41}
tuples:
{29 27}
dist: 97
dist: 400

vlink src/dst: 0 19
number of protected paths set: 3
needed_slices: 30
paths: {3 7}
slices required:
{2 2}
slices start:
{26 37}
tuples:
{12 12}
dist: 683
dist: 723

vlink src/dst: 0 12
number of protected paths set: 15
needed_slices: 72
paths: {1 1 1 5 5 5}
slices required:
{2 2 2 2 2 2}
slices start:
{16 18 41 4 6 8}
tuples:
{12 12 12 12 12 12}
dist: 493
dist: 493
dist: 493
dist: 577
dist: 577
dist: 577

vlink src/dst: 0 14
number of protected paths set: 3
needed_slices: 49
paths: {0 17 17}
slices required:
{3 2 2}
slices start:
{43 30 32}
tuples:
{17 6 6}
dist: 588
dist: 823
dist: 823

vlink src/dst: 5 7
number of protected paths set: 15
needed_slices: 48
paths: {4 4 12 12}
slices required:
{2 2 2 2}
slices start:
{4 34 39 46}
tuples:
{12 12 12 12}
dist: 536
dist: 536
dist: 680
dist: 680

vlink src/dst: 2 12
number of protected paths set: 3
needed_slices: 34
paths: {6 8}
slices required:
{2 2}
slices start:
{14 10}
tuples:
{12 12}
dist: 780
dist: 789

vlink src/dst: 0 13
number of protected paths set: 15
needed_slices: 80
paths: {0 0 0 14 14 15}
slices required:
{2 2 3 2 2 2}
slices start:
{46 48 50 0 2 20}
tuples:
{12 12 18 12 12 12}
dist: 426
dist: 426
dist: 426
dist: 609
dist: 609
dist: 623

vlink src/dst: 1 12
number of protected paths set: 15
needed_slices: 98
paths: {0 0 4 12 13 13}
slices required:
{2 2 2 2 2 2}
slices start:
{53 55 43 22 12 16}
tuples:
{12 12 12 12 12 12}
dist: 619
dist: 619
dist: 658
dist: 721
dist: 740
dist: 740

vlink src/dst: 6 13
number of protected paths set: 15
needed_slices: 16
paths: {2 3}
slices required:
{2 2}
slices start:
{14 57}
tuples:
{20 12}
dist: 261
dist: 327

vlink src/dst: 3 19
number of protected paths set: 3
needed_slices: 57
paths: {3 15}
slices required:
{3 3}
slices start:
{0 59}
tuples:
{11 11}
dist: 875
dist: 912

vlink src/dst: 8 13
number of protected paths set: 15
needed_slices: 96
paths: {7 7 7 8 8 8}
slices required:
{2 2 2 2 2 2}
slices start:
{30 34 36 62 64 66}
tuples:
{12 12 12 12 12 12}
dist: 600
dist: 600
dist: 600
dist: 610
dist: 610
dist: 610

vlink src/dst: 13 18
number of protected paths set: 15
needed_slices: 50
paths: {2 2 3 3}
slices required:
{2 3 2 3}
slices start:
{68 70 39 41}
tuples:
{12 27 12 27}
dist: 344
dist: 344
dist: 371
dist: 371

vlink src/dst: 18 19
number of protected paths set: 3
needed_slices: 72
paths: {0 0 0 3 3 3}
slices required:
{2 2 2 2 2 2}
slices start:
{73 75 77 3 5 16}
tuples:
{12 12 12 12 12 12}
dist: 528
dist: 528
dist: 528
dist: 570
dist: 570
dist: 570

vlink src/dst: 4 18
number of protected paths set: 3
needed_slices: 68
paths: {1 1 4 4}
slices required:
{2 2 2 2}
slices start:
{79 81 39 46}
tuples:
{12 12 12 12}
dist: 684
dist: 684
dist: 703
dist: 703

vlink src/dst: 13 17
number of protected paths set: 15
needed_slices: 40
paths: {0 0 7 7}
slices required:
{2 3 2 3}
slices start:
{83 85 18 48}
tuples:
{12 27 12 18}
dist: 309
dist: 309
dist: 487
dist: 487

vlink src/dst: 4 12
number of protected paths set: 3
needed_slices: 16
paths: {0 1}
slices required:
{2 2}
slices start:
{28 34}
tuples:
{12 12}
dist: 334
dist: 402

vlink src/dst: 5 19
number of protected paths set: 3
needed_slices: 46
paths: {1 18 18}
slices required:
{3 2 2}
slices start:
{51 44 51}
tuples:
{17 6 6}
dist: 551
dist: 840
dist: 840

vlink src/dst: 1 10
number of protected paths set: 15
needed_slices: 104
paths: {2 2 2 2 5 5 5 5}
slices required:
{2 2 2 2 2 2 2 2}
slices start:
{24 28 34 36 62 64 66 73}
tuples:
{12 12 12 12 12 12 12 12}
dist: 618
dist: 618
dist: 618
dist: 618
dist: 672
dist: 672
dist: 672
dist: 672

vlink src/dst: 6 7
number of protected paths set: 15
needed_slices: 30
paths: {0 0 1 1}
slices required:
{2 3 2 3}
slices start:
{20 22 83 85}
tuples:
{20 28 20 28}
dist: 139
dist: 139
dist: 177
dist: 177

vlink src/dst: 3 7
number of protected paths set: 3
needed_slices: 88
paths: {0 0 10 10 10}
slices required:
{2 3 2 2 2}
slices start:
{25 27 88 90 92}
tuples:
{12 17 12 12 12}
dist: 577
dist: 577
dist: 664
dist: 664
dist: 664

vlink src/dst: 1 16
number of protected paths set: 3
needed_slices: 90
paths: {0 0 0 7 7 7}
slices required:
{2 2 2 2 2 2}
slices start:
{45 47 49 57 68 70}
tuples:
{12 12 12 12 12 12}
dist: 538
dist: 538
dist: 538
dist: 617
dist: 617
dist: 617

vlink src/dst: 6 11
number of protected paths set: 15
needed_slices: 30
paths: {0 0 1 1}
slices required:
{2 3 2 3}
slices start:
{8 20 53 59}
tuples:
{20 28 20 28}
dist: 144
dist: 144
dist: 173
dist: 173

vlink src/dst: 16 18
number of protected paths set: 3
needed_slices: 27
paths: {0 8}
slices required:
{3 3}
slices start:
{55 48}
tuples:
{27 27}
dist: 219
dist: 393

vlink src/dst: 5 18
number of protected paths set: 15
needed_slices: 26
paths: {1 7}
slices required:
{2 2}
slices start:
{32 6}
tuples:
{12 12}
dist: 606
dist: 663

vlink src/dst: 8 16
number of protected paths set: 3
needed_slices: 96
paths: {2 2 2 5 5 5}
slices required:
{2 2 2 2 2 2}
slices start:
{37 51 68 94 96 98}
tuples:
{12 12 12 12 12 12}
dist: 517
dist: 517
dist: 517
dist: 555
dist: 555
dist: 555

vlink src/dst: 5 12
number of protected paths set: 15
needed_slices: 60
paths: {1 1 2 5 5 5}
slices required:
{2 2 2 2 2 3}
slices start:
{57 62 68 14 30 36}
tuples:
{12 12 12 12 12 17}
dist: 450
dist: 450
dist: 456
dist: 521
dist: 521
dist: 521

vlink src/dst: 2 4
number of protected paths set: 3
needed_slices: 54
paths: {6 12}
slices required:
{3 3}
slices start:
{75 41}
tuples:
{11 11}
dist: 946
dist: 985

vlink src/dst: 10 17
number of protected paths set: 15
needed_slices: 50
paths: {1 1 3 3 3}
slices required:
{2 3 2 2 2}
slices start:
{14 54 88 90 92}
tuples:
{12 27 12 12 12}
dist: 335
dist: 335
dist: 469
dist: 469
dist: 469

vlink src/dst: 5 14
number of protected paths set: 3
needed_slices: 54
paths: {0 0 0 1 1 1}
slices required:
{2 2 2 2 2 2}
slices start:
{41 59 64 44 48 50}
tuples:
{12 12 12 12 12 12}
dist: 409
dist: 409
dist: 409
dist: 512
dist: 512
dist: 512

vlink src/dst: 8 9
number of protected paths set: 15
needed_slices: 16
paths: {0 0 1 1}
slices required:
{2 2 2 2}
slices start:
{3 8 0 2}
tuples:
{20 20 20 20}
dist: 178
dist: 178
dist: 234
dist: 234

vlink src/dst: 0 17
number of protected paths set: 15
needed_slices: 13
paths: {0 2}
slices required:
{2 3}
slices start:
{0 38}
tuples:
{20 27}
dist: 232
dist: 327

vlink src/dst: 3 8
number of protected paths set: 3
needed_slices: 12
paths: {0 2}
slices required:
{2 2}
slices start:
{3 10}
tuples:
{29 12}
dist: 85
dist: 582

vlink src/dst: 1 3
number of protected paths set: 3
needed_slices: 29
paths: {0 0 2 2}
slices required:
{2 2 2 3}
slices start:
{0 2 12 14}
tuples:
{20 20 12 17}
dist: 104
dist: 104
dist: 563
dist: 563

vlink src/dst: 0 2
number of protected paths set: 3
needed_slices: 10
paths: {0 1}
slices required:
{2 3}
slices start:
{0 0}
tuples:
{20 27}
dist: 210
dist: 311

vlink src/dst: 15 17
number of protected paths set: 15
needed_slices: 14
paths: {0 6}
slices required:
{2 2}
slices start:
{2 75}
tuples:
{12 12}
dist: 327
dist: 543

vlink src/dst: 1 15
number of protected paths set: 15
needed_slices: 24
paths: {0 0 1 1 2}
slices required:
{2 2 2 2 2}
slices start:
{0 2 4 6 8}
tuples:
{29 29 12 12 12}
dist: 53
dist: 53
dist: 418
dist: 418
dist: 453

vlink src/dst: 2 8
number of protected paths set: 3
needed_slices: 45
paths: {0 0 3 3}
slices required:
{2 3 2 3}
slices start:
{5 7 5 17}
tuples:
{12 27 12 17}
dist: 336
dist: 336
dist: 533
dist: 533

vlink src/dst: 3 17
number of protected paths set: 3
needed_slices: 54
paths: {1 1 1 6 6 6}
slices required:
{2 2 2 2 2 2}
slices start:
{20 22 32 46 62 64}
tuples:
{12 12 12 12 12 12}
dist: 489
dist: 489
dist: 489
dist: 594
dist: 594
dist: 594

vlink src/dst: 5 15
number of protected paths set: 15
needed_slices: 56
paths: {0 0 6 6 6}
slices required:
{2 3 2 2 2}
slices start:
{24 26 77 79 81}
tuples:
{12 17 12 12 12}
dist: 576
dist: 576
dist: 665
dist: 665
dist: 665
42 second(s) taken for solution
47 second(s) taken in total
cost = 2413

