
7 second(s) taken for initialization

vlink src/dst: 5 16
number of protected paths set: 3
needed_slices: 12
paths: {0 2}
slices required:
{2 2}
slices start:
{0 0}
tuples:
{29 12}
dist: 85
dist: 582

vlink src/dst: 11 16
number of protected paths set: 3
needed_slices: 30
paths: {1 1 2 2}
slices required:
{2 3 2 3}
slices start:
{2 4 2 4}
tuples:
{12 27 12 27}
dist: 339
dist: 339
dist: 345
dist: 345

vlink src/dst: 3 5
number of protected paths set: 15
needed_slices: 8
paths: {0 1}
slices required:
{2 2}
slices start:
{7 0}
tuples:
{20 20}
dist: 120
dist: 293

vlink src/dst: 1 14
number of protected paths set: 15
needed_slices: 15
paths: {0 0 2 2}
slices required:
{2 3 2 3}
slices start:
{0 2 0 7}
tuples:
{20 28 20 27}
dist: 101
dist: 101
dist: 263
dist: 263

vlink src/dst: 7 19
number of protected paths set: 3
needed_slices: 94
paths: {1 1 2 11 11}
slices required:
{2 2 2 2 5}
slices start:
{2 4 6 2 4}
tuples:
{12 12 12 12 32}
dist: 493
dist: 493
dist: 512
dist: 619
dist: 619

vlink src/dst: 7 10
number of protected paths set: 3
needed_slices: 80
paths: {0 0 16 17 17}
slices required:
{2 4 2 2 2}
slices start:
{8 10 9 11 13}
tuples:
{12 34 12 12 12}
dist: 383
dist: 383
dist: 639
dist: 660
dist: 660

vlink src/dst: 6 7
number of protected paths set: 3
needed_slices: 66
paths: {1 1 1 16 16 16}
slices required:
{2 2 2 2 2 2}
slices start:
{14 16 18 15 17 19}
tuples:
{12 12 12 12 12 12}
dist: 452
dist: 452
dist: 452
dist: 563
dist: 563
dist: 563

vlink src/dst: 5 10
number of protected paths set: 15
needed_slices: 33
paths: {2 8}
slices required:
{3 3}
slices start:
{2 20}
tuples:
{18 17}
dist: 482
dist: 532

vlink src/dst: 0 3
number of protected paths set: 3
needed_slices: 14
paths: {0 3}
slices required:
{2 2}
slices start:
{23 21}
tuples:
{20 12}
dist: 111
dist: 379

vlink src/dst: 5 13
number of protected paths set: 3
needed_slices: 160
paths: {0 0 0 0 17 17 17 17}
slices required:
{2 2 2 2 2 2 2 2}
slices start:
{23 25 27 29 20 22 24 26}
tuples:
{6 6 6 6 6 6 6 6}
dist: 850
dist: 850
dist: 850
dist: 850
dist: 994
dist: 994
dist: 994
dist: 994

vlink src/dst: 6 18
number of protected paths set: 15
needed_slices: 35
paths: {0 8 8}
slices required:
{3 2 2}
slices start:
{31 0 2}
tuples:
{27 12 12}
dist: 374
dist: 585
dist: 585

vlink src/dst: 0 15
number of protected paths set: 3
needed_slices: 72
paths: {1 1 1 3 3 3}
slices required:
{2 2 2 2 2 2}
slices start:
{4 6 8 34 36 38}
tuples:
{12 12 12 12 12 12}
dist: 486
dist: 486
dist: 486
dist: 521
dist: 521
dist: 521

vlink src/dst: 0 8
number of protected paths set: 3
needed_slices: 72
paths: {1 1 1 14 14 14}
slices required:
{2 2 2 2 2 2}
slices start:
{0 2 31 31 40 42}
tuples:
{12 12 12 12 12 12}
dist: 443
dist: 443
dist: 443
dist: 604
dist: 604
dist: 604

vlink src/dst: 13 16
number of protected paths set: 3
needed_slices: 162
paths: {1 1 1 1 15 15 15 15}
slices required:
{2 2 2 3 2 2 2 3}
slices start:
{10 12 14 16 44 46 48 50}
tuples:
{6 6 6 11 6 6 6 10}
dist: 934
dist: 934
dist: 934
dist: 934
dist: 1003
dist: 1003
dist: 1003
dist: 1003

vlink src/dst: 0 4
number of protected paths set: 3
needed_slices: 30
paths: {2 15}
slices required:
{2 2}
slices start:
{33 0}
tuples:
{12 12}
dist: 600
dist: 752

vlink src/dst: 4 5
number of protected paths set: 15
needed_slices: 56
paths: {2 2 9 9}
slices required:
{2 2 2 2}
slices start:
{53 55 19 21}
tuples:
{12 12 6 6}
dist: 796
dist: 796
dist: 839
dist: 839

vlink src/dst: 3 12
number of protected paths set: 15
needed_slices: 24
paths: {1 7}
slices required:
{2 2}
slices start:
{57 7}
tuples:
{12 12}
dist: 461
dist: 567

vlink src/dst: 3 18
number of protected paths set: 15
needed_slices: 16
paths: {0 1}
slices required:
{2 3}
slices start:
{9 23}
tuples:
{20 27}
dist: 210
dist: 361

vlink src/dst: 3 17
number of protected paths set: 15
needed_slices: 54
paths: {1 1 1 9 9 9}
slices required:
{2 2 2 2 2 2}
slices start:
{26 28 30 11 13 15}
tuples:
{12 12 12 12 12 12}
dist: 413
dist: 413
dist: 413
dist: 555
dist: 555
dist: 555

vlink src/dst: 12 18
number of protected paths set: 15
needed_slices: 40
paths: {0 0 1 1}
slices required:
{2 3 2 3}
slices start:
{40 59 4 23}
tuples:
{12 27 12 18}
dist: 380
dist: 380
dist: 403
dist: 403

vlink src/dst: 8 16
number of protected paths set: 3
needed_slices: 24
paths: {0 6}
slices required:
{2 2}
slices start:
{44 62}
tuples:
{12 12}
dist: 590
dist: 719

vlink src/dst: 3 15
number of protected paths set: 15
needed_slices: 54
paths: {1 1 1 5 5 5}
slices required:
{2 2 2 2 2 2}
slices start:
{17 19 57 32 40 42}
tuples:
{12 12 12 12 12 12}
dist: 417
dist: 417
dist: 417
dist: 557
dist: 557
dist: 557

vlink src/dst: 15 16
number of protected paths set: 3
needed_slices: 18
paths: {0 5}
slices required:
{2 2}
slices start:
{46 59}
tuples:
{12 12}
dist: 460
dist: 627

vlink src/dst: 1 17
number of protected paths set: 15
needed_slices: 38
paths: {0 0 7 7 7}
slices required:
{2 2 2 2 2}
slices start:
{48 50 34 36 38}
tuples:
{20 20 12 12 12}
dist: 218
dist: 218
dist: 652
dist: 652
dist: 652

vlink src/dst: 2 11
number of protected paths set: 15
needed_slices: 20
paths: {0 8}
slices required:
{2 2}
slices start:
{35 64}
tuples:
{12 12}
dist: 399
dist: 481

vlink src/dst: 9 16
number of protected paths set: 3
needed_slices: 84
paths: {2 3 3 6 6 6 6}
slices required:
{2 2 2 2 2 2 2}
slices start:
{52 54 56 66 68 70 72}
tuples:
{12 12 12 12 12 12 12}
dist: 686
dist: 716
dist: 716
dist: 744
dist: 744
dist: 744
dist: 744

vlink src/dst: 1 9
number of protected paths set: 15
needed_slices: 60
paths: {3 3 3 5 5 5}
slices required:
{2 2 2 2 2 2}
slices start:
{58 60 62 21 44 46}
tuples:
{12 12 12 12 12 12}
dist: 612
dist: 612
dist: 612
dist: 634
dist: 634
dist: 634

vlink src/dst: 11 18
number of protected paths set: 15
needed_slices: 8
paths: {0 1}
slices required:
{2 2}
slices start:
{0 64}
tuples:
{29 12}
dist: 79
dist: 392

vlink src/dst: 1 15
number of protected paths set: 15
needed_slices: 25
paths: {0 3 3}
slices required:
{3 2 2}
slices start:
{66 48 50}
tuples:
{27 12 12}
dist: 356
dist: 517
dist: 517

vlink src/dst: 9 18
number of protected paths set: 15
needed_slices: 32
paths: {2 2 3 3}
slices required:
{2 2 2 2}
slices start:
{64 69 23 25}
tuples:
{12 12 12 12}
dist: 450
dist: 450
dist: 485
dist: 485

vlink src/dst: 2 3
number of protected paths set: 15
needed_slices: 66
paths: {0 0 12 12 12}
slices required:
{2 4 2 2 3}
slices start:
{25 27 74 76 78}
tuples:
{12 34 12 12 17}
dist: 345
dist: 345
dist: 536
dist: 536
dist: 536

vlink src/dst: 11 19
number of protected paths set: 15
needed_slices: 72
paths: {1 1 12 12 12}
slices required:
{2 4 2 2 3}
slices start:
{37 64 81 83 85}
tuples:
{12 34 12 12 17}
dist: 392
dist: 392
dist: 555
dist: 555
dist: 555

vlink src/dst: 0 6
number of protected paths set: 3
needed_slices: 31
paths: {0 8}
slices required:
{2 3}
slices start:
{11 28}
tuples:
{20 18}
dist: 255
dist: 404

vlink src/dst: 6 15
number of protected paths set: 15
needed_slices: 20
paths: {0 5}
slices required:
{2 2}
slices start:
{21 71}
tuples:
{12 12}
dist: 390
dist: 575

vlink src/dst: 15 17
number of protected paths set: 15
needed_slices: 19
paths: {0 0 2 2}
slices required:
{2 2 2 3}
slices start:
{0 2 27 74}
tuples:
{20 20 12 27}
dist: 138
dist: 138
dist: 400
dist: 400

vlink src/dst: 8 10
number of protected paths set: 15
needed_slices: 72
paths: {4 4 4 14 14 14}
slices required:
{2 2 2 2 2 2}
slices start:
{37 39 41 48 50 52}
tuples:
{12 12 12 12 12 12}
dist: 488
dist: 488
dist: 488
dist: 561
dist: 561
dist: 561

vlink src/dst: 9 10
number of protected paths set: 15
needed_slices: 87
paths: {4 4 4 5 5 6}
slices required:
{2 2 3 2 2 2}
slices start:
{54 56 58 43 45 66}
tuples:
{12 12 17 12 12 12}
dist: 600
dist: 600
dist: 600
dist: 620
dist: 620
dist: 620

vlink src/dst: 8 17
number of protected paths set: 15
needed_slices: 32
paths: {0 0 5 5 5}
slices required:
{2 2 2 2 2}
slices start:
{29 46 4 6 8}
tuples:
{20 20 12 12 12}
dist: 268
dist: 268
dist: 494
dist: 494
dist: 494

vlink src/dst: 12 15
number of protected paths set: 15
needed_slices: 14
paths: {1 3}
slices required:
{2 2}
slices start:
{35 10}
tuples:
{12 12}
dist: 377
dist: 427

vlink src/dst: 13 17
number of protected paths set: 3
needed_slices: 78
paths: {5 5 5 6 6 6}
slices required:
{2 2 2 2 2 2}
slices start:
{71 77 79 19 21 44}
tuples:
{12 12 12 12 12 12}
dist: 699
dist: 699
dist: 699
dist: 730
dist: 730
dist: 730

vlink src/dst: 6 10
number of protected paths set: 15
needed_slices: 12
paths: {0 2}
slices required:
{2 2}
slices start:
{0 47}
tuples:
{29 20}
dist: 94
dist: 222

vlink src/dst: 6 9
number of protected paths set: 15
needed_slices: 60
paths: {0 0 1 4 4 4}
slices required:
{2 2 2 2 2 3}
slices start:
{12 14 16 29 61 77}
tuples:
{12 12 12 12 12 17}
dist: 457
dist: 457
dist: 463
dist: 510
dist: 510
dist: 510

vlink src/dst: 2 6
number of protected paths set: 15
needed_slices: 28
paths: {0 0 2 2}
slices required:
{2 2 2 2}
slices start:
{15 17 49 51}
tuples:
{20 20 20 20}
dist: 148
dist: 148
dist: 284
dist: 284

vlink src/dst: 4 15
number of protected paths set: 15
needed_slices: 35
paths: {0 0 8 8}
slices required:
{2 3 2 3}
slices start:
{0 12 81 83}
tuples:
{12 27 12 17}
dist: 399
dist: 399
dist: 563
dist: 563

vlink src/dst: 6 19
number of protected paths set: 15
needed_slices: 12
paths: {0 4}
slices required:
{2 2}
slices start:
{19 0}
tuples:
{29 12}
dist: 75
dist: 422

vlink src/dst: 4 6
number of protected paths set: 15
needed_slices: 54
paths: {1 1 1 7 7 7}
slices required:
{2 2 2 2 2 2}
slices start:
{2 4 6 68 73 75}
tuples:
{12 12 12 12 12 12}
dist: 441
dist: 441
dist: 441
dist: 508
dist: 508
dist: 508

vlink src/dst: 2 13
number of protected paths set: 3
needed_slices: 85
paths: {0 0 9 9 9}
slices required:
{2 3 2 2 2}
slices start:
{8 10 31 33 39}
tuples:
{12 17 12 12 12}
dist: 542
dist: 542
dist: 653
dist: 653
dist: 653

vlink src/dst: 12 19
number of protected paths set: 15
needed_slices: 28
paths: {3 6 6}
slices required:
{3 2 2}
slices start:
{70 2 4}
tuples:
{27 12 12}
dist: 347
dist: 431
dist: 431

vlink src/dst: 6 13
number of protected paths set: 3
needed_slices: 33
paths: {0 9}
slices required:
{3 3}
slices start:
{28 4}
tuples:
{18 17}
dist: 431
dist: 575

vlink src/dst: 12 13
number of protected paths set: 3
needed_slices: 32
paths: {0 0 2 2}
slices required:
{2 2 2 3}
slices start:
{0 2 0 13}
tuples:
{20 20 12 27}
dist: 298
dist: 298
dist: 360
dist: 360
41 second(s) taken for solution
48 second(s) taken in total
cost = 2306

