
12 second(s) taken for initialization

vlink src/dst: 13 19
number of protected paths set: 3
needed_slices: 18
paths: {0 12}
slices required:
{2 2}
slices start:
{0 0}
tuples:
{20 12}
dist: 289
dist: 561

vlink src/dst: 12 13
number of protected paths set: 3
needed_slices: 20
paths: {0 11}
slices required:
{2 2}
slices start:
{2 2}
tuples:
{20 12}
dist: 298
dist: 507

vlink src/dst: 3 5
number of protected paths set: 3
needed_slices: 16
paths: {0 0 1 1}
slices required:
{2 2 2 2}
slices start:
{4 6 0 4}
tuples:
{20 20 20 20}
dist: 119
dist: 119
dist: 129
dist: 129

vlink src/dst: 2 13
number of protected paths set: 3
needed_slices: 32
paths: {0 16}
slices required:
{2 2}
slices start:
{8 8}
tuples:
{12 12}
dist: 431
dist: 640

vlink src/dst: 13 18
number of protected paths set: 3
needed_slices: 18
paths: {0 5}
slices required:
{2 2}
slices start:
{10 4}
tuples:
{12 12}
dist: 331
dist: 452

vlink src/dst: 5 18
number of protected paths set: 3
needed_slices: 39
paths: {0 0 3 3}
slices required:
{2 3 2 4}
slices start:
{6 12 12 14}
tuples:
{20 28 12 34}
dist: 155
dist: 155
dist: 334
dist: 334

vlink src/dst: 3 8
number of protected paths set: 15
needed_slices: 6
paths: {0 1}
slices required:
{2 2}
slices start:
{10 2}
tuples:
{29 20}
dist: 66
dist: 161

vlink src/dst: 12 19
number of protected paths set: 15
needed_slices: 22
paths: {0 0 2 2 2}
slices required:
{2 2 2 2 2}
slices start:
{2 4 0 2 4}
tuples:
{29 29 20 20 20}
dist: 93
dist: 93
dist: 260
dist: 260
dist: 260

vlink src/dst: 5 11
number of protected paths set: 3
needed_slices: 30
paths: {2 15}
slices required:
{2 2}
slices start:
{15 18}
tuples:
{12 12}
dist: 600
dist: 752

vlink src/dst: 0 7
number of protected paths set: 3
needed_slices: 28
paths: {1 11}
slices required:
{2 2}
slices start:
{6 0}
tuples:
{12 12}
dist: 493
dist: 619

vlink src/dst: 0 9
number of protected paths set: 3
needed_slices: 82
paths: {1 1 16 16 16}
slices required:
{2 3 2 2 2}
slices start:
{20 22 2 6 8}
tuples:
{12 17 12 12 12}
dist: 549
dist: 549
dist: 721
dist: 721
dist: 721

vlink src/dst: 7 8
number of protected paths set: 15
needed_slices: 20
paths: {0 1}
slices required:
{2 2}
slices start:
{12 8}
tuples:
{12 12}
dist: 359
dist: 364

vlink src/dst: 3 6
number of protected paths set: 15
needed_slices: 30
paths: {0 0 1 1}
slices required:
{2 3 2 3}
slices start:
{10 12 6 14}
tuples:
{20 27 20 27}
dist: 240
dist: 240
dist: 248
dist: 248

vlink src/dst: 12 18
number of protected paths set: 15
needed_slices: 20
paths: {0 0 1 1}
slices required:
{2 2 2 2}
slices start:
{0 4 2 4}
tuples:
{20 20 20 20}
dist: 175
dist: 175
dist: 200
dist: 200

vlink src/dst: 6 12
number of protected paths set: 15
needed_slices: 16
paths: {0 0 1 1}
slices required:
{2 2 2 2}
slices start:
{10 17 15 17}
tuples:
{20 20 20 20}
dist: 136
dist: 136
dist: 216
dist: 216

vlink src/dst: 14 19
number of protected paths set: 15
needed_slices: 20
paths: {2 5}
slices required:
{2 2}
slices start:
{19 17}
tuples:
{12 12}
dist: 353
dist: 384

vlink src/dst: 6 18
number of protected paths set: 15
needed_slices: 27
paths: {0 5}
slices required:
{3 3}
slices start:
{21 21}
tuples:
{27 27}
dist: 311
dist: 382

vlink src/dst: 7 12
number of protected paths set: 15
needed_slices: 14
paths: {0 3}
slices required:
{2 2}
slices start:
{19 24}
tuples:
{20 20}
dist: 184
dist: 290

vlink src/dst: 7 18
number of protected paths set: 15
needed_slices: 25
paths: {0 5}
slices required:
{2 3}
slices start:
{6 26}
tuples:
{20 27}
dist: 282
dist: 389

vlink src/dst: 15 19
number of protected paths set: 15
needed_slices: 44
paths: {1 14 15}
slices required:
{2 2 2}
slices start:
{6 25 29}
tuples:
{12 12 12}
dist: 549
dist: 663
dist: 711

vlink src/dst: 4 19
number of protected paths set: 15
needed_slices: 20
paths: {0 8}
slices required:
{2 2}
slices start:
{10 27}
tuples:
{12 12}
dist: 433
dist: 513

vlink src/dst: 16 19
number of protected paths set: 15
needed_slices: 42
paths: {6 11 16}
slices required:
{2 2 2}
slices start:
{29 29 31}
tuples:
{12 12 12}
dist: 635
dist: 642
dist: 781

vlink src/dst: 12 14
number of protected paths set: 15
needed_slices: 24
paths: {0 0 2 2}
slices required:
{2 2 2 2}
slices start:
{12 14 17 24}
tuples:
{20 20 20 20}
dist: 227
dist: 227
dist: 263
dist: 263

vlink src/dst: 0 14
number of protected paths set: 3
needed_slices: 66
paths: {2 2 2 4 4 4}
slices required:
{2 2 2 2 2 2}
slices start:
{10 26 31 31 33 35}
tuples:
{12 12 12 12 12 12}
dist: 418
dist: 418
dist: 418
dist: 458
dist: 458
dist: 458

vlink src/dst: 0 8
number of protected paths set: 3
needed_slices: 16
paths: {0 6}
slices required:
{2 2}
slices start:
{4 12}
tuples:
{20 12}
dist: 133
dist: 541

vlink src/dst: 0 1
number of protected paths set: 3
needed_slices: 35
paths: {0 15}
slices required:
{2 3}
slices start:
{37 17}
tuples:
{12 11}
dist: 741
dist: 884

vlink src/dst: 1 19
number of protected paths set: 15
needed_slices: 78
paths: {0 0 0 13 13 13}
slices required:
{2 2 2 2 2 2}
slices start:
{8 26 31 19 33 35}
tuples:
{12 12 12 12 12 12}
dist: 599
dist: 599
dist: 599
dist: 734
dist: 734
dist: 734

vlink src/dst: 9 18
number of protected paths set: 15
needed_slices: 27
paths: {2 4}
slices required:
{3 3}
slices start:
{33 12}
tuples:
{27 27}
dist: 366
dist: 389

vlink src/dst: 9 12
number of protected paths set: 15
needed_slices: 24
paths: {1 5}
slices required:
{2 3}
slices start:
{36 28}
tuples:
{20 18}
dist: 266
dist: 406

vlink src/dst: 6 11
number of protected paths set: 15
needed_slices: 90
paths: {4 4 4 7 7 7}
slices required:
{2 2 2 2 2 2}
slices start:
{2 4 10 38 40 42}
tuples:
{12 12 12 12 12 12}
dist: 636
dist: 636
dist: 636
dist: 659
dist: 659
dist: 659

vlink src/dst: 6 17
number of protected paths set: 15
needed_slices: 82
paths: {0 8 8 10 10 11}
slices required:
{2 2 2 2 2 2}
slices start:
{17 44 46 14 38 48}
tuples:
{12 12 12 12 12 12}
dist: 479
dist: 549
dist: 549
dist: 615
dist: 615
dist: 687

vlink src/dst: 7 16
number of protected paths set: 15
needed_slices: 26
paths: {0 14}
slices required:
{2 2}
slices start:
{24 0}
tuples:
{12 12}
dist: 465
dist: 771

vlink src/dst: 13 15
number of protected paths set: 3
needed_slices: 22
paths: {0 10}
slices required:
{2 2}
slices start:
{40 6}
tuples:
{12 12}
dist: 566
dist: 688

vlink src/dst: 6 15
number of protected paths set: 15
needed_slices: 26
paths: {0 11}
slices required:
{2 2}
slices start:
{42 50}
tuples:
{12 12}
dist: 506
dist: 658

vlink src/dst: 0 13
number of protected paths set: 3
needed_slices: 16
paths: {0 4}
slices required:
{2 2}
slices start:
{18 20}
tuples:
{20 12}
dist: 256
dist: 601

vlink src/dst: 4 14
number of protected paths set: 15
needed_slices: 8
paths: {0 1}
slices required:
{2 2}
slices start:
{0 33}
tuples:
{20 12}
dist: 113
dist: 329

vlink src/dst: 7 15
number of protected paths set: 15
needed_slices: 22
paths: {0 10}
slices required:
{2 2}
slices start:
{26 21}
tuples:
{12 12}
dist: 433
dist: 610

vlink src/dst: 4 9
number of protected paths set: 15
needed_slices: 45
paths: {0 0 3 3}
slices required:
{2 3 2 3}
slices start:
{8 44 23 31}
tuples:
{12 27 12 18}
dist: 354
dist: 354
dist: 455
dist: 455

vlink src/dst: 0 4
number of protected paths set: 3
needed_slices: 24
paths: {1 2}
slices required:
{3 3}
slices start:
{14 50}
tuples:
{27 18}
dist: 394
dist: 497

vlink src/dst: 1 18
number of protected paths set: 15
needed_slices: 44
paths: {4 4 6 6}
slices required:
{2 2 2 2}
slices start:
{16 20 0 4}
tuples:
{12 12 12 12}
dist: 575
dist: 575
dist: 580
dist: 580

vlink src/dst: 11 18
number of protected paths set: 15
needed_slices: 18
paths: {1 9}
slices required:
{2 2}
slices start:
{28 35}
tuples:
{12 12}
dist: 457
dist: 606

vlink src/dst: 16 18
number of protected paths set: 15
needed_slices: 42
paths: {0 0 1 1}
slices required:
{2 4 2 4}
slices start:
{35 53 18 20}
tuples:
{12 34 12 34}
dist: 331
dist: 331
dist: 365
dist: 365

vlink src/dst: 14 15
number of protected paths set: 15
needed_slices: 23
paths: {0 0 1 1}
slices required:
{2 2 2 3}
slices start:
{2 4 25 40}
tuples:
{20 20 12 27}
dist: 214
dist: 214
dist: 308
dist: 308

vlink src/dst: 10 16
number of protected paths set: 3
needed_slices: 56
paths: {3 3 6 6}
slices required:
{2 2 2 2}
slices start:
{52 54 33 40}
tuples:
{12 12 12 12}
dist: 686
dist: 686
dist: 723
dist: 723

vlink src/dst: 10 15
number of protected paths set: 3
needed_slices: 24
paths: {1 9}
slices required:
{2 2}
slices start:
{56 57}
tuples:
{12 12}
dist: 527
dist: 691

vlink src/dst: 10 17
number of protected paths set: 3
needed_slices: 67
paths: {0 0 18 18 18}
slices required:
{2 3 2 2 2}
slices start:
{27 37 59 61 63}
tuples:
{12 27 12 12 12}
dist: 359
dist: 359
dist: 794
dist: 794
dist: 794

vlink src/dst: 10 11
number of protected paths set: 3
needed_slices: 75
paths: {0 1 14 15 15}
slices required:
{3 2 2 2 2}
slices start:
{10 2 47 65 67}
tuples:
{18 12 12 6 6}
dist: 456
dist: 513
dist: 769
dist: 823
dist: 823

vlink src/dst: 1 10
number of protected paths set: 3
needed_slices: 26
paths: {0 16}
slices required:
{2 2}
slices start:
{4 52}
tuples:
{12 6}
dist: 390
dist: 825

vlink src/dst: 1 15
number of protected paths set: 15
needed_slices: 45
paths: {1 2 2 3 3 3}
slices required:
{2 2 2 2 2 3}
slices start:
{6 44 69 6 8 10}
tuples:
{12 12 12 12 12 18}
dist: 411
dist: 441
dist: 441
dist: 447
dist: 447
dist: 447

vlink src/dst: 11 16
number of protected paths set: 15
needed_slices: 35
paths: {0 0 8 8}
slices required:
{2 3 2 3}
slices start:
{2 13 8 71}
tuples:
{12 27 12 17}
dist: 399
dist: 399
dist: 563
dist: 563
31 second(s) taken for solution
43 second(s) taken in total
cost = 1675

