
11 second(s) taken for initialization

vlink src/dst: 7 14
number of protected paths set: 3
needed_slices: 102
paths: {1 1 1 8 8 8}
slices required:
{2 2 2 2 2 2}
slices start:
{0 2 4 0 2 4}
tuples:
{12 12 12 12 12 12}
dist: 636
dist: 636
dist: 636
dist: 724
dist: 724
dist: 724

vlink src/dst: 5 7
number of protected paths set: 3
needed_slices: 15
paths: {0 0 1 1}
slices required:
{2 3 2 3}
slices start:
{6 8 6 8}
tuples:
{20 28 20 27}
dist: 111
dist: 111
dist: 250
dist: 250

vlink src/dst: 5 11
number of protected paths set: 15
needed_slices: 66
paths: {0 0 5 5 5}
slices required:
{2 2 2 2 2}
slices start:
{6 8 11 13 15}
tuples:
{20 20 12 12 12}
dist: 266
dist: 266
dist: 571
dist: 571
dist: 571

vlink src/dst: 5 6
number of protected paths set: 15
needed_slices: 12
paths: {0 0 1 1}
slices required:
{2 2 2 2}
slices start:
{10 12 0 2}
tuples:
{29 29 20 20}
dist: 99
dist: 99
dist: 265
dist: 265

vlink src/dst: 5 18
number of protected paths set: 3
needed_slices: 50
paths: {0 0 2 2 2}
slices required:
{2 3 2 2 2}
slices start:
{4 17 17 19 21}
tuples:
{12 27 12 12 12}
dist: 399
dist: 399
dist: 495
dist: 495
dist: 495

vlink src/dst: 6 18
number of protected paths set: 3
needed_slices: 50
paths: {0 0 2 2 4}
slices required:
{2 4 2 2 2}
slices start:
{23 25 6 8 23}
tuples:
{12 34 12 12 12}
dist: 391
dist: 391
dist: 464
dist: 464
dist: 498

vlink src/dst: 12 18
number of protected paths set: 3
needed_slices: 8
paths: {0 1}
slices required:
{2 2}
slices start:
{0 29}
tuples:
{20 20}
dist: 123
dist: 290

vlink src/dst: 5 16
number of protected paths set: 15
needed_slices: 26
paths: {0 4}
slices required:
{2 2}
slices start:
{31 29}
tuples:
{12 12}
dist: 457
dist: 521

vlink src/dst: 5 17
number of protected paths set: 15
needed_slices: 17
paths: {0 1}
slices required:
{2 3}
slices start:
{20 14}
tuples:
{20 27}
dist: 296
dist: 312

vlink src/dst: 17 18
number of protected paths set: 3
needed_slices: 20
paths: {0 0 1 1}
slices required:
{2 3 2 3}
slices start:
{6 8 0 10}
tuples:
{20 28 20 27}
dist: 181
dist: 181
dist: 231
dist: 231

vlink src/dst: 0 7
number of protected paths set: 3
needed_slices: 78
paths: {1 1 3 5 5}
slices required:
{2 5 2 2 2}
slices start:
{25 31 17 11 31}
tuples:
{12 32 12 12 12}
dist: 609
dist: 609
dist: 681
dist: 689
dist: 689

vlink src/dst: 6 12
number of protected paths set: 15
needed_slices: 33
paths: {1 3}
slices required:
{3 3}
slices start:
{33 33}
tuples:
{27 18}
dist: 375
dist: 420

vlink src/dst: 12 15
number of protected paths set: 15
needed_slices: 24
paths: {0 15}
slices required:
{2 2}
slices start:
{36 0}
tuples:
{12 12}
dist: 324
dist: 667

vlink src/dst: 4 18
number of protected paths set: 3
needed_slices: 66
paths: {2 2 2 3 3 3}
slices required:
{2 2 2 2 2 2}
slices start:
{2 31 33 36 38 40}
tuples:
{12 12 12 12 12 12}
dist: 517
dist: 517
dist: 517
dist: 529
dist: 529
dist: 529

vlink src/dst: 4 9
number of protected paths set: 15
needed_slices: 12
paths: {0 1}
slices required:
{3 3}
slices start:
{4 13}
tuples:
{28 27}
dist: 153
dist: 289

vlink src/dst: 8 18
number of protected paths set: 3
needed_slices: 84
paths: {1 1 1 15 15 15}
slices required:
{2 2 2 2 2 2}
slices start:
{42 44 46 38 40 42}
tuples:
{12 12 12 12 12 12}
dist: 619
dist: 619
dist: 619
dist: 722
dist: 722
dist: 722

vlink src/dst: 4 17
number of protected paths set: 15
needed_slices: 25
paths: {0 3}
slices required:
{2 3}
slices start:
{0 48}
tuples:
{20 18}
dist: 284
dist: 464

vlink src/dst: 9 11
number of protected paths set: 15
needed_slices: 8
paths: {0 1}
slices required:
{2 2}
slices start:
{19 7}
tuples:
{29 12}
dist: 88
dist: 354

vlink src/dst: 0 17
number of protected paths set: 15
needed_slices: 24
paths: {1 9}
slices required:
{2 2}
slices start:
{51 9}
tuples:
{12 12}
dist: 461
dist: 567

vlink src/dst: 17 19
number of protected paths set: 3
needed_slices: 130
paths: {0 0 0 9 9 9 9}
slices required:
{2 2 2 2 2 2 2}
slices start:
{53 55 57 38 40 42 44}
tuples:
{12 12 12 6 6 6 6}
dist: 730
dist: 730
dist: 730
dist: 808
dist: 808
dist: 808
dist: 808

vlink src/dst: 7 19
number of protected paths set: 3
needed_slices: 72
paths: {6 6 12 12}
slices required:
{2 2 2 2}
slices start:
{59 61 13 15}
tuples:
{6 6 6 6}
dist: 946
dist: 946
dist: 985
dist: 985

vlink src/dst: 6 13
number of protected paths set: 3
needed_slices: 30
paths: {3 7}
slices required:
{2 2}
slices start:
{0 51}
tuples:
{12 12}
dist: 683
dist: 723

vlink src/dst: 6 10
number of protected paths set: 15
needed_slices: 76
paths: {2 2 3 3 17}
slices required:
{2 2 2 2 2}
slices start:
{63 65 2 4 46}
tuples:
{12 12 12 12 6}
dist: 586
dist: 586
dist: 605
dist: 605
dist: 1013

vlink src/dst: 1 4
number of protected paths set: 15
needed_slices: 19
paths: {0 0 1 1}
slices required:
{2 2 2 3}
slices start:
{2 4 21 23}
tuples:
{20 20 12 27}
dist: 113
dist: 113
dist: 329
dist: 329

vlink src/dst: 14 17
number of protected paths set: 15
needed_slices: 24
paths: {0 8}
slices required:
{2 2}
slices start:
{53 46}
tuples:
{12 12}
dist: 372
dist: 462

vlink src/dst: 3 18
number of protected paths set: 3
needed_slices: 38
paths: {1 19}
slices required:
{2 3}
slices start:
{11 67}
tuples:
{12 11}
dist: 539
dist: 841

vlink src/dst: 9 13
number of protected paths set: 3
needed_slices: 84
paths: {3 3 3 13 13 13}
slices required:
{2 2 2 2 2 2}
slices start:
{26 36 48 19 26 28}
tuples:
{12 12 12 12 12 12}
dist: 622
dist: 622
dist: 622
dist: 685
dist: 685
dist: 685

vlink src/dst: 4 6
number of protected paths set: 15
needed_slices: 28
paths: {0 0 2 2}
slices required:
{2 3 2 4}
slices start:
{44 46 6 8}
tuples:
{20 27 12 34}
dist: 232
dist: 232
dist: 327
dist: 327

vlink src/dst: 8 9
number of protected paths set: 15
needed_slices: 14
paths: {0 1}
slices required:
{2 2}
slices start:
{11 70}
tuples:
{12 12}
dist: 356
dist: 380

vlink src/dst: 13 15
number of protected paths set: 3
needed_slices: 99
paths: {0 0 6 11 11}
slices required:
{2 5 2 2 2}
slices start:
{6 48 72 74 76}
tuples:
{12 32 12 12 12}
dist: 627
dist: 627
dist: 766
dist: 779
dist: 779

vlink src/dst: 2 4
number of protected paths set: 15
needed_slices: 21
paths: {0 9}
slices required:
{2 3}
slices start:
{9 78}
tuples:
{20 18}
dist: 273
dist: 488

vlink src/dst: 9 19
number of protected paths set: 3
needed_slices: 26
paths: {2 5}
slices required:
{2 2}
slices start:
{81 17}
tuples:
{12 12}
dist: 657
dist: 706

vlink src/dst: 11 12
number of protected paths set: 15
needed_slices: 14
paths: {0 3}
slices required:
{2 2}
slices start:
{2 83}
tuples:
{20 20}
dist: 208
dist: 280

vlink src/dst: 2 11
number of protected paths set: 15
needed_slices: 15
paths: {0 5}
slices required:
{3 3}
slices start:
{0 28}
tuples:
{28 27}
dist: 130
dist: 309

vlink src/dst: 14 18
number of protected paths set: 3
needed_slices: 32
paths: {0 15}
slices required:
{2 2}
slices start:
{13 55}
tuples:
{12 12}
dist: 437
dist: 635

vlink src/dst: 1 11
number of protected paths set: 15
needed_slices: 12
paths: {0 0 1 1}
slices required:
{2 2 2 2}
slices start:
{9 19 3 5}
tuples:
{29 29 20 20}
dist: 85
dist: 85
dist: 176
dist: 176

vlink src/dst: 3 11
number of protected paths set: 15
needed_slices: 45
paths: {2 2 4 4}
slices required:
{2 3 2 3}
slices start:
{7 13 33 78}
tuples:
{12 27 12 27}
dist: 366
dist: 366
dist: 389
dist: 389

vlink src/dst: 2 16
number of protected paths set: 15
needed_slices: 40
paths: {0 0 2 2}
slices required:
{2 3 2 3}
slices start:
{0 2 4 17}
tuples:
{20 27 20 27}
dist: 223
dist: 223
dist: 276
dist: 276

vlink src/dst: 11 13
number of protected paths set: 3
needed_slices: 36
paths: {0 6}
slices required:
{3 3}
slices start:
{21 83}
tuples:
{18 17}
dist: 482
dist: 561

vlink src/dst: 0 2
number of protected paths set: 15
needed_slices: 20
paths: {0 0 2 2}
slices required:
{2 2 2 2}
slices start:
{0 2 24 38}
tuples:
{20 20 20 20}
dist: 271
dist: 271
dist: 291
dist: 291

vlink src/dst: 6 19
number of protected paths set: 3
needed_slices: 84
paths: {0 0 0 7 7 7}
slices required:
{2 2 2 2 2 2}
slices start:
{19 21 23 86 88 90}
tuples:
{12 12 12 12 12 12}
dist: 668
dist: 668
dist: 668
dist: 744
dist: 744
dist: 744

vlink src/dst: 14 16
number of protected paths set: 15
needed_slices: 18
paths: {1 2}
slices required:
{2 2}
slices start:
{5 6}
tuples:
{12 12}
dist: 302
dist: 309

vlink src/dst: 8 10
number of protected paths set: 15
needed_slices: 18
paths: {0 12}
slices required:
{2 2}
slices start:
{11 0}
tuples:
{20 12}
dist: 274
dist: 599

vlink src/dst: 13 14
number of protected paths set: 3
needed_slices: 14
paths: {0 1}
slices required:
{2 2}
slices start:
{0 9}
tuples:
{20 12}
dist: 297
dist: 310

vlink src/dst: 10 14
number of protected paths set: 15
needed_slices: 36
paths: {0 0 0 1 1 1}
slices required:
{2 2 2 2 2 2}
slices start:
{16 18 24 2 7 9}
tuples:
{20 20 20 20 20 20}
dist: 220
dist: 220
dist: 220
dist: 275
dist: 275
dist: 275

vlink src/dst: 3 8
number of protected paths set: 15
needed_slices: 44
paths: {1 1 7 7 7}
slices required:
{2 3 2 2 2}
slices start:
{27 53 2 4 6}
tuples:
{12 27 12 12 12}
dist: 324
dist: 324
dist: 505
dist: 505
dist: 505

vlink src/dst: 0 13
number of protected paths set: 3
needed_slices: 46
paths: {0 0 13 13 13}
slices required:
{2 2 2 2 2}
slices start:
{13 15 13 21 40}
tuples:
{20 20 12 12 12}
dist: 284
dist: 284
dist: 604
dist: 604
dist: 604

vlink src/dst: 15 19
number of protected paths set: 3
needed_slices: 52
paths: {5 5 6 6}
slices required:
{2 2 2 2}
slices start:
{36 56 2 4}
tuples:
{12 12 12 12}
dist: 699
dist: 699
dist: 730
dist: 730

vlink src/dst: 0 8
number of protected paths set: 15
needed_slices: 8
paths: {0 1}
slices required:
{2 2}
slices start:
{13 8}
tuples:
{29 12}
dist: 75
dist: 404

vlink src/dst: 4 8
number of protected paths set: 15
needed_slices: 23
paths: {0 0 5 5}
slices required:
{2 2 2 3}
slices start:
{27 29 0 6}
tuples:
{20 20 12 18}
dist: 203
dist: 203
dist: 484
dist: 484
33 second(s) taken for solution
44 second(s) taken in total
cost = 1938

