
20 second(s) taken for initialization

vlink src/dst: 0 3
number of protected paths set: 3
needed_slices: 18
paths: {0 13}
slices required:
{2 2}
slices start:
{0 0}
tuples:
{12 12}
dist: 308
dist: 509

vlink src/dst: 3 16
number of protected paths set: 3
needed_slices: 44
paths: {0 0 6 6 6}
slices required:
{2 2 2 2 2}
slices start:
{2 4 2 4 6}
tuples:
{20 20 12 12 12}
dist: 133
dist: 133
dist: 541
dist: 541
dist: 541

vlink src/dst: 3 10
number of protected paths set: 3
needed_slices: 68
paths: {3 3 15 15}
slices required:
{2 2 2 2}
slices start:
{6 8 8 10}
tuples:
{12 12 6 6}
dist: 745
dist: 745
dist: 821
dist: 821

vlink src/dst: 3 6
number of protected paths set: 3
needed_slices: 20
paths: {0 12}
slices required:
{2 2}
slices start:
{10 12}
tuples:
{20 12}
dist: 299
dist: 603

vlink src/dst: 3 5
number of protected paths set: 3
needed_slices: 64
paths: {1 1 3 3 3}
slices required:
{3 3 2 2 3}
slices start:
{12 15 14 16 18}
tuples:
{27 27 12 12 18}
dist: 356
dist: 356
dist: 405
dist: 405
dist: 405

vlink src/dst: 12 19
number of protected paths set: 3
needed_slices: 22
paths: {1 4}
slices required:
{2 2}
slices start:
{2 21}
tuples:
{12 12}
dist: 322
dist: 474

vlink src/dst: 16 19
number of protected paths set: 3
needed_slices: 8
paths: {0 1}
slices required:
{2 2}
slices start:
{0 4}
tuples:
{29 20}
dist: 53
dist: 196

vlink src/dst: 6 7
number of protected paths set: 15
needed_slices: 18
paths: {2 4}
slices required:
{2 2}
slices start:
{0 18}
tuples:
{12 12}
dist: 398
dist: 451

vlink src/dst: 6 12
number of protected paths set: 15
needed_slices: 72
paths: {1 1 1 10 10 10}
slices required:
{2 2 2 2 2 2}
slices start:
{4 6 21 23 25 27}
tuples:
{12 12 12 12 12 12}
dist: 435
dist: 435
dist: 435
dist: 588
dist: 588
dist: 588

vlink src/dst: 11 13
number of protected paths set: 15
needed_slices: 78
paths: {1 1 1 3 3 3}
slices required:
{2 2 2 2 2 2}
slices start:
{29 31 33 8 10 18}
tuples:
{12 12 12 12 12 12}
dist: 571
dist: 571
dist: 571
dist: 579
dist: 579
dist: 579

vlink src/dst: 6 16
number of protected paths set: 15
needed_slices: 20
paths: {0 0 2 2}
slices required:
{2 2 2 2}
slices start:
{2 4 2 8}
tuples:
{20 20 20 20}
dist: 166
dist: 166
dist: 271
dist: 271

vlink src/dst: 0 19
number of protected paths set: 3
needed_slices: 12
paths: {0 1}
slices required:
{2 2}
slices start:
{23 6}
tuples:
{20 20}
dist: 160
dist: 231

vlink src/dst: 7 8
number of protected paths set: 15
needed_slices: 27
paths: {2 4}
slices required:
{3 3}
slices start:
{25 23}
tuples:
{27 18}
dist: 355
dist: 428

vlink src/dst: 5 7
number of protected paths set: 15
needed_slices: 20
paths: {3 4}
slices required:
{2 2}
slices start:
{26 20}
tuples:
{12 12}
dist: 415
dist: 455

vlink src/dst: 3 12
number of protected paths set: 3
needed_slices: 36
paths: {0 0 0 1 1 1}
slices required:
{2 2 2 2 2 2}
slices start:
{29 31 33 18 35 37}
tuples:
{20 20 20 20 20 20}
dist: 282
dist: 282
dist: 282
dist: 288
dist: 288
dist: 288

vlink src/dst: 16 18
number of protected paths set: 15
needed_slices: 72
paths: {0 0 3 3 15 15}
slices required:
{2 2 2 2 2 2}
slices start:
{39 41 39 41 8 10}
tuples:
{12 12 12 12 12 12}
dist: 354
dist: 354
dist: 481
dist: 481
dist: 685
dist: 685

vlink src/dst: 2 18
number of protected paths set: 15
needed_slices: 10
paths: {0 1 2}
slices required:
{2 2 2}
slices start:
{0 0 0}
tuples:
{20 20 20}
dist: 101
dist: 260
dist: 263

vlink src/dst: 5 18
number of protected paths set: 15
needed_slices: 26
paths: {0 11}
slices required:
{2 2}
slices start:
{43 43}
tuples:
{12 12}
dist: 338
dist: 577

vlink src/dst: 8 18
number of protected paths set: 15
needed_slices: 80
paths: {0 0 2 2 2}
slices required:
{3 3 2 2 3}
slices start:
{45 48 45 47 49}
tuples:
{27 27 12 12 18}
dist: 351
dist: 351
dist: 485
dist: 485
dist: 485

vlink src/dst: 7 15
number of protected paths set: 15
needed_slices: 66
paths: {0 0 0 10 10 10}
slices required:
{2 2 2 2 2 2}
slices start:
{51 53 55 28 30 32}
tuples:
{12 12 12 12 12 12}
dist: 424
dist: 424
dist: 424
dist: 557
dist: 557
dist: 557

vlink src/dst: 5 16
number of protected paths set: 15
needed_slices: 40
paths: {0 0 3 8}
slices required:
{2 2 3 3}
slices start:
{34 36 22 57}
tuples:
{20 20 27 27}
dist: 173
dist: 173
dist: 304
dist: 353

vlink src/dst: 14 17
number of protected paths set: 15
needed_slices: 24
paths: {1 6}
slices required:
{2 2}
slices start:
{57 60}
tuples:
{12 12}
dist: 491
dist: 562

vlink src/dst: 3 18
number of protected paths set: 3
needed_slices: 14
paths: {0 3}
slices required:
{2 2}
slices start:
{35 62}
tuples:
{20 12}
dist: 221
dist: 388

vlink src/dst: 3 4
number of protected paths set: 3
needed_slices: 44
paths: {0 0 6 6}
slices required:
{2 2 2 2}
slices start:
{64 66 37 60}
tuples:
{12 12 12 12}
dist: 562
dist: 562
dist: 623
dist: 623

vlink src/dst: 4 7
number of protected paths set: 15
needed_slices: 66
paths: {0 1 5 10 13}
slices required:
{2 2 2 2 2}
slices start:
{0 68 12 52 14}
tuples:
{12 12 12 12 6}
dist: 607
dist: 627
dist: 681
dist: 719
dist: 854

vlink src/dst: 7 18
number of protected paths set: 15
needed_slices: 43
paths: {0 0 2 2 2}
slices required:
{2 3 2 2 3}
slices start:
{16 18 8 10 12}
tuples:
{20 27 12 12 18}
dist: 290
dist: 290
dist: 433
dist: 433
dist: 433

vlink src/dst: 7 13
number of protected paths set: 15
needed_slices: 63
paths: {1 1 1 2 2 2}
slices required:
{2 2 3 2 2 3}
slices start:
{2 4 15 35 37 39}
tuples:
{12 12 17 12 12 17}
dist: 537
dist: 537
dist: 537
dist: 550
dist: 550
dist: 550

vlink src/dst: 1 12
number of protected paths set: 15
needed_slices: 33
paths: {1 2}
slices required:
{3 3}
slices start:
{2 64}
tuples:
{18 17}
dist: 456
dist: 523

vlink src/dst: 4 16
number of protected paths set: 15
needed_slices: 72
paths: {1 1 1 5 5 5}
slices required:
{2 2 2 2 2 2}
slices start:
{62 64 66 70 72 74}
tuples:
{12 12 12 12 12 12}
dist: 496
dist: 496
dist: 496
dist: 550
dist: 550
dist: 550

vlink src/dst: 15 16
number of protected paths set: 15
needed_slices: 40
paths: {0 0 5 5}
slices required:
{2 2 2 3}
slices start:
{54 59 76 78}
tuples:
{20 20 12 27}
dist: 275
dist: 275
dist: 366
dist: 366

vlink src/dst: 6 17
number of protected paths set: 15
needed_slices: 80
paths: {0 0 4 10 11 11}
slices required:
{2 2 2 2 2 2}
slices start:
{14 16 68 10 81 83}
tuples:
{12 12 12 12 12 12}
dist: 534
dist: 534
dist: 592
dist: 614
dist: 663
dist: 663

vlink src/dst: 9 16
number of protected paths set: 15
needed_slices: 20
paths: {0 1}
slices required:
{2 2}
slices start:
{10 12}
tuples:
{12 12}
dist: 359
dist: 364

vlink src/dst: 8 17
number of protected paths set: 15
needed_slices: 45
paths: {1 1 4 4}
slices required:
{2 3 2 3}
slices start:
{26 28 5 7}
tuples:
{12 27 12 18}
dist: 384
dist: 384
dist: 462
dist: 462

vlink src/dst: 9 14
number of protected paths set: 15
needed_slices: 18
paths: {1 3}
slices required:
{2 2}
slices start:
{14 4}
tuples:
{12 12}
dist: 317
dist: 328

vlink src/dst: 0 5
number of protected paths set: 15
needed_slices: 16
paths: {0 0 1 1}
slices required:
{2 2 2 2}
slices start:
{0 2 2 10}
tuples:
{20 20 20 20}
dist: 125
dist: 125
dist: 142
dist: 142

vlink src/dst: 0 17
number of protected paths set: 15
needed_slices: 40
paths: {2 2 6 6}
slices required:
{2 2 2 2}
slices start:
{31 33 18 20}
tuples:
{12 12 12 12}
dist: 474
dist: 474
dist: 520
dist: 520

vlink src/dst: 5 13
number of protected paths set: 15
needed_slices: 45
paths: {0 0 2 2 2}
slices required:
{2 3 2 2 2}
slices start:
{0 20 70 72 74}
tuples:
{12 27 12 12 12}
dist: 348
dist: 348
dist: 438
dist: 438
dist: 438

vlink src/dst: 9 13
number of protected paths set: 15
needed_slices: 75
paths: {0 0 13 14 14}
slices required:
{2 3 2 2 2}
slices start:
{6 23 85 14 16}
tuples:
{12 18 12 12 12}
dist: 465
dist: 465
dist: 754
dist: 771
dist: 771

vlink src/dst: 5 15
number of protected paths set: 15
needed_slices: 6
paths: {0 1}
slices required:
{2 2}
slices start:
{2 0}
tuples:
{20 20}
dist: 102
dist: 159

vlink src/dst: 10 14
number of protected paths set: 3
needed_slices: 60
paths: {0 0 3 3}
slices required:
{2 3 2 3}
slices start:
{12 25 16 20}
tuples:
{12 17 12 17}
dist: 528
dist: 528
dist: 570
dist: 570

vlink src/dst: 1 6
number of protected paths set: 15
needed_slices: 22
paths: {0 7}
slices required:
{2 2}
slices start:
{28 0}
tuples:
{12 12}
dist: 380
dist: 488

vlink src/dst: 9 15
number of protected paths set: 15
needed_slices: 51
paths: {0 0 6 7 7}
slices required:
{2 3 2 2 2}
slices start:
{2 12 34 18 25}
tuples:
{20 27 12 12 12}
dist: 219
dist: 219
dist: 442
dist: 457
dist: 457

vlink src/dst: 15 17
number of protected paths set: 15
needed_slices: 28
paths: {0 0 1 1}
slices required:
{2 3 2 4}
slices start:
{2 35 22 24}
tuples:
{20 27 12 34}
dist: 214
dist: 214
dist: 308
dist: 308

vlink src/dst: 12 13
number of protected paths set: 15
needed_slices: 23
paths: {0 0 1 1}
slices required:
{2 2 2 3}
slices start:
{0 5 26 51}
tuples:
{20 20 12 27}
dist: 194
dist: 194
dist: 368
dist: 368

vlink src/dst: 13 18
number of protected paths set: 15
needed_slices: 29
paths: {0 11 11}
slices required:
{3 2 2}
slices start:
{16 54 56}
tuples:
{27 12 12}
dist: 293
dist: 628
dist: 628

vlink src/dst: 17 18
number of protected paths set: 15
needed_slices: 40
paths: {0 0 7 7}
slices required:
{2 3 2 3}
slices start:
{19 21 76 78}
tuples:
{12 27 12 17}
dist: 321
dist: 321
dist: 596
dist: 596

vlink src/dst: 1 5
number of protected paths set: 15
needed_slices: 24
paths: {0 0 1 1}
slices required:
{2 2 2 2}
slices start:
{4 6 10 12}
tuples:
{20 20 20 20}
dist: 278
dist: 278
dist: 290
dist: 290

vlink src/dst: 4 15
number of protected paths set: 15
needed_slices: 23
paths: {0 0 1 1}
slices required:
{2 2 2 3}
slices start:
{0 28 38 40}
tuples:
{20 20 12 27}
dist: 203
dist: 203
dist: 319
dist: 319

vlink src/dst: 1 17
number of protected paths set: 15
needed_slices: 14
paths: {0 8}
slices required:
{2 2}
slices start:
{30 0}
tuples:
{20 12}
dist: 234
dist: 554

vlink src/dst: 4 17
number of protected paths set: 15
needed_slices: 15
paths: {0 0 1 1}
slices required:
{2 3 2 3}
slices start:
{28 32 2 4}
tuples:
{20 28 20 27}
dist: 102
dist: 102
dist: 276
dist: 276
63 second(s) taken for solution
83 second(s) taken in total
cost = 1894

