
9 second(s) taken for initialization

vlink src/dst: 7 16
number of protected paths set: 3
needed_slices: 84
paths: {1 1 1 15 15 15}
slices required:
{2 2 2 2 2 2}
slices start:
{0 2 4 0 2 4}
tuples:
{12 12 12 12 12 12}
dist: 483
dist: 483
dist: 483
dist: 655
dist: 655
dist: 655

vlink src/dst: 13 16
number of protected paths set: 3
needed_slices: 129
paths: {1 1 1 19 19 19 19 19}
slices required:
{2 2 3 2 2 2 2 2}
slices start:
{6 8 10 6 8 10 12 14}
tuples:
{12 12 17 6 6 6 6 6}
dist: 539
dist: 539
dist: 539
dist: 841
dist: 841
dist: 841
dist: 841
dist: 841

vlink src/dst: 12 16
number of protected paths set: 3
needed_slices: 22
paths: {0 17}
slices required:
{2 2}
slices start:
{13 16}
tuples:
{12 12}
dist: 373
dist: 642

vlink src/dst: 0 16
number of protected paths set: 3
needed_slices: 126
paths: {0 1 1 18 18 18 18}
slices required:
{2 2 2 2 2 2 3}
slices start:
{16 18 20 18 20 22 24}
tuples:
{12 12 12 6 6 6 10}
dist: 760
dist: 778
dist: 778
dist: 1004
dist: 1004
dist: 1004
dist: 1004

vlink src/dst: 6 16
number of protected paths set: 3
needed_slices: 49
paths: {0 0 5 5 5}
slices required:
{2 3 2 2 2}
slices start:
{22 24 27 29 31}
tuples:
{12 27 12 12 12}
dist: 331
dist: 331
dist: 452
dist: 452
dist: 452

vlink src/dst: 10 19
number of protected paths set: 3
needed_slices: 96
paths: {2 2 2 5 5 5}
slices required:
{2 2 2 2 2 2}
slices start:
{33 35 37 33 35 37}
tuples:
{12 12 12 12 12 12}
dist: 517
dist: 517
dist: 517
dist: 555
dist: 555
dist: 555

vlink src/dst: 7 19
number of protected paths set: 15
needed_slices: 42
paths: {1 8}
slices required:
{3 3}
slices start:
{39 39}
tuples:
{17 17}
dist: 538
dist: 599

vlink src/dst: 2 16
number of protected paths set: 3
needed_slices: 16
paths: {0 0 1 1}
slices required:
{2 2 2 2}
slices start:
{27 29 42 44}
tuples:
{20 20 20 20}
dist: 181
dist: 181
dist: 231
dist: 231

vlink src/dst: 14 19
number of protected paths set: 15
needed_slices: 78
paths: {0 2 6 11 17}
slices required:
{2 2 2 2 2}
slices start:
{46 48 48 46 0}
tuples:
{12 12 12 12 12}
dist: 486
dist: 522
dist: 548
dist: 584
dist: 740

vlink src/dst: 11 19
number of protected paths set: 15
needed_slices: 30
paths: {3 4}
slices required:
{3 3}
slices start:
{50 50}
tuples:
{18 18}
dist: 415
dist: 455

vlink src/dst: 2 11
number of protected paths set: 15
needed_slices: 40
paths: {1 1 2 2}
slices required:
{2 3 2 3}
slices start:
{31 42 2 33}
tuples:
{20 27 20 27}
dist: 281
dist: 281
dist: 294
dist: 294

vlink src/dst: 1 19
number of protected paths set: 15
needed_slices: 132
paths: {5 5 15 15 17 17 17}
slices required:
{2 2 2 2 2 2 2}
slices start:
{53 55 53 55 4 22 24}
tuples:
{12 12 12 12 6 6 6}
dist: 730
dist: 730
dist: 766
dist: 766
dist: 926
dist: 926
dist: 926

vlink src/dst: 5 12
number of protected paths set: 3
needed_slices: 73
paths: {0 0 17 17 17}
slices required:
{2 3 2 2 2}
slices start:
{18 20 16 42 44}
tuples:
{12 27 12 12 12}
dist: 383
dist: 383
dist: 660
dist: 660
dist: 660

vlink src/dst: 5 14
number of protected paths set: 3
needed_slices: 55
paths: {1 1 16 16}
slices required:
{2 3 2 3}
slices start:
{23 57 36 38}
tuples:
{12 18 12 17}
dist: 452
dist: 452
dist: 563
dist: 563

vlink src/dst: 5 13
number of protected paths set: 3
needed_slices: 90
paths: {1 1 1 16 16 16}
slices required:
{2 2 2 2 2 2}
slices start:
{25 60 62 46 48 53}
tuples:
{12 12 12 12 12 12}
dist: 549
dist: 549
dist: 549
dist: 721
dist: 721
dist: 721

vlink src/dst: 12 17
number of protected paths set: 15
needed_slices: 30
paths: {0 11}
slices required:
{3 3}
slices start:
{55 6}
tuples:
{27 17}
dist: 338
dist: 510

vlink src/dst: 3 11
number of protected paths set: 15
needed_slices: 36
paths: {0 0 8 8}
slices required:
{2 2 2 3}
slices start:
{0 2 64 66}
tuples:
{20 20 12 27}
dist: 173
dist: 173
dist: 353
dist: 353

vlink src/dst: 2 7
number of protected paths set: 15
needed_slices: 72
paths: {1 1 1 8 8 8}
slices required:
{2 2 2 2 2 2}
slices start:
{6 8 10 69 71 73}
tuples:
{12 12 12 12 12 12}
dist: 418
dist: 418
dist: 418
dist: 508
dist: 508
dist: 508

vlink src/dst: 3 12
number of protected paths set: 15
needed_slices: 14
paths: {0 5}
slices required:
{2 2}
slices start:
{15 12}
tuples:
{20 12}
dist: 250
dist: 352

vlink src/dst: 3 14
number of protected paths set: 15
needed_slices: 68
paths: {2 2 6 6 11 11}
slices required:
{2 2 2 2 2 2}
slices start:
{27 29 14 18 4 9}
tuples:
{12 12 12 12 12 12}
dist: 350
dist: 350
dist: 403
dist: 403
dist: 425
dist: 425

vlink src/dst: 12 14
number of protected paths set: 15
needed_slices: 12
paths: {0 2}
slices required:
{2 2}
slices start:
{9 31}
tuples:
{29 20}
dist: 94
dist: 222

vlink src/dst: 9 14
number of protected paths set: 15
needed_slices: 14
paths: {0 3}
slices required:
{2 2}
slices start:
{12 20}
tuples:
{20 12}
dist: 148
dist: 362

vlink src/dst: 10 15
number of protected paths set: 3
needed_slices: 16
paths: {0 4}
slices required:
{2 2}
slices start:
{14 11}
tuples:
{20 12}
dist: 203
dist: 357

vlink src/dst: 9 17
number of protected paths set: 15
needed_slices: 64
paths: {0 0 8 8 10 10}
slices required:
{2 2 2 2 2 2}
slices start:
{58 60 75 77 31 50}
tuples:
{12 12 12 12 12 12}
dist: 399
dist: 399
dist: 481
dist: 481
dist: 564
dist: 564

vlink src/dst: 7 17
number of protected paths set: 15
needed_slices: 22
paths: {1 12}
slices required:
{2 2}
slices start:
{62 79}
tuples:
{12 12}
dist: 392
dist: 555

vlink src/dst: 4 19
number of protected paths set: 15
needed_slices: 62
paths: {0 0 15 15 16}
slices required:
{2 2 2 2 2}
slices start:
{81 83 64 66 2}
tuples:
{12 12 12 12 12}
dist: 552
dist: 552
dist: 752
dist: 752
dist: 757

vlink src/dst: 2 15
number of protected paths set: 15
needed_slices: 18
paths: {0 3}
slices required:
{2 2}
slices start:
{85 69}
tuples:
{12 12}
dist: 304
dist: 383

vlink src/dst: 6 15
number of protected paths set: 15
needed_slices: 6
paths: {0 1}
slices required:
{2 2}
slices start:
{2 0}
tuples:
{29 20}
dist: 85
dist: 176

vlink src/dst: 9 15
number of protected paths set: 15
needed_slices: 41
paths: {0 0 3 3}
slices required:
{2 2 2 3}
slices start:
{18 20 6 23}
tuples:
{20 20 12 27}
dist: 292
dist: 292
dist: 378
dist: 378

vlink src/dst: 14 17
number of protected paths set: 15
needed_slices: 14
paths: {0 6}
slices required:
{2 2}
slices start:
{75 2}
tuples:
{20 12}
dist: 295
dist: 413

vlink src/dst: 4 10
number of protected paths set: 3
needed_slices: 60
paths: {1 1 8 8 8}
slices required:
{2 3 2 2 2}
slices start:
{57 64 50 52 68}
tuples:
{12 27 12 12 12}
dist: 321
dist: 321
dist: 453
dist: 453
dist: 453

vlink src/dst: 14 15
number of protected paths set: 15
needed_slices: 16
paths: {0 0 1 1}
slices required:
{2 2 2 2}
slices start:
{11 22 2 27}
tuples:
{20 20 20 20}
dist: 144
dist: 144
dist: 240
dist: 240

vlink src/dst: 10 13
number of protected paths set: 3
needed_slices: 18
paths: {0 9}
slices required:
{2 2}
slices start:
{22 14}
tuples:
{20 12}
dist: 156
dist: 495

vlink src/dst: 1 7
number of protected paths set: 15
needed_slices: 8
paths: {0 2}
slices required:
{2 3}
slices start:
{0 0}
tuples:
{20 27}
dist: 228
dist: 339

vlink src/dst: 1 9
number of protected paths set: 15
needed_slices: 18
paths: {0 2}
slices required:
{2 2}
slices start:
{16 75}
tuples:
{12 12}
dist: 301
dist: 352

vlink src/dst: 4 6
number of protected paths set: 15
needed_slices: 36
paths: {0 0 3 3 4}
slices required:
{2 3 2 2 2}
slices start:
{26 28 4 6 16}
tuples:
{20 27 12 12 12}
dist: 213
dist: 213
dist: 405
dist: 405
dist: 407

vlink src/dst: 0 12
number of protected paths set: 15
needed_slices: 88
paths: {1 1 14 14 17 17}
slices required:
{2 2 2 2 2 2}
slices start:
{77 79 26 28 42 44}
tuples:
{12 12 12 12 12 12}
dist: 525
dist: 525
dist: 674
dist: 674
dist: 775
dist: 775

vlink src/dst: 4 11
number of protected paths set: 15
needed_slices: 28
paths: {0 0 2 2}
slices required:
{2 3 2 4}
slices start:
{31 33 0 8}
tuples:
{20 27 12 34}
dist: 230
dist: 230
dist: 332
dist: 332

vlink src/dst: 11 13
number of protected paths set: 15
needed_slices: 46
paths: {0 0 7 7 11}
slices required:
{2 3 2 2 2}
slices start:
{29 39 36 38 55}
tuples:
{20 27 12 12 12}
dist: 232
dist: 232
dist: 406
dist: 406
dist: 457

vlink src/dst: 8 13
number of protected paths set: 15
needed_slices: 12
paths: {0 3}
slices required:
{2 2}
slices start:
{0 6}
tuples:
{20 12}
dist: 127
dist: 369

vlink src/dst: 0 8
number of protected paths set: 15
needed_slices: 72
paths: {1 1 1 11 11 11}
slices required:
{2 2 2 2 2 2}
slices start:
{2 4 67 8 10 33}
tuples:
{12 12 12 12 12 12}
dist: 461
dist: 461
dist: 461
dist: 584
dist: 584
dist: 584

vlink src/dst: 4 15
number of protected paths set: 15
needed_slices: 29
paths: {0 0 1 1}
slices required:
{2 3 2 4}
slices start:
{0 40 0 9}
tuples:
{20 28 12 34}
dist: 128
dist: 128
dist: 395
dist: 395

vlink src/dst: 11 17
number of protected paths set: 15
needed_slices: 10
paths: {0 4}
slices required:
{2 2}
slices start:
{18 13}
tuples:
{20 12}
dist: 160
dist: 371

vlink src/dst: 5 15
number of protected paths set: 3
needed_slices: 33
paths: {2 4}
slices required:
{3 3}
slices start:
{77 71}
tuples:
{18 18}
dist: 418
dist: 458

vlink src/dst: 16 18
number of protected paths set: 3
needed_slices: 90
paths: {2 2 2 5 5 5}
slices required:
{2 2 2 2 2 2}
slices start:
{74 87 89 57 59 61}
tuples:
{12 12 12 12 12 12}
dist: 745
dist: 745
dist: 745
dist: 768
dist: 768
dist: 768

vlink src/dst: 1 4
number of protected paths set: 15
needed_slices: 18
paths: {0 6}
slices required:
{2 3}
slices start:
{0 18}
tuples:
{20 18}
dist: 199
dist: 441

vlink src/dst: 4 13
number of protected paths set: 15
needed_slices: 30
paths: {0 0 0 1 1 1}
slices required:
{2 2 2 2 2 2}
slices start:
{26 28 30 13 15 27}
tuples:
{20 20 20 20 20 20}
dist: 172
dist: 172
dist: 172
dist: 252
dist: 252
dist: 252

vlink src/dst: 7 10
number of protected paths set: 3
needed_slices: 23
paths: {0 0 1 1}
slices required:
{2 2 2 3}
slices start:
{24 52 62 64}
tuples:
{29 29 20 28}
dist: 74
dist: 74
dist: 172
dist: 172

vlink src/dst: 0 15
number of protected paths set: 15
needed_slices: 45
paths: {0 0 9 9 9}
slices required:
{2 3 2 2 2}
slices start:
{43 50 4 15 27}
tuples:
{12 27 12 12 12}
dist: 362
dist: 362
dist: 601
dist: 601
dist: 601

vlink src/dst: 15 18
number of protected paths set: 15
needed_slices: 18
paths: {0 4}
slices required:
{3 3}
slices start:
{57 17}
tuples:
{27 18}
dist: 329
dist: 471
51 second(s) taken for solution
60 second(s) taken in total
cost = 2249

