
12 second(s) taken for initialization

vlink src/dst: 0 14
number of protected paths set: 3
needed_slices: 14
paths: {0 2}
slices required:
{2 2}
slices start:
{0 0}
tuples:
{20 12}
dist: 223
dist: 383

vlink src/dst: 0 8
number of protected paths set: 3
needed_slices: 16
paths: {0 0 1 1 1}
slices required:
{2 2 2 2 2}
slices start:
{2 4 2 4 6}
tuples:
{29 29 12 12 12}
dist: 85
dist: 85
dist: 482
dist: 482
dist: 482

vlink src/dst: 0 16
number of protected paths set: 3
needed_slices: 20
paths: {0 2}
slices required:
{2 2}
slices start:
{8 6}
tuples:
{12 12}
dist: 446
dist: 519

vlink src/dst: 8 10
number of protected paths set: 15
needed_slices: 48
paths: {0 0 2 2}
slices required:
{2 3 2 4}
slices start:
{2 8 0 10}
tuples:
{20 27 12 34}
dist: 284
dist: 284
dist: 365
dist: 365

vlink src/dst: 0 9
number of protected paths set: 3
needed_slices: 46
paths: {0 0 13 13 13}
slices required:
{2 2 2 2 2}
slices start:
{8 10 11 13 15}
tuples:
{20 20 12 12 12}
dist: 284
dist: 284
dist: 604
dist: 604
dist: 604

vlink src/dst: 0 13
number of protected paths set: 3
needed_slices: 40
paths: {0 14 14}
slices required:
{3 2 2}
slices start:
{12 17 19}
tuples:
{27 12 12}
dist: 360
dist: 738
dist: 738

vlink src/dst: 0 12
number of protected paths set: 3
needed_slices: 66
paths: {1 1 9 9 9}
slices required:
{2 3 2 2 2}
slices start:
{15 17 21 23 25}
tuples:
{12 17 12 12 12}
dist: 527
dist: 527
dist: 691
dist: 691
dist: 691

vlink src/dst: 3 8
number of protected paths set: 15
needed_slices: 45
paths: {0 0 5 5}
slices required:
{2 3 2 3}
slices start:
{4 11 14 16}
tuples:
{12 27 12 18}
dist: 334
dist: 334
dist: 437
dist: 437

vlink src/dst: 8 9
number of protected paths set: 15
needed_slices: 32
paths: {0 0 6 6}
slices required:
{2 2 2 3}
slices start:
{0 2 21 23}
tuples:
{20 20 12 18}
dist: 199
dist: 199
dist: 441
dist: 441

vlink src/dst: 1 8
number of protected paths set: 15
needed_slices: 24
paths: {2 9}
slices required:
{2 2}
slices start:
{27 4}
tuples:
{12 12}
dist: 507
dist: 599

vlink src/dst: 4 14
number of protected paths set: 15
needed_slices: 16
paths: {0 0 2 2}
slices required:
{2 2 2 2}
slices start:
{0 2 14 21}
tuples:
{29 29 20 20}
dist: 62
dist: 62
dist: 261
dist: 261

vlink src/dst: 16 18
number of protected paths set: 15
needed_slices: 33
paths: {0 7}
slices required:
{3 3}
slices start:
{0 29}
tuples:
{27 18}
dist: 380
dist: 488

vlink src/dst: 14 16
number of protected paths set: 15
needed_slices: 27
paths: {2 4}
slices required:
{3 3}
slices start:
{32 8}
tuples:
{27 27}
dist: 321
dist: 355

vlink src/dst: 4 16
number of protected paths set: 15
needed_slices: 18
paths: {0 3}
slices required:
{2 2}
slices start:
{16 35}
tuples:
{20 12}
dist: 289
dist: 389

vlink src/dst: 2 14
number of protected paths set: 15
needed_slices: 12
paths: {1 2}
slices required:
{2 2}
slices start:
{4 37}
tuples:
{20 12}
dist: 249
dist: 301

vlink src/dst: 3 4
number of protected paths set: 15
needed_slices: 16
paths: {0 5}
slices required:
{2 2}
slices start:
{18 23}
tuples:
{20 12}
dist: 196
dist: 389

vlink src/dst: 9 14
number of protected paths set: 15
needed_slices: 25
paths: {0 0 2 2}
slices required:
{2 3 2 3}
slices start:
{6 11 32 34}
tuples:
{20 27 20 27}
dist: 204
dist: 204
dist: 220
dist: 220

vlink src/dst: 1 14
number of protected paths set: 15
needed_slices: 18
paths: {2 7}
slices required:
{2 2}
slices start:
{25 39}
tuples:
{12 12}
dist: 409
dist: 466

vlink src/dst: 6 18
number of protected paths set: 15
needed_slices: 24
paths: {2 3}
slices required:
{2 2}
slices start:
{27 6}
tuples:
{12 12}
dist: 467
dist: 478

vlink src/dst: 7 11
number of protected paths set: 15
needed_slices: 50
paths: {1 13 15}
slices required:
{2 2 2}
slices start:
{29 19 0}
tuples:
{12 12 6}
dist: 671
dist: 798
dist: 871

vlink src/dst: 4 9
number of protected paths set: 15
needed_slices: 12
paths: {0 0 1 1}
slices required:
{2 2 2 2}
slices start:
{0 2 12 37}
tuples:
{20 20 20 20}
dist: 142
dist: 142
dist: 150
dist: 150

vlink src/dst: 6 19
number of protected paths set: 3
needed_slices: 102
paths: {0 0 0 12 12 12}
slices required:
{2 2 2 2 2 2}
slices start:
{2 8 21 31 33 35}
tuples:
{12 12 12 12 12 12}
dist: 701
dist: 701
dist: 701
dist: 761
dist: 761
dist: 761

vlink src/dst: 8 17
number of protected paths set: 15
needed_slices: 126
paths: {0 0 0 11 11 11 11}
slices required:
{2 2 2 2 2 2 2}
slices start:
{41 43 45 21 23 25 27}
tuples:
{12 12 12 6 6 6 6}
dist: 663
dist: 663
dist: 663
dist: 870
dist: 870
dist: 870
dist: 870

vlink src/dst: 2 11
number of protected paths set: 15
needed_slices: 20
paths: {0 11}
slices required:
{2 2}
slices start:
{23 6}
tuples:
{12 12}
dist: 464
dist: 636

vlink src/dst: 2 18
number of protected paths set: 15
needed_slices: 24
paths: {0 0 1 1}
slices required:
{2 2 2 2}
slices start:
{39 47 29 39}
tuples:
{20 20 20 20}
dist: 278
dist: 278
dist: 290
dist: 290

vlink src/dst: 6 11
number of protected paths set: 15
needed_slices: 96
paths: {4 4 4 12 12 12}
slices required:
{2 2 2 2 2 2}
slices start:
{41 43 45 31 33 35}
tuples:
{12 12 12 12 12 12}
dist: 681
dist: 681
dist: 681
dist: 767
dist: 767
dist: 767

vlink src/dst: 11 19
number of protected paths set: 3
needed_slices: 17
paths: {0 1}
slices required:
{2 3}
slices start:
{0 15}
tuples:
{29 17}
dist: 64
dist: 523

vlink src/dst: 8 11
number of protected paths set: 15
needed_slices: 50
paths: {0 0 2 2 5}
slices required:
{2 4 2 2 2}
slices start:
{6 37 37 39 47}
tuples:
{12 34 12 12 12}
dist: 305
dist: 305
dist: 431
dist: 431
dist: 504

vlink src/dst: 8 15
number of protected paths set: 15
needed_slices: 24
paths: {0 8}
slices required:
{2 2}
slices start:
{41 49}
tuples:
{12 12}
dist: 476
dist: 641

vlink src/dst: 1 19
number of protected paths set: 3
needed_slices: 78
paths: {2 2 2 5 5 5}
slices required:
{2 2 2 2 2 2}
slices start:
{49 51 53 10 12 29}
tuples:
{12 12 12 12 12 12}
dist: 657
dist: 657
dist: 657
dist: 706
dist: 706
dist: 706

vlink src/dst: 8 12
number of protected paths set: 15
needed_slices: 33
paths: {0 7}
slices required:
{3 3}
slices start:
{43 51}
tuples:
{27 17}
dist: 376
dist: 554

vlink src/dst: 5 8
number of protected paths set: 15
needed_slices: 32
paths: {3 7}
slices required:
{2 2}
slices start:
{55 55}
tuples:
{12 12}
dist: 734
dist: 768

vlink src/dst: 4 11
number of protected paths set: 15
needed_slices: 42
paths: {0 0 7 9 9}
slices required:
{2 4 2 2 2}
slices start:
{4 49 4 14 26}
tuples:
{12 34 12 12 12}
dist: 310
dist: 310
dist: 501
dist: 509
dist: 509

vlink src/dst: 17 18
number of protected paths set: 15
needed_slices: 84
paths: {1 2 2 8 8 9}
slices required:
{2 2 2 2 2 2}
slices start:
{57 59 61 59 61 57}
tuples:
{12 12 12 12 12 12}
dist: 555
dist: 616
dist: 616
dist: 726
dist: 726
dist: 774

vlink src/dst: 5 19
number of protected paths set: 3
needed_slices: 112
paths: {1 1 1 10 10 10}
slices required:
{2 2 3 2 2 3}
slices start:
{46 48 50 63 65 67}
tuples:
{6 6 11 6 6 11}
dist: 830
dist: 830
dist: 830
dist: 893
dist: 893
dist: 893

vlink src/dst: 4 17
number of protected paths set: 15
needed_slices: 78
paths: {8 8 8 11 11 11}
slices required:
{2 2 2 2 2 2}
slices start:
{8 37 39 11 37 70}
tuples:
{12 12 12 12 12 12}
dist: 640
dist: 640
dist: 640
dist: 682
dist: 682
dist: 682

vlink src/dst: 5 11
number of protected paths set: 15
needed_slices: 26
paths: {0 1}
slices required:
{2 2}
slices start:
{72 2}
tuples:
{12 12}
dist: 762
dist: 772

vlink src/dst: 11 18
number of protected paths set: 15
needed_slices: 34
paths: {0 0 3 3}
slices required:
{2 3 2 4}
slices start:
{0 18 57 59}
tuples:
{20 27 12 34}
dist: 219
dist: 219
dist: 367
dist: 367

vlink src/dst: 9 19
number of protected paths set: 3
needed_slices: 32
paths: {0 0 2 2}
slices required:
{2 2 2 3}
slices start:
{31 33 70 72}
tuples:
{20 20 12 27}
dist: 298
dist: 298
dist: 360
dist: 360

vlink src/dst: 9 13
number of protected paths set: 15
needed_slices: 9
paths: {0 1}
slices required:
{3 3}
slices start:
{4 75}
tuples:
{28 28}
dist: 148
dist: 192

vlink src/dst: 1 10
number of protected paths set: 15
needed_slices: 56
paths: {0 0 14 14 14}
slices required:
{2 3 2 2 2}
slices start:
{0 2 6 41 43}
tuples:
{12 27 12 12 12}
dist: 338
dist: 338
dist: 510
dist: 510
dist: 510

vlink src/dst: 6 10
number of protected paths set: 15
needed_slices: 32
paths: {0 0 5 5}
slices required:
{2 2 2 3}
slices start:
{5 7 2 4}
tuples:
{20 20 12 27}
dist: 250
dist: 250
dist: 352
dist: 352

vlink src/dst: 5 10
number of protected paths set: 15
needed_slices: 32
paths: {0 12}
slices required:
{2 2}
slices start:
{9 74}
tuples:
{12 12}
dist: 503
dist: 639

vlink src/dst: 1 3
number of protected paths set: 15
needed_slices: 14
paths: {0 4}
slices required:
{2 2}
slices start:
{8 0}
tuples:
{20 12}
dist: 263
dist: 368

vlink src/dst: 3 16
number of protected paths set: 15
needed_slices: 19
paths: {0 0 2 2}
slices required:
{2 2 2 3}
slices start:
{3 11 21 23}
tuples:
{29 29 20 27}
dist: 93
dist: 93
dist: 260
dist: 260

vlink src/dst: 6 7
number of protected paths set: 15
needed_slices: 12
paths: {0 0 1 1}
slices required:
{2 2 2 2}
slices start:
{7 9 2 11}
tuples:
{20 20 20 20}
dist: 103
dist: 103
dist: 124
dist: 124

vlink src/dst: 2 6
number of protected paths set: 15
needed_slices: 16
paths: {0 8}
slices required:
{2 2}
slices start:
{4 5}
tuples:
{20 12}
dist: 173
dist: 353

vlink src/dst: 2 5
number of protected paths set: 15
needed_slices: 68
paths: {0 0 9 9 11 11}
slices required:
{2 2 2 2 2 2}
slices start:
{13 15 11 13 14 16}
tuples:
{12 12 12 12 12 12}
dist: 387
dist: 387
dist: 548
dist: 548
dist: 614
dist: 614

vlink src/dst: 2 17
number of protected paths set: 15
needed_slices: 26
paths: {0 11}
slices required:
{2 2}
slices start:
{18 17}
tuples:
{12 12}
dist: 338
dist: 577

vlink src/dst: 5 17
number of protected paths set: 15
needed_slices: 15
paths: {0 0 2 2}
slices required:
{2 3 2 3}
slices start:
{0 2 0 4}
tuples:
{20 28 20 27}
dist: 101
dist: 101
dist: 263
dist: 263
42 second(s) taken for solution
54 second(s) taken in total
cost = 1911

