
5 second(s) taken for initialization

vlink src/dst: 13 19
number of protected paths set: 3
needed_slices: 18
paths: {0 9}
slices required:
{2 2}
slices start:
{0 0}
tuples:
{20 12}
dist: 199
dist: 527

vlink src/dst: 7 19
number of protected paths set: 3
needed_slices: 46
paths: {0 0 6 6 6}
slices required:
{2 2 2 2 2}
slices start:
{2 4 2 4 6}
tuples:
{20 20 12 12 12}
dist: 231
dist: 231
dist: 444
dist: 444
dist: 444

vlink src/dst: 12 19
number of protected paths set: 3
needed_slices: 27
paths: {1 2}
slices required:
{3 3}
slices start:
{8 8}
tuples:
{27 27}
dist: 329
dist: 347

vlink src/dst: 9 19
number of protected paths set: 3
needed_slices: 26
paths: {0 17}
slices required:
{2 2}
slices start:
{6 11}
tuples:
{12 12}
dist: 418
dist: 624

vlink src/dst: 10 17
number of protected paths set: 3
needed_slices: 22
paths: {2 5}
slices required:
{2 2}
slices start:
{0 13}
tuples:
{12 12}
dist: 420
dist: 486

vlink src/dst: 0 1
number of protected paths set: 15
needed_slices: 45
paths: {0 0 2 2}
slices required:
{2 3 2 3}
slices start:
{15 17 13 15}
tuples:
{12 27 12 18}
dist: 375
dist: 375
dist: 441
dist: 441

vlink src/dst: 5 10
number of protected paths set: 3
needed_slices: 152
paths: {3 3 3 3 15 15 15 15}
slices required:
{2 2 2 2 2 2 2 2}
slices start:
{11 20 22 24 18 20 22 24}
tuples:
{6 6 6 6 6 6 6 6}
dist: 875
dist: 875
dist: 875
dist: 875
dist: 912
dist: 912
dist: 912
dist: 912

vlink src/dst: 7 10
number of protected paths set: 3
needed_slices: 66
paths: {0 0 8 9 9}
slices required:
{2 4 2 2 2}
slices start:
{26 28 26 28 30}
tuples:
{12 34 12 12 12}
dist: 361
dist: 361
dist: 535
dist: 543
dist: 543

vlink src/dst: 4 19
number of protected paths set: 3
needed_slices: 26
paths: {3 4}
slices required:
{2 2}
slices start:
{32 32}
tuples:
{12 12}
dist: 595
dist: 605

vlink src/dst: 3 19
number of protected paths set: 3
needed_slices: 84
paths: {2 2 2 7 7 7}
slices required:
{2 2 2 2 2 2}
slices start:
{34 36 38 34 36 38}
tuples:
{12 12 12 12 12 12}
dist: 690
dist: 690
dist: 690
dist: 728
dist: 728
dist: 728

vlink src/dst: 0 5
number of protected paths set: 3
needed_slices: 118
paths: {0 0 0 10 10 10 10}
slices required:
{2 2 2 2 2 2 2}
slices start:
{40 42 44 40 42 44 46}
tuples:
{12 12 12 6 6 6 6}
dist: 744
dist: 744
dist: 744
dist: 820
dist: 820
dist: 820
dist: 820

vlink src/dst: 10 11
number of protected paths set: 3
needed_slices: 136
paths: {0 0 0 4 4 4 4}
slices required:
{2 2 2 2 2 2 2}
slices start:
{46 48 50 48 50 52 54}
tuples:
{12 12 12 6 6 6 6}
dist: 789
dist: 789
dist: 789
dist: 814
dist: 814
dist: 814
dist: 814

vlink src/dst: 8 13
number of protected paths set: 15
needed_slices: 80
paths: {0 0 0 6 7 7}
slices required:
{2 2 3 2 2 2}
slices start:
{11 13 15 56 58 60}
tuples:
{12 12 17 12 12 12}
dist: 560
dist: 560
dist: 560
dist: 594
dist: 600
dist: 600

vlink src/dst: 6 7
number of protected paths set: 15
needed_slices: 36
paths: {1 11}
slices required:
{3 3}
slices start:
{18 62}
tuples:
{18 17}
dist: 441
dist: 567

vlink src/dst: 7 11
number of protected paths set: 15
needed_slices: 84
paths: {0 1 1 9 9 10}
slices required:
{2 2 2 2 2 2}
slices start:
{32 52 54 2 4 8}
tuples:
{12 12 12 12 12 12}
dist: 442
dist: 453
dist: 453
dist: 575
dist: 575
dist: 584

vlink src/dst: 1 17
number of protected paths set: 15
needed_slices: 8
paths: {0 1}
slices required:
{2 2}
slices start:
{0 0}
tuples:
{20 20}
dist: 156
dist: 167

vlink src/dst: 3 7
number of protected paths set: 15
needed_slices: 66
paths: {1 1 1 11 11 11}
slices required:
{2 2 2 2 2 2}
slices start:
{21 23 40 20 22 24}
tuples:
{12 12 12 12 12 12}
dist: 471
dist: 471
dist: 471
dist: 617
dist: 617
dist: 617

vlink src/dst: 13 16
number of protected paths set: 3
needed_slices: 60
paths: {3 3 5 5}
slices required:
{2 2 2 2}
slices start:
{10 12 42 44}
tuples:
{12 12 12 12}
dist: 773
dist: 773
dist: 780
dist: 780

vlink src/dst: 4 7
number of protected paths set: 15
needed_slices: 55
paths: {2 2 10 10 10}
slices required:
{2 3 2 2 2}
slices start:
{56 58 26 28 30}
tuples:
{12 27 12 12 12}
dist: 380
dist: 380
dist: 483
dist: 483
dist: 483

vlink src/dst: 7 9
number of protected paths set: 3
needed_slices: 44
paths: {1 1 2 2}
slices required:
{2 2 2 3}
slices start:
{34 36 40 56}
tuples:
{20 20 12 27}
dist: 269
dist: 269
dist: 305
dist: 305

vlink src/dst: 9 17
number of protected paths set: 3
needed_slices: 41
paths: {1 1 3 3}
slices required:
{2 2 2 3}
slices start:
{42 44 2 4}
tuples:
{20 20 12 27}
dist: 275
dist: 275
dist: 336
dist: 336

vlink src/dst: 11 13
number of protected paths set: 15
needed_slices: 84
paths: {1 1 1 3 3 3}
slices required:
{2 2 2 2 2 2}
slices start:
{59 61 63 38 46 61}
tuples:
{12 12 12 12 12 12}
dist: 496
dist: 496
dist: 496
dist: 533
dist: 533
dist: 533

vlink src/dst: 1 12
number of protected paths set: 15
needed_slices: 10
paths: {0 1}
slices required:
{2 2}
slices start:
{11 0}
tuples:
{20 20}
dist: 175
dist: 200

vlink src/dst: 9 13
number of protected paths set: 3
needed_slices: 42
paths: {0 0 8 8}
slices required:
{2 2 2 3}
slices start:
{46 65 7 15}
tuples:
{20 20 12 27}
dist: 219
dist: 219
dist: 393
dist: 393

vlink src/dst: 9 12
number of protected paths set: 3
needed_slices: 16
paths: {1 2}
slices required:
{2 2}
slices start:
{0 32}
tuples:
{20 20}
dist: 288
dist: 289

vlink src/dst: 4 17
number of protected paths set: 15
needed_slices: 24
paths: {0 6}
slices required:
{2 2}
slices start:
{18 63}
tuples:
{12 12}
dist: 443
dist: 518

vlink src/dst: 17 18
number of protected paths set: 3
needed_slices: 78
paths: {0 0 7 7 7}
slices required:
{2 3 2 2 2}
slices start:
{65 67 65 67 69}
tuples:
{12 17 12 12 12}
dist: 503
dist: 503
dist: 633
dist: 633
dist: 633

vlink src/dst: 10 19
number of protected paths set: 3
needed_slices: 12
paths: {0 1}
slices required:
{2 2}
slices start:
{52 56}
tuples:
{20 20}
dist: 224
dist: 283

vlink src/dst: 5 18
number of protected paths set: 3
needed_slices: 140
paths: {1 1 1 17 17 17}
slices required:
{2 2 3 2 2 3}
slices start:
{71 73 75 70 72 74}
tuples:
{6 6 11 6 6 10}
dist: 874
dist: 874
dist: 874
dist: 1022
dist: 1022
dist: 1022

vlink src/dst: 15 18
number of protected paths set: 3
needed_slices: 133
paths: {3 3 3 9 9 9}
slices required:
{2 2 3 2 2 3}
slices start:
{0 6 10 58 78 80}
tuples:
{6 6 11 6 6 11}
dist: 808
dist: 808
dist: 808
dist: 873
dist: 873
dist: 873

vlink src/dst: 4 18
number of protected paths set: 3
needed_slices: 98
paths: {1 2 2 7 7 15}
slices required:
{2 2 2 2 2 3}
slices start:
{2 83 85 4 8 87}
tuples:
{12 12 12 12 12 11}
dist: 666
dist: 727
dist: 727
dist: 772
dist: 772
dist: 820

vlink src/dst: 1 8
number of protected paths set: 15
needed_slices: 82
paths: {1 1 1 8 8 8 8}
slices required:
{2 2 3 2 2 2 2}
slices start:
{6 65 67 52 54 90 92}
tuples:
{12 12 17 12 12 12 12}
dist: 532
dist: 532
dist: 532
dist: 609
dist: 609
dist: 609
dist: 609

vlink src/dst: 4 12
number of protected paths set: 15
needed_slices: 21
paths: {0 1}
slices required:
{3 3}
slices start:
{13 2}
tuples:
{27 27}
dist: 270
dist: 354

vlink src/dst: 1 4
number of protected paths set: 15
needed_slices: 21
paths: {0 9}
slices required:
{2 3}
slices start:
{14 18}
tuples:
{20 18}
dist: 287
dist: 432

vlink src/dst: 5 17
number of protected paths set: 3
needed_slices: 24
paths: {0 3}
slices required:
{2 2}
slices start:
{9 83}
tuples:
{12 12}
dist: 509
dist: 592

vlink src/dst: 2 15
number of protected paths set: 15
needed_slices: 55
paths: {0 0 3 3 3}
slices required:
{2 3 2 2 2}
slices start:
{8 10 25 27 29}
tuples:
{12 27 12 12 12}
dist: 325
dist: 325
dist: 434
dist: 434
dist: 434

vlink src/dst: 2 5
number of protected paths set: 3
needed_slices: 55
paths: {1 1 5 5}
slices required:
{2 3 2 3}
slices start:
{13 26 34 85}
tuples:
{12 18 12 17}
dist: 462
dist: 462
dist: 521
dist: 521

vlink src/dst: 2 14
number of protected paths set: 15
needed_slices: 18
paths: {1 2}
slices required:
{2 2}
slices start:
{0 16}
tuples:
{12 12}
dist: 464
dist: 491

vlink src/dst: 2 8
number of protected paths set: 15
needed_slices: 24
paths: {0 7}
slices required:
{3 3}
slices start:
{2 62}
tuples:
{18 17}
dist: 403
dist: 505

vlink src/dst: 2 3
number of protected paths set: 15
needed_slices: 14
paths: {0 1}
slices required:
{2 2}
slices start:
{8 16}
tuples:
{12 12}
dist: 378
dist: 415

vlink src/dst: 2 16
number of protected paths set: 3
needed_slices: 22
paths: {3 4}
slices required:
{2 2}
slices start:
{21 48}
tuples:
{12 12}
dist: 638
dist: 654

vlink src/dst: 5 14
number of protected paths set: 3
needed_slices: 79
paths: {1 1 18 18 18}
slices required:
{2 3 2 2 3}
slices start:
{36 65 29 31 48}
tuples:
{12 17 6 6 11}
dist: 551
dist: 551
dist: 840
dist: 840
dist: 840

vlink src/dst: 8 11
number of protected paths set: 15
needed_slices: 24
paths: {0 14}
slices required:
{2 2}
slices start:
{21 56}
tuples:
{12 12}
dist: 434
dist: 684

vlink src/dst: 3 4
number of protected paths set: 15
needed_slices: 15
paths: {0 0 1 1}
slices required:
{2 3 2 3}
slices start:
{0 2 16 42}
tuples:
{20 28 20 27}
dist: 133
dist: 133
dist: 207
dist: 207

vlink src/dst: 15 16
number of protected paths set: 3
needed_slices: 33
paths: {3 4}
slices required:
{3 3}
slices start:
{68 26}
tuples:
{17 17}
dist: 574
dist: 583

vlink src/dst: 3 6
number of protected paths set: 15
needed_slices: 24
paths: {1 3}
slices required:
{3 3}
slices start:
{0 52}
tuples:
{18 17}
dist: 495
dist: 526

vlink src/dst: 14 16
number of protected paths set: 3
needed_slices: 8
paths: {0 1}
slices required:
{2 3}
slices start:
{0 3}
tuples:
{20 27}
dist: 174
dist: 316

vlink src/dst: 14 18
number of protected paths set: 3
needed_slices: 72
paths: {1 1 1 13 13 13}
slices required:
{2 2 2 2 2 2}
slices start:
{13 15 17 2 6 10}
tuples:
{12 12 12 12 12 12}
dist: 630
dist: 630
dist: 630
dist: 790
dist: 790
dist: 790

vlink src/dst: 3 16
number of protected paths set: 3
needed_slices: 12
paths: {0 6}
slices required:
{2 2}
slices start:
{6 6}
tuples:
{20 12}
dist: 237
dist: 556

vlink src/dst: 6 16
number of protected paths set: 3
needed_slices: 32
paths: {2 2 4 4}
slices required:
{2 2 2 2}
slices start:
{8 19 4 8}
tuples:
{12 12 12 12}
dist: 540
dist: 540
dist: 560
dist: 560
29 second(s) taken for solution
34 second(s) taken in total
cost = 2512

