
7 second(s) taken for initialization

vlink src/dst: 0 19
number of protected paths set: 15
needed_slices: 10
paths: {0 1}
slices required:
{2 2}
slices start:
{0 0}
tuples:
{20 20}
dist: 138
dist: 204

vlink src/dst: 13 19
number of protected paths set: 15
needed_slices: 33
paths: {0 0 8 8}
slices required:
{2 2 2 3}
slices start:
{2 4 2 4}
tuples:
{20 20 12 18}
dist: 161
dist: 161
dist: 474
dist: 474

vlink src/dst: 9 19
number of protected paths set: 15
needed_slices: 37
paths: {0 0 2 2}
slices required:
{2 2 2 3}
slices start:
{6 8 7 9}
tuples:
{20 20 12 27}
dist: 292
dist: 292
dist: 341
dist: 341

vlink src/dst: 14 19
number of protected paths set: 15
needed_slices: 40
paths: {0 0 2 2}
slices required:
{2 3 2 3}
slices start:
{12 14 0 2}
tuples:
{20 27 20 27}
dist: 213
dist: 213
dist: 285
dist: 285

vlink src/dst: 4 19
number of protected paths set: 15
needed_slices: 60
paths: {1 1 1 2 2 2}
slices required:
{2 2 2 2 2 2}
slices start:
{17 19 21 10 12 14}
tuples:
{12 12 12 12 12 12}
dist: 446
dist: 446
dist: 446
dist: 449
dist: 449
dist: 449

vlink src/dst: 2 13
number of protected paths set: 15
needed_slices: 22
paths: {0 0 1 1}
slices required:
{2 2 2 4}
slices start:
{0 16 0 7}
tuples:
{29 29 12 34}
dist: 58
dist: 58
dist: 355
dist: 355

vlink src/dst: 2 3
number of protected paths set: 3
needed_slices: 34
paths: {0 12}
slices required:
{2 2}
slices start:
{2 7}
tuples:
{12 12}
dist: 701
dist: 761

vlink src/dst: 1 2
number of protected paths set: 15
needed_slices: 32
paths: {4 13}
slices required:
{2 2}
slices start:
{9 4}
tuples:
{12 12}
dist: 681
dist: 767

vlink src/dst: 2 16
number of protected paths set: 3
needed_slices: 60
paths: {0 0 3 3}
slices required:
{2 2 2 2}
slices start:
{18 20 23 25}
tuples:
{12 12 12 12}
dist: 765
dist: 765
dist: 788
dist: 788

vlink src/dst: 0 12
number of protected paths set: 15
needed_slices: 64
paths: {1 1 11 11 13}
slices required:
{2 2 2 2 2}
slices start:
{0 27 27 29 27}
tuples:
{12 12 12 12 6}
dist: 398
dist: 398
dist: 650
dist: 650
dist: 872

vlink src/dst: 0 11
number of protected paths set: 15
needed_slices: 50
paths: {2 2 8 8}
slices required:
{2 3 2 3}
slices start:
{29 31 5 23}
tuples:
{12 27 12 27}
dist: 324
dist: 324
dist: 392
dist: 392

vlink src/dst: 0 4
number of protected paths set: 15
needed_slices: 18
paths: {1 6}
slices required:
{2 2}
slices start:
{34 31}
tuples:
{12 12}
dist: 308
dist: 445

vlink src/dst: 10 19
number of protected paths set: 15
needed_slices: 78
paths: {2 2 2 12 12 12}
slices required:
{2 2 2 2 2 2}
slices start:
{36 38 40 22 24 33}
tuples:
{12 12 12 12 12 12}
dist: 471
dist: 471
dist: 471
dist: 718
dist: 718
dist: 718

vlink src/dst: 2 17
number of protected paths set: 15
needed_slices: 54
paths: {1 12 17}
slices required:
{3 3 2}
slices start:
{11 42 16}
tuples:
{18 17 12}
dist: 416
dist: 574
dist: 687

vlink src/dst: 15 19
number of protected paths set: 15
needed_slices: 72
paths: {2 2 2 11 11 11}
slices required:
{2 2 2 2 2 2}
slices start:
{45 47 49 35 37 39}
tuples:
{12 12 12 12 12 12}
dist: 415
dist: 415
dist: 415
dist: 524
dist: 524
dist: 524

vlink src/dst: 0 9
number of protected paths set: 15
needed_slices: 28
paths: {0 0 2 2}
slices required:
{2 2 2 2}
slices start:
{51 53 45 47}
tuples:
{20 20 20 20}
dist: 198
dist: 198
dist: 291
dist: 291

vlink src/dst: 11 15
number of protected paths set: 15
needed_slices: 48
paths: {0 0 11 11}
slices required:
{2 2 2 2}
slices start:
{14 16 2 6}
tuples:
{12 12 12 12}
dist: 426
dist: 426
dist: 609
dist: 609

vlink src/dst: 9 13
number of protected paths set: 15
needed_slices: 8
paths: {0 1}
slices required:
{2 2}
slices start:
{0 0}
tuples:
{20 12}
dist: 131
dist: 319

vlink src/dst: 6 7
number of protected paths set: 15
needed_slices: 68
paths: {0 0 2 2 2}
slices required:
{2 3 2 2 2}
slices start:
{2 4 55 57 59}
tuples:
{12 27 12 12 12}
dist: 351
dist: 351
dist: 485
dist: 485
dist: 485

vlink src/dst: 6 8
number of protected paths set: 15
needed_slices: 45
paths: {0 0 1 1}
slices required:
{2 3 2 3}
slices start:
{61 63 12 23}
tuples:
{12 27 12 27}
dist: 323
dist: 323
dist: 350
dist: 350

vlink src/dst: 12 19
number of protected paths set: 15
needed_slices: 26
paths: {1 12}
slices required:
{2 2}
slices start:
{66 41}
tuples:
{12 12}
dist: 536
dist: 654

vlink src/dst: 7 19
number of protected paths set: 15
needed_slices: 52
paths: {0 0 4 4}
slices required:
{2 2 2 2}
slices start:
{43 49 68 70}
tuples:
{12 12 12 12}
dist: 457
dist: 457
dist: 521
dist: 521

vlink src/dst: 4 18
number of protected paths set: 15
needed_slices: 20
paths: {0 0 1 1}
slices required:
{2 3 2 3}
slices start:
{2 4 0 55}
tuples:
{20 28 20 27}
dist: 198
dist: 198
dist: 243
dist: 243

vlink src/dst: 3 8
number of protected paths set: 3
needed_slices: 128
paths: {2 2 2 2 7 7 7 7}
slices required:
{2 2 2 2 2 2 2 2}
slices start:
{29 31 42 58 0 8 10 12}
tuples:
{6 6 6 6 6 6 6 6}
dist: 831
dist: 831
dist: 831
dist: 831
dist: 891
dist: 891
dist: 891
dist: 891

vlink src/dst: 5 7
number of protected paths set: 15
needed_slices: 28
paths: {2 10}
slices required:
{2 2}
slices start:
{18 14}
tuples:
{12 12}
dist: 616
dist: 726

vlink src/dst: 2 7
number of protected paths set: 15
needed_slices: 43
paths: {0 3 3}
slices required:
{3 2 2}
slices start:
{51 72 74}
tuples:
{27 12 12}
dist: 354
dist: 481
dist: 481

vlink src/dst: 2 5
number of protected paths set: 15
needed_slices: 24
paths: {2 3}
slices required:
{2 2}
slices start:
{14 76}
tuples:
{12 12}
dist: 467
dist: 478

vlink src/dst: 11 19
number of protected paths set: 15
needed_slices: 65
paths: {4 4 7 7 7}
slices required:
{2 3 2 2 2}
slices start:
{29 31 20 34 36}
tuples:
{12 27 12 12 12}
dist: 386
dist: 386
dist: 419
dist: 419
dist: 419

vlink src/dst: 3 19
number of protected paths set: 3
needed_slices: 30
paths: {1 5}
slices required:
{2 2}
slices start:
{5 51}
tuples:
{12 12}
dist: 726
dist: 743

vlink src/dst: 17 18
number of protected paths set: 15
needed_slices: 18
paths: {2 4}
slices required:
{2 2}
slices start:
{22 7}
tuples:
{12 12}
dist: 366
dist: 389

vlink src/dst: 1 6
number of protected paths set: 15
needed_slices: 24
paths: {1 10}
slices required:
{2 2}
slices start:
{14 38}
tuples:
{12 12}
dist: 532
dist: 687

vlink src/dst: 6 12
number of protected paths set: 15
needed_slices: 45
paths: {1 1 6 6}
slices required:
{2 3 2 3}
slices start:
{55 60 36 45}
tuples:
{12 27 12 18}
dist: 373
dist: 373
dist: 473
dist: 473

vlink src/dst: 3 7
number of protected paths set: 3
needed_slices: 44
paths: {0 13}
slices required:
{2 3}
slices start:
{16 63}
tuples:
{12 11}
dist: 767
dist: 995

vlink src/dst: 6 16
number of protected paths set: 3
needed_slices: 72
paths: {0 3 3 6 6 11}
slices required:
{2 2 2 2 2 2}
slices start:
{18 78 80 0 7 82}
tuples:
{12 12 12 12 12 12}
dist: 653
dist: 671
dist: 671
dist: 694
dist: 694
dist: 712

vlink src/dst: 6 11
number of protected paths set: 15
needed_slices: 16
paths: {0 6}
slices required:
{2 2}
slices start:
{9 16}
tuples:
{20 12}
dist: 237
dist: 352

vlink src/dst: 13 16
number of protected paths set: 3
needed_slices: 30
paths: {0 15}
slices required:
{2 2}
slices start:
{2 82}
tuples:
{12 6}
dist: 707
dist: 846

vlink src/dst: 6 17
number of protected paths set: 15
needed_slices: 25
paths: {0 14}
slices required:
{2 3}
slices start:
{20 45}
tuples:
{20 18}
dist: 282
dist: 497

vlink src/dst: 12 15
number of protected paths set: 15
needed_slices: 24
paths: {0 3}
slices required:
{3 3}
slices start:
{18 84}
tuples:
{27 18}
dist: 324
dist: 460

vlink src/dst: 4 8
number of protected paths set: 15
needed_slices: 14
paths: {0 6}
slices required:
{2 2}
slices start:
{4 4}
tuples:
{12 12}
dist: 327
dist: 543

vlink src/dst: 8 12
number of protected paths set: 15
needed_slices: 20
paths: {1 2}
slices required:
{2 2}
slices start:
{31 87}
tuples:
{12 12}
dist: 539
dist: 555

vlink src/dst: 3 18
number of protected paths set: 3
needed_slices: 81
paths: {0 0 0 8 9 9}
slices required:
{2 2 3 2 2 2}
slices start:
{36 38 44 26 11 24}
tuples:
{12 12 17 12 12 12}
dist: 511
dist: 511
dist: 511
dist: 647
dist: 649
dist: 649

vlink src/dst: 16 18
number of protected paths set: 3
needed_slices: 20
paths: {2 5}
slices required:
{2 2}
slices start:
{9 60}
tuples:
{12 12}
dist: 598
dist: 669

vlink src/dst: 11 12
number of protected paths set: 15
needed_slices: 16
paths: {0 9}
slices required:
{2 2}
slices start:
{8 38}
tuples:
{20 12}
dist: 279
dist: 517

vlink src/dst: 5 12
number of protected paths set: 15
needed_slices: 10
paths: {0 3}
slices required:
{2 2}
slices start:
{10 2}
tuples:
{20 12}
dist: 132
dist: 389

vlink src/dst: 1 5
number of protected paths set: 15
needed_slices: 34
paths: {0 0 3 3}
slices required:
{2 3 2 4}
slices start:
{0 4 14 18}
tuples:
{20 27 12 34}
dist: 219
dist: 219
dist: 367
dist: 367

vlink src/dst: 1 3
number of protected paths set: 3
needed_slices: 34
paths: {0 0 1 1 1}
slices required:
{2 2 2 2 2}
slices start:
{4 6 16 22 33}
tuples:
{29 29 12 12 12}
dist: 64
dist: 64
dist: 523
dist: 523
dist: 523

vlink src/dst: 3 16
number of protected paths set: 3
needed_slices: 20
paths: {0 12}
slices required:
{2 2}
slices start:
{27 35}
tuples:
{12 12}
dist: 328
dist: 738

vlink src/dst: 1 11
number of protected paths set: 15
needed_slices: 66
paths: {0 0 4 4 4}
slices required:
{3 3 2 2 3}
slices start:
{48 53 40 47 53}
tuples:
{27 27 12 12 18}
dist: 372
dist: 372
dist: 449
dist: 449
dist: 449

vlink src/dst: 4 7
number of protected paths set: 15
needed_slices: 52
paths: {1 2 2 4 4 4}
slices required:
{2 2 2 2 2 3}
slices start:
{43 21 23 6 16 45}
tuples:
{12 12 12 12 12 18}
dist: 422
dist: 426
dist: 426
dist: 485
dist: 485
dist: 485

vlink src/dst: 4 10
number of protected paths set: 15
needed_slices: 8
paths: {0 1}
slices required:
{2 2}
slices start:
{48 0}
tuples:
{20 20}
dist: 267
dist: 273
38 second(s) taken for solution
45 second(s) taken in total
cost = 1950

