
10 second(s) taken for initialization

vlink src/dst: 15 18
number of protected paths set: 3
needed_slices: 6
paths: {0 1}
slices required:
{2 2}
slices start:
{0 0}
tuples:
{20 12}
dist: 252
dist: 315

vlink src/dst: 5 15
number of protected paths set: 3
needed_slices: 48
paths: {0 0 6 6}
slices required:
{2 2 2 2}
slices start:
{2 4 2 4}
tuples:
{12 12 12 12}
dist: 482
dist: 482
dist: 561
dist: 561

vlink src/dst: 17 18
number of protected paths set: 3
needed_slices: 24
paths: {0 3}
slices required:
{2 2}
slices start:
{2 0}
tuples:
{12 12}
dist: 469
dist: 571

vlink src/dst: 13 18
number of protected paths set: 3
needed_slices: 84
paths: {3 3 3 13 13 13}
slices required:
{2 2 2 2 2 2}
slices start:
{6 8 10 4 6 8}
tuples:
{12 12 12 12 12 12}
dist: 706
dist: 706
dist: 706
dist: 746
dist: 746
dist: 746

vlink src/dst: 8 14
number of protected paths set: 15
needed_slices: 30
paths: {2 10}
slices required:
{3 3}
slices start:
{12 12}
tuples:
{18 17}
dist: 434
dist: 553

vlink src/dst: 8 18
number of protected paths set: 15
needed_slices: 20
paths: {0 0 1 1}
slices required:
{2 2 2 2}
slices start:
{15 17 0 2}
tuples:
{29 29 20 20}
dist: 45
dist: 45
dist: 202
dist: 202

vlink src/dst: 9 14
number of protected paths set: 15
needed_slices: 24
paths: {2 4}
slices required:
{2 2}
slices start:
{2 15}
tuples:
{12 12}
dist: 495
dist: 505

vlink src/dst: 18 19
number of protected paths set: 15
needed_slices: 14
paths: {0 5}
slices required:
{2 2}
slices start:
{19 4}
tuples:
{20 12}
dist: 152
dist: 354

vlink src/dst: 4 18
number of protected paths set: 15
needed_slices: 41
paths: {0 0 5 5}
slices required:
{2 2 2 3}
slices start:
{21 23 6 8}
tuples:
{20 20 12 27}
dist: 210
dist: 210
dist: 354
dist: 354

vlink src/dst: 8 19
number of protected paths set: 15
needed_slices: 12
paths: {0 1}
slices required:
{2 2}
slices start:
{17 11}
tuples:
{20 20}
dist: 107
dist: 210

vlink src/dst: 5 18
number of protected paths set: 15
needed_slices: 52
paths: {0 1 5 5}
slices required:
{2 3 2 4}
slices start:
{25 27 13 15}
tuples:
{20 27 12 34}
dist: 282
dist: 304
dist: 389
dist: 389

vlink src/dst: 10 18
number of protected paths set: 15
needed_slices: 72
paths: {1 1 12 12 12}
slices required:
{2 4 2 2 3}
slices start:
{30 32 11 19 21}
tuples:
{12 34 12 12 17}
dist: 392
dist: 392
dist: 555
dist: 555
dist: 555

vlink src/dst: 0 18
number of protected paths set: 15
needed_slices: 84
paths: {5 5 5 7 7 7}
slices required:
{2 2 2 2 2 2}
slices start:
{36 38 40 24 26 28}
tuples:
{12 12 12 12 12 12}
dist: 603
dist: 603
dist: 603
dist: 615
dist: 615
dist: 615

vlink src/dst: 5 8
number of protected paths set: 15
needed_slices: 37
paths: {1 1 3 3}
slices required:
{2 2 2 3}
slices start:
{42 44 4 19}
tuples:
{20 20 12 27}
dist: 259
dist: 259
dist: 319
dist: 319

vlink src/dst: 9 19
number of protected paths set: 15
needed_slices: 12
paths: {0 1}
slices required:
{2 2}
slices start:
{0 46}
tuples:
{20 20}
dist: 142
dist: 175

vlink src/dst: 3 16
number of protected paths set: 15
needed_slices: 28
paths: {0 12}
slices required:
{2 2}
slices start:
{2 15}
tuples:
{12 6}
dist: 539
dist: 838

vlink src/dst: 5 6
number of protected paths set: 15
needed_slices: 6
paths: {0 1}
slices required:
{2 2}
slices start:
{0 0}
tuples:
{29 20}
dist: 85
dist: 176

vlink src/dst: 4 9
number of protected paths set: 15
needed_slices: 32
paths: {1 1 2 2}
slices required:
{2 2 2 2}
slices start:
{22 30 48 50}
tuples:
{20 20 20 20}
dist: 215
dist: 215
dist: 234
dist: 234

vlink src/dst: 0 9
number of protected paths set: 15
needed_slices: 78
paths: {0 0 0 12 12 12}
slices required:
{2 2 2 2 2 2}
slices start:
{36 38 40 52 54 56}
tuples:
{12 12 12 12 12 12}
dist: 473
dist: 473
dist: 473
dist: 625
dist: 625
dist: 625

vlink src/dst: 7 9
number of protected paths set: 15
needed_slices: 32
paths: {4 6}
slices required:
{2 2}
slices start:
{58 32}
tuples:
{12 12}
dist: 589
dist: 612

vlink src/dst: 4 19
number of protected paths set: 15
needed_slices: 19
paths: {0 0 1 1}
slices required:
{2 2 2 3}
slices start:
{0 6 32 42}
tuples:
{29 29 20 27}
dist: 58
dist: 58
dist: 210
dist: 210

vlink src/dst: 1 15
number of protected paths set: 3
needed_slices: 36
paths: {0 0 5 5}
slices required:
{2 2 2 2}
slices start:
{10 15 60 62}
tuples:
{20 20 12 12}
dist: 227
dist: 227
dist: 539
dist: 539

vlink src/dst: 1 6
number of protected paths set: 15
needed_slices: 12
paths: {0 2}
slices required:
{2 2}
slices start:
{0 17}
tuples:
{20 12}
dist: 185
dist: 356

vlink src/dst: 4 17
number of protected paths set: 3
needed_slices: 33
paths: {0 4}
slices required:
{3 3}
slices start:
{4 17}
tuples:
{17 17}
dist: 528
dist: 577

vlink src/dst: 5 14
number of protected paths set: 15
needed_slices: 24
paths: {0 3}
slices required:
{3 3}
slices start:
{7 27}
tuples:
{27 18}
dist: 361
dist: 488

vlink src/dst: 15 17
number of protected paths set: 3
needed_slices: 83
paths: {0 0 17 17 17}
slices required:
{2 3 2 2 3}
slices start:
{20 22 64 66 68}
tuples:
{12 27 6 6 11}
dist: 326
dist: 326
dist: 824
dist: 824
dist: 824

vlink src/dst: 16 19
number of protected paths set: 15
needed_slices: 72
paths: {5 5 11 11 12 12}
slices required:
{2 2 2 2 2 2}
slices start:
{10 30 10 20 27 29}
tuples:
{12 12 12 12 12 12}
dist: 522
dist: 522
dist: 577
dist: 577
dist: 580
dist: 580

vlink src/dst: 1 2
number of protected paths set: 15
needed_slices: 26
paths: {0 7}
slices required:
{2 2}
slices start:
{12 6}
tuples:
{12 12}
dist: 532
dist: 662

vlink src/dst: 3 4
number of protected paths set: 15
needed_slices: 12
paths: {0 4}
slices required:
{2 2}
slices start:
{0 8}
tuples:
{29 12}
dist: 75
dist: 320

vlink src/dst: 12 17
number of protected paths set: 3
needed_slices: 96
paths: {1 1 1 10 10 10}
slices required:
{2 2 2 2 2 2}
slices start:
{2 7 12 46 48 50}
tuples:
{6 6 6 6 6 6}
dist: 830
dist: 830
dist: 830
dist: 893
dist: 893
dist: 893

vlink src/dst: 0 19
number of protected paths set: 15
needed_slices: 20
paths: {0 15}
slices required:
{2 2}
slices start:
{14 0}
tuples:
{12 12}
dist: 353
dist: 619

vlink src/dst: 12 19
number of protected paths set: 15
needed_slices: 36
paths: {1 4}
slices required:
{3 3}
slices start:
{42 24}
tuples:
{18 17}
dist: 459
dist: 502

vlink src/dst: 3 11
number of protected paths set: 15
needed_slices: 55
paths: {0 0 6 6 6}
slices required:
{2 3 2 2 3}
slices start:
{12 14 0 2 8}
tuples:
{20 27 12 12 18}
dist: 290
dist: 290
dist: 445
dist: 445
dist: 445

vlink src/dst: 6 14
number of protected paths set: 15
needed_slices: 38
paths: {0 0 4 4 4}
slices required:
{2 2 2 2 2}
slices start:
{17 19 22 24 46}
tuples:
{20 20 12 12 12}
dist: 276
dist: 276
dist: 489
dist: 489
dist: 489

vlink src/dst: 7 14
number of protected paths set: 15
needed_slices: 78
paths: {3 3 3 8 8 8}
slices required:
{2 2 2 2 2 2}
slices start:
{17 22 30 21 52 54}
tuples:
{12 12 12 12 12 12}
dist: 676
dist: 676
dist: 676
dist: 784
dist: 784
dist: 784

vlink src/dst: 10 11
number of protected paths set: 15
needed_slices: 16
paths: {0 0 1 1}
slices required:
{2 2 2 2}
slices start:
{4 6 10 17}
tuples:
{20 20 20 20}
dist: 153
dist: 153
dist: 289
dist: 289

vlink src/dst: 5 10
number of protected paths set: 15
needed_slices: 19
paths: {0 0 1 1}
slices required:
{2 2 2 3}
slices start:
{0 2 19 23}
tuples:
{29 29 12 27}
dist: 88
dist: 88
dist: 354
dist: 354

vlink src/dst: 6 11
number of protected paths set: 15
needed_slices: 8
paths: {0 1}
slices required:
{2 2}
slices start:
{0 56}
tuples:
{20 12}
dist: 113
dist: 329

vlink src/dst: 0 1
number of protected paths set: 15
needed_slices: 62
paths: {0 0 6 6 6}
slices required:
{2 3 2 2 2}
slices start:
{4 14 60 62 71}
tuples:
{12 27 12 12 12}
dist: 400
dist: 400
dist: 580
dist: 580
dist: 580

vlink src/dst: 14 17
number of protected paths set: 3
needed_slices: 16
paths: {0 2}
slices required:
{2 3}
slices start:
{14 31}
tuples:
{20 18}
dist: 150
dist: 436

vlink src/dst: 11 16
number of protected paths set: 15
needed_slices: 54
paths: {0 0 1 1 1 3}
slices required:
{2 2 2 2 3 2}
slices start:
{26 28 24 26 32 34}
tuples:
{12 12 12 12 18 12}
dist: 475
dist: 475
dist: 487
dist: 487
dist: 487
dist: 517

vlink src/dst: 0 16
number of protected paths set: 15
needed_slices: 20
paths: {1 5}
slices required:
{2 2}
slices start:
{36 0}
tuples:
{12 12}
dist: 577
dist: 665

vlink src/dst: 14 16
number of protected paths set: 15
needed_slices: 12
paths: {0 0 1 1}
slices required:
{2 2 2 2}
slices start:
{7 12 28 35}
tuples:
{29 29 20 20}
dist: 86
dist: 86
dist: 221
dist: 221

vlink src/dst: 0 2
number of protected paths set: 15
needed_slices: 14
paths: {0 5}
slices required:
{2 2}
slices start:
{0 28}
tuples:
{20 12}
dist: 271
dist: 598

vlink src/dst: 2 5
number of protected paths set: 15
needed_slices: 50
paths: {0 0 3 3 3}
slices required:
{2 2 2 2 2}
slices start:
{4 6 30 34 42}
tuples:
{20 20 12 12 12}
dist: 262
dist: 262
dist: 415
dist: 415
dist: 415

vlink src/dst: 2 11
number of protected paths set: 15
needed_slices: 35
paths: {0 0 6 6}
slices required:
{2 3 2 3}
slices start:
{14 16 9 64}
tuples:
{12 27 12 17}
dist: 327
dist: 327
dist: 543
dist: 543

vlink src/dst: 2 3
number of protected paths set: 15
needed_slices: 40
paths: {0 0 2 2}
slices required:
{2 2 2 3}
slices start:
{4 13 8 64}
tuples:
{20 20 12 27}
dist: 298
dist: 298
dist: 376
dist: 376

vlink src/dst: 7 11
number of protected paths set: 15
needed_slices: 16
paths: {2 4}
slices required:
{2 2}
slices start:
{4 30}
tuples:
{12 12}
dist: 426
dist: 485

vlink src/dst: 2 13
number of protected paths set: 3
needed_slices: 108
paths: {1 1 1 6 6 6 6 6}
slices required:
{2 2 4 2 2 2 2 2}
slices start:
{19 34 67 38 40 42 44 58}
tuples:
{12 12 24 6 6 6 6 6}
dist: 759
dist: 759
dist: 759
dist: 834
dist: 834
dist: 834
dist: 834
dist: 834

vlink src/dst: 7 13
number of protected paths set: 3
needed_slices: 85
paths: {2 2 2 15 15 15}
slices required:
{2 2 2 2 2 3}
slices start:
{46 48 50 36 60 71}
tuples:
{12 12 12 6 6 11}
dist: 721
dist: 721
dist: 721
dist: 911
dist: 911
dist: 911
39 second(s) taken for solution
49 second(s) taken in total
cost = 1931

