
10 second(s) taken for initialization

vlink src/dst: 3 8
number of protected paths set: 15
needed_slices: 6
paths: {0 1}
slices required:
{2 2}
slices start:
{0 0}
tuples:
{29 20}
dist: 56
dist: 171

vlink src/dst: 3 7
number of protected paths set: 15
needed_slices: 42
paths: {0 0 7 8 8}
slices required:
{2 3 2 2 2}
slices start:
{2 4 2 4 6}
tuples:
{20 28 12 12 12}
dist: 161
dist: 161
dist: 473
dist: 474
dist: 474

vlink src/dst: 7 8
number of protected paths set: 15
needed_slices: 28
paths: {0 0 4 4}
slices required:
{2 2 2 2}
slices start:
{8 10 0 4}
tuples:
{20 20 12 12}
dist: 124
dist: 124
dist: 416
dist: 416

vlink src/dst: 3 9
number of protected paths set: 15
needed_slices: 49
paths: {0 0 11 11 13}
slices required:
{2 2 2 3 2}
slices start:
{8 10 0 2 12}
tuples:
{20 20 12 27 12}
dist: 248
dist: 248
dist: 368
dist: 368
dist: 384

vlink src/dst: 3 19
number of protected paths set: 15
needed_slices: 12
paths: {0 3}
slices required:
{2 2}
slices start:
{12 5}
tuples:
{20 20}
dist: 163
dist: 249

vlink src/dst: 8 12
number of protected paths set: 15
needed_slices: 12
paths: {0 1}
slices required:
{2 2}
slices start:
{0 6}
tuples:
{20 20}
dist: 176
dist: 219

vlink src/dst: 8 9
number of protected paths set: 15
needed_slices: 32
paths: {0 0 6 6}
slices required:
{2 2 2 3}
slices start:
{14 16 8 10}
tuples:
{20 20 12 27}
dist: 192
dist: 192
dist: 321
dist: 321

vlink src/dst: 1 3
number of protected paths set: 15
needed_slices: 18
paths: {1 2}
slices required:
{2 2}
slices start:
{7 14}
tuples:
{12 12}
dist: 302
dist: 309

vlink src/dst: 13 18
number of protected paths set: 3
needed_slices: 60
paths: {0 0 7 7}
slices required:
{2 2 2 2}
slices start:
{16 18 6 8}
tuples:
{12 12 12 12}
dist: 538
dist: 538
dist: 617
dist: 617

vlink src/dst: 14 15
number of protected paths set: 3
needed_slices: 87
paths: {0 0 1 2 2 2}
slices required:
{2 2 2 2 2 3}
slices start:
{18 20 14 20 22 24}
tuples:
{12 12 12 12 12 17}
dist: 552
dist: 552
dist: 574
dist: 582
dist: 582
dist: 582

vlink src/dst: 9 19
number of protected paths set: 15
needed_slices: 6
paths: {0 1}
slices required:
{2 2}
slices start:
{6 16}
tuples:
{29 20}
dist: 85
dist: 124

vlink src/dst: 9 15
number of protected paths set: 15
needed_slices: 10
paths: {0 1}
slices required:
{2 2}
slices start:
{22 18}
tuples:
{20 20}
dist: 175
dist: 200

vlink src/dst: 3 16
number of protected paths set: 15
needed_slices: 26
paths: {0 3}
slices required:
{2 2}
slices start:
{9 24}
tuples:
{12 12}
dist: 576
dist: 609

vlink src/dst: 1 19
number of protected paths set: 15
needed_slices: 16
paths: {0 1}
slices required:
{2 2}
slices start:
{20 24}
tuples:
{20 20}
dist: 215
dist: 233

vlink src/dst: 1 15
number of protected paths set: 15
needed_slices: 12
paths: {0 1}
slices required:
{2 2}
slices start:
{0 2}
tuples:
{20 20}
dist: 139
dist: 177

vlink src/dst: 5 18
number of protected paths set: 3
needed_slices: 20
paths: {0 11}
slices required:
{2 2}
slices start:
{4 26}
tuples:
{12 12}
dist: 316
dist: 532

vlink src/dst: 8 17
number of protected paths set: 15
needed_slices: 24
paths: {1 9}
slices required:
{2 2}
slices start:
{28 14}
tuples:
{12 12}
dist: 480
dist: 617

vlink src/dst: 8 16
number of protected paths set: 15
needed_slices: 22
paths: {0 2}
slices required:
{2 2}
slices start:
{4 30}
tuples:
{12 12}
dist: 529
dist: 553

vlink src/dst: 10 19
number of protected paths set: 15
needed_slices: 48
paths: {1 1 3 3}
slices required:
{2 4 2 4}
slices start:
{13 32 16 28}
tuples:
{12 34 12 34}
dist: 337
dist: 337
dist: 381
dist: 381

vlink src/dst: 2 19
number of protected paths set: 15
needed_slices: 16
paths: {1 2}
slices required:
{2 2}
slices start:
{32 22}
tuples:
{20 12}
dist: 286
dist: 304

vlink src/dst: 0 15
number of protected paths set: 15
needed_slices: 16
paths: {1 2}
slices required:
{2 2}
slices start:
{10 6}
tuples:
{20 20}
dist: 221
dist: 261

vlink src/dst: 2 9
number of protected paths set: 15
needed_slices: 15
paths: {0 4}
slices required:
{2 3}
slices start:
{24 0}
tuples:
{20 27}
dist: 259
dist: 358

vlink src/dst: 0 13
number of protected paths set: 15
needed_slices: 96
paths: {1 1 1 9 9 9}
slices required:
{2 2 2 2 2 2}
slices start:
{28 30 32 34 36 38}
tuples:
{12 12 12 12 12 12}
dist: 588
dist: 588
dist: 588
dist: 695
dist: 695
dist: 695

vlink src/dst: 17 19
number of protected paths set: 15
needed_slices: 18
paths: {1 6}
slices required:
{2 2}
slices start:
{36 18}
tuples:
{12 12}
dist: 373
dist: 473

vlink src/dst: 17 18
number of protected paths set: 3
needed_slices: 80
paths: {7 7 7 9 9 10}
slices required:
{2 2 3 2 2 2}
slices start:
{12 16 26 12 20 22}
tuples:
{12 12 17 12 12 12}
dist: 519
dist: 519
dist: 519
dist: 529
dist: 529
dist: 529

vlink src/dst: 1 10
number of protected paths set: 15
needed_slices: 40
paths: {1 1 6 6 6}
slices required:
{2 2 2 2 2}
slices start:
{0 14 0 2 4}
tuples:
{20 20 12 12 12}
dist: 242
dist: 242
dist: 419
dist: 419
dist: 419

vlink src/dst: 4 5
number of protected paths set: 3
needed_slices: 72
paths: {3 3 3 6 6 6}
slices required:
{2 2 2 2 2 2}
slices start:
{22 24 29 2 4 6}
tuples:
{12 12 12 12 12 12}
dist: 589
dist: 589
dist: 589
dist: 628
dist: 628
dist: 628

vlink src/dst: 4 15
number of protected paths set: 3
needed_slices: 20
paths: {0 3}
slices required:
{2 2}
slices start:
{24 2}
tuples:
{12 12}
dist: 419
dist: 461

vlink src/dst: 1 16
number of protected paths set: 15
needed_slices: 60
paths: {2 2 2 10 10 10}
slices required:
{2 2 2 2 2 2}
slices start:
{18 40 42 11 13 15}
tuples:
{12 12 12 12 12 12}
dist: 434
dist: 434
dist: 434
dist: 553
dist: 553
dist: 553

vlink src/dst: 9 16
number of protected paths set: 15
needed_slices: 16
paths: {0 3}
slices required:
{2 2}
slices start:
{3 26}
tuples:
{12 12}
dist: 361
dist: 488

vlink src/dst: 1 4
number of protected paths set: 3
needed_slices: 14
paths: {0 1}
slices required:
{2 2}
slices start:
{9 34}
tuples:
{20 12}
dist: 297
dist: 310

vlink src/dst: 9 13
number of protected paths set: 15
needed_slices: 32
paths: {0 11 12}
slices required:
{2 2 2}
slices start:
{10 32 10}
tuples:
{12 12 12}
dist: 315
dist: 583
dist: 597

vlink src/dst: 13 14
number of protected paths set: 3
needed_slices: 15
paths: {0 0 1 1}
slices required:
{2 3 2 3}
slices start:
{0 2 0 2}
tuples:
{20 28 20 27}
dist: 147
dist: 147
dist: 214
dist: 214

vlink src/dst: 9 14
number of protected paths set: 3
needed_slices: 48
paths: {0 6 6}
slices required:
{3 2 2}
slices start:
{22 40 42}
tuples:
{27 12 12}
dist: 377
dist: 617
dist: 617

vlink src/dst: 2 6
number of protected paths set: 15
needed_slices: 67
paths: {0 0 1 2 2 2}
slices required:
{2 2 2 2 2 3}
slices start:
{8 10 0 2 20 44}
tuples:
{12 12 12 12 12 17}
dist: 478
dist: 478
dist: 484
dist: 509
dist: 509
dist: 509

vlink src/dst: 6 9
number of protected paths set: 15
needed_slices: 14
paths: {0 1}
slices required:
{2 2}
slices start:
{14 16}
tuples:
{12 12}
dist: 331
dist: 365

vlink src/dst: 7 13
number of protected paths set: 15
needed_slices: 30
paths: {0 0 1 3}
slices required:
{2 2 3 3}
slices start:
{0 2 0 25}
tuples:
{20 20 27 27}
dist: 195
dist: 195
dist: 312
dist: 375

vlink src/dst: 6 7
number of protected paths set: 15
needed_slices: 45
paths: {1 1 5 5}
slices required:
{2 3 2 3}
slices start:
{6 16 4 12}
tuples:
{12 18 12 17}
dist: 417
dist: 417
dist: 557
dist: 557

vlink src/dst: 2 17
number of protected paths set: 15
needed_slices: 28
paths: {0 0 6 6}
slices required:
{2 2 2 3}
slices start:
{14 16 2 6}
tuples:
{20 20 12 18}
dist: 217
dist: 217
dist: 481
dist: 481

vlink src/dst: 0 11
number of protected paths set: 15
needed_slices: 50
paths: {0 0 9 10 10}
slices required:
{2 3 2 2 2}
slices start:
{24 30 36 17 19}
tuples:
{12 18 12 12 12}
dist: 405
dist: 405
dist: 563
dist: 567
dist: 567

vlink src/dst: 2 16
number of protected paths set: 15
needed_slices: 16
paths: {0 0 1 1}
slices required:
{2 2 2 2}
slices start:
{24 32 5 22}
tuples:
{20 20 20 20}
dist: 224
dist: 224
dist: 292
dist: 292

vlink src/dst: 4 11
number of protected paths set: 3
needed_slices: 92
paths: {1 1 1 18 18 18 18}
slices required:
{2 2 2 2 2 2 2}
slices start:
{26 38 40 31 38 47 49}
tuples:
{12 12 12 6 6 6 6}
dist: 551
dist: 551
dist: 551
dist: 840
dist: 840
dist: 840
dist: 840

vlink src/dst: 10 17
number of protected paths set: 15
needed_slices: 23
paths: {0 0 3 3}
slices required:
{2 2 2 3}
slices start:
{18 42 0 21}
tuples:
{20 20 12 27}
dist: 132
dist: 132
dist: 389
dist: 389

vlink src/dst: 10 11
number of protected paths set: 15
needed_slices: 12
paths: {0 2}
slices required:
{2 2}
slices start:
{44 28}
tuples:
{20 12}
dist: 258
dist: 405

vlink src/dst: 10 16
number of protected paths set: 15
needed_slices: 12
paths: {0 0 1 1}
slices required:
{2 2 2 2}
slices start:
{30 34 8 10}
tuples:
{20 20 20 20}
dist: 133
dist: 133
dist: 207
dist: 207

vlink src/dst: 5 13
number of protected paths set: 15
needed_slices: 39
paths: {0 0 4 4 4}
slices required:
{2 3 2 2 2}
slices start:
{8 28 0 20 22}
tuples:
{12 27 12 12 12}
dist: 380
dist: 380
dist: 489
dist: 489
dist: 489

vlink src/dst: 5 11
number of protected paths set: 15
needed_slices: 8
paths: {0 2}
slices required:
{2 2}
slices start:
{8 0}
tuples:
{20 12}
dist: 249
dist: 357

vlink src/dst: 16 17
number of protected paths set: 15
needed_slices: 16
paths: {0 0 1 1}
slices required:
{2 2 2 2}
slices start:
{33 46 4 9}
tuples:
{20 20 20 20}
dist: 223
dist: 223
dist: 255
dist: 255

vlink src/dst: 6 13
number of protected paths set: 15
needed_slices: 35
paths: {0 0 3 3}
slices required:
{2 3 2 3}
slices start:
{2 34 31 47}
tuples:
{12 27 12 17}
dist: 356
dist: 356
dist: 517
dist: 517

vlink src/dst: 6 11
number of protected paths set: 15
needed_slices: 23
paths: {0 0 4 4}
slices required:
{2 2 2 3}
slices start:
{2 4 6 24}
tuples:
{20 20 12 18}
dist: 226
dist: 226
dist: 452
dist: 452
37 second(s) taken for solution
47 second(s) taken in total
cost = 1598

