
7 second(s) taken for initialization

vlink src/dst: 10 16
number of protected paths set: 15
needed_slices: 18
paths: {0 3}
slices required:
{2 2}
slices start:
{0 0}
tuples:
{20 12}
dist: 262
dist: 415

vlink src/dst: 7 8
number of protected paths set: 3
needed_slices: 8
paths: {0 1}
slices required:
{2 2}
slices start:
{2 2}
tuples:
{29 12}
dist: 75
dist: 375

vlink src/dst: 8 11
number of protected paths set: 3
needed_slices: 84
paths: {1 1 1 11 11 11}
slices required:
{2 2 2 2 2 2}
slices start:
{4 6 8 4 6 8}
tuples:
{12 12 12 12 12 12}
dist: 504
dist: 504
dist: 504
dist: 658
dist: 658
dist: 658

vlink src/dst: 6 10
number of protected paths set: 15
needed_slices: 62
paths: {0 0 5 5 9}
slices required:
{2 4 2 2 2}
slices start:
{10 12 10 12 14}
tuples:
{12 34 12 12 12}
dist: 303
dist: 303
dist: 516
dist: 516
dist: 547

vlink src/dst: 8 17
number of protected paths set: 3
needed_slices: 82
paths: {1 1 16 16 16}
slices required:
{2 3 2 2 2}
slices start:
{16 18 16 18 20}
tuples:
{12 17 12 12 12}
dist: 549
dist: 549
dist: 721
dist: 721
dist: 721

vlink src/dst: 5 8
number of protected paths set: 3
needed_slices: 98
paths: {2 2 2 15 15 15 15}
slices required:
{2 2 2 2 2 2 2}
slices start:
{22 24 26 21 23 25 27}
tuples:
{12 12 12 6 6 6 6}
dist: 776
dist: 776
dist: 776
dist: 849
dist: 849
dist: 849
dist: 849

vlink src/dst: 10 19
number of protected paths set: 15
needed_slices: 24
paths: {0 0 1 1 2}
slices required:
{2 2 2 2 2}
slices start:
{0 2 28 30 32}
tuples:
{29 29 12 12 12}
dist: 53
dist: 53
dist: 418
dist: 418
dist: 453

vlink src/dst: 7 10
number of protected paths set: 15
needed_slices: 8
paths: {0 1}
slices required:
{2 2}
slices start:
{29 34}
tuples:
{20 12}
dist: 142
dist: 307

vlink src/dst: 10 18
number of protected paths set: 15
needed_slices: 60
paths: {0 0 1 1}
slices required:
{2 4 2 4}
slices start:
{36 38 31 33}
tuples:
{12 34 12 34}
dist: 334
dist: 334
dist: 380
dist: 380

vlink src/dst: 8 19
number of protected paths set: 3
needed_slices: 28
paths: {0 0 1 1}
slices required:
{2 2 2 3}
slices start:
{37 39 37 39}
tuples:
{20 20 12 27}
dist: 120
dist: 120
dist: 388
dist: 388

vlink src/dst: 2 10
number of protected paths set: 15
needed_slices: 8
paths: {0 2}
slices required:
{2 2}
slices start:
{42 4}
tuples:
{20 20}
dist: 174
dist: 297

vlink src/dst: 12 19
number of protected paths set: 15
needed_slices: 106
paths: {1 1 4 4 5}
slices required:
{2 5 2 2 2}
slices start:
{2 42 42 44 46}
tuples:
{12 32 12 12 12}
dist: 611
dist: 611
dist: 621
dist: 621
dist: 632

vlink src/dst: 10 12
number of protected paths set: 15
needed_slices: 98
paths: {0 0 0 3 3 3}
slices required:
{2 2 3 2 2 3}
slices start:
{47 49 51 48 50 52}
tuples:
{12 12 17 12 12 17}
dist: 544
dist: 544
dist: 544
dist: 567
dist: 567
dist: 567

vlink src/dst: 2 7
number of protected paths set: 15
needed_slices: 11
paths: {0 1}
slices required:
{2 3}
slices start:
{0 55}
tuples:
{20 27}
dist: 131
dist: 319

vlink src/dst: 7 12
number of protected paths set: 15
needed_slices: 81
paths: {1 1 2 8 8 8}
slices required:
{2 2 2 2 2 3}
slices start:
{2 21 23 29 31 54}
tuples:
{12 12 12 12 12 17}
dist: 418
dist: 418
dist: 437
dist: 508
dist: 508
dist: 508

vlink src/dst: 3 9
number of protected paths set: 15
needed_slices: 84
paths: {0 0 0 11 12 12}
slices required:
{2 2 3 2 2 2}
slices start:
{34 57 59 0 4 6}
tuples:
{12 12 18 12 12 12}
dist: 473
dist: 473
dist: 473
dist: 622
dist: 625
dist: 625

vlink src/dst: 1 7
number of protected paths set: 15
needed_slices: 101
paths: {0 1 1 9 9}
slices required:
{2 2 2 2 5}
slices start:
{25 27 37 62 64}
tuples:
{12 12 12 12 32}
dist: 556
dist: 567
dist: 567
dist: 638
dist: 638

vlink src/dst: 7 17
number of protected paths set: 15
needed_slices: 26
paths: {1 13}
slices required:
{2 2}
slices start:
{39 69}
tuples:
{12 12}
dist: 474
dist: 610

vlink src/dst: 3 19
number of protected paths set: 15
needed_slices: 96
paths: {0 0 0 9 9 9}
slices required:
{2 2 2 2 2 2}
slices start:
{62 64 66 71 73 75}
tuples:
{12 12 12 12 12 12}
dist: 503
dist: 503
dist: 503
dist: 639
dist: 639
dist: 639

vlink src/dst: 2 16
number of protected paths set: 15
needed_slices: 11
paths: {0 1}
slices required:
{2 3}
slices start:
{77 8}
tuples:
{29 27}
dist: 88
dist: 354

vlink src/dst: 18 19
number of protected paths set: 15
needed_slices: 68
paths: {0 0 9 9 11 11}
slices required:
{2 2 2 2 2 2}
slices start:
{79 81 29 55 11 13}
tuples:
{12 12 12 12 12 12}
dist: 387
dist: 387
dist: 548
dist: 548
dist: 614
dist: 614

vlink src/dst: 16 19
number of protected paths set: 15
needed_slices: 22
paths: {1 4}
slices required:
{2 2}
slices start:
{83 68}
tuples:
{12 12}
dist: 329
dist: 469

vlink src/dst: 2 19
number of protected paths set: 15
needed_slices: 16
paths: {0 0 1 1}
slices required:
{2 2 2 2}
slices start:
{58 60 0 6}
tuples:
{20 20 20 20}
dist: 227
dist: 227
dist: 243
dist: 243

vlink src/dst: 7 15
number of protected paths set: 15
needed_slices: 24
paths: {0 6}
slices required:
{2 2}
slices start:
{85 57}
tuples:
{12 12}
dist: 580
dist: 653

vlink src/dst: 9 14
number of protected paths set: 15
needed_slices: 27
paths: {0 7}
slices required:
{3 3}
slices start:
{87 16}
tuples:
{27 17}
dist: 308
dist: 537

vlink src/dst: 4 9
number of protected paths set: 15
needed_slices: 64
paths: {0 0 4 4 14 14}
slices required:
{2 2 2 2 2 2}
slices start:
{90 92 2 19 0 2}
tuples:
{12 12 12 12 12 12}
dist: 430
dist: 430
dist: 528
dist: 528
dist: 605
dist: 605

vlink src/dst: 10 13
number of protected paths set: 15
needed_slices: 22
paths: {1 6}
slices required:
{2 2}
slices start:
{8 44}
tuples:
{12 12}
dist: 696
dist: 754

vlink src/dst: 6 16
number of protected paths set: 15
needed_slices: 41
paths: {0 0 11 11}
slices required:
{2 2 2 3}
slices start:
{2 4 0 10}
tuples:
{20 20 12 27}
dist: 248
dist: 248
dist: 368
dist: 368

vlink src/dst: 9 12
number of protected paths set: 15
needed_slices: 28
paths: {5 7}
slices required:
{2 2}
slices start:
{21 94}
tuples:
{12 12}
dist: 603
dist: 615

vlink src/dst: 9 18
number of protected paths set: 15
needed_slices: 20
paths: {0 3}
slices required:
{2 3}
slices start:
{96 29}
tuples:
{20 18}
dist: 295
dist: 486

vlink src/dst: 11 14
number of protected paths set: 15
needed_slices: 36
paths: {1 2 12}
slices required:
{3 3 3}
slices start:
{13 21 28}
tuples:
{27 27 18}
dist: 286
dist: 304
dist: 444

vlink src/dst: 1 16
number of protected paths set: 15
needed_slices: 22
paths: {1 3}
slices required:
{2 2}
slices start:
{0 33}
tuples:
{12 12}
dist: 417
dist: 459

vlink src/dst: 0 9
number of protected paths set: 3
needed_slices: 60
paths: {0 0 11 11}
slices required:
{2 2 2 2}
slices start:
{10 12 98 100}
tuples:
{12 12 12 12}
dist: 627
dist: 627
dist: 779
dist: 779

vlink src/dst: 3 18
number of protected paths set: 15
needed_slices: 40
paths: {1 1 2 2}
slices required:
{2 3 2 3}
slices start:
{2 4 10 12}
tuples:
{20 27 20 27}
dist: 215
dist: 215
dist: 234
dist: 234

vlink src/dst: 6 11
number of protected paths set: 15
needed_slices: 33
paths: {1 5}
slices required:
{3 3}
slices start:
{29 57}
tuples:
{27 18}
dist: 361
dist: 446

vlink src/dst: 11 18
number of protected paths set: 15
needed_slices: 23
paths: {0 0 4 4}
slices required:
{2 2 2 3}
slices start:
{0 16 4 6}
tuples:
{20 20 12 27}
dist: 187
dist: 187
dist: 375
dist: 375

vlink src/dst: 5 14
number of protected paths set: 15
needed_slices: 42
paths: {2 9 9}
slices required:
{3 2 2}
slices start:
{37 14 31}
tuples:
{17 12 12}
dist: 547
dist: 659
dist: 659

vlink src/dst: 13 19
number of protected paths set: 15
needed_slices: 38
paths: {3 5 8}
slices required:
{2 2 2}
slices start:
{14 19 102}
tuples:
{12 12 12}
dist: 743
dist: 754
dist: 779

vlink src/dst: 5 18
number of protected paths set: 15
needed_slices: 60
paths: {0 0 0 8 8 8}
slices required:
{2 2 2 2 2 2}
slices start:
{2 9 33 18 35 40}
tuples:
{12 12 12 12 12 12}
dist: 464
dist: 464
dist: 464
dist: 636
dist: 636
dist: 636

vlink src/dst: 4 11
number of protected paths set: 15
needed_slices: 16
paths: {0 0 1 1}
slices required:
{2 2 2 2}
slices start:
{10 12 59 61}
tuples:
{20 20 20 20}
dist: 114
dist: 114
dist: 208
dist: 208

vlink src/dst: 3 5
number of protected paths set: 15
needed_slices: 74
paths: {0 1 14 14 17}
slices required:
{2 2 2 2 2}
slices start:
{60 62 4 6 42}
tuples:
{12 12 12 12 12}
dist: 518
dist: 525
dist: 674
dist: 674
dist: 775

vlink src/dst: 0 6
number of protected paths set: 3
needed_slices: 48
paths: {0 0 3 3}
slices required:
{2 2 2 2}
slices start:
{8 13 35 68}
tuples:
{12 12 12 12}
dist: 509
dist: 509
dist: 592
dist: 592

vlink src/dst: 5 12
number of protected paths set: 15
needed_slices: 48
paths: {1 1 2 2}
slices required:
{2 2 2 2}
slices start:
{64 66 2 8}
tuples:
{12 12 12 12}
dist: 506
dist: 506
dist: 538
dist: 538

vlink src/dst: 0 17
number of protected paths set: 3
needed_slices: 38
paths: {0 0 3 3 3}
slices required:
{2 2 2 2 2}
slices start:
{0 2 77 79 81}
tuples:
{20 20 12 12 12}
dist: 178
dist: 178
dist: 429
dist: 429
dist: 429

vlink src/dst: 0 4
number of protected paths set: 3
needed_slices: 31
paths: {0 0 1 1}
slices required:
{2 2 2 3}
slices start:
{14 29 15 17}
tuples:
{20 20 12 27}
dist: 275
dist: 275
dist: 330
dist: 330

vlink src/dst: 4 13
number of protected paths set: 15
needed_slices: 54
paths: {1 1 1 7 7 7}
slices required:
{2 2 2 2 2 2}
slices start:
{31 42 44 35 37 39}
tuples:
{12 12 12 12 12 12}
dist: 441
dist: 441
dist: 441
dist: 508
dist: 508
dist: 508

vlink src/dst: 5 9
number of protected paths set: 15
needed_slices: 35
paths: {1 5 5}
slices required:
{3 2 2}
slices start:
{44 4 6}
tuples:
{17 12 12}
dist: 577
dist: 665
dist: 665

vlink src/dst: 0 15
number of protected paths set: 3
needed_slices: 62
paths: {0 0 14 14 14}
slices required:
{2 3 2 2 2}
slices start:
{16 20 83 87 89}
tuples:
{12 27 12 12 12}
dist: 360
dist: 360
dist: 738
dist: 738
dist: 738

vlink src/dst: 5 11
number of protected paths set: 15
needed_slices: 42
paths: {0 0 7 9 9}
slices required:
{2 4 2 2 2}
slices start:
{0 4 16 11 37}
tuples:
{12 34 12 12 12}
dist: 310
dist: 310
dist: 501
dist: 509
dist: 509

vlink src/dst: 9 15
number of protected paths set: 15
needed_slices: 64
paths: {0 0 6 6 8 8}
slices required:
{2 2 2 2 2 2}
slices start:
{47 49 104 106 8 16}
tuples:
{12 12 12 12 12 12}
dist: 491
dist: 491
dist: 633
dist: 633
dist: 638
dist: 638
53 second(s) taken for solution
60 second(s) taken in total
cost = 2292

