
30 second(s) taken for initialization

vlink src/dst: 1 15
number of protected paths set: 15
needed_slices: 8
paths: {0 1}
slices required:
{2 2}
slices start:
{0 0}
tuples:
{29 12}
dist: 42
dist: 311

vlink src/dst: 10 15
number of protected paths set: 3
needed_slices: 12
paths: {0 1}
slices required:
{2 2}
slices start:
{0 2}
tuples:
{29 12}
dist: 51
dist: 536

vlink src/dst: 6 10
number of protected paths set: 3
needed_slices: 16
paths: {0 6}
slices required:
{2 2}
slices start:
{2 4}
tuples:
{20 12}
dist: 186
dist: 551

vlink src/dst: 4 10
number of protected paths set: 3
needed_slices: 24
paths: {1 14}
slices required:
{2 2}
slices start:
{4 6}
tuples:
{12 12}
dist: 366
dist: 681

vlink src/dst: 0 15
number of protected paths set: 15
needed_slices: 19
paths: {0 0 1 1}
slices required:
{2 2 2 3}
slices start:
{4 6 8 10}
tuples:
{29 29 20 27}
dist: 100
dist: 100
dist: 253
dist: 253

vlink src/dst: 10 13
number of protected paths set: 3
needed_slices: 123
paths: {0 0 0 15 15 15 15}
slices required:
{2 2 3 2 2 2 3}
slices start:
{6 13 15 0 8 10 12}
tuples:
{12 12 17 6 6 6 11}
dist: 578
dist: 578
dist: 578
dist: 892
dist: 892
dist: 892
dist: 892

vlink src/dst: 5 7
number of protected paths set: 15
needed_slices: 33
paths: {3 6}
slices required:
{3 3}
slices start:
{18 15}
tuples:
{18 17}
dist: 495
dist: 510

vlink src/dst: 14 15
number of protected paths set: 15
needed_slices: 12
paths: {0 2}
slices required:
{2 2}
slices start:
{15 21}
tuples:
{20 12}
dist: 233
dist: 353

vlink src/dst: 8 15
number of protected paths set: 15
needed_slices: 33
paths: {0 0 4 4}
slices required:
{2 2 2 3}
slices start:
{8 10 21 23}
tuples:
{20 20 12 27}
dist: 157
dist: 157
dist: 389
dist: 389

vlink src/dst: 12 15
number of protected paths set: 15
needed_slices: 33
paths: {2 4}
slices required:
{3 3}
slices start:
{26 26}
tuples:
{27 18}
dist: 399
dist: 408

vlink src/dst: 1 4
number of protected paths set: 15
needed_slices: 12
paths: {0 1}
slices required:
{2 2}
slices start:
{4 0}
tuples:
{20 20}
dist: 220
dist: 275

vlink src/dst: 4 6
number of protected paths set: 15
needed_slices: 15
paths: {0 3}
slices required:
{2 3}
slices start:
{0 29}
tuples:
{20 27}
dist: 127
dist: 369

vlink src/dst: 1 12
number of protected paths set: 15
needed_slices: 21
paths: {0 2}
slices required:
{2 3}
slices start:
{13 8}
tuples:
{20 27}
dist: 284
dist: 365

vlink src/dst: 0 4
number of protected paths set: 15
needed_slices: 40
paths: {1 1 6 6 6}
slices required:
{2 2 2 2 2}
slices start:
{2 15 32 34 36}
tuples:
{20 20 12 12 12}
dist: 242
dist: 242
dist: 419
dist: 419
dist: 419

vlink src/dst: 6 19
number of protected paths set: 15
needed_slices: 79
paths: {0 0 0 1 2 2}
slices required:
{2 2 3 2 2 2}
slices start:
{13 17 19 8 10 29}
tuples:
{12 12 17 12 12 12}
dist: 515
dist: 515
dist: 515
dist: 535
dist: 549
dist: 549

vlink src/dst: 10 19
number of protected paths set: 3
needed_slices: 82
paths: {0 1 1 14 14 18}
slices required:
{2 2 2 2 2 2}
slices start:
{23 38 40 15 25 23}
tuples:
{12 12 12 12 12 6}
dist: 551
dist: 644
dist: 644
dist: 766
dist: 766
dist: 879

vlink src/dst: 1 3
number of protected paths set: 15
needed_slices: 22
paths: {0 12}
slices required:
{2 2}
slices start:
{29 18}
tuples:
{12 12}
dist: 376
dist: 667

vlink src/dst: 6 17
number of protected paths set: 15
needed_slices: 59
paths: {0 0 3 3 3}
slices required:
{2 4 2 2 3}
slices start:
{31 33 27 31 33}
tuples:
{12 34 12 12 18}
dist: 354
dist: 354
dist: 455
dist: 455
dist: 455

vlink src/dst: 0 8
number of protected paths set: 15
needed_slices: 12
paths: {0 0 2 2}
slices required:
{2 2 2 2}
slices start:
{0 2 18 20}
tuples:
{29 29 20 20}
dist: 57
dist: 57
dist: 283
dist: 283

vlink src/dst: 1 2
number of protected paths set: 15
needed_slices: 24
paths: {2 7}
slices required:
{2 2}
slices start:
{42 42}
tuples:
{12 12}
dist: 507
dist: 599

vlink src/dst: 0 5
number of protected paths set: 15
needed_slices: 12
paths: {0 4}
slices required:
{2 2}
slices start:
{37 4}
tuples:
{20 12}
dist: 205
dist: 332

vlink src/dst: 1 11
number of protected paths set: 15
needed_slices: 56
paths: {0 0 3 5 5}
slices required:
{2 4 2 2 2}
slices start:
{39 44 2 11 20}
tuples:
{12 34 12 12 12}
dist: 334
dist: 334
dist: 417
dist: 437
dist: 437

vlink src/dst: 3 12
number of protected paths set: 15
needed_slices: 24
paths: {0 14}
slices required:
{2 2}
slices start:
{8 4}
tuples:
{12 12}
dist: 452
dist: 596

vlink src/dst: 0 16
number of protected paths set: 15
needed_slices: 22
paths: {0 3}
slices required:
{2 2}
slices start:
{6 2}
tuples:
{12 12}
dist: 489
dist: 520

vlink src/dst: 8 11
number of protected paths set: 15
needed_slices: 42
paths: {0 0 3 3}
slices required:
{2 4 2 4}
slices start:
{6 15 0 8}
tuples:
{12 34 12 34}
dist: 338
dist: 338
dist: 374
dist: 374

vlink src/dst: 13 18
number of protected paths set: 15
needed_slices: 73
paths: {1 1 5 5 5}
slices required:
{3 3 2 2 3}
slices start:
{19 22 48 50 52}
tuples:
{27 27 12 12 18}
dist: 361
dist: 361
dist: 446
dist: 446
dist: 446

vlink src/dst: 0 2
number of protected paths set: 15
needed_slices: 54
paths: {1 1 1 3 3 3}
slices required:
{2 2 2 2 2 2}
slices start:
{31 33 35 25 44 46}
tuples:
{12 12 12 12 12 12}
dist: 438
dist: 438
dist: 438
dist: 455
dist: 455
dist: 455

vlink src/dst: 16 18
number of protected paths set: 15
needed_slices: 24
paths: {4 6}
slices required:
{2 2}
slices start:
{25 55}
tuples:
{12 12}
dist: 478
dist: 498

vlink src/dst: 2 18
number of protected paths set: 15
needed_slices: 50
paths: {0 0 10 11 11}
slices required:
{2 4 2 2 2}
slices start:
{27 44 57 2 12}
tuples:
{12 34 12 12 12}
dist: 347
dist: 347
dist: 529
dist: 540
dist: 540

vlink src/dst: 2 4
number of protected paths set: 15
needed_slices: 60
paths: {3 3 3 9 9 9}
slices required:
{2 2 2 2 2 2}
slices start:
{15 17 22 20 22 37}
tuples:
{12 12 12 12 12 12}
dist: 402
dist: 402
dist: 402
dist: 444
dist: 444
dist: 444

vlink src/dst: 12 17
number of protected paths set: 15
needed_slices: 20
paths: {0 9}
slices required:
{2 2}
slices start:
{39 48}
tuples:
{12 12}
dist: 351
dist: 496

vlink src/dst: 4 11
number of protected paths set: 15
needed_slices: 12
paths: {0 1}
slices required:
{2 2}
slices start:
{0 29}
tuples:
{20 20}
dist: 139
dist: 177

vlink src/dst: 2 5
number of protected paths set: 15
needed_slices: 14
paths: {0 6}
slices required:
{2 2}
slices start:
{0 0}
tuples:
{20 12}
dist: 295
dist: 413

vlink src/dst: 3 18
number of protected paths set: 15
needed_slices: 29
paths: {0 3 3}
slices required:
{3 2 2}
slices start:
{8 59 61}
tuples:
{27 12 12}
dist: 319
dist: 477
dist: 477

vlink src/dst: 0 17
number of protected paths set: 15
needed_slices: 59
paths: {1 1 3 3 3}
slices required:
{3 3 2 2 3}
slices start:
{48 51 63 65 67}
tuples:
{27 27 12 12 18}
dist: 335
dist: 335
dist: 469
dist: 469
dist: 469

vlink src/dst: 5 19
number of protected paths set: 15
needed_slices: 20
paths: {0 3}
slices required:
{2 2}
slices start:
{2 6}
tuples:
{12 12}
dist: 430
dist: 528

vlink src/dst: 12 19
number of protected paths set: 15
needed_slices: 26
paths: {0 12}
slices required:
{2 2}
slices start:
{13 55}
tuples:
{12 12}
dist: 473
dist: 625

vlink src/dst: 8 16
number of protected paths set: 15
needed_slices: 24
paths: {1 9}
slices required:
{2 2}
slices start:
{18 39}
tuples:
{12 12}
dist: 461
dist: 567

vlink src/dst: 9 14
number of protected paths set: 3
needed_slices: 91
paths: {1 1 1 10 10 10}
slices required:
{2 2 2 2 2 3}
slices start:
{50 52 54 0 36 42}
tuples:
{12 12 12 6 6 11}
dist: 785
dist: 785
dist: 785
dist: 850
dist: 850
dist: 850

vlink src/dst: 14 16
number of protected paths set: 15
needed_slices: 24
paths: {0 6}
slices required:
{2 2}
slices start:
{56 41}
tuples:
{12 12}
dist: 580
dist: 653

vlink src/dst: 2 14
number of protected paths set: 15
needed_slices: 50
paths: {0 0 9 9 9}
slices required:
{2 3 2 2 2}
slices start:
{58 60 63 65 67}
tuples:
{12 18 12 12 12}
dist: 449
dist: 449
dist: 614
dist: 614
dist: 614

vlink src/dst: 5 11
number of protected paths set: 15
needed_slices: 24
paths: {0 0 1 1}
slices required:
{2 2 2 2}
slices start:
{25 27 24 31}
tuples:
{20 20 20 20}
dist: 144
dist: 144
dist: 173
dist: 173

vlink src/dst: 0 19
number of protected paths set: 15
needed_slices: 55
paths: {1 1 7 7}
slices required:
{2 3 2 3}
slices start:
{63 65 45 57}
tuples:
{12 18 12 17}
dist: 493
dist: 493
dist: 581
dist: 581

vlink src/dst: 8 17
number of protected paths set: 15
needed_slices: 10
paths: {0 1}
slices required:
{2 2}
slices start:
{27 2}
tuples:
{20 20}
dist: 241
dist: 281

vlink src/dst: 7 19
number of protected paths set: 15
needed_slices: 62
paths: {0 1 1 5 5 7}
slices required:
{2 2 2 2 2 2}
slices start:
{11 69 71 0 2 73}
tuples:
{12 12 12 12 12 12}
dist: 548
dist: 577
dist: 577
dist: 665
dist: 665
dist: 677

vlink src/dst: 14 17
number of protected paths set: 15
needed_slices: 44
paths: {0 0 3 3 4}
slices required:
{2 4 2 2 2}
slices start:
{29 75 73 75 77}
tuples:
{12 34 12 12 12}
dist: 389
dist: 389
dist: 460
dist: 460
dist: 468

vlink src/dst: 7 17
number of protected paths set: 15
needed_slices: 54
paths: {0 0 1 1 1 3}
slices required:
{2 2 2 2 3 2}
slices start:
{48 79 79 81 83 81}
tuples:
{12 12 12 12 18 12}
dist: 475
dist: 475
dist: 487
dist: 487
dist: 487
dist: 517

vlink src/dst: 3 14
number of protected paths set: 15
needed_slices: 18
paths: {0 3}
slices required:
{3 3}
slices start:
{86 4}
tuples:
{27 18}
dist: 325
dist: 420

vlink src/dst: 2 16
number of protected paths set: 15
needed_slices: 19
paths: {0 0 1 1}
slices required:
{2 2 2 3}
slices start:
{0 2 0 2}
tuples:
{20 20 12 27}
dist: 131
dist: 131
dist: 319
dist: 319

vlink src/dst: 9 19
number of protected paths set: 3
needed_slices: 33
paths: {0 14 14}
slices required:
{3 2 2}
slices start:
{4 4 29}
tuples:
{27 12 12}
dist: 322
dist: 762
dist: 762
54 second(s) taken for solution
84 second(s) taken in total
cost = 1784

