
5 second(s) taken for initialization

vlink src/dst: 12 17
number of protected paths set: 3
needed_slices: 12
paths: {0 1}
slices required:
{2 2}
slices start:
{0 0}
tuples:
{29 12}
dist: 51
dist: 536

vlink src/dst: 2 3
number of protected paths set: 3
needed_slices: 78
paths: {0 0 13 13 13}
slices required:
{2 3 2 2 2}
slices start:
{2 4 2 4 6}
tuples:
{12 17 12 12 12}
dist: 570
dist: 570
dist: 661
dist: 661
dist: 661

vlink src/dst: 14 17
number of protected paths set: 3
needed_slices: 44
paths: {0 0 5 5 5}
slices required:
{2 2 2 2 2}
slices start:
{8 10 8 10 12}
tuples:
{29 29 12 12 12}
dist: 93
dist: 93
dist: 645
dist: 645
dist: 645

vlink src/dst: 11 17
number of protected paths set: 3
needed_slices: 28
paths: {0 0 1 1}
slices required:
{2 2 2 3}
slices start:
{14 16 14 16}
tuples:
{20 20 12 27}
dist: 212
dist: 212
dist: 374
dist: 374

vlink src/dst: 12 14
number of protected paths set: 15
needed_slices: 19
paths: {0 0 1 1}
slices required:
{2 2 2 3}
slices start:
{0 12 2 4}
tuples:
{29 29 12 27}
dist: 42
dist: 42
dist: 311
dist: 311

vlink src/dst: 3 4
number of protected paths set: 3
needed_slices: 60
paths: {1 1 4 4}
slices required:
{2 3 2 3}
slices start:
{19 21 19 21}
tuples:
{12 17 12 17}
dist: 515
dist: 515
dist: 569
dist: 569

vlink src/dst: 7 17
number of protected paths set: 3
needed_slices: 66
paths: {1 1 1 18 18 18}
slices required:
{2 2 2 2 2 2}
slices start:
{12 24 26 24 26 28}
tuples:
{12 12 12 12 12 12}
dist: 429
dist: 429
dist: 429
dist: 682
dist: 682
dist: 682

vlink src/dst: 9 17
number of protected paths set: 3
needed_slices: 68
paths: {1 1 14 14 14}
slices required:
{2 3 2 2 2}
slices start:
{28 30 30 32 34}
tuples:
{12 27 12 12 12}
dist: 366
dist: 366
dist: 681
dist: 681
dist: 681

vlink src/dst: 0 17
number of protected paths set: 3
needed_slices: 140
paths: {1 1 1 17 17 17 17}
slices required:
{2 2 2 2 2 2 2}
slices start:
{36 38 40 36 38 40 42}
tuples:
{12 12 12 6 6 6 6}
dist: 725
dist: 725
dist: 725
dist: 1117
dist: 1117
dist: 1117
dist: 1117

vlink src/dst: 1 17
number of protected paths set: 3
needed_slices: 138
paths: {2 2 2 16 16 16 16}
slices required:
{2 2 2 2 2 2 2}
slices start:
{33 42 44 44 46 48 50}
tuples:
{12 12 12 6 6 6 6}
dist: 735
dist: 735
dist: 735
dist: 997
dist: 997
dist: 997
dist: 997

vlink src/dst: 3 5
number of protected paths set: 3
needed_slices: 26
paths: {1 5}
slices required:
{2 2}
slices start:
{52 52}
tuples:
{12 12}
dist: 596
dist: 627

vlink src/dst: 17 18
number of protected paths set: 3
needed_slices: 114
paths: {0 0 0 18 18 18 18}
slices required:
{2 2 2 2 2 2 2}
slices start:
{54 56 58 54 56 58 60}
tuples:
{12 12 12 6 6 6 6}
dist: 683
dist: 683
dist: 683
dist: 1040
dist: 1040
dist: 1040
dist: 1040

vlink src/dst: 3 10
number of protected paths set: 3
needed_slices: 130
paths: {0 0 0 9 9 9 9}
slices required:
{2 2 2 2 2 2 2}
slices start:
{62 64 66 62 64 66 68}
tuples:
{12 12 12 6 6 6 6}
dist: 730
dist: 730
dist: 730
dist: 808
dist: 808
dist: 808
dist: 808

vlink src/dst: 4 12
number of protected paths set: 15
needed_slices: 40
paths: {0 0 1 1}
slices required:
{2 3 2 3}
slices start:
{14 16 7 9}
tuples:
{12 27 12 27}
dist: 309
dist: 309
dist: 323
dist: 323

vlink src/dst: 3 18
number of protected paths set: 3
needed_slices: 32
paths: {2 7}
slices required:
{2 2}
slices start:
{70 68}
tuples:
{6 6}
dist: 831
dist: 891

vlink src/dst: 0 11
number of protected paths set: 3
needed_slices: 118
paths: {1 1 1 17 17 17 17}
slices required:
{2 2 2 2 2 2 2}
slices start:
{60 72 74 0 2 4 6}
tuples:
{12 12 12 6 6 6 6}
dist: 778
dist: 778
dist: 778
dist: 1004
dist: 1004
dist: 1004
dist: 1004

vlink src/dst: 12 16
number of protected paths set: 15
needed_slices: 24
paths: {0 11}
slices required:
{2 2}
slices start:
{19 24}
tuples:
{12 12}
dist: 434
dist: 684

vlink src/dst: 14 16
number of protected paths set: 15
needed_slices: 24
paths: {0 8}
slices required:
{2 2}
slices start:
{46 0}
tuples:
{12 12}
dist: 476
dist: 641

vlink src/dst: 1 14
number of protected paths set: 3
needed_slices: 68
paths: {1 1 13 13}
slices required:
{2 2 2 2}
slices start:
{26 28 76 78}
tuples:
{12 12 12 12}
dist: 642
dist: 642
dist: 749
dist: 749

vlink src/dst: 4 15
number of protected paths set: 15
needed_slices: 8
paths: {0 1}
slices required:
{2 2}
slices start:
{0 2}
tuples:
{20 20}
dist: 129
dist: 194

vlink src/dst: 9 19
number of protected paths set: 15
needed_slices: 72
paths: {0 7 7 10 10 11}
slices required:
{2 2 2 2 2 2}
slices start:
{4 8 10 48 50 14}
tuples:
{12 12 12 12 12 12}
dist: 361
dist: 490
dist: 490
dist: 553
dist: 553
dist: 691

vlink src/dst: 9 14
number of protected paths set: 15
needed_slices: 24
paths: {0 0 1 1}
slices required:
{2 2 2 2}
slices start:
{42 44 0 8}
tuples:
{20 20 20 20}
dist: 220
dist: 220
dist: 275
dist: 275

vlink src/dst: 8 14
number of protected paths set: 15
needed_slices: 60
paths: {0 0 1 1 1}
slices required:
{2 3 2 2 2}
slices start:
{46 48 80 82 84}
tuples:
{12 27 12 12 12}
dist: 397
dist: 397
dist: 417
dist: 417
dist: 417

vlink src/dst: 8 15
number of protected paths set: 15
needed_slices: 33
paths: {0 0 4 4}
slices required:
{2 3 2 4}
slices start:
{16 28 0 6}
tuples:
{20 27 12 34}
dist: 259
dist: 259
dist: 358
dist: 358

vlink src/dst: 7 19
number of protected paths set: 15
needed_slices: 44
paths: {1 1 4 4 4}
slices required:
{2 3 2 2 2}
slices start:
{2 10 12 16 21}
tuples:
{12 27 12 12 12}
dist: 360
dist: 360
dist: 422
dist: 422
dist: 422

vlink src/dst: 5 19
number of protected paths set: 15
needed_slices: 54
paths: {0 1 1 6 6 7}
slices required:
{2 2 2 2 2 2}
slices start:
{30 13 15 35 37 26}
tuples:
{12 12 12 12 12 12}
dist: 355
dist: 373
dist: 373
dist: 473
dist: 473
dist: 491

vlink src/dst: 13 19
number of protected paths set: 15
needed_slices: 24
paths: {1 9}
slices required:
{2 2}
slices start:
{17 23}
tuples:
{12 12}
dist: 480
dist: 617

vlink src/dst: 9 18
number of protected paths set: 15
needed_slices: 65
paths: {1 1 2 2}
slices required:
{2 3 2 3}
slices start:
{19 21 0 8}
tuples:
{12 17 12 17}
dist: 521
dist: 521
dist: 522
dist: 522

vlink src/dst: 9 10
number of protected paths set: 15
needed_slices: 66
paths: {0 0 8 8 8}
slices required:
{2 3 2 2 2}
slices start:
{11 16 60 72 74}
tuples:
{12 27 12 12 12}
dist: 372
dist: 372
dist: 462
dist: 462
dist: 462

vlink src/dst: 7 9
number of protected paths set: 15
needed_slices: 32
paths: {1 1 2 2}
slices required:
{2 2 2 2}
slices start:
{19 21 2 6}
tuples:
{20 20 20 20}
dist: 264
dist: 264
dist: 279
dist: 279

vlink src/dst: 8 9
number of protected paths set: 15
needed_slices: 37
paths: {1 1 3 3}
slices required:
{2 2 2 3}
slices start:
{28 68 23 28}
tuples:
{20 20 12 27}
dist: 259
dist: 259
dist: 319
dist: 319

vlink src/dst: 2 8
number of protected paths set: 15
needed_slices: 20
paths: {0 0 1 1}
slices required:
{2 2 2 2}
slices start:
{0 2 0 7}
tuples:
{20 20 20 20}
dist: 175
dist: 175
dist: 200
dist: 200

vlink src/dst: 4 13
number of protected paths set: 15
needed_slices: 12
paths: {0 1}
slices required:
{2 2}
slices start:
{23 2}
tuples:
{20 20}
dist: 176
dist: 219

vlink src/dst: 4 16
number of protected paths set: 15
needed_slices: 54
paths: {0 0 0 9 9 9}
slices required:
{2 2 2 2 2 2}
slices start:
{4 39 54 39 70 72}
tuples:
{12 12 12 12 12 12}
dist: 461
dist: 461
dist: 461
dist: 553
dist: 553
dist: 553

vlink src/dst: 2 5
number of protected paths set: 15
needed_slices: 8
paths: {0 2}
slices required:
{2 2}
slices start:
{4 4}
tuples:
{29 20}
dist: 90
dist: 219

vlink src/dst: 13 16
number of protected paths set: 15
needed_slices: 80
paths: {0 0 0 6 7 7}
slices required:
{2 2 3 2 2 2}
slices start:
{19 46 48 13 19 21}
tuples:
{12 12 17 12 12 12}
dist: 560
dist: 560
dist: 560
dist: 594
dist: 600
dist: 600

vlink src/dst: 1 19
number of protected paths set: 3
needed_slices: 60
paths: {1 1 2 2 2}
slices required:
{2 3 2 2 2}
slices start:
{86 88 28 30 32}
tuples:
{12 17 12 12 12}
dist: 582
dist: 582
dist: 602
dist: 602
dist: 602

vlink src/dst: 1 8
number of protected paths set: 3
needed_slices: 45
paths: {1 1 2 2}
slices required:
{2 3 2 3}
slices start:
{2 4 6 35}
tuples:
{12 27 12 27}
dist: 329
dist: 329
dist: 347
dist: 347

vlink src/dst: 0 10
number of protected paths set: 3
needed_slices: 8
paths: {0 1}
slices required:
{2 2}
slices start:
{2 8}
tuples:
{20 20}
dist: 181
dist: 231

vlink src/dst: 1 10
number of protected paths set: 3
needed_slices: 19
paths: {0 0 1 1}
slices required:
{2 2 2 3}
slices start:
{2 4 11 15}
tuples:
{29 29 12 27}
dist: 75
dist: 75
dist: 375
dist: 375

vlink src/dst: 6 18
number of protected paths set: 15
needed_slices: 62
paths: {0 0 6 6 8}
slices required:
{2 4 2 2 2}
slices start:
{38 52 8 68 80}
tuples:
{12 34 12 12 12}
dist: 366
dist: 366
dist: 535
dist: 535
dist: 552

vlink src/dst: 8 18
number of protected paths set: 15
needed_slices: 18
paths: {0 3}
slices required:
{2 2}
slices start:
{0 40}
tuples:
{20 12}
dist: 262
dist: 415

vlink src/dst: 6 13
number of protected paths set: 15
needed_slices: 8
paths: {0 1}
slices required:
{2 2}
slices start:
{0 2}
tuples:
{20 20}
dist: 119
dist: 204

vlink src/dst: 0 13
number of protected paths set: 3
needed_slices: 39
paths: {1 1 3 3}
slices required:
{2 3 2 4}
slices start:
{4 6 30 46}
tuples:
{20 27 12 34}
dist: 282
dist: 282
dist: 357
dist: 357

vlink src/dst: 0 5
number of protected paths set: 3
needed_slices: 52
paths: {0 0 13 13 14}
slices required:
{2 3 2 2 2}
slices start:
{0 9 32 82 50}
tuples:
{20 27 12 12 12}
dist: 246
dist: 246
dist: 538
dist: 538
dist: 552

vlink src/dst: 7 16
number of protected paths set: 15
needed_slices: 40
paths: {0 0 7 7}
slices required:
{2 3 2 3}
slices start:
{32 41 25 91}
tuples:
{12 18 12 17}
dist: 403
dist: 403
dist: 505
dist: 505

vlink src/dst: 3 15
number of protected paths set: 3
needed_slices: 16
paths: {1 2}
slices required:
{2 2}
slices start:
{72 76}
tuples:
{12 12}
dist: 390
dist: 444

vlink src/dst: 15 16
number of protected paths set: 15
needed_slices: 54
paths: {0 0 0 6 6 6}
slices required:
{2 2 2 2 2 2}
slices start:
{41 43 52 51 56 58}
tuples:
{12 12 12 12 12 12}
dist: 419
dist: 419
dist: 419
dist: 564
dist: 564
dist: 564

vlink src/dst: 3 19
number of protected paths set: 3
needed_slices: 16
paths: {0 4}
slices required:
{2 2}
slices start:
{70 74}
tuples:
{12 12}
dist: 344
dist: 436

vlink src/dst: 0 16
number of protected paths set: 3
needed_slices: 24
paths: {1 10}
slices required:
{2 2}
slices start:
{70 10}
tuples:
{12 12}
dist: 653
dist: 720
37 second(s) taken for solution
42 second(s) taken in total
cost = 2383

