
6 second(s) taken for initialization

vlink src/dst: 1 3
number of protected paths set: 3
needed_slices: 24
paths: {1 9}
slices required:
{2 2}
slices start:
{0 0}
tuples:
{12 12}
dist: 527
dist: 691

vlink src/dst: 3 17
number of protected paths set: 3
needed_slices: 8
paths: {0 1}
slices required:
{2 3}
slices start:
{2 2}
tuples:
{20 27}
dist: 252
dist: 315

vlink src/dst: 3 7
number of protected paths set: 3
needed_slices: 43
paths: {1 18 18}
slices required:
{3 2 2}
slices start:
{5 4 6}
tuples:
{18 12 12}
dist: 425
dist: 794
dist: 794

vlink src/dst: 3 8
number of protected paths set: 3
needed_slices: 52
paths: {2 2 3 3 3}
slices required:
{2 4 2 2 3}
slices start:
{8 10 8 10 12}
tuples:
{12 34 12 12 18}
dist: 387
dist: 387
dist: 425
dist: 425
dist: 425

vlink src/dst: 7 17
number of protected paths set: 15
needed_slices: 74
paths: {0 5 5 9 9 11}
slices required:
{2 2 2 2 2 2}
slices start:
{2 14 16 14 16 2}
tuples:
{12 12 12 12 12 12}
dist: 406
dist: 502
dist: 502
dist: 541
dist: 541
dist: 761

vlink src/dst: 5 17
number of protected paths set: 15
needed_slices: 72
paths: {2 2 2 10 10 10}
slices required:
{2 2 2 2 2 2}
slices start:
{18 20 22 0 5 18}
tuples:
{12 12 12 12 12 12}
dist: 563
dist: 563
dist: 563
dist: 604
dist: 604
dist: 604

vlink src/dst: 3 14
number of protected paths set: 3
needed_slices: 50
paths: {0 0 2 2}
slices required:
{2 3 2 3}
slices start:
{15 17 14 24}
tuples:
{12 18 12 17}
dist: 446
dist: 446
dist: 519
dist: 519

vlink src/dst: 3 11
number of protected paths set: 3
needed_slices: 14
paths: {0 2}
slices required:
{2 2}
slices start:
{16 27}
tuples:
{20 12}
dist: 223
dist: 383

vlink src/dst: 3 15
number of protected paths set: 3
needed_slices: 36
paths: {0 0 9 9}
slices required:
{2 2 2 2}
slices start:
{27 29 29 31}
tuples:
{20 20 12 12}
dist: 285
dist: 285
dist: 538
dist: 538

vlink src/dst: 17 19
number of protected paths set: 3
needed_slices: 24
paths: {0 3}
slices required:
{2 2}
slices start:
{20 33}
tuples:
{12 12}
dist: 469
dist: 571

vlink src/dst: 3 16
number of protected paths set: 3
needed_slices: 22
paths: {0 14}
slices required:
{2 2}
slices start:
{22 35}
tuples:
{12 12}
dist: 360
dist: 738

vlink src/dst: 8 13
number of protected paths set: 3
needed_slices: 18
paths: {0 9}
slices required:
{2 2}
slices start:
{37 22}
tuples:
{20 12}
dist: 156
dist: 495

vlink src/dst: 0 3
number of protected paths set: 3
needed_slices: 128
paths: {0 0 0 17 17 17 17}
slices required:
{2 2 2 2 2 2 2}
slices start:
{39 41 43 20 24 33 37}
tuples:
{12 12 12 6 6 6 6}
dist: 761
dist: 761
dist: 761
dist: 851
dist: 851
dist: 851
dist: 851

vlink src/dst: 3 12
number of protected paths set: 3
needed_slices: 71
paths: {1 1 1 4 5 5}
slices required:
{2 2 3 2 2 2}
slices start:
{45 47 49 31 45 47}
tuples:
{12 12 18 12 12 12}
dist: 462
dist: 462
dist: 462
dist: 520
dist: 521
dist: 521

vlink src/dst: 3 9
number of protected paths set: 3
needed_slices: 146
paths: {0 1 1 16 16 16 16}
slices required:
{2 2 2 2 2 2 3}
slices start:
{52 33 35 52 54 56 58}
tuples:
{12 12 12 6 6 6 11}
dist: 748
dist: 763
dist: 763
dist: 976
dist: 976
dist: 976
dist: 976

vlink src/dst: 16 17
number of protected paths set: 15
needed_slices: 20
paths: {2 7}
slices required:
{2 2}
slices start:
{54 24}
tuples:
{12 12}
dist: 479
dist: 507

vlink src/dst: 2 17
number of protected paths set: 15
needed_slices: 35
paths: {1 1 3 3}
slices required:
{2 2 2 3}
slices start:
{56 58 26 28}
tuples:
{20 20 12 27}
dist: 287
dist: 287
dist: 373
dist: 373

vlink src/dst: 8 11
number of protected paths set: 3
needed_slices: 45
paths: {0 0 3 3}
slices required:
{2 3 2 4}
slices start:
{60 62 0 4}
tuples:
{20 28 12 34}
dist: 111
dist: 111
dist: 373
dist: 373

vlink src/dst: 14 16
number of protected paths set: 15
needed_slices: 26
paths: {0 13}
slices required:
{2 2}
slices start:
{8 0}
tuples:
{12 12}
dist: 513
dist: 662

vlink src/dst: 5 13
number of protected paths set: 15
needed_slices: 16
paths: {0 6}
slices required:
{2 2}
slices start:
{2 8}
tuples:
{12 12}
dist: 344
dist: 486

vlink src/dst: 13 16
number of protected paths set: 15
needed_slices: 16
paths: {0 4}
slices required:
{2 3}
slices start:
{10 10}
tuples:
{20 18}
dist: 248
dist: 401

vlink src/dst: 18 19
number of protected paths set: 3
needed_slices: 102
paths: {1 1 1 15 15 15}
slices required:
{2 2 2 2 2 2}
slices start:
{2 4 6 65 67 69}
tuples:
{12 12 12 12 12 12}
dist: 621
dist: 621
dist: 621
dist: 776
dist: 776
dist: 776

vlink src/dst: 2 10
number of protected paths set: 15
needed_slices: 21
paths: {1 2 4}
slices required:
{2 2 3}
slices start:
{31 2 8}
tuples:
{20 20 27}
dist: 212
dist: 300
dist: 332

vlink src/dst: 11 12
number of protected paths set: 15
needed_slices: 27
paths: {1 1 2 2}
slices required:
{2 2 2 3}
slices start:
{13 15 11 49}
tuples:
{20 20 12 27}
dist: 249
dist: 249
dist: 301
dist: 301

vlink src/dst: 1 8
number of protected paths set: 3
needed_slices: 24
paths: {0 19}
slices required:
{2 2}
slices start:
{24 27}
tuples:
{12 12}
dist: 417
dist: 632

vlink src/dst: 7 14
number of protected paths set: 15
needed_slices: 28
paths: {0 14}
slices required:
{2 2}
slices start:
{33 8}
tuples:
{12 12}
dist: 506
dist: 703

vlink src/dst: 5 11
number of protected paths set: 15
needed_slices: 16
paths: {1 2}
slices required:
{2 2}
slices start:
{20 24}
tuples:
{12 12}
dist: 389
dist: 440

vlink src/dst: 4 13
number of protected paths set: 15
needed_slices: 20
paths: {0 5}
slices required:
{2 2}
slices start:
{12 71}
tuples:
{12 12}
dist: 449
dist: 547

vlink src/dst: 0 19
number of protected paths set: 3
needed_slices: 120
paths: {0 0 0 17 17 17}
slices required:
{2 2 2 2 2 2}
slices start:
{13 15 17 73 75 77}
tuples:
{6 6 6 6 6 6}
dist: 850
dist: 850
dist: 850
dist: 994
dist: 994
dist: 994

vlink src/dst: 9 11
number of protected paths set: 15
needed_slices: 54
paths: {0 15 19}
slices required:
{2 2 2}
slices start:
{0 37 49}
tuples:
{12 12 6}
dist: 525
dist: 797
dist: 1046

vlink src/dst: 4 11
number of protected paths set: 15
needed_slices: 60
paths: {0 0 3 3 16 16}
slices required:
{2 2 2 2 2 2}
slices start:
{31 39 29 79 35 54}
tuples:
{12 12 12 12 12 12}
dist: 481
dist: 481
dist: 501
dist: 501
dist: 735
dist: 735

vlink src/dst: 5 12
number of protected paths set: 15
needed_slices: 27
paths: {0 2}
slices required:
{3 3}
slices start:
{41 56}
tuples:
{18 17}
dist: 462
dist: 512

vlink src/dst: 16 18
number of protected paths set: 15
needed_slices: 39
paths: {1 11 11}
slices required:
{3 2 2}
slices start:
{19 39 41}
tuples:
{18 12 12}
dist: 471
dist: 617
dist: 617

vlink src/dst: 5 18
number of protected paths set: 15
needed_slices: 26
paths: {2 12}
slices required:
{2 2}
slices start:
{29 43}
tuples:
{12 12}
dist: 555
dist: 714

vlink src/dst: 2 7
number of protected paths set: 15
needed_slices: 23
paths: {0 0 3 3}
slices required:
{2 2 2 3}
slices start:
{37 44 12 14}
tuples:
{20 20 12 27}
dist: 132
dist: 132
dist: 389
dist: 389

vlink src/dst: 9 15
number of protected paths set: 15
needed_slices: 50
paths: {1 11 17}
slices required:
{2 2 2}
slices start:
{81 10 46}
tuples:
{12 12 6}
dist: 587
dist: 734
dist: 969

vlink src/dst: 10 14
number of protected paths set: 15
needed_slices: 14
paths: {0 2}
slices required:
{2 2}
slices start:
{12 39}
tuples:
{20 20}
dist: 237
dist: 273

vlink src/dst: 8 18
number of protected paths set: 3
needed_slices: 20
paths: {2 4}
slices required:
{2 2}
slices start:
{15 71}
tuples:
{12 12}
dist: 305
dist: 318

vlink src/dst: 0 17
number of protected paths set: 15
needed_slices: 84
paths: {1 1 1 8 8 8}
slices required:
{2 2 2 2 2 2}
slices start:
{4 6 26 52 79 81}
tuples:
{12 12 12 12 12 12}
dist: 538
dist: 538
dist: 538
dist: 599
dist: 599
dist: 599

vlink src/dst: 10 18
number of protected paths set: 15
needed_slices: 20
paths: {2 6}
slices required:
{2 2}
slices start:
{65 17}
tuples:
{20 12}
dist: 284
dist: 339

vlink src/dst: 6 7
number of protected paths set: 3
needed_slices: 84
paths: {1 1 1 14 14 14}
slices required:
{2 2 2 2 2 2}
slices start:
{54 56 58 10 22 29}
tuples:
{12 12 12 12 12 12}
dist: 619
dist: 619
dist: 619
dist: 722
dist: 722
dist: 722

vlink src/dst: 0 8
number of protected paths set: 3
needed_slices: 32
paths: {2 5}
slices required:
{2 2}
slices start:
{31 83}
tuples:
{12 12}
dist: 517
dist: 555

vlink src/dst: 12 18
number of protected paths set: 15
needed_slices: 12
paths: {0 4}
slices required:
{2 2}
slices start:
{10 19}
tuples:
{29 12}
dist: 75
dist: 320

vlink src/dst: 4 18
number of protected paths set: 15
needed_slices: 48
paths: {1 1 12 12}
slices required:
{2 2 2 2}
slices start:
{22 26 0 2}
tuples:
{12 12 12 12}
dist: 482
dist: 482
dist: 634
dist: 634

vlink src/dst: 9 14
number of protected paths set: 15
needed_slices: 78
paths: {0 0 0 3 3 3}
slices required:
{2 2 2 2 2 2}
slices start:
{12 14 16 10 22 27}
tuples:
{12 12 12 12 12 12}
dist: 520
dist: 520
dist: 520
dist: 540
dist: 540
dist: 540

vlink src/dst: 6 14
number of protected paths set: 3
needed_slices: 18
paths: {0 12}
slices required:
{2 2}
slices start:
{2 35}
tuples:
{20 12}
dist: 289
dist: 561

vlink src/dst: 0 14
number of protected paths set: 15
needed_slices: 50
paths: {2 2 4 4 4}
slices required:
{2 3 2 2 2}
slices start:
{18 39 45 47 49}
tuples:
{12 27 12 12 12}
dist: 398
dist: 398
dist: 451
dist: 451
dist: 451

vlink src/dst: 1 7
number of protected paths set: 15
needed_slices: 12
paths: {0 0 1 1}
slices required:
{2 2 2 2}
slices start:
{18 20 0 2}
tuples:
{20 20 20 20}
dist: 102
dist: 102
dist: 276
dist: 276

vlink src/dst: 1 5
number of protected paths set: 15
needed_slices: 10
paths: {0 1}
slices required:
{2 3}
slices start:
{33 4}
tuples:
{20 27}
dist: 259
dist: 323

vlink src/dst: 1 4
number of protected paths set: 15
needed_slices: 12
paths: {0 0 1 1}
slices required:
{2 2 2 2}
slices start:
{0 2 12 18}
tuples:
{29 29 20 20}
dist: 100
dist: 100
dist: 291
dist: 291
26 second(s) taken for solution
32 second(s) taken in total
cost = 2071

