
4 second(s) taken for initialization

vlink src/dst: 8 15
number of protected paths set: 3
needed_slices: 72
paths: {6 6 12 12}
slices required:
{2 2 2 2}
slices start:
{0 2 0 2}
tuples:
{6 6 6 6}
dist: 946
dist: 946
dist: 985
dist: 985

vlink src/dst: 7 15
number of protected paths set: 3
needed_slices: 34
paths: {0 0 1 1 1}
slices required:
{2 2 2 2 2}
slices start:
{4 6 4 6 8}
tuples:
{20 20 12 12 12}
dist: 148
dist: 148
dist: 439
dist: 439
dist: 439

vlink src/dst: 7 8
number of protected paths set: 3
needed_slices: 72
paths: {8 8 16 16}
slices required:
{2 2 2 2}
slices start:
{10 12 10 12}
tuples:
{6 6 6 6}
dist: 897
dist: 897
dist: 1035
dist: 1035

vlink src/dst: 7 12
number of protected paths set: 3
needed_slices: 46
paths: {0 18 18}
slices required:
{3 2 2}
slices start:
{14 14 16}
tuples:
{17 6 6}
dist: 551
dist: 879
dist: 879

vlink src/dst: 14 15
number of protected paths set: 3
needed_slices: 112
paths: {1 1 1 10 10 10}
slices required:
{2 2 3 2 2 3}
slices start:
{18 20 22 18 20 22}
tuples:
{6 6 11 6 6 11}
dist: 830
dist: 830
dist: 830
dist: 893
dist: 893
dist: 893

vlink src/dst: 15 17
number of protected paths set: 3
needed_slices: 16
paths: {1 2}
slices required:
{2 2}
slices start:
{25 25}
tuples:
{12 12}
dist: 390
dist: 444

vlink src/dst: 0 7
number of protected paths set: 3
needed_slices: 16
paths: {0 6}
slices required:
{2 2}
slices start:
{27 27}
tuples:
{20 12}
dist: 186
dist: 551

vlink src/dst: 5 11
number of protected paths set: 15
needed_slices: 50
paths: {0 0 6 6 6}
slices required:
{2 3 2 2 2}
slices start:
{27 29 29 31 33}
tuples:
{12 27 12 12 12}
dist: 358
dist: 358
dist: 564
dist: 564
dist: 564

vlink src/dst: 10 11
number of protected paths set: 15
needed_slices: 14
paths: {0 2}
slices required:
{2 2}
slices start:
{32 35}
tuples:
{12 12}
dist: 329
dist: 390

vlink src/dst: 1 7
number of protected paths set: 3
needed_slices: 132
paths: {15 15 15 17 17 17 17}
slices required:
{2 2 2 2 2 2 2}
slices start:
{37 39 41 37 39 41 43}
tuples:
{12 12 12 6 6 6 6}
dist: 655
dist: 655
dist: 655
dist: 805
dist: 805
dist: 805
dist: 805

vlink src/dst: 7 16
number of protected paths set: 3
needed_slices: 34
paths: {0 16}
slices required:
{2 3}
slices start:
{43 45}
tuples:
{12 11}
dist: 515
dist: 819

vlink src/dst: 10 18
number of protected paths set: 15
needed_slices: 18
paths: {2 3}
slices required:
{2 2}
slices start:
{34 0}
tuples:
{12 12}
dist: 431
dist: 441

vlink src/dst: 6 18
number of protected paths set: 15
needed_slices: 23
paths: {0 12}
slices required:
{2 3}
slices start:
{45 14}
tuples:
{20 17}
dist: 274
dist: 599

vlink src/dst: 0 6
number of protected paths set: 15
needed_slices: 44
paths: {1 1 7 7 7}
slices required:
{2 3 2 2 2}
slices start:
{0 2 25 29 36}
tuples:
{12 27 12 12 12}
dist: 324
dist: 324
dist: 505
dist: 505
dist: 505

vlink src/dst: 11 17
number of protected paths set: 15
needed_slices: 24
paths: {0 0 1 1}
slices required:
{2 2 2 2}
slices start:
{36 38 5 7}
tuples:
{20 20 20 20}
dist: 191
dist: 191
dist: 246
dist: 246

vlink src/dst: 6 9
number of protected paths set: 15
needed_slices: 44
paths: {7 7 11 11}
slices required:
{2 2 2 2}
slices start:
{4 6 47 49}
tuples:
{12 12 12 12}
dist: 490
dist: 490
dist: 553
dist: 553

vlink src/dst: 12 18
number of protected paths set: 15
needed_slices: 28
paths: {0 4}
slices required:
{2 2}
slices start:
{51 25}
tuples:
{12 12}
dist: 542
dist: 642

vlink src/dst: 6 17
number of protected paths set: 15
needed_slices: 40
paths: {0 0 0 6 6 6}
slices required:
{2 2 2 2 2 3}
slices start:
{5 7 9 40 42 48}
tuples:
{20 20 20 12 12 18}
dist: 217
dist: 217
dist: 217
dist: 481
dist: 481
dist: 481

vlink src/dst: 6 16
number of protected paths set: 15
needed_slices: 84
paths: {0 0 0 14 14 14}
slices required:
{2 2 2 2 2 2}
slices start:
{11 17 19 8 25 27}
tuples:
{12 12 12 12 12 12}
dist: 506
dist: 506
dist: 506
dist: 703
dist: 703
dist: 703

vlink src/dst: 0 8
number of protected paths set: 3
needed_slices: 68
paths: {6 6 8 8}
slices required:
{2 2 2 2}
slices start:
{14 16 32 38}
tuples:
{12 12 12 12}
dist: 780
dist: 780
dist: 789
dist: 789

vlink src/dst: 0 13
number of protected paths set: 15
needed_slices: 30
paths: {3 7}
slices required:
{2 2}
slices start:
{9 4}
tuples:
{12 12}
dist: 616
dist: 653

vlink src/dst: 17 19
number of protected paths set: 15
needed_slices: 11
paths: {0 2}
slices required:
{2 3}
slices start:
{9 0}
tuples:
{29 27}
dist: 62
dist: 261

vlink src/dst: 9 18
number of protected paths set: 15
needed_slices: 12
paths: {0 1}
slices required:
{2 2}
slices start:
{11 0}
tuples:
{20 20}
dist: 220
dist: 275

vlink src/dst: 0 14
number of protected paths set: 15
needed_slices: 98
paths: {0 0 4 11 12 12}
slices required:
{2 2 2 2 2 2}
slices start:
{27 29 31 6 40 42}
tuples:
{12 12 12 12 12 12}
dist: 619
dist: 619
dist: 658
dist: 721
dist: 740
dist: 740

vlink src/dst: 0 4
number of protected paths set: 15
needed_slices: 36
paths: {2 2 4 4}
slices required:
{2 2 2 2}
slices start:
{21 23 8 53}
tuples:
{12 12 12 12}
dist: 366
dist: 366
dist: 389
dist: 389

vlink src/dst: 0 9
number of protected paths set: 15
needed_slices: 15
paths: {0 3}
slices required:
{2 3}
slices start:
{18 2}
tuples:
{20 27}
dist: 127
dist: 369

vlink src/dst: 4 18
number of protected paths set: 15
needed_slices: 60
paths: {0 0 1 1 1}
slices required:
{2 3 2 2 2}
slices start:
{33 43 55 57 59}
tuples:
{12 27 12 12 12}
dist: 397
dist: 397
dist: 417
dist: 417
dist: 417

vlink src/dst: 14 17
number of protected paths set: 15
needed_slices: 72
paths: {0 0 0 12 12 12}
slices required:
{2 2 2 2 2 2}
slices start:
{8 35 37 36 53 55}
tuples:
{12 12 12 12 12 12}
dist: 574
dist: 574
dist: 574
dist: 709
dist: 709
dist: 709

vlink src/dst: 2 5
number of protected paths set: 15
needed_slices: 78
paths: {1 1 1 7 7 7}
slices required:
{2 2 2 2 2 2}
slices start:
{61 63 65 0 2 11}
tuples:
{12 12 12 12 12 12}
dist: 606
dist: 606
dist: 606
dist: 663
dist: 663
dist: 663

vlink src/dst: 1 17
number of protected paths set: 3
needed_slices: 65
paths: {2 2 5 5 5}
slices required:
{2 3 2 2 2}
slices start:
{46 48 4 6 13}
tuples:
{12 27 12 12 12}
dist: 369
dist: 369
dist: 429
dist: 429
dist: 429

vlink src/dst: 2 17
number of protected paths set: 15
needed_slices: 20
paths: {0 6}
slices required:
{2 2}
slices start:
{15 51}
tuples:
{12 12}
dist: 305
dist: 413

vlink src/dst: 12 15
number of protected paths set: 3
needed_slices: 52
paths: {5 5 6 6}
slices required:
{2 2 2 2}
slices start:
{67 69 48 50}
tuples:
{12 12 12 12}
dist: 699
dist: 699
dist: 730
dist: 730

vlink src/dst: 8 9
number of protected paths set: 3
needed_slices: 102
paths: {1 1 1 8 8 8}
slices required:
{2 2 2 2 2 2}
slices start:
{40 42 44 25 33 43}
tuples:
{12 12 12 12 12 12}
dist: 636
dist: 636
dist: 636
dist: 724
dist: 724
dist: 724

vlink src/dst: 4 5
number of protected paths set: 15
needed_slices: 16
paths: {0 2}
slices required:
{2 2}
slices start:
{71 31}
tuples:
{12 12}
dist: 414
dist: 494

vlink src/dst: 8 10
number of protected paths set: 3
needed_slices: 100
paths: {2 2 2 8 8 8 8}
slices required:
{2 2 2 2 2 2 2}
slices start:
{45 57 59 46 51 67 69}
tuples:
{12 12 12 6 6 6 6}
dist: 790
dist: 790
dist: 790
dist: 842
dist: 842
dist: 842
dist: 842

vlink src/dst: 6 13
number of protected paths set: 15
needed_slices: 67
paths: {1 1 2 2 2 3}
slices required:
{2 2 2 2 3 2}
slices start:
{47 49 73 75 77 61}
tuples:
{12 12 12 12 17 12}
dist: 539
dist: 539
dist: 555
dist: 555
dist: 555
dist: 577

vlink src/dst: 10 14
number of protected paths set: 15
needed_slices: 66
paths: {2 2 2 4 4 4}
slices required:
{2 2 2 2 2 2}
slices start:
{4 8 27 63 65 71}
tuples:
{12 12 12 12 12 12}
dist: 705
dist: 705
dist: 705
dist: 746
dist: 746
dist: 746

vlink src/dst: 6 14
number of protected paths set: 15
needed_slices: 40
paths: {0 0 4 4}
slices required:
{2 2 2 2}
slices start:
{29 34 80 82}
tuples:
{12 12 12 12}
dist: 486
dist: 486
dist: 609
dist: 609

vlink src/dst: 12 13
number of protected paths set: 15
needed_slices: 36
paths: {0 0 5 5 5}
slices required:
{2 2 2 2 2}
slices start:
{51 67 84 86 88}
tuples:
{20 20 12 12 12}
dist: 271
dist: 271
dist: 598
dist: 598
dist: 598

vlink src/dst: 12 14
number of protected paths set: 15
needed_slices: 40
paths: {0 0 6 7 7}
slices required:
{2 3 2 2 2}
slices start:
{63 69 6 90 92}
tuples:
{20 27 12 12 12}
dist: 218
dist: 218
dist: 651
dist: 652
dist: 652

vlink src/dst: 8 12
number of protected paths set: 3
needed_slices: 48
paths: {0 0 11 11 11}
slices required:
{2 2 2 2 2}
slices start:
{6 14 94 96 98}
tuples:
{20 20 12 12 12}
dist: 266
dist: 266
dist: 800
dist: 800
dist: 800

vlink src/dst: 3 14
number of protected paths set: 15
needed_slices: 27
paths: {0 0 3 3}
slices required:
{2 2 2 3}
slices start:
{0 2 31 72}
tuples:
{20 20 12 27}
dist: 195
dist: 195
dist: 375
dist: 375

vlink src/dst: 1 8
number of protected paths set: 3
needed_slices: 26
paths: {0 3}
slices required:
{2 2}
slices start:
{53 53}
tuples:
{12 12}
dist: 453
dist: 539

vlink src/dst: 1 14
number of protected paths set: 3
needed_slices: 61
paths: {0 0 7 7 7}
slices required:
{2 3 2 2 2}
slices start:
{15 55 84 86 88}
tuples:
{12 27 12 12 12}
dist: 306
dist: 306
dist: 490
dist: 490
dist: 490

vlink src/dst: 3 9
number of protected paths set: 15
needed_slices: 68
paths: {0 0 8 13 13}
slices required:
{2 4 2 2 2}
slices start:
{17 19 55 33 48}
tuples:
{12 34 12 12 12}
dist: 372
dist: 372
dist: 462
dist: 478
dist: 478

vlink src/dst: 3 8
number of protected paths set: 3
needed_slices: 50
paths: {0 0 1 2 2 3}
slices required:
{2 2 2 2 2 2}
slices start:
{4 39 58 4 8 6}
tuples:
{12 12 12 12 12 12}
dist: 342
dist: 342
dist: 407
dist: 424
dist: 424
dist: 460

vlink src/dst: 14 16
number of protected paths set: 15
needed_slices: 24
paths: {0 12}
slices required:
{2 2}
slices start:
{13 90}
tuples:
{12 12}
dist: 419
dist: 603

vlink src/dst: 2 9
number of protected paths set: 15
needed_slices: 41
paths: {0 0 5 5}
slices required:
{2 2 2 3}
slices start:
{0 2 5 10}
tuples:
{20 20 12 27}
dist: 248
dist: 248
dist: 363
dist: 363

vlink src/dst: 3 4
number of protected paths set: 15
needed_slices: 28
paths: {0 0 1 1}
slices required:
{2 2 2 2}
slices start:
{57 59 23 29}
tuples:
{20 20 20 20}
dist: 219
dist: 219
dist: 271
dist: 271

vlink src/dst: 9 16
number of protected paths set: 15
needed_slices: 14
paths: {1 3}
slices required:
{2 2}
slices start:
{7 21}
tuples:
{20 20}
dist: 242
dist: 271
40 second(s) taken for solution
44 second(s) taken in total
cost = 2374

