
11 second(s) taken for initialization

vlink src/dst: 2 8
number of protected paths set: 3
needed_slices: 44
paths: {2 16}
slices required:
{2 3}
slices start:
{0 0}
tuples:
{12 11}
dist: 660
dist: 886

vlink src/dst: 0 8
number of protected paths set: 3
needed_slices: 144
paths: {0 15 15 17 17 17 18}
slices required:
{2 2 2 2 2 2 3}
slices start:
{2 4 6 4 6 8 10}
tuples:
{12 12 12 6 6 6 11}
dist: 538
dist: 655
dist: 655
dist: 805
dist: 805
dist: 805
dist: 956

vlink src/dst: 0 15
number of protected paths set: 3
needed_slices: 22
paths: {1 17}
slices required:
{2 2}
slices start:
{10 2}
tuples:
{12 12}
dist: 368
dist: 572

vlink src/dst: 0 2
number of protected paths set: 3
needed_slices: 19
paths: {0 3}
slices required:
{2 3}
slices start:
{8 12}
tuples:
{20 27}
dist: 111
dist: 379

vlink src/dst: 0 12
number of protected paths set: 3
needed_slices: 24
paths: {2 12}
slices required:
{2 2}
slices start:
{15 13}
tuples:
{12 12}
dist: 425
dist: 521

vlink src/dst: 0 17
number of protected paths set: 3
needed_slices: 25
paths: {0 0 2 2}
slices required:
{2 3 2 3}
slices start:
{15 17 17 19}
tuples:
{20 28 20 28}
dist: 156
dist: 156
dist: 186
dist: 186

vlink src/dst: 10 17
number of protected paths set: 15
needed_slices: 23
paths: {0 11}
slices required:
{2 3}
slices start:
{22 10}
tuples:
{20 27}
dist: 248
dist: 368

vlink src/dst: 0 3
number of protected paths set: 3
needed_slices: 24
paths: {1 14}
slices required:
{2 2}
slices start:
{24 20}
tuples:
{12 12}
dist: 443
dist: 604

vlink src/dst: 2 5
number of protected paths set: 15
needed_slices: 14
paths: {0 4}
slices required:
{2 2}
slices start:
{15 26}
tuples:
{20 12}
dist: 124
dist: 416

vlink src/dst: 17 19
number of protected paths set: 15
needed_slices: 16
paths: {0 2}
slices required:
{2 2}
slices start:
{28 8}
tuples:
{20 20}
dist: 213
dist: 285

vlink src/dst: 5 6
number of protected paths set: 15
needed_slices: 55
paths: {1 1 9 9}
slices required:
{2 3 2 3}
slices start:
{30 32 17 22}
tuples:
{12 27 12 18}
dist: 359
dist: 359
dist: 487
dist: 487

vlink src/dst: 7 12
number of protected paths set: 3
needed_slices: 52
paths: {3 3 4 4}
slices required:
{2 2 2 2}
slices start:
{25 27 19 28}
tuples:
{12 12 12 12}
dist: 595
dist: 595
dist: 605
dist: 605

vlink src/dst: 7 9
number of protected paths set: 3
needed_slices: 84
paths: {2 2 2 7 7 7}
slices required:
{2 2 2 2 2 2}
slices start:
{35 37 39 29 31 33}
tuples:
{12 12 12 12 12 12}
dist: 690
dist: 690
dist: 690
dist: 728
dist: 728
dist: 728

vlink src/dst: 7 15
number of protected paths set: 3
needed_slices: 66
paths: {2 2 2 13 13 13}
slices required:
{2 2 2 2 2 2}
slices start:
{41 43 45 3 5 7}
tuples:
{12 12 12 12 12 12}
dist: 542
dist: 542
dist: 542
dist: 643
dist: 643
dist: 643

vlink src/dst: 7 14
number of protected paths set: 3
needed_slices: 16
paths: {0 0 1 1}
slices required:
{2 2 2 2}
slices start:
{9 15 0 2}
tuples:
{20 20 20 20}
dist: 206
dist: 206
dist: 243
dist: 243

vlink src/dst: 10 18
number of protected paths set: 3
needed_slices: 48
paths: {0 6 6}
slices required:
{3 2 2}
slices start:
{3 47 49}
tuples:
{27 12 12}
dist: 377
dist: 617
dist: 617

vlink src/dst: 16 18
number of protected paths set: 3
needed_slices: 102
paths: {6 6 6 8 8 8}
slices required:
{2 2 2 2 2 2}
slices start:
{15 51 53 0 9 11}
tuples:
{12 12 12 12 12 12}
dist: 780
dist: 780
dist: 780
dist: 789
dist: 789
dist: 789

vlink src/dst: 14 15
number of protected paths set: 15
needed_slices: 35
paths: {0 0 3 3}
slices required:
{2 3 2 3}
slices start:
{17 21 13 15}
tuples:
{12 27 12 18}
dist: 301
dist: 301
dist: 435
dist: 435

vlink src/dst: 2 3
number of protected paths set: 15
needed_slices: 76
paths: {0 0 0 3 4 4}
slices required:
{2 2 3 2 2 2}
slices start:
{18 22 28 51 53 55}
tuples:
{12 12 18 12 12 12}
dist: 487
dist: 487
dist: 487
dist: 544
dist: 554
dist: 554

vlink src/dst: 1 10
number of protected paths set: 15
needed_slices: 8
paths: {0 1}
slices required:
{2 2}
slices start:
{3 9}
tuples:
{20 20}
dist: 198
dist: 243

vlink src/dst: 8 18
number of protected paths set: 3
needed_slices: 72
paths: {8 8 16 16}
slices required:
{2 2 2 2}
slices start:
{57 59 24 26}
tuples:
{6 6 6 6}
dist: 897
dist: 897
dist: 1035
dist: 1035

vlink src/dst: 3 7
number of protected paths set: 3
needed_slices: 22
paths: {0 6}
slices required:
{2 2}
slices start:
{35 61}
tuples:
{12 12}
dist: 562
dist: 623

vlink src/dst: 1 14
number of protected paths set: 15
needed_slices: 8
paths: {0 1}
slices required:
{2 2}
slices start:
{0 6}
tuples:
{20 20}
dist: 153
dist: 289

vlink src/dst: 2 6
number of protected paths set: 15
needed_slices: 28
paths: {0 0 1 1}
slices required:
{2 2 2 3}
slices start:
{24 37 11 63}
tuples:
{20 20 12 27}
dist: 210
dist: 210
dist: 361
dist: 361

vlink src/dst: 2 4
number of protected paths set: 15
needed_slices: 30
paths: {0 13}
slices required:
{3 3}
slices start:
{2 63}
tuples:
{27 17}
dist: 345
dist: 536

vlink src/dst: 5 15
number of protected paths set: 15
needed_slices: 18
paths: {0 3}
slices required:
{2 2}
slices start:
{63 15}
tuples:
{12 12}
dist: 387
dist: 451

vlink src/dst: 4 14
number of protected paths set: 15
needed_slices: 20
paths: {0 8}
slices required:
{2 2}
slices start:
{66 39}
tuples:
{12 12}
dist: 399
dist: 481

vlink src/dst: 8 17
number of protected paths set: 3
needed_slices: 108
paths: {0 0 0 15 15 15 15}
slices required:
{2 2 2 2 2 2 2}
slices start:
{13 15 17 35 37 39 41}
tuples:
{12 12 12 6 6 6 6}
dist: 578
dist: 578
dist: 578
dist: 892
dist: 892
dist: 892
dist: 892

vlink src/dst: 4 17
number of protected paths set: 15
needed_slices: 12
paths: {0 2}
slices required:
{2 2}
slices start:
{0 0}
tuples:
{20 12}
dist: 184
dist: 305

vlink src/dst: 15 19
number of protected paths set: 15
needed_slices: 10
paths: {0 2}
slices required:
{2 2}
slices start:
{12 4}
tuples:
{20 12}
dist: 230
dist: 332

vlink src/dst: 3 19
number of protected paths set: 15
needed_slices: 44
paths: {1 1 4 4 4}
slices required:
{2 3 2 2 2}
slices start:
{26 30 31 33 37}
tuples:
{12 27 12 12 12}
dist: 360
dist: 360
dist: 422
dist: 422
dist: 422

vlink src/dst: 3 4
number of protected paths set: 15
needed_slices: 26
paths: {8 12}
slices required:
{2 2}
slices start:
{18 39}
tuples:
{12 12}
dist: 549
dist: 615

vlink src/dst: 1 16
number of protected paths set: 15
needed_slices: 18
paths: {0 3}
slices required:
{2 2}
slices start:
{0 41}
tuples:
{12 12}
dist: 354
dist: 455

vlink src/dst: 9 10
number of protected paths set: 15
needed_slices: 45
paths: {0 0 3 3 3}
slices required:
{2 3 2 2 2}
slices start:
{33 47 6 20 22}
tuples:
{12 27 12 12 12}
dist: 361
dist: 361
dist: 488
dist: 488
dist: 488

vlink src/dst: 8 19
number of protected paths set: 3
needed_slices: 22
paths: {1 17}
slices required:
{2 2}
slices start:
{43 65}
tuples:
{12 12}
dist: 429
dist: 682

vlink src/dst: 9 19
number of protected paths set: 15
needed_slices: 14
paths: {0 1}
slices required:
{2 2}
slices start:
{67 45}
tuples:
{12 12}
dist: 378
dist: 415

vlink src/dst: 6 11
number of protected paths set: 15
needed_slices: 12
paths: {0 0 1 1}
slices required:
{2 2 2 2}
slices start:
{6 13 0 2}
tuples:
{29 29 20 20}
dist: 99
dist: 99
dist: 265
dist: 265

vlink src/dst: 4 13
number of protected paths set: 15
needed_slices: 56
paths: {1 1 9 9}
slices required:
{2 2 2 2}
slices start:
{8 10 68 70}
tuples:
{12 12 12 12}
dist: 597
dist: 597
dist: 747
dist: 747

vlink src/dst: 4 9
number of protected paths set: 15
needed_slices: 65
paths: {4 4 7 7}
slices required:
{2 3 2 3}
slices start:
{20 22 47 49}
tuples:
{12 17 12 17}
dist: 552
dist: 552
dist: 562
dist: 562

vlink src/dst: 2 13
number of protected paths set: 15
needed_slices: 20
paths: {1 7}
slices required:
{2 2}
slices start:
{31 13}
tuples:
{12 12}
dist: 472
dist: 617

vlink src/dst: 13 15
number of protected paths set: 15
needed_slices: 15
paths: {0 2}
slices required:
{2 3}
slices start:
{43 72}
tuples:
{20 18}
dist: 277
dist: 432

vlink src/dst: 7 13
number of protected paths set: 3
needed_slices: 60
paths: {0 0 0 2 2 2}
slices required:
{2 2 2 2 2 2}
slices start:
{4 6 30 41 43 45}
tuples:
{12 12 12 12 12 12}
dist: 535
dist: 535
dist: 535
dist: 551
dist: 551
dist: 551

vlink src/dst: 1 13
number of protected paths set: 15
needed_slices: 6
paths: {0 2}
slices required:
{2 2}
slices start:
{0 0}
tuples:
{20 20}
dist: 188
dist: 203

vlink src/dst: 9 12
number of protected paths set: 15
needed_slices: 12
paths: {0 0 1 1}
slices required:
{2 2 2 2}
slices start:
{0 2 13 17}
tuples:
{20 20 20 20}
dist: 133
dist: 133
dist: 207
dist: 207

vlink src/dst: 3 8
number of protected paths set: 3
needed_slices: 46
paths: {0 0 3 3 9}
slices required:
{2 3 2 2 2}
slices start:
{21 33 13 15 17}
tuples:
{20 27 12 12 12}
dist: 283
dist: 283
dist: 496
dist: 496
dist: 551

vlink src/dst: 11 14
number of protected paths set: 15
needed_slices: 10
paths: {0 1}
slices required:
{2 2}
slices start:
{17 8}
tuples:
{20 12}
dist: 178
dist: 331

vlink src/dst: 6 14
number of protected paths set: 15
needed_slices: 8
paths: {0 1}
slices required:
{2 2}
slices start:
{0 25}
tuples:
{29 12}
dist: 79
dist: 392

vlink src/dst: 8 15
number of protected paths set: 3
needed_slices: 25
paths: {0 6 6}
slices required:
{3 2 2}
slices start:
{23 28 30}
tuples:
{27 12 12}
dist: 208
dist: 450
dist: 450

vlink src/dst: 3 15
number of protected paths set: 15
needed_slices: 25
paths: {0 0 1 1 1}
slices required:
{2 2 2 2 3}
slices start:
{28 36 10 41 43}
tuples:
{29 29 12 12 18}
dist: 75
dist: 75
dist: 404
dist: 404
dist: 404

vlink src/dst: 13 18
number of protected paths set: 3
needed_slices: 60
paths: {0 0 0 15 15 15}
slices required:
{2 2 2 2 2 2}
slices start:
{15 19 21 39 55 61}
tuples:
{12 12 12 12 12 12}
dist: 463
dist: 463
dist: 463
dist: 729
dist: 729
dist: 729
31 second(s) taken for solution
42 second(s) taken in total
cost = 1814

