
12 second(s) taken for initialization

vlink src/dst: 0 18
number of protected paths set: 3
needed_slices: 68
paths: {1 1 14 14}
slices required:
{2 2 2 2}
slices start:
{0 2 0 2}
tuples:
{12 12 12 12}
dist: 621
dist: 621
dist: 776
dist: 776

vlink src/dst: 4 15
number of protected paths set: 3
needed_slices: 151
paths: {1 2 2 16 16 16 16}
slices required:
{2 2 2 2 2 2 3}
slices start:
{4 6 8 4 6 8 10}
tuples:
{12 12 12 6 6 6 11}
dist: 724
dist: 735
dist: 735
dist: 997
dist: 997
dist: 997
dist: 997

vlink src/dst: 1 15
number of protected paths set: 3
needed_slices: 108
paths: {1 1 1 16 16 16 16}
slices required:
{2 2 2 2 2 2 2}
slices start:
{10 12 14 13 15 17 19}
tuples:
{12 12 12 6 6 6 6}
dist: 547
dist: 547
dist: 547
dist: 842
dist: 842
dist: 842
dist: 842

vlink src/dst: 3 18
number of protected paths set: 15
needed_slices: 42
paths: {1 8}
slices required:
{3 3}
slices start:
{21 6}
tuples:
{18 17}
dist: 453
dist: 575

vlink src/dst: 1 7
number of protected paths set: 15
needed_slices: 27
paths: {0 3}
slices required:
{3 3}
slices start:
{24 16}
tuples:
{27 18}
dist: 387
dist: 451

vlink src/dst: 9 18
number of protected paths set: 15
needed_slices: 55
paths: {2 2 10 10 10}
slices required:
{2 3 2 2 2}
slices start:
{27 29 4 27 29}
tuples:
{12 27 12 12 12}
dist: 380
dist: 380
dist: 483
dist: 483
dist: 483

vlink src/dst: 16 18
number of protected paths set: 15
needed_slices: 8
paths: {0 1}
slices required:
{2 2}
slices start:
{0 9}
tuples:
{29 20}
dist: 98
dist: 150

vlink src/dst: 1 18
number of protected paths set: 15
needed_slices: 22
paths: {0 0 2 2 2}
slices required:
{2 2 2 2 2}
slices start:
{11 21 32 34 36}
tuples:
{29 29 20 20 20}
dist: 82
dist: 82
dist: 227
dist: 227
dist: 227

vlink src/dst: 7 18
number of protected paths set: 15
needed_slices: 45
paths: {0 0 13 13}
slices required:
{2 3 2 3}
slices start:
{38 40 38 40}
tuples:
{12 27 12 17}
dist: 305
dist: 305
dist: 534
dist: 534

vlink src/dst: 5 18
number of protected paths set: 15
needed_slices: 16
paths: {0 4}
slices required:
{2 3}
slices start:
{10 43}
tuples:
{29 27}
dist: 75
dist: 320

vlink src/dst: 5 14
number of protected paths set: 15
needed_slices: 6
paths: {0 1}
slices required:
{2 2}
slices start:
{0 4}
tuples:
{29 20}
dist: 50
dist: 159

vlink src/dst: 2 4
number of protected paths set: 3
needed_slices: 46
paths: {0 17 17}
slices required:
{3 2 2}
slices start:
{19 13 15}
tuples:
{18 12 12}
dist: 418
dist: 624
dist: 624

vlink src/dst: 10 13
number of protected paths set: 15
needed_slices: 90
paths: {3 3 3 7 7 7}
slices required:
{2 2 2 2 2 2}
slices start:
{22 24 46 21 32 34}
tuples:
{12 12 12 12 12 12}
dist: 616
dist: 616
dist: 616
dist: 653
dist: 653
dist: 653

vlink src/dst: 6 16
number of protected paths set: 15
needed_slices: 84
paths: {0 0 0 9 9 9}
slices required:
{2 2 2 2 2 2}
slices start:
{48 50 52 0 2 4}
tuples:
{12 12 12 12 12 12}
dist: 498
dist: 498
dist: 498
dist: 593
dist: 593
dist: 593

vlink src/dst: 18 19
number of protected paths set: 3
needed_slices: 38
paths: {0 19}
slices required:
{2 3}
slices start:
{43 10}
tuples:
{12 11}
dist: 678
dist: 871

vlink src/dst: 1 17
number of protected paths set: 15
needed_slices: 78
paths: {1 1 1 3 3 3}
slices required:
{2 2 2 2 2 2}
slices start:
{48 50 52 46 54 56}
tuples:
{12 12 12 12 12 12}
dist: 631
dist: 631
dist: 631
dist: 637
dist: 637
dist: 637

vlink src/dst: 2 11
number of protected paths set: 3
needed_slices: 100
paths: {0 0 0 4 7 7}
slices required:
{2 2 3 2 2 2}
slices start:
{54 56 58 17 19 23}
tuples:
{12 12 17 12 12 12}
dist: 538
dist: 538
dist: 538
dist: 603
dist: 617
dist: 617

vlink src/dst: 10 15
number of protected paths set: 3
needed_slices: 41
paths: {0 19}
slices required:
{2 3}
slices start:
{36 25}
tuples:
{12 10}
dist: 683
dist: 1040

vlink src/dst: 9 14
number of protected paths set: 15
needed_slices: 24
paths: {1 3}
slices required:
{3 3}
slices start:
{58 54}
tuples:
{27 27}
dist: 337
dist: 381

vlink src/dst: 7 14
number of protected paths set: 15
needed_slices: 32
paths: {1 1 3 3}
slices required:
{2 2 2 3}
slices start:
{48 50 2 31}
tuples:
{20 20 12 27}
dist: 298
dist: 298
dist: 383
dist: 383

vlink src/dst: 6 14
number of protected paths set: 15
needed_slices: 63
paths: {0 0 10 10 14}
slices required:
{2 2 2 2 3}
slices start:
{27 29 52 61 6}
tuples:
{12 12 12 12 17}
dist: 375
dist: 375
dist: 503
dist: 503
dist: 527

vlink src/dst: 2 12
number of protected paths set: 3
needed_slices: 24
paths: {0 18}
slices required:
{2 2}
slices start:
{0 34}
tuples:
{12 12}
dist: 417
dist: 632

vlink src/dst: 2 19
number of protected paths set: 3
needed_slices: 32
paths: {3 15}
slices required:
{2 2}
slices start:
{36 36}
tuples:
{12 12}
dist: 690
dist: 775

vlink src/dst: 0 2
number of protected paths set: 3
needed_slices: 30
paths: {2 11}
slices required:
{2 2}
slices start:
{31 22}
tuples:
{12 12}
dist: 547
dist: 645

vlink src/dst: 2 13
number of protected paths set: 3
needed_slices: 46
paths: {0 0 9 9 9}
slices required:
{2 2 2 2 2}
slices start:
{9 11 9 11 13}
tuples:
{20 20 12 12 12}
dist: 156
dist: 156
dist: 495
dist: 495
dist: 495

vlink src/dst: 9 13
number of protected paths set: 15
needed_slices: 16
paths: {0 0 2 2}
slices required:
{2 2 2 2}
slices start:
{0 2 16 18}
tuples:
{20 20 20 20}
dist: 115
dist: 115
dist: 238
dist: 238

vlink src/dst: 9 10
number of protected paths set: 15
needed_slices: 98
paths: {0 0 1 7 7 13 14}
slices required:
{2 2 2 2 2 2 2}
slices start:
{63 65 0 61 63 0 65}
tuples:
{12 12 12 12 12 12 12}
dist: 532
dist: 532
dist: 612
dist: 662
dist: 662
dist: 678
dist: 741

vlink src/dst: 14 16
number of protected paths set: 15
needed_slices: 12
paths: {0 3}
slices required:
{2 2}
slices start:
{58 67}
tuples:
{20 20}
dist: 123
dist: 268

vlink src/dst: 11 16
number of protected paths set: 15
needed_slices: 20
paths: {0 3}
slices required:
{2 3}
slices start:
{2 0}
tuples:
{20 18}
dist: 253
dist: 425

vlink src/dst: 1 8
number of protected paths set: 15
needed_slices: 55
paths: {1 1 9 9}
slices required:
{2 3 2 3}
slices start:
{67 69 28 30}
tuples:
{12 27 12 18}
dist: 359
dist: 359
dist: 487
dist: 487

vlink src/dst: 10 16
number of protected paths set: 15
needed_slices: 16
paths: {0 4}
slices required:
{2 2}
slices start:
{0 4}
tuples:
{20 12}
dist: 200
dist: 479

vlink src/dst: 8 9
number of protected paths set: 15
needed_slices: 66
paths: {1 1 1 2 2 2}
slices required:
{2 2 2 2 2 2}
slices start:
{2 4 6 25 46 57}
tuples:
{12 12 12 12 12 12}
dist: 456
dist: 456
dist: 456
dist: 523
dist: 523
dist: 523

vlink src/dst: 8 14
number of protected paths set: 15
needed_slices: 22
paths: {0 8}
slices required:
{2 2}
slices start:
{38 72}
tuples:
{20 12}
dist: 252
dist: 546

vlink src/dst: 13 15
number of protected paths set: 3
needed_slices: 42
paths: {0 0 6 6 6}
slices required:
{2 2 2 2 2}
slices start:
{20 24 28 38 40}
tuples:
{20 20 12 12 12}
dist: 186
dist: 186
dist: 551
dist: 551
dist: 551

vlink src/dst: 9 15
number of protected paths set: 3
needed_slices: 32
paths: {0 0 3 3 3}
slices required:
{2 2 2 2 2}
slices start:
{26 28 33 42 44}
tuples:
{20 20 12 12 12}
dist: 151
dist: 151
dist: 435
dist: 435
dist: 435

vlink src/dst: 0 8
number of protected paths set: 3
needed_slices: 28
paths: {0 7}
slices required:
{2 2}
slices start:
{21 72}
tuples:
{12 12}
dist: 668
dist: 744

vlink src/dst: 0 3
number of protected paths set: 3
needed_slices: 12
paths: {0 1}
slices required:
{2 2}
slices start:
{30 46}
tuples:
{20 12}
dist: 199
dist: 387

vlink src/dst: 15 17
number of protected paths set: 3
needed_slices: 14
paths: {0 1}
slices required:
{2 2}
slices start:
{35 54}
tuples:
{12 12}
dist: 335
dist: 384

vlink src/dst: 9 17
number of protected paths set: 15
needed_slices: 10
paths: {0 1}
slices required:
{2 2}
slices start:
{0 8}
tuples:
{20 20}
dist: 229
dist: 292

vlink src/dst: 15 19
number of protected paths set: 3
needed_slices: 50
paths: {0 0 4 4}
slices required:
{2 3 2 3}
slices start:
{48 50 38 40}
tuples:
{12 18 12 17}
dist: 476
dist: 476
dist: 589
dist: 589

vlink src/dst: 10 17
number of protected paths set: 15
needed_slices: 66
paths: {1 1 1 6 6 6}
slices required:
{2 2 2 2 2 2}
slices start:
{10 12 14 2 17 19}
tuples:
{12 12 12 12 12 12}
dist: 696
dist: 696
dist: 696
dist: 754
dist: 754
dist: 754

vlink src/dst: 5 12
number of protected paths set: 15
needed_slices: 16
paths: {1 2}
slices required:
{2 2}
slices start:
{38 67}
tuples:
{12 12}
dist: 371
dist: 411

vlink src/dst: 8 12
number of protected paths set: 15
needed_slices: 10
paths: {0 1}
slices required:
{2 2}
slices start:
{8 4}
tuples:
{20 12}
dist: 222
dist: 336

vlink src/dst: 11 17
number of protected paths set: 15
needed_slices: 44
paths: {2 2 4 4}
slices required:
{2 2 2 2}
slices start:
{33 35 23 40}
tuples:
{12 12 12 12}
dist: 705
dist: 705
dist: 746
dist: 746

vlink src/dst: 8 10
number of protected paths set: 15
needed_slices: 8
paths: {0 2}
slices required:
{2 2}
slices start:
{6 27}
tuples:
{20 20}
dist: 215
dist: 255

vlink src/dst: 4 19
number of protected paths set: 3
needed_slices: 72
paths: {0 0 18 18 18}
slices required:
{2 2 2 2 2}
slices start:
{13 15 38 69 74}
tuples:
{12 12 6 6 6}
dist: 782
dist: 782
dist: 912
dist: 912
dist: 912

vlink src/dst: 0 19
number of protected paths set: 3
needed_slices: 20
paths: {0 12}
slices required:
{2 2}
slices start:
{23 69}
tuples:
{12 12}
dist: 328
dist: 738

vlink src/dst: 8 17
number of protected paths set: 15
needed_slices: 36
paths: {0 0 10 10}
slices required:
{2 2 2 2}
slices start:
{16 18 6 8}
tuples:
{12 12 12 12}
dist: 481
dist: 481
dist: 659
dist: 659

vlink src/dst: 7 12
number of protected paths set: 15
needed_slices: 23
paths: {0 0 1 1}
slices required:
{2 2 2 3}
slices start:
{28 30 69 74}
tuples:
{20 20 12 27}
dist: 177
dist: 177
dist: 345
dist: 345

vlink src/dst: 12 17
number of protected paths set: 15
needed_slices: 8
paths: {0 1}
slices required:
{2 2}
slices start:
{32 0}
tuples:
{20 12}
dist: 259
dist: 323
31 second(s) taken for solution
43 second(s) taken in total
cost = 2072

