
7 second(s) taken for initialization

vlink src/dst: 0 8
number of protected paths set: 3
needed_slices: 16
paths: {0 6}
slices required:
{2 2}
slices start:
{0 0}
tuples:
{20 12}
dist: 133
dist: 541

vlink src/dst: 8 13
number of protected paths set: 3
needed_slices: 42
paths: {0 0 8 8}
slices required:
{2 2 2 3}
slices start:
{2 4 2 4}
tuples:
{20 20 12 18}
dist: 186
dist: 186
dist: 490
dist: 490

vlink src/dst: 2 8
number of protected paths set: 3
needed_slices: 34
paths: {3 6}
slices required:
{2 2}
slices start:
{6 7}
tuples:
{12 12}
dist: 684
dist: 706

vlink src/dst: 4 8
number of protected paths set: 3
needed_slices: 56
paths: {2 2 15 15}
slices required:
{2 2 2 2}
slices start:
{9 11 8 10}
tuples:
{12 12 6 6}
dist: 776
dist: 776
dist: 849
dist: 849

vlink src/dst: 8 9
number of protected paths set: 3
needed_slices: 22
paths: {2 13}
slices required:
{2 2}
slices start:
{13 12}
tuples:
{12 12}
dist: 542
dist: 643

vlink src/dst: 13 15
number of protected paths set: 3
needed_slices: 84
paths: {0 1 1 7 7}
slices required:
{2 2 2 2 5}
slices start:
{0 15 17 14 16}
tuples:
{12 12 12 12 32}
dist: 551
dist: 569
dist: 569
dist: 650
dist: 650

vlink src/dst: 4 11
number of protected paths set: 3
needed_slices: 152
paths: {1 1 1 18 18 18 18 18}
slices required:
{2 2 4 2 2 2 2 2}
slices start:
{21 23 25 2 4 6 21 23}
tuples:
{12 12 24 6 6 6 6 6}
dist: 778
dist: 778
dist: 778
dist: 1004
dist: 1004
dist: 1004
dist: 1004
dist: 1004

vlink src/dst: 13 16
number of protected paths set: 3
needed_slices: 72
paths: {1 1 1 3 3 3}
slices required:
{2 2 2 2 2 2}
slices start:
{19 29 31 29 31 33}
tuples:
{12 12 12 12 12 12}
dist: 486
dist: 486
dist: 486
dist: 521
dist: 521
dist: 521

vlink src/dst: 13 17
number of protected paths set: 3
needed_slices: 147
paths: {0 1 1 16 16 16 16}
slices required:
{2 2 2 2 2 2 3}
slices start:
{33 35 37 0 8 10 35}
tuples:
{12 12 12 6 6 6 11}
dist: 648
dist: 666
dist: 666
dist: 814
dist: 814
dist: 814
dist: 814

vlink src/dst: 13 18
number of protected paths set: 3
needed_slices: 72
paths: {0 0 2 5 11 11}
slices required:
{2 2 2 2 2 2}
slices start:
{7 9 12 12 38 40}
tuples:
{12 12 12 12 12 12}
dist: 307
dist: 307
dist: 369
dist: 429
dist: 493
dist: 493

vlink src/dst: 2 13
number of protected paths set: 3
needed_slices: 96
paths: {0 1 1 15 15 16}
slices required:
{2 2 2 2 2 2}
slices start:
{42 39 44 44 46 42}
tuples:
{12 12 12 12 12 12}
dist: 487
dist: 498
dist: 498
dist: 613
dist: 613
dist: 622

vlink src/dst: 0 7
number of protected paths set: 15
needed_slices: 16
paths: {0 3}
slices required:
{2 2}
slices start:
{21 8}
tuples:
{20 12}
dist: 253
dist: 425

vlink src/dst: 6 8
number of protected paths set: 3
needed_slices: 28
paths: {1 13}
slices required:
{2 2}
slices start:
{23 15}
tuples:
{12 12}
dist: 493
dist: 619

vlink src/dst: 1 7
number of protected paths set: 3
needed_slices: 30
paths: {0 7}
slices required:
{2 2}
slices start:
{25 0}
tuples:
{12 12}
dist: 538
dist: 617

vlink src/dst: 8 19
number of protected paths set: 3
needed_slices: 84
paths: {0 0 0 14 14 14}
slices required:
{2 2 2 2 2 2}
slices start:
{27 48 50 17 19 23}
tuples:
{12 12 12 12 12 12}
dist: 447
dist: 447
dist: 447
dist: 573
dist: 573
dist: 573

vlink src/dst: 3 13
number of protected paths set: 3
needed_slices: 59
paths: {0 0 0 8 8 8}
slices required:
{2 2 2 2 2 3}
slices start:
{46 52 54 6 48 50}
tuples:
{20 20 20 12 12 18}
dist: 235
dist: 235
dist: 235
dist: 406
dist: 406
dist: 406

vlink src/dst: 5 12
number of protected paths set: 15
needed_slices: 16
paths: {0 0 2 2}
slices required:
{2 2 2 2}
slices start:
{33 39 0 25}
tuples:
{20 20 20 20}
dist: 173
dist: 173
dist: 268
dist: 268

vlink src/dst: 3 5
number of protected paths set: 15
needed_slices: 56
paths: {0 0 11 11 11}
slices required:
{2 3 2 2 2}
slices start:
{41 43 33 35 37}
tuples:
{12 27 12 12 12}
dist: 338
dist: 338
dist: 510
dist: 510
dist: 510

vlink src/dst: 1 14
number of protected paths set: 3
needed_slices: 78
paths: {1 1 1 7 7 7}
slices required:
{2 2 2 2 2 2}
slices start:
{56 58 60 39 41 43}
tuples:
{12 12 12 12 12 12}
dist: 508
dist: 508
dist: 508
dist: 589
dist: 589
dist: 589

vlink src/dst: 11 19
number of protected paths set: 3
needed_slices: 96
paths: {0 0 0 14 14 14}
slices required:
{2 2 2 2 2 2}
slices start:
{2 4 14 56 58 60}
tuples:
{12 12 12 12 12 12}
dist: 437
dist: 437
dist: 437
dist: 635
dist: 635
dist: 635

vlink src/dst: 14 19
number of protected paths set: 15
needed_slices: 26
paths: {3 5}
slices required:
{2 2}
slices start:
{62 27}
tuples:
{12 12}
dist: 537
dist: 559

vlink src/dst: 1 16
number of protected paths set: 3
needed_slices: 73
paths: {0 0 13 13 13}
slices required:
{2 3 2 2 2}
slices start:
{6 8 64 66 68}
tuples:
{12 18 12 12 12}
dist: 449
dist: 449
dist: 654
dist: 654
dist: 654

vlink src/dst: 1 3
number of protected paths set: 3
needed_slices: 10
paths: {0 1}
slices required:
{2 2}
slices start:
{0 11}
tuples:
{29 20}
dist: 35
dist: 212

vlink src/dst: 3 7
number of protected paths set: 15
needed_slices: 96
paths: {0 0 9 9 12 12}
slices required:
{2 2 2 2 2 2}
slices start:
{70 72 21 52 16 18}
tuples:
{12 12 12 12 12 12}
dist: 503
dist: 503
dist: 639
dist: 639
dist: 777
dist: 777

vlink src/dst: 7 10
number of protected paths set: 3
needed_slices: 126
paths: {4 4 4 15 15 15}
slices required:
{2 2 3 2 2 3}
slices start:
{48 50 70 35 37 39}
tuples:
{6 6 11 6 6 11}
dist: 826
dist: 826
dist: 826
dist: 874
dist: 874
dist: 874

vlink src/dst: 3 6
number of protected paths set: 15
needed_slices: 10
paths: {0 1}
slices required:
{2 2}
slices start:
{17 0}
tuples:
{20 20}
dist: 109
dist: 136

vlink src/dst: 16 19
number of protected paths set: 15
needed_slices: 78
paths: {0 0 0 14 14 14}
slices required:
{2 2 2 2 2 2}
slices start:
{2 4 11 74 76 78}
tuples:
{12 12 12 12 12 12}
dist: 420
dist: 420
dist: 420
dist: 684
dist: 684
dist: 684

vlink src/dst: 1 15
number of protected paths set: 3
needed_slices: 78
paths: {4 4 4 11 11 11}
slices required:
{2 2 2 2 2 2}
slices start:
{45 54 64 19 23 29}
tuples:
{12 12 12 12 12 12}
dist: 565
dist: 565
dist: 565
dist: 656
dist: 656
dist: 656

vlink src/dst: 3 17
number of protected paths set: 3
needed_slices: 30
paths: {2 6}
slices required:
{2 2}
slices start:
{31 2}
tuples:
{12 12}
dist: 582
dist: 609

vlink src/dst: 1 2
number of protected paths set: 3
needed_slices: 60
paths: {2 2 4 4 4}
slices required:
{2 3 2 2 2}
slices start:
{25 66 54 80 82}
tuples:
{12 27 12 12 12}
dist: 364
dist: 364
dist: 444
dist: 444
dist: 444

vlink src/dst: 2 3
number of protected paths set: 15
needed_slices: 59
paths: {2 2 4 4 4}
slices required:
{2 3 2 2 2}
slices start:
{84 86 4 13 20}
tuples:
{12 27 12 12 12}
dist: 399
dist: 399
dist: 408
dist: 408
dist: 408

vlink src/dst: 3 10
number of protected paths set: 3
needed_slices: 16
paths: {2 3}
slices required:
{2 2}
slices start:
{8 89}
tuples:
{12 12}
dist: 389
dist: 422

vlink src/dst: 5 9
number of protected paths set: 15
needed_slices: 39
paths: {0 0 3 3 3}
slices required:
{2 3 2 2 2}
slices start:
{46 80 31 47 49}
tuples:
{12 27 12 12 12}
dist: 301
dist: 301
dist: 435
dist: 435
dist: 435

vlink src/dst: 18 19
number of protected paths set: 15
needed_slices: 21
paths: {0 3}
slices required:
{2 3}
slices start:
{29 91}
tuples:
{20 27}
dist: 144
dist: 340

vlink src/dst: 7 9
number of protected paths set: 15
needed_slices: 20
paths: {0 2}
slices required:
{2 2}
slices start:
{54 25}
tuples:
{12 12}
dist: 528
dist: 566

vlink src/dst: 0 15
number of protected paths set: 15
needed_slices: 70
paths: {0 2 6 7 8}
slices required:
{2 2 2 2 2}
slices start:
{52 83 85 42 21}
tuples:
{12 12 12 12 12}
dist: 591
dist: 622
dist: 655
dist: 695
dist: 721

vlink src/dst: 17 19
number of protected paths set: 3
needed_slices: 60
paths: {1 1 2 2}
slices required:
{2 3 2 3}
slices start:
{22 24 48 69}
tuples:
{12 17 12 17}
dist: 514
dist: 514
dist: 525
dist: 525

vlink src/dst: 2 10
number of protected paths set: 3
needed_slices: 50
paths: {0 0 7 7 7}
slices required:
{2 2 2 2 2}
slices start:
{15 17 62 73 75}
tuples:
{20 20 12 12 12}
dist: 127
dist: 127
dist: 639
dist: 639
dist: 639

vlink src/dst: 7 17
number of protected paths set: 3
needed_slices: 80
paths: {1 1 10 10}
slices required:
{2 3 2 3}
slices start:
{14 16 89 91}
tuples:
{6 11 6 11}
dist: 830
dist: 830
dist: 893
dist: 893

vlink src/dst: 2 12
number of protected paths set: 15
needed_slices: 24
paths: {0 1}
slices required:
{3 3}
slices start:
{2 56}
tuples:
{27 27}
dist: 285
dist: 381

vlink src/dst: 14 18
number of protected paths set: 15
needed_slices: 30
paths: {0 1}
slices required:
{3 3}
slices start:
{35 33}
tuples:
{18 18}
dist: 482
dist: 489

vlink src/dst: 12 17
number of protected paths set: 3
needed_slices: 22
paths: {0 5}
slices required:
{2 2}
slices start:
{5 52}
tuples:
{12 12}
dist: 426
dist: 582

vlink src/dst: 4 17
number of protected paths set: 3
needed_slices: 12
paths: {0 1}
slices required:
{2 2}
slices start:
{0 13}
tuples:
{29 12}
dist: 64
dist: 523

vlink src/dst: 14 17
number of protected paths set: 3
needed_slices: 26
paths: {5 6}
slices required:
{2 2}
slices start:
{54 12}
tuples:
{12 12}
dist: 699
dist: 730

vlink src/dst: 17 18
number of protected paths set: 3
needed_slices: 44
paths: {1 1 2 2 2}
slices required:
{2 3 2 2 2}
slices start:
{5 15 2 7 39}
tuples:
{12 27 12 12 12}
dist: 390
dist: 390
dist: 444
dist: 444
dist: 444

vlink src/dst: 16 17
number of protected paths set: 3
needed_slices: 24
paths: {0 15}
slices required:
{2 2}
slices start:
{19 56}
tuples:
{12 12}
dist: 586
dist: 737

vlink src/dst: 2 15
number of protected paths set: 15
needed_slices: 18
paths: {0 6}
slices required:
{2 2}
slices start:
{9 27}
tuples:
{12 12}
dist: 358
dist: 564

vlink src/dst: 9 14
number of protected paths set: 15
needed_slices: 44
paths: {0 0 1 4 4}
slices required:
{2 4 2 2 2}
slices start:
{36 56 87 52 58}
tuples:
{12 34 12 12 12}
dist: 343
dist: 343
dist: 441
dist: 512
dist: 512

vlink src/dst: 15 17
number of protected paths set: 3
needed_slices: 18
paths: {0 8}
slices required:
{2 2}
slices start:
{25 60}
tuples:
{12 12}
dist: 360
dist: 563

vlink src/dst: 14 16
number of protected paths set: 15
needed_slices: 8
paths: {0 2}
slices required:
{2 2}
slices start:
{0 0}
tuples:
{20 12}
dist: 138
dist: 400
34 second(s) taken for solution
41 second(s) taken in total
cost = 2528

