
6 second(s) taken for initialization

vlink src/dst: 2 15
number of protected paths set: 3
needed_slices: 28
paths: {0 0 2 2}
slices required:
{2 2 2 2}
slices start:
{0 2 0 2}
tuples:
{20 20 20 20}
dist: 203
dist: 203
dist: 272
dist: 272

vlink src/dst: 0 18
number of protected paths set: 15
needed_slices: 19
paths: {0 0 2 2}
slices required:
{2 2 2 3}
slices start:
{0 2 4 6}
tuples:
{29 29 20 27}
dist: 61
dist: 61
dist: 292
dist: 292

vlink src/dst: 12 18
number of protected paths set: 15
needed_slices: 10
paths: {0 1}
slices required:
{2 2}
slices start:
{4 4}
tuples:
{29 20}
dist: 73
dist: 174

vlink src/dst: 15 17
number of protected paths set: 3
needed_slices: 44
paths: {1 1 2 2}
slices required:
{2 2 2 3}
slices start:
{6 8 9 11}
tuples:
{20 20 12 27}
dist: 269
dist: 269
dist: 305
dist: 305

vlink src/dst: 4 15
number of protected paths set: 3
needed_slices: 32
paths: {0 0 2 2}
slices required:
{2 2 2 2}
slices start:
{10 12 14 16}
tuples:
{20 20 20 20}
dist: 194
dist: 194
dist: 254
dist: 254

vlink src/dst: 7 15
number of protected paths set: 3
needed_slices: 12
paths: {0 1}
slices required:
{2 2}
slices start:
{14 18}
tuples:
{20 20}
dist: 136
dist: 180

vlink src/dst: 0 5
number of protected paths set: 15
needed_slices: 70
paths: {0 0 12 12 17}
slices required:
{2 2 2 2 2}
slices start:
{20 22 20 22 9}
tuples:
{12 12 12 12 6}
dist: 473
dist: 473
dist: 625
dist: 625
dist: 970

vlink src/dst: 14 15
number of protected paths set: 3
needed_slices: 64
paths: {2 2 11 11}
slices required:
{2 2 2 2}
slices start:
{16 18 24 26}
tuples:
{12 12 12 12}
dist: 554
dist: 554
dist: 648
dist: 648

vlink src/dst: 5 15
number of protected paths set: 3
needed_slices: 26
paths: {1 7}
slices required:
{2 2}
slices start:
{28 24}
tuples:
{12 12}
dist: 508
dist: 589

vlink src/dst: 3 15
number of protected paths set: 3
needed_slices: 56
paths: {0 0 11 11 11}
slices required:
{2 3 2 2 2}
slices start:
{26 28 30 32 34}
tuples:
{12 27 12 12 12}
dist: 316
dist: 316
dist: 532
dist: 532
dist: 532

vlink src/dst: 12 14
number of protected paths set: 15
needed_slices: 32
paths: {1 13}
slices required:
{2 2}
slices start:
{36 11}
tuples:
{12 12}
dist: 570
dist: 723

vlink src/dst: 0 3
number of protected paths set: 15
needed_slices: 20
paths: {0 9}
slices required:
{2 2}
slices start:
{38 38}
tuples:
{12 12}
dist: 351
dist: 496

vlink src/dst: 3 18
number of protected paths set: 15
needed_slices: 55
paths: {0 0 12 12}
slices required:
{2 3 2 3}
slices start:
{31 33 40 42}
tuples:
{12 18 12 17}
dist: 405
dist: 405
dist: 558
dist: 558

vlink src/dst: 6 15
number of protected paths set: 3
needed_slices: 66
paths: {0 1 6 19}
slices required:
{2 3 3 2}
slices start:
{40 42 45 36}
tuples:
{12 18 17 12}
dist: 417
dist: 492
dist: 558
dist: 632

vlink src/dst: 0 11
number of protected paths set: 15
needed_slices: 12
paths: {0 3}
slices required:
{2 2}
slices start:
{48 13}
tuples:
{20 12}
dist: 184
dist: 305

vlink src/dst: 7 18
number of protected paths set: 15
needed_slices: 28
paths: {1 1 3 3}
slices required:
{2 2 2 2}
slices start:
{45 47 15 20}
tuples:
{20 20 20 20}
dist: 229
dist: 229
dist: 284
dist: 284

vlink src/dst: 17 18
number of protected paths set: 15
needed_slices: 16
paths: {0 1}
slices required:
{2 2}
slices start:
{50 17}
tuples:
{20 12}
dist: 251
dist: 326

vlink src/dst: 16 18
number of protected paths set: 15
needed_slices: 37
paths: {0 0 6 6}
slices required:
{2 2 2 3}
slices start:
{52 54 22 24}
tuples:
{20 20 12 27}
dist: 226
dist: 226
dist: 352
dist: 352

vlink src/dst: 5 18
number of protected paths set: 15
needed_slices: 28
paths: {0 9}
slices required:
{2 2}
slices start:
{56 49}
tuples:
{12 12}
dist: 534
dist: 679

vlink src/dst: 7 9
number of protected paths set: 15
needed_slices: 20
paths: {0 10}
slices required:
{2 2}
slices start:
{0 0}
tuples:
{20 12}
dist: 297
dist: 663

vlink src/dst: 1 4
number of protected paths set: 15
needed_slices: 6
paths: {0 2}
slices required:
{2 2}
slices start:
{2 0}
tuples:
{29 20}
dist: 72
dist: 189

vlink src/dst: 1 16
number of protected paths set: 15
needed_slices: 6
paths: {0 1}
slices required:
{2 2}
slices start:
{0 4}
tuples:
{29 20}
dist: 85
dist: 124

vlink src/dst: 2 3
number of protected paths set: 15
needed_slices: 70
paths: {1 1 1 8 8 8}
slices required:
{2 2 3 2 2 3}
slices start:
{10 12 58 0 2 4}
tuples:
{12 12 18 12 12 17}
dist: 448
dist: 448
dist: 448
dist: 513
dist: 513
dist: 513

vlink src/dst: 2 11
number of protected paths set: 15
needed_slices: 16
paths: {0 0 1 1}
slices required:
{2 2 2 2}
slices start:
{7 15 17 22}
tuples:
{20 20 20 20}
dist: 119
dist: 119
dist: 204
dist: 204

vlink src/dst: 4 17
number of protected paths set: 15
needed_slices: 12
paths: {0 4}
slices required:
{2 2}
slices start:
{0 2}
tuples:
{29 12}
dist: 75
dist: 320

vlink src/dst: 12 19
number of protected paths set: 15
needed_slices: 60
paths: {0 0 1 1}
slices required:
{2 4 2 4}
slices start:
{58 60 27 36}
tuples:
{12 34 12 34}
dist: 359
dist: 359
dist: 364
dist: 364

vlink src/dst: 2 8
number of protected paths set: 15
needed_slices: 18
paths: {0 3}
slices required:
{2 2}
slices start:
{24 51}
tuples:
{20 12}
dist: 289
dist: 389

vlink src/dst: 4 13
number of protected paths set: 15
needed_slices: 8
paths: {0 1}
slices required:
{2 2}
slices start:
{4 2}
tuples:
{20 20}
dist: 125
dist: 142

vlink src/dst: 11 13
number of protected paths set: 15
needed_slices: 16
paths: {0 0 2 2}
slices required:
{2 2 2 2}
slices start:
{0 4 29 31}
tuples:
{20 20 20 20}
dist: 109
dist: 109
dist: 215
dist: 215

vlink src/dst: 2 4
number of protected paths set: 15
needed_slices: 32
paths: {0 0 2 2}
slices required:
{2 2 2 2}
slices start:
{26 33 19 33}
tuples:
{20 20 20 20}
dist: 218
dist: 218
dist: 281
dist: 281

vlink src/dst: 1 2
number of protected paths set: 15
needed_slices: 18
paths: {2 3}
slices required:
{2 2}
slices start:
{36 45}
tuples:
{12 12}
dist: 305
dist: 316

vlink src/dst: 11 16
number of protected paths set: 15
needed_slices: 8
paths: {0 2}
slices required:
{2 2}
slices start:
{4 6}
tuples:
{20 20}
dist: 107
dist: 201

vlink src/dst: 3 7
number of protected paths set: 15
needed_slices: 35
paths: {2 2 3 3}
slices required:
{2 3 2 3}
slices start:
{2 42 14 48}
tuples:
{12 27 12 27}
dist: 334
dist: 334
dist: 375
dist: 375

vlink src/dst: 5 17
number of protected paths set: 15
needed_slices: 36
paths: {2 7}
slices required:
{3 3}
slices start:
{13 52}
tuples:
{18 17}
dist: 422
dist: 563

vlink src/dst: 16 19
number of protected paths set: 15
needed_slices: 30
paths: {0 0 3 3}
slices required:
{2 3 2 3}
slices start:
{2 10 45 64}
tuples:
{20 28 20 27}
dist: 123
dist: 123
dist: 268
dist: 268

vlink src/dst: 2 9
number of protected paths set: 15
needed_slices: 24
paths: {1 10}
slices required:
{2 2}
slices start:
{61 40}
tuples:
{12 12}
dist: 435
dist: 588

vlink src/dst: 2 14
number of protected paths set: 15
needed_slices: 65
paths: {0 0 3 3}
slices required:
{2 3 2 3}
slices start:
{42 47 67 69}
tuples:
{12 17 12 17}
dist: 520
dist: 520
dist: 540
dist: 540

vlink src/dst: 1 7
number of protected paths set: 15
needed_slices: 20
paths: {0 0 2 2}
slices required:
{2 2 2 2}
slices start:
{16 18 8 48}
tuples:
{20 20 20 20}
dist: 130
dist: 130
dist: 245
dist: 245

vlink src/dst: 9 16
number of protected paths set: 15
needed_slices: 60
paths: {0 0 8 8 8}
slices required:
{2 2 2 2 2}
slices start:
{2 4 16 28 30}
tuples:
{20 20 12 12 12}
dist: 252
dist: 252
dist: 546
dist: 546
dist: 546

vlink src/dst: 9 19
number of protected paths set: 15
needed_slices: 71
paths: {1 1 3 3 3}
slices required:
{3 3 2 2 3}
slices start:
{58 63 7 18 20}
tuples:
{27 27 12 12 18}
dist: 375
dist: 375
dist: 420
dist: 420
dist: 420

vlink src/dst: 6 16
number of protected paths set: 15
needed_slices: 36
paths: {1 1 4 4}
slices required:
{2 2 2 2}
slices start:
{6 14 21 23}
tuples:
{12 12 12 12}
dist: 384
dist: 384
dist: 462
dist: 462

vlink src/dst: 2 10
number of protected paths set: 3
needed_slices: 26
paths: {2 14}
slices required:
{2 2}
slices start:
{50 38}
tuples:
{12 12}
dist: 483
dist: 633

vlink src/dst: 10 13
number of protected paths set: 3
needed_slices: 22
paths: {0 17}
slices required:
{2 2}
slices start:
{32 72}
tuples:
{12 12}
dist: 438
dist: 600

vlink src/dst: 7 8
number of protected paths set: 15
needed_slices: 8
paths: {0 1}
slices required:
{2 2}
slices start:
{0 4}
tuples:
{20 20}
dist: 129
dist: 194

vlink src/dst: 1 8
number of protected paths set: 15
needed_slices: 18
paths: {0 4}
slices required:
{3 3}
slices start:
{20 2}
tuples:
{27 27}
dist: 259
dist: 358

vlink src/dst: 3 8
number of protected paths set: 15
needed_slices: 50
paths: {0 0 4 4 5}
slices required:
{2 4 2 2 2}
slices start:
{8 61 8 10 2}
tuples:
{12 34 12 12 12}
dist: 371
dist: 371
dist: 424
dist: 424
dist: 431

vlink src/dst: 3 9
number of protected paths set: 15
needed_slices: 23
paths: {0 0 2 2}
slices required:
{2 2 2 3}
slices start:
{7 11 2 4}
tuples:
{20 20 12 27}
dist: 232
dist: 232
dist: 327
dist: 327

vlink src/dst: 5 8
number of protected paths set: 15
needed_slices: 30
paths: {0 1}
slices required:
{3 3}
slices start:
{51 5}
tuples:
{18 18}
dist: 482
dist: 489

vlink src/dst: 3 10
number of protected paths set: 3
needed_slices: 36
paths: {1 1 6 6}
slices required:
{2 2 2 2}
slices start:
{16 18 26 32}
tuples:
{12 12 12 12}
dist: 489
dist: 489
dist: 594
dist: 594

vlink src/dst: 5 10
number of protected paths set: 3
needed_slices: 33
paths: {0 16 16}
slices required:
{3 2 2}
slices start:
{9 28 36}
tuples:
{27 12 12}
dist: 322
dist: 762
dist: 762
41 second(s) taken for solution
47 second(s) taken in total
cost = 1568

