
10 second(s) taken for initialization

vlink src/dst: 4 5
number of protected paths set: 3
needed_slices: 22
paths: {0 7}
slices required:
{2 2}
slices start:
{0 0}
tuples:
{12 12}
dist: 386
dist: 518

vlink src/dst: 4 12
number of protected paths set: 3
needed_slices: 17
paths: {0 2}
slices required:
{2 3}
slices start:
{2 2}
tuples:
{20 17}
dist: 104
dist: 563

vlink src/dst: 3 18
number of protected paths set: 3
needed_slices: 80
paths: {0 0 0 2 2 3}
slices required:
{2 2 3 2 2 2}
slices start:
{5 7 9 2 4 6}
tuples:
{12 12 18 12 12 12}
dist: 407
dist: 407
dist: 407
dist: 427
dist: 427
dist: 458

vlink src/dst: 3 11
number of protected paths set: 15
needed_slices: 36
paths: {0 2}
slices required:
{3 3}
slices start:
{8 12}
tuples:
{27 18}
dist: 376
dist: 459

vlink src/dst: 3 12
number of protected paths set: 15
needed_slices: 6
paths: {0 2}
slices required:
{2 2}
slices start:
{0 11}
tuples:
{20 20}
dist: 101
dist: 263

vlink src/dst: 1 4
number of protected paths set: 3
needed_slices: 62
paths: {1 1 7 7 7}
slices required:
{2 3 2 2 2}
slices start:
{5 7 15 17 19}
tuples:
{12 27 12 12 12}
dist: 383
dist: 383
dist: 523
dist: 523
dist: 523

vlink src/dst: 11 12
number of protected paths set: 15
needed_slices: 68
paths: {0 0 3 3 6}
slices required:
{2 4 2 2 2}
slices start:
{21 23 13 15 17}
tuples:
{12 34 12 12 12}
dist: 351
dist: 351
dist: 444
dist: 444
dist: 476

vlink src/dst: 3 7
number of protected paths set: 15
needed_slices: 24
paths: {0 4}
slices required:
{2 2}
slices start:
{19 27}
tuples:
{12 12}
dist: 441
dist: 536

vlink src/dst: 3 19
number of protected paths set: 15
needed_slices: 54
paths: {1 12 19}
slices required:
{2 2 2}
slices start:
{21 29 10}
tuples:
{12 12 6}
dist: 525
dist: 678
dist: 1095

vlink src/dst: 12 13
number of protected paths set: 15
needed_slices: 64
paths: {0 0 10 10 12 12}
slices required:
{2 2 2 2 2 2}
slices start:
{31 33 31 33 23 25}
tuples:
{12 12 12 12 12 12}
dist: 315
dist: 315
dist: 583
dist: 583
dist: 597
dist: 597

vlink src/dst: 1 12
number of protected paths set: 15
needed_slices: 22
paths: {1 5}
slices required:
{2 2}
slices start:
{35 12}
tuples:
{12 12}
dist: 412
dist: 492

vlink src/dst: 10 12
number of protected paths set: 15
needed_slices: 42
paths: {0 10 10}
slices required:
{3 2 2}
slices start:
{37 27 29}
tuples:
{18 12 12}
dist: 419
dist: 603
dist: 603

vlink src/dst: 5 12
number of protected paths set: 15
needed_slices: 68
paths: {0 0 2 2 5}
slices required:
{2 4 2 2 2}
slices start:
{40 42 35 37 39}
tuples:
{12 34 12 12 12}
dist: 376
dist: 376
dist: 418
dist: 418
dist: 451

vlink src/dst: 9 18
number of protected paths set: 3
needed_slices: 72
paths: {1 1 1 3 3 3}
slices required:
{2 2 2 2 2 2}
slices start:
{46 48 50 46 48 50}
tuples:
{12 12 12 12 12 12}
dist: 486
dist: 486
dist: 486
dist: 521
dist: 521
dist: 521

vlink src/dst: 5 18
number of protected paths set: 3
needed_slices: 32
paths: {0 0 1 1}
slices required:
{2 2 2 4}
slices start:
{19 27 2 15}
tuples:
{29 29 12 34}
dist: 70
dist: 70
dist: 322
dist: 322

vlink src/dst: 1 9
number of protected paths set: 15
needed_slices: 48
paths: {1 1 2 2}
slices required:
{2 2 2 2}
slices start:
{11 52 52 54}
tuples:
{12 12 12 12}
dist: 523
dist: 523
dist: 534
dist: 534

vlink src/dst: 6 11
number of protected paths set: 15
needed_slices: 79
paths: {0 0 14 14 14}
slices required:
{3 3 2 2 3}
slices start:
{35 54 56 58 60}
tuples:
{27 27 12 12 17}
dist: 391
dist: 391
dist: 595
dist: 595
dist: 595

vlink src/dst: 1 8
number of protected paths set: 15
needed_slices: 24
paths: {0 0 1 1}
slices required:
{2 2 2 2}
slices start:
{21 23 0 4}
tuples:
{20 20 20 20}
dist: 157
dist: 157
dist: 237
dist: 237

vlink src/dst: 10 11
number of protected paths set: 15
needed_slices: 12
paths: {0 1}
slices required:
{2 2}
slices start:
{0 25}
tuples:
{20 20}
dist: 201
dist: 211

vlink src/dst: 14 18
number of protected paths set: 3
needed_slices: 40
paths: {0 0 1 1}
slices required:
{2 2 2 3}
slices start:
{38 63 27 52}
tuples:
{20 20 12 27}
dist: 296
dist: 296
dist: 344
dist: 344

vlink src/dst: 11 15
number of protected paths set: 15
needed_slices: 44
paths: {2 2 6 6}
slices required:
{2 2 2 3}
slices start:
{57 59 6 8}
tuples:
{20 20 12 27}
dist: 284
dist: 284
dist: 339
dist: 339

vlink src/dst: 18 19
number of protected paths set: 3
needed_slices: 24
paths: {2 3}
slices required:
{2 2}
slices start:
{65 19}
tuples:
{12 12}
dist: 334
dist: 373

vlink src/dst: 10 13
number of protected paths set: 15
needed_slices: 18
paths: {2 3}
slices required:
{2 2}
slices start:
{0 61}
tuples:
{12 12}
dist: 305
dist: 316

vlink src/dst: 1 13
number of protected paths set: 15
needed_slices: 14
paths: {0 6}
slices required:
{2 2}
slices start:
{67 11}
tuples:
{20 12}
dist: 192
dist: 321

vlink src/dst: 5 7
number of protected paths set: 15
needed_slices: 8
paths: {0 2}
slices required:
{2 2}
slices start:
{4 69}
tuples:
{29 20}
dist: 90
dist: 219

vlink src/dst: 2 11
number of protected paths set: 3
needed_slices: 98
paths: {2 2 13 13 13}
slices required:
{2 3 2 2 3}
slices start:
{29 71 13 25 31}
tuples:
{12 17 6 6 11}
dist: 513
dist: 513
dist: 918
dist: 918
dist: 918

vlink src/dst: 11 17
number of protected paths set: 15
needed_slices: 72
paths: {0 1 1 10 10}
slices required:
{2 2 2 2 5}
slices start:
{74 76 78 34 36}
tuples:
{12 12 12 12 32}
dist: 453
dist: 471
dist: 471
dist: 617
dist: 617

vlink src/dst: 7 13
number of protected paths set: 15
needed_slices: 10
paths: {0 1}
slices required:
{2 2}
slices start:
{6 2}
tuples:
{20 20}
dist: 175
dist: 200

vlink src/dst: 9 10
number of protected paths set: 15
needed_slices: 26
paths: {0 6}
slices required:
{2 2}
slices start:
{15 63}
tuples:
{12 12}
dist: 566
dist: 635

vlink src/dst: 5 19
number of protected paths set: 15
needed_slices: 16
paths: {0 1}
slices required:
{2 2}
slices start:
{13 8}
tuples:
{20 20}
dist: 215
dist: 233

vlink src/dst: 14 19
number of protected paths set: 15
needed_slices: 10
paths: {0 1}
slices required:
{2 2}
slices start:
{0 0}
tuples:
{20 20}
dist: 118
dist: 128

vlink src/dst: 7 19
number of protected paths set: 15
needed_slices: 12
paths: {0 1}
slices required:
{2 2}
slices start:
{2 11}
tuples:
{20 20}
dist: 139
dist: 177

vlink src/dst: 7 14
number of protected paths set: 15
needed_slices: 8
paths: {0 1}
slices required:
{2 2}
slices start:
{4 2}
tuples:
{20 20}
dist: 136
dist: 216

vlink src/dst: 14 15
number of protected paths set: 15
needed_slices: 14
paths: {0 3}
slices required:
{2 2}
slices start:
{2 17}
tuples:
{20 12}
dist: 148
dist: 362

vlink src/dst: 6 7
number of protected paths set: 15
needed_slices: 60
paths: {1 1 1 7 7 7}
slices required:
{2 2 2 2 2 2}
slices start:
{31 33 41 19 21 23}
tuples:
{12 12 12 12 12 12}
dist: 456
dist: 456
dist: 456
dist: 520
dist: 520
dist: 520

vlink src/dst: 9 19
number of protected paths set: 15
needed_slices: 26
paths: {0 14}
slices required:
{2 2}
slices start:
{0 43}
tuples:
{12 12}
dist: 420
dist: 684

vlink src/dst: 2 16
number of protected paths set: 3
needed_slices: 28
paths: {0 14}
slices required:
{2 2}
slices start:
{41 0}
tuples:
{12 6}
dist: 588
dist: 823

vlink src/dst: 9 15
number of protected paths set: 15
needed_slices: 62
paths: {0 0 5 5 9}
slices required:
{2 4 2 2 2}
slices start:
{2 4 67 69 2}
tuples:
{12 34 12 12 12}
dist: 390
dist: 390
dist: 575
dist: 575
dist: 598

vlink src/dst: 10 17
number of protected paths set: 15
needed_slices: 42
paths: {0 13 14}
slices required:
{2 2 2}
slices start:
{41 80 4}
tuples:
{12 12 6}
dist: 513
dist: 662
dist: 821

vlink src/dst: 0 10
number of protected paths set: 3
needed_slices: 78
paths: {0 0 0 2 2 2}
slices required:
{2 2 2 2 2 2}
slices start:
{6 8 15 43 45 47}
tuples:
{12 12 12 12 12 12}
dist: 663
dist: 663
dist: 663
dist: 670
dist: 670
dist: 670

vlink src/dst: 7 17
number of protected paths set: 15
needed_slices: 18
paths: {0 10}
slices required:
{2 2}
slices start:
{27 54}
tuples:
{12 12}
dist: 420
dist: 536

vlink src/dst: 14 17
number of protected paths set: 15
needed_slices: 39
paths: {4 7}
slices required:
{3 3}
slices start:
{25 49}
tuples:
{17 17}
dist: 552
dist: 562

vlink src/dst: 2 14
number of protected paths set: 3
needed_slices: 35
paths: {0 13}
slices required:
{2 3}
slices start:
{12 52}
tuples:
{12 11}
dist: 394
dist: 863

vlink src/dst: 2 19
number of protected paths set: 3
needed_slices: 40
paths: {1 14 14}
slices required:
{3 2 2}
slices start:
{17 17 19}
tuples:
{27 12 12}
dist: 366
dist: 755
dist: 755

vlink src/dst: 17 19
number of protected paths set: 15
needed_slices: 67
paths: {2 2 3 11 11 11}
slices required:
{2 2 2 2 2 3}
slices start:
{4 6 8 20 22 55}
tuples:
{12 12 12 12 12 17}
dist: 434
dist: 434
dist: 440
dist: 553
dist: 553
dist: 553

vlink src/dst: 3 6
number of protected paths set: 15
needed_slices: 24
paths: {0 7}
slices required:
{3 3}
slices start:
{13 71}
tuples:
{27 17}
dist: 321
dist: 596

vlink src/dst: 3 9
number of protected paths set: 15
needed_slices: 16
paths: {0 11}
slices required:
{2 2}
slices start:
{16 31}
tuples:
{20 12}
dist: 293
dist: 628

vlink src/dst: 2 17
number of protected paths set: 3
needed_slices: 12
paths: {0 1}
slices required:
{2 2}
slices start:
{0 2}
tuples:
{20 12}
dist: 284
dist: 301

vlink src/dst: 0 17
number of protected paths set: 3
needed_slices: 28
paths: {0 0 2 2}
slices required:
{2 2 2 3}
slices start:
{6 8 10 58}
tuples:
{20 20 12 18}
dist: 150
dist: 150
dist: 436
dist: 436

vlink src/dst: 0 6
number of protected paths set: 3
needed_slices: 40
paths: {3 3 5 5}
slices required:
{2 2 2 2}
slices start:
{10 15 27 34}
tuples:
{12 12 12 12}
dist: 508
dist: 508
dist: 539
dist: 539
35 second(s) taken for solution
45 second(s) taken in total
cost = 1861

