
4 second(s) taken for initialization

vlink src/dst: 11 16
number of protected paths set: 15
needed_slices: 36
paths: {0 0 3 3}
slices required:
{2 2 2 3}
slices start:
{0 2 0 2}
tuples:
{20 20 12 27}
dist: 146
dist: 146
dist: 337
dist: 337

vlink src/dst: 11 19
number of protected paths set: 15
needed_slices: 49
paths: {0 1 3 8}
slices required:
{3 2 3 3}
slices start:
{4 7 9 0}
tuples:
{28 20 27 18}
dist: 200
dist: 207
dist: 399
dist: 443

vlink src/dst: 3 12
number of protected paths set: 3
needed_slices: 18
paths: {0 9}
slices required:
{2 2}
slices start:
{9 12}
tuples:
{20 12}
dist: 156
dist: 495

vlink src/dst: 3 17
number of protected paths set: 3
needed_slices: 24
paths: {2 10}
slices required:
{2 2}
slices start:
{12 5}
tuples:
{12 12}
dist: 463
dist: 536

vlink src/dst: 3 8
number of protected paths set: 3
needed_slices: 60
paths: {2 2 4 4 4}
slices required:
{2 3 2 2 2}
slices start:
{14 16 14 16 18}
tuples:
{12 27 12 12 12}
dist: 364
dist: 364
dist: 444
dist: 444
dist: 444

vlink src/dst: 17 19
number of protected paths set: 15
needed_slices: 65
paths: {4 4 7 7}
slices required:
{2 3 2 3}
slices start:
{20 22 20 22}
tuples:
{12 17 12 17}
dist: 552
dist: 552
dist: 562
dist: 562

vlink src/dst: 14 19
number of protected paths set: 15
needed_slices: 20
paths: {0 0 1 1}
slices required:
{2 3 2 3}
slices start:
{0 2 25 27}
tuples:
{20 28 20 27}
dist: 121
dist: 121
dist: 232
dist: 232

vlink src/dst: 3 10
number of protected paths set: 3
needed_slices: 26
paths: {4 11}
slices required:
{2 2}
slices start:
{25 30}
tuples:
{12 12}
dist: 565
dist: 656

vlink src/dst: 3 15
number of protected paths set: 3
needed_slices: 12
paths: {0 1}
slices required:
{2 2}
slices start:
{27 32}
tuples:
{29 20}
dist: 59
dist: 258

vlink src/dst: 1 11
number of protected paths set: 3
needed_slices: 88
paths: {0 0 16 16 16}
slices required:
{2 3 2 2 2}
slices start:
{25 27 7 25 27}
tuples:
{12 18 12 12 12}
dist: 483
dist: 483
dist: 728
dist: 728
dist: 728

vlink src/dst: 1 8
number of protected paths set: 3
needed_slices: 34
paths: {1 13}
slices required:
{2 2}
slices start:
{34 0}
tuples:
{12 6}
dist: 674
dist: 826

vlink src/dst: 3 6
number of protected paths set: 3
needed_slices: 24
paths: {2 5}
slices required:
{2 2}
slices start:
{36 36}
tuples:
{12 12}
dist: 343
dist: 363

vlink src/dst: 4 6
number of protected paths set: 3
needed_slices: 60
paths: {2 2 12 12}
slices required:
{2 3 2 3}
slices start:
{2 4 12 38}
tuples:
{12 18 12 17}
dist: 425
dist: 425
dist: 521
dist: 521

vlink src/dst: 9 11
number of protected paths set: 3
needed_slices: 32
paths: {6 12}
slices required:
{2 2}
slices start:
{30 41}
tuples:
{12 12}
dist: 678
dist: 704

vlink src/dst: 14 17
number of protected paths set: 15
needed_slices: 26
paths: {0 13}
slices required:
{2 2}
slices start:
{43 7}
tuples:
{12 12}
dist: 513
dist: 662

vlink src/dst: 14 15
number of protected paths set: 15
needed_slices: 14
paths: {0 2}
slices required:
{2 2}
slices start:
{14 29}
tuples:
{20 20}
dist: 237
dist: 273

vlink src/dst: 6 15
number of protected paths set: 3
needed_slices: 60
paths: {2 2 5 5}
slices required:
{2 3 2 3}
slices start:
{34 38 16 45}
tuples:
{12 27 12 27}
dist: 329
dist: 329
dist: 377
dist: 377

vlink src/dst: 8 18
number of protected paths set: 15
needed_slices: 28
paths: {1 3}
slices required:
{2 2}
slices start:
{48 41}
tuples:
{12 12}
dist: 496
dist: 533

vlink src/dst: 12 13
number of protected paths set: 15
needed_slices: 30
paths: {3 7}
slices required:
{2 2}
slices start:
{50 9}
tuples:
{12 12}
dist: 616
dist: 653

vlink src/dst: 1 19
number of protected paths set: 3
needed_slices: 55
paths: {2 2 15 15}
slices required:
{2 3 2 3}
slices start:
{43 52 5 9}
tuples:
{12 18 12 17}
dist: 434
dist: 434
dist: 580
dist: 580

vlink src/dst: 6 18
number of protected paths set: 3
needed_slices: 8
paths: {0 1}
slices required:
{2 2}
slices start:
{0 0}
tuples:
{20 20}
dist: 119
dist: 129

vlink src/dst: 5 19
number of protected paths set: 15
needed_slices: 48
paths: {2 14 15}
slices required:
{2 2 2}
slices start:
{55 43 12}
tuples:
{12 12 12}
dist: 564
dist: 693
dist: 715

vlink src/dst: 9 19
number of protected paths set: 3
needed_slices: 90
paths: {3 3 3 15 15 15}
slices required:
{2 2 2 2 2 2}
slices start:
{14 16 18 57 59 61}
tuples:
{12 12 12 12 12 12}
dist: 604
dist: 604
dist: 604
dist: 677
dist: 677
dist: 677

vlink src/dst: 7 12
number of protected paths set: 15
needed_slices: 50
paths: {1 1 15 15}
slices required:
{2 3 2 3}
slices start:
{32 36 11 13}
tuples:
{12 18 12 17}
dist: 414
dist: 414
dist: 571
dist: 571

vlink src/dst: 5 11
number of protected paths set: 15
needed_slices: 32
paths: {1 12}
slices required:
{2 2}
slices start:
{39 63}
tuples:
{12 12}
dist: 588
dist: 695

vlink src/dst: 2 14
number of protected paths set: 15
needed_slices: 26
paths: {0 3}
slices required:
{2 2}
slices start:
{0 7}
tuples:
{12 12}
dist: 520
dist: 540

vlink src/dst: 6 7
number of protected paths set: 3
needed_slices: 28
paths: {0 0 1 1}
slices required:
{2 2 2 2}
slices start:
{2 14 11 13}
tuples:
{20 20 20 20}
dist: 242
dist: 242
dist: 247
dist: 247

vlink src/dst: 5 15
number of protected paths set: 15
needed_slices: 65
paths: {3 3 5 5}
slices required:
{2 3 2 3}
slices start:
{15 17 18 65}
tuples:
{12 17 12 17}
dist: 558
dist: 558
dist: 572
dist: 572

vlink src/dst: 7 18
number of protected paths set: 15
needed_slices: 14
paths: {0 1}
slices required:
{2 2}
slices start:
{20 20}
tuples:
{20 20}
dist: 255
dist: 284

vlink src/dst: 0 18
number of protected paths set: 15
needed_slices: 36
paths: {0 7}
slices required:
{3 3}
slices start:
{16 22}
tuples:
{17 17}
dist: 560
dist: 600

vlink src/dst: 1 7
number of protected paths set: 3
needed_slices: 18
paths: {1 2}
slices required:
{2 2}
slices start:
{29 22}
tuples:
{12 12}
dist: 360
dist: 425

vlink src/dst: 4 13
number of protected paths set: 15
needed_slices: 26
paths: {0 7}
slices required:
{2 2}
slices start:
{24 68}
tuples:
{12 12}
dist: 532
dist: 662

vlink src/dst: 2 18
number of protected paths set: 15
needed_slices: 72
paths: {0 0 0 2 2 2}
slices required:
{2 2 2 2 2 2}
slices start:
{32 48 70 45 47 49}
tuples:
{12 12 12 12 12 12}
dist: 420
dist: 420
dist: 420
dist: 464
dist: 464
dist: 464

vlink src/dst: 2 8
number of protected paths set: 15
needed_slices: 88
paths: {2 2 11 11 11}
slices required:
{2 2 2 2 2}
slices start:
{52 54 7 20 22}
tuples:
{12 12 6 6 6}
dist: 705
dist: 705
dist: 827
dist: 827
dist: 827

vlink src/dst: 5 18
number of protected paths set: 15
needed_slices: 61
paths: {0 0 9 9 9}
slices required:
{2 3 2 2 2}
slices start:
{72 74 56 58 60}
tuples:
{12 27 12 12 12}
dist: 319
dist: 319
dist: 527
dist: 527
dist: 527

vlink src/dst: 9 18
number of protected paths set: 3
needed_slices: 62
paths: {1 1 7 7 7}
slices required:
{2 3 2 2 2}
slices start:
{2 77 34 36 38}
tuples:
{12 27 12 12 12}
dist: 383
dist: 383
dist: 523
dist: 523
dist: 523

vlink src/dst: 0 6
number of protected paths set: 3
needed_slices: 84
paths: {0 0 0 11 11 11}
slices required:
{2 2 3 2 2 3}
slices start:
{9 30 51 43 52 77}
tuples:
{12 12 17 12 12 17}
dist: 523
dist: 523
dist: 523
dist: 587
dist: 587
dist: 587

vlink src/dst: 0 15
number of protected paths set: 15
needed_slices: 59
paths: {0 0 0 4 4 5}
slices required:
{2 2 3 2 2 2}
slices start:
{0 2 4 43 45 56}
tuples:
{12 12 18 12 12 12}
dist: 445
dist: 445
dist: 445
dist: 539
dist: 539
dist: 539

vlink src/dst: 4 15
number of protected paths set: 15
needed_slices: 21
paths: {1 2 4}
slices required:
{2 2 3}
slices start:
{47 58 27}
tuples:
{20 20 27}
dist: 212
dist: 300
dist: 332

vlink src/dst: 0 7
number of protected paths set: 15
needed_slices: 12
paths: {0 1}
slices required:
{2 2}
slices start:
{0 7}
tuples:
{12 12}
dist: 332
dist: 343

vlink src/dst: 5 13
number of protected paths set: 15
needed_slices: 24
paths: {0 0 1 1 2}
slices required:
{2 2 2 2 2}
slices start:
{2 4 2 4 11}
tuples:
{29 29 12 12 12}
dist: 53
dist: 53
dist: 418
dist: 418
dist: 453

vlink src/dst: 2 17
number of protected paths set: 15
needed_slices: 26
paths: {3 8}
slices required:
{2 2}
slices start:
{2 41}
tuples:
{12 12}
dist: 676
dist: 784

vlink src/dst: 4 8
number of protected paths set: 15
needed_slices: 8
paths: {0 1}
slices required:
{2 2}
slices start:
{2 3}
tuples:
{29 20}
dist: 100
dist: 253

vlink src/dst: 10 13
number of protected paths set: 15
needed_slices: 40
paths: {0 0 6 6}
slices required:
{2 2 2 2}
slices start:
{0 16 9 11}
tuples:
{12 12 12 12}
dist: 576
dist: 576
dist: 665
dist: 665

vlink src/dst: 0 9
number of protected paths set: 3
needed_slices: 75
paths: {0 0 0 9 9 9 9}
slices required:
{2 2 3 2 2 2 2}
slices start:
{25 27 45 32 34 36 38}
tuples:
{12 12 17 12 12 12 12}
dist: 519
dist: 519
dist: 519
dist: 682
dist: 682
dist: 682
dist: 682

vlink src/dst: 0 8
number of protected paths set: 15
needed_slices: 24
paths: {0 14}
slices required:
{2 2}
slices start:
{32 58}
tuples:
{12 12}
dist: 434
dist: 684

vlink src/dst: 0 2
number of protected paths set: 15
needed_slices: 45
paths: {2 2 3 3}
slices required:
{2 3 2 3}
slices start:
{13 29 20 25}
tuples:
{12 17 12 17}
dist: 516
dist: 516
dist: 523
dist: 523

vlink src/dst: 8 10
number of protected paths set: 15
needed_slices: 18
paths: {0 6}
slices required:
{2 2}
slices start:
{34 0}
tuples:
{12 12}
dist: 358
dist: 564

vlink src/dst: 0 10
number of protected paths set: 15
needed_slices: 6
paths: {0 1}
slices required:
{2 2}
slices start:
{0 2}
tuples:
{20 20}
dist: 167
dist: 250

vlink src/dst: 10 17
number of protected paths set: 15
needed_slices: 20
paths: {0 0 1 1}
slices required:
{2 2 2 2}
slices start:
{4 6 0 2}
tuples:
{20 20 12 12}
dist: 269
dist: 269
dist: 352
dist: 352
29 second(s) taken for solution
33 second(s) taken in total
cost = 1947

