
3 second(s) taken for initialization

vlink src/dst: 0 8
number of protected paths set: 3
needed_slices: 38
paths: {0 17}
slices required:
{2 2}
slices start:
{0 0}
tuples:
{12 6}
dist: 706
dist: 907

vlink src/dst: 8 11
number of protected paths set: 3
needed_slices: 43
paths: {1 17}
slices required:
{2 3}
slices start:
{2 2}
tuples:
{12 11}
dist: 632
dist: 869

vlink src/dst: 8 12
number of protected paths set: 3
needed_slices: 77
paths: {2 2 2 15 15 15}
slices required:
{2 2 3 2 2 3}
slices start:
{4 6 8 5 7 9}
tuples:
{12 12 18 12 12 17}
dist: 434
dist: 434
dist: 434
dist: 580
dist: 580
dist: 580

vlink src/dst: 7 8
number of protected paths set: 3
needed_slices: 16
paths: {0 5}
slices required:
{2 2}
slices start:
{11 12}
tuples:
{20 12}
dist: 221
dist: 440

vlink src/dst: 2 10
number of protected paths set: 3
needed_slices: 19
paths: {0 0 1 1}
slices required:
{2 2 2 3}
slices start:
{2 4 14 16}
tuples:
{29 29 20 28}
dist: 53
dist: 53
dist: 196
dist: 196

vlink src/dst: 12 16
number of protected paths set: 15
needed_slices: 20
paths: {0 12}
slices required:
{2 2}
slices start:
{2 0}
tuples:
{12 12}
dist: 345
dist: 536

vlink src/dst: 13 19
number of protected paths set: 3
needed_slices: 26
paths: {0 17}
slices required:
{2 2}
slices start:
{19 5}
tuples:
{12 12}
dist: 418
dist: 624

vlink src/dst: 12 13
number of protected paths set: 3
needed_slices: 72
paths: {0 0 0 15 15 15}
slices required:
{2 2 2 2 2 2}
slices start:
{14 16 21 11 13 15}
tuples:
{12 12 12 12 12 12}
dist: 420
dist: 420
dist: 420
dist: 647
dist: 647
dist: 647

vlink src/dst: 2 19
number of protected paths set: 3
needed_slices: 68
paths: {0 0 4 4}
slices required:
{2 3 2 4}
slices start:
{21 23 7 19}
tuples:
{20 27 12 34}
dist: 285
dist: 285
dist: 375
dist: 375

vlink src/dst: 4 10
number of protected paths set: 3
needed_slices: 32
paths: {0 0 3 3}
slices required:
{2 2 2 3}
slices start:
{2 4 23 25}
tuples:
{20 20 12 27}
dist: 155
dist: 155
dist: 334
dist: 334

vlink src/dst: 7 19
number of protected paths set: 3
needed_slices: 60
paths: {2 2 4 4}
slices required:
{3 3 3 3}
slices start:
{26 29 23 26}
tuples:
{27 27 27 27}
dist: 305
dist: 305
dist: 318
dist: 318

vlink src/dst: 0 2
number of protected paths set: 3
needed_slices: 30
paths: {0 3}
slices required:
{2 2}
slices start:
{9 12}
tuples:
{12 12}
dist: 583
dist: 617

vlink src/dst: 3 10
number of protected paths set: 3
needed_slices: 32
paths: {1 15}
slices required:
{2 2}
slices start:
{29 32}
tuples:
{12 12}
dist: 498
dist: 613

vlink src/dst: 0 16
number of protected paths set: 3
needed_slices: 112
paths: {2 3 3 10 10 10 10}
slices required:
{2 2 2 2 2 2 2}
slices start:
{34 28 30 17 34 36 38}
tuples:
{12 12 12 12 12 12 12}
dist: 669
dist: 670
dist: 670
dist: 710
dist: 710
dist: 710
dist: 710

vlink src/dst: 0 7
number of protected paths set: 3
needed_slices: 84
paths: {0 0 0 15 15 15}
slices required:
{2 2 2 2 2 2}
slices start:
{11 13 15 19 23 32}
tuples:
{12 12 12 12 12 12}
dist: 485
dist: 485
dist: 485
dist: 653
dist: 653
dist: 653

vlink src/dst: 2 13
number of protected paths set: 3
needed_slices: 16
paths: {0 6}
slices required:
{2 2}
slices start:
{32 17}
tuples:
{20 12}
dist: 133
dist: 541

vlink src/dst: 4 13
number of protected paths set: 3
needed_slices: 27
paths: {1 2}
slices required:
{3 3}
slices start:
{7 36}
tuples:
{27 27}
dist: 329
dist: 347

vlink src/dst: 13 16
number of protected paths set: 3
needed_slices: 19
paths: {0 0 1 1}
slices required:
{2 2 2 3}
slices start:
{0 2 19 28}
tuples:
{29 29 12 27}
dist: 75
dist: 75
dist: 375
dist: 375

vlink src/dst: 3 16
number of protected paths set: 15
needed_slices: 30
paths: {0 3}
slices required:
{2 2}
slices start:
{21 40}
tuples:
{12 12}
dist: 589
dist: 609

vlink src/dst: 10 18
number of protected paths set: 3
needed_slices: 72
paths: {1 1 1 3 3 3}
slices required:
{2 2 2 2 2 2}
slices start:
{31 33 39 42 44 46}
tuples:
{12 12 12 12 12 12}
dist: 486
dist: 486
dist: 486
dist: 521
dist: 521
dist: 521

vlink src/dst: 2 15
number of protected paths set: 3
needed_slices: 60
paths: {0 0 3 3}
slices required:
{2 2 2 2}
slices start:
{48 50 48 50}
tuples:
{12 12 12 12}
dist: 765
dist: 765
dist: 788
dist: 788

vlink src/dst: 1 10
number of protected paths set: 3
needed_slices: 24
paths: {0 11}
slices required:
{2 2}
slices start:
{41 52}
tuples:
{12 12}
dist: 523
dist: 587

vlink src/dst: 4 5
number of protected paths set: 15
needed_slices: 6
paths: {0 1}
slices required:
{2 2}
slices start:
{6 2}
tuples:
{29 20}
dist: 85
dist: 124

vlink src/dst: 2 18
number of protected paths set: 15
needed_slices: 36
paths: {0 3}
slices required:
{3 3}
slices start:
{54 54}
tuples:
{18 17}
dist: 462
dist: 539

vlink src/dst: 7 15
number of protected paths set: 3
needed_slices: 106
paths: {0 0 0 19 19 19 19}
slices required:
{2 2 2 2 2 2 2}
slices start:
{17 43 45 57 59 61 63}
tuples:
{12 12 12 6 6 6 6}
dist: 678
dist: 678
dist: 678
dist: 871
dist: 871
dist: 871
dist: 871

vlink src/dst: 12 14
number of protected paths set: 15
needed_slices: 28
paths: {0 9}
slices required:
{2 2}
slices start:
{48 65}
tuples:
{12 12}
dist: 478
dist: 710

vlink src/dst: 4 19
number of protected paths set: 3
needed_slices: 16
paths: {1 2}
slices required:
{2 2}
slices start:
{0 17}
tuples:
{20 20}
dist: 288
dist: 289

vlink src/dst: 5 17
number of protected paths set: 15
needed_slices: 80
paths: {0 0 2 2 2}
slices required:
{2 4 2 2 3}
slices start:
{19 50 67 69 71}
tuples:
{12 34 12 12 18}
dist: 351
dist: 351
dist: 485
dist: 485
dist: 485

vlink src/dst: 0 5
number of protected paths set: 3
needed_slices: 60
paths: {0 0 6 6}
slices required:
{2 3 2 3}
slices start:
{4 52 2 36}
tuples:
{12 18 12 17}
dist: 460
dist: 460
dist: 551
dist: 551

vlink src/dst: 4 17
number of protected paths set: 15
needed_slices: 66
paths: {0 0 5 5 5}
slices required:
{2 2 2 2 2}
slices start:
{28 30 74 76 78}
tuples:
{20 20 12 12 12}
dist: 266
dist: 266
dist: 571
dist: 571
dist: 571

vlink src/dst: 1 8
number of protected paths set: 3
needed_slices: 72
paths: {1 1 1 13 13 13}
slices required:
{2 2 2 2 2 2}
slices start:
{80 82 84 14 19 21}
tuples:
{12 12 12 12 12 12}
dist: 653
dist: 653
dist: 653
dist: 720
dist: 720
dist: 720

vlink src/dst: 3 5
number of protected paths set: 15
needed_slices: 24
paths: {0 5}
slices required:
{2 2}
slices start:
{55 5}
tuples:
{12 12}
dist: 417
dist: 477

vlink src/dst: 3 17
number of protected paths set: 15
needed_slices: 124
paths: {2 2 2 11 11 11 11}
slices required:
{2 2 2 2 2 2 2}
slices start:
{57 59 61 0 7 9 11}
tuples:
{12 12 12 6 6 6 6}
dist: 705
dist: 705
dist: 705
dist: 827
dist: 827
dist: 827
dist: 827

vlink src/dst: 3 4
number of protected paths set: 15
needed_slices: 22
paths: {0 5}
slices required:
{2 2}
slices start:
{13 23}
tuples:
{12 12}
dist: 370
dist: 501

vlink src/dst: 3 12
number of protected paths set: 15
needed_slices: 33
paths: {0 8}
slices required:
{3 3}
slices start:
{5 42}
tuples:
{27 18}
dist: 343
dist: 468

vlink src/dst: 0 11
number of protected paths set: 3
needed_slices: 6
paths: {0 1}
slices required:
{2 2}
slices start:
{2 8}
tuples:
{29 12}
dist: 85
dist: 482

vlink src/dst: 3 11
number of protected paths set: 15
needed_slices: 8
paths: {0 1}
slices required:
{2 2}
slices start:
{0 19}
tuples:
{29 12}
dist: 42
dist: 311

vlink src/dst: 0 3
number of protected paths set: 3
needed_slices: 18
paths: {0 7}
slices required:
{2 2}
slices start:
{19 45}
tuples:
{20 12}
dist: 127
dist: 639

vlink src/dst: 0 6
number of protected paths set: 3
needed_slices: 48
paths: {0 0 5 5 5}
slices required:
{2 2 2 2 2}
slices start:
{25 27 47 49 63}
tuples:
{20 20 12 12 12}
dist: 227
dist: 227
dist: 539
dist: 539
dist: 539

vlink src/dst: 6 11
number of protected paths set: 15
needed_slices: 16
paths: {0 0 1 1}
slices required:
{2 2 2 2}
slices start:
{15 17 6 21}
tuples:
{20 20 20 20}
dist: 142
dist: 142
dist: 210
dist: 210

vlink src/dst: 0 9
number of protected paths set: 3
needed_slices: 46
paths: {1 18 18}
slices required:
{3 2 2}
slices start:
{29 10 14}
tuples:
{17 6 6}
dist: 551
dist: 840
dist: 840

vlink src/dst: 3 18
number of protected paths set: 15
needed_slices: 78
paths: {3 3 3 4 4 4}
slices required:
{2 2 2 2 2 2}
slices start:
{23 32 34 65 67 69}
tuples:
{12 12 12 12 12 12}
dist: 584
dist: 584
dist: 584
dist: 629
dist: 629
dist: 629

vlink src/dst: 4 9
number of protected paths set: 15
needed_slices: 16
paths: {0 2}
slices required:
{2 2}
slices start:
{15 32}
tuples:
{12 12}
dist: 414
dist: 494

vlink src/dst: 9 14
number of protected paths set: 15
needed_slices: 24
paths: {2 3}
slices required:
{3 3}
slices start:
{2 0}
tuples:
{18 18}
dist: 450
dist: 485

vlink src/dst: 13 15
number of protected paths set: 3
needed_slices: 114
paths: {0 0 2 7 18 18 18}
slices required:
{2 2 3 3 2 2 2}
slices start:
{5 7 23 86 26 31 33}
tuples:
{12 12 11 11 6 6 6}
dist: 782
dist: 782
dist: 826
dist: 867
dist: 912
dist: 912
dist: 912

vlink src/dst: 9 13
number of protected paths set: 3
needed_slices: 48
paths: {0 0 14 14}
slices required:
{2 2 2 2}
slices start:
{12 40 36 38}
tuples:
{12 12 12 12}
dist: 608
dist: 608
dist: 732
dist: 732

vlink src/dst: 11 15
number of protected paths set: 3
needed_slices: 33
paths: {3 4}
slices required:
{3 3}
slices start:
{52 71}
tuples:
{17 17}
dist: 574
dist: 583

vlink src/dst: 9 17
number of protected paths set: 15
needed_slices: 61
paths: {3 3 11 11 11}
slices required:
{2 3 2 2 2}
slices start:
{3 16 5 16 28}
tuples:
{12 17 12 12 12}
dist: 580
dist: 580
dist: 689
dist: 689
dist: 689

vlink src/dst: 17 18
number of protected paths set: 15
needed_slices: 45
paths: {0 0 10 11 11}
slices required:
{2 3 2 2 2}
slices start:
{40 63 21 89 91}
tuples:
{20 27 12 12 12}
dist: 293
dist: 293
dist: 619
dist: 628
dist: 628

vlink src/dst: 14 15
number of protected paths set: 3
needed_slices: 36
paths: {0 9 9}
slices required:
{3 2 2}
slices start:
{66 23 65}
tuples:
{17 12 12}
dist: 544
dist: 739
dist: 739
27 second(s) taken for solution
30 second(s) taken in total
cost = 2247

