
7 second(s) taken for initialization

vlink src/dst: 1 5
number of protected paths set: 3
needed_slices: 10
paths: {0 1}
slices required:
{2 2}
slices start:
{0 0}
tuples:
{29 20}
dist: 29
dist: 218

vlink src/dst: 5 11
number of protected paths set: 3
needed_slices: 20
paths: {0 0 1 1}
slices required:
{2 2 2 2}
slices start:
{2 4 2 4}
tuples:
{29 29 20 20}
dist: 35
dist: 35
dist: 212
dist: 212

vlink src/dst: 8 19
number of protected paths set: 3
needed_slices: 6
paths: {0 1}
slices required:
{2 2}
slices start:
{0 0}
tuples:
{29 12}
dist: 85
dist: 482

vlink src/dst: 5 19
number of protected paths set: 3
needed_slices: 44
paths: {2 2 3 3 3}
slices required:
{2 3 2 2 2}
slices start:
{6 8 6 8 10}
tuples:
{12 27 12 12 12}
dist: 387
dist: 387
dist: 425
dist: 425
dist: 425

vlink src/dst: 11 17
number of protected paths set: 15
needed_slices: 20
paths: {0 0 1 1}
slices required:
{2 2 2 2}
slices start:
{12 14 12 14}
tuples:
{20 20 20 20}
dist: 109
dist: 109
dist: 136
dist: 136

vlink src/dst: 5 8
number of protected paths set: 3
needed_slices: 40
paths: {0 0 2 2}
slices required:
{2 2 2 3}
slices start:
{16 18 16 18}
tuples:
{20 20 12 18}
dist: 249
dist: 249
dist: 401
dist: 401

vlink src/dst: 14 19
number of protected paths set: 3
needed_slices: 67
paths: {0 0 0 2 2 4}
slices required:
{2 2 3 2 2 2}
slices start:
{21 23 25 2 4 21}
tuples:
{12 12 18 12 12 12}
dist: 446
dist: 446
dist: 446
dist: 519
dist: 519
dist: 537

vlink src/dst: 5 18
number of protected paths set: 3
needed_slices: 60
paths: {2 2 4 4 4}
slices required:
{2 3 2 2 2}
slices start:
{23 25 28 30 32}
tuples:
{12 27 12 12 12}
dist: 364
dist: 364
dist: 444
dist: 444
dist: 444

vlink src/dst: 1 14
number of protected paths set: 15
needed_slices: 28
paths: {1 1 3 3}
slices required:
{2 2 2 2}
slices start:
{34 36 0 6}
tuples:
{20 20 20 20}
dist: 242
dist: 242
dist: 271
dist: 271

vlink src/dst: 1 15
number of protected paths set: 15
needed_slices: 54
paths: {1 1 2 2}
slices required:
{2 4 2 4}
slices start:
{38 40 34 36}
tuples:
{12 34 12 34}
dist: 302
dist: 302
dist: 309
dist: 309

vlink src/dst: 1 4
number of protected paths set: 15
needed_slices: 20
paths: {2 10}
slices required:
{2 2}
slices start:
{8 21}
tuples:
{12 12}
dist: 434
dist: 553

vlink src/dst: 2 5
number of protected paths set: 3
needed_slices: 16
paths: {1 3}
slices required:
{2 2}
slices start:
{23 28}
tuples:
{20 12}
dist: 235
dist: 309

vlink src/dst: 12 14
number of protected paths set: 15
needed_slices: 42
paths: {0 0 3 3}
slices required:
{2 2 2 3}
slices start:
{8 10 44 46}
tuples:
{20 20 12 27}
dist: 289
dist: 289
dist: 389
dist: 389

vlink src/dst: 2 17
number of protected paths set: 15
needed_slices: 23
paths: {0 11}
slices required:
{2 3}
slices start:
{30 49}
tuples:
{20 18}
dist: 210
dist: 432

vlink src/dst: 2 19
number of protected paths set: 3
needed_slices: 22
paths: {1 5}
slices required:
{2 2}
slices start:
{32 11}
tuples:
{12 12}
dist: 462
dist: 521

vlink src/dst: 1 16
number of protected paths set: 15
needed_slices: 100
paths: {0 0 0 14 14 14 14}
slices required:
{2 2 3 2 2 2 2}
slices start:
{2 4 13 40 42 44 46}
tuples:
{12 12 18 12 12 12 12}
dist: 420
dist: 420
dist: 420
dist: 684
dist: 684
dist: 684
dist: 684

vlink src/dst: 16 17
number of protected paths set: 15
needed_slices: 75
paths: {0 0 10 11 11}
slices required:
{2 3 2 2 2}
slices start:
{49 51 52 2 4}
tuples:
{12 18 12 12 12}
dist: 465
dist: 465
dist: 754
dist: 771
dist: 771

vlink src/dst: 7 11
number of protected paths set: 15
needed_slices: 64
paths: {0 0 3 6 14 14}
slices required:
{2 2 2 2 2 2}
slices start:
{0 2 54 4 56 58}
tuples:
{12 12 12 12 12 12}
dist: 338
dist: 338
dist: 389
dist: 444
dist: 510
dist: 510

vlink src/dst: 12 15
number of protected paths set: 15
needed_slices: 62
paths: {1 1 5 5 5}
slices required:
{2 3 2 2 2}
slices start:
{12 14 60 62 64}
tuples:
{12 27 12 12 12}
dist: 361
dist: 361
dist: 446
dist: 446
dist: 446

vlink src/dst: 9 11
number of protected paths set: 15
needed_slices: 52
paths: {4 6 17}
slices required:
{2 2 2}
slices start:
{66 6 54}
tuples:
{12 12 6}
dist: 589
dist: 612
dist: 1037

vlink src/dst: 9 19
number of protected paths set: 3
needed_slices: 96
paths: {1 1 19 19 19}
slices required:
{2 2 2 2 2}
slices start:
{13 15 56 58 66}
tuples:
{12 12 6 6 6}
dist: 763
dist: 763
dist: 976
dist: 976
dist: 976

vlink src/dst: 7 8
number of protected paths set: 15
needed_slices: 24
paths: {2 9}
slices required:
{2 2}
slices start:
{6 0}
tuples:
{12 12}
dist: 507
dist: 599

vlink src/dst: 0 18
number of protected paths set: 15
needed_slices: 82
paths: {0 0 3 3 19}
slices required:
{2 2 2 2 2}
slices start:
{8 10 40 42 8}
tuples:
{12 12 12 12 6}
dist: 589
dist: 589
dist: 609
dist: 609
dist: 1226

vlink src/dst: 0 11
number of protected paths set: 15
needed_slices: 55
paths: {0 0 14 14}
slices required:
{2 3 2 3}
slices start:
{8 17 68 70}
tuples:
{12 27 12 17}
dist: 308
dist: 308
dist: 549
dist: 549

vlink src/dst: 3 8
number of protected paths set: 15
needed_slices: 24
paths: {0 1}
slices required:
{3 3}
slices start:
{17 30}
tuples:
{27 27}
dist: 327
dist: 338

vlink src/dst: 2 6
number of protected paths set: 15
needed_slices: 14
paths: {0 0 2 2}
slices required:
{2 2 2 3}
slices start:
{0 2 0 2}
tuples:
{29 29 20 28}
dist: 72
dist: 72
dist: 189
dist: 189

vlink src/dst: 2 12
number of protected paths set: 15
needed_slices: 10
paths: {0 4}
slices required:
{2 2}
slices start:
{0 5}
tuples:
{20 12}
dist: 187
dist: 375

vlink src/dst: 2 10
number of protected paths set: 15
needed_slices: 16
paths: {0 0 1 1}
slices required:
{2 2 2 2}
slices start:
{17 19 4 6}
tuples:
{20 20 20 20}
dist: 125
dist: 125
dist: 142
dist: 142

vlink src/dst: 10 14
number of protected paths set: 15
needed_slices: 8
paths: {0 2}
slices required:
{2 2}
slices start:
{12 68}
tuples:
{29 20}
dist: 93
dist: 260

vlink src/dst: 2 18
number of protected paths set: 15
needed_slices: 60
paths: {0 0 2 2}
slices required:
{2 4 2 4}
slices start:
{34 36 30 32}
tuples:
{12 34 12 34}
dist: 367
dist: 367
dist: 391
dist: 391

vlink src/dst: 6 14
number of protected paths set: 15
needed_slices: 41
paths: {1 1 3 3}
slices required:
{2 2 2 3}
slices start:
{25 27 4 6}
tuples:
{20 20 12 27}
dist: 290
dist: 290
dist: 316
dist: 316

vlink src/dst: 7 12
number of protected paths set: 15
needed_slices: 40
paths: {0 0 11 11}
slices required:
{2 3 2 3}
slices start:
{4 48 20 22}
tuples:
{12 27 12 17}
dist: 347
dist: 347
dist: 540
dist: 540

vlink src/dst: 0 14
number of protected paths set: 15
needed_slices: 42
paths: {0 0 10 10 10}
slices required:
{2 2 2 2 2}
slices start:
{0 2 17 19 23}
tuples:
{20 20 12 12 12}
dist: 224
dist: 224
dist: 492
dist: 492
dist: 492

vlink src/dst: 6 13
number of protected paths set: 15
needed_slices: 28
paths: {0 0 3 3}
slices required:
{2 2 2 2}
slices start:
{9 11 21 25}
tuples:
{20 20 20 20}
dist: 208
dist: 208
dist: 280
dist: 280

vlink src/dst: 2 15
number of protected paths set: 15
needed_slices: 24
paths: {0 2}
slices required:
{3 3}
slices start:
{0 44}
tuples:
{27 27}
dist: 213
dist: 285

vlink src/dst: 7 15
number of protected paths set: 15
needed_slices: 16
paths: {0 2}
slices required:
{2 2}
slices start:
{12 27}
tuples:
{20 12}
dist: 292
dist: 341

vlink src/dst: 9 18
number of protected paths set: 15
needed_slices: 72
paths: {2 2 11 11}
slices required:
{2 2 2 2}
slices start:
{56 58 28 36}
tuples:
{12 12 6 6}
dist: 705
dist: 705
dist: 827
dist: 827

vlink src/dst: 3 7
number of protected paths set: 15
needed_slices: 16
paths: {0 0 2 2}
slices required:
{2 2 2 2}
slices start:
{29 31 6 10}
tuples:
{20 20 20 20}
dist: 173
dist: 173
dist: 268
dist: 268

vlink src/dst: 10 13
number of protected paths set: 15
needed_slices: 10
paths: {0 2}
slices required:
{2 2}
slices start:
{0 14}
tuples:
{20 20}
dist: 175
dist: 262

vlink src/dst: 9 10
number of protected paths set: 15
needed_slices: 81
paths: {0 0 1 4 4 4}
slices required:
{2 2 2 2 2 3}
slices start:
{33 35 60 10 23 30}
tuples:
{12 12 12 12 12 17}
dist: 441
dist: 441
dist: 463
dist: 536
dist: 536
dist: 536

vlink src/dst: 13 16
number of protected paths set: 15
needed_slices: 24
paths: {0 3}
slices required:
{2 2}
slices start:
{38 25}
tuples:
{12 12}
dist: 462
dist: 539

vlink src/dst: 2 4
number of protected paths set: 15
needed_slices: 14
paths: {0 1}
slices required:
{2 2}
slices start:
{25 2}
tuples:
{12 12}
dist: 378
dist: 415

vlink src/dst: 8 16
number of protected paths set: 15
needed_slices: 78
paths: {0 0 0 2 2 2}
slices required:
{2 2 2 2 2 2}
slices start:
{6 44 46 54 73 75}
tuples:
{12 12 12 12 12 12}
dist: 535
dist: 535
dist: 535
dist: 586
dist: 586
dist: 586

vlink src/dst: 4 6
number of protected paths set: 15
needed_slices: 45
paths: {0 0 3 3 3}
slices required:
{2 3 2 2 2}
slices start:
{27 36 6 40 42}
tuples:
{12 27 12 12 12}
dist: 361
dist: 361
dist: 488
dist: 488
dist: 488

vlink src/dst: 12 18
number of protected paths set: 15
needed_slices: 12
paths: {0 1}
slices required:
{2 2}
slices start:
{38 49}
tuples:
{20 20}
dist: 191
dist: 246

vlink src/dst: 9 15
number of protected paths set: 15
needed_slices: 65
paths: {0 0 4 4}
slices required:
{2 3 2 3}
slices start:
{33 44 62 73}
tuples:
{12 18 12 17}
dist: 457
dist: 457
dist: 521
dist: 521

vlink src/dst: 9 13
number of protected paths set: 15
needed_slices: 67
paths: {0 0 3 3 3}
slices required:
{2 3 2 2 2}
slices start:
{14 47 64 76 78}
tuples:
{12 27 12 12 12}
dist: 354
dist: 354
dist: 481
dist: 481
dist: 481

vlink src/dst: 3 4
number of protected paths set: 15
needed_slices: 19
paths: {0 4}
slices required:
{2 3}
slices start:
{2 77}
tuples:
{20 18}
dist: 276
dist: 489

vlink src/dst: 3 9
number of protected paths set: 15
needed_slices: 50
paths: {0 0 9 9 9}
slices required:
{2 3 2 2 2}
slices start:
{80 82 16 18 38}
tuples:
{12 27 12 12 12}
dist: 351
dist: 351
dist: 599
dist: 599
dist: 599

vlink src/dst: 7 9
number of protected paths set: 15
needed_slices: 10
paths: {0 1}
slices required:
{2 2}
slices start:
{0 0}
tuples:
{20 12}
dist: 178
dist: 331
42 second(s) taken for solution
49 second(s) taken in total
cost = 1968

