
4 second(s) taken for initialization

vlink src/dst: 4 19
number of protected paths set: 3
needed_slices: 10
paths: {0 1}
slices required:
{2 2}
slices start:
{0 0}
tuples:
{29 20}
dist: 35
dist: 212

vlink src/dst: 18 19
number of protected paths set: 3
needed_slices: 24
paths: {0 3}
slices required:
{3 3}
slices start:
{2 2}
tuples:
{28 27}
dist: 111
dist: 373

vlink src/dst: 7 13
number of protected paths set: 15
needed_slices: 10
paths: {0 1}
slices required:
{2 2}
slices start:
{2 5}
tuples:
{29 20}
dist: 45
dist: 202

vlink src/dst: 4 6
number of protected paths set: 3
needed_slices: 40
paths: {2 2 3 3}
slices required:
{2 3 2 3}
slices start:
{2 7 7 9}
tuples:
{12 27 12 18}
dist: 389
dist: 389
dist: 422
dist: 422

vlink src/dst: 6 13
number of protected paths set: 3
needed_slices: 6
paths: {0 1}
slices required:
{2 2}
slices start:
{0 0}
tuples:
{20 12}
dist: 252
dist: 315

vlink src/dst: 15 19
number of protected paths set: 3
needed_slices: 24
paths: {2 10}
slices required:
{2 2}
slices start:
{12 12}
tuples:
{12 12}
dist: 463
dist: 536

vlink src/dst: 6 14
number of protected paths set: 3
needed_slices: 30
paths: {0 2}
slices required:
{3 3}
slices start:
{10 14}
tuples:
{18 17}
dist: 446
dist: 519

vlink src/dst: 4 18
number of protected paths set: 15
needed_slices: 20
paths: {0 3}
slices required:
{2 3}
slices start:
{17 5}
tuples:
{20 27}
dist: 146
dist: 337

vlink src/dst: 17 19
number of protected paths set: 3
needed_slices: 48
paths: {0 0 0 4 4}
slices required:
{2 2 2 3 3}
slices start:
{14 19 21 14 19}
tuples:
{20 20 20 27 27}
dist: 203
dist: 203
dist: 203
dist: 357
dist: 357

vlink src/dst: 3 7
number of protected paths set: 15
needed_slices: 24
paths: {0 0 1 1}
slices required:
{2 2 2 2}
slices start:
{0 5 23 25}
tuples:
{20 20 20 20}
dist: 107
dist: 107
dist: 210
dist: 210

vlink src/dst: 8 19
number of protected paths set: 3
needed_slices: 16
paths: {0 1}
slices required:
{2 2}
slices start:
{27 27}
tuples:
{20 20}
dist: 200
dist: 249

vlink src/dst: 7 17
number of protected paths set: 15
needed_slices: 16
paths: {0 5}
slices required:
{2 2}
slices start:
{7 29}
tuples:
{20 12}
dist: 174
dist: 387

vlink src/dst: 4 10
number of protected paths set: 15
needed_slices: 28
paths: {2 6}
slices required:
{2 2}
slices start:
{31 0}
tuples:
{12 12}
dist: 582
dist: 597

vlink src/dst: 7 8
number of protected paths set: 15
needed_slices: 16
paths: {0 1}
slices required:
{2 2}
slices start:
{9 33}
tuples:
{20 20}
dist: 215
dist: 233

vlink src/dst: 9 13
number of protected paths set: 15
needed_slices: 27
paths: {0 9}
slices required:
{2 3}
slices start:
{23 35}
tuples:
{20 27}
dist: 285
dist: 400

vlink src/dst: 16 18
number of protected paths set: 15
needed_slices: 60
paths: {4 4 7 7}
slices required:
{2 3 2 3}
slices start:
{38 40 8 17}
tuples:
{12 27 12 18}
dist: 386
dist: 386
dist: 419
dist: 419

vlink src/dst: 8 18
number of protected paths set: 15
needed_slices: 36
paths: {0 0 6 6}
slices required:
{2 2 2 3}
slices start:
{7 25 10 35}
tuples:
{20 20 12 27}
dist: 237
dist: 237
dist: 352
dist: 352

vlink src/dst: 13 15
number of protected paths set: 15
needed_slices: 20
paths: {2 7}
slices required:
{2 2}
slices start:
{29 2}
tuples:
{12 12}
dist: 479
dist: 507

vlink src/dst: 5 16
number of protected paths set: 3
needed_slices: 30
paths: {1 5}
slices required:
{2 2}
slices start:
{13 20}
tuples:
{12 12}
dist: 726
dist: 743

vlink src/dst: 4 9
number of protected paths set: 15
needed_slices: 37
paths: {0 0 8 8}
slices required:
{2 2 2 3}
slices start:
{8 17 15 22}
tuples:
{20 20 12 27}
dist: 190
dist: 190
dist: 388
dist: 388

vlink src/dst: 9 18
number of protected paths set: 15
needed_slices: 20
paths: {2 8}
slices required:
{2 2}
slices start:
{33 33}
tuples:
{12 12}
dist: 324
dist: 392

vlink src/dst: 13 17
number of protected paths set: 15
needed_slices: 48
paths: {0 0 7 7 7}
slices required:
{2 2 2 2 2}
slices start:
{25 33 31 43 45}
tuples:
{20 20 12 12 12}
dist: 219
dist: 219
dist: 457
dist: 457
dist: 457

vlink src/dst: 3 6
number of protected paths set: 3
needed_slices: 18
paths: {1 3}
slices required:
{2 2}
slices start:
{35 22}
tuples:
{12 12}
dist: 404
dist: 447

vlink src/dst: 2 8
number of protected paths set: 15
needed_slices: 24
paths: {0 5}
slices required:
{2 2}
slices start:
{47 38}
tuples:
{12 12}
dist: 417
dist: 477

vlink src/dst: 12 13
number of protected paths set: 15
needed_slices: 42
paths: {1 10 14}
slices required:
{2 2 2}
slices start:
{43 4 47}
tuples:
{12 12 6}
dist: 524
dist: 711
dist: 821

vlink src/dst: 5 11
number of protected paths set: 3
needed_slices: 160
paths: {6 6 6 6 15 15 15 15}
slices required:
{2 2 2 2 2 2 2 2}
slices start:
{40 49 51 53 0 2 4 6}
tuples:
{6 6 6 6 6 6 6 6}
dist: 873
dist: 873
dist: 873
dist: 873
dist: 968
dist: 968
dist: 968
dist: 968

vlink src/dst: 15 16
number of protected paths set: 15
needed_slices: 52
paths: {0 0 3 3}
slices required:
{2 2 2 2}
slices start:
{27 29 10 25}
tuples:
{12 12 12 12}
dist: 576
dist: 576
dist: 609
dist: 609

vlink src/dst: 5 6
number of protected paths set: 3
needed_slices: 105
paths: {0 0 17 17 17 17}
slices required:
{2 4 2 2 2 3}
slices start:
{17 24 45 55 57 59}
tuples:
{12 34 6 6 6 11}
dist: 326
dist: 326
dist: 824
dist: 824
dist: 824
dist: 824

vlink src/dst: 6 12
number of protected paths set: 3
needed_slices: 26
paths: {1 15}
slices required:
{2 2}
slices start:
{2 49}
tuples:
{12 12}
dist: 627
dist: 778

vlink src/dst: 6 15
number of protected paths set: 3
needed_slices: 22
paths: {0 14}
slices required:
{2 2}
slices start:
{31 51}
tuples:
{12 12}
dist: 360
dist: 738

vlink src/dst: 0 6
number of protected paths set: 3
needed_slices: 84
paths: {3 3 3 6 6 6}
slices required:
{2 2 2 2 2 2}
slices start:
{12 19 28 47 53 62}
tuples:
{12 12 12 12 12 12}
dist: 686
dist: 686
dist: 686
dist: 723
dist: 723
dist: 723

vlink src/dst: 3 17
number of protected paths set: 15
needed_slices: 16
paths: {0 0 2 2}
slices required:
{2 2 2 2}
slices start:
{0 2 2 11}
tuples:
{20 20 20 20}
dist: 160
dist: 160
dist: 223
dist: 223

vlink src/dst: 0 18
number of protected paths set: 15
needed_slices: 20
paths: {0 2}
slices required:
{2 2}
slices start:
{0 0}
tuples:
{12 12}
dist: 442
dist: 546

vlink src/dst: 9 17
number of protected paths set: 15
needed_slices: 37
paths: {1 1 10 10}
slices required:
{2 2 2 3}
slices start:
{12 14 4 55}
tuples:
{20 20 12 18}
dist: 195
dist: 195
dist: 433
dist: 433

vlink src/dst: 14 16
number of protected paths set: 15
needed_slices: 19
paths: {0 0 1 1}
slices required:
{2 2 2 3}
slices start:
{0 2 0 43}
tuples:
{29 29 20 27}
dist: 63
dist: 63
dist: 261
dist: 261

vlink src/dst: 16 17
number of protected paths set: 15
needed_slices: 50
paths: {1 1 7 7}
slices required:
{2 3 2 3}
slices start:
{27 29 58 60}
tuples:
{12 27 12 27}
dist: 333
dist: 333
dist: 398
dist: 398

vlink src/dst: 0 3
number of protected paths set: 15
needed_slices: 20
paths: {2 3}
slices required:
{2 2}
slices start:
{17 11}
tuples:
{12 12}
dist: 467
dist: 497

vlink src/dst: 9 12
number of protected paths set: 15
needed_slices: 74
paths: {0 1 1 11 12 12}
slices required:
{2 2 2 2 2 2}
slices start:
{35 37 64 8 10 12}
tuples:
{12 12 12 12 12 12}
dist: 478
dist: 482
dist: 482
dist: 627
dist: 634
dist: 634

vlink src/dst: 0 2
number of protected paths set: 15
needed_slices: 26
paths: {3 4}
slices required:
{2 2}
slices start:
{6 9}
tuples:
{12 12}
dist: 584
dist: 629

vlink src/dst: 0 8
number of protected paths set: 15
needed_slices: 32
paths: {0 2 2}
slices required:
{3 2 2}
slices start:
{11 16 18}
tuples:
{27 12 12}
dist: 398
dist: 451
dist: 451

vlink src/dst: 8 12
number of protected paths set: 15
needed_slices: 18
paths: {1 9}
slices required:
{2 2}
slices start:
{66 8}
tuples:
{12 12}
dist: 457
dist: 518

vlink src/dst: 0 17
number of protected paths set: 15
needed_slices: 14
paths: {0 5}
slices required:
{2 2}
slices start:
{2 14}
tuples:
{20 12}
dist: 246
dist: 469

vlink src/dst: 8 11
number of protected paths set: 3
needed_slices: 41
paths: {0 0 13 13}
slices required:
{2 2 2 3}
slices start:
{0 2 20 22}
tuples:
{20 20 12 17}
dist: 246
dist: 246
dist: 538
dist: 538

vlink src/dst: 1 14
number of protected paths set: 3
needed_slices: 28
paths: {0 5}
slices required:
{2 2}
slices start:
{4 40}
tuples:
{12 12}
dist: 566
dist: 652

vlink src/dst: 12 17
number of protected paths set: 15
needed_slices: 22
paths: {0 3 3}
slices required:
{3 2 2}
slices start:
{4 8 16}
tuples:
{27 12 12}
dist: 301
dist: 409
dist: 409

vlink src/dst: 1 17
number of protected paths set: 3
needed_slices: 40
paths: {1 1 3 3}
slices required:
{2 2 2 2}
slices start:
{32 34 14 20}
tuples:
{12 12 12 12}
dist: 547
dist: 547
dist: 560
dist: 560

vlink src/dst: 1 8
number of protected paths set: 3
needed_slices: 78
paths: {0 0 0 2 2 2}
slices required:
{2 2 2 2 2 2}
slices start:
{36 38 42 6 19 21}
tuples:
{12 12 12 12 12 12}
dist: 462
dist: 462
dist: 462
dist: 531
dist: 531
dist: 531

vlink src/dst: 0 12
number of protected paths set: 15
needed_slices: 6
paths: {0 1}
slices required:
{2 2}
slices start:
{2 14}
tuples:
{29 12}
dist: 59
dist: 323

vlink src/dst: 12 15
number of protected paths set: 15
needed_slices: 14
paths: {0 1}
slices required:
{2 2}
slices start:
{21 2}
tuples:
{12 12}
dist: 425
dist: 439

vlink src/dst: 1 12
number of protected paths set: 3
needed_slices: 20
paths: {0 15}
slices required:
{2 2}
slices start:
{4 0}
tuples:
{12 12}
dist: 463
dist: 729
21 second(s) taken for solution
25 second(s) taken in total
cost = 1698

