
6 second(s) taken for initialization

vlink src/dst: 9 17
number of protected paths set: 15
needed_slices: 10
paths: {0 1}
slices required:
{2 2}
slices start:
{0 0}
tuples:
{20 20}
dist: 109
dist: 136

vlink src/dst: 16 17
number of protected paths set: 15
needed_slices: 10
paths: {0 1}
slices required:
{2 2}
slices start:
{2 2}
tuples:
{29 20}
dist: 45
dist: 202

vlink src/dst: 9 14
number of protected paths set: 15
needed_slices: 59
paths: {2 2 4 4 4}
slices required:
{2 3 2 2 2}
slices start:
{4 6 4 6 8}
tuples:
{12 27 12 12 12}
dist: 399
dist: 399
dist: 408
dist: 408
dist: 408

vlink src/dst: 17 18
number of protected paths set: 3
needed_slices: 76
paths: {0 0 0 2 3 3}
slices required:
{2 2 3 2 2 2}
slices start:
{0 2 10 9 11 13}
tuples:
{12 12 18 12 12 12}
dist: 469
dist: 469
dist: 469
dist: 570
dist: 571
dist: 571

vlink src/dst: 14 17
number of protected paths set: 15
needed_slices: 46
paths: {0 0 4 4}
slices required:
{2 3 2 4}
slices start:
{13 15 15 17}
tuples:
{20 27 12 34}
dist: 270
dist: 270
dist: 387
dist: 387

vlink src/dst: 11 17
number of protected paths set: 15
needed_slices: 16
paths: {3 6}
slices required:
{2 2}
slices start:
{21 21}
tuples:
{12 12}
dist: 347
dist: 431

vlink src/dst: 4 17
number of protected paths set: 15
needed_slices: 14
paths: {0 2}
slices required:
{2 2}
slices start:
{23 10}
tuples:
{20 20}
dist: 152
dist: 280

vlink src/dst: 10 17
number of protected paths set: 15
needed_slices: 22
paths: {0 4 4}
slices required:
{3 2 2}
slices start:
{25 23 25}
tuples:
{36 12 12}
dist: 75
dist: 422
dist: 422

vlink src/dst: 16 19
number of protected paths set: 15
needed_slices: 18
paths: {0 5}
slices required:
{2 2}
slices start:
{12 28}
tuples:
{20 12}
dist: 248
dist: 363

vlink src/dst: 0 16
number of protected paths set: 15
needed_slices: 26
paths: {1 15}
slices required:
{2 2}
slices start:
{0 14}
tuples:
{12 12}
dist: 479
dist: 751

vlink src/dst: 12 17
number of protected paths set: 15
needed_slices: 24
paths: {4 7}
slices required:
{2 2}
slices start:
{30 27}
tuples:
{12 12}
dist: 581
dist: 634

vlink src/dst: 8 16
number of protected paths set: 3
needed_slices: 34
paths: {1 8}
slices required:
{2 2}
slices start:
{2 16}
tuples:
{12 12}
dist: 636
dist: 724

vlink src/dst: 1 10
number of protected paths set: 15
needed_slices: 16
paths: {0 0 1 1}
slices required:
{2 2 2 2}
slices start:
{4 6 0 2}
tuples:
{20 20 20 20}
dist: 144
dist: 144
dist: 240
dist: 240

vlink src/dst: 0 9
number of protected paths set: 15
needed_slices: 70
paths: {1 1 14 14 17}
slices required:
{2 2 2 2 2}
slices start:
{28 32 0 4 30}
tuples:
{12 12 12 12 6}
dist: 543
dist: 543
dist: 685
dist: 685
dist: 847

vlink src/dst: 15 17
number of protected paths set: 3
needed_slices: 96
paths: {1 1 1 13 13 13}
slices required:
{2 2 2 2 2 2}
slices start:
{12 14 18 34 36 38}
tuples:
{12 12 12 12 12 12}
dist: 623
dist: 623
dist: 623
dist: 710
dist: 710
dist: 710

vlink src/dst: 9 19
number of protected paths set: 15
needed_slices: 28
paths: {0 0 3 3}
slices required:
{2 2 2 3}
slices start:
{2 6 16 20}
tuples:
{20 20 12 27}
dist: 184
dist: 184
dist: 305
dist: 305

vlink src/dst: 5 10
number of protected paths set: 15
needed_slices: 20
paths: {2 6}
slices required:
{2 2}
slices start:
{40 4}
tuples:
{20 12}
dist: 284
dist: 339

vlink src/dst: 7 9
number of protected paths set: 15
needed_slices: 32
paths: {0 12}
slices required:
{2 2}
slices start:
{8 42}
tuples:
{12 12}
dist: 503
dist: 639

vlink src/dst: 4 5
number of protected paths set: 15
needed_slices: 12
paths: {0 3}
slices required:
{2 2}
slices start:
{4 0}
tuples:
{20 20}
dist: 133
dist: 261

vlink src/dst: 2 5
number of protected paths set: 15
needed_slices: 72
paths: {0 1 1 11 11}
slices required:
{2 2 2 2 5}
slices start:
{6 8 10 18 20}
tuples:
{12 12 12 12 32}
dist: 453
dist: 471
dist: 471
dist: 617
dist: 617

vlink src/dst: 3 10
number of protected paths set: 15
needed_slices: 64
paths: {0 0 4 4 12 12}
slices required:
{2 2 2 2 2 2}
slices start:
{6 8 8 10 0 2}
tuples:
{12 12 12 12 12 12}
dist: 430
dist: 430
dist: 528
dist: 528
dist: 605
dist: 605

vlink src/dst: 2 4
number of protected paths set: 15
needed_slices: 44
paths: {0 0 5 5 8}
slices required:
{2 4 2 2 2}
slices start:
{0 25 12 14 21}
tuples:
{12 34 12 12 12}
dist: 353
dist: 353
dist: 440
dist: 440
dist: 481

vlink src/dst: 1 14
number of protected paths set: 15
needed_slices: 37
paths: {0 0 1 1}
slices required:
{2 2 2 3}
slices start:
{0 2 34 36}
tuples:
{20 20 12 27}
dist: 285
dist: 285
dist: 381
dist: 381

vlink src/dst: 10 11
number of protected paths set: 15
needed_slices: 20
paths: {0 0 3 3}
slices required:
{2 2 2 2}
slices start:
{27 29 16 18}
tuples:
{20 20 20 20}
dist: 256
dist: 256
dist: 274
dist: 274

vlink src/dst: 15 18
number of protected paths set: 3
needed_slices: 36
paths: {1 15}
slices required:
{2 2}
slices start:
{4 23}
tuples:
{6 6}
dist: 934
dist: 1003

vlink src/dst: 2 10
number of protected paths set: 15
needed_slices: 14
paths: {1 5}
slices required:
{2 2}
slices start:
{31 25}
tuples:
{12 12}
dist: 345
dist: 423

vlink src/dst: 4 12
number of protected paths set: 15
needed_slices: 18
paths: {0 3}
slices required:
{2 2}
slices start:
{4 16}
tuples:
{12 12}
dist: 472
dist: 527

vlink src/dst: 7 11
number of protected paths set: 15
needed_slices: 20
paths: {0 2}
slices required:
{2 2}
slices start:
{27 10}
tuples:
{12 12}
dist: 528
dist: 566

vlink src/dst: 7 18
number of protected paths set: 3
needed_slices: 112
paths: {1 1 1 10 10 10}
slices required:
{2 2 3 2 2 3}
slices start:
{15 17 19 32 40 44}
tuples:
{6 6 11 6 6 11}
dist: 830
dist: 830
dist: 830
dist: 893
dist: 893
dist: 893

vlink src/dst: 5 12
number of protected paths set: 15
needed_slices: 52
paths: {1 1 13 13}
slices required:
{2 2 2 2}
slices start:
{34 36 2 6}
tuples:
{12 12 12 12}
dist: 524
dist: 524
dist: 696
dist: 696

vlink src/dst: 3 4
number of protected paths set: 15
needed_slices: 40
paths: {0 0 15 15}
slices required:
{2 2 2 2}
slices start:
{25 29 6 8}
tuples:
{12 12 12 12}
dist: 353
dist: 353
dist: 619
dist: 619

vlink src/dst: 0 10
number of protected paths set: 15
needed_slices: 18
paths: {0 4}
slices required:
{2 2}
slices start:
{12 39}
tuples:
{12 12}
dist: 445
dist: 539

vlink src/dst: 2 7
number of protected paths set: 15
needed_slices: 24
paths: {0 6}
slices required:
{2 2}
slices start:
{47 12}
tuples:
{12 12}
dist: 676
dist: 745

vlink src/dst: 6 10
number of protected paths set: 3
needed_slices: 44
paths: {1 1 11 11}
slices required:
{2 2 2 2}
slices start:
{41 43 42 49}
tuples:
{12 12 12 12}
dist: 582
dist: 582
dist: 652
dist: 652

vlink src/dst: 8 13
number of protected paths set: 3
needed_slices: 30
paths: {0 11}
slices required:
{2 2}
slices start:
{22 51}
tuples:
{6 6}
dist: 814
dist: 923

vlink src/dst: 0 14
number of protected paths set: 15
needed_slices: 60
paths: {0 0 14 14 16}
slices required:
{2 2 2 2 2}
slices start:
{25 47 45 47 6}
tuples:
{12 12 12 12 12}
dist: 434
dist: 434
dist: 684
dist: 684
dist: 732

vlink src/dst: 3 19
number of protected paths set: 15
needed_slices: 24
paths: {1 10}
slices required:
{2 2}
slices start:
{49 25}
tuples:
{12 12}
dist: 415
dist: 681

vlink src/dst: 0 5
number of protected paths set: 15
needed_slices: 72
paths: {1 1 1 12 12 12}
slices required:
{2 2 2 2 2 2}
slices start:
{18 20 22 10 20 27}
tuples:
{12 12 12 12 12 12}
dist: 482
dist: 482
dist: 482
dist: 634
dist: 634
dist: 634

vlink src/dst: 1 19
number of protected paths set: 15
needed_slices: 32
paths: {1 1 5 5}
slices required:
{2 2 2 2}
slices start:
{12 16 10 25}
tuples:
{20 20 12 12}
dist: 277
dist: 277
dist: 351
dist: 351

vlink src/dst: 14 18
number of protected paths set: 3
needed_slices: 12
paths: {0 1}
slices required:
{2 2}
slices start:
{4 34}
tuples:
{20 12}
dist: 199
dist: 387

vlink src/dst: 7 12
number of protected paths set: 15
needed_slices: 40
paths: {3 3 5 5}
slices required:
{2 2 2 2}
slices start:
{32 44 12 18}
tuples:
{12 12 12 12}
dist: 612
dist: 612
dist: 634
dist: 634

vlink src/dst: 1 8
number of protected paths set: 3
needed_slices: 20
paths: {1 3}
slices required:
{2 2}
slices start:
{20 34}
tuples:
{12 12}
dist: 547
dist: 560

vlink src/dst: 5 7
number of protected paths set: 15
needed_slices: 60
paths: {0 0 3 3 3}
slices required:
{2 3 2 2 2}
slices start:
{0 22 53 55 57}
tuples:
{12 27 12 12 12}
dist: 351
dist: 351
dist: 444
dist: 444
dist: 444

vlink src/dst: 7 19
number of protected paths set: 15
needed_slices: 66
paths: {0 1 1 5 5 9}
slices required:
{2 2 2 2 2 2}
slices start:
{4 30 42 0 2 59}
tuples:
{12 12 12 12 12 12}
dist: 319
dist: 412
dist: 412
dist: 492
dist: 492
dist: 527

vlink src/dst: 5 8
number of protected paths set: 3
needed_slices: 65
paths: {0 0 1 1}
slices required:
{2 3 2 3}
slices start:
{61 63 49 53}
tuples:
{12 18 12 17}
dist: 487
dist: 487
dist: 505
dist: 505

vlink src/dst: 12 14
number of protected paths set: 15
needed_slices: 27
paths: {0 6}
slices required:
{3 3}
slices start:
{12 25}
tuples:
{27 17}
dist: 358
dist: 564

vlink src/dst: 6 8
number of protected paths set: 3
needed_slices: 100
paths: {0 0 0 17 17 17 17}
slices required:
{2 2 2 2 2 2 2}
slices start:
{27 36 38 56 58 60 62}
tuples:
{12 12 12 6 6 6 6}
dist: 754
dist: 754
dist: 754
dist: 1036
dist: 1036
dist: 1036
dist: 1036

vlink src/dst: 0 3
number of protected paths set: 15
needed_slices: 8
paths: {0 1}
slices required:
{2 2}
slices start:
{2 34}
tuples:
{20 20}
dist: 197
dist: 268

vlink src/dst: 6 12
number of protected paths set: 3
needed_slices: 14
paths: {0 0 1 1}
slices required:
{2 2 2 3}
slices start:
{0 2 0 2}
tuples:
{20 20 12 27}
dist: 174
dist: 174
dist: 316
dist: 316

vlink src/dst: 0 2
number of protected paths set: 15
needed_slices: 28
paths: {0 0 1 1}
slices required:
{2 2 2 2}
slices start:
{53 64 8 10}
tuples:
{12 12 12 12}
dist: 425
dist: 425
dist: 439
dist: 439
29 second(s) taken for solution
35 second(s) taken in total
cost = 1902

