
18 second(s) taken for initialization

vlink src/dst: 16 18
number of protected paths set: 3
needed_slices: 34
paths: {1 18}
slices required:
{2 2}
slices start:
{0 0}
tuples:
{12 6}
dist: 778
dist: 1004

vlink src/dst: 13 18
number of protected paths set: 3
needed_slices: 16
paths: {0 5}
slices required:
{2 2}
slices start:
{2 2}
tuples:
{20 12}
dist: 176
dist: 486

vlink src/dst: 2 18
number of protected paths set: 3
needed_slices: 68
paths: {1 1 19 19}
slices required:
{2 2 2 3}
slices start:
{4 6 4 6}
tuples:
{12 12 6 11}
dist: 539
dist: 539
dist: 841
dist: 841

vlink src/dst: 2 13
number of protected paths set: 3
needed_slices: 28
paths: {7 14}
slices required:
{2 2}
slices start:
{8 9}
tuples:
{12 12}
dist: 469
dist: 520

vlink src/dst: 11 13
number of protected paths set: 3
needed_slices: 16
paths: {0 0 1 1}
slices required:
{2 2 2 2}
slices start:
{4 6 11 13}
tuples:
{29 29 20 20}
dist: 53
dist: 53
dist: 196
dist: 196

vlink src/dst: 6 12
number of protected paths set: 15
needed_slices: 50
paths: {2 2 4 4 4}
slices required:
{2 3 2 2 2}
slices start:
{9 11 15 17 19}
tuples:
{12 27 12 12 12}
dist: 398
dist: 398
dist: 451
dist: 451
dist: 451

vlink src/dst: 14 17
number of protected paths set: 15
needed_slices: 22
paths: {0 3}
slices required:
{2 2}
slices start:
{2 0}
tuples:
{12 12}
dist: 489
dist: 520

vlink src/dst: 5 18
number of protected paths set: 3
needed_slices: 66
paths: {0 0 0 10 10 10}
slices required:
{2 2 2 2 2 2}
slices start:
{21 23 25 14 16 18}
tuples:
{12 12 12 12 12 12}
dist: 566
dist: 566
dist: 566
dist: 688
dist: 688
dist: 688

vlink src/dst: 7 18
number of protected paths set: 3
needed_slices: 44
paths: {2 2 3 3}
slices required:
{2 2 2 2}
slices start:
{27 29 15 17}
tuples:
{12 12 12 12}
dist: 517
dist: 517
dist: 529
dist: 529

vlink src/dst: 4 18
number of protected paths set: 3
needed_slices: 119
paths: {3 3 3 9 9 9}
slices required:
{2 2 3 2 2 3}
slices start:
{19 27 29 31 33 35}
tuples:
{6 6 11 6 6 11}
dist: 911
dist: 911
dist: 911
dist: 943
dist: 943
dist: 943

vlink src/dst: 9 17
number of protected paths set: 15
needed_slices: 18
paths: {0 3}
slices required:
{2 2}
slices start:
{9 32}
tuples:
{12 12}
dist: 304
dist: 383

vlink src/dst: 1 12
number of protected paths set: 15
needed_slices: 44
paths: {2 2 8 8}
slices required:
{2 2 2 2}
slices start:
{38 40 38 40}
tuples:
{12 12 12 12}
dist: 482
dist: 482
dist: 532
dist: 532

vlink src/dst: 6 11
number of protected paths set: 15
needed_slices: 10
paths: {0 2}
slices required:
{2 2}
slices start:
{0 21}
tuples:
{20 20}
dist: 166
dist: 271

vlink src/dst: 5 11
number of protected paths set: 15
needed_slices: 24
paths: {2 3}
slices required:
{2 2}
slices start:
{11 38}
tuples:
{12 12}
dist: 495
dist: 507

vlink src/dst: 3 17
number of protected paths set: 15
needed_slices: 60
paths: {1 1 9 9}
slices required:
{2 2 2 2}
slices start:
{27 29 13 40}
tuples:
{12 12 12 12}
dist: 567
dist: 567
dist: 638
dist: 638

vlink src/dst: 8 17
number of protected paths set: 15
needed_slices: 66
paths: {0 0 8 8 8}
slices required:
{2 3 2 2 2}
slices start:
{34 42 15 17 19}
tuples:
{12 27 12 12 12}
dist: 372
dist: 372
dist: 462
dist: 462
dist: 462

vlink src/dst: 0 1
number of protected paths set: 15
needed_slices: 96
paths: {4 4 4 6 6 6}
slices required:
{2 2 2 2 2 2}
slices start:
{21 23 25 36 45 47}
tuples:
{12 12 12 12 12 12}
dist: 589
dist: 589
dist: 589
dist: 612
dist: 612
dist: 612

vlink src/dst: 12 17
number of protected paths set: 15
needed_slices: 8
paths: {0 1}
slices required:
{2 2}
slices start:
{9 49}
tuples:
{20 20}
dist: 120
dist: 293

vlink src/dst: 9 11
number of protected paths set: 15
needed_slices: 40
paths: {0 0 5 5}
slices required:
{2 2 2 3}
slices start:
{21 23 51 53}
tuples:
{20 20 12 27}
dist: 275
dist: 275
dist: 366
dist: 366

vlink src/dst: 8 11
number of protected paths set: 15
needed_slices: 60
paths: {0 0 4 4}
slices required:
{2 3 2 3}
slices start:
{49 51 34 40}
tuples:
{12 27 12 27}
dist: 314
dist: 314
dist: 387
dist: 387

vlink src/dst: 2 11
number of protected paths set: 15
needed_slices: 80
paths: {1 1 11 11 16 16}
slices required:
{2 2 2 2 2 2}
slices start:
{23 25 25 36 2 4}
tuples:
{12 12 12 12 12 12}
dist: 416
dist: 416
dist: 574
dist: 574
dist: 687
dist: 687

vlink src/dst: 11 19
number of protected paths set: 3
needed_slices: 60
paths: {0 0 3 3}
slices required:
{2 2 2 2}
slices start:
{43 45 6 14}
tuples:
{12 12 12 12}
dist: 583
dist: 583
dist: 617
dist: 617

vlink src/dst: 6 14
number of protected paths set: 15
needed_slices: 22
paths: {0 7}
slices required:
{2 2}
slices start:
{2 0}
tuples:
{12 12}
dist: 380
dist: 488

vlink src/dst: 3 6
number of protected paths set: 15
needed_slices: 63
paths: {0 0 0 1 1 1}
slices required:
{2 2 3 2 2 3}
slices start:
{8 10 16 10 12 31}
tuples:
{12 12 18 12 12 18}
dist: 422
dist: 422
dist: 422
dist: 433
dist: 433
dist: 433

vlink src/dst: 5 8
number of protected paths set: 15
needed_slices: 40
paths: {0 14 14}
slices required:
{3 2 2}
slices start:
{2 19 21}
tuples:
{27 12 12}
dist: 388
dist: 656
dist: 656

vlink src/dst: 8 10
number of protected paths set: 15
needed_slices: 66
paths: {7 7 7 10 10 10}
slices required:
{2 2 2 2 2 2}
slices start:
{5 7 9 23 25 27}
tuples:
{12 12 12 12 12 12}
dist: 490
dist: 490
dist: 490
dist: 553
dist: 553
dist: 553

vlink src/dst: 7 19
number of protected paths set: 3
needed_slices: 24
paths: {3 6}
slices required:
{2 2}
slices start:
{11 15}
tuples:
{12 12}
dist: 589
dist: 628

vlink src/dst: 1 3
number of protected paths set: 15
needed_slices: 18
paths: {0 2}
slices required:
{2 2}
slices start:
{36 12}
tuples:
{20 12}
dist: 284
dist: 365

vlink src/dst: 2 8
number of protected paths set: 15
needed_slices: 33
paths: {0 0 3 3}
slices required:
{2 3 2 4}
slices start:
{38 47 6 38}
tuples:
{20 28 12 34}
dist: 127
dist: 127
dist: 369
dist: 369

vlink src/dst: 9 19
number of protected paths set: 3
needed_slices: 58
paths: {0 2 2 2 3 3}
slices required:
{2 2 2 3 2 2}
slices start:
{9 29 31 43 17 34}
tuples:
{12 12 12 18 12 12}
dist: 412
dist: 475
dist: 475
dist: 475
dist: 478
dist: 478

vlink src/dst: 14 15
number of protected paths set: 3
needed_slices: 90
paths: {2 2 2 7 7 7}
slices required:
{2 2 2 2 2 2}
slices start:
{27 29 31 29 31 36}
tuples:
{12 12 12 12 12 12}
dist: 727
dist: 727
dist: 727
dist: 772
dist: 772
dist: 772

vlink src/dst: 5 17
number of protected paths set: 15
needed_slices: 18
paths: {0 9}
slices required:
{2 2}
slices start:
{42 0}
tuples:
{12 12}
dist: 385
dist: 585

vlink src/dst: 0 9
number of protected paths set: 15
needed_slices: 54
paths: {0 2 2 4 4 9}
slices required:
{2 2 2 2 2 2}
slices start:
{33 13 19 11 42 40}
tuples:
{12 12 12 12 12 12}
dist: 351
dist: 444
dist: 444
dist: 506
dist: 506
dist: 599

vlink src/dst: 3 8
number of protected paths set: 15
needed_slices: 12
paths: {0 1}
slices required:
{2 2}
slices start:
{50 14}
tuples:
{20 20}
dist: 220
dist: 275

vlink src/dst: 5 9
number of protected paths set: 15
needed_slices: 23
paths: {0 0 1 1}
slices required:
{2 2 2 3}
slices start:
{27 29 11 42}
tuples:
{20 20 12 27}
dist: 214
dist: 214
dist: 308
dist: 308

vlink src/dst: 3 10
number of protected paths set: 15
needed_slices: 46
paths: {0 0 11 11 11}
slices required:
{2 2 2 2 2}
slices start:
{0 38 21 23 47}
tuples:
{20 20 12 12 12}
dist: 274
dist: 274
dist: 599
dist: 599
dist: 599

vlink src/dst: 2 5
number of protected paths set: 15
needed_slices: 18
paths: {0 3}
slices required:
{2 2}
slices start:
{45 52}
tuples:
{12 12}
dist: 349
dist: 460

vlink src/dst: 7 14
number of protected paths set: 15
needed_slices: 54
paths: {1 1 2 3 3}
slices required:
{2 4 2 2 2}
slices start:
{47 54 34 54 56}
tuples:
{12 34 12 12 12}
dist: 335
dist: 335
dist: 467
dist: 474
dist: 474

vlink src/dst: 0 17
number of protected paths set: 15
needed_slices: 28
paths: {1 1 2 2}
slices required:
{2 2 2 2}
slices start:
{38 44 21 23}
tuples:
{12 12 12 12}
dist: 312
dist: 312
dist: 410
dist: 410

vlink src/dst: 9 10
number of protected paths set: 15
needed_slices: 10
paths: {0 1}
slices required:
{2 2}
slices start:
{49 49}
tuples:
{20 12}
dist: 203
dist: 319

vlink src/dst: 4 19
number of protected paths set: 3
needed_slices: 30
paths: {0 17}
slices required:
{2 2}
slices start:
{2 58}
tuples:
{12 6}
dist: 597
dist: 967

vlink src/dst: 0 5
number of protected paths set: 15
needed_slices: 16
paths: {0 7}
slices required:
{2 2}
slices start:
{2 58}
tuples:
{12 12}
dist: 321
dist: 596

vlink src/dst: 0 10
number of protected paths set: 15
needed_slices: 44
paths: {2 2 4 4}
slices required:
{2 2 2 2}
slices start:
{60 62 25 27}
tuples:
{12 12 12 12}
dist: 554
dist: 554
dist: 592
dist: 592

vlink src/dst: 0 7
number of protected paths set: 15
needed_slices: 16
paths: {2 4}
slices required:
{2 2}
slices start:
{4 2}
tuples:
{12 12}
dist: 426
dist: 485

vlink src/dst: 10 14
number of protected paths set: 15
needed_slices: 13
paths: {0 3}
slices required:
{2 3}
slices start:
{51 4}
tuples:
{20 27}
dist: 132
dist: 389

vlink src/dst: 3 16
number of protected paths set: 15
needed_slices: 28
paths: {0 2 2}
slices required:
{3 2 2}
slices start:
{4 19 52}
tuples:
{27 12 12}
dist: 305
dist: 431
dist: 431

vlink src/dst: 5 7
number of protected paths set: 15
needed_slices: 6
paths: {0 1}
slices required:
{2 2}
slices start:
{11 0}
tuples:
{20 20}
dist: 101
dist: 290

vlink src/dst: 3 4
number of protected paths set: 3
needed_slices: 22
paths: {0 9}
slices required:
{2 2}
slices start:
{7 64}
tuples:
{12 12}
dist: 512
dist: 646

vlink src/dst: 5 16
number of protected paths set: 15
needed_slices: 42
paths: {2 2 2 3 3 3}
slices required:
{2 2 2 2 2 2}
slices start:
{13 17 33 2 4 6}
tuples:
{12 12 12 12 12 12}
dist: 441
dist: 441
dist: 441
dist: 447
dist: 447
dist: 447

vlink src/dst: 4 9
number of protected paths set: 3
needed_slices: 48
paths: {2 2 2 3 3 3}
slices required:
{2 2 2 2 2 2}
slices start:
{15 25 36 44 60 62}
tuples:
{12 12 12 12 12 12}
dist: 513
dist: 513
dist: 513
dist: 540
dist: 540
dist: 540
33 second(s) taken for solution
51 second(s) taken in total
cost = 1971

