
4 second(s) taken for initialization

vlink src/dst: 10 11
number of protected paths set: 3
needed_slices: 32
paths: {0 0 3 3 3}
slices required:
{2 2 2 2 2}
slices start:
{0 2 0 2 4}
tuples:
{20 20 12 12 12}
dist: 266
dist: 266
dist: 419
dist: 419
dist: 419

vlink src/dst: 5 9
number of protected paths set: 3
needed_slices: 80
paths: {0 0 0 2 2 3}
slices required:
{2 2 3 2 2 2}
slices start:
{0 2 4 6 8 10}
tuples:
{12 12 18 12 12 12}
dist: 407
dist: 407
dist: 407
dist: 427
dist: 427
dist: 458

vlink src/dst: 5 10
number of protected paths set: 3
needed_slices: 38
paths: {0 0 5 5 5}
slices required:
{2 2 2 2 2}
slices start:
{7 9 12 14 16}
tuples:
{20 20 12 12 12}
dist: 205
dist: 205
dist: 519
dist: 519
dist: 519

vlink src/dst: 10 17
number of protected paths set: 3
needed_slices: 16
paths: {0 2}
slices required:
{2 3}
slices start:
{11 6}
tuples:
{20 17}
dist: 157
dist: 510

vlink src/dst: 7 9
number of protected paths set: 3
needed_slices: 22
paths: {0 7}
slices required:
{2 2}
slices start:
{7 18}
tuples:
{12 12}
dist: 306
dist: 490

vlink src/dst: 10 19
number of protected paths set: 3
needed_slices: 78
paths: {2 2 2 3 3 3}
slices required:
{2 2 2 2 2 2}
slices start:
{20 22 24 20 22 24}
tuples:
{12 12 12 12 12 12}
dist: 518
dist: 518
dist: 518
dist: 546
dist: 546
dist: 546

vlink src/dst: 9 11
number of protected paths set: 3
needed_slices: 22
paths: {1 5}
slices required:
{2 2}
slices start:
{26 9}
tuples:
{12 12}
dist: 322
dist: 474

vlink src/dst: 17 18
number of protected paths set: 15
needed_slices: 8
paths: {0 1}
slices required:
{2 2}
slices start:
{11 9}
tuples:
{20 12}
dist: 142
dist: 307

vlink src/dst: 7 17
number of protected paths set: 15
needed_slices: 8
paths: {0 1}
slices required:
{2 2}
slices start:
{13 28}
tuples:
{29 12}
dist: 53
dist: 418

vlink src/dst: 7 13
number of protected paths set: 15
needed_slices: 60
paths: {1 1 6 6 6}
slices required:
{2 3 2 2 2}
slices start:
{15 17 18 26 28}
tuples:
{12 27 12 12 12}
dist: 375
dist: 375
dist: 529
dist: 529
dist: 529

vlink src/dst: 1 17
number of protected paths set: 15
needed_slices: 60
paths: {0 0 1 1}
slices required:
{2 4 2 4}
slices start:
{0 2 13 28}
tuples:
{12 34 12 34}
dist: 334
dist: 334
dist: 380
dist: 380

vlink src/dst: 4 17
number of protected paths set: 15
needed_slices: 8
paths: {0 2}
slices required:
{2 2}
slices start:
{11 30}
tuples:
{20 20}
dist: 174
dist: 297

vlink src/dst: 12 17
number of protected paths set: 15
needed_slices: 41
paths: {0 0 4 4}
slices required:
{2 2 2 3}
slices start:
{26 32 15 32}
tuples:
{20 20 12 18}
dist: 266
dist: 266
dist: 459
dist: 459

vlink src/dst: 5 18
number of protected paths set: 15
needed_slices: 14
paths: {1 2}
slices required:
{2 2}
slices start:
{32 30}
tuples:
{12 12}
dist: 312
dist: 410

vlink src/dst: 13 17
number of protected paths set: 15
needed_slices: 56
paths: {0 0 5 5 5}
slices required:
{2 3 2 2 2}
slices start:
{34 36 35 37 39}
tuples:
{12 27 12 12 12}
dist: 303
dist: 303
dist: 516
dist: 516
dist: 516

vlink src/dst: 7 12
number of protected paths set: 15
needed_slices: 61
paths: {0 0 9 9 9}
slices required:
{2 3 2 2 2}
slices start:
{39 41 41 43 45}
tuples:
{12 27 12 12 12}
dist: 319
dist: 319
dist: 527
dist: 527
dist: 527

vlink src/dst: 0 17
number of protected paths set: 15
needed_slices: 24
paths: {0 4}
slices required:
{2 2}
slices start:
{44 13}
tuples:
{12 12}
dist: 487
dist: 579

vlink src/dst: 16 17
number of protected paths set: 15
needed_slices: 65
paths: {1 1 2 2}
slices required:
{2 3 2 3}
slices start:
{30 47 46 48}
tuples:
{12 17 12 17}
dist: 521
dist: 521
dist: 522
dist: 522

vlink src/dst: 8 17
number of protected paths set: 3
needed_slices: 78
paths: {0 0 0 4 4 4}
slices required:
{2 2 2 2 2 2}
slices start:
{51 53 55 51 53 55}
tuples:
{12 12 12 12 12 12}
dist: 485
dist: 485
dist: 485
dist: 550
dist: 550
dist: 550

vlink src/dst: 8 18
number of protected paths set: 3
needed_slices: 44
paths: {0 0 16 16}
slices required:
{2 2 2 2}
slices start:
{11 57 28 57}
tuples:
{12 12 12 12}
dist: 343
dist: 343
dist: 513
dist: 513

vlink src/dst: 12 18
number of protected paths set: 15
needed_slices: 28
paths: {0 0 4 4}
slices required:
{2 2 2 2}
slices start:
{59 61 59 61}
tuples:
{20 20 12 12}
dist: 124
dist: 124
dist: 416
dist: 416

vlink src/dst: 4 9
number of protected paths set: 3
needed_slices: 35
paths: {0 0 1 1}
slices required:
{2 3 2 3}
slices start:
{63 65 63 65}
tuples:
{20 27 20 27}
dist: 242
dist: 242
dist: 247
dist: 247

vlink src/dst: 4 7
number of protected paths set: 15
needed_slices: 16
paths: {0 0 1 1}
slices required:
{2 2 2 2}
slices start:
{20 22 34 36}
tuples:
{20 20 20 20}
dist: 227
dist: 227
dist: 243
dist: 243

vlink src/dst: 11 14
number of protected paths set: 15
needed_slices: 76
paths: {0 5 11 12 13}
slices required:
{2 2 2 2 2}
slices start:
{68 70 0 68 2}
tuples:
{12 12 12 12 6}
dist: 449
dist: 551
dist: 662
dist: 784
dist: 834

vlink src/dst: 0 11
number of protected paths set: 15
needed_slices: 28
paths: {0 9}
slices required:
{2 2}
slices start:
{72 70}
tuples:
{12 12}
dist: 478
dist: 710

vlink src/dst: 5 19
number of protected paths set: 15
needed_slices: 59
paths: {0 0 9 9 9}
slices required:
{3 3 2 2 3}
slices start:
{74 77 24 26 44}
tuples:
{27 27 12 12 17}
dist: 351
dist: 351
dist: 599
dist: 599
dist: 599

vlink src/dst: 6 10
number of protected paths set: 3
needed_slices: 54
paths: {0 0 0 3 3 3}
slices required:
{2 2 2 2 2 2}
slices start:
{4 13 15 34 36 38}
tuples:
{12 12 12 12 12 12}
dist: 488
dist: 488
dist: 488
dist: 595
dist: 595
dist: 595

vlink src/dst: 2 10
number of protected paths set: 3
needed_slices: 32
paths: {0 5 5}
slices required:
{3 2 2}
slices start:
{38 40 42}
tuples:
{18 12 12}
dist: 460
dist: 627
dist: 627

vlink src/dst: 6 17
number of protected paths set: 15
needed_slices: 14
paths: {0 1}
slices required:
{2 2}
slices start:
{17 32}
tuples:
{12 12}
dist: 428
dist: 441

vlink src/dst: 5 6
number of protected paths set: 15
needed_slices: 16
paths: {0 7}
slices required:
{2 2}
slices start:
{18 47}
tuples:
{12 12}
dist: 321
dist: 596

vlink src/dst: 6 7
number of protected paths set: 15
needed_slices: 14
paths: {0 2}
slices required:
{2 2}
slices start:
{6 57}
tuples:
{12 12}
dist: 384
dist: 485

vlink src/dst: 2 5
number of protected paths set: 15
needed_slices: 45
paths: {0 0 10 11 11}
slices required:
{2 3 2 2 2}
slices start:
{20 22 59 49 51}
tuples:
{20 27 12 12 12}
dist: 293
dist: 293
dist: 619
dist: 628
dist: 628

vlink src/dst: 9 19
number of protected paths set: 3
needed_slices: 18
paths: {0 6}
slices required:
{2 2}
slices start:
{0 80}
tuples:
{20 12}
dist: 222
dist: 420

vlink src/dst: 4 16
number of protected paths set: 15
needed_slices: 64
paths: {0 3 3 9 9 14}
slices required:
{2 2 2 2 2 2}
slices start:
{82 84 86 2 4 74}
tuples:
{12 12 12 12 12 12}
dist: 325
dist: 402
dist: 402
dist: 444
dist: 444
dist: 510

vlink src/dst: 13 19
number of protected paths set: 15
needed_slices: 50
paths: {1 1 7 7}
slices required:
{2 3 2 3}
slices start:
{2 88 2 4}
tuples:
{12 27 12 27}
dist: 333
dist: 333
dist: 398
dist: 398

vlink src/dst: 2 3
number of protected paths set: 15
needed_slices: 42
paths: {0 0 1 1}
slices required:
{3 3 3 3}
slices start:
{6 9 88 91}
tuples:
{27 27 27 27}
dist: 331
dist: 331
dist: 365
dist: 365

vlink src/dst: 1 2
number of protected paths set: 15
needed_slices: 16
paths: {0 2}
slices required:
{2 2}
slices start:
{12 94}
tuples:
{12 12}
dist: 348
dist: 438

vlink src/dst: 3 16
number of protected paths set: 15
needed_slices: 45
paths: {1 1 3 3}
slices required:
{2 3 2 4}
slices start:
{12 14 0 20}
tuples:
{20 27 12 34}
dist: 259
dist: 259
dist: 319
dist: 319

vlink src/dst: 3 8
number of protected paths set: 3
needed_slices: 48
paths: {1 1 1 2 2 2}
slices required:
{2 2 2 2 2 2}
slices start:
{17 26 32 24 28 30}
tuples:
{20 20 20 20 20 20}
dist: 288
dist: 288
dist: 288
dist: 289
dist: 289
dist: 289

vlink src/dst: 1 8
number of protected paths set: 3
needed_slices: 24
paths: {1 3}
slices required:
{3 3}
slices start:
{2 7}
tuples:
{27 27}
dist: 235
dist: 309

vlink src/dst: 8 12
number of protected paths set: 3
needed_slices: 51
paths: {0 0 8 8}
slices required:
{2 3 2 4}
slices start:
{5 7 10 59}
tuples:
{20 27 12 34}
dist: 219
dist: 219
dist: 393
dist: 393

vlink src/dst: 13 15
number of protected paths set: 15
needed_slices: 80
paths: {1 1 13 13 15}
slices required:
{2 2 2 2 2}
slices start:
{0 13 0 7 47}
tuples:
{12 12 12 12 6}
dist: 671
dist: 671
dist: 798
dist: 798
dist: 871

vlink src/dst: 16 19
number of protected paths set: 15
needed_slices: 38
paths: {0 0 5 5}
slices required:
{2 2 2 3}
slices start:
{10 19 15 34}
tuples:
{20 20 12 27}
dist: 174
dist: 174
dist: 387
dist: 387

vlink src/dst: 0 16
number of protected paths set: 15
needed_slices: 20
paths: {0 0 1 1}
slices required:
{2 2 2 2}
slices start:
{2 4 37 39}
tuples:
{20 20 20 20}
dist: 118
dist: 118
dist: 128
dist: 128

vlink src/dst: 6 16
number of protected paths set: 15
needed_slices: 22
paths: {0 14}
slices required:
{2 2}
slices start:
{21 12}
tuples:
{12 12}
dist: 388
dist: 656

vlink src/dst: 4 15
number of protected paths set: 15
needed_slices: 20
paths: {0 4}
slices required:
{2 2}
slices start:
{96 6}
tuples:
{12 12}
dist: 535
dist: 641

vlink src/dst: 1 15
number of protected paths set: 15
needed_slices: 60
paths: {0 0 0 11 11 11}
slices required:
{2 2 2 2 2 2}
slices start:
{10 17 26 8 10 15}
tuples:
{12 12 12 12 12 12}
dist: 464
dist: 464
dist: 464
dist: 636
dist: 636
dist: 636

vlink src/dst: 0 8
number of protected paths set: 3
needed_slices: 18
paths: {0 1 1}
slices required:
{3 2 2}
slices start:
{17 24 30}
tuples:
{36 20 20}
dist: 96
dist: 150
dist: 150

vlink src/dst: 14 15
number of protected paths set: 15
needed_slices: 24
paths: {1 2}
slices required:
{2 2}
slices start:
{34 4}
tuples:
{12 12}
dist: 506
dist: 538

vlink src/dst: 15 19
number of protected paths set: 15
needed_slices: 16
paths: {0 9}
slices required:
{2 2}
slices start:
{2 19}
tuples:
{12 12}
dist: 362
dist: 601
44 second(s) taken for solution
48 second(s) taken in total
cost = 1888

