
12 second(s) taken for initialization

vlink src/dst: 14 16
number of protected paths set: 3
needed_slices: 16
paths: {1 2}
slices required:
{2 2}
slices start:
{0 0}
tuples:
{20 20}
dist: 288
dist: 289

vlink src/dst: 4 16
number of protected paths set: 3
needed_slices: 12
paths: {0 1}
slices required:
{2 2}
slices start:
{2 2}
tuples:
{29 20}
dist: 59
dist: 258

vlink src/dst: 10 16
number of protected paths set: 3
needed_slices: 24
paths: {0 0 1 1}
slices required:
{2 2 2 2}
slices start:
{4 6 4 6}
tuples:
{20 20 20 20}
dist: 110
dist: 110
dist: 207
dist: 207

vlink src/dst: 2 4
number of protected paths set: 15
needed_slices: 35
paths: {0 0 2 2}
slices required:
{2 3 2 3}
slices start:
{8 10 8 10}
tuples:
{20 28 20 27}
dist: 148
dist: 148
dist: 284
dist: 284

vlink src/dst: 6 16
number of protected paths set: 3
needed_slices: 39
paths: {0 4}
slices required:
{3 3}
slices start:
{13 13}
tuples:
{18 17}
dist: 485
dist: 550

vlink src/dst: 4 19
number of protected paths set: 15
needed_slices: 32
paths: {2 6}
slices required:
{2 2}
slices start:
{16 0}
tuples:
{12 12}
dist: 522
dist: 548

vlink src/dst: 11 19
number of protected paths set: 15
needed_slices: 70
paths: {1 1 8 8}
slices required:
{2 3 2 3}
slices start:
{0 2 18 20}
tuples:
{12 17 12 17}
dist: 538
dist: 538
dist: 599
dist: 599

vlink src/dst: 9 11
number of protected paths set: 15
needed_slices: 48
paths: {0 0 9 9 9}
slices required:
{2 2 2 2 2}
slices start:
{23 25 23 25 27}
tuples:
{20 20 12 12 12}
dist: 219
dist: 219
dist: 457
dist: 457
dist: 457

vlink src/dst: 13 16
number of protected paths set: 3
needed_slices: 80
paths: {0 1 1 18 19 19}
slices required:
{2 2 2 2 2 2}
slices start:
{27 29 31 33 29 31}
tuples:
{12 12 12 12 12 12}
dist: 504
dist: 508
dist: 508
dist: 714
dist: 721
dist: 721

vlink src/dst: 11 14
number of protected paths set: 15
needed_slices: 25
paths: {0 5}
slices required:
{2 3}
slices start:
{33 35}
tuples:
{20 27}
dist: 282
dist: 389

vlink src/dst: 5 16
number of protected paths set: 3
needed_slices: 50
paths: {1 1 6 6 6}
slices required:
{2 2 2 2 2}
slices start:
{35 37 38 40 42}
tuples:
{20 20 12 12 12}
dist: 271
dist: 271
dist: 402
dist: 402
dist: 402

vlink src/dst: 0 11
number of protected paths set: 3
needed_slices: 14
paths: {0 0 1 1}
slices required:
{2 2 2 3}
slices start:
{0 2 0 2}
tuples:
{20 20 12 27}
dist: 252
dist: 252
dist: 315
dist: 315

vlink src/dst: 0 14
number of protected paths set: 3
needed_slices: 72
paths: {0 0 1 3 6 6}
slices required:
{2 2 2 2 2 2}
slices start:
{13 15 5 39 41 43}
tuples:
{12 12 12 12 12 12}
dist: 482
dist: 482
dist: 497
dist: 540
dist: 561
dist: 561

vlink src/dst: 0 6
number of protected paths set: 3
needed_slices: 144
paths: {0 0 0 0 10 10 10 10}
slices required:
{2 2 2 2 2 2 2 3}
slices start:
{17 19 21 23 5 18 20 29}
tuples:
{12 12 12 12 6 6 6 11}
dist: 744
dist: 744
dist: 744
dist: 744
dist: 820
dist: 820
dist: 820
dist: 820

vlink src/dst: 5 11
number of protected paths set: 15
needed_slices: 48
paths: {1 1 1 3 3}
slices required:
{2 2 2 3 3}
slices start:
{45 47 49 7 10}
tuples:
{20 20 20 27 27}
dist: 287
dist: 287
dist: 287
dist: 373
dist: 373

vlink src/dst: 6 11
number of protected paths set: 15
needed_slices: 28
paths: {0 3}
slices required:
{2 2}
slices start:
{51 32}
tuples:
{12 12}
dist: 544
dist: 567

vlink src/dst: 0 8
number of protected paths set: 3
needed_slices: 84
paths: {0 0 0 14 14 14}
slices required:
{2 2 2 2 2 2}
slices start:
{25 27 41 53 55 57}
tuples:
{12 12 12 12 12 12}
dist: 570
dist: 570
dist: 570
dist: 743
dist: 743
dist: 743

vlink src/dst: 4 14
number of protected paths set: 15
needed_slices: 10
paths: {0 1}
slices required:
{2 2}
slices start:
{29 2}
tuples:
{20 20}
dist: 207
dist: 231

vlink src/dst: 5 19
number of protected paths set: 15
needed_slices: 78
paths: {0 0 0 11 11 11}
slices required:
{2 2 2 2 2 2}
slices start:
{7 9 11 23 25 27}
tuples:
{12 12 12 12 12 12}
dist: 609
dist: 609
dist: 609
dist: 701
dist: 701
dist: 701

vlink src/dst: 3 8
number of protected paths set: 15
needed_slices: 50
paths: {4 4 8 8}
slices required:
{2 3 2 3}
slices start:
{39 53 4 6}
tuples:
{12 18 12 17}
dist: 473
dist: 473
dist: 512
dist: 512

vlink src/dst: 3 5
number of protected paths set: 15
needed_slices: 8
paths: {0 2}
slices required:
{2 2}
slices start:
{0 0}
tuples:
{20 20}
dist: 115
dist: 238

vlink src/dst: 4 7
number of protected paths set: 15
needed_slices: 36
paths: {0 0 4 4}
slices required:
{2 2 2 3}
slices start:
{2 29 31 35}
tuples:
{20 20 12 18}
dist: 232
dist: 232
dist: 401
dist: 401

vlink src/dst: 5 7
number of protected paths set: 15
needed_slices: 8
paths: {0 1}
slices required:
{2 2}
slices start:
{2 31}
tuples:
{29 20}
dist: 100
dist: 253

vlink src/dst: 7 8
number of protected paths set: 15
needed_slices: 60
paths: {4 4 5 5}
slices required:
{2 3 2 3}
slices start:
{59 61 13 15}
tuples:
{12 17 12 17}
dist: 549
dist: 549
dist: 556
dist: 556

vlink src/dst: 3 15
number of protected paths set: 15
needed_slices: 18
paths: {0 3}
slices required:
{2 2}
slices start:
{9 2}
tuples:
{12 12}
dist: 354
dist: 455

vlink src/dst: 10 13
number of protected paths set: 15
needed_slices: 22
paths: {1 8}
slices required:
{2 2}
slices start:
{35 2}
tuples:
{12 12}
dist: 532
dist: 609

vlink src/dst: 14 17
number of protected paths set: 15
needed_slices: 41
paths: {0 0 4 4 7}
slices required:
{2 3 2 2 2}
slices start:
{18 20 0 35 11}
tuples:
{20 27 12 12 12}
dist: 288
dist: 288
dist: 448
dist: 448
dist: 490

vlink src/dst: 5 12
number of protected paths set: 15
needed_slices: 26
paths: {2 5}
slices required:
{2 2}
slices start:
{23 4}
tuples:
{12 12}
dist: 618
dist: 672

vlink src/dst: 8 14
number of protected paths set: 15
needed_slices: 11
paths: {0 1}
slices required:
{2 3}
slices start:
{37 23}
tuples:
{29 27}
dist: 88
dist: 354

vlink src/dst: 3 17
number of protected paths set: 15
needed_slices: 24
paths: {1 7}
slices required:
{3 3}
slices start:
{31 4}
tuples:
{27 17}
dist: 324
dist: 505

vlink src/dst: 3 18
number of protected paths set: 15
needed_slices: 24
paths: {0 6}
slices required:
{3 3}
slices start:
{7 51}
tuples:
{27 18}
dist: 344
dist: 486

vlink src/dst: 5 13
number of protected paths set: 15
needed_slices: 16
paths: {0 9}
slices required:
{2 2}
slices start:
{25 0}
tuples:
{12 12}
dist: 334
dist: 573

vlink src/dst: 10 12
number of protected paths set: 15
needed_slices: 22
paths: {0 3}
slices required:
{2 2}
slices start:
{7 43}
tuples:
{12 12}
dist: 428
dist: 509

vlink src/dst: 8 17
number of protected paths set: 15
needed_slices: 21
paths: {0 1}
slices required:
{3 3}
slices start:
{18 45}
tuples:
{27 27}
dist: 356
dist: 380

vlink src/dst: 1 5
number of protected paths set: 15
needed_slices: 62
paths: {0 1 1 7 7 8}
slices required:
{2 2 2 2 2 2}
slices start:
{27 0 33 6 8 64}
tuples:
{12 12 12 12 12 12}
dist: 393
dist: 431
dist: 431
dist: 575
dist: 575
dist: 601

vlink src/dst: 13 14
number of protected paths set: 15
needed_slices: 35
paths: {0 0 5 5}
slices required:
{2 3 2 3}
slices start:
{37 48 48 66}
tuples:
{12 27 12 18}
dist: 386
dist: 386
dist: 433
dist: 433

vlink src/dst: 1 14
number of protected paths set: 15
needed_slices: 14
paths: {0 1}
slices required:
{2 2}
slices start:
{51 56}
tuples:
{12 12}
dist: 331
dist: 365

vlink src/dst: 5 18
number of protected paths set: 15
needed_slices: 10
paths: {0 1}
slices required:
{2 2}
slices start:
{2 29}
tuples:
{20 20}
dist: 229
dist: 292

vlink src/dst: 1 9
number of protected paths set: 15
needed_slices: 14
paths: {0 5}
slices required:
{2 2}
slices start:
{2 37}
tuples:
{20 12}
dist: 246
dist: 469

vlink src/dst: 6 18
number of protected paths set: 15
needed_slices: 60
paths: {1 1 3 6 15}
slices required:
{2 2 2 2 2}
slices start:
{13 15 64 9 26}
tuples:
{12 12 12 12 6}
dist: 696
dist: 696
dist: 725
dist: 754
dist: 855

vlink src/dst: 2 19
number of protected paths set: 15
needed_slices: 22
paths: {0 6}
slices required:
{2 2}
slices start:
{22 44}
tuples:
{12 12}
dist: 465
dist: 549

vlink src/dst: 6 19
number of protected paths set: 15
needed_slices: 12
paths: {0 1}
slices required:
{2 2}
slices start:
{0 24}
tuples:
{20 20}
dist: 242
dist: 265

vlink src/dst: 8 19
number of protected paths set: 15
needed_slices: 12
paths: {0 3}
slices required:
{2 2}
slices start:
{5 2}
tuples:
{20 12}
dist: 251
dist: 430

vlink src/dst: 1 19
number of protected paths set: 15
needed_slices: 54
paths: {1 1 1 2 2 2}
slices required:
{2 2 2 2 2 2}
slices start:
{37 39 41 4 6 8}
tuples:
{12 12 12 12 12 12}
dist: 537
dist: 537
dist: 537
dist: 550
dist: 550
dist: 550

vlink src/dst: 12 15
number of protected paths set: 15
needed_slices: 46
paths: {0 0 5 5 5}
slices required:
{3 3 2 2 3}
slices start:
{43 59 10 17 19}
tuples:
{27 27 12 12 18}
dist: 380
dist: 380
dist: 489
dist: 489
dist: 489

vlink src/dst: 6 12
number of protected paths set: 15
needed_slices: 22
paths: {0 0 1 1 1}
slices required:
{2 2 2 2 2}
slices start:
{2 9 0 25 27}
tuples:
{29 29 12 12 12}
dist: 53
dist: 53
dist: 418
dist: 418
dist: 418

vlink src/dst: 8 12
number of protected paths set: 15
needed_slices: 16
paths: {0 0 1 1}
slices required:
{2 2 2 2}
slices start:
{11 29 29 31}
tuples:
{20 20 20 20}
dist: 227
dist: 227
dist: 243
dist: 243

vlink src/dst: 1 15
number of protected paths set: 15
needed_slices: 6
paths: {0 1}
slices required:
{2 2}
slices start:
{4 0}
tuples:
{20 20}
dist: 133
dist: 249

vlink src/dst: 15 18
number of protected paths set: 15
needed_slices: 34
paths: {0 0 3 3 7}
slices required:
{2 2 2 2 2}
slices start:
{21 31 41 43 4}
tuples:
{12 12 12 12 12}
dist: 360
dist: 360
dist: 489
dist: 489
dist: 531

vlink src/dst: 15 17
number of protected paths set: 15
needed_slices: 10
paths: {0 5}
slices required:
{2 2}
slices start:
{4 6}
tuples:
{20 12}
dist: 203
dist: 484
37 second(s) taken for solution
49 second(s) taken in total
cost = 1725

