
17 second(s) taken for initialization

vlink src/dst: 2 12
number of protected paths set: 3
needed_slices: 26
paths: {0 16}
slices required:
{2 2}
slices start:
{0 0}
tuples:
{12 6}
dist: 515
dist: 819

vlink src/dst: 2 16
number of protected paths set: 3
needed_slices: 16
paths: {0 1}
slices required:
{2 3}
slices start:
{2 2}
tuples:
{20 27}
dist: 212
dist: 374

vlink src/dst: 2 4
number of protected paths set: 3
needed_slices: 140
paths: {1 1 1 17 17 17 17}
slices required:
{2 2 2 2 2 2 2}
slices start:
{5 7 9 5 7 9 11}
tuples:
{12 12 12 6 6 6 6}
dist: 725
dist: 725
dist: 725
dist: 1117
dist: 1117
dist: 1117
dist: 1117

vlink src/dst: 2 8
number of protected paths set: 3
needed_slices: 22
paths: {3 13}
slices required:
{2 2}
slices start:
{11 13}
tuples:
{12 12}
dist: 500
dist: 579

vlink src/dst: 15 16
number of protected paths set: 3
needed_slices: 94
paths: {0 0 14 14 14 14}
slices required:
{3 3 2 2 2 2}
slices start:
{15 18 15 17 19 21}
tuples:
{27 27 12 12 12 12}
dist: 390
dist: 390
dist: 759
dist: 759
dist: 759
dist: 759

vlink src/dst: 15 19
number of protected paths set: 3
needed_slices: 92
paths: {1 1 1 18 18 18 18}
slices required:
{2 2 2 2 2 2 2}
slices start:
{0 2 4 0 2 4 6}
tuples:
{12 12 12 6 6 6 6}
dist: 551
dist: 551
dist: 551
dist: 840
dist: 840
dist: 840
dist: 840

vlink src/dst: 2 10
number of protected paths set: 3
needed_slices: 68
paths: {0 0 1 16 17 17}
slices required:
{2 2 2 2 2 2}
slices start:
{21 23 13 25 21 23}
tuples:
{12 12 12 12 12 12}
dist: 449
dist: 449
dist: 486
dist: 693
dist: 701
dist: 701

vlink src/dst: 2 14
number of protected paths set: 3
needed_slices: 63
paths: {0 0 14 14}
slices required:
{2 2 2 3}
slices start:
{27 29 27 29}
tuples:
{12 12 6 11}
dist: 588
dist: 588
dist: 823
dist: 823

vlink src/dst: 12 16
number of protected paths set: 15
needed_slices: 26
paths: {0 12}
slices required:
{2 2}
slices start:
{23 32}
tuples:
{12 12}
dist: 599
dist: 734

vlink src/dst: 5 13
number of protected paths set: 15
needed_slices: 8
paths: {0 1}
slices required:
{2 2}
slices start:
{0 13}
tuples:
{29 20}
dist: 45
dist: 271

vlink src/dst: 13 15
number of protected paths set: 3
needed_slices: 14
paths: {0 3}
slices required:
{2 2}
slices start:
{6 8}
tuples:
{20 12}
dist: 178
dist: 429

vlink src/dst: 3 5
number of protected paths set: 15
needed_slices: 50
paths: {1 1 2 2 3}
slices required:
{2 4 2 2 2}
slices start:
{6 25 6 8 25}
tuples:
{12 34 12 12 12}
dist: 389
dist: 389
dist: 440
dist: 440
dist: 442

vlink src/dst: 10 13
number of protected paths set: 15
needed_slices: 18
paths: {0 3}
slices required:
{2 2}
slices start:
{13 10}
tuples:
{12 12}
dist: 354
dist: 455

vlink src/dst: 5 15
number of protected paths set: 3
needed_slices: 14
paths: {0 2}
slices required:
{2 2}
slices start:
{10 23}
tuples:
{20 12}
dist: 223
dist: 383

vlink src/dst: 6 15
number of protected paths set: 3
needed_slices: 54
paths: {4 15}
slices required:
{3 3}
slices start:
{34 10}
tuples:
{11 11}
dist: 826
dist: 874

vlink src/dst: 9 13
number of protected paths set: 3
needed_slices: 40
paths: {0 0 9 9}
slices required:
{2 2 2 2}
slices start:
{8 29 23 29}
tuples:
{12 12 12 12}
dist: 485
dist: 485
dist: 630
dist: 630

vlink src/dst: 2 17
number of protected paths set: 3
needed_slices: 80
paths: {1 1 1 13 13 15}
slices required:
{2 2 3 2 2 2}
slices start:
{37 39 41 34 36 38}
tuples:
{12 12 17 12 12 12}
dist: 582
dist: 582
dist: 582
dist: 740
dist: 740
dist: 753

vlink src/dst: 8 16
number of protected paths set: 15
needed_slices: 29
paths: {0 11 11}
slices required:
{3 2 2}
slices start:
{31 15 17}
tuples:
{27 12 12}
dist: 362
dist: 601
dist: 601

vlink src/dst: 5 17
number of protected paths set: 15
needed_slices: 30
paths: {0 2}
slices required:
{3 3}
slices start:
{27 40}
tuples:
{18 17}
dist: 442
dist: 546

vlink src/dst: 6 16
number of protected paths set: 15
needed_slices: 78
paths: {0 0 0 1 1 1}
slices required:
{2 2 2 2 2 2}
slices start:
{44 46 48 0 2 4}
tuples:
{12 12 12 12 12 12}
dist: 762
dist: 762
dist: 762
dist: 772
dist: 772
dist: 772

vlink src/dst: 13 14
number of protected paths set: 15
needed_slices: 24
paths: {1 5}
slices required:
{2 2}
slices start:
{31 19}
tuples:
{12 12}
dist: 493
dist: 577

vlink src/dst: 9 12
number of protected paths set: 3
needed_slices: 44
paths: {0 14}
slices required:
{2 3}
slices start:
{31 15}
tuples:
{12 11}
dist: 750
dist: 891

vlink src/dst: 5 14
number of protected paths set: 15
needed_slices: 42
paths: {0 11 11}
slices required:
{3 2 2}
slices start:
{0 32 34}
tuples:
{18 12 12}
dist: 426
dist: 609
dist: 609

vlink src/dst: 0 13
number of protected paths set: 15
needed_slices: 28
paths: {1 12}
slices required:
{2 2}
slices start:
{3 33}
tuples:
{12 12}
dist: 416
dist: 574

vlink src/dst: 5 7
number of protected paths set: 15
needed_slices: 12
paths: {1 2}
slices required:
{2 2}
slices start:
{3 25}
tuples:
{20 12}
dist: 249
dist: 301

vlink src/dst: 0 15
number of protected paths set: 3
needed_slices: 60
paths: {0 0 3 3}
slices required:
{2 2 2 2}
slices start:
{37 39 13 25}
tuples:
{12 12 12 12}
dist: 583
dist: 583
dist: 617
dist: 617

vlink src/dst: 5 12
number of protected paths set: 15
needed_slices: 27
paths: {2 4}
slices required:
{3 3}
slices start:
{34 36}
tuples:
{27 27}
dist: 321
dist: 355

vlink src/dst: 4 5
number of protected paths set: 3
needed_slices: 56
paths: {0 16 16}
slices required:
{3 2 2}
slices start:
{41 27 43}
tuples:
{18 12 12}
dist: 483
dist: 728
dist: 728

vlink src/dst: 0 3
number of protected paths set: 15
needed_slices: 84
paths: {2 2 6 6 8 8}
slices required:
{2 2 2 2 2 2}
slices start:
{50 52 39 41 19 25}
tuples:
{12 12 12 12 12 12}
dist: 653
dist: 653
dist: 698
dist: 698
dist: 770
dist: 770

vlink src/dst: 3 4
number of protected paths set: 3
needed_slices: 32
paths: {3 17}
slices required:
{2 2}
slices start:
{0 36}
tuples:
{12 6}
dist: 788
dist: 880

vlink src/dst: 4 18
number of protected paths set: 3
needed_slices: 91
paths: {4 4 4 12 12 12}
slices required:
{2 2 2 2 2 3}
slices start:
{45 47 49 3 54 56}
tuples:
{12 12 12 6 6 11}
dist: 718
dist: 718
dist: 718
dist: 816
dist: 816
dist: 816

vlink src/dst: 3 8
number of protected paths set: 15
needed_slices: 35
paths: {1 1 3 3}
slices required:
{2 3 2 3}
slices start:
{18 59 44 46}
tuples:
{12 27 12 18}
dist: 372
dist: 372
dist: 477
dist: 477

vlink src/dst: 8 10
number of protected paths set: 15
needed_slices: 19
paths: {0 0 1 1}
slices required:
{2 2 2 3}
slices start:
{8 10 13 15}
tuples:
{20 20 12 27}
dist: 113
dist: 113
dist: 329
dist: 329

vlink src/dst: 4 19
number of protected paths set: 3
needed_slices: 60
paths: {2 2 5 5}
slices required:
{2 2 2 2}
slices start:
{62 64 29 31}
tuples:
{12 12 12 12}
dist: 745
dist: 745
dist: 768
dist: 768

vlink src/dst: 0 10
number of protected paths set: 15
needed_slices: 18
paths: {0 2}
slices required:
{2 2}
slices start:
{0 19}
tuples:
{12 12}
dist: 342
dist: 406

vlink src/dst: 0 1
number of protected paths set: 15
needed_slices: 26
paths: {0 7}
slices required:
{2 2}
slices start:
{13 59}
tuples:
{12 12}
dist: 521
dist: 594

vlink src/dst: 0 17
number of protected paths set: 15
needed_slices: 24
paths: {0 3}
slices required:
{2 2}
slices start:
{15 66}
tuples:
{12 12}
dist: 462
dist: 539

vlink src/dst: 0 6
number of protected paths set: 15
needed_slices: 36
paths: {0 0 3 3}
slices required:
{2 2 2 3}
slices start:
{2 4 13 15}
tuples:
{20 20 12 18}
dist: 253
dist: 253
dist: 425
dist: 425

vlink src/dst: 4 10
number of protected paths set: 3
needed_slices: 33
paths: {2 3}
slices required:
{3 3}
slices start:
{21 68}
tuples:
{17 17}
dist: 517
dist: 529

vlink src/dst: 12 14
number of protected paths set: 15
needed_slices: 48
paths: {1 1 10 10}
slices required:
{2 2 2 2}
slices start:
{21 25 6 8}
tuples:
{12 12 12 12}
dist: 435
dist: 435
dist: 588
dist: 588

vlink src/dst: 0 4
number of protected paths set: 3
needed_slices: 8
paths: {0 1}
slices required:
{2 2}
slices start:
{2 33}
tuples:
{20 20}
dist: 123
dist: 290

vlink src/dst: 4 11
number of protected paths set: 3
needed_slices: 24
paths: {1 13}
slices required:
{2 2}
slices start:
{11 45}
tuples:
{12 12}
dist: 365
dist: 526

vlink src/dst: 6 8
number of protected paths set: 15
needed_slices: 16
paths: {0 7}
slices required:
{2 2}
slices start:
{23 49}
tuples:
{12 12}
dist: 400
dist: 511

vlink src/dst: 4 17
number of protected paths set: 3
needed_slices: 22
paths: {1 5}
slices required:
{2 2}
slices start:
{51 24}
tuples:
{12 12}
dist: 598
dist: 660

vlink src/dst: 8 14
number of protected paths set: 15
needed_slices: 28
paths: {0 0 5 5}
slices required:
{2 2 2 2}
slices start:
{37 39 53 55}
tuples:
{20 20 12 12}
dist: 252
dist: 252
dist: 440
dist: 440

vlink src/dst: 1 4
number of protected paths set: 3
needed_slices: 88
paths: {1 1 3 13 13 13 13}
slices required:
{2 2 2 2 2 2 2}
slices start:
{38 66 59 47 51 59 61}
tuples:
{12 12 12 12 12 12 12}
dist: 653
dist: 653
dist: 666
dist: 720
dist: 720
dist: 720
dist: 720

vlink src/dst: 14 19
number of protected paths set: 15
needed_slices: 16
paths: {2 3}
slices required:
{2 2}
slices start:
{6 8}
tuples:
{12 12}
dist: 450
dist: 485

vlink src/dst: 10 18
number of protected paths set: 15
needed_slices: 44
paths: {0 0 3 3 4}
slices required:
{2 4 2 2 2}
slices start:
{71 73 54 56 66}
tuples:
{12 34 12 12 12}
dist: 389
dist: 389
dist: 460
dist: 460
dist: 468

vlink src/dst: 8 19
number of protected paths set: 15
needed_slices: 18
paths: {0 1}
slices required:
{3 3}
slices start:
{68 33}
tuples:
{27 27}
dist: 329
dist: 365

vlink src/dst: 6 12
number of protected paths set: 15
needed_slices: 24
paths: {0 12}
slices required:
{2 2}
slices start:
{21 41}
tuples:
{12 12}
dist: 419
dist: 603

vlink src/dst: 4 14
number of protected paths set: 3
