
12 second(s) taken for initialization

vlink src/dst: 8 14
number of protected paths set: 3
needed_slices: 30
paths: {0 19}
slices required:
{2 2}
slices start:
{0 0}
tuples:
{12 12}
dist: 548
dist: 715

vlink src/dst: 6 14
number of protected paths set: 3
needed_slices: 30
paths: {0 19}
slices required:
{2 2}
slices start:
{2 2}
tuples:
{12 12}
dist: 513
dist: 751

vlink src/dst: 5 14
number of protected paths set: 3
needed_slices: 90
paths: {3 3 3 14 14 14}
slices required:
{2 2 2 2 2 2}
slices start:
{4 6 8 4 6 8}
tuples:
{12 12 12 12 12 12}
dist: 604
dist: 604
dist: 604
dist: 677
dist: 677
dist: 677

vlink src/dst: 15 19
number of protected paths set: 15
needed_slices: 8
paths: {0 1}
slices required:
{2 2}
slices start:
{0 10}
tuples:
{20 12}
dist: 131
dist: 319

vlink src/dst: 14 17
number of protected paths set: 3
needed_slices: 40
paths: {1 1 3 3}
slices required:
{2 3 2 3}
slices start:
{10 12 12 14}
tuples:
{12 27 12 17}
dist: 317
dist: 317
dist: 520
dist: 520

vlink src/dst: 2 10
number of protected paths set: 15
needed_slices: 56
paths: {0 13 17}
slices required:
{2 2 2}
slices start:
{4 15 17}
tuples:
{12 12 6}
dist: 709
dist: 793
dist: 1229

vlink src/dst: 10 14
number of protected paths set: 3
needed_slices: 38
paths: {0 4}
slices required:
{2 2}
slices start:
{19 19}
tuples:
{12 6}
dist: 789
dist: 814

vlink src/dst: 17 19
number of protected paths set: 15
needed_slices: 11
paths: {0 1}
slices required:
{2 3}
slices start:
{10 21}
tuples:
{29 27}
dist: 58
dist: 355

vlink src/dst: 0 19
number of protected paths set: 15
needed_slices: 32
paths: {1 1 2 2}
slices required:
{2 2 2 2}
slices start:
{17 21 6 8}
tuples:
{20 20 20 20}
dist: 281
dist: 281
dist: 294
dist: 294

vlink src/dst: 9 11
number of protected paths set: 3
needed_slices: 14
paths: {0 3}
slices required:
{2 2}
slices start:
{0 23}
tuples:
{20 12}
dist: 155
dist: 334

vlink src/dst: 1 9
number of protected paths set: 3
needed_slices: 27
paths: {1 4}
slices required:
{3 3}
slices start:
{6 25}
tuples:
{27 27}
dist: 353
dist: 399

vlink src/dst: 3 19
number of protected paths set: 15
needed_slices: 66
paths: {0 0 0 3 3 3}
slices required:
{2 2 2 2 2 2}
slices start:
{10 17 21 28 30 32}
tuples:
{12 12 12 12 12 12}
dist: 489
dist: 489
dist: 489
dist: 520
dist: 520
dist: 520

vlink src/dst: 9 12
number of protected paths set: 3
needed_slices: 24
paths: {0 11}
slices required:
{2 2}
slices start:
{2 34}
tuples:
{12 12}
dist: 523
dist: 587

vlink src/dst: 9 16
number of protected paths set: 3
needed_slices: 60
paths: {1 1 3 3}
slices required:
{2 3 2 3}
slices start:
{12 14 36 38}
tuples:
{12 18 12 17}
dist: 486
dist: 486
dist: 521
dist: 521

vlink src/dst: 0 17
number of protected paths set: 15
needed_slices: 20
paths: {0 8}
slices required:
{2 3}
slices start:
{4 41}
tuples:
{20 27}
dist: 173
dist: 353

vlink src/dst: 4 8
number of protected paths set: 3
needed_slices: 34
paths: {2 4}
slices required:
{2 2}
slices start:
{25 44}
tuples:
{12 12}
dist: 665
dist: 694

vlink src/dst: 15 17
number of protected paths set: 15
needed_slices: 14
paths: {0 1}
slices required:
{2 2}
slices start:
{46 28}
tuples:
{20 12}
dist: 189
dist: 301

vlink src/dst: 11 17
number of protected paths set: 15
needed_slices: 14
paths: {0 3}
slices required:
{2 2}
slices start:
{9 48}
tuples:
{20 20}
dist: 208
dist: 280

vlink src/dst: 9 13
number of protected paths set: 3
needed_slices: 106
paths: {0 2 2 15 15 15 15}
slices required:
{2 2 2 2 2 2 2}
slices start:
{23 30 32 11 13 41 46}
tuples:
{12 12 12 12 12 12 12}
dist: 582
dist: 600
dist: 600
dist: 752
dist: 752
dist: 752
dist: 752

vlink src/dst: 11 15
number of protected paths set: 15
needed_slices: 8
paths: {0 1}
slices required:
{2 2}
slices start:
{12 23}
tuples:
{29 12}
dist: 88
dist: 354

vlink src/dst: 5 19
number of protected paths set: 15
needed_slices: 56
paths: {0 0 12 12 12}
slices required:
{2 3 2 2 2}
slices start:
{50 52 50 52 54}
tuples:
{12 27 12 12 12}
dist: 345
dist: 345
dist: 536
dist: 536
dist: 536

vlink src/dst: 6 17
number of protected paths set: 15
needed_slices: 32
paths: {0 0 5 5}
slices required:
{2 2 2 3}
slices start:
{23 25 0 10}
tuples:
{20 20 12 27}
dist: 250
dist: 250
dist: 352
dist: 352

vlink src/dst: 6 11
number of protected paths set: 15
needed_slices: 45
paths: {0 0 4 4}
slices required:
{2 3 2 4}
slices start:
{17 19 27 34}
tuples:
{20 27 12 34}
dist: 250
dist: 250
dist: 328
dist: 328

vlink src/dst: 5 17
number of protected paths set: 15
needed_slices: 18
paths: {0 2}
slices required:
{2 3}
slices start:
{2 34}
tuples:
{20 27}
dist: 287
dist: 315

vlink src/dst: 10 17
number of protected paths set: 15
needed_slices: 96
paths: {1 1 1 2 2 2}
slices required:
{2 2 2 2 2 2}
slices start:
{43 48 50 37 39 48}
tuples:
{12 12 12 12 12 12}
dist: 551
dist: 551
dist: 551
dist: 559
dist: 559
dist: 559

vlink src/dst: 0 4
number of protected paths set: 3
needed_slices: 70
paths: {0 0 5 5}
slices required:
{2 3 2 3}
slices start:
{14 30 55 57}
tuples:
{12 18 12 17}
dist: 449
dist: 449
dist: 582
dist: 582

vlink src/dst: 0 15
number of protected paths set: 15
needed_slices: 10
paths: {0 4}
slices required:
{2 2}
slices start:
{33 0}
tuples:
{20 12}
dist: 160
dist: 371

vlink src/dst: 0 6
number of protected paths set: 15
needed_slices: 40
paths: {1 1 2 2}
slices required:
{2 3 2 3}
slices start:
{10 12 4 6}
tuples:
{20 27 20 27}
dist: 215
dist: 215
dist: 234
dist: 234

vlink src/dst: 6 16
number of protected paths set: 15
needed_slices: 46
paths: {0 10 10}
slices required:
{3 2 2}
slices start:
{9 46 56}
tuples:
{18 12 12}
dist: 484
dist: 618
dist: 618

vlink src/dst: 5 6
number of protected paths set: 15
needed_slices: 19
paths: {0 0 2 2}
slices required:
{2 2 2 3}
slices start:
{2 13 15 27}
tuples:
{29 29 20 27}
dist: 61
dist: 61
dist: 292
dist: 292

vlink src/dst: 15 18
number of protected paths set: 15
needed_slices: 84
paths: {2 2 2 9 9 9}
slices required:
{2 2 3 2 2 3}
slices start:
{44 58 60 28 41 45}
tuples:
{12 12 17 12 12 17}
dist: 507
dist: 507
dist: 507
dist: 599
dist: 599
dist: 599

vlink src/dst: 4 10
number of protected paths set: 3
needed_slices: 76
paths: {2 2 9 9}
slices required:
{2 2 2 2}
slices start:
{63 65 0 2}
tuples:
{6 6 6 6}
dist: 816
dist: 816
dist: 873
dist: 873

vlink src/dst: 3 4
number of protected paths set: 3
needed_slices: 30
paths: {2 7}
slices required:
{2 2}
slices start:
{67 6}
tuples:
{12 12}
dist: 727
dist: 772

vlink src/dst: 10 15
number of protected paths set: 15
needed_slices: 72
paths: {4 4 4 5 5 5}
slices required:
{2 2 2 2 2 2}
slices start:
{69 71 73 36 38 52}
tuples:
{12 12 12 12 12 12}
dist: 549
dist: 549
dist: 549
dist: 556
dist: 556
dist: 556

vlink src/dst: 10 11
number of protected paths set: 15
needed_slices: 55
paths: {0 0 5 5}
slices required:
{2 3 2 3}
slices start:
{54 63 0 21}
tuples:
{12 27 12 17}
dist: 370
dist: 370
dist: 501
dist: 501

vlink src/dst: 0 3
number of protected paths set: 15
needed_slices: 24
paths: {0 0 1 1}
slices required:
{2 2 2 2}
slices start:
{2 9 8 12}
tuples:
{20 20 20 20}
dist: 278
dist: 278
dist: 290
dist: 290

vlink src/dst: 5 12
number of protected paths set: 15
needed_slices: 84
paths: {1 1 1 9 9 9}
slices required:
{2 2 2 2 2 2}
slices start:
{17 19 21 75 77 79}
tuples:
{12 12 12 12 12 12}
dist: 597
dist: 597
dist: 597
dist: 747
dist: 747
dist: 747

vlink src/dst: 3 5
number of protected paths set: 15
needed_slices: 44
paths: {2 2 6 6}
slices required:
{2 2 2 2}
slices start:
{56 81 6 8}
tuples:
{12 12 12 12}
dist: 360
dist: 360
dist: 447
dist: 447

vlink src/dst: 0 18
number of protected paths set: 15
needed_slices: 55
paths: {0 0 3 3 3}
slices required:
{2 3 2 2 2}
slices start:
{11 24 25 34 56}
tuples:
{12 27 12 12 12}
dist: 325
dist: 325
dist: 434
dist: 434
dist: 434

vlink src/dst: 6 13
number of protected paths set: 15
needed_slices: 28
paths: {2 6}
slices required:
{2 2}
slices start:
{13 58}
tuples:
{12 12}
dist: 582
dist: 597

vlink src/dst: 8 13
number of protected paths set: 3
needed_slices: 49
paths: {2 11 11}
slices required:
{3 2 2}
slices start:
{41 60 62}
tuples:
{17 12 12}
dist: 547
dist: 633
dist: 633

vlink src/dst: 3 8
number of protected paths set: 3
needed_slices: 20
paths: {1 6}
slices required:
{2 2}
slices start:
{29 64}
tuples:
{20 12}
dist: 271
dist: 402

vlink src/dst: 5 7
number of protected paths set: 15
needed_slices: 30
paths: {3 4}
slices required:
{2 2}
slices start:
{31 2}
tuples:
{12 12}
dist: 586
dist: 612

vlink src/dst: 13 19
number of protected paths set: 15
needed_slices: 44
paths: {0 7 13}
slices required:
{2 2 2}
slices start:
{19 66 21}
tuples:
{12 12 6}
dist: 644
dist: 714
dist: 908

vlink src/dst: 1 18
number of protected paths set: 15
needed_slices: 66
paths: {1 1 1 2 2 2}
slices required:
{2 2 2 2 2 2}
slices start:
{4 50 54 58 60 67}
tuples:
{12 12 12 12 12 12}
dist: 447
dist: 447
dist: 447
dist: 483
dist: 483
dist: 483

vlink src/dst: 12 15
number of protected paths set: 15
needed_slices: 12
paths: {0 1}
slices required:
{2 2}
slices start:
{4 4}
tuples:
{12 12}
dist: 332
dist: 343

vlink src/dst: 0 16
number of protected paths set: 15
needed_slices: 16
paths: {0 2}
slices required:
{2 2}
slices start:
{30 81}
tuples:
{12 12}
dist: 348
dist: 438

vlink src/dst: 7 11
number of protected paths set: 15
needed_slices: 66
paths: {4 4 4 6 6 6}
slices required:
{2 2 2 2 2 2}
slices start:
{16 18 35 48 50 75}
tuples:
{12 12 12 12 12 12}
dist: 575
dist: 575
dist: 575
dist: 580
dist: 580
dist: 580

vlink src/dst: 0 10
number of protected paths set: 15
needed_slices: 60
paths: {0 0 2 2}
slices required:
{2 4 2 4}
slices start:
{52 75 14 69}
tuples:
{12 34 12 34}
dist: 367
dist: 367
dist: 391
dist: 391

vlink src/dst: 0 7
number of protected paths set: 15
needed_slices: 50
paths: {1 1 10 10}
slices required:
{2 3 2 3}
slices start:
{37 69 73 77}
tuples:
{12 18 12 17}
dist: 497
dist: 497
dist: 590
dist: 590

vlink src/dst: 12 18
number of protected paths set: 15
needed_slices: 72
paths: {1 1 11 11 13 13}
slices required:
{2 2 2 2 2 2}
slices start:
{80 82 79 81 48 63}
tuples:
{12 12 12 12 12 12}
dist: 542
dist: 542
dist: 717
dist: 717
dist: 754
dist: 754

vlink src/dst: 7 8
number of protected paths set: 3
needed_slices: 90
paths: {0 0 0 18 18 18}
slices required:
{2 2 2 2 2 2}
slices start:
{83 85 87 83 85 87}
tuples:
{12 12 12 12 12 12}
dist: 483
dist: 483
dist: 483
dist: 710
dist: 710
dist: 710

vlink src/dst: 12 19
number of protected paths set: 15
needed_slices: 60
paths: {1 1 1 7 7 7}
slices required:
{2 2 2 2 2 2}
slices start:
{30 32 56 23 25 27}
tuples:
{12 12 12 12 12 12}
dist: 472
dist: 472
dist: 472
dist: 617
dist: 617
dist: 617

vlink src/dst: 10 12
number of protected paths set: 15
needed_slices: 24
paths: {0 11}
slices required:
{2 2}
slices start:
{75 89}
tuples:
{12 12}
dist: 434
dist: 684

vlink src/dst: 3 13
number of protected paths set: 15
needed_slices: 10
paths: {0 1}
slices required:
{2 2}
slices start:
{0 48}
tuples:
{20 20}
dist: 229
dist: 292

vlink src/dst: 2 4
number of protected paths set: 3
needed_slices: 27
paths: {0 3}
slices required:
{3 3}
slices start:
{21 33}
tuples:
{27 17}
dist: 336
dist: 533

vlink src/dst: 14 16
number of protected paths set: 3
needed_slices: 18
paths: {0 5}
slices required:
{2 2}
slices start:
{10 58}
tuples:
{12 12}
dist: 460
dist: 627

vlink src/dst: 1 16
number of protected paths set: 15
needed_slices: 12
paths: {0 0 1 1}
slices required:
{2 2 2 2}
slices start:
{0 2 0 6}
tuples:
{20 20 20 20}
dist: 133
dist: 133
dist: 249
dist: 249

vlink src/dst: 5 8
number of protected paths set: 3
needed_slices: 20
paths: {0 0 1 1}
slices required:
{2 2 2 2}
slices start:
{15 17 15 23}
tuples:
{29 29 20 20}
dist: 96
dist: 96
dist: 150
dist: 150

vlink src/dst: 7 13
number of protected paths set: 15
needed_slices: 15
paths: {0 0 1 1}
slices required:
{2 3 2 3}
slices start:
{0 2 2 4}
tuples:
{20 28 20 28}
dist: 123
dist: 123
dist: 184
dist: 184
42 second(s) taken for solution
54 second(s) taken in total
cost = 2467

