
17 second(s) taken for initialization

vlink src/dst: 6 18
number of protected paths set: 3
needed_slices: 16
paths: {1 2}
slices required:
{2 2}
slices start:
{0 0}
tuples:
{20 12}
dist: 285
dist: 376

vlink src/dst: 1 9
number of protected paths set: 3
needed_slices: 20
paths: {0 0 1 1}
slices required:
{2 3 2 3}
slices start:
{2 4 2 4}
tuples:
{20 28 20 27}
dist: 123
dist: 123
dist: 290
dist: 290

vlink src/dst: 13 18
number of protected paths set: 3
needed_slices: 61
paths: {0 0 7 7 7}
slices required:
{2 3 2 2 2}
slices start:
{7 9 2 4 6}
tuples:
{12 27 12 12 12}
dist: 306
dist: 306
dist: 490
dist: 490
dist: 490

vlink src/dst: 6 19
number of protected paths set: 15
needed_slices: 30
paths: {0 15}
slices required:
{2 2}
slices start:
{8 0}
tuples:
{12 6}
dist: 786
dist: 963

vlink src/dst: 1 3
number of protected paths set: 3
needed_slices: 30
paths: {0 3}
slices required:
{2 2}
slices start:
{12 12}
tuples:
{12 12}
dist: 765
dist: 788

vlink src/dst: 0 18
number of protected paths set: 3
needed_slices: 78
paths: {0 1 1 10 10 10}
slices required:
{2 2 2 2 2 3}
slices start:
{8 10 14 14 16 18}
tuples:
{12 12 12 12 12 17}
dist: 436
dist: 454
dist: 454
dist: 549
dist: 549
dist: 549

vlink src/dst: 8 13
number of protected paths set: 15
needed_slices: 33
paths: {0 3}
slices required:
{3 3}
slices start:
{21 21}
tuples:
{27 18}
dist: 351
dist: 444

vlink src/dst: 2 18
number of protected paths set: 3
needed_slices: 72
paths: {1 1 1 17 17 17}
slices required:
{2 2 2 2 2 2}
slices start:
{16 18 24 24 26 28}
tuples:
{12 12 12 12 12 12}
dist: 443
dist: 443
dist: 443
dist: 604
dist: 604
dist: 604

vlink src/dst: 5 18
number of protected paths set: 3
needed_slices: 28
paths: {0 0 3 3}
slices required:
{2 2 2 2}
slices start:
{2 4 26 28}
tuples:
{20 20 20 20}
dist: 219
dist: 219
dist: 257
dist: 257

vlink src/dst: 6 15
number of protected paths set: 3
needed_slices: 64
paths: {2 2 5 5}
slices required:
{2 2 2 2}
slices start:
{7 9 30 32}
tuples:
{12 12 12 12}
dist: 517
dist: 517
dist: 555
dist: 555

vlink src/dst: 5 8
number of protected paths set: 15
needed_slices: 12
paths: {0 1}
slices required:
{2 2}
slices start:
{6 0}
tuples:
{20 20}
dist: 201
dist: 211

vlink src/dst: 15 18
number of protected paths set: 3
needed_slices: 60
paths: {2 2 5 5}
slices required:
{2 3 2 3}
slices start:
{34 36 34 36}
tuples:
{12 27 12 27}
dist: 343
dist: 343
dist: 363
dist: 363

vlink src/dst: 1 19
number of protected paths set: 15
needed_slices: 96
paths: {4 4 4 12 12 12}
slices required:
{2 2 2 2 2 2}
slices start:
{2 4 11 39 41 43}
tuples:
{12 12 12 12 12 12}
dist: 681
dist: 681
dist: 681
dist: 767
dist: 767
dist: 767

vlink src/dst: 10 17
number of protected paths set: 15
needed_slices: 14
paths: {0 1}
slices required:
{2 2}
slices start:
{0 45}
tuples:
{20 20}
dist: 219
dist: 271

vlink src/dst: 1 5
number of protected paths set: 15
needed_slices: 10
paths: {0 2}
slices required:
{2 2}
slices start:
{0 13}
tuples:
{20 20}
dist: 166
dist: 271

vlink src/dst: 9 13
number of protected paths set: 3
needed_slices: 16
paths: {0 3}
slices required:
{2 2}
slices start:
{11 34}
tuples:
{20 12}
dist: 298
dist: 539

vlink src/dst: 4 6
number of protected paths set: 15
needed_slices: 96
paths: {7 7 7 8 8 8}
slices required:
{2 2 2 2 2 2}
slices start:
{47 49 51 15 17 19}
tuples:
{12 12 12 12 12 12}
dist: 600
dist: 600
dist: 600
dist: 610
dist: 610
dist: 610

vlink src/dst: 1 2
number of protected paths set: 15
needed_slices: 36
paths: {1 5}
slices required:
{3 3}
slices start:
{53 36}
tuples:
{18 17}
dist: 496
dist: 550

vlink src/dst: 4 8
number of protected paths set: 15
needed_slices: 45
paths: {0 0 11 11}
slices required:
{2 2 2 3}
slices start:
{56 58 21 23}
tuples:
{20 20 12 18}
dist: 262
dist: 262
dist: 454
dist: 454

vlink src/dst: 8 11
number of protected paths set: 3
needed_slices: 82
paths: {2 2 14 14 14}
slices required:
{2 2 2 2 2}
slices start:
{60 62 26 28 30}
tuples:
{12 12 6 6 6}
dist: 513
dist: 513
dist: 918
dist: 918
dist: 918

vlink src/dst: 6 10
number of protected paths set: 15
needed_slices: 51
paths: {0 0 4 4 4}
slices required:
{2 3 2 2 2}
slices start:
{10 39 64 66 68}
tuples:
{12 27 12 12 12}
dist: 339
dist: 339
dist: 446
dist: 446
dist: 446

vlink src/dst: 12 17
number of protected paths set: 15
needed_slices: 8
paths: {0 1}
slices required:
{2 2}
slices start:
{2 0}
tuples:
{20 12}
dist: 131
dist: 319

vlink src/dst: 8 15
number of protected paths set: 3
needed_slices: 44
paths: {1 1 2 2}
slices required:
{2 2 2 3}
slices start:
{70 72 32 39}
tuples:
{20 20 12 27}
dist: 269
dist: 269
dist: 305
dist: 305

vlink src/dst: 2 6
number of protected paths set: 15
needed_slices: 76
paths: {0 1 1 5 5 10}
slices required:
{2 2 2 2 2 2}
slices start:
{21 45 56 8 30 74}
tuples:
{12 12 12 12 12 12}
dist: 607
dist: 627
dist: 627
dist: 681
dist: 681
dist: 719

vlink src/dst: 1 16
number of protected paths set: 15
needed_slices: 50
paths: {0 0 1 1}
slices required:
{2 3 2 3}
slices start:
{42 44 8 10}
tuples:
{12 27 12 27}
dist: 359
dist: 359
dist: 364
dist: 364

vlink src/dst: 12 14
number of protected paths set: 15
needed_slices: 16
paths: {0 0 1 1}
slices required:
{2 2 2 2}
slices start:
{0 2 12 26}
tuples:
{20 20 20 20}
dist: 153
dist: 153
dist: 289
dist: 289

vlink src/dst: 4 12
number of protected paths set: 15
needed_slices: 18
paths: {2 7}
slices required:
{2 2}
slices start:
{14 4}
tuples:
{12 12}
dist: 409
dist: 466

vlink src/dst: 10 13
number of protected paths set: 15
needed_slices: 41
paths: {1 4 4}
slices required:
{3 2 2}
slices start:
{32 76 78}
tuples:
{27 12 12}
dist: 329
dist: 469
dist: 469

vlink src/dst: 4 5
number of protected paths set: 15
needed_slices: 54
paths: {2 2 4 4}
slices required:
{2 4 2 4}
slices start:
{0 21 6 39}
tuples:
{12 34 12 34}
dist: 321
dist: 321
dist: 355
dist: 355

vlink src/dst: 0 17
number of protected paths set: 15
needed_slices: 60
paths: {0 0 9 9 9}
slices required:
{2 4 2 2 3}
slices start:
{6 30 12 24 26}
tuples:
{12 34 12 12 17}
dist: 385
dist: 385
dist: 585
dist: 585
dist: 585

vlink src/dst: 7 13
number of protected paths set: 15
needed_slices: 24
paths: {0 7}
slices required:
{3 3}
slices start:
{29 39}
tuples:
{27 17}
dist: 400
dist: 511

vlink src/dst: 10 16
number of protected paths set: 15
needed_slices: 43
paths: {0 1 5 5}
slices required:
{2 2 2 3}
slices start:
{2 6 30 47}
tuples:
{20 12 12 27}
dist: 282
dist: 304
dist: 389
dist: 389

vlink src/dst: 3 5
number of protected paths set: 3
needed_slices: 139
paths: {0 0 2 12 14 14 14}
slices required:
{2 2 3 3 2 2 2}
slices start:
{8 32 58 53 80 82 84}
tuples:
{12 12 11 11 6 6 6}
dist: 750
dist: 750
dist: 806
dist: 854
dist: 891
dist: 891
dist: 891

vlink src/dst: 0 15
number of protected paths set: 3
needed_slices: 42
paths: {1 6}
slices required:
{3 3}
slices start:
{10 53}
tuples:
{18 17}
dist: 492
dist: 558

vlink src/dst: 2 15
number of protected paths set: 3
needed_slices: 24
paths: {7 9}
slices required:
{2 2}
slices start:
{16 0}
tuples:
{12 12}
dist: 519
dist: 529

vlink src/dst: 11 12
number of protected paths set: 3
needed_slices: 26
paths: {0 15}
slices required:
{2 2}
slices start:
{35 18}
tuples:
{12 6}
dist: 509
dist: 855

vlink src/dst: 10 11
number of protected paths set: 3
needed_slices: 24
paths: {2 15}
slices required:
{2 2}
slices start:
{16 0}
tuples:
{12 12}
dist: 501
dist: 665

vlink src/dst: 4 7
number of protected paths set: 15
needed_slices: 23
paths: {0 0 2 2}
slices required:
{2 2 2 3}
slices start:
{2 8 2 26}
tuples:
{20 20 12 27}
dist: 196
dist: 196
dist: 335
dist: 335

vlink src/dst: 4 14
number of protected paths set: 15
needed_slices: 32
paths: {0 0 7 7}
slices required:
{2 2 2 2}
slices start:
{28 30 4 34}
tuples:
{12 12 12 12}
dist: 309
dist: 309
dist: 487
dist: 487

vlink src/dst: 0 16
number of protected paths set: 15
needed_slices: 22
paths: {0 10}
slices required:
{2 2}
slices start:
{47 2}
tuples:
{12 12}
dist: 433
dist: 610

vlink src/dst: 3 15
number of protected paths set: 3
needed_slices: 96
paths: {3 3 3 15 15 15}
slices required:
{2 2 2 2 2 2}
slices start:
{61 63 65 56 61 63}
tuples:
{12 12 12 12 12 12}
dist: 690
dist: 690
dist: 690
dist: 775
dist: 775
dist: 775

vlink src/dst: 10 19
number of protected paths set: 15
needed_slices: 77
paths: {4 4 4 6 6 6}
slices required:
{2 2 3 2 2 3}
slices start:
{18 34 36 4 20 47}
tuples:
{12 12 17 12 12 17}
dist: 575
dist: 575
dist: 575
dist: 580
dist: 580
dist: 580

vlink src/dst: 0 10
number of protected paths set: 15
needed_slices: 32
paths: {0 0 3 3}
slices required:
{2 2 2 3}
slices start:
{2 42 37 42}
tuples:
{20 20 12 27}
dist: 299
dist: 299
dist: 393
dist: 393

vlink src/dst: 3 17
number of protected paths set: 3
needed_slices: 30
paths: {0 13}
slices required:
{2 2}
slices start:
{49 86}
tuples:
{12 6}
dist: 707
dist: 844

vlink src/dst: 0 7
number of protected paths set: 15
needed_slices: 28
paths: {0 0 1 1}
slices required:
{2 3 2 4}
slices start:
{0 44 6 67}
tuples:
{20 27 12 34}
dist: 214
dist: 214
dist: 308
dist: 308

vlink src/dst: 3 10
number of protected paths set: 3
needed_slices: 60
paths: {2 2 2 5 5 5}
slices required:
{2 2 2 2 2 2}
slices start:
{22 37 50 51 67 69}
tuples:
{12 12 12 12 12 12}
dist: 598
dist: 598
dist: 598
dist: 669
dist: 669
dist: 669

vlink src/dst: 0 4
number of protected paths set: 15
needed_slices: 52
paths: {0 0 3 3 3}
slices required:
{2 4 2 2 3}
slices start:
{32 76 71 73 75}
tuples:
{12 34 12 12 18}
dist: 381
dist: 381
dist: 414
dist: 414
dist: 414

vlink src/dst: 15 19
number of protected paths set: 3
needed_slices: 30
paths: {0 17}
slices required:
{2 2}
slices start:
{67 4}
tuples:
{12 12}
dist: 483
dist: 710

vlink src/dst: 2 7
number of protected paths set: 15
needed_slices: 13
paths: {0 1}
slices required:
{2 3}
slices start:
{14 56}
tuples:
{20 27}
dist: 203
dist: 319

vlink src/dst: 11 14
number of protected paths set: 3
needed_slices: 83
paths: {0 0 0 17 17 17 17}
slices required:
{2 2 3 2 2 2 2}
slices start:
{32 64 88 59 61 63 65}
tuples:
{12 12 18 12 12 12 12}
dist: 449
dist: 449
dist: 449
dist: 701
dist: 701
dist: 701
dist: 701

vlink src/dst: 2 4
number of protected paths set: 15
needed_slices: 21
paths: {0 11}
slices required:
{2 3}
slices start:
{8 80}
tuples:
{20 17}
dist: 279
dist: 517

vlink src/dst: 0 11
number of protected paths set: 3
needed_slices: 62
paths: {0 0 2 5 13 13}
slices required:
{2 2 2 2 2 2}
slices start:
{47 49 78 13 2 6}
tuples:
{12 12 12 12 12 12}
dist: 385
dist: 385
dist: 550
dist: 599
dist: 661
dist: 661

vlink src/dst: 12 13
number of protected paths set: 15
needed_slices: 16
paths: {0 0 1 1}
slices required:
{2 2 2 2}
slices start:
{2 4 10 35}
tuples:
{20 20 20 20}
dist: 227
dist: 227
dist: 243
dist: 243

vlink src/dst: 0 13
number of protected paths set: 15
needed_slices: 35
paths: {0 0 2 2}
slices required:
{2 3 2 3}
slices start:
{45 47 83 85}
tuples:
{12 27 12 18}
dist: 384
dist: 384
dist: 485
dist: 485

vlink src/dst: 4 11
number of protected paths set: 3
needed_slices: 46
paths: {0 0 10 10}
slices required:
{2 2 2 3}
slices start:
{0 6 43 69}
tuples:
{20 20 12 17}
dist: 231
dist: 231
dist: 590
dist: 590

vlink src/dst: 3 4
number of protected paths set: 3
needed_slices: 60
paths: {1 1 1 4 4 4}
slices required:
{2 2 2 2 2 2}
slices start:
{14 16 24 29 36 72}
tuples:
{12 12 12 12 12 12}
dist: 530
dist: 530
dist: 530
dist: 584
dist: 584
dist: 584

vlink src/dst: 2 19
number of protected paths set: 15
needed_slices: 13
paths: {0 1}
slices required:
{2 3}
slices start:
{8 88}
tuples:
{20 27}
dist: 280
dist: 312

vlink src/dst: 3 19
number of protected paths set: 3
needed_slices: 28
paths: {0 0 3 3}
slices required:
{2 2 2 3}
slices start:
{10 26 39 74}
tuples:
{20 20 12 17}
dist: 264
dist: 264
dist: 533
dist: 533

vlink src/dst: 3 14
number of protected paths set: 3
needed_slices: 14
paths: {1 3}
slices required:
{2 2}
slices start:
{88 0}
tuples:
{12 12}
dist: 501
dist: 532

vlink src/dst: 2 14
number of protected paths set: 15
needed_slices: 13
paths: {0 5}
slices required:
{2 3}
slices start:
{39 2}
tuples:
{20 18}
dist: 203
dist: 484
46 second(s) taken for solution
63 second(s) taken in total
cost = 2525

