
17 second(s) taken for initialization

vlink src/dst: 7 12
number of protected paths set: 3
needed_slices: 18
paths: {0 1}
slices required:
{2 2}
slices start:
{0 0}
tuples:
{20 12}
dist: 296
dist: 344

vlink src/dst: 3 7
number of protected paths set: 15
needed_slices: 28
paths: {0 0 2 2}
slices required:
{2 2 2 3}
slices start:
{2 4 2 4}
tuples:
{20 20 12 27}
dist: 184
dist: 184
dist: 305
dist: 305

vlink src/dst: 2 3
number of protected paths set: 15
needed_slices: 27
paths: {1 2}
slices required:
{3 3}
slices start:
{6 7}
tuples:
{27 27}
dist: 302
dist: 309

vlink src/dst: 4 7
number of protected paths set: 3
needed_slices: 72
paths: {0 0 0 15 15 15}
slices required:
{2 2 2 2 2 2}
slices start:
{9 11 13 10 12 14}
tuples:
{12 12 12 12 12 12}
dist: 420
dist: 420
dist: 420
dist: 647
dist: 647
dist: 647

vlink src/dst: 2 12
number of protected paths set: 3
needed_slices: 54
paths: {0 0 3 3}
slices required:
{2 2 2 3}
slices start:
{2 4 16 18}
tuples:
{20 20 12 27}
dist: 285
dist: 285
dist: 373
dist: 373

vlink src/dst: 2 7
number of protected paths set: 15
needed_slices: 10
paths: {0 1}
slices required:
{2 2}
slices start:
{0 21}
tuples:
{20 20}
dist: 118
dist: 128

vlink src/dst: 3 14
number of protected paths set: 15
needed_slices: 33
paths: {0 3}
slices required:
{3 3}
slices start:
{10 15}
tuples:
{18 18}
dist: 443
dist: 499

vlink src/dst: 2 13
number of protected paths set: 15
needed_slices: 41
paths: {0 0 5 5}
slices required:
{2 2 2 3}
slices start:
{23 25 18 20}
tuples:
{20 20 12 27}
dist: 248
dist: 248
dist: 363
dist: 363

vlink src/dst: 6 12
number of protected paths set: 3
needed_slices: 32
paths: {0 0 8 8}
slices required:
{2 2 2 2}
slices start:
{6 8 2 4}
tuples:
{20 20 12 12}
dist: 120
dist: 120
dist: 407
dist: 407

vlink src/dst: 9 12
number of protected paths set: 3
needed_slices: 24
paths: {2 5}
slices required:
{2 2}
slices start:
{27 10}
tuples:
{12 12}
dist: 329
dist: 377

vlink src/dst: 3 19
number of protected paths set: 15
needed_slices: 41
paths: {0 0 11 11}
slices required:
{2 2 2 3}
slices start:
{16 23 23 29}
tuples:
{20 20 12 27}
dist: 248
dist: 248
dist: 368
dist: 368

vlink src/dst: 1 7
number of protected paths set: 15
needed_slices: 28
paths: {0 6}
slices required:
{2 2}
slices start:
{25 32}
tuples:
{12 12}
dist: 540
dist: 647

vlink src/dst: 4 9
number of protected paths set: 3
needed_slices: 66
paths: {1 1 1 16 16 16}
slices required:
{2 2 2 2 2 2}
slices start:
{0 21 27 0 6 8}
tuples:
{12 12 12 12 12 12}
dist: 452
dist: 452
dist: 452
dist: 563
dist: 563
dist: 563

vlink src/dst: 6 8
number of protected paths set: 15
needed_slices: 12
paths: {0 0 1 1}
slices required:
{2 2 2 2}
slices start:
{0 13 0 6}
tuples:
{29 29 20 20}
dist: 50
dist: 50
dist: 159
dist: 159

vlink src/dst: 3 5
number of protected paths set: 15
needed_slices: 50
paths: {1 1 7 7}
slices required:
{2 3 2 3}
slices start:
{25 29 34 36}
tuples:
{12 27 12 27}
dist: 333
dist: 333
dist: 398
dist: 398

vlink src/dst: 6 13
number of protected paths set: 15
needed_slices: 12
paths: {0 1}
slices required:
{2 2}
slices start:
{18 12}
tuples:
{20 20}
dist: 157
dist: 237

vlink src/dst: 8 19
number of protected paths set: 15
needed_slices: 6
paths: {0 1}
slices required:
{2 2}
slices start:
{2 15}
tuples:
{29 20}
dist: 85
dist: 124

vlink src/dst: 6 7
number of protected paths set: 15
needed_slices: 16
paths: {1 4}
slices required:
{2 2}
slices start:
{39 32}
tuples:
{20 12}
dist: 276
dist: 343

vlink src/dst: 7 19
number of protected paths set: 15
needed_slices: 54
paths: {0 0 5 5}
slices required:
{2 4 2 4}
slices start:
{41 43 10 12}
tuples:
{12 34 12 34}
dist: 311
dist: 311
dist: 382
dist: 382

vlink src/dst: 5 13
number of protected paths set: 15
needed_slices: 36
paths: {1 1 5 5}
slices required:
{2 2 2 3}
slices start:
{20 34 47 49}
tuples:
{20 20 12 27}
dist: 277
dist: 277
dist: 351
dist: 351

vlink src/dst: 13 16
number of protected paths set: 15
needed_slices: 22
paths: {0 8}
slices required:
{2 2}
slices start:
{29 27}
tuples:
{12 12}
dist: 443
dist: 546

vlink src/dst: 8 18
number of protected paths set: 15
needed_slices: 40
paths: {0 0 7 7}
slices required:
{2 2 2 3}
slices start:
{25 41 52 54}
tuples:
{20 20 12 27}
dist: 260
dist: 260
dist: 381
dist: 381

vlink src/dst: 4 16
number of protected paths set: 3
needed_slices: 34
paths: {1 13}
slices required:
{2 2}
slices start:
{34 16}
tuples:
{12 12}
dist: 642
dist: 749

vlink src/dst: 6 9
number of protected paths set: 15
needed_slices: 8
paths: {0 1}
slices required:
{2 2}
slices start:
{6 2}
tuples:
{20 20}
dist: 135
dist: 248

vlink src/dst: 5 18
number of protected paths set: 15
needed_slices: 24
paths: {0 9}
slices required:
{2 3}
slices start:
{16 57}
tuples:
{20 18}
dist: 219
dist: 457

vlink src/dst: 8 9
number of protected paths set: 15
needed_slices: 27
paths: {0 0 5 5}
slices required:
{2 2 2 3}
slices start:
{43 45 4 36}
tuples:
{20 20 12 27}
dist: 185
dist: 185
dist: 317
dist: 317

vlink src/dst: 13 17
number of protected paths set: 3
needed_slices: 34
paths: {1 4}
slices required:
{2 2}
slices start:
{36 39}
tuples:
{12 12}
dist: 684
dist: 703

vlink src/dst: 0 13
number of protected paths set: 15
needed_slices: 78
paths: {1 1 1 7 7 7}
slices required:
{2 2 2 2 2 2}
slices start:
{47 49 51 6 23 29}
tuples:
{12 12 12 12 12 12}
dist: 606
dist: 606
dist: 606
dist: 663
dist: 663
dist: 663

vlink src/dst: 12 15
number of protected paths set: 3
needed_slices: 72
paths: {1 1 1 9 9 9}
slices required:
{2 2 2 2 2 2}
slices start:
{53 55 57 36 38 40}
tuples:
{12 12 12 12 12 12}
dist: 454
dist: 454
dist: 454
dist: 549
dist: 549
dist: 549

vlink src/dst: 0 12
number of protected paths set: 3
needed_slices: 26
paths: {1 7}
slices required:
{2 2}
slices start:
{59 31}
tuples:
{12 12}
dist: 569
dist: 650

vlink src/dst: 4 14
number of protected paths set: 3
needed_slices: 66
paths: {2 2 2 13 13 13}
slices required:
{2 2 2 2 2 2}
slices start:
{18 22 27 15 17 19}
tuples:
{12 12 12 12 12 12}
dist: 542
dist: 542
dist: 542
dist: 643
dist: 643
dist: 643

vlink src/dst: 6 11
number of protected paths set: 15
needed_slices: 10
paths: {0 4}
slices required:
{2 2}
slices start:
{20 0}
tuples:
{20 12}
dist: 160
dist: 371

vlink src/dst: 6 14
number of protected paths set: 15
needed_slices: 23
paths: {0 0 2 2}
slices required:
{2 2 2 3}
slices start:
{4 6 0 8}
tuples:
{20 20 12 27}
dist: 230
dist: 230
dist: 332
dist: 332

vlink src/dst: 8 14
number of protected paths set: 15
needed_slices: 14
paths: {1 3}
slices required:
{2 2}
slices start:
{61 20}
tuples:
{20 12}
dist: 298
dist: 383

vlink src/dst: 8 17
number of protected paths set: 3
needed_slices: 88
paths: {1 1 1 4 5 5}
slices required:
{2 2 3 2 2 2}
slices start:
{63 65 67 52 27 54}
tuples:
{12 12 17 12 12 12}
dist: 596
dist: 596
dist: 596
dist: 625
dist: 627
dist: 627

vlink src/dst: 16 18
number of protected paths set: 15
needed_slices: 17
paths: {0 0 2 2}
slices required:
{2 3 2 4}
slices start:
{0 2 0 2}
tuples:
{20 27 12 34}
dist: 228
dist: 228
dist: 339
dist: 339

vlink src/dst: 7 15
number of protected paths set: 15
needed_slices: 78
paths: {0 0 0 11 11 11}
slices required:
{2 2 2 2 2 2}
slices start:
{33 39 43 61 63 65}
tuples:
{12 12 12 12 12 12}
dist: 506
dist: 506
dist: 506
dist: 658
dist: 658
dist: 658

vlink src/dst: 0 2
number of protected paths set: 15
needed_slices: 24
paths: {4 12}
slices required:
{2 2}
slices start:
{21 23}
tuples:
{12 12}
dist: 536
dist: 680

vlink src/dst: 5 14
number of protected paths set: 15
needed_slices: 24
paths: {0 0 1 1}
slices required:
{2 2 2 3}
slices start:
{0 2 2 8}
tuples:
{20 20 12 27}
dist: 128
dist: 128
dist: 395
dist: 395

vlink src/dst: 4 11
number of protected paths set: 3
needed_slices: 8
paths: {0 1}
slices required:
{2 2}
slices start:
{42 2}
tuples:
{20 20}
dist: 206
dist: 243

vlink src/dst: 8 15
number of protected paths set: 15
needed_slices: 45
paths: {1 1 4 4}
slices required:
{2 3 2 3}
slices start:
{70 72 32 70}
tuples:
{12 27 12 18}
dist: 384
dist: 384
dist: 462
dist: 462

vlink src/dst: 4 13
number of protected paths set: 3
needed_slices: 18
paths: {0 9}
slices required:
{2 2}
slices start:
{44 75}
tuples:
{20 12}
dist: 199
dist: 527

vlink src/dst: 1 13
number of protected paths set: 15
needed_slices: 33
paths: {1 5}
slices required:
{3 3}
slices start:
{46 2}
tuples:
{18 18}
dist: 412
dist: 492

vlink src/dst: 1 6
number of protected paths set: 15
needed_slices: 24
paths: {1 2}
slices required:
{2 2}
slices start:
{25 61}
tuples:
{12 12}
dist: 401
dist: 434

vlink src/dst: 1 8
number of protected paths set: 15
needed_slices: 59
paths: {0 0 2 2 2}
slices required:
{2 3 2 2 2}
slices start:
{63 65 77 79 81}
tuples:
{12 27 12 12 12}
dist: 376
dist: 376
dist: 418
dist: 418
dist: 418

vlink src/dst: 0 18
number of protected paths set: 15
needed_slices: 72
paths: {4 4 4 7 7 7}
slices required:
{2 2 2 2 2 2}
slices start:
{45 47 49 5 11 13}
tuples:
{12 12 12 12 12 12}
dist: 581
dist: 581
dist: 581
dist: 634
dist: 634
dist: 634

vlink src/dst: 6 15
number of protected paths set: 15
needed_slices: 44
paths: {1 1 2 2 2}
slices required:
{2 3 2 2 2}
slices start:
{41 75 25 29 41}
tuples:
{12 27 12 12 12}
dist: 371
dist: 371
dist: 411
dist: 411
dist: 411

vlink src/dst: 1 5
number of protected paths set: 15
needed_slices: 40
paths: {0 0 7 7}
slices required:
{2 3 2 3}
slices start:
{43 83 4 11}
tuples:
{12 27 12 17}
dist: 400
dist: 400
dist: 511
dist: 511

vlink src/dst: 10 11
number of protected paths set: 15
needed_slices: 12
paths: {0 1}
slices required:
{2 2}
slices start:
{0 2}
tuples:
{12 12}
dist: 332
dist: 343

vlink src/dst: 17 19
number of protected paths set: 3
needed_slices: 72
paths: {0 0 0 9 9 9}
slices required:
{2 2 2 2 2 2}
slices start:
{45 78 80 18 34 38}
tuples:
{12 12 12 12 12 12}
dist: 511
dist: 511
dist: 511
dist: 649
dist: 649
dist: 649

vlink src/dst: 11 17
number of protected paths set: 3
needed_slices: 26
paths: {2 5}
slices required:
{2 2}
slices start:
{86 27}
tuples:
{12 12}
dist: 657
dist: 706

vlink src/dst: 15 19
number of protected paths set: 15
needed_slices: 14
paths: {1 4}
slices required:
{2 2}
slices start:
{35 88}
tuples:
{12 12}
dist: 342
dist: 394

vlink src/dst: 10 19
number of protected paths set: 15
needed_slices: 44
paths: {0 0 3 5 5}
slices required:
{2 4 2 2 2}
slices start:
{90 92 29 37 39}
tuples:
{12 34 12 12 12}
dist: 386
dist: 386
dist: 425
dist: 433
dist: 433

vlink src/dst: 10 16
number of protected paths set: 15
needed_slices: 72
paths: {0 0 0 10 10 10}
slices required:
{2 2 2 2 2 2}
slices start:
{0 21 43 18 23 25}
tuples:
{12 12 12 12 12 12}
dist: 476
dist: 476
dist: 476
dist: 641
dist: 641
dist: 641

vlink src/dst: 0 11
number of protected paths set: 15
needed_slices: 24
paths: {0 4}
slices required:
{3 3}
slices start:
{59 96}
tuples:
{18 17}
dist: 402
dist: 507

vlink src/dst: 0 9
number of protected paths set: 15
needed_slices: 18
paths: {0 4}
slices required:
{2 2}
slices start:
{27 51}
tuples:
{12 12}
dist: 457
dist: 510

vlink src/dst: 5 10
number of protected paths set: 15
needed_slices: 22
paths: {0 3 3}
slices required:
{3 2 2}
slices start:
{14 34 36}
tuples:
{27 12 12}
dist: 301
dist: 409
dist: 409

vlink src/dst: 1 10
number of protected paths set: 15
needed_slices: 16
paths: {0 5}
slices required:
{2 2}
slices start:
{2 33}
tuples:
{12 12}
dist: 415
dist: 572

vlink src/dst: 0 10
number of protected paths set: 15
needed_slices: 12
paths: {0 0 1 1}
slices required:
{2 2 2 2}
slices start:
{0 2 2 4}
tuples:
{20 20 20 20}
dist: 167
dist: 167
dist: 250
dist: 250

vlink src/dst: 16 17
number of protected paths set: 3
needed_slices: 21
paths: {0 1}
slices required:
{2 3}
slices start:
{2 0}
tuples:
{20 18}
dist: 241
dist: 496
41 second(s) taken for solution
58 second(s) taken in total
cost = 2065

