
16 second(s) taken for initialization

vlink src/dst: 16 18
number of protected paths set: 3
needed_slices: 32
paths: {2 5}
slices required:
{2 2}
slices start:
{0 0}
tuples:
{12 12}
dist: 517
dist: 555

vlink src/dst: 9 14
number of protected paths set: 15
needed_slices: 16
paths: {0 4}
slices required:
{2 2}
slices start:
{2 2}
tuples:
{20 12}
dist: 250
dist: 328

vlink src/dst: 3 14
number of protected paths set: 15
needed_slices: 24
paths: {0 0 2 2}
slices required:
{2 2 2 2}
slices start:
{4 6 4 6}
tuples:
{29 29 20 20}
dist: 94
dist: 94
dist: 222
dist: 222

vlink src/dst: 17 18
number of protected paths set: 3
needed_slices: 32
paths: {0 0 1 1}
slices required:
{2 2 2 2}
slices start:
{8 10 8 10}
tuples:
{20 20 20 20}
dist: 200
dist: 200
dist: 249
dist: 249

vlink src/dst: 3 16
number of protected paths set: 15
needed_slices: 32
paths: {2 6}
slices required:
{2 2}
slices start:
{12 2}
tuples:
{12 12}
dist: 522
dist: 548

vlink src/dst: 5 18
number of protected paths set: 3
needed_slices: 56
paths: {0 0 11 11 11}
slices required:
{2 3 2 2 2}
slices start:
{14 16 14 16 18}
tuples:
{12 27 12 12 12}
dist: 316
dist: 316
dist: 532
dist: 532
dist: 532

vlink src/dst: 3 11
number of protected paths set: 15
needed_slices: 40
paths: {2 2 6 6}
slices required:
{2 2 2 2}
slices start:
{20 22 14 16}
tuples:
{20 20 12 12}
dist: 284
dist: 284
dist: 339
dist: 339

vlink src/dst: 12 14
number of protected paths set: 15
needed_slices: 16
paths: {1 2}
slices required:
{2 2}
slices start:
{24 24}
tuples:
{20 20}
dist: 215
dist: 234

vlink src/dst: 7 16
number of protected paths set: 15
needed_slices: 28
paths: {1 8}
slices required:
{2 2}
slices start:
{2 26}
tuples:
{12 12}
dist: 538
dist: 599

vlink src/dst: 12 17
number of protected paths set: 15
needed_slices: 12
paths: {0 0 1 1}
slices required:
{2 2 2 2}
slices start:
{4 6 0 4}
tuples:
{29 29 20 20}
dist: 50
dist: 50
dist: 159
dist: 159

vlink src/dst: 11 13
number of protected paths set: 3
needed_slices: 32
paths: {2 14}
slices required:
{2 2}
slices start:
{12 2}
tuples:
{12 6}
dist: 513
dist: 918

vlink src/dst: 10 18
number of protected paths set: 3
needed_slices: 16
paths: {0 3}
slices required:
{2 2}
slices start:
{28 28}
tuples:
{20 12}
dist: 111
dist: 373

vlink src/dst: 0 18
number of protected paths set: 3
needed_slices: 55
paths: {0 0 9 9}
slices required:
{2 3 2 3}
slices start:
{30 32 30 32}
tuples:
{12 27 12 18}
dist: 315
dist: 315
dist: 460
dist: 460

vlink src/dst: 0 14
number of protected paths set: 15
needed_slices: 22
paths: {0 5}
slices required:
{2 2}
slices start:
{35 35}
tuples:
{12 12}
dist: 350
dist: 424

vlink src/dst: 7 12
number of protected paths set: 15
needed_slices: 23
paths: {0 12}
slices required:
{2 3}
slices start:
{37 26}
tuples:
{20 18}
dist: 210
dist: 432

vlink src/dst: 3 15
number of protected paths set: 15
needed_slices: 8
paths: {0 1}
slices required:
{2 2}
slices start:
{0 18}
tuples:
{20 20}
dist: 144
dist: 240

vlink src/dst: 13 19
number of protected paths set: 3
needed_slices: 129
paths: {2 2 2 16 16 16}
slices required:
{2 2 2 2 2 3}
slices start:
{14 16 39 0 4 6}
tuples:
{12 12 12 6 6 11}
dist: 735
dist: 735
dist: 735
dist: 997
dist: 997
dist: 997

vlink src/dst: 7 10
number of protected paths set: 15
needed_slices: 12
paths: {0 3}
slices required:
{2 2}
slices start:
{39 0}
tuples:
{20 12}
dist: 127
dist: 369

vlink src/dst: 13 17
number of protected paths set: 3
needed_slices: 26
paths: {1 15}
slices required:
{2 2}
slices start:
{20 9}
tuples:
{12 12}
dist: 479
dist: 751

vlink src/dst: 4 18
number of protected paths set: 3
needed_slices: 49
paths: {2 15 15}
slices required:
{3 2 2}
slices start:
{41 37 41}
tuples:
{17 12 12}
dist: 547
dist: 633
dist: 633

vlink src/dst: 3 10
number of protected paths set: 15
needed_slices: 8
paths: {0 1}
slices required:
{2 2}
slices start:
{0 12}
tuples:
{29 20}
dist: 52
dist: 271

vlink src/dst: 0 12
number of protected paths set: 15
needed_slices: 23
paths: {0 0 2 2}
slices required:
{2 2 2 3}
slices start:
{2 14 4 44}
tuples:
{20 20 12 27}
dist: 230
dist: 230
dist: 332
dist: 332

vlink src/dst: 0 17
number of protected paths set: 15
needed_slices: 32
paths: {1 1 3 3}
slices required:
{2 2 2 3}
slices start:
{20 22 22 47}
tuples:
{20 20 12 27}
dist: 298
dist: 298
dist: 383
dist: 383

vlink src/dst: 11 12
number of protected paths set: 15
needed_slices: 12
paths: {0 4}
slices required:
{2 2}
slices start:
{18 50}
tuples:
{29 12}
dist: 75
dist: 320

vlink src/dst: 5 11
number of protected paths set: 15
needed_slices: 41
paths: {0 0 6 6}
slices required:
{2 2 2 3}
slices start:
{29 31 4 6}
tuples:
{20 20 12 18}
dist: 290
dist: 290
dist: 445
dist: 445

vlink src/dst: 1 4
number of protected paths set: 15
needed_slices: 40
paths: {1 3 13}
slices required:
{2 2 2}
slices start:
{8 24 9}
tuples:
{12 12 6}
dist: 631
dist: 637
dist: 837

vlink src/dst: 15 17
number of protected paths set: 15
needed_slices: 8
paths: {0 1}
slices required:
{2 2}
slices start:
{33 11}
tuples:
{20 20}
dist: 152
dist: 172

vlink src/dst: 2 7
number of protected paths set: 15
needed_slices: 74
paths: {0 4 4 7 7 11}
slices required:
{2 2 2 2 2 2}
slices start:
{50 44 46 2 4 6}
tuples:
{12 12 12 12 12 12}
dist: 532
dist: 581
dist: 581
dist: 634
dist: 634
dist: 778

vlink src/dst: 5 10
number of protected paths set: 15
needed_slices: 45
paths: {0 0 7 7 7}
slices required:
{2 3 2 2 2}
slices start:
{4 6 0 6 14}
tuples:
{12 27 12 12 12}
dist: 309
dist: 309
dist: 487
dist: 487
dist: 487

vlink src/dst: 8 16
number of protected paths set: 15
needed_slices: 100
paths: {0 0 0 12 12 12 12}
slices required:
{2 2 2 2 2 2 2}
slices start:
{26 28 30 18 24 52 54}
tuples:
{12 12 12 6 6 6 6}
dist: 700
dist: 700
dist: 700
dist: 835
dist: 835
dist: 835
dist: 835

vlink src/dst: 8 17
number of protected paths set: 15
needed_slices: 54
paths: {0 0 0 6 6 6}
slices required:
{2 2 2 2 2 2}
slices start:
{35 37 41 0 56 58}
tuples:
{12 12 12 12 12 12}
dist: 428
dist: 428
dist: 428
dist: 515
dist: 515
dist: 515

vlink src/dst: 0 16
number of protected paths set: 15
needed_slices: 38
paths: {0 15 16}
slices required:
{2 2 2}
slices start:
{32 60 8}
tuples:
{12 12 12}
dist: 552
dist: 752
dist: 757

vlink src/dst: 11 17
number of protected paths set: 15
needed_slices: 16
paths: {0 0 1 1}
slices required:
{2 2 2 2}
slices start:
{4 6 4 6}
tuples:
{29 29 20 20}
dist: 25
dist: 25
dist: 284
dist: 284

vlink src/dst: 6 11
number of protected paths set: 15
needed_slices: 72
paths: {2 2 2 7 7 7}
slices required:
{2 2 2 2 2 2}
slices start:
{18 20 22 50 52 54}
tuples:
{12 12 12 12 12 12}
dist: 422
dist: 422
dist: 422
dist: 563
dist: 563
dist: 563

vlink src/dst: 5 12
number of protected paths set: 15
needed_slices: 23
paths: {0 0 2 2}
slices required:
{2 2 2 3}
slices start:
{0 9 2 11}
tuples:
{20 20 12 27}
dist: 215
dist: 215
dist: 316
dist: 316

vlink src/dst: 15 19
number of protected paths set: 3
needed_slices: 22
paths: {2 4}
slices required:
{2 2}
slices start:
{34 43}
tuples:
{12 12}
dist: 418
dist: 458

vlink src/dst: 6 17
number of protected paths set: 15
needed_slices: 18
paths: {0 7}
slices required:
{2 2}
slices start:
{36 56}
tuples:
{12 12}
dist: 308
dist: 537

vlink src/dst: 4 16
number of protected paths set: 15
needed_slices: 28
paths: {2 9}
slices required:
{2 2}
slices start:
{39 2}
tuples:
{12 6}
dist: 796
dist: 839

vlink src/dst: 5 9
number of protected paths set: 15
needed_slices: 8
paths: {0 1}
slices required:
{2 2}
slices start:
{36 20}
tuples:
{20 20}
dist: 198
dist: 243

vlink src/dst: 11 16
number of protected paths set: 15
needed_slices: 36
paths: {0 0 3 3}
slices required:
{2 2 2 3}
slices start:
{24 34 20 28}
tuples:
{20 20 12 27}
dist: 276
dist: 276
dist: 384
dist: 384

vlink src/dst: 16 17
number of protected paths set: 15
needed_slices: 18
paths: {2 4}
slices required:
{2 2}
slices start:
{9 41}
tuples:
{12 12}
dist: 355
dist: 428

vlink src/dst: 4 9
number of protected paths set: 15
needed_slices: 18
paths: {1 9}
slices required:
{2 2}
slices start:
{16 22}
tuples:
{12 12}
dist: 457
dist: 606

vlink src/dst: 1 16
number of protected paths set: 15
needed_slices: 39
paths: {0 0 4 4}
slices required:
{2 3 2 4}
slices start:
{36 45 4 11}
tuples:
{20 27 12 34}
dist: 244
dist: 244
dist: 395
dist: 395

vlink src/dst: 5 19
number of protected paths set: 3
needed_slices: 16
paths: {1 2}
slices required:
{2 2}
slices start:
{24 48}
tuples:
{12 12}
dist: 394
dist: 497

vlink src/dst: 2 3
number of protected paths set: 15
needed_slices: 54
paths: {0 0 0 4 4 4}
slices required:
{2 2 2 2 2 2}
slices start:
{10 16 18 11 19 24}
tuples:
{12 12 12 12 12 12}
dist: 457
dist: 457
dist: 457
dist: 510
dist: 510
dist: 510

vlink src/dst: 2 9
number of protected paths set: 15
needed_slices: 16
paths: {0 2}
slices required:
{2 2}
slices start:
{44 58}
tuples:
{12 12}
dist: 414
dist: 494

vlink src/dst: 5 13
number of protected paths set: 3
needed_slices: 68
paths: {0 0 1 18 19 19}
slices required:
{2 2 2 2 2 2}
slices start:
{58 60 26 62 16 28}
tuples:
{12 12 12 12 12 12}
dist: 449
dist: 449
dist: 486
dist: 693
dist: 701
dist: 701

vlink src/dst: 3 8
number of protected paths set: 15
needed_slices: 21
paths: {1 5}
slices required:
{3 3}
slices start:
{12 48}
tuples:
{27 18}
dist: 345
dist: 423

vlink src/dst: 3 4
number of protected paths set: 15
needed_slices: 58
paths: {0 1 1 7 7 7}
slices required:
{2 2 2 2 2 3}
slices start:
{22 20 26 52 54 64}
tuples:
{12 12 12 12 12 17}
dist: 434
dist: 441
dist: 441
dist: 508
dist: 508
dist: 508

vlink src/dst: 4 15
number of protected paths set: 15
needed_slices: 14
paths: {1 3}
slices required:
{2 2}
slices start:
{18 33}
tuples:
{12 12}
dist: 372
dist: 477

vlink src/dst: 2 15
number of protected paths set: 15
needed_slices: 12
paths: {0 4}
slices required:
{2 2}
slices start:
{46 2}
tuples:
{12 12}
dist: 329
dist: 471

vlink src/dst: 5 8
number of protected paths set: 15
needed_slices: 39
paths: {0 0 3 3 3}
slices required:
{2 3 2 2 2}
slices start:
{67 69 4 30 35}
tuples:
{12 27 12 12 12}
dist: 389
dist: 389
dist: 460
dist: 460
dist: 460

vlink src/dst: 8 13
number of protected paths set: 3
needed_slices: 12
paths: {0 1}
slices required:
{2 2}
slices start:
{10 11}
tuples:
{20 12}
dist: 284
dist: 301

vlink src/dst: 4 8
number of protected paths set: 15
needed_slices: 6
paths: {0 1}
slices required:
{2 2}
slices start:
{0 13}
tuples:
{29 20}
dist: 96
dist: 211

vlink src/dst: 6 16
number of protected paths set: 15
needed_slices: 18
paths: {1 12}
slices required:
{2 2}
slices start:
{0 60}
tuples:
{12 12}
dist: 407
dist: 676

vlink src/dst: 2 13
number of protected paths set: 3
needed_slices: 18
paths: {0 1}
slices required:
{2 2}
slices start:
{22 18}
tuples:
{12 12}
dist: 409
dist: 512

vlink src/dst: 2 8
number of protected paths set: 15
needed_slices: 23
paths: {0 0 1 1}
slices required:
{2 2 2 3}
slices start:
{2 11 12 32}
tuples:
{20 20 12 27}
dist: 269
dist: 269
dist: 352
dist: 352

vlink src/dst: 2 5
number of protected paths set: 15
needed_slices: 22
paths: {0 0 2 2}
slices required:
{2 3 2 4}
slices start:
{2 37 0 4}
tuples:
{20 27 12 34}
dist: 249
dist: 249
dist: 357
dist: 357

vlink src/dst: 2 19
number of protected paths set: 3
needed_slices: 24
paths: {0 14}
slices required:
{2 2}
slices start:
{62 38}
tuples:
{12 12}
dist: 608
dist: 732

vlink src/dst: 4 6
number of protected paths set: 15
needed_slices: 14
paths: {0 2}
slices required:
{2 2}
slices start:
{10 13}
tuples:
{12 12}
dist: 425
dist: 541
33 second(s) taken for solution
49 second(s) taken in total
cost = 1868

