
21 second(s) taken for initialization

vlink src/dst: 4 8
number of protected paths set: 3
needed_slices: 56
paths: {5 5 15 15}
slices required:
{2 2 2 2}
slices start:
{0 2 0 2}
tuples:
{12 12 12 12}
dist: 505
dist: 505
dist: 725
dist: 725

vlink src/dst: 4 11
number of protected paths set: 3
needed_slices: 114
paths: {4 4 4 14 14 14 14}
slices required:
{2 2 3 2 2 2 2}
slices start:
{4 6 8 4 6 8 10}
tuples:
{12 12 18 12 12 12 12}
dist: 490
dist: 490
dist: 490
dist: 704
dist: 704
dist: 704
dist: 704

vlink src/dst: 1 19
number of protected paths set: 15
needed_slices: 16
paths: {0 1}
slices required:
{2 2}
slices start:
{12 4}
tuples:
{20 20}
dist: 208
dist: 274

vlink src/dst: 6 11
number of protected paths set: 3
needed_slices: 22
paths: {0 2}
slices required:
{2 3}
slices start:
{14 14}
tuples:
{20 18}
dist: 249
dist: 401

vlink src/dst: 3 6
number of protected paths set: 15
needed_slices: 33
paths: {0 2}
slices required:
{3 3}
slices start:
{11 16}
tuples:
{18 17}
dist: 485
dist: 506

vlink src/dst: 3 13
number of protected paths set: 15
needed_slices: 18
paths: {0 7}
slices required:
{2 2}
slices start:
{0 19}
tuples:
{20 12}
dist: 257
dist: 390

vlink src/dst: 1 8
number of protected paths set: 15
needed_slices: 15
paths: {0 2 2}
slices required:
{3 2 2}
slices start:
{6 2 17}
tuples:
{36 20 20}
dist: 75
dist: 278
dist: 278

vlink src/dst: 1 2
number of protected paths set: 15
needed_slices: 76
paths: {0 4 4 11 11 12}
slices required:
{2 2 2 2 2 2}
slices start:
{21 9 11 17 23 13}
tuples:
{12 12 12 12 12 12}
dist: 425
dist: 488
dist: 488
dist: 561
dist: 561
dist: 625

vlink src/dst: 10 11
number of protected paths set: 3
needed_slices: 24
paths: {2 5}
slices required:
{2 2}
slices start:
{25 25}
tuples:
{12 12}
dist: 343
dist: 363

vlink src/dst: 1 7
number of protected paths set: 15
needed_slices: 84
paths: {2 2 2 6 6 6}
slices required:
{2 2 2 2 2 2}
slices start:
{27 29 31 21 23 27}
tuples:
{12 12 12 12 12 12}
dist: 582
dist: 582
dist: 582
dist: 597
dist: 597
dist: 597

vlink src/dst: 10 13
number of protected paths set: 3
needed_slices: 24
paths: {1 5}
slices required:
{2 2}
slices start:
{33 19}
tuples:
{12 12}
dist: 344
dist: 418

vlink src/dst: 11 17
number of protected paths set: 3
needed_slices: 78
paths: {0 0 0 4 4 4}
slices required:
{2 2 2 2 2 2}
slices start:
{35 37 39 35 37 39}
tuples:
{12 12 12 12 12 12}
dist: 485
dist: 485
dist: 485
dist: 550
dist: 550
dist: 550

vlink src/dst: 1 16
number of protected paths set: 15
needed_slices: 52
paths: {0 3 4 5 15}
slices required:
{2 2 2 2 2}
slices start:
{41 43 43 29 21}
tuples:
{12 12 12 12 12}
dist: 350
dist: 366
dist: 417
dist: 424
dist: 567

vlink src/dst: 1 3
number of protected paths set: 15
needed_slices: 30
paths: {1 1 2 2}
slices required:
{2 3 2 3}
slices start:
{31 45 23 25}
tuples:
{20 27 20 27}
dist: 240
dist: 240
dist: 248
dist: 248

vlink src/dst: 8 13
number of protected paths set: 15
needed_slices: 28
paths: {0 0 3 3}
slices required:
{2 2 2 2}
slices start:
{48 50 28 30}
tuples:
{20 20 20 20}
dist: 184
dist: 184
dist: 290
dist: 290

vlink src/dst: 3 19
number of protected paths set: 15
needed_slices: 33
paths: {1 5}
slices required:
{3 3}
slices start:
{6 45}
tuples:
{27 18}
dist: 361
dist: 446

vlink src/dst: 12 13
number of protected paths set: 15
needed_slices: 28
paths: {5 7}
slices required:
{2 2}
slices start:
{52 41}
tuples:
{12 12}
dist: 603
dist: 615

vlink src/dst: 1 12
number of protected paths set: 15
needed_slices: 78
paths: {0 0 0 12 12 12}
slices required:
{2 2 2 2 2 2}
slices start:
{15 17 19 54 56 58}
tuples:
{12 12 12 12 12 12}
dist: 473
dist: 473
dist: 473
dist: 625
dist: 625
dist: 625

vlink src/dst: 15 19
number of protected paths set: 3
needed_slices: 96
paths: {5 5 5 11 11 11}
slices required:
{2 2 2 2 2 2}
slices start:
{33 48 50 15 17 31}
tuples:
{12 12 12 12 12 12}
dist: 556
dist: 556
dist: 556
dist: 656
dist: 656
dist: 656

vlink src/dst: 10 16
number of protected paths set: 3
needed_slices: 22
paths: {1 17}
slices required:
{2 2}
slices start:
{0 52}
tuples:
{12 12}
dist: 368
dist: 572

vlink src/dst: 7 8
number of protected paths set: 15
needed_slices: 22
paths: {0 8}
slices required:
{2 2}
slices start:
{35 2}
tuples:
{12 12}
dist: 516
dist: 608

vlink src/dst: 1 18
number of protected paths set: 15
needed_slices: 80
paths: {0 1 1 9 10 10}
slices required:
{2 2 2 2 2 2}
slices start:
{60 62 64 54 52 56}
tuples:
{12 12 12 12 12 12}
dist: 539
dist: 543
dist: 543
dist: 678
dist: 685
dist: 685

vlink src/dst: 9 16
number of protected paths set: 15
needed_slices: 24
paths: {0 0 1 1}
slices required:
{2 2 2 3}
slices start:
{4 6 0 4}
tuples:
{20 20 12 27}
dist: 128
dist: 128
dist: 395
dist: 395

vlink src/dst: 8 16
number of protected paths set: 15
needed_slices: 21
paths: {0 3}
slices required:
{3 3}
slices start:
{37 8}
tuples:
{27 27}
dist: 338
dist: 374

vlink src/dst: 13 18
number of protected paths set: 15
needed_slices: 42
paths: {1 10 14}
slices required:
{2 2 2}
slices start:
{66 19 58}
tuples:
{12 12 6}
dist: 524
dist: 711
dist: 821

vlink src/dst: 13 16
number of protected paths set: 15
needed_slices: 16
paths: {3 6}
slices required:
{2 2}
slices start:
{68 17}
tuples:
{12 12}
dist: 347
dist: 431

vlink src/dst: 6 16
number of protected paths set: 15
needed_slices: 32
paths: {0 0 2 2}
slices required:
{2 2 2 3}
slices start:
{11 13 0 23}
tuples:
{20 20 12 27}
dist: 199
dist: 199
dist: 346
dist: 346

vlink src/dst: 3 5
number of protected paths set: 15
needed_slices: 40
paths: {0 0 2 2}
slices required:
{2 3 2 3}
slices start:
{40 54 4 21}
tuples:
{20 27 20 27}
dist: 223
dist: 223
dist: 276
dist: 276

vlink src/dst: 0 8
number of protected paths set: 15
needed_slices: 16
paths: {0 6}
slices required:
{2 2}
slices start:
{45 4}
tuples:
{12 12}
dist: 340
dist: 420

vlink src/dst: 0 19
number of protected paths set: 15
needed_slices: 16
paths: {0 4}
slices required:
{2 2}
slices start:
{2 7}
tuples:
{12 12}
dist: 371
dist: 424

vlink src/dst: 17 19
number of protected paths set: 15
needed_slices: 98
paths: {2 2 2 4 4 4}
slices required:
{2 2 3 2 2 3}
slices start:
{57 59 61 43 60 62}
tuples:
{12 12 17 12 12 17}
dist: 571
dist: 571
dist: 571
dist: 590
dist: 590
dist: 590

vlink src/dst: 3 14
number of protected paths set: 15
needed_slices: 84
paths: {1 1 1 5 5 5}
slices required:
{2 2 2 2 2 2}
slices start:
{13 48 50 2 9 11}
tuples:
{12 12 12 12 12 12}
dist: 662
dist: 662
dist: 662
dist: 700
dist: 700
dist: 700

vlink src/dst: 8 10
number of protected paths set: 3
needed_slices: 30
paths: {0 0 1 1}
slices required:
{2 3 2 3}
slices start:
{6 27 0 2}
tuples:
{20 28 20 27}
dist: 160
dist: 160
dist: 231
dist: 231

vlink src/dst: 0 4
number of protected paths set: 3
needed_slices: 66
paths: {0 0 0 19 19 19}
slices required:
{2 2 2 2 2 2}
slices start:
{15 25 27 15 21 25}
tuples:
{12 12 12 12 12 12}
dist: 449
dist: 449
dist: 449
dist: 701
dist: 701
dist: 701

vlink src/dst: 5 14
number of protected paths set: 15
needed_slices: 27
paths: {0 3}
slices required:
{3 3}
slices start:
{45 33}
tuples:
{18 17}
dist: 472
dist: 527

vlink src/dst: 5 12
number of protected paths set: 15
needed_slices: 20
paths: {0 16}
slices required:
{2 2}
slices start:
{0 7}
tuples:
{12 12}
dist: 353
dist: 610

vlink src/dst: 10 14
number of protected paths set: 3
needed_slices: 78
paths: {1 1 1 7 7 7}
slices required:
{2 2 2 2 2 2}
slices start:
{60 62 64 27 29 41}
tuples:
{12 12 12 12 12 12}
dist: 569
dist: 569
dist: 569
dist: 650
dist: 650
dist: 650

vlink src/dst: 12 19
number of protected paths set: 15
needed_slices: 64
paths: {0 0 1 1 15 15}
slices required:
{2 2 2 2 2 2}
slices start:
{25 48 33 35 19 70}
tuples:
{12 12 12 12 12 12}
dist: 482
dist: 482
dist: 489
dist: 489
dist: 648
dist: 648

vlink src/dst: 5 7
number of protected paths set: 15
needed_slices: 54
paths: {0 0 0 7 7 7}
slices required:
{2 2 2 2 2 2}
slices start:
{13 19 33 37 39 41}
tuples:
{12 12 12 12 12 12}
dist: 449
dist: 449
dist: 449
dist: 525
dist: 525
dist: 525

vlink src/dst: 5 17
number of protected paths set: 15
needed_slices: 30
paths: {0 2}
slices required:
{3 3}
slices start:
{6 64}
tuples:
{27 18}
dist: 392
dist: 448

vlink src/dst: 3 18
number of protected paths set: 15
needed_slices: 87
paths: {0 0 3 5 5}
slices required:
{2 5 2 2 2}
slices start:
{11 72 4 0 13}
tuples:
{12 32 12 12 12}
dist: 616
dist: 616
dist: 631
dist: 637
dist: 637

vlink src/dst: 4 12
number of protected paths set: 3
needed_slices: 74
paths: {0 1 14 18 18}
slices required:
{3 2 2 2 2}
slices start:
{66 23 43 17 23}
tuples:
{17 12 12 6 6}
dist: 551
dist: 644
dist: 766
dist: 879
dist: 879

vlink src/dst: 0 9
number of protected paths set: 15
needed_slices: 19
paths: {0 0 1 1}
slices required:
{2 2 2 3}
slices start:
{9 21 21 31}
tuples:
{20 20 12 27}
dist: 113
dist: 113
dist: 329
dist: 329

vlink src/dst: 16 17
number of protected paths set: 15
needed_slices: 20
paths: {0 7}
slices required:
{2 2}
slices start:
{11 52}
tuples:
{12 12}
dist: 475
dist: 620

vlink src/dst: 4 19
number of protected paths set: 3
needed_slices: 37
paths: {0 0 11 11}
slices required:
{2 2 2 3}
slices start:
{31 37 13 48}
tuples:
{20 20 12 17}
dist: 242
dist: 242
dist: 593
dist: 593

vlink src/dst: 10 15
number of protected paths set: 3
needed_slices: 38
paths: {0 0 5 5}
slices required:
{2 2 2 3}
slices start:
{5 7 19 43}
tuples:
{20 20 12 18}
dist: 176
dist: 176
dist: 486
dist: 486

vlink src/dst: 3 15
number of protected paths set: 3
needed_slices: 18
paths: {1 3}
slices required:
{2 3}
slices start:
{9 6}
tuples:
{20 27}
dist: 245
dist: 394

vlink src/dst: 8 15
number of protected paths set: 3
needed_slices: 40
paths: {0 0 11 11}
slices required:
{2 2 2 2}
slices start:
{11 13 46 67}
tuples:
{20 20 12 12}
dist: 298
dist: 298
dist: 507
dist: 507

vlink src/dst: 7 17
number of protected paths set: 15
needed_slices: 44
paths: {1 1 6 6}
slices required:
{2 2 2 2}
slices start:
{9 11 19 45}
tuples:
{12 12 12 12}
dist: 696
dist: 696
dist: 749
dist: 749

vlink src/dst: 14 19
number of protected paths set: 15
needed_slices: 39
paths: {0 0 5 5 5}
slices required:
{2 3 2 2 2}
slices start:
{15 54 15 25 39}
tuples:
{12 27 12 12 12}
dist: 343
dist: 343
dist: 497
dist: 497
dist: 497

vlink src/dst: 16 18
number of protected paths set: 15
needed_slices: 15
paths: {0 2}
slices required:
{2 3}
slices start:
{57 29}
tuples:
{20 18}
dist: 277
dist: 432

vlink src/dst: 12 16
number of protected paths set: 15
needed_slices: 39
paths: {0 0 4 4 4}
slices required:
{2 3 2 2 2}
slices start:
{69 71 77 79 81}
tuples:
{12 27 12 12 12}
dist: 343
dist: 343
dist: 512
dist: 512
dist: 512

vlink src/dst: 0 18
number of protected paths set: 15
needed_slices: 15
paths: {0 0 2 2}
slices required:
{2 3 2 3}
slices start:
{0 2 31 36}
tuples:
{20 28 20 27}
dist: 188
dist: 188
dist: 203
dist: 203

vlink src/dst: 0 14
number of protected paths set: 15
needed_slices: 18
paths: {0 0 2 2}
slices required:
{2 2 2 3}
slices start:
{39 43 5 7}
tuples:
{20 20 12 27}
dist: 249
dist: 249
dist: 357
dist: 357

vlink src/dst: 2 16
number of protected paths set: 15
needed_slices: 24
paths: {0 0 1 1 2}
slices required:
{2 2 2 2 2}
slices start:
{17 23 0 4 45}
tuples:
{29 29 12 12 12}
dist: 75
dist: 75
dist: 404
dist: 404
dist: 443

vlink src/dst: 7 14
number of protected paths set: 15
needed_slices: 12
paths: {0 0 1 1}
slices required:
{2 2 2 2}
slices start:
{0 2 6 17}
tuples:
{20 20 20 20}
dist: 173
dist: 173
dist: 285
dist: 285

vlink src/dst: 14 18
number of protected paths set: 15
needed_slices: 12
paths: {0 0 1 1}
slices required:
{2 2 2 2}
slices start:
{0 2 0 4}
tuples:
{20 20 20 20}
dist: 167
dist: 167
dist: 250
dist: 250

vlink src/dst: 2 7
number of protected paths set: 15
needed_slices: 6
paths: {0 1}
slices required:
{2 2}
slices start:
{13 4}
tuples:
{20 12}
dist: 157
dist: 301

vlink src/dst: 12 15
number of protected paths set: 3
needed_slices: 39
paths: {2 16 16}
slices required:
{3 2 2}
slices start:
{27 74 76}
tuples:
{17 12 12}
dist: 516
dist: 738
dist: 738

vlink src/dst: 12 18
number of protected paths set: 15
needed_slices: 8
paths: {0 1}
slices required:
{2 2}
slices start:
{2 2}
tuples:
{20 20}
dist: 197
dist: 268
60 second(s) taken for solution
81 second(s) taken in total
cost = 2391

