
19 second(s) taken for initialization

vlink src/dst: 1 4
number of protected paths set: 3
needed_slices: 22
paths: {0 16}
slices required:
{2 2}
slices start:
{0 0}
tuples:
{12 12}
dist: 410
dist: 605

vlink src/dst: 1 16
number of protected paths set: 3
needed_slices: 66
paths: {0 0 5 12 16 16}
slices required:
{2 2 2 2 2 2}
slices start:
{2 4 6 6 2 4}
tuples:
{12 12 12 12 12 12}
dist: 373
dist: 373
dist: 471
dist: 543
dist: 642
dist: 642

vlink src/dst: 0 14
number of protected paths set: 3
needed_slices: 32
paths: {2 5}
slices required:
{2 2}
slices start:
{8 8}
tuples:
{12 12}
dist: 517
dist: 555

vlink src/dst: 1 19
number of protected paths set: 3
needed_slices: 18
paths: {0 12}
slices required:
{2 2}
slices start:
{10 10}
tuples:
{20 12}
dist: 289
dist: 561

vlink src/dst: 8 14
number of protected paths set: 15
needed_slices: 32
paths: {1 1 2 2}
slices required:
{2 2 2 2}
slices start:
{12 14 12 14}
tuples:
{12 12 12 12}
dist: 326
dist: 326
dist: 334
dist: 334

vlink src/dst: 1 12
number of protected paths set: 3
needed_slices: 96
paths: {4 5 5 11 11 12}
slices required:
{2 2 2 2 2 2}
slices start:
{16 18 20 18 20 16}
tuples:
{12 12 12 12 12 12}
dist: 545
dist: 556
dist: 556
dist: 656
dist: 656
dist: 665

vlink src/dst: 1 18
number of protected paths set: 3
needed_slices: 152
paths: {1 1 1 17 17 17 17 17}
slices required:
{2 2 4 2 2 2 2 2}
slices start:
{22 24 26 22 24 26 28 30}
tuples:
{12 12 24 6 6 6 6 6}
dist: 778
dist: 778
dist: 778
dist: 1004
dist: 1004
dist: 1004
dist: 1004
dist: 1004

vlink src/dst: 1 10
number of protected paths set: 3
needed_slices: 77
paths: {2 2 2 3 3 3}
slices required:
{2 2 3 2 2 3}
slices start:
{32 34 36 30 32 34}
tuples:
{12 12 17 12 12 17}
dist: 517
dist: 517
dist: 517
dist: 529
dist: 529
dist: 529

vlink src/dst: 11 14
number of protected paths set: 15
needed_slices: 30
paths: {3 4}
slices required:
{3 3}
slices start:
{39 39}
tuples:
{18 18}
dist: 415
dist: 455

vlink src/dst: 1 15
number of protected paths set: 3
needed_slices: 83
paths: {1 1 1 5 5 5 5}
slices required:
{2 2 3 2 2 2 2}
slices start:
{42 44 46 42 44 46 48}
tuples:
{12 12 17 12 12 12 12}
dist: 598
dist: 598
dist: 598
dist: 660
dist: 660
dist: 660
dist: 660

vlink src/dst: 8 9
number of protected paths set: 15
needed_slices: 64
paths: {0 0 7 7 11}
slices required:
{2 3 2 2 2}
slices start:
{0 2 37 39 49}
tuples:
{20 27 12 12 12}
dist: 277
dist: 277
dist: 520
dist: 520
dist: 551

vlink src/dst: 8 11
number of protected paths set: 15
needed_slices: 12
paths: {0 4}
slices required:
{2 2}
slices start:
{5 22}
tuples:
{29 12}
dist: 75
dist: 320

vlink src/dst: 3 4
number of protected paths set: 15
needed_slices: 72
paths: {0 0 0 4 4 4}
slices required:
{2 2 2 2 2 2}
slices start:
{22 24 26 10 12 14}
tuples:
{12 12 12 12 12 12}
dist: 487
dist: 487
dist: 487
dist: 579
dist: 579
dist: 579

vlink src/dst: 2 19
number of protected paths set: 15
needed_slices: 8
paths: {0 2}
slices required:
{2 2}
slices start:
{0 16}
tuples:
{29 20}
dist: 93
dist: 260

vlink src/dst: 2 8
number of protected paths set: 15
needed_slices: 20
paths: {0 0 1 1}
slices required:
{2 3 2 3}
slices start:
{37 42 24 26}
tuples:
{20 28 20 28}
dist: 115
dist: 115
dist: 193
dist: 193

vlink src/dst: 9 16
number of protected paths set: 15
needed_slices: 99
paths: {0 0 0 14 14 14 14}
slices required:
{2 2 3 2 2 2 2}
slices start:
{18 20 45 0 2 4 6}
tuples:
{12 12 18 12 12 12 12}
dist: 417
dist: 417
dist: 417
dist: 682
dist: 682
dist: 682
dist: 682

vlink src/dst: 0 9
number of protected paths set: 3
needed_slices: 46
paths: {1 17 17}
slices required:
{3 2 2}
slices start:
{48 10 12}
tuples:
{18 12 12}
dist: 452
dist: 646
dist: 646

vlink src/dst: 9 11
number of protected paths set: 15
needed_slices: 16
paths: {0 7}
slices required:
{2 2}
slices start:
{5 8}
tuples:
{20 12}
dist: 239
dist: 543

vlink src/dst: 8 12
number of protected paths set: 15
needed_slices: 20
paths: {0 11}
slices required:
{2 2}
slices start:
{10 29}
tuples:
{20 12}
dist: 262
dist: 455

vlink src/dst: 6 9
number of protected paths set: 15
needed_slices: 20
paths: {0 8}
slices required:
{2 2}
slices start:
{24 14}
tuples:
{12 12}
dist: 374
dist: 585

vlink src/dst: 4 16
number of protected paths set: 15
needed_slices: 8
paths: {0 2}
slices required:
{2 2}
slices start:
{8 28}
tuples:
{29 20}
dist: 61
dist: 292

vlink src/dst: 0 10
number of protected paths set: 3
needed_slices: 20
paths: {0 11}
slices required:
{2 2}
slices start:
{16 51}
tuples:
{12 12}
dist: 316
dist: 532

vlink src/dst: 2 11
number of protected paths set: 15
needed_slices: 16
paths: {0 0 1 1}
slices required:
{2 2 2 2}
slices start:
{0 2 0 2}
tuples:
{20 20 20 20}
dist: 125
dist: 125
dist: 142
dist: 142

vlink src/dst: 6 16
number of protected paths set: 15
needed_slices: 12
paths: {0 2}
slices required:
{2 2}
slices start:
{14 26}
tuples:
{29 20}
dist: 94
dist: 222

vlink src/dst: 10 16
number of protected paths set: 15
needed_slices: 20
paths: {0 9}
slices required:
{2 2}
slices start:
{18 53}
tuples:
{12 12}
dist: 351
dist: 496

vlink src/dst: 0 15
number of protected paths set: 3
needed_slices: 99
paths: {0 0 0 13 13 13 13}
slices required:
{2 2 3 2 2 2 2}
slices start:
{20 22 24 55 57 59 61}
tuples:
{12 12 18 12 12 12 12}
dist: 449
dist: 449
dist: 449
dist: 654
dist: 654
dist: 654
dist: 654

vlink src/dst: 2 10
number of protected paths set: 15
needed_slices: 16
paths: {0 6}
slices required:
{2 2}
slices start:
{37 7}
tuples:
{12 12}
dist: 340
dist: 420

vlink src/dst: 10 19
number of protected paths set: 15
needed_slices: 67
paths: {0 0 0 8 8 12}
slices required:
{2 2 3 2 2 2}
slices start:
{39 41 43 55 57 59}
tuples:
{12 12 18 12 12 12}
dist: 433
dist: 433
dist: 433
dist: 513
dist: 513
dist: 527

vlink src/dst: 6 7
number of protected paths set: 15
needed_slices: 14
paths: {0 6}
slices required:
{2 2}
slices start:
{31 49}
tuples:
{20 12}
dist: 295
dist: 413

vlink src/dst: 5 14
number of protected paths set: 15
needed_slices: 98
paths: {2 2 2 9 9 9 9}
slices required:
{2 2 2 2 2 2 2}
slices start:
{63 65 67 16 18 20 32}
tuples:
{12 12 12 6 6 6 6}
dist: 796
dist: 796
dist: 796
dist: 839
dist: 839
dist: 839
dist: 839

vlink src/dst: 1 17
number of protected paths set: 3
needed_slices: 90
paths: {2 2 2 5 5 5}
slices required:
{2 2 2 2 2 2}
slices start:
{69 71 73 61 69 71}
tuples:
{12 12 12 12 12 12}
dist: 745
dist: 745
dist: 745
dist: 768
dist: 768
dist: 768

vlink src/dst: 10 11
number of protected paths set: 15
needed_slices: 23
paths: {0 0 2 2}
slices required:
{2 2 2 3}
slices start:
{27 46 16 73}
tuples:
{20 20 12 27}
dist: 215
dist: 215
dist: 316
dist: 316

vlink src/dst: 17 19
number of protected paths set: 15
needed_slices: 30
paths: {0 14}
slices required:
{2 2}
slices start:
{4 51}
tuples:
{12 12}
dist: 632
dist: 749

vlink src/dst: 12 19
number of protected paths set: 15
needed_slices: 42
paths: {0 0 3 3}
slices required:
{2 2 2 3}
slices start:
{6 8 31 33}
tuples:
{20 20 12 27}
dist: 289
dist: 289
dist: 389
dist: 389

vlink src/dst: 7 12
number of protected paths set: 15
needed_slices: 24
paths: {0 11}
slices required:
{3 3}
slices start:
{26 76}
tuples:
{27 17}
dist: 347
dist: 540

vlink src/dst: 6 10
number of protected paths set: 15
needed_slices: 14
paths: {0 3}
slices required:
{2 2}
slices start:
{53 79}
tuples:
{20 12}
dist: 257
dist: 453

vlink src/dst: 0 17
number of protected paths set: 3
needed_slices: 82
paths: {0 4 4 11 11 12}
slices required:
{2 2 2 2 2 2}
slices start:
{27 55 57 24 31 63}
tuples:
{12 12 12 12 12 12}
dist: 516
dist: 565
dist: 565
dist: 656
dist: 656
dist: 707

vlink src/dst: 2 17
number of protected paths set: 15
needed_slices: 22
paths: {0 8}
slices required:
{2 2}
slices start:
{12 65}
tuples:
{12 12}
dist: 539
dist: 610

vlink src/dst: 2 5
number of protected paths set: 15
needed_slices: 83
paths: {0 0 0 7 7 7 7}
slices required:
{2 2 3 2 2 2 2}
slices start:
{14 33 46 34 79 81 83}
tuples:
{12 12 17 12 12 12 12}
dist: 516
dist: 516
dist: 516
dist: 608
dist: 608
dist: 608
dist: 608

vlink src/dst: 4 5
number of protected paths set: 15
needed_slices: 106
paths: {3 4 4 7 7 10 13}
slices required:
{2 2 2 2 2 2 2}
slices start:
{36 38 40 69 71 0 49}
tuples:
{12 12 12 12 12 12 12}
dist: 596
dist: 636
dist: 636
dist: 659
dist: 659
dist: 736
dist: 791

vlink src/dst: 18 19
number of protected paths set: 15
needed_slices: 26
paths: {0 13}
slices required:
{2 2}
slices start:
{51 8}
tuples:
{12 12}
dist: 599
dist: 734

vlink src/dst: 4 12
number of protected paths set: 15
needed_slices: 54
paths: {0 0 0 2 2}
slices required:
{2 2 2 3 3}
slices start:
{42 44 46 65 73}
tuples:
{20 20 20 27 27}
dist: 262
dist: 262
dist: 262
dist: 336
dist: 336

vlink src/dst: 11 13
number of protected paths set: 3
needed_slices: 33
paths: {1 5}
slices required:
{3 3}
slices start:
{48 59}
tuples:
{18 17}
dist: 462
dist: 521

vlink src/dst: 10 13
number of protected paths set: 3
needed_slices: 24
paths: {3 6}
slices required:
{2 2}
slices start:
{67 42}
tuples:
{12 12}
dist: 589
dist: 628

vlink src/dst: 4 13
number of protected paths set: 3
needed_slices: 16
paths: {0 5}
slices required:
{2 2}
slices start:
{2 29}
tuples:
{12 12}
dist: 325
dist: 483

vlink src/dst: 5 7
number of protected paths set: 15
needed_slices: 18
paths: {0 2}
slices required:
{2 2}
slices start:
{67 42}
tuples:
{12 12}
dist: 513
dist: 550

vlink src/dst: 9 10
number of protected paths set: 15
needed_slices: 23
paths: {0 0 2 2}
slices required:
{2 2 2 3}
slices start:
{9 11 27 29}
tuples:
{20 20 12 27}
dist: 232
dist: 232
dist: 327
dist: 327

vlink src/dst: 11 17
number of protected paths set: 15
needed_slices: 18
paths: {1 2}
slices required:
{2 2}
slices start:
{73 0}
tuples:
{12 12}
dist: 464
dist: 491

vlink src/dst: 7 18
number of protected paths set: 15
needed_slices: 20
paths: {0 4}
slices required:
{2 2}
slices start:
{37 85}
tuples:
{12 12}
dist: 535
dist: 641

vlink src/dst: 11 18
number of protected paths set: 15
needed_slices: 20
paths: {0 11}
slices required:
{2 2}
slices start:
{2 53}
tuples:
{12 12}
dist: 464
dist: 636

vlink src/dst: 3 7
number of protected paths set: 15
needed_slices: 8
paths: {0 2}
slices required:
{2 2}
slices start:
{0 7}
tuples:
{20 20}
dist: 174
dist: 297

vlink src/dst: 7 14
number of protected paths set: 15
needed_slices: 12
paths: {0 3}
slices required:
{2 2}
slices start:
{49 13}
tuples:
{20 12}
dist: 251
dist: 430

vlink src/dst: 14 15
number of protected paths set: 15
needed_slices: 54
paths: {1 1 1 2 2 2}
slices required:
{2 2 2 2 2 2}
slices start:
{81 83 87 22 24 34}
tuples:
{12 12 12 12 12 12}
dist: 537
dist: 537
dist: 537
dist: 550
dist: 550
dist: 550

vlink src/dst: 9 17
number of protected paths set: 15
needed_slices: 48
paths: {2 2 2 3 3 3}
slices required:
{2 2 2 2 2 2}
slices start:
{36 38 40 39 89 91}
tuples:
{12 12 12 12 12 12}
dist: 450
dist: 450
dist: 450
dist: 485
dist: 485
dist: 485

vlink src/dst: 6 17
number of protected paths set: 15
needed_slices: 18
paths: {0 4}
slices required:
{2 2}
slices start:
{2 79}
tuples:
{12 12}
dist: 457
dist: 510

vlink src/dst: 9 15
number of protected paths set: 15
needed_slices: 23
paths: {0 0 1 1}
slices required:
{2 2 2 3}
slices start:
{50 52 63 93}
tuples:
{20 20 12 27}
dist: 194
dist: 194
dist: 368
dist: 368

vlink src/dst: 10 18
number of protected paths set: 15
needed_slices: 48
paths: {0 0 0 1 1 1}
slices required:
{2 2 2 2 2 2}
slices start:
{59 61 85 44 46 59}
tuples:
{12 12 12 12 12 12}
dist: 475
dist: 475
dist: 475
dist: 487
dist: 487
dist: 487

vlink src/dst: 13 17
number of protected paths set: 3
needed_slices: 92
paths: {1 1 1 18 18 18 18}
slices required:
{2 2 2 2 2 2 2}
slices start:
{6 8 10 81 83 87 93}
tuples:
{12 12 12 6 6 6 6}
dist: 551
dist: 551
dist: 551
dist: 840
dist: 840
dist: 840
dist: 840

vlink src/dst: 12 18
number of protected paths set: 15
needed_slices: 46
paths: {0 0 9 9 9}
slices required:
{3 3 2 2 3}
slices start:
{4 7 6 8 16}
tuples:
{27 27 12 12 17}
dist: 310
dist: 310
dist: 509
dist: 509
dist: 509

vlink src/dst: 5 18
number of protected paths set: 15
needed_slices: 6
paths: {0 1}
slices required:
{2 2}
slices start:
{2 0}
tuples:
{20 20}
dist: 123
dist: 184
76 second(s) taken for solution
95 second(s) taken in total
cost = 2478

