
20 second(s) taken for initialization

vlink src/dst: 4 9
number of protected paths set: 3
needed_slices: 14
paths: {0 3}
slices required:
{2 2}
slices start:
{0 0}
tuples:
{20 20}
dist: 219
dist: 257

vlink src/dst: 0 17
number of protected paths set: 15
needed_slices: 8
paths: {0 1}
slices required:
{2 2}
slices start:
{2 2}
tuples:
{29 20}
dist: 25
dist: 284

vlink src/dst: 4 7
number of protected paths set: 3
needed_slices: 20
paths: {0 0 1 1}
slices required:
{2 3 2 3}
slices start:
{2 4 4 6}
tuples:
{20 28 20 28}
dist: 119
dist: 119
dist: 129
dist: 129

vlink src/dst: 4 18
number of protected paths set: 3
needed_slices: 45
paths: {0 0 4 4}
slices required:
{2 3 2 4}
slices start:
{9 11 7 9}
tuples:
{20 28 12 34}
dist: 120
dist: 120
dist: 358
dist: 358

vlink src/dst: 9 14
number of protected paths set: 15
needed_slices: 50
paths: {2 2 4 4 4}
slices required:
{2 3 2 2 2}
slices start:
{2 4 13 15 17}
tuples:
{12 27 12 12 12}
dist: 398
dist: 398
dist: 451
dist: 451
dist: 451

vlink src/dst: 2 6
number of protected paths set: 3
needed_slices: 30
paths: {1 19}
slices required:
{2 2}
slices start:
{0 0}
tuples:
{12 6}
dist: 539
dist: 841

vlink src/dst: 2 7
number of protected paths set: 3
needed_slices: 14
paths: {0 5}
slices required:
{2 2}
slices start:
{19 7}
tuples:
{20 12}
dist: 189
dist: 451

vlink src/dst: 4 5
number of protected paths set: 3
needed_slices: 18
paths: {0 8}
slices required:
{2 2}
slices start:
{19 14}
tuples:
{20 12}
dist: 186
dist: 490

vlink src/dst: 8 14
number of protected paths set: 15
needed_slices: 72
paths: {1 1 1 5 5 5}
slices required:
{2 2 2 2 2 2}
slices start:
{21 23 25 16 21 23}
tuples:
{12 12 12 12 12 12}
dist: 420
dist: 420
dist: 420
dist: 470
dist: 470
dist: 470

vlink src/dst: 4 11
number of protected paths set: 3
needed_slices: 72
paths: {1 1 17 17 17}
slices required:
{3 3 2 2 3}
slices start:
{18 25 27 29 31}
tuples:
{27 27 12 12 17}
dist: 368
dist: 368
dist: 572
dist: 572
dist: 572

vlink src/dst: 16 18
number of protected paths set: 15
needed_slices: 40
paths: {1 1 2 2}
slices required:
{2 3 2 3}
slices start:
{34 36 2 4}
tuples:
{20 27 20 27}
dist: 281
dist: 281
dist: 294
dist: 294

vlink src/dst: 14 18
number of protected paths set: 15
needed_slices: 64
paths: {2 3 3 3 4 4}
slices required:
{2 2 2 3 2 2}
slices start:
{39 9 11 27 41 43}
tuples:
{12 12 12 18 12 12}
dist: 405
dist: 415
dist: 415
dist: 415
dist: 455
dist: 455

vlink src/dst: 0 19
number of protected paths set: 15
needed_slices: 67
paths: {0 0 2 2 2}
slices required:
{2 3 2 2 2}
slices start:
{7 30 41 43 45}
tuples:
{12 27 12 12 12}
dist: 376
dist: 376
dist: 459
dist: 459
dist: 459

vlink src/dst: 4 13
number of protected paths set: 3
needed_slices: 66
paths: {1 1 14 14 14}
slices required:
{2 3 2 2 2}
slices start:
{28 47 47 49 51}
tuples:
{12 18 12 12 12}
dist: 443
dist: 443
dist: 604
dist: 604
dist: 604

vlink src/dst: 6 14
number of protected paths set: 15
needed_slices: 60
paths: {8 8 11 11}
slices required:
{2 2 2 2}
slices start:
{45 47 33 35}
tuples:
{12 12 12 12}
dist: 648
dist: 648
dist: 731
dist: 731

vlink src/dst: 4 19
number of protected paths set: 3
needed_slices: 24
paths: {0 2}
slices required:
{2 2}
slices start:
{53 50}
tuples:
{12 12}
dist: 407
dist: 427

vlink src/dst: 12 16
number of protected paths set: 15
needed_slices: 18
paths: {0 0 1 1}
slices required:
{2 2 2 3}
slices start:
{0 2 7 16}
tuples:
{20 20 12 27}
dist: 142
dist: 142
dist: 307
dist: 307

vlink src/dst: 8 16
number of protected paths set: 15
needed_slices: 16
paths: {1 4}
slices required:
{2 2}
slices start:
{39 19}
tuples:
{20 12}
dist: 300
dist: 353

vlink src/dst: 9 12
number of protected paths set: 15
needed_slices: 65
paths: {0 0 6 6 6}
slices required:
{3 3 2 2 3}
slices start:
{9 27 21 23 37}
tuples:
{27 27 12 12 17}
dist: 366
dist: 366
dist: 535
dist: 535
dist: 535

vlink src/dst: 7 19
number of protected paths set: 15
needed_slices: 24
paths: {0 2}
slices required:
{2 2}
slices start:
{55 45}
tuples:
{12 12}
dist: 420
dist: 464

vlink src/dst: 7 18
number of protected paths set: 15
needed_slices: 12
paths: {0 1}
slices required:
{2 2}
slices start:
{52 4}
tuples:
{20 20}
dist: 157
dist: 237

vlink src/dst: 8 12
number of protected paths set: 15
needed_slices: 20
paths: {0 2}
slices required:
{2 2}
slices start:
{25 57}
tuples:
{12 12}
dist: 392
dist: 448

vlink src/dst: 1 16
number of protected paths set: 3
needed_slices: 30
paths: {3 10}
slices required:
{2 2}
slices start:
{30 40}
tuples:
{12 12}
dist: 670
dist: 710

vlink src/dst: 4 15
number of protected paths set: 3
needed_slices: 78
paths: {1 1 1 7 7 7}
slices required:
{2 2 2 2 2 2}
slices start:
{54 56 58 59 61 63}
tuples:
{12 12 12 12 12 12}
dist: 569
dist: 569
dist: 569
dist: 650
dist: 650
dist: 650

vlink src/dst: 7 9
number of protected paths set: 15
needed_slices: 16
paths: {0 0 1 1}
slices required:
{2 2 2 2}
slices start:
{12 14 19 34}
tuples:
{20 20 20 20}
dist: 119
dist: 119
dist: 204
dist: 204

vlink src/dst: 5 11
number of protected paths set: 3
needed_slices: 22
paths: {2 13}
slices required:
{2 2}
slices start:
{60 13}
tuples:
{12 12}
dist: 542
dist: 643

vlink src/dst: 17 18
number of protected paths set: 15
needed_slices: 6
paths: {0 1}
slices required:
{2 2}
slices start:
{0 0}
tuples:
{29 20}
dist: 50
dist: 159

vlink src/dst: 0 6
number of protected paths set: 15
needed_slices: 36
paths: {0 13}
slices required:
{3 3}
slices start:
{60 49}
tuples:
{27 17}
dist: 307
dist: 599

vlink src/dst: 11 16
number of protected paths set: 15
needed_slices: 72
paths: {0 1 1 9 9 10}
slices required:
{2 2 2 2 2 2}
slices start:
{42 65 67 21 23 69}
tuples:
{12 12 12 12 12 12}
dist: 432
dist: 461
dist: 461
dist: 567
dist: 567
dist: 568

vlink src/dst: 0 1
number of protected paths set: 3
needed_slices: 28
paths: {0 17}
slices required:
{2 2}
slices start:
{63 16}
tuples:
{12 12}
dist: 485
dist: 653

vlink src/dst: 3 8
number of protected paths set: 15
needed_slices: 60
paths: {0 0 10 10 11}
slices required:
{2 3 2 2 2}
slices start:
{47 52 2 4 71}
tuples:
{20 27 12 12 12}
dist: 297
dist: 297
dist: 663
dist: 663
dist: 665

vlink src/dst: 3 5
number of protected paths set: 3
needed_slices: 30
paths: {0 0 1 1}
slices required:
{2 3 2 3}
slices start:
{4 6 25 37}
tuples:
{20 27 20 27}
dist: 282
dist: 282
dist: 288
dist: 288

vlink src/dst: 17 19
number of protected paths set: 15
needed_slices: 60
paths: {0 0 2 2}
slices required:
{2 3 2 3}
slices start:
{16 62 73 75}
tuples:
{12 27 12 18}
dist: 351
dist: 351
dist: 485
dist: 485

vlink src/dst: 6 7
number of protected paths set: 15
needed_slices: 65
paths: {2 2 11 11 11}
slices required:
{2 3 2 2 2}
slices start:
{71 78 37 41 43}
tuples:
{12 27 12 12 12}
dist: 389
dist: 389
dist: 516
dist: 516
dist: 516

vlink src/dst: 8 9
number of protected paths set: 15
needed_slices: 19
paths: {0 6}
slices required:
{2 3}
slices start:
{2 6}
tuples:
{20 27}
dist: 160
dist: 351

vlink src/dst: 9 10
number of protected paths set: 15
needed_slices: 40
paths: {1 1 8 8}
slices required:
{2 2 2 2}
slices start:
{6 25 78 80}
tuples:
{12 12 12 12}
dist: 448
dist: 448
dist: 513
dist: 513

vlink src/dst: 11 12
number of protected paths set: 15
needed_slices: 60
paths: {0 0 0 7 7 7}
slices required:
{2 2 2 2 2 2}
slices start:
{69 71 73 0 9 11}
tuples:
{12 12 12 12 12 12}
dist: 475
dist: 475
dist: 475
dist: 620
dist: 620
dist: 620

vlink src/dst: 3 6
number of protected paths set: 15
needed_slices: 24
paths: {1 5}
slices required:
{2 2}
slices start:
{65 6}
tuples:
{12 12}
dist: 493
dist: 577

vlink src/dst: 6 19
number of protected paths set: 15
needed_slices: 104
paths: {0 5 5 12 12 15}
slices required:
{2 2 2 2 2 3}
slices start:
{55 18 25 57 67 15}
tuples:
{12 12 12 12 12 11}
dist: 570
dist: 670
dist: 670
dist: 729
dist: 729
dist: 842

vlink src/dst: 7 11
number of protected paths set: 15
needed_slices: 18
paths: {0 3}
slices required:
{2 2}
slices start:
{81 52}
tuples:
{12 12}
dist: 387
dist: 451

vlink src/dst: 10 17
number of protected paths set: 15
needed_slices: 36
paths: {0 0 0 3 3}
slices required:
{2 2 2 3 3}
slices start:
{14 18 27 75 82}
tuples:
{20 20 20 27 27}
dist: 265
dist: 265
dist: 265
dist: 329
dist: 329

vlink src/dst: 9 15
number of protected paths set: 15
needed_slices: 60
paths: {0 0 12 12}
slices required:
{2 2 2 2}
slices start:
{60 62 83 85}
tuples:
{12 12 12 12}
dist: 632
dist: 632
dist: 749
dist: 749

vlink src/dst: 3 14
number of protected paths set: 15
needed_slices: 18
paths: {0 1}
slices required:
{3 3}
slices start:
{67 18}
tuples:
{27 27}
dist: 330
dist: 354

vlink src/dst: 3 19
number of protected paths set: 15
needed_slices: 12
paths: {0 0 1 1}
slices required:
{2 2 2 2}
slices start:
{0 2 2 13}
tuples:
{29 29 20 20}
dist: 99
dist: 99
dist: 265
dist: 265

vlink src/dst: 15 17
number of protected paths set: 15
needed_slices: 20
paths: {1 2}
slices required:
{2 2}
slices start:
{2 29}
tuples:
{12 12}
dist: 499
dist: 519

vlink src/dst: 5 19
number of protected paths set: 3
needed_slices: 32
paths: {0 0 3 3}
slices required:
{2 2 2 3}
slices start:
{18 20 82 84}
tuples:
{20 20 12 27}
dist: 221
dist: 221
dist: 388
dist: 388

vlink src/dst: 11 19
number of protected paths set: 15
needed_slices: 22
paths: {1 8}
slices required:
{2 2}
slices start:
{33 78}
tuples:
{12 12}
dist: 498
dist: 643

vlink src/dst: 9 11
number of protected paths set: 15
needed_slices: 33
paths: {0 9}
slices required:
{3 3}
slices start:
{54 87}
tuples:
{18 17}
dist: 431
dist: 513

vlink src/dst: 14 19
number of protected paths set: 15
needed_slices: 14
paths: {0 2}
slices required:
{2 2}
slices start:
{0 57}
tuples:
{20 12}
dist: 290
dist: 433

vlink src/dst: 15 16
number of protected paths set: 15
needed_slices: 42
paths: {0 11 15}
slices required:
{2 2 2}
slices start:
{31 90 22}
tuples:
{12 12 12}
dist: 533
dist: 680
dist: 785

vlink src/dst: 15 18
number of protected paths set: 15
needed_slices: 18
paths: {1 2}
slices required:
{2 2}
slices start:
{0 30}
tuples:
{12 12}
dist: 464
dist: 491

vlink src/dst: 3 15
number of protected paths set: 15
needed_slices: 16
paths: {2 3}
slices required:
{2 2}
slices start:
{27 9}
tuples:
{12 12}
dist: 450
dist: 485

vlink src/dst: 8 11
number of protected paths set: 15
needed_slices: 20
paths: {0 0 2 2}
slices required:
{2 2 2 2}
slices start:
{0 2 37 44}
tuples:
{20 20 20 20}
dist: 271
dist: 271
dist: 291
dist: 291

vlink src/dst: 12 15
number of protected paths set: 15
needed_slices: 60
paths: {0 0 0 6 6 6}
slices required:
{2 2 2 2 2 2}
slices start:
{11 19 27 35 37 39}
tuples:
{12 12 12 12 12 12}
dist: 576
dist: 576
dist: 576
dist: 665
dist: 665
dist: 665

vlink src/dst: 8 13
number of protected paths set: 15
needed_slices: 16
paths: {0 8}
slices required:
{2 2}
slices start:
{4 42}
tuples:
{12 12}
dist: 346
dist: 481

vlink src/dst: 8 15
number of protected paths set: 15
needed_slices: 54
paths: {0 0 0 3 3 3}
slices required:
{2 2 2 2 2 2}
slices start:
{45 64 66 33 35 73}
tuples:
{12 12 12 12 12 12}
dist: 472
dist: 472
dist: 472
dist: 527
dist: 527
dist: 527

vlink src/dst: 10 11
number of protected paths set: 15
needed_slices: 10
paths: {0 1}
slices required:
{2 2}
slices start:
{8 68}
tuples:
{20 20}
dist: 241
dist: 281

vlink src/dst: 1 6
number of protected paths set: 3
needed_slices: 45
paths: {0 0 3 3 3}
slices required:
{2 3 2 2 3}
slices start:
{0 2 2 4 9}
tuples:
{20 28 12 12 18}
dist: 178
dist: 178
dist: 429
dist: 429
dist: 429

vlink src/dst: 10 13
number of protected paths set: 15
needed_slices: 28
paths: {0 0 1 1}
slices required:
{2 3 2 4}
slices start:
{44 53 39 50}
tuples:
{20 27 12 34}
dist: 203
dist: 203
dist: 319
dist: 319

vlink src/dst: 11 15
number of protected paths set: 15
needed_slices: 13
paths: {0 3}
slices required:
{2 3}
slices start:
{41 0}
tuples:
{20 18}
dist: 201
dist: 420
60 second(s) taken for solution
80 second(s) taken in total
cost = 2156

