
0 second(s) taken for initialization

vlink src/dst: 0 1
number of protected paths set: 15
needed_slices: 22
paths: {2 2 4 4}
slices required:
{1 1 1 1}
slices start:
{0 1 0 1}
tuples:
{11 11 10 10}
dist: 583
dist: 583
dist: 647
dist: 647

vlink src/dst: 0 3
number of protected paths set: 15
needed_slices: 27
paths: {1 1 2 2}
slices required:
{1 2 1 2}
slices start:
{2 3 2 3}
tuples:
{11 17 10 16}
dist: 594
dist: 594
dist: 610
dist: 610

vlink src/dst: 1 2
number of protected paths set: 15
needed_slices: 4
paths: {0 1}
slices required:
{1 1}
slices start:
{2 5}
tuples:
{22 21}
dist: 62
dist: 110

vlink src/dst: 1 3
number of protected paths set: 15
needed_slices: 12
paths: {0 0 0 1 1 1}
slices required:
{1 1 1 1 1 1}
slices start:
{2 3 4 6 7 8}
tuples:
{22 22 22 21 21 21}
dist: 37
dist: 37
dist: 37
dist: 135
dist: 135
dist: 135

vlink src/dst: 2 3
number of protected paths set: 255
needed_slices: 11
paths: {0 0 1 1 2}
slices required:
{1 1 1 1 1}
slices start:
{0 1 9 10 5}
tuples:
{22 22 22 22 11}
dist: 73
dist: 73
dist: 99
dist: 99
dist: 593

vlink src/dst: 0 2
number of protected paths set: 15
needed_slices: 9
paths: {2 3}
slices required:
{1 1}
slices start:
{6 9}
tuples:
{11 10}
dist: 521
dist: 683
923 second(s) taken for solution
923 second(s) taken in total
cost = 85

