
2 second(s) taken for initialization

vlink src/dst: 6 11
number of protected paths set: 3
needed_slices: 30
paths: {2 6}
slices required:
{2 2}
slices start:
{0 0}
tuples:
{12 12}
dist: 582
dist: 609

vlink src/dst: 4 18
number of protected paths set: 3
needed_slices: 60
paths: {4 4 14 14}
slices required:
{2 2 2 2}
slices start:
{2 4 2 4}
tuples:
{12 12 12 12}
dist: 490
dist: 490
dist: 704
dist: 704

vlink src/dst: 1 18
number of protected paths set: 3
needed_slices: 216
paths: {1 1 1 16 16 16 16 16}
slices required:
{2 4 6 2 2 2 5 5}
slices start:
{6 8 12 6 8 10 12 17}
tuples:
{12 25 39 6 6 6 23 23}
dist: 547
dist: 547
dist: 547
dist: 842
dist: 842
dist: 842
dist: 842
dist: 842

vlink src/dst: 6 7
number of protected paths set: 3
needed_slices: 137
paths: {1 1 1 2 2 2 3 3}
slices required:
{2 4 6 2 2 3 2 2}
slices start:
{22 24 28 22 24 26 29 31}
tuples:
{12 25 39 12 12 17 12 12}
dist: 514
dist: 514
dist: 514
dist: 525
dist: 525
dist: 525
dist: 525
dist: 525

vlink src/dst: 4 11
number of protected paths set: 3
needed_slices: 38
paths: {0 0 0 1 1 1}
slices required:
{2 2 2 2 2 4}
slices start:
{6 8 10 6 8 10}
tuples:
{29 29 29 20 20 35}
dist: 35
dist: 35
dist: 35
dist: 212
dist: 212
dist: 212

vlink src/dst: 11 16
number of protected paths set: 15
needed_slices: 40
paths: {0 0 0 1 1 1}
slices required:
{2 2 4 2 2 4}
slices start:
{14 16 18 14 16 18}
tuples:
{20 20 43 20 20 43}
dist: 109
dist: 109
dist: 109
dist: 136
dist: 136
dist: 136

vlink src/dst: 7 13
number of protected paths set: 15
needed_slices: 32
paths: {0 0 4 4 4}
slices required:
{2 2 2 2 2}
slices start:
{6 8 34 36 38}
tuples:
{29 29 12 12 12}
dist: 82
dist: 82
dist: 415
dist: 415
dist: 415

vlink src/dst: 11 13
number of protected paths set: 15
needed_slices: 26
paths: {0 3 11}
slices required:
{2 2 2}
slices start:
{33 18 40}
tuples:
{20 12 12}
dist: 146
dist: 337
dist: 505

vlink src/dst: 13 16
number of protected paths set: 15
needed_slices: 42
paths: {0 0 3 3 3}
slices required:
{2 4 2 2 4}
slices start:
{40 42 6 8 10}
tuples:
{20 43 12 12 34}
dist: 127
dist: 127
dist: 369
dist: 369
dist: 369

vlink src/dst: 1 2
number of protected paths set: 15
needed_slices: 38
paths: {0 8 12}
slices required:
{2 2 2}
slices start:
{20 42 34}
tuples:
{12 12 12}
dist: 443
dist: 546
dist: 585

vlink src/dst: 2 14
number of protected paths set: 15
needed_slices: 126
paths: {1 1 9 9 9 10 10 10}
slices required:
{2 4 2 2 2 2 2 2}
slices start:
{46 48 44 46 48 36 38 40}
tuples:
{12 25 12 12 12 12 12 12}
dist: 509
dist: 509
dist: 593
dist: 593
dist: 593
dist: 602
dist: 602
dist: 602

vlink src/dst: 3 16
number of protected paths set: 15
needed_slices: 54
paths: {1 13 19}
slices required:
{2 2 2}
slices start:
{46 22 18}
tuples:
{12 12 5}
dist: 570
dist: 723
dist: 1257

vlink src/dst: 8 11
number of protected paths set: 15
needed_slices: 24
paths: {0 14}
slices required:
{2 2}
slices start:
{35 0}
tuples:
{12 12}
dist: 452
dist: 596

vlink src/dst: 0 7
number of protected paths set: 15
needed_slices: 135
paths: {0 0 1 2 14 14 17 17}
slices required:
{2 2 3 3 2 2 2 2}
slices start:
{10 12 14 24 50 52 27 29}
tuples:
{12 12 17 17 12 12 12 12}
dist: 499
dist: 499
dist: 521
dist: 522
dist: 613
dist: 613
dist: 798
dist: 798

vlink src/dst: 5 16
number of protected paths set: 15
needed_slices: 164
paths: {1 1 1 8 8 8 17}
slices required:
{2 2 6 2 2 6 2}
slices start:
{27 29 31 54 56 58 52}
tuples:
{12 12 39 12 12 39 6}
dist: 538
dist: 538
dist: 538
dist: 599
dist: 599
dist: 599
dist: 1141

vlink src/dst: 10 11
number of protected paths set: 15
needed_slices: 52
paths: {0 0 10 10}
slices required:
{2 2 2 2}
slices start:
{37 48 2 4}
tuples:
{12 12 12 12}
dist: 484
dist: 484
dist: 618
dist: 618

vlink src/dst: 10 16
number of protected paths set: 15
needed_slices: 44
paths: {0 10 11}
slices required:
{2 2 2}
slices start:
{64 37 20}
tuples:
{12 12 12}
dist: 465
dist: 754
dist: 771

vlink src/dst: 15 18
number of protected paths set: 3
needed_slices: 86
paths: {0 0 0 6 6 6 9 9}
slices required:
{2 2 5 2 2 3 2 2}
slices start:
{42 44 54 34 36 38 41 43}
tuples:
{20 20 42 12 12 17 12 12}
dist: 186
dist: 186
dist: 186
dist: 551
dist: 551
dist: 551
dist: 618
dist: 618

vlink src/dst: 12 18
number of protected paths set: 3
needed_slices: 21
paths: {0 11}
slices required:
{2 3}
slices start:
{46 45}
tuples:
{20 17}
dist: 242
dist: 593

vlink src/dst: 2 17
number of protected paths set: 15
needed_slices: 95
paths: {1 1 2 3 3 3 12 12}
slices required:
{2 2 3 2 2 3 2 2}
slices start:
{48 50 59 14 16 59 66 68}
tuples:
{12 12 18 12 12 18 12 12}
dist: 428
dist: 428
dist: 431
dist: 441
dist: 441
dist: 441
dist: 799
dist: 799

vlink src/dst: 8 13
number of protected paths set: 15
needed_slices: 24
paths: {0 3}
slices required:
{3 3}
slices start:
{6 10}
tuples:
{27 18}
dist: 381
dist: 414

vlink src/dst: 17 19
number of protected paths set: 15
needed_slices: 101
paths: {0 0 2 4 8 8 14 14}
slices required:
{2 2 3 3 2 2 2 2}
slices start:
{2 4 22 42 52 54 0 6}
tuples:
{12 12 17 17 12 12 12 12}
dist: 512
dist: 512
dist: 530
dist: 563
dist: 612
dist: 612
dist: 754
dist: 754

vlink src/dst: 3 6
number of protected paths set: 3
needed_slices: 88
paths: {0 0 16 16 16}
slices required:
{2 2 2 2 2}
slices start:
{52 54 62 64 66}
tuples:
{12 12 6 6 6}
dist: 767
dist: 767
dist: 995
dist: 995
dist: 995

vlink src/dst: 1 8
number of protected paths set: 15
needed_slices: 60
paths: {1 6 10 10}
slices required:
{3 3 2 2}
slices start:
{25 6 31 64}
tuples:
{18 17 12 12}
dist: 491
dist: 562
dist: 630
dist: 630

vlink src/dst: 8 9
number of protected paths set: 3
needed_slices: 44
paths: {0 0 10 10}
slices required:
{2 2 2 2}
slices start:
{2 4 0 9}
tuples:
{12 12 12 12}
dist: 566
dist: 566
dist: 688
dist: 688

vlink src/dst: 3 14
number of protected paths set: 15
needed_slices: 103
paths: {0 0 3 3 3 13 13 13}
slices required:
{2 3 2 2 2 2 2 2}
slices start:
{0 9 28 30 32 6 11 13}
tuples:
{12 27 12 12 12 12 12 12}
dist: 354
dist: 354
dist: 481
dist: 481
dist: 481
dist: 685
dist: 685
dist: 685

vlink src/dst: 0 19
number of protected paths set: 15
needed_slices: 73
paths: {0 0 1 1 15 15}
slices required:
{2 3 2 3 2 2}
slices start:
{42 44 8 17 50 54}
tuples:
{12 27 12 27 12 12}
dist: 323
dist: 323
dist: 350
dist: 350
dist: 719
dist: 719

vlink src/dst: 1 5
number of protected paths set: 15
needed_slices: 28
paths: {0 0 4 4}
slices required:
{2 2 2 2}
slices start:
{12 14 15 17}
tuples:
{20 20 12 12}
dist: 244
dist: 244
dist: 395
dist: 395

vlink src/dst: 3 17
number of protected paths set: 15
needed_slices: 136
paths: {0 7 7 8 8 8 12 14}
slices required:
{2 2 4 2 2 2 3 3}
slices start:
{11 34 68 13 15 25 56 20}
tuples:
{12 12 24 12 12 12 11 10}
dist: 580
dist: 723
dist: 723
dist: 750
dist: 750
dist: 750
dist: 881
dist: 1082

vlink src/dst: 0 10
number of protected paths set: 15
needed_slices: 81
paths: {0 0 0 3 6 6 14 14}
slices required:
{2 2 3 3 2 2 2 2}
slices start:
{31 33 39 23 26 28 20 39}
tuples:
{12 12 18 18 12 12 12 12}
dist: 409
dist: 409
dist: 409
dist: 463
dist: 574
dist: 574
dist: 699
dist: 699
47 second(s) taken for solution
49 second(s) taken in total
cost = 2198

