
10 second(s) taken for initialization

vlink src/dst: 0 4
number of protected paths set: 3
needed_slices: 24
paths: {1 3}
slices required:
{3 3}
slices start:
{0 0}
tuples:
{27 18}
dist: 355
dist: 490

vlink src/dst: 5 6
number of protected paths set: 3
needed_slices: 80
paths: {0 0 0 1 1 2 2 2}
slices required:
{2 4 4 2 2 2 2 6}
slices start:
{3 5 9 3 5 7 9 11}
tuples:
{20 43 43 12 12 12 12 39}
dist: 104
dist: 104
dist: 104
dist: 405
dist: 405
dist: 563
dist: 563
dist: 563

vlink src/dst: 6 18
number of protected paths set: 3
needed_slices: 50
paths: {0 0 0 3 3 3 3}
slices required:
{2 2 3 2 2 2 3}
slices start:
{13 15 17 17 19 21 23}
tuples:
{20 20 27 12 12 12 18}
dist: 266
dist: 266
dist: 266
dist: 419
dist: 419
dist: 419
dist: 419

vlink src/dst: 0 5
number of protected paths set: 15
needed_slices: 43
paths: {0 0 0 1 1 1 1}
slices required:
{2 2 3 2 2 2 6}
slices start:
{17 19 21 3 5 26 28}
tuples:
{29 29 36 12 12 12 39}
dist: 53
dist: 53
dist: 53
dist: 418
dist: 418
dist: 418
dist: 418

vlink src/dst: 13 18
number of protected paths set: 15
needed_slices: 64
paths: {2 6 10 10 16}
slices required:
{2 2 2 2 2}
slices start:
{0 7 24 34 26}
tuples:
{12 12 12 12 12}
dist: 415
dist: 498
dist: 524
dist: 524
dist: 751

vlink src/dst: 3 7
number of protected paths set: 3
needed_slices: 110
paths: {1 1 1 7 7 7 7}
slices required:
{2 2 6 2 2 2 6}
slices start:
{7 9 11 17 19 21 36}
tuples:
{12 12 48 12 12 12 39}
dist: 375
dist: 375
dist: 375
dist: 464
dist: 464
dist: 464
dist: 464

vlink src/dst: 1 7
number of protected paths set: 3
needed_slices: 168
paths: {7 7 7 7 12 12 12 12}
slices required:
{2 2 2 6 2 2 2 6}
slices start:
{17 19 21 28 42 44 46 48}
tuples:
{12 12 12 39 12 12 12 39}
dist: 566
dist: 566
dist: 566
dist: 566
dist: 595
dist: 595
dist: 595
dist: 595

vlink src/dst: 4 9
number of protected paths set: 3
needed_slices: 32
paths: {0 0 5 5}
slices required:
{2 2 2 2}
slices start:
{3 5 36 38}
tuples:
{20 20 12 12}
dist: 176
dist: 176
dist: 486
dist: 486

vlink src/dst: 3 18
number of protected paths set: 15
needed_slices: 52
paths: {0 0 10 10 10}
slices required:
{2 2 2 2 2}
slices start:
{9 11 0 2 4}
tuples:
{20 20 12 12 12}
dist: 297
dist: 297
dist: 663
dist: 663
dist: 663

vlink src/dst: 2 4
number of protected paths set: 3
needed_slices: 64
paths: {3 3 17 17}
slices required:
{2 2 2 2}
slices start:
{9 11 28 30}
tuples:
{12 12 6 6}
dist: 788
dist: 788
dist: 880
dist: 880

vlink src/dst: 9 12
number of protected paths set: 3
needed_slices: 81
paths: {1 1 1 4 4 4}
slices required:
{2 3 4 2 3 4}
slices start:
{13 15 18 26 40 43}
tuples:
{12 27 34 12 27 34}
dist: 353
dist: 353
dist: 353
dist: 399
dist: 399
dist: 399

vlink src/dst: 1 18
number of protected paths set: 15
needed_slices: 134
paths: {0 2 2 11 12 12 13 13}
slices required:
{3 2 2 4 2 2 2 2}
slices start:
{13 34 54 6 10 12 54 56}
tuples:
{18 12 12 24 12 12 12 12}
dist: 426
dist: 488
dist: 488
dist: 609
dist: 623
dist: 623
dist: 796
dist: 796

vlink src/dst: 6 14
number of protected paths set: 3
needed_slices: 70
paths: {1 1 10 10 10}
slices required:
{2 2 2 2 2}
slices start:
{32 56 20 22 36}
tuples:
{12 12 6 6 6}
dist: 785
dist: 785
dist: 850
dist: 850
dist: 850

vlink src/dst: 9 19
number of protected paths set: 3
needed_slices: 273
paths: {0 2 2 2 18 18 18 18}
slices required:
{4 2 4 4 3 3 5 12}
slices start:
{2 6 24 28 47 50 58 63}
tuples:
{24 12 24 24 11 11 23 37}
dist: 723
dist: 735
dist: 735
dist: 735
dist: 825
dist: 825
dist: 825
dist: 825

vlink src/dst: 15 18
number of protected paths set: 15
needed_slices: 132
paths: {1 1 1 1 2 2 2 2}
slices required:
{2 2 2 6 2 2 2 6}
slices start:
{14 16 18 38 58 60 62 64}
tuples:
{12 12 12 39 12 12 12 39}
dist: 456
dist: 456
dist: 456
dist: 456
dist: 523
dist: 523
dist: 523
dist: 523

vlink src/dst: 2 18
number of protected paths set: 15
needed_slices: 27
paths: {1 3}
slices required:
{3 3}
slices start:
{24 75}
tuples:
{17 17}
dist: 543
dist: 597

vlink src/dst: 11 18
number of protected paths set: 15
needed_slices: 69
paths: {0 0 0 2 2 2 2}
slices required:
{2 2 6 2 2 3 6}
slices start:
{27 29 44 36 38 78 81}
tuples:
{20 20 48 12 12 18 39}
dist: 253
dist: 253
dist: 253
dist: 423
dist: 423
dist: 423
dist: 423

vlink src/dst: 1 12
number of protected paths set: 15
needed_slices: 45
paths: {0 0 7 7 7}
slices required:
{2 3 2 2 2}
slices start:
{6 8 24 26 44}
tuples:
{12 27 12 12 12}
dist: 309
dist: 309
dist: 487
dist: 487
dist: 487

vlink src/dst: 10 12
number of protected paths set: 15
needed_slices: 23
paths: {0 0 1 1 1}
slices required:
{2 5 2 2 4}
slices start:
{6 8 0 2 4}
tuples:
{20 51 20 20 35}
dist: 101
dist: 101
dist: 290
dist: 290
dist: 290

vlink src/dst: 10 11
number of protected paths set: 15
needed_slices: 12
paths: {0 0 1 1}
slices required:
{2 2 2 2}
slices start:
{8 10 13 15}
tuples:
{29 29 20 20}
dist: 100
dist: 100
dist: 291
dist: 291

vlink src/dst: 18 19
number of protected paths set: 3
needed_slices: 120
paths: {0 0 2 4 9 9 9 9}
slices required:
{4 6 2 2 2 2 2 4}
slices start:
{31 75 50 56 87 89 91 93}
tuples:
{25 39 12 12 12 12 12 24}
dist: 544
dist: 544
dist: 622
dist: 660
dist: 739
dist: 739
dist: 739
dist: 739

vlink src/dst: 12 15
number of protected paths set: 15
needed_slices: 87
paths: {1 1 3 4 4 12 12}
slices required:
{3 3 3 2 2 2 2}
slices start:
{32 53 22 34 36 97 99}
tuples:
{27 27 18 12 12 12 12}
dist: 335
dist: 335
dist: 474
dist: 474
dist: 474
dist: 668
dist: 668

vlink src/dst: 14 17
number of protected paths set: 15
needed_slices: 44
paths: {1 1 3 3 15}
slices required:
{2 2 2 2 2}
slices start:
{0 2 38 40 56}
tuples:
{12 12 12 12 12}
dist: 495
dist: 495
dist: 526
dist: 526
dist: 677

vlink src/dst: 2 12
number of protected paths set: 15
needed_slices: 20
paths: {0 3 7}
slices required:
{2 2 2}
slices start:
{78 42 8}
tuples:
{12 12 12}
dist: 360
dist: 489
dist: 531

vlink src/dst: 10 14
number of protected paths set: 15
needed_slices: 59
paths: {0 0 3 3 3 11 11}
slices required:
{3 3 2 2 3 2 2}
slices start:
{46 58 4 13 15 80 82}
tuples:
{27 27 12 12 18 12 12}
dist: 325
dist: 325
dist: 420
dist: 420
dist: 420
dist: 537
dist: 537

vlink src/dst: 15 19
number of protected paths set: 3
needed_slices: 96
paths: {0 0 0 2 2 2 2 2}
slices required:
{3 3 6 2 2 2 3 6}
slices start:
{32 38 44 0 20 22 28 84}
tuples:
{27 27 48 12 12 12 18 39}
dist: 370
dist: 370
dist: 370
dist: 436
dist: 436
dist: 436
dist: 436
dist: 436

vlink src/dst: 16 19
number of protected paths set: 3
needed_slices: 145
paths: {0 0 0 12 12 12 12 12}
slices required:
{2 3 6 2 2 2 4 6}
slices start:
{0 8 11 35 90 92 94 98}
tuples:
{12 27 48 12 12 12 24 31}
dist: 328
dist: 328
dist: 328
dist: 738
dist: 738
dist: 738
dist: 738
dist: 738

vlink src/dst: 1 14
number of protected paths set: 15
needed_slices: 57
paths: {1 1 1 1 2 2 2}
slices required:
{2 2 2 3 2 2 6}
slices start:
{0 2 4 6 0 2 61}
tuples:
{20 20 20 27 12 12 48}
dist: 293
dist: 293
dist: 293
dist: 293
dist: 355
dist: 355
dist: 355

vlink src/dst: 3 15
number of protected paths set: 15
needed_slices: 30
paths: {0 2 4}
slices required:
{3 3 3}
slices start:
{0 16 70}
tuples:
{27 27 27}
dist: 220
dist: 293
dist: 349

vlink src/dst: 8 16
number of protected paths set: 3
needed_slices: 32
paths: {0 0 1 1}
slices required:
{2 2 2 2}
slices start:
{0 2 19 25}
tuples:
{12 12 12 12}
dist: 334
dist: 334
dist: 402
dist: 402
89 second(s) taken for solution
99 second(s) taken in total
cost = 2243

