
4 second(s) taken for initialization

vlink src/dst: 3 5
number of protected paths set: 15
needed_slices: 19
paths: {0 1 1}
slices required:
{3 2 2}
slices start:
{0 0 2}
tuples:
{36 20 20}
dist: 73
dist: 174
dist: 174

vlink src/dst: 3 4
number of protected paths set: 15
needed_slices: 64
paths: {1 1 8 8 8 11 11}
slices required:
{2 2 2 2 2 2 2}
slices start:
{4 6 3 5 7 0 2}
tuples:
{20 20 12 12 12 12 12}
dist: 207
dist: 207
dist: 443
dist: 443
dist: 443
dist: 477
dist: 477

vlink src/dst: 1 14
number of protected paths set: 15
needed_slices: 90
paths: {0 0 0 2 2 2}
slices required:
{2 2 6 2 2 6}
slices start:
{9 11 13 4 6 8}
tuples:
{12 12 39 12 12 39}
dist: 464
dist: 464
dist: 464
dist: 485
dist: 485
dist: 485

vlink src/dst: 3 15
number of protected paths set: 15
needed_slices: 14
paths: {1 3}
slices required:
{2 2}
slices start:
{19 19}
tuples:
{20 20}
dist: 229
dist: 284

vlink src/dst: 5 16
number of protected paths set: 3
needed_slices: 166
paths: {0 0 0 1 14 14 15 15}
slices required:
{2 2 3 5 4 4 2 2}
slices start:
{8 10 12 21 26 30 15 17}
tuples:
{12 12 18 33 24 24 12 12}
dist: 482
dist: 482
dist: 482
dist: 483
dist: 654
dist: 654
dist: 655
dist: 655

vlink src/dst: 3 13
number of protected paths set: 15
needed_slices: 32
paths: {0 0 1 1}
slices required:
{2 2 2 2}
slices start:
{19 21 4 6}
tuples:
{20 20 12 12}
dist: 251
dist: 251
dist: 326
dist: 326

vlink src/dst: 0 3
number of protected paths set: 15
needed_slices: 34
paths: {0 0 0 1 1 1 1}
slices required:
{2 2 4 2 2 2 3}
slices start:
{23 25 27 34 36 38 40}
tuples:
{20 20 43 20 20 20 27}
dist: 136
dist: 136
dist: 136
dist: 216
dist: 216
dist: 216
dist: 216

vlink src/dst: 4 13
number of protected paths set: 15
needed_slices: 120
paths: {2 2 2 8 8 8}
slices required:
{3 3 6 3 3 6}
slices start:
{14 23 26 21 24 27}
tuples:
{27 27 48 27 27 48}
dist: 324
dist: 324
dist: 324
dist: 392
dist: 392
dist: 392

vlink src/dst: 3 9
number of protected paths set: 15
needed_slices: 14
paths: {0 2}
slices required:
{2 2}
slices start:
{43 33}
tuples:
{20 12}
dist: 287
dist: 315

vlink src/dst: 3 17
number of protected paths set: 15
needed_slices: 112
paths: {0 0 2 4 4 14 17 18}
slices required:
{2 2 2 2 2 2 2 2}
slices start:
{45 47 35 31 37 34 49 36}
tuples:
{12 12 12 12 12 12 12 6}
dist: 487
dist: 487
dist: 511
dist: 579
dist: 579
dist: 625
dist: 769
dist: 861

vlink src/dst: 4 9
number of protected paths set: 15
needed_slices: 40
paths: {1 5 16}
slices required:
{2 2 2}
slices start:
{37 17 0}
tuples:
{12 12 12}
dist: 371
dist: 429
dist: 715

vlink src/dst: 3 11
number of protected paths set: 3
needed_slices: 60
paths: {3 3 14 14}
slices required:
{2 2 2 2}
slices start:
{51 53 39 41}
tuples:
{12 12 12 12}
dist: 604
dist: 604
dist: 677
dist: 677

vlink src/dst: 1 8
number of protected paths set: 15
needed_slices: 74
paths: {0 0 2 2 2 4 9}
slices required:
{2 2 2 2 3 3 3}
slices start:
{43 45 0 2 8 14 55}
tuples:
{20 20 20 20 27 27 27}
dist: 218
dist: 218
dist: 281
dist: 281
dist: 281
dist: 340
dist: 387

vlink src/dst: 2 9
number of protected paths set: 15
needed_slices: 22
paths: {0 0 0 1 1 1}
slices required:
{2 2 2 2 2 4}
slices start:
{0 2 4 11 13 15}
tuples:
{29 29 29 20 20 35}
dist: 66
dist: 66
dist: 66
dist: 161
dist: 161
dist: 161

vlink src/dst: 0 15
number of protected paths set: 15
needed_slices: 34
paths: {0 0 0 1 1 1 1}
slices required:
{2 2 3 2 2 2 3}
slices start:
{14 16 33 4 6 11 39}
tuples:
{29 29 36 20 20 20 27}
dist: 67
dist: 67
dist: 67
dist: 201
dist: 201
dist: 201
dist: 201

vlink src/dst: 8 13
number of protected paths set: 15
needed_slices: 60
paths: {0 0 0 4 4 4}
slices required:
{2 2 4 2 3 6}
slices start:
{32 34 42 47 49 58}
tuples:
{29 29 44 12 27 48}
dist: 75
dist: 75
dist: 75
dist: 320
dist: 320
dist: 320

vlink src/dst: 0 4
number of protected paths set: 15
needed_slices: 80
paths: {1 1 1 2 2 2}
slices required:
{2 2 6 2 2 6}
slices start:
{43 45 47 39 41 64}
tuples:
{20 20 48 20 20 48}
dist: 221
dist: 221
dist: 221
dist: 261
dist: 261
dist: 261

vlink src/dst: 1 10
number of protected paths set: 15
needed_slices: 44
paths: {1 11 13}
slices required:
{2 2 2}
slices start:
{47 19 58}
tuples:
{12 12 12}
dist: 549
dist: 663
dist: 711

vlink src/dst: 9 15
number of protected paths set: 15
needed_slices: 64
paths: {0 0 0 1 1 1}
slices required:
{2 2 4 2 2 4}
slices start:
{36 52 64 52 70 72}
tuples:
{20 20 35 20 20 35}
dist: 231
dist: 231
dist: 231
dist: 245
dist: 245
dist: 245

vlink src/dst: 0 9
number of protected paths set: 15
needed_slices: 36
paths: {0 0 1 1 2 2}
slices required:
{2 2 2 2 2 2}
slices start:
{6 19 49 54 55 57}
tuples:
{20 20 20 20 20 20}
dist: 175
dist: 175
dist: 217
dist: 217
dist: 262
dist: 262

vlink src/dst: 10 13
number of protected paths set: 15
needed_slices: 36
paths: {1 14}
slices required:
{3 3}
slices start:
{4 2}
tuples:
{18 17}
dist: 409
dist: 595

vlink src/dst: 9 16
number of protected paths set: 3
needed_slices: 35
paths: {0 0 0 1 1 1 1}
slices required:
{2 2 4 2 2 2 3}
slices start:
{0 2 4 5 7 9 11}
tuples:
{20 20 43 20 20 20 27}
dist: 123
dist: 123
dist: 123
dist: 290
dist: 290
dist: 290
dist: 290

vlink src/dst: 0 7
number of protected paths set: 15
needed_slices: 122
paths: {1 1 1 8 8 8 15 15}
slices required:
{2 2 3 2 2 4 2 2}
slices start:
{76 78 80 2 8 23 53 60}
tuples:
{12 12 17 12 12 24 12 12}
dist: 532
dist: 532
dist: 532
dist: 609
dist: 609
dist: 609
dist: 712
dist: 712

vlink src/dst: 10 15
number of protected paths set: 15
needed_slices: 70
paths: {2 2 3 3 10 10}
slices required:
{2 3 2 3 2 3}
slices start:
{0 7 19 32 21 68}
tuples:
{12 18 12 18 12 17}
dist: 435
dist: 435
dist: 452
dist: 452
dist: 525
dist: 525

vlink src/dst: 11 12
number of protected paths set: 3
needed_slices: 36
paths: {0 0 0 1 1 1}
slices required:
{2 2 2 2 2 2}
slices start:
{0 2 4 0 2 19}
tuples:
{20 20 20 20 20 20}
dist: 224
dist: 224
dist: 224
dist: 283
dist: 283
dist: 283

vlink src/dst: 4 7
number of protected paths set: 15
needed_slices: 48
paths: {0 0 3 3 14}
slices required:
{2 2 2 2 2}
slices start:
{4 6 10 12 9}
tuples:
{12 12 12 12 12}
dist: 481
dist: 481
dist: 501
dist: 501
dist: 735

vlink src/dst: 6 18
number of protected paths set: 15
needed_slices: 56
paths: {1 1 10 10}
slices required:
{2 2 2 2}
slices start:
{10 12 0 8}
tuples:
{12 12 6 6}
dist: 713
dist: 713
dist: 874
dist: 874

vlink src/dst: 12 19
number of protected paths set: 3
needed_slices: 87
paths: {0 0 0 0 3 3 3 3}
slices required:
{2 2 2 3 2 2 2 6}
slices start:
{6 8 10 12 5 7 14 23}
tuples:
{20 20 20 27 12 12 12 39}
dist: 267
dist: 267
dist: 267
dist: 267
dist: 500
dist: 500
dist: 500
dist: 500

vlink src/dst: 6 19
number of protected paths set: 3
needed_slices: 90
paths: {0 0 0 11 11 11}
slices required:
{2 2 2 2 2 2}
slices start:
{16 29 35 16 29 39}
tuples:
{6 6 6 6 6 6}
dist: 814
dist: 814
dist: 814
dist: 923
dist: 923
dist: 923

vlink src/dst: 10 14
number of protected paths set: 15
needed_slices: 121
paths: {0 9 9 9 17 17 17 17}
slices required:
{6 2 2 3 2 2 2 2}
slices start:
{21 19 33 39 2 4 6 11}
tuples:
{48 12 12 17 12 12 12 12}
dist: 334
dist: 597
dist: 597
dist: 597
dist: 713
dist: 713
dist: 713
dist: 713
142 second(s) taken for solution
146 second(s) taken in total
cost = 1880

