
4 second(s) taken for initialization

vlink src/dst: 18 19
number of protected paths set: 3
needed_slices: 99
paths: {2 2 2 2 13 13 13}
slices required:
{2 2 2 3 2 2 5}
slices start:
{0 2 4 6 0 2 4}
tuples:
{12 12 12 17 12 12 32}
dist: 542
dist: 542
dist: 542
dist: 542
dist: 643
dist: 643
dist: 643

vlink src/dst: 17 19
number of protected paths set: 3
needed_slices: 33
paths: {0 0 0 1 1 1}
slices required:
{2 2 2 2 3 4}
slices start:
{9 11 13 9 11 14}
tuples:
{29 29 29 12 27 34}
dist: 67
dist: 67
dist: 67
dist: 383
dist: 383
dist: 383

vlink src/dst: 5 7
number of protected paths set: 15
needed_slices: 40
paths: {0 4 16}
slices required:
{2 2 2}
slices start:
{9 18 0}
tuples:
{12 12 12}
dist: 376
dist: 502
dist: 785

vlink src/dst: 0 7
number of protected paths set: 15
needed_slices: 105
paths: {0 0 0 7 7 7 19 19}
slices required:
{2 2 2 2 2 3 2 2}
slices start:
{11 13 15 20 22 24 2 4}
tuples:
{20 20 20 12 12 17 12 12}
dist: 277
dist: 277
dist: 277
dist: 520
dist: 520
dist: 520
dist: 777
dist: 777

vlink src/dst: 4 10
number of protected paths set: 3
needed_slices: 72
paths: {0 0 0 11 11 11}
slices required:
{2 2 2 2 2 2}
slices start:
{2 4 6 27 29 31}
tuples:
{12 12 12 12 12 12}
dist: 523
dist: 523
dist: 523
dist: 587
dist: 587
dist: 587

vlink src/dst: 4 12
number of protected paths set: 3
needed_slices: 280
paths: {0 1 1 16 16 16 16 16}
slices required:
{4 4 5 2 2 2 5 5}
slices start:
{27 31 35 6 8 10 12 33}
tuples:
{24 24 32 6 6 6 23 23}
dist: 648
dist: 666
dist: 666
dist: 814
dist: 814
dist: 814
dist: 814
dist: 814

vlink src/dst: 7 10
number of protected paths set: 15
needed_slices: 108
paths: {1 9 9 11 11 12 15 15}
slices required:
{2 2 2 2 2 2 2 2}
slices start:
{0 17 19 40 42 44 20 22}
tuples:
{12 12 12 12 12 12 12 12}
dist: 482
dist: 539
dist: 539
dist: 627
dist: 627
dist: 634
dist: 740
dist: 740

vlink src/dst: 3 17
number of protected paths set: 15
needed_slices: 42
paths: {3 5}
slices required:
{3 3}
slices start:
{46 24}
tuples:
{17 17}
dist: 571
dist: 589

vlink src/dst: 17 18
number of protected paths set: 15
needed_slices: 56
paths: {0 0 7 7 14}
slices required:
{2 2 2 2 2}
slices start:
{21 40 9 11 38}
tuples:
{12 12 12 12 12}
dist: 475
dist: 475
dist: 620
dist: 620
dist: 721

vlink src/dst: 2 8
number of protected paths set: 3
needed_slices: 111
paths: {1 1 1 2 2 2 2}
slices required:
{2 3 6 2 2 3 6}
slices start:
{18 20 33 46 48 50 53}
tuples:
{12 27 48 12 12 18 39}
dist: 360
dist: 360
dist: 360
dist: 425
dist: 425
dist: 425
dist: 425

vlink src/dst: 0 11
number of protected paths set: 15
needed_slices: 52
paths: {3 3 15 15}
slices required:
{2 2 2 2}
slices start:
{27 29 13 15}
tuples:
{12 12 12 12}
dist: 481
dist: 481
dist: 616
dist: 616

vlink src/dst: 10 13
number of protected paths set: 15
needed_slices: 70
paths: {0 0 3 5 18}
slices required:
{2 2 2 2 2}
slices start:
{24 40 49 51 17}
tuples:
{12 12 12 12 12}
dist: 616
dist: 616
dist: 631
dist: 637
dist: 779

vlink src/dst: 7 15
number of protected paths set: 15
needed_slices: 50
paths: {2 11 15}
slices required:
{2 2 3}
slices start:
{42 0 59}
tuples:
{12 12 11}
dist: 555
dist: 714
dist: 870

vlink src/dst: 2 16
number of protected paths set: 3
needed_slices: 56
paths: {1 1 14 14}
slices required:
{2 2 2 2}
slices start:
{6 8 53 55}
tuples:
{12 12 12 12}
dist: 483
dist: 483
dist: 655
dist: 655

vlink src/dst: 6 10
number of protected paths set: 15
needed_slices: 45
paths: {6 9 11}
slices required:
{3 3 3}
slices start:
{17 13 33}
tuples:
{17 17 17}
dist: 526
dist: 553
dist: 564

vlink src/dst: 10 11
number of protected paths set: 15
needed_slices: 110
paths: {1 1 1 15 15 15 16 16}
slices required:
{2 2 2 2 2 2 2 2}
slices start:
{8 10 33 62 64 66 24 26}
tuples:
{12 12 12 12 12 12 12 12}
dist: 479
dist: 479
dist: 479
dist: 751
dist: 751
dist: 751
dist: 757
dist: 757

vlink src/dst: 10 16
number of protected paths set: 15
needed_slices: 176
paths: {1 1 10 10 10 14 14 14}
slices required:
{2 6 2 2 4 2 2 5}
slices start:
{35 57 28 30 38 68 70 72}
tuples:
{12 39 12 12 24 6 6 23}
dist: 524
dist: 524
dist: 711
dist: 711
dist: 711
dist: 821
dist: 821
dist: 821

vlink src/dst: 6 18
number of protected paths set: 15
needed_slices: 57
paths: {0 1 1 2 2 2 3 3}
slices required:
{2 2 2 2 2 3 2 3}
slices start:
{2 4 6 9 11 13 0 20}
tuples:
{20 20 20 20 20 27 12 27}
dist: 271
dist: 277
dist: 277
dist: 291
dist: 291
dist: 291
dist: 337
dist: 337

vlink src/dst: 3 6
number of protected paths set: 15
needed_slices: 16
paths: {0 0 1 1}
slices required:
{2 2 2 2}
slices start:
{2 4 8 10}
tuples:
{20 20 20 20}
dist: 129
dist: 129
dist: 193
dist: 193

vlink src/dst: 10 14
number of protected paths set: 3
needed_slices: 78
paths: {1 1 1 15 15 15}
slices required:
{2 2 2 2 2 2}
slices start:
{44 46 48 28 30 37}
tuples:
{12 12 12 12 12 12}
dist: 627
dist: 627
dist: 627
dist: 778
dist: 778
dist: 778

vlink src/dst: 1 16
number of protected paths set: 15
needed_slices: 30
paths: {2 7}
slices required:
{3 3}
slices start:
{40 2}
tuples:
{18 17}
dist: 479
dist: 507

vlink src/dst: 9 14
number of protected paths set: 3
needed_slices: 31
paths: {0 0 0 1 1 1 1}
slices required:
{2 2 3 2 2 2 6}
slices start:
{0 2 4 0 5 7 9}
tuples:
{29 29 36 12 12 12 39}
dist: 85
dist: 85
dist: 85
dist: 482
dist: 482
dist: 482
dist: 482

vlink src/dst: 3 18
number of protected paths set: 15
needed_slices: 29
paths: {0 0 2 3 3}
slices required:
{2 2 2 2 3}
slices start:
{4 6 0 23 49}
tuples:
{20 20 20 12 27}
dist: 204
dist: 204
dist: 220
dist: 327
dist: 327

vlink src/dst: 13 14
number of protected paths set: 3
needed_slices: 48
paths: {0 0 3 3}
slices required:
{2 2 2 2}
slices start:
{2 15 26 28}
tuples:
{12 12 12 12}
dist: 509
dist: 509
dist: 592
dist: 592

vlink src/dst: 6 15
number of protected paths set: 15
needed_slices: 32
paths: {0 7 13}
slices required:
{2 2 2}
slices start:
{19 52 43}
tuples:
{12 12 12}
dist: 449
dist: 525
dist: 697

vlink src/dst: 6 12
number of protected paths set: 3
needed_slices: 139
paths: {0 0 1 1 1 4 4 4}
slices required:
{2 2 2 4 6 2 2 3}
slices start:
{21 40 52 54 58 45 47 49}
tuples:
{12 12 12 25 39 12 12 17}
dist: 503
dist: 503
dist: 515
dist: 515
dist: 515
dist: 569
dist: 569
dist: 569

vlink src/dst: 9 15
number of protected paths set: 15
needed_slices: 95
paths: {1 1 2 3 3 3 12 12}
slices required:
{2 2 3 2 2 3 2 2}
slices start:
{0 17 19 17 23 30 64 66}
tuples:
{12 12 18 12 12 18 12 12}
dist: 428
dist: 428
dist: 431
dist: 441
dist: 441
dist: 441
dist: 799
dist: 799

vlink src/dst: 1 15
number of protected paths set: 15
needed_slices: 12
paths: {0 0 1 1}
slices required:
{2 2 2 2}
slices start:
{2 4 2 4}
tuples:
{29 29 20 20}
dist: 96
dist: 96
dist: 211
dist: 211

vlink src/dst: 3 12
number of protected paths set: 3
needed_slices: 30
paths: {0 5}
slices required:
{3 3}
slices start:
{64 52}
tuples:
{27 17}
dist: 379
dist: 502

vlink src/dst: 0 5
number of protected paths set: 15
needed_slices: 25
paths: {0 0 0 1 1 1 1}
slices required:
{2 2 3 2 2 2 3}
slices start:
{0 6 11 0 6 13 15}
tuples:
{29 29 36 20 20 20 27}
dist: 99
dist: 99
dist: 99
dist: 265
dist: 265
dist: 265
dist: 265
128 second(s) taken for solution
132 second(s) taken in total
cost = 2127

