
7 second(s) taken for initialization

vlink src/dst: 8 18
number of protected paths set: 15
needed_slices: 8
paths: {0 1}
slices required:
{2 2}
slices start:
{0 0}
tuples:
{20 20}
dist: 156
dist: 167

vlink src/dst: 0 5
number of protected paths set: 15
needed_slices: 126
paths: {0 2 2 3 3 6 6 6}
slices required:
{8 2 2 2 2 2 2 3}
slices start:
{2 10 12 10 12 2 4 6}
tuples:
{47 12 12 12 12 12 12 17}
dist: 465
dist: 489
dist: 489
dist: 524
dist: 524
dist: 549
dist: 549
dist: 549

vlink src/dst: 16 18
number of protected paths set: 15
needed_slices: 64
paths: {0 0 0 2 2 2}
slices required:
{2 2 4 2 2 4}
slices start:
{14 16 18 2 4 6}
tuples:
{20 20 35 20 20 35}
dist: 223
dist: 223
dist: 223
dist: 276
dist: 276
dist: 276

vlink src/dst: 14 16
number of protected paths set: 15
needed_slices: 54
paths: {0 0 0 0 1 1 1 1}
slices required:
{2 2 2 3 2 2 2 3}
slices start:
{22 24 26 28 0 10 12 14}
tuples:
{20 20 20 28 20 20 20 27}
dist: 176
dist: 176
dist: 176
dist: 176
dist: 219
dist: 219
dist: 219
dist: 219

vlink src/dst: 15 18
number of protected paths set: 15
needed_slices: 84
paths: {2 2 7 7 17 17}
slices required:
{2 2 2 2 2 2}
slices start:
{0 14 17 19 31 33}
tuples:
{12 12 12 12 12 12}
dist: 578
dist: 578
dist: 617
dist: 617
dist: 751
dist: 751

vlink src/dst: 12 17
number of protected paths set: 15
needed_slices: 48
paths: {0 0 3 3 9 9}
slices required:
{2 2 2 2 2 2}
slices start:
{21 23 21 23 17 19}
tuples:
{20 20 20 20 12 12}
dist: 208
dist: 208
dist: 280
dist: 280
dist: 387
dist: 387

vlink src/dst: 11 13
number of protected paths set: 3
needed_slices: 98
paths: {1 1 1 15 15 15 15}
slices required:
{2 2 3 2 2 2 2}
slices start:
{25 27 29 35 37 39 41}
tuples:
{12 12 17 12 12 12 12}
dist: 516
dist: 516
dist: 516
dist: 655
dist: 655
dist: 655
dist: 655

vlink src/dst: 5 19
number of protected paths set: 15
needed_slices: 68
paths: {0 0 13 13}
slices required:
{2 2 2 2}
slices start:
{32 34 43 45}
tuples:
{12 12 12 12}
dist: 709
dist: 709
dist: 793
dist: 793

vlink src/dst: 5 12
number of protected paths set: 15
needed_slices: 32
paths: {0 0 0 1 1 1}
slices required:
{2 2 4 2 2 4}
slices start:
{16 18 25 0 14 16}
tuples:
{20 20 35 20 20 35}
dist: 178
dist: 178
dist: 178
dist: 234
dist: 234
dist: 234

vlink src/dst: 6 14
number of protected paths set: 15
needed_slices: 40
paths: {2 4 14}
slices required:
{2 2 2}
slices start:
{36 29 21}
tuples:
{12 12 12}
dist: 464
dist: 513
dist: 752

vlink src/dst: 6 13
number of protected paths set: 3
needed_slices: 156
paths: {0 0 0 0 2 2 2 2}
slices required:
{2 2 3 6 2 2 3 6}
slices start:
{31 33 43 46 38 40 42 45}
tuples:
{12 12 18 39 12 12 18 39}
dist: 407
dist: 407
dist: 407
dist: 407
dist: 427
dist: 427
dist: 427
dist: 427

vlink src/dst: 2 14
number of protected paths set: 3
needed_slices: 78
paths: {0 0 0 4 4 4}
slices required:
{2 2 2 2 2 2}
slices start:
{52 54 56 51 53 55}
tuples:
{12 12 12 12 12 12}
dist: 466
dist: 466
dist: 466
dist: 576
dist: 576
dist: 576

vlink src/dst: 2 3
number of protected paths set: 3
needed_slices: 29
paths: {0 0 0 1 1 1}
slices required:
{2 2 5 2 2 6}
slices start:
{0 2 4 0 2 4}
tuples:
{20 20 51 20 20 48}
dist: 147
dist: 147
dist: 147
dist: 214
dist: 214
dist: 214

vlink src/dst: 10 13
number of protected paths set: 3
needed_slices: 161
paths: {0 0 1 1 1 7 7 7}
slices required:
{2 2 2 2 3 2 4 8}
slices start:
{57 59 61 63 65 58 60 64}
tuples:
{12 12 12 12 17 12 24 38}
dist: 551
dist: 551
dist: 569
dist: 569
dist: 569
dist: 650
dist: 650
dist: 650

vlink src/dst: 1 12
number of protected paths set: 15
needed_slices: 148
paths: {1 1 1 5 5 5 13 13}
slices required:
{2 2 3 2 2 3 3 5}
slices start:
{72 74 76 36 38 40 47 58}
tuples:
{12 12 18 12 12 17 11 23}
dist: 496
dist: 496
dist: 496
dist: 550
dist: 550
dist: 550
dist: 856
dist: 856

vlink src/dst: 1 18
number of protected paths set: 15
needed_slices: 140
paths: {0 0 1 12 12 15 15 15}
slices required:
{2 2 2 2 5 2 2 3}
slices start:
{68 70 79 72 74 50 52 54}
tuples:
{12 12 12 12 32 6 6 11}
dist: 518
dist: 518
dist: 536
dist: 654
dist: 654
dist: 837
dist: 837
dist: 837

vlink src/dst: 7 14
number of protected paths set: 3
needed_slices: 60
paths: {3 3 5 5}
slices required:
{2 2 2 2}
slices start:
{63 65 81 83}
tuples:
{12 12 12 12}
dist: 773
dist: 773
dist: 780
dist: 780

vlink src/dst: 9 14
number of protected paths set: 3
needed_slices: 68
paths: {1 1 4 4}
slices required:
{2 2 2 2}
slices start:
{67 69 85 87}
tuples:
{12 12 12 12}
dist: 684
dist: 684
dist: 703
dist: 703

vlink src/dst: 8 16
number of protected paths set: 15
needed_slices: 16
paths: {0 0 1 1}
slices required:
{2 2 2 2}
slices start:
{0 2 21 23}
tuples:
{29 29 20 20}
dist: 67
dist: 67
dist: 201
dist: 201

vlink src/dst: 8 10
number of protected paths set: 15
needed_slices: 148
paths: {0 0 8 8 8 13 14 14}
slices required:
{2 6 2 2 4 2 2 2}
slices start:
{4 6 25 27 43 0 14 16}
tuples:
{12 39 12 12 24 12 12 12}
dist: 539
dist: 539
dist: 610
dist: 610
dist: 610
dist: 786
dist: 793
dist: 793

vlink src/dst: 11 17
number of protected paths set: 15
needed_slices: 69
paths: {0 0 3 3 3 15 15}
slices required:
{2 3 2 2 2 2 2}
slices start:
{0 2 25 27 29 2 4}
tuples:
{12 27 12 12 12 12 12}
dist: 361
dist: 361
dist: 488
dist: 488
dist: 488
dist: 703
dist: 703

vlink src/dst: 5 10
number of protected paths set: 15
needed_slices: 44
paths: {2 7 13}
slices required:
{2 2 2}
slices start:
{0 29 89}
tuples:
{12 12 6}
dist: 721
dist: 763
dist: 846

vlink src/dst: 1 3
number of protected paths set: 15
needed_slices: 102
paths: {4 4 8 8 8 11 11 11}
slices required:
{2 4 2 2 2 2 2 2}
slices start:
{12 91 10 12 21 2 12 14}
tuples:
{12 24 12 12 12 12 12 12}
dist: 609
dist: 609
dist: 635
dist: 635
dist: 635
dist: 663
dist: 663
dist: 663

vlink src/dst: 7 17
number of protected paths set: 3
needed_slices: 60
paths: {2 2 2 5 5 5}
slices required:
{2 2 2 2 2 2}
slices start:
{6 8 10 6 8 79}
tuples:
{12 12 12 12 12 12}
dist: 598
dist: 598
dist: 598
dist: 669
dist: 669
dist: 669

vlink src/dst: 10 11
number of protected paths set: 15
needed_slices: 13
paths: {0 1}
slices required:
{2 3}
slices start:
{12 16}
tuples:
{20 27}
dist: 269
dist: 352

vlink src/dst: 1 4
number of protected paths set: 15
needed_slices: 38
paths: {0 0 0 1 1 1}
slices required:
{2 2 3 2 2 4}
slices start:
{0 6 8 14 19 21}
tuples:
{20 20 27 12 12 34}
dist: 280
dist: 280
dist: 280
dist: 312
dist: 312
dist: 312

vlink src/dst: 1 19
number of protected paths set: 15
needed_slices: 63
paths: {0 0 8 8 15 18}
slices required:
{2 3 2 2 2 2}
slices start:
{0 25 11 13 25 18}
tuples:
{20 27 12 12 12 12}
dist: 232
dist: 232
dist: 548
dist: 548
dist: 602
dist: 700

vlink src/dst: 7 19
number of protected paths set: 3
needed_slices: 130
paths: {1 1 1 1 3 3 3 3}
slices required:
{2 2 3 6 2 2 3 6}
slices start:
{2 4 15 18 28 30 36 39}
tuples:
{12 12 17 39 12 12 17 39}
dist: 527
dist: 527
dist: 527
dist: 527
dist: 537
dist: 537
dist: 537
dist: 537

vlink src/dst: 9 11
number of protected paths set: 3
needed_slices: 54
paths: {0 0 2 2 2}
slices required:
{2 5 2 2 6}
slices start:
{0 6 6 8 71}
tuples:
{20 51 12 12 39}
dist: 150
dist: 150
dist: 436
dist: 436
dist: 436

vlink src/dst: 7 15
number of protected paths set: 3
needed_slices: 32
paths: {2 2 4 4}
slices required:
{2 2 2 2}
slices start:
{24 26 16 23}
tuples:
{12 12 12 12}
dist: 540
dist: 540
dist: 560
dist: 560
131 second(s) taken for solution
138 second(s) taken in total
cost = 2231

