
4 second(s) taken for initialization

vlink src/dst: 6 11
number of protected paths set: 3
needed_slices: 84
paths: {1 1 13 13 13}
slices required:
{2 2 2 2 2}
slices start:
{0 2 0 2 4}
tuples:
{12 12 6 6 6}
dist: 674
dist: 674
dist: 826
dist: 826
dist: 826

vlink src/dst: 11 16
number of protected paths set: 3
needed_slices: 64
paths: {1 1 15 15}
slices required:
{2 2 2 2}
slices start:
{6 8 4 6}
tuples:
{12 12 12 12}
dist: 498
dist: 498
dist: 613
dist: 613

vlink src/dst: 13 17
number of protected paths set: 15
needed_slices: 38
paths: {1 11 12}
slices required:
{2 2 2}
slices start:
{8 8 10}
tuples:
{12 12 12}
dist: 420
dist: 625
dist: 702

vlink src/dst: 9 11
number of protected paths set: 15
needed_slices: 110
paths: {1 1 2 6 6 6 14 16}
slices required:
{3 3 2 2 2 3 2 2}
slices start:
{12 15 12 14 16 18 10 18}
tuples:
{27 27 12 12 12 18 12 12}
dist: 387
dist: 387
dist: 409
dist: 460
dist: 460
dist: 460
dist: 533
dist: 777

vlink src/dst: 8 15
number of protected paths set: 3
needed_slices: 168
paths: {0 2 2 15 15 15 15 16}
slices required:
{2 4 6 2 2 2 4 2}
slices start:
{10 21 25 21 23 25 27 31}
tuples:
{12 25 39 12 12 12 24 12}
dist: 493
dist: 547
dist: 547
dist: 633
dist: 633
dist: 633
dist: 633
dist: 687

vlink src/dst: 0 13
number of protected paths set: 15
needed_slices: 102
paths: {0 0 0 10 10 10 14 14}
slices required:
{2 2 2 2 2 2 2 2}
slices start:
{0 2 4 33 35 37 6 8}
tuples:
{12 12 12 12 12 12 12 12}
dist: 433
dist: 433
dist: 433
dist: 610
dist: 610
dist: 610
dist: 782
dist: 782

vlink src/dst: 13 14
number of protected paths set: 15
needed_slices: 128
paths: {1 12 12 12 15 15 15 15}
slices required:
{6 2 2 3 2 2 2 2}
slices start:
{31 12 14 16 21 23 25 27}
tuples:
{48 12 12 17 6 6 6 6}
dist: 392
dist: 555
dist: 555
dist: 555
dist: 828
dist: 828
dist: 828
dist: 828

vlink src/dst: 6 13
number of protected paths set: 3
needed_slices: 84
paths: {1 1 1 14 14 14}
slices required:
{2 2 2 2 2 2}
slices start:
{4 19 21 37 39 41}
tuples:
{12 12 12 12 12 12}
dist: 483
dist: 483
dist: 483
dist: 655
dist: 655
dist: 655

vlink src/dst: 3 17
number of protected paths set: 15
needed_slices: 60
paths: {0 11 16}
slices required:
{2 3 3}
slices start:
{19 33 0}
tuples:
{12 11 11}
dist: 700
dist: 835
dist: 936

vlink src/dst: 6 17
number of protected paths set: 3
needed_slices: 56
paths: {4 4 12 12}
slices required:
{2 2 2 2}
slices start:
{43 45 29 43}
tuples:
{12 12 6 6}
dist: 718
dist: 718
dist: 816
dist: 816

vlink src/dst: 9 12
number of protected paths set: 3
needed_slices: 136
paths: {0 0 0 0 13 17 17 17}
slices required:
{2 2 2 5 2 2 2 4}
slices start:
{36 38 40 47 12 14 16 29}
tuples:
{12 12 12 32 12 12 12 24}
dist: 657
dist: 657
dist: 657
dist: 657
dist: 752
dist: 785
dist: 785
dist: 785

vlink src/dst: 13 19
number of protected paths set: 3
needed_slices: 56
paths: {1 1 13 13}
slices required:
{2 2 2 2}
slices start:
{0 2 45 47}
tuples:
{12 12 12 12}
dist: 493
dist: 493
dist: 619
dist: 619

vlink src/dst: 10 14
number of protected paths set: 15
needed_slices: 34
paths: {0 0 6 6 6}
slices required:
{2 2 2 2 2}
slices start:
{10 12 6 8 10}
tuples:
{20 20 12 12 12}
dist: 295
dist: 295
dist: 413
dist: 413
dist: 413

vlink src/dst: 9 10
number of protected paths set: 15
needed_slices: 24
paths: {0 0 1 1}
slices required:
{2 2 2 2}
slices start:
{8 52 43 49}
tuples:
{20 20 20 20}
dist: 144
dist: 144
dist: 173
dist: 173

vlink src/dst: 1 4
number of protected paths set: 15
needed_slices: 16
paths: {1 2}
slices required:
{2 2}
slices start:
{0 54}
tuples:
{20 20}
dist: 215
dist: 234

vlink src/dst: 1 7
number of protected paths set: 15
needed_slices: 145
paths: {0 0 0 14 14 14 17 17}
slices required:
{2 2 3 2 2 3 3 3}
slices start:
{51 53 55 51 56 58 23 26}
tuples:
{12 12 18 12 12 17 11 11}
dist: 450
dist: 450
dist: 450
dist: 592
dist: 592
dist: 592
dist: 831
dist: 831

vlink src/dst: 14 16
number of protected paths set: 3
needed_slices: 28
paths: {0 0 1 1}
slices required:
{2 2 2 2}
slices start:
{8 10 14 16}
tuples:
{20 20 20 20}
dist: 242
dist: 242
dist: 247
dist: 247

vlink src/dst: 4 18
number of protected paths set: 15
needed_slices: 32
paths: {0 0 7 7}
slices required:
{2 2 2 2}
slices start:
{21 23 18 33}
tuples:
{20 20 12 12}
dist: 239
dist: 239
dist: 543
dist: 543

vlink src/dst: 5 19
number of protected paths set: 3
needed_slices: 110
paths: {2 2 2 4 4 4}
slices required:
{2 2 6 2 2 6}
slices start:
{25 27 37 20 22 58}
tuples:
{12 12 39 12 12 39}
dist: 418
dist: 418
dist: 418
dist: 458
dist: 458
dist: 458

vlink src/dst: 4 7
number of protected paths set: 15
needed_slices: 32
paths: {0 1 17}
slices required:
{2 2 2}
slices start:
{49 33 35}
tuples:
{12 12 12}
dist: 334
dist: 380
dist: 668

vlink src/dst: 2 4
number of protected paths set: 15
needed_slices: 42
paths: {4 9 12}
slices required:
{2 2 2}
slices start:
{53 37 43}
tuples:
{12 12 12}
dist: 502
dist: 643
dist: 694

vlink src/dst: 4 8
number of protected paths set: 15
needed_slices: 27
paths: {0 2}
slices required:
{3 3}
slices start:
{6 3}
tuples:
{18 17}
dist: 462
dist: 512

vlink src/dst: 0 4
number of protected paths set: 15
needed_slices: 80
paths: {0 0 5 6 6 11 11 12}
slices required:
{2 4 2 2 2 2 2 2}
slices start:
{39 41 14 61 63 52 56 65}
tuples:
{12 34 12 12 12 12 12 12}
dist: 316
dist: 316
dist: 462
dist: 466
dist: 466
dist: 511
dist: 511
dist: 530

vlink src/dst: 0 3
number of protected paths set: 15
needed_slices: 27
paths: {0 2}
slices required:
{3 3}
slices start:
{45 3}
tuples:
{17 17}
dist: 505
dist: 578

vlink src/dst: 2 18
number of protected paths set: 15
needed_slices: 22
paths: {0 0 0 1 1 1}
slices required:
{2 2 2 2 2 4}
slices start:
{0 2 4 6 8 10}
tuples:
{29 29 29 20 20 35}
dist: 99
dist: 99
dist: 99
dist: 265
dist: 265
dist: 265

vlink src/dst: 2 19
number of protected paths set: 3
needed_slices: 67
paths: {0 0 0 0 3 3 3}
slices required:
{2 2 2 3 2 2 6}
slices start:
{0 2 4 14 25 27 67}
tuples:
{20 20 20 27 12 12 48}
dist: 221
dist: 221
dist: 221
dist: 221
dist: 388
dist: 388
dist: 388

vlink src/dst: 11 13
number of protected paths set: 15
needed_slices: 78
paths: {0 0 0 0 4 4 4}
slices required:
{2 2 2 3 2 2 6}
slices start:
{10 29 31 39 61 63 65}
tuples:
{20 20 20 27 12 12 48}
dist: 270
dist: 270
dist: 270
dist: 270
dist: 387
dist: 387
dist: 387

vlink src/dst: 2 14
number of protected paths set: 15
needed_slices: 13
paths: {0 1}
slices required:
{2 3}
slices start:
{10 17}
tuples:
{20 27}
dist: 178
dist: 331

vlink src/dst: 0 17
number of protected paths set: 15
needed_slices: 18
paths: {0 3}
slices required:
{3 3}
slices start:
{3 6}
tuples:
{27 18}
dist: 325
dist: 420

vlink src/dst: 12 17
number of protected paths set: 3
needed_slices: 16
paths: {0 6}
slices required:
{2 3}
slices start:
{12 0}
tuples:
{20 17}
dist: 237
dist: 556
52 second(s) taken for solution
56 second(s) taken in total
cost = 1897

