
4 second(s) taken for initialization

vlink src/dst: 5 18
number of protected paths set: 3
needed_slices: 171
paths: {0 0 15 15 15 15 15 15}
slices required:
{2 7 2 2 2 2 3 5}
slices start:
{0 2 0 2 4 6 8 11}
tuples:
{20 54 6 6 6 6 10 22}
dist: 178
dist: 178
dist: 1054
dist: 1054
dist: 1054
dist: 1054
dist: 1054
dist: 1054

vlink src/dst: 18 19
number of protected paths set: 3
needed_slices: 154
paths: {0 0 0 14 14 14 16 16}
slices required:
{2 2 6 2 2 4 2 3}
slices start:
{16 18 20 16 18 20 24 26}
tuples:
{12 12 48 12 12 24 6 11}
dist: 390
dist: 390
dist: 390
dist: 759
dist: 759
dist: 759
dist: 825
dist: 825

vlink src/dst: 5 15
number of protected paths set: 3
needed_slices: 45
paths: {0 0 0 1 1 1}
slices required:
{2 2 3 2 2 4}
slices start:
{9 11 13 29 31 33}
tuples:
{20 20 27 12 12 34}
dist: 284
dist: 284
dist: 284
dist: 301
dist: 301
dist: 301

vlink src/dst: 3 19
number of protected paths set: 15
needed_slices: 56
paths: {0 0 1 1 16 16}
slices required:
{2 2 2 2 2 2}
slices start:
{37 39 26 37 0 2}
tuples:
{12 12 12 12 12 12}
dist: 334
dist: 334
dist: 403
dist: 403
dist: 610
dist: 610

vlink src/dst: 5 6
number of protected paths set: 3
needed_slices: 124
paths: {2 2 2 13 13 13 13}
slices required:
{2 2 2 2 2 2 2}
slices start:
{28 30 32 41 43 45 47}
tuples:
{12 12 12 6 6 6 6}
dist: 660
dist: 660
dist: 660
dist: 886
dist: 886
dist: 886
dist: 886

vlink src/dst: 0 19
number of protected paths set: 15
needed_slices: 66
paths: {0 14 18}
slices required:
{2 3 3}
slices start:
{49 49 4}
tuples:
{12 11 11}
dist: 539
dist: 850
dist: 932

vlink src/dst: 16 18
number of protected paths set: 3
needed_slices: 93
paths: {0 0 0 4 4 5 5 5}
slices required:
{2 2 5 2 2 2 2 3}
slices start:
{34 39 41 34 36 29 31 41}
tuples:
{20 20 41 12 12 12 12 17}
dist: 227
dist: 227
dist: 227
dist: 538
dist: 538
dist: 539
dist: 539
dist: 539

vlink src/dst: 3 10
number of protected paths set: 15
needed_slices: 54
paths: {0 0 0 3 3 3}
slices required:
{2 2 4 2 2 6}
slices start:
{38 44 46 39 44 46}
tuples:
{20 20 43 12 12 48}
dist: 127
dist: 127
dist: 127
dist: 369
dist: 369
dist: 369

vlink src/dst: 3 7
number of protected paths set: 15
needed_slices: 113
paths: {2 2 11 11 11 16 16 16}
slices required:
{3 3 2 2 3 2 2 2}
slices start:
{4 7 0 2 4 0 2 4}
tuples:
{27 27 12 12 17 12 12 12}
dist: 389
dist: 389
dist: 516
dist: 516
dist: 516
dist: 640
dist: 640
dist: 640

vlink src/dst: 7 15
number of protected paths set: 15
needed_slices: 109
paths: {0 0 0 2 2 2 18 18}
slices required:
{2 2 3 2 2 3 2 2}
slices start:
{7 24 41 16 18 20 7 9}
tuples:
{12 12 17 12 12 17 6 6}
dist: 529
dist: 529
dist: 529
dist: 553
dist: 553
dist: 553
dist: 872
dist: 872

vlink src/dst: 12 17
number of protected paths set: 15
needed_slices: 52
paths: {8 8 10 10}
slices required:
{2 2 2 2}
slices start:
{9 11 52 54}
tuples:
{12 12 12 12}
dist: 549
dist: 549
dist: 615
dist: 615

vlink src/dst: 11 15
number of protected paths set: 15
needed_slices: 32
paths: {0 6 13}
slices required:
{2 2 2}
slices start:
{34 26 11}
tuples:
{12 12 12}
dist: 428
dist: 515
dist: 746

vlink src/dst: 3 4
number of protected paths set: 15
needed_slices: 54
paths: {1 15 18}
slices required:
{2 2 2}
slices start:
{50 13 11}
tuples:
{12 6 6}
dist: 592
dist: 842
dist: 1204

vlink src/dst: 12 13
number of protected paths set: 15
needed_slices: 54
paths: {0 6 11}
slices required:
{3 3 3}
slices start:
{56 38 23}
tuples:
{18 18 17}
dist: 404
dist: 486
dist: 590

vlink src/dst: 9 10
number of protected paths set: 15
needed_slices: 42
paths: {1 15 16}
slices required:
{2 2 2}
slices start:
{59 0 59}
tuples:
{12 12 12}
dist: 479
dist: 751
dist: 757

vlink src/dst: 10 14
number of protected paths set: 15
needed_slices: 52
paths: {0 0 0 1 1 1 1}
slices required:
{2 2 4 2 2 2 3}
slices start:
{50 61 63 13 15 17 19}
tuples:
{20 20 43 20 20 20 27}
dist: 107
dist: 107
dist: 107
dist: 210
dist: 210
dist: 210
dist: 210

vlink src/dst: 6 10
number of protected paths set: 15
needed_slices: 96
paths: {0 0 8 8 13 17 17}
slices required:
{2 3 2 2 2 2 2}
slices start:
{22 34 67 69 71 61 63}
tuples:
{12 27 12 12 12 12 12}
dist: 372
dist: 372
dist: 462
dist: 462
dist: 478
dist: 765
dist: 765

vlink src/dst: 8 10
number of protected paths set: 3
needed_slices: 182
paths: {0 0 0 0 14 14 14 14}
slices required:
{2 2 3 6 2 2 3 6}
slices start:
{26 44 46 52 73 75 77 80}
tuples:
{12 12 18 39 12 12 17 39}
dist: 447
dist: 447
dist: 447
dist: 447
dist: 573
dist: 573
dist: 573
dist: 573

vlink src/dst: 6 13
number of protected paths set: 15
needed_slices: 62
paths: {0 1 7 8 9}
slices required:
{2 2 2 2 2}
slices start:
{26 37 15 13 17}
tuples:
{12 12 12 12 12}
dist: 432
dist: 461
dist: 567
dist: 568
dist: 754

vlink src/dst: 11 17
number of protected paths set: 15
needed_slices: 87
paths: {0 0 7 7 7 14 14}
slices required:
{3 3 2 2 3 2 2}
slices start:
{51 54 2 23 28 44 46}
tuples:
{27 27 12 12 18 12 12}
dist: 355
dist: 355
dist: 491
dist: 491
dist: 491
dist: 770
dist: 770

vlink src/dst: 8 13
number of protected paths set: 3
needed_slices: 116
paths: {2 2 2 13 13 13 13}
slices required:
{2 2 6 2 2 2 5}
slices start:
{31 39 57 19 21 31 33}
tuples:
{12 12 39 12 12 12 32}
dist: 542
dist: 542
dist: 542
dist: 643
dist: 643
dist: 643
dist: 643

vlink src/dst: 6 17
number of protected paths set: 15
needed_slices: 64
paths: {0 0 4 4 14}
slices required:
{2 2 2 2 2}
slices start:
{38 49 63 65 0}
tuples:
{12 12 12 12 6}
dist: 487
dist: 487
dist: 554
dist: 554
dist: 861

vlink src/dst: 0 11
number of protected paths set: 15
needed_slices: 15
paths: {0 1 1}
slices required:
{3 2 2}
slices start:
{0 10 12}
tuples:
{36 20 20}
dist: 25
dist: 284
dist: 284

vlink src/dst: 1 11
number of protected paths set: 15
needed_slices: 12
paths: {0 3}
slices required:
{2 2}
slices start:
{10 14}
tuples:
{20 20}
dist: 123
dist: 268

vlink src/dst: 0 4
number of protected paths set: 15
needed_slices: 75
paths: {0 4 4 15 15}
slices required:
{3 2 2 2 2}
slices start:
{34 2 24 0 2}
tuples:
{27 12 12 12 12}
dist: 376
dist: 502
dist: 502
dist: 785
dist: 785

vlink src/dst: 2 11
number of protected paths set: 3
needed_slices: 46
paths: {0 0 13 13 13}
slices required:
{2 2 2 2 2}
slices start:
{23 25 13 52 54}
tuples:
{20 20 12 12 12}
dist: 246
dist: 246
dist: 538
dist: 538
dist: 538

vlink src/dst: 4 7
number of protected paths set: 15
needed_slices: 36
paths: {0 2}
slices required:
{3 3}
slices start:
{41 86}
tuples:
{18 18}
dist: 420
dist: 464

vlink src/dst: 15 19
number of protected paths set: 15
needed_slices: 25
paths: {0 0 0 1 1 1 1}
slices required:
{2 2 3 2 2 2 3}
slices start:
{51 53 55 13 15 17 19}
tuples:
{29 29 36 20 20 20 27}
dist: 86
dist: 86
dist: 86
dist: 221
dist: 221
dist: 221
dist: 221

vlink src/dst: 13 15
number of protected paths set: 15
needed_slices: 23
paths: {0 0 1 1 1}
slices required:
{2 5 2 2 4}
slices start:
{29 36 0 2 28}
tuples:
{20 51 20 20 35}
dist: 148
dist: 148
dist: 192
dist: 192
dist: 192

vlink src/dst: 4 8
number of protected paths set: 3
needed_slices: 67
paths: {0 0 0 0 3 3 3}
slices required:
{2 2 2 3 2 2 6}
slices start:
{4 6 8 19 28 58 60}
tuples:
{20 20 20 27 12 12 48}
dist: 221
dist: 221
dist: 221
dist: 221
dist: 388
dist: 388
dist: 388
53 second(s) taken for solution
57 second(s) taken in total
cost = 2177

