
8 second(s) taken for initialization

vlink src/dst: 3 4
number of protected paths set: 3
needed_slices: 32
paths: {1 1 2 2}
slices required:
{2 2 2 2}
slices start:
{0 2 0 2}
tuples:
{20 20 12 12}
dist: 285
dist: 285
dist: 376
dist: 376

vlink src/dst: 2 3
number of protected paths set: 3
needed_slices: 36
paths: {0 0 8 8}
slices required:
{2 2 2 2}
slices start:
{4 6 4 6}
tuples:
{20 20 12 12}
dist: 186
dist: 186
dist: 490
dist: 490

vlink src/dst: 4 18
number of protected paths set: 15
needed_slices: 86
paths: {2 2 2 4 4 4}
slices required:
{2 3 4 2 2 6}
slices start:
{4 6 9 8 10 12}
tuples:
{12 27 34 12 12 39}
dist: 398
dist: 398
dist: 398
dist: 451
dist: 451
dist: 451

vlink src/dst: 10 15
number of protected paths set: 3
needed_slices: 152
paths: {0 0 0 18 19 19 19}
slices required:
{2 2 6 2 2 2 4}
slices start:
{18 20 22 0 2 8 10}
tuples:
{12 12 39 12 12 12 24}
dist: 513
dist: 513
dist: 513
dist: 730
dist: 751
dist: 751
dist: 751

vlink src/dst: 2 10
number of protected paths set: 3
needed_slices: 26
paths: {0 17}
slices required:
{2 2}
slices start:
{28 14}
tuples:
{12 12}
dist: 383
dist: 660

vlink src/dst: 3 18
number of protected paths set: 3
needed_slices: 70
paths: {0 0 0 3 3 3}
slices required:
{2 2 6 2 2 6}
slices start:
{13 15 17 18 20 22}
tuples:
{20 20 48 20 20 48}
dist: 219
dist: 219
dist: 219
dist: 257
dist: 257
dist: 257

vlink src/dst: 4 17
number of protected paths set: 15
needed_slices: 92
paths: {0 0 11 11 16 16}
slices required:
{2 2 2 2 2 2}
slices start:
{30 32 30 32 16 28}
tuples:
{12 12 12 12 12 12}
dist: 486
dist: 486
dist: 584
dist: 584
dist: 740
dist: 740

vlink src/dst: 3 13
number of protected paths set: 3
needed_slices: 113
paths: {2 2 2 5 5 5}
slices required:
{2 3 4 2 2 6}
slices start:
{8 10 13 34 36 38}
tuples:
{12 27 34 12 12 39}
dist: 369
dist: 369
dist: 369
dist: 429
dist: 429
dist: 429

vlink src/dst: 3 5
number of protected paths set: 3
needed_slices: 56
paths: {7 7 14 14}
slices required:
{2 2 2 2}
slices start:
{44 46 28 44}
tuples:
{12 12 12 12}
dist: 469
dist: 469
dist: 520
dist: 520

vlink src/dst: 4 12
number of protected paths set: 15
needed_slices: 60
paths: {0 11 16}
slices required:
{2 3 3}
slices start:
{34 48 4}
tuples:
{12 11 11}
dist: 700
dist: 835
dist: 936

vlink src/dst: 0 3
number of protected paths set: 3
needed_slices: 342
paths: {0 1 16 16 16 16 16 16}
slices required:
{8 10 2 2 2 2 5 5}
slices start:
{36 46 51 53 55 57 59 64}
tuples:
{38 45 6 6 6 6 23 23}
dist: 648
dist: 666
dist: 814
dist: 814
dist: 814
dist: 814
dist: 814
dist: 814

vlink src/dst: 3 14
number of protected paths set: 3
needed_slices: 60
paths: {2 2 15 15}
slices required:
{2 2 2 2}
slices start:
{56 58 69 71}
tuples:
{12 12 12 12}
dist: 600
dist: 600
dist: 752
dist: 752

vlink src/dst: 4 9
number of protected paths set: 15
needed_slices: 42
paths: {0 10 13}
slices required:
{2 2 2}
slices start:
{28 73 14}
tuples:
{12 12 6}
dist: 607
dist: 719
dist: 854

vlink src/dst: 6 14
number of protected paths set: 15
needed_slices: 172
paths: {0 0 1 1 3 3 13 13}
slices required:
{2 2 5 5 2 2 3 5}
slices start:
{60 62 73 78 64 66 73 76}
tuples:
{12 12 32 32 12 12 11 23}
dist: 619
dist: 619
dist: 631
dist: 631
dist: 637
dist: 637
dist: 837
dist: 837

vlink src/dst: 16 17
number of protected paths set: 15
needed_slices: 49
paths: {0 0 3 3 4 4}
slices required:
{2 2 2 3 2 2}
slices start:
{4 6 2 4 0 2}
tuples:
{29 29 12 27 12 12}
dist: 75
dist: 75
dist: 358
dist: 358
dist: 422
dist: 422

vlink src/dst: 10 14
number of protected paths set: 15
needed_slices: 88
paths: {0 0 10 10 14 14}
slices required:
{2 2 2 2 2 2}
slices start:
{17 19 0 7 7 9}
tuples:
{12 12 12 12 12 12}
dist: 528
dist: 528
dist: 651
dist: 651
dist: 798
dist: 798

vlink src/dst: 10 13
number of protected paths set: 15
needed_slices: 78
paths: {0 0 1 1 18 18 19}
slices required:
{2 3 2 3 2 2 2}
slices start:
{21 23 9 11 11 13 15}
tuples:
{20 27 20 27 12 12 12}
dist: 208
dist: 208
dist: 274
dist: 274
dist: 601
dist: 601
dist: 710

vlink src/dst: 1 16
number of protected paths set: 15
needed_slices: 54
paths: {0 12 12 13}
slices required:
{3 2 2 2}
slices start:
{34 36 38 17}
tuples:
{27 12 12 12}
dist: 332
dist: 709
dist: 709
dist: 712

vlink src/dst: 9 17
number of protected paths set: 15
needed_slices: 88
paths: {0 0 7 7 7 15 15 15}
slices required:
{3 3 2 2 3 2 2 2}
slices start:
{4 26 0 19 21 21 23 25}
tuples:
{27 27 12 12 18 12 12 12}
dist: 331
dist: 331
dist: 464
dist: 464
dist: 464
dist: 689
dist: 689
dist: 689

vlink src/dst: 5 17
number of protected paths set: 15
needed_slices: 60
paths: {0 0 3 3 7 7 7}
slices required:
{2 2 3 3 2 2 3}
slices start:
{29 31 26 37 4 6 24}
tuples:
{29 29 27 27 12 12 18}
dist: 97
dist: 97
dist: 400
dist: 400
dist: 448
dist: 448
dist: 448

vlink src/dst: 2 7
number of protected paths set: 3
needed_slices: 24
paths: {0 0 2 2}
slices required:
{2 2 2 2}
slices start:
{18 20 0 2}
tuples:
{20 20 12 12}
dist: 120
dist: 120
dist: 447
dist: 447

vlink src/dst: 7 8
number of protected paths set: 15
needed_slices: 16
paths: {0 0 1 1}
slices required:
{2 2 2 2}
slices start:
{22 24 7 9}
tuples:
{20 20 20 20}
dist: 227
dist: 227
dist: 243
dist: 243

vlink src/dst: 11 17
number of protected paths set: 3
needed_slices: 34
paths: {0 19 19}
slices required:
{2 2 2}
slices start:
{33 30 32}
tuples:
{20 12 12}
dist: 283
dist: 724
dist: 724

vlink src/dst: 5 12
number of protected paths set: 15
needed_slices: 72
paths: {0 0 0 4 4 4 4}
slices required:
{2 2 6 2 2 3 6}
slices start:
{0 2 8 69 71 73 76}
tuples:
{20 20 48 12 12 18 39}
dist: 248
dist: 248
dist: 248
dist: 401
dist: 401
dist: 401
dist: 401

vlink src/dst: 5 19
number of protected paths set: 15
needed_slices: 27
paths: {1 5}
slices required:
{3 3}
slices start:
{35 14}
tuples:
{18 17}
dist: 450
dist: 521

vlink src/dst: 0 1
number of protected paths set: 3
needed_slices: 39
paths: {1 4 4}
slices required:
{3 2 2}
slices start:
{11 2 27}
tuples:
{17 12 12}
dist: 547
dist: 603
dist: 603

vlink src/dst: 1 14
number of protected paths set: 15
needed_slices: 64
paths: {0 0 3 3 3 7 7 7}
slices required:
{3 3 2 2 3 2 2 2}
slices start:
{14 30 8 10 83 0 2 4}
tuples:
{27 27 12 12 18 12 12 12}
dist: 360
dist: 360
dist: 489
dist: 489
dist: 489
dist: 531
dist: 531
dist: 531

vlink src/dst: 9 12
number of protected paths set: 15
needed_slices: 36
paths: {0 0 0 0 1 1 1 1}
slices required:
{2 2 2 3 2 2 2 3}
slices start:
{2 12 14 19 2 27 33 35}
tuples:
{20 20 20 27 20 20 20 27}
dist: 223
dist: 223
dist: 223
dist: 223
dist: 255
dist: 255
dist: 255
dist: 255

vlink src/dst: 7 9
number of protected paths set: 15
needed_slices: 108
paths: {3 3 4 4 8 9 10 10}
slices required:
{2 2 2 5 2 2 2 2}
slices start:
{24 26 44 68 33 11 0 2}
tuples:
{12 12 12 32 12 12 12 12}
dist: 597
dist: 597
dist: 609
dist: 609
dist: 635
dist: 663
dist: 702
dist: 702

vlink src/dst: 15 19
number of protected paths set: 3
needed_slices: 156
paths: {2 3 3 3 6 6 6 6}
slices required:
{2 2 4 4 2 2 4 6}
slices start:
{18 38 40 44 40 42 44 48}
tuples:
{12 12 24 24 12 12 24 31}
dist: 686
dist: 716
dist: 716
dist: 716
dist: 744
dist: 744
dist: 744
dist: 744
250 second(s) taken for solution
258 second(s) taken in total
cost = 2332

