
5 second(s) taken for initialization

vlink src/dst: 12 14
number of protected paths set: 3
needed_slices: 67
paths: {1 1 1 1 3 3 3}
slices required:
{2 2 2 3 2 2 6}
slices start:
{0 2 4 6 0 2 4}
tuples:
{20 20 20 27 12 12 48}
dist: 245
dist: 245
dist: 245
dist: 245
dist: 394
dist: 394
dist: 394

vlink src/dst: 6 12
number of protected paths set: 3
needed_slices: 163
paths: {0 2 2 15 15 15 16 16}
slices required:
{5 3 8 2 2 6 2 2}
slices start:
{10 15 18 15 17 19 10 12}
tuples:
{33 18 47 12 12 39 12 12}
dist: 410
dist: 434
dist: 434
dist: 580
dist: 580
dist: 580
dist: 605
dist: 605

vlink src/dst: 6 16
number of protected paths set: 15
needed_slices: 38
paths: {2 13 14}
slices required:
{2 2 2}
slices start:
{26 0 26}
tuples:
{12 12 12}
dist: 369
dist: 582
dist: 645

vlink src/dst: 3 14
number of protected paths set: 15
needed_slices: 21
paths: {0 0 1 1}
slices required:
{2 5 2 5}
slices start:
{28 30 28 30}
tuples:
{20 51 20 51}
dist: 103
dist: 103
dist: 124
dist: 124

vlink src/dst: 3 7
number of protected paths set: 15
needed_slices: 36
paths: {0 0 0 0 1 1 1 1}
slices required:
{2 2 2 3 2 2 2 3}
slices start:
{28 30 32 34 28 30 32 34}
tuples:
{20 20 20 28 20 20 20 27}
dist: 178
dist: 178
dist: 178
dist: 178
dist: 234
dist: 234
dist: 234
dist: 234

vlink src/dst: 5 7
number of protected paths set: 3
needed_slices: 120
paths: {0 0 0 16 16 16}
slices required:
{2 2 2 2 2 2}
slices start:
{37 39 41 37 39 41}
tuples:
{6 6 6 6 6 6}
dist: 850
dist: 850
dist: 850
dist: 994
dist: 994
dist: 994

vlink src/dst: 3 16
number of protected paths set: 15
needed_slices: 37
paths: {0 0 0 1 1 1}
slices required:
{2 2 3 2 2 6}
slices start:
{37 39 41 43 45 47}
tuples:
{29 29 36 12 12 48}
dist: 58
dist: 58
dist: 58
dist: 355
dist: 355
dist: 355

vlink src/dst: 11 14
number of protected paths set: 15
needed_slices: 56
paths: {1 1 2 2 18}
slices required:
{2 2 2 2 2}
slices start:
{9 11 44 46 0}
tuples:
{12 12 12 12 12}
dist: 446
dist: 446
dist: 449
dist: 449
dist: 780

vlink src/dst: 0 4
number of protected paths set: 15
needed_slices: 62
paths: {0 1 12 13 16}
slices required:
{2 2 2 2 2}
slices start:
{48 2 4 50 2}
tuples:
{12 12 12 12 12}
dist: 390
dist: 415
dist: 664
dist: 681
dist: 727

vlink src/dst: 3 13
number of protected paths set: 15
needed_slices: 53
paths: {0 0 3 3 9 9}
slices required:
{2 2 2 2 2 3}
slices start:
{0 6 52 54 35 43}
tuples:
{20 20 20 20 12 27}
dist: 208
dist: 208
dist: 280
dist: 280
dist: 387
dist: 387

vlink src/dst: 0 13
number of protected paths set: 15
needed_slices: 52
paths: {0 0 6 6 8 8}
slices required:
{2 2 2 3 2 3}
slices start:
{13 15 4 6 56 58}
tuples:
{20 20 12 27 12 27}
dist: 192
dist: 192
dist: 321
dist: 321
dist: 347
dist: 347

vlink src/dst: 2 3
number of protected paths set: 15
needed_slices: 186
paths: {1 4 4 13 13 16 17 17}
slices required:
{4 2 2 2 2 5 2 3}
slices start:
{17 46 52 21 23 61 61 63}
tuples:
{24 12 12 12 12 23 6 11}
dist: 655
dist: 681
dist: 681
dist: 767
dist: 767
dist: 825
dist: 832
dist: 832

vlink src/dst: 5 16
number of protected paths set: 3
needed_slices: 274
paths: {0 0 0 9 9 9 9 9}
slices required:
{2 4 8 2 2 2 5 5}
slices start:
{6 13 25 66 68 70 72 77}
tuples:
{12 24 38 6 6 6 23 23}
dist: 730
dist: 730
dist: 730
dist: 808
dist: 808
dist: 808
dist: 808
dist: 808

vlink src/dst: 9 18
number of protected paths set: 3
needed_slices: 96
paths: {2 2 2 11 11 11}
slices required:
{2 2 2 2 2 2}
slices start:
{21 23 33 82 84 86}
tuples:
{12 12 12 12 12 12}
dist: 554
dist: 554
dist: 554
dist: 648
dist: 648
dist: 648

vlink src/dst: 8 18
number of protected paths set: 3
needed_slices: 163
paths: {1 1 1 18 18 18 18 18}
slices required:
{2 4 6 2 2 2 2 5}
slices start:
{46 61 65 6 13 15 17 25}
tuples:
{12 25 39 12 12 12 12 32}
dist: 452
dist: 452
dist: 452
dist: 646
dist: 646
dist: 646
dist: 646
dist: 646

vlink src/dst: 3 17
number of protected paths set: 15
needed_slices: 52
paths: {0 0 1 1 12 12}
slices required:
{2 2 2 2 2 2}
slices start:
{88 90 35 43 53 55}
tuples:
{20 20 12 12 12 12}
dist: 189
dist: 189
dist: 301
dist: 301
dist: 668
dist: 668

vlink src/dst: 3 19
number of protected paths set: 15
needed_slices: 66
paths: {1 12 17 17}
slices required:
{3 3 2 2}
slices start:
{66 25 35 48}
tuples:
{18 17 12 12}
dist: 416
dist: 574
dist: 687
dist: 687

vlink src/dst: 4 18
number of protected paths set: 3
needed_slices: 78
paths: {1 1 1 7 7 7}
slices required:
{2 2 2 2 2 2}
slices start:
{50 71 73 19 30 35}
tuples:
{12 12 12 12 12 12}
dist: 508
dist: 508
dist: 508
dist: 589
dist: 589
dist: 589

vlink src/dst: 10 14
number of protected paths set: 3
needed_slices: 304
paths: {0 0 0 6 6 6 6 6}
slices required:
{3 5 12 2 2 2 5 5}
slices start:
{4 28 82 48 52 54 56 82}
tuples:
{11 23 37 6 6 6 23 23}
dist: 813
dist: 813
dist: 813
dist: 836
dist: 836
dist: 836
dist: 836
dist: 836

vlink src/dst: 9 19
number of protected paths set: 15
needed_slices: 54
paths: {1 14 18}
slices required:
{2 2 2}
slices start:
{75 8 94}
tuples:
{12 6 6}
dist: 592
dist: 842
dist: 1204

vlink src/dst: 8 12
number of protected paths set: 3
needed_slices: 24
paths: {0 2}
slices required:
{3 3}
slices start:
{96 57}
tuples:
{27 18}
dist: 391
dist: 464

vlink src/dst: 15 16
number of protected paths set: 15
needed_slices: 48
paths: {0 0 4 4}
slices required:
{2 2 2 2}
slices start:
{2 10 92 99}
tuples:
{12 12 12 12}
dist: 487
dist: 487
dist: 554
dist: 554

vlink src/dst: 4 16
number of protected paths set: 15
needed_slices: 54
paths: {1 1 1 9 9 9}
slices required:
{2 2 2 2 2 2}
slices start:
{0 4 10 21 23 33}
tuples:
{12 12 12 12 12 12}
dist: 413
dist: 413
dist: 413
dist: 555
dist: 555
dist: 555

vlink src/dst: 1 8
number of protected paths set: 3
needed_slices: 8
paths: {0 1}
slices required:
{2 2}
slices start:
{0 2}
tuples:
{20 12}
dist: 210
dist: 311

vlink src/dst: 17 19
number of protected paths set: 15
needed_slices: 30
paths: {1 15}
slices required:
{3 3}
slices start:
{77 66}
tuples:
{18 17}
dist: 414
dist: 571

vlink src/dst: 14 19
number of protected paths set: 15
needed_slices: 40
paths: {1 11 16}
slices required:
{2 2 2}
slices start:
{50 2 50}
tuples:
{12 12 12}
dist: 406
dist: 583
dist: 687

vlink src/dst: 1 2
number of protected paths set: 3
needed_slices: 305
paths: {0 0 0 0 8 11 11 11}
slices required:
{3 3 5 12 5 3 5 5}
slices start:
{37 40 43 77 101 87 106 111}
tuples:
{11 11 23 37 23 11 23 23}
dist: 814
dist: 814
dist: 814
dist: 814
dist: 917
dist: 923
dist: 923
dist: 923

vlink src/dst: 4 19
number of protected paths set: 15
needed_slices: 48
paths: {0 0 2 2}
slices required:
{2 2 2 2}
slices start:
{69 71 90 94}
tuples:
{12 12 12 12}
dist: 515
dist: 515
dist: 549
dist: 549

vlink src/dst: 4 9
number of protected paths set: 15
needed_slices: 101
paths: {0 1 1 5 5 5 10 10}
slices required:
{4 2 6 2 2 5 2 2}
slices start:
{52 19 30 4 6 12 48 52}
tuples:
{35 12 48 12 12 32 12 12}
dist: 155
dist: 319
dist: 319
dist: 602
dist: 602
dist: 602
dist: 754
dist: 754

vlink src/dst: 6 19
number of protected paths set: 15
needed_slices: 21
paths: {1 3}
slices required:
{2 3}
slices start:
{2 4}
tuples:
{20 27}
dist: 252
dist: 397
55 second(s) taken for solution
60 second(s) taken in total
cost = 2657

