
3 second(s) taken for initialization

vlink src/dst: 3 17
number of protected paths set: 3
needed_slices: 55
paths: {4 13 13}
slices required:
{3 2 2}
slices start:
{0 0 2}
tuples:
{17 12 12}
dist: 545
dist: 665
dist: 665

vlink src/dst: 9 17
number of protected paths set: 3
needed_slices: 53
paths: {1 19 19}
slices required:
{3 2 2}
slices start:
{4 4 6}
tuples:
{17 6 6}
dist: 539
dist: 841
dist: 841

vlink src/dst: 10 17
number of protected paths set: 3
needed_slices: 77
paths: {5 5 5 12 12 12}
slices required:
{2 2 3 2 2 3}
slices start:
{7 9 11 8 10 12}
tuples:
{12 12 18 12 12 17}
dist: 471
dist: 471
dist: 471
dist: 543
dist: 543
dist: 543

vlink src/dst: 7 16
number of protected paths set: 15
needed_slices: 11
paths: {0 1}
slices required:
{2 3}
slices start:
{0 15}
tuples:
{29 27}
dist: 63
dist: 261

vlink src/dst: 10 16
number of protected paths set: 15
needed_slices: 24
paths: {0 0 0 1 1 1}
slices required:
{2 2 2 2 2 2}
slices start:
{0 2 4 0 2 4}
tuples:
{20 20 20 20 20 20}
dist: 168
dist: 168
dist: 168
dist: 184
dist: 184
dist: 184

vlink src/dst: 3 7
number of protected paths set: 15
needed_slices: 73
paths: {1 1 5 5 5}
slices required:
{3 3 2 2 3}
slices start:
{18 21 14 16 18}
tuples:
{27 27 12 12 18}
dist: 361
dist: 361
dist: 446
dist: 446
dist: 446

vlink src/dst: 7 9
number of protected paths set: 15
needed_slices: 40
paths: {1 11 16}
slices required:
{2 2 2}
slices start:
{24 21 14}
tuples:
{12 12 12}
dist: 406
dist: 583
dist: 687

vlink src/dst: 4 8
number of protected paths set: 15
needed_slices: 56
paths: {0 0 3 3 4}
slices required:
{2 4 2 2 2}
slices start:
{8 10 26 28 30}
tuples:
{12 34 12 12 12}
dist: 387
dist: 387
dist: 451
dist: 451
dist: 453

vlink src/dst: 3 8
number of protected paths set: 15
needed_slices: 56
paths: {0 3 5 6 13}
slices required:
{2 2 2 2 2}
slices start:
{32 34 34 21 16}
tuples:
{12 12 12 12 12}
dist: 305
dist: 392
dist: 408
dist: 413
dist: 553

vlink src/dst: 0 7
number of protected paths set: 15
needed_slices: 56
paths: {1 1 2 2 18}
slices required:
{2 2 2 2 2}
slices start:
{26 28 16 18 36}
tuples:
{12 12 12 12 12}
dist: 446
dist: 446
dist: 449
dist: 449
dist: 780

vlink src/dst: 5 7
number of protected paths set: 15
needed_slices: 110
paths: {0 0 1 1 12 12 12}
slices required:
{2 2 2 2 2 2 5}
slices start:
{30 32 38 40 20 22 24}
tuples:
{12 12 12 12 12 12 32}
dist: 518
dist: 518
dist: 536
dist: 536
dist: 654
dist: 654
dist: 654

vlink src/dst: 1 7
number of protected paths set: 15
needed_slices: 91
paths: {0 0 0 2 2 2}
slices required:
{2 2 3 2 2 3}
slices start:
{38 40 42 36 42 44}
tuples:
{12 12 17 12 12 17}
dist: 576
dist: 576
dist: 576
dist: 598
dist: 598
dist: 598

vlink src/dst: 2 12
number of protected paths set: 15
needed_slices: 18
paths: {0 1}
slices required:
{3 3}
slices start:
{15 7}
tuples:
{28 28}
dist: 139
dist: 177

vlink src/dst: 1 16
number of protected paths set: 15
needed_slices: 76
paths: {0 0 14 14 16}
slices required:
{2 2 2 2 3}
slices start:
{10 12 47 49 23}
tuples:
{12 12 12 12 11}
dist: 513
dist: 513
dist: 662
dist: 662
dist: 821

vlink src/dst: 0 16
number of protected paths set: 15
needed_slices: 86
paths: {0 0 8 8 8 11 16}
slices required:
{2 3 2 2 3 2 2}
slices start:
{51 53 29 31 51 30 45}
tuples:
{12 18 12 12 17 12 12}
dist: 433
dist: 433
dist: 513
dist: 513
dist: 513
dist: 526
dist: 716

vlink src/dst: 11 12
number of protected paths set: 15
needed_slices: 31
paths: {0 2 2}
slices required:
{3 2 2}
slices start:
{36 0 2}
tuples:
{27 12 12}
dist: 375
dist: 441
dist: 441

vlink src/dst: 8 18
number of protected paths set: 3
needed_slices: 24
paths: {0 9}
slices required:
{2 3}
slices start:
{33 18}
tuples:
{20 17}
dist: 199
dist: 527

vlink src/dst: 8 11
number of protected paths set: 15
needed_slices: 59
paths: {0 0 0 4 4 4}
slices required:
{2 2 2 2 2 3}
slices start:
{39 41 43 23 34 51}
tuples:
{20 20 20 12 12 18}
dist: 266
dist: 266
dist: 266
dist: 459
dist: 459
dist: 459

vlink src/dst: 12 13
number of protected paths set: 3
needed_slices: 20
paths: {0 3}
slices required:
{2 2}
slices start:
{47 26}
tuples:
{12 12}
dist: 419
dist: 461

vlink src/dst: 13 14
number of protected paths set: 3
needed_slices: 21
paths: {0 2}
slices required:
{3 3}
slices start:
{0 10}
tuples:
{27 27}
dist: 223
dist: 383

vlink src/dst: 3 13
number of protected paths set: 3
needed_slices: 59
paths: {0 0 0 9 9 9}
slices required:
{2 2 2 2 2 3}
slices start:
{7 9 11 49 51 53}
tuples:
{20 20 20 12 12 17}
dist: 285
dist: 285
dist: 285
dist: 538
dist: 538
dist: 538

vlink src/dst: 5 14
number of protected paths set: 15
needed_slices: 21
paths: {0 11}
slices required:
{2 3}
slices start:
{3 7}
tuples:
{20 17}
dist: 279
dist: 517

vlink src/dst: 6 9
number of protected paths set: 3
needed_slices: 47
paths: {0 0 6 6 9}
slices required:
{2 3 2 2 2}
slices start:
{3 13 0 2 8}
tuples:
{20 28 12 12 12}
dist: 186
dist: 186
dist: 551
dist: 551
dist: 618

vlink src/dst: 5 13
number of protected paths set: 3
needed_slices: 86
paths: {0 0 18 18 18 18}
slices required:
{3 3 2 2 2 2}
slices start:
{16 19 0 2 4 32}
tuples:
{27 27 12 12 12 12}
dist: 359
dist: 359
dist: 794
dist: 794
dist: 794
dist: 794

vlink src/dst: 1 11
number of protected paths set: 15
needed_slices: 46
paths: {0 14 16}
slices required:
{2 2 2}
slices start:
{21 4 0}
tuples:
{12 12 6}
dist: 623
dist: 795
dist: 861

vlink src/dst: 1 15
number of protected paths set: 15
needed_slices: 70
paths: {0 0 0 3 3 3}
slices required:
{2 2 3 2 2 3}
slices start:
{54 56 58 10 12 14}
tuples:
{12 12 17 12 12 17}
dist: 528
dist: 528
dist: 528
dist: 582
dist: 582
dist: 582

vlink src/dst: 0 6
number of protected paths set: 3
needed_slices: 39
paths: {0 19 19}
slices required:
{3 2 2}
slices start:
{61 17 29}
tuples:
{18 12 12}
dist: 449
dist: 701
dist: 701

vlink src/dst: 5 6
number of protected paths set: 3
needed_slices: 20
paths: {0 3}
slices required:
{2 3}
slices start:
{0 4}
tuples:
{20 18}
dist: 283
dist: 496

vlink src/dst: 0 15
number of protected paths set: 15
needed_slices: 30
paths: {0 0 0 2 2}
slices required:
{2 2 2 3 3}
slices start:
{0 2 4 2 5}
tuples:
{20 20 20 27 27}
dist: 232
dist: 232
dist: 232
dist: 327
dist: 327

vlink src/dst: 5 19
number of protected paths set: 15
needed_slices: 24
paths: {0 0 0 1 1 1}
slices required:
{2 2 2 2 2 2}
slices start:
{34 38 40 0 2 4}
tuples:
{20 20 20 20 20 20}
dist: 202
dist: 202
dist: 202
dist: 295
dist: 295
dist: 295
33 second(s) taken for solution
36 second(s) taken in total
cost = 1479

