
3 second(s) taken for initialization

vlink src/dst: 3 5
number of protected paths set: 15
needed_slices: 10
paths: {0 1}
slices required:
{2 2}
slices start:
{0 0}
tuples:
{29 20}
dist: 73
dist: 174

vlink src/dst: 3 4
number of protected paths set: 15
needed_slices: 46
paths: {1 1 8 8 11}
slices required:
{2 2 2 2 2}
slices start:
{2 4 2 4 0}
tuples:
{20 20 12 12 12}
dist: 207
dist: 207
dist: 443
dist: 443
dist: 477

vlink src/dst: 1 14
number of protected paths set: 15
needed_slices: 63
paths: {0 0 0 2 2 2}
slices required:
{2 2 3 2 2 3}
slices start:
{6 8 10 2 4 6}
tuples:
{12 12 18 12 12 18}
dist: 464
dist: 464
dist: 464
dist: 485
dist: 485
dist: 485

vlink src/dst: 3 15
number of protected paths set: 15
needed_slices: 14
paths: {1 3}
slices required:
{2 2}
slices start:
{13 13}
tuples:
{20 20}
dist: 229
dist: 284

vlink src/dst: 5 16
number of protected paths set: 3
needed_slices: 105
paths: {0 0 0 14 14 14 14}
slices required:
{2 2 3 2 2 2 2}
slices start:
{6 8 10 15 17 19 21}
tuples:
{12 12 18 12 12 12 12}
dist: 482
dist: 482
dist: 482
dist: 654
dist: 654
dist: 654
dist: 654

vlink src/dst: 3 13
number of protected paths set: 15
needed_slices: 20
paths: {0 1}
slices required:
{2 3}
slices start:
{13 2}
tuples:
{20 27}
dist: 251
dist: 326

vlink src/dst: 0 3
number of protected paths set: 15
needed_slices: 22
paths: {0 1 1 1}
slices required:
{5 2 2 2}
slices start:
{15 23 25 27}
tuples:
{51 20 20 20}
dist: 136
dist: 216
dist: 216
dist: 216

vlink src/dst: 4 13
number of protected paths set: 15
needed_slices: 80
paths: {2 2 2 8 8 8}
slices required:
{2 2 4 2 2 4}
slices start:
{9 11 15 15 17 19}
tuples:
{12 12 34 12 12 34}
dist: 324
dist: 324
dist: 324
dist: 392
dist: 392
dist: 392

vlink src/dst: 3 9
number of protected paths set: 15
needed_slices: 14
paths: {0 2}
slices required:
{2 2}
slices start:
{29 23}
tuples:
{20 12}
dist: 287
dist: 315

vlink src/dst: 3 17
number of protected paths set: 15
needed_slices: 70
paths: {0 2 4 14 17}
slices required:
{2 2 2 2 2}
slices start:
{31 25 20 23 33}
tuples:
{12 12 12 12 12}
dist: 487
dist: 511
dist: 579
dist: 625
dist: 769

vlink src/dst: 4 9
number of protected paths set: 15
needed_slices: 36
paths: {1 5}
slices required:
{3 3}
slices start:
{27 19}
tuples:
{27 18}
dist: 371
dist: 429

vlink src/dst: 3 11
number of protected paths set: 3
needed_slices: 30
paths: {3 14}
slices required:
{2 2}
slices start:
{35 35}
tuples:
{12 12}
dist: 604
dist: 677

vlink src/dst: 1 8
number of protected paths set: 15
needed_slices: 48
paths: {0 0 0 2 2 2}
slices required:
{2 2 2 2 2 2}
slices start:
{30 32 34 0 5 7}
tuples:
{20 20 20 20 20 20}
dist: 218
dist: 218
dist: 218
dist: 281
dist: 281
dist: 281

vlink src/dst: 2 9
number of protected paths set: 15
needed_slices: 14
paths: {0 0 1 1}
slices required:
{2 2 2 3}
slices start:
{0 2 9 11}
tuples:
{29 29 20 28}
dist: 66
dist: 66
dist: 161
dist: 161

vlink src/dst: 0 15
number of protected paths set: 15
needed_slices: 22
paths: {0 0 1 1 1}
slices required:
{2 2 2 2 2}
slices start:
{9 11 2 25 27}
tuples:
{29 29 20 20 20}
dist: 67
dist: 67
dist: 201
dist: 201
dist: 201

vlink src/dst: 8 13
number of protected paths set: 15
needed_slices: 38
paths: {0 0 4 4 4}
slices required:
{2 3 2 2 3}
slices start:
{22 29 37 39 41}
tuples:
{29 36 12 12 27}
dist: 75
dist: 75
dist: 320
dist: 320
dist: 320

vlink src/dst: 0 4
number of protected paths set: 15
needed_slices: 48
paths: {1 1 1 2 2 2}
slices required:
{2 2 2 2 2 2}
slices start:
{30 32 37 23 25 44}
tuples:
{20 20 20 20 20 20}
dist: 221
dist: 221
dist: 221
dist: 261
dist: 261
dist: 261

vlink src/dst: 1 10
number of protected paths set: 15
needed_slices: 44
paths: {1 11 13}
slices required:
{2 2 2}
slices start:
{36 23 39}
tuples:
{12 12 12}
dist: 549
dist: 663
dist: 711

vlink src/dst: 9 15
number of protected paths set: 15
needed_slices: 40
paths: {0 0 1 1}
slices required:
{2 3 2 3}
slices start:
{44 46 46 48}
tuples:
{20 27 20 27}
dist: 231
dist: 231
dist: 245
dist: 245

vlink src/dst: 0 9
number of protected paths set: 15
needed_slices: 25
paths: {0 0 2 2}
slices required:
{2 3 2 3}
slices start:
{4 30 38 40}
tuples:
{20 28 20 27}
dist: 175
dist: 175
dist: 262
dist: 262

vlink src/dst: 10 13
number of protected paths set: 15
needed_slices: 24
paths: {1 14}
slices required:
{2 2}
slices start:
{2 0}
tuples:
{12 12}
dist: 409
dist: 595

vlink src/dst: 9 16
number of protected paths set: 3
needed_slices: 23
paths: {0 1 1 1}
slices required:
{5 2 2 2}
slices start:
{0 2 4 6}
tuples:
{51 20 20 20}
dist: 123
dist: 290
dist: 290
dist: 290

vlink src/dst: 0 7
number of protected paths set: 15
needed_slices: 82
paths: {1 1 1 8 8 8 8}
slices required:
{2 2 3 2 2 2 2}
slices start:
{51 53 55 0 4 6 8}
tuples:
{12 12 17 12 12 12 12}
dist: 532
dist: 532
dist: 532
dist: 609
dist: 609
dist: 609
dist: 609

vlink src/dst: 10 15
number of protected paths set: 15
needed_slices: 44
paths: {0 2 3 3 10}
slices required:
{2 2 2 2 2}
slices start:
{0 4 13 27 13}
tuples:
{12 12 12 12 12}
dist: 374
dist: 435
dist: 452
dist: 452
dist: 525

vlink src/dst: 11 12
number of protected paths set: 3
needed_slices: 24
paths: {0 0 1 1}
slices required:
{2 2 2 2}
slices start:
{0 2 0 8}
tuples:
{20 20 20 20}
dist: 224
dist: 224
dist: 283
dist: 283

vlink src/dst: 4 7
number of protected paths set: 15
needed_slices: 30
paths: {0 3 14}
slices required:
{2 2 2}
slices start:
{2 10 0}
tuples:
{12 12 12}
dist: 481
dist: 501
dist: 735

vlink src/dst: 6 18
number of protected paths set: 15
needed_slices: 35
paths: {1 10}
slices required:
{2 3}
slices start:
{10 4}
tuples:
{12 11}
dist: 713
dist: 874

vlink src/dst: 12 19
number of protected paths set: 3
needed_slices: 53
paths: {0 0 0 3 3 3}
slices required:
{2 2 2 2 2 3}
slices start:
{4 6 8 2 4 15}
tuples:
{20 20 20 12 12 18}
dist: 267
dist: 267
dist: 267
dist: 500
dist: 500
dist: 500

vlink src/dst: 6 19
number of protected paths set: 3
needed_slices: 60
paths: {0 0 11 11}
slices required:
{2 2 2 2}
slices start:
{7 18 18 25}
tuples:
{6 6 6 6}
dist: 814
dist: 814
dist: 923
dist: 923

vlink src/dst: 10 14
number of protected paths set: 15
needed_slices: 85
paths: {0 0 9 9 9 17}
slices required:
{3 3 2 2 3 2}
slices start:
{9 15 13 23 41 2}
tuples:
{27 27 12 12 17 12}
dist: 334
dist: 334
dist: 597
dist: 597
dist: 597
dist: 713
39 second(s) taken for solution
42 second(s) taken in total
cost = 1249

