
10 second(s) taken for initialization

vlink src/dst: 0 4
number of protected paths set: 3
needed_slices: 16
paths: {1 3}
slices required:
{2 2}
slices start:
{0 0}
tuples:
{12 12}
dist: 355
dist: 490

vlink src/dst: 5 6
number of protected paths set: 3
needed_slices: 46
paths: {0 0 1 1 2 2}
slices required:
{2 4 2 2 2 2}
slices start:
{2 4 2 4 6 8}
tuples:
{20 43 12 12 12 12}
dist: 104
dist: 104
dist: 405
dist: 405
dist: 563
dist: 563

vlink src/dst: 6 18
number of protected paths set: 3
needed_slices: 32
paths: {0 0 3 3 3}
slices required:
{2 2 2 2 2}
slices start:
{8 10 10 12 14}
tuples:
{20 20 12 12 12}
dist: 266
dist: 266
dist: 419
dist: 419
dist: 419

vlink src/dst: 0 5
number of protected paths set: 15
needed_slices: 25
paths: {0 0 1 1 1}
slices required:
{2 2 2 2 3}
slices start:
{10 12 2 4 16}
tuples:
{29 29 12 12 18}
dist: 53
dist: 53
dist: 418
dist: 418
dist: 418

vlink src/dst: 13 18
number of protected paths set: 15
needed_slices: 40
paths: {6 10 16}
slices required:
{2 2 2}
slices start:
{0 14 16}
tuples:
{12 12 12}
dist: 498
dist: 524
dist: 751

vlink src/dst: 3 7
number of protected paths set: 3
needed_slices: 65
paths: {1 1 7 7 7}
slices required:
{3 3 2 2 3}
slices start:
{6 9 10 12 19}
tuples:
{27 27 12 12 18}
dist: 375
dist: 375
dist: 464
dist: 464
dist: 464

vlink src/dst: 1 7
number of protected paths set: 3
needed_slices: 98
paths: {7 7 7 12 12 12}
slices required:
{2 2 3 2 2 3}
slices start:
{12 18 20 22 24 26}
tuples:
{12 12 17 12 12 17}
dist: 566
dist: 566
dist: 566
dist: 595
dist: 595
dist: 595

vlink src/dst: 4 9
number of protected paths set: 3
needed_slices: 22
paths: {0 5}
slices required:
{2 3}
slices start:
{2 23}
tuples:
{20 18}
dist: 176
dist: 486

vlink src/dst: 3 18
number of protected paths set: 15
needed_slices: 36
paths: {0 10 10}
slices required:
{3 2 2}
slices start:
{6 0 2}
tuples:
{27 12 12}
dist: 297
dist: 663
dist: 663

vlink src/dst: 2 4
number of protected paths set: 3
needed_slices: 39
paths: {3 17}
slices required:
{2 3}
slices start:
{4 18}
tuples:
{12 11}
dist: 788
dist: 880

vlink src/dst: 9 12
number of protected paths set: 3
needed_slices: 54
paths: {1 1 4 4}
slices required:
{2 4 2 4}
slices start:
{6 8 16 26}
tuples:
{12 34 12 34}
dist: 353
dist: 353
dist: 399
dist: 399

vlink src/dst: 1 18
number of protected paths set: 15
needed_slices: 90
paths: {0 0 0 11 11 11 11}
slices required:
{2 2 3 2 2 2 2}
slices start:
{29 31 33 4 6 8 10}
tuples:
{12 12 18 12 12 12 12}
dist: 426
dist: 426
dist: 426
dist: 609
dist: 609
dist: 609
dist: 609

vlink src/dst: 6 14
number of protected paths set: 3
needed_slices: 56
paths: {1 1 10 10}
slices required:
{2 2 2 2}
slices start:
{36 38 12 21}
tuples:
{12 12 6 6}
dist: 785
dist: 785
dist: 850
dist: 850

vlink src/dst: 9 19
number of protected paths set: 3
needed_slices: 141
paths: {2 2 2 18 18 18 18 18}
slices required:
{2 2 4 2 2 2 2 3}
slices start:
{0 2 14 30 32 34 40 42}
tuples:
{12 12 24 6 6 6 6 11}
dist: 735
dist: 735
dist: 735
dist: 825
dist: 825
dist: 825
dist: 825
dist: 825

vlink src/dst: 15 18
number of protected paths set: 15
needed_slices: 77
paths: {1 1 1 2 2 2}
slices required:
{2 2 3 2 2 3}
slices start:
{14 16 23 40 42 44}
tuples:
{12 12 18 12 12 17}
dist: 456
dist: 456
dist: 456
dist: 523
dist: 523
dist: 523

vlink src/dst: 2 18
number of protected paths set: 15
needed_slices: 18
paths: {1 3}
slices required:
{2 2}
slices start:
{18 36}
tuples:
{12 12}
dist: 543
dist: 597

vlink src/dst: 11 18
number of protected paths set: 15
needed_slices: 42
paths: {0 0 0 2 2 2}
slices required:
{2 2 2 2 2 4}
slices start:
{26 28 30 21 23 47}
tuples:
{20 20 20 12 12 25}
dist: 253
dist: 253
dist: 253
dist: 423
dist: 423
dist: 423

vlink src/dst: 1 12
number of protected paths set: 15
needed_slices: 29
paths: {0 7 7}
slices required:
{3 2 2}
slices start:
{12 26 28}
tuples:
{27 12 12}
dist: 309
dist: 487
dist: 487

vlink src/dst: 10 12
number of protected paths set: 15
needed_slices: 15
paths: {0 0 1 1}
slices required:
{2 3 2 3}
slices start:
{4 6 0 2}
tuples:
{20 28 20 27}
dist: 101
dist: 101
dist: 290
dist: 290

vlink src/dst: 10 11
number of protected paths set: 15
needed_slices: 8
paths: {0 1}
slices required:
{2 3}
slices start:
{5 9}
tuples:
{29 27}
dist: 100
dist: 291

vlink src/dst: 18 19
number of protected paths set: 3
needed_slices: 76
paths: {0 0 0 9 9 9 9}
slices required:
{2 2 3 2 2 2 2}
slices start:
{36 38 45 38 51 53 55}
tuples:
{12 12 17 12 12 12 12}
dist: 544
dist: 544
dist: 544
dist: 739
dist: 739
dist: 739
dist: 739

vlink src/dst: 12 15
number of protected paths set: 15
needed_slices: 59
paths: {1 1 3 3 3}
slices required:
{3 3 2 2 3}
slices start:
{45 48 4 15 17}
tuples:
{27 27 12 12 18}
dist: 335
dist: 335
dist: 474
dist: 474
dist: 474

vlink src/dst: 14 17
number of protected paths set: 15
needed_slices: 28
paths: {1 3 15}
slices required:
{2 2 2}
slices start:
{6 20 32}
tuples:
{12 12 12}
dist: 495
dist: 526
dist: 677

vlink src/dst: 2 12
number of protected paths set: 15
needed_slices: 20
paths: {0 3 7}
slices required:
{2 2 2}
slices start:
{57 23 12}
tuples:
{12 12 12}
dist: 360
dist: 489
dist: 531

vlink src/dst: 10 14
number of protected paths set: 15
needed_slices: 39
paths: {0 0 3 3 3}
slices required:
{3 3 2 2 3}
slices start:
{40 59 8 10 25}
tuples:
{27 27 12 12 18}
dist: 325
dist: 325
dist: 420
dist: 420
dist: 420

vlink src/dst: 15 19
number of protected paths set: 3
needed_slices: 60
paths: {0 0 0 2 2 2 2}
slices required:
{2 2 4 2 2 2 3}
slices start:
{18 28 34 0 2 12 18}
tuples:
{12 12 34 12 12 12 18}
dist: 370
dist: 370
dist: 370
dist: 436
dist: 436
dist: 436
dist: 436

vlink src/dst: 16 19
number of protected paths set: 3
needed_slices: 77
paths: {0 0 0 12 12 12}
slices required:
{2 2 3 2 2 4}
slices start:
{4 6 8 21 51 53}
tuples:
{12 12 27 12 12 24}
dist: 328
dist: 328
dist: 328
dist: 738
dist: 738
dist: 738

vlink src/dst: 1 14
number of protected paths set: 15
needed_slices: 36
paths: {1 1 1 2 2}
slices required:
{2 2 2 3 3}
slices start:
{0 2 6 30 33}
tuples:
{20 20 20 27 27}
dist: 293
dist: 293
dist: 293
dist: 355
dist: 355

vlink src/dst: 3 15
number of protected paths set: 15
needed_slices: 20
paths: {0 2 4}
slices required:
{2 2 2}
slices start:
{0 8 57}
tuples:
{20 20 12}
dist: 220
dist: 293
dist: 349

vlink src/dst: 8 16
number of protected paths set: 3
needed_slices: 24
paths: {0 1}
slices required:
{3 3}
slices start:
{0 11}
tuples:
{27 18}
dist: 334
dist: 402
34 second(s) taken for solution
44 second(s) taken in total
cost = 1388

