
2 second(s) taken for initialization

vlink src/dst: 6 11
number of protected paths set: 3
needed_slices: 30
paths: {2 6}
slices required:
{2 2}
slices start:
{0 0}
tuples:
{12 12}
dist: 582
dist: 609

vlink src/dst: 4 18
number of protected paths set: 3
needed_slices: 54
paths: {4 14 14}
slices required:
{3 2 2}
slices start:
{2 2 4}
tuples:
{18 12 12}
dist: 490
dist: 704
dist: 704

vlink src/dst: 1 18
number of protected paths set: 3
needed_slices: 132
paths: {1 1 1 16 16 16 16 16}
slices required:
{2 2 3 2 2 2 2 2}
slices start:
{6 8 10 6 8 10 12 14}
tuples:
{12 12 17 6 6 6 6 6}
dist: 547
dist: 547
dist: 547
dist: 842
dist: 842
dist: 842
dist: 842
dist: 842

vlink src/dst: 6 7
number of protected paths set: 3
needed_slices: 84
paths: {1 1 1 2 2 2}
slices required:
{2 2 3 2 2 3}
slices start:
{16 18 20 16 18 20}
tuples:
{12 12 17 12 12 17}
dist: 514
dist: 514
dist: 514
dist: 525
dist: 525
dist: 525

vlink src/dst: 4 11
number of protected paths set: 3
needed_slices: 24
paths: {0 0 1 1}
slices required:
{2 2 2 3}
slices start:
{5 7 6 8}
tuples:
{29 29 20 27}
dist: 35
dist: 35
dist: 212
dist: 212

vlink src/dst: 11 16
number of protected paths set: 15
needed_slices: 25
paths: {0 1}
slices required:
{5 5}
slices start:
{11 11}
tuples:
{51 51}
dist: 109
dist: 136

vlink src/dst: 7 13
number of protected paths set: 15
needed_slices: 20
paths: {0 4 4}
slices required:
{2 2 2}
slices start:
{6 23 25}
tuples:
{29 12 12}
dist: 82
dist: 415
dist: 415

vlink src/dst: 11 13
number of protected paths set: 15
needed_slices: 20
paths: {0 3}
slices required:
{2 3}
slices start:
{23 13}
tuples:
{20 27}
dist: 146
dist: 337

vlink src/dst: 13 16
number of protected paths set: 15
needed_slices: 27
paths: {0 0 3 3}
slices required:
{2 2 2 3}
slices start:
{27 29 5 7}
tuples:
{20 20 12 27}
dist: 127
dist: 127
dist: 369
dist: 369

vlink src/dst: 1 2
number of protected paths set: 15
needed_slices: 33
paths: {0 8}
slices required:
{3 3}
slices start:
{31 27}
tuples:
{18 17}
dist: 443
dist: 546

vlink src/dst: 2 14
number of protected paths set: 15
needed_slices: 84
paths: {1 1 9 9 10 10}
slices required:
{2 2 2 2 2 2}
slices start:
{34 36 30 32 23 25}
tuples:
{12 12 12 12 12 12}
dist: 509
dist: 509
dist: 593
dist: 593
dist: 602
dist: 602

vlink src/dst: 3 16
number of protected paths set: 15
needed_slices: 32
paths: {1 13}
slices required:
{2 2}
slices start:
{31 16}
tuples:
{12 12}
dist: 570
dist: 723

vlink src/dst: 8 11
number of protected paths set: 15
needed_slices: 24
paths: {0 14}
slices required:
{2 2}
slices start:
{25 0}
tuples:
{12 12}
dist: 452
dist: 596

vlink src/dst: 0 7
number of protected paths set: 15
needed_slices: 91
paths: {1 1 1 2 2 2}
slices required:
{2 2 3 2 2 3}
slices start:
{8 10 12 18 20 27}
tuples:
{12 12 17 12 12 17}
dist: 521
dist: 521
dist: 521
dist: 522
dist: 522
dist: 522

vlink src/dst: 5 16
number of protected paths set: 15
needed_slices: 98
paths: {1 1 1 8 8 8}
slices required:
{2 2 3 2 2 3}
slices start:
{22 24 34 38 40 42}
tuples:
{12 12 17 12 12 17}
dist: 538
dist: 538
dist: 538
dist: 599
dist: 599
dist: 599

vlink src/dst: 10 11
number of protected paths set: 15
needed_slices: 44
paths: {5 12 17}
slices required:
{2 2 2}
slices start:
{33 2 37}
tuples:
{12 12 6}
dist: 598
dist: 624
dist: 819

vlink src/dst: 10 16
number of protected paths set: 15
needed_slices: 44
paths: {0 11 12}
slices required:
{2 2 2}
slices start:
{35 13 39}
tuples:
{12 12 6}
dist: 465
dist: 771
dist: 831

vlink src/dst: 15 18
number of protected paths set: 3
needed_slices: 53
paths: {0 0 0 6 6 6}
slices required:
{2 2 2 2 2 3}
slices start:
{27 29 38 23 25 27}
tuples:
{20 20 20 12 12 17}
dist: 186
dist: 186
dist: 186
dist: 551
dist: 551
dist: 551

vlink src/dst: 12 18
number of protected paths set: 3
needed_slices: 16
paths: {0 11}
slices required:
{2 2}
slices start:
{31 30}
tuples:
{20 12}
dist: 242
dist: 593

vlink src/dst: 2 17
number of protected paths set: 15
needed_slices: 63
paths: {2 2 2 3 3 3}
slices required:
{2 2 3 2 2 3}
slices start:
{33 35 40 10 12 40}
tuples:
{12 12 18 12 12 18}
dist: 431
dist: 431
dist: 431
dist: 441
dist: 441
dist: 441

vlink src/dst: 8 13
number of protected paths set: 15
needed_slices: 16
paths: {0 3}
slices required:
{2 2}
slices start:
{6 38}
tuples:
{12 12}
dist: 381
dist: 414

vlink src/dst: 17 19
number of protected paths set: 15
needed_slices: 68
paths: {0 0 8 8 14 14}
slices required:
{2 2 2 2 2 2}
slices start:
{2 4 38 43 0 4}
tuples:
{12 12 12 12 12 12}
dist: 512
dist: 512
dist: 612
dist: 612
dist: 754
dist: 754

vlink src/dst: 3 6
number of protected paths set: 3
needed_slices: 68
paths: {6 6 15 15}
slices required:
{2 2 2 2}
slices start:
{43 45 43 45}
tuples:
{6 6 6 6}
dist: 835
dist: 835
dist: 939
dist: 939

vlink src/dst: 1 8
number of protected paths set: 15
needed_slices: 36
paths: {1 6 10}
slices required:
{2 2 2}
slices start:
{16 0 16}
tuples:
{12 12 12}
dist: 491
dist: 562
dist: 630

vlink src/dst: 8 9
number of protected paths set: 3
needed_slices: 39
paths: {0 10 10}
slices required:
{3 2 2}
slices start:
{6 2 4}
tuples:
{17 12 12}
dist: 566
dist: 688
dist: 688

vlink src/dst: 3 14
number of protected paths set: 15
needed_slices: 72
paths: {0 0 3 3 13 13}
slices required:
{2 2 2 2 2 2}
slices start:
{2 4 18 20 0 9}
tuples:
{12 12 12 12 12 12}
dist: 354
dist: 354
dist: 481
dist: 481
dist: 685
dist: 685

vlink src/dst: 0 19
number of protected paths set: 15
needed_slices: 50
paths: {0 0 1 1 15}
slices required:
{2 2 2 2 2}
slices start:
{30 32 6 22 27}
tuples:
{12 12 12 12 12}
dist: 323
dist: 323
dist: 350
dist: 350
dist: 719

vlink src/dst: 1 5
number of protected paths set: 15
needed_slices: 18
paths: {0 4}
slices required:
{2 3}
slices start:
{9 11}
tuples:
{20 27}
dist: 244
dist: 395

vlink src/dst: 3 17
number of protected paths set: 15
needed_slices: 84
paths: {0 7 8 12 14}
slices required:
{2 2 2 3 3}
slices start:
{8 24 10 33 12}
tuples:
{12 12 12 11 10}
dist: 580
dist: 723
dist: 750
dist: 881
dist: 1082

vlink src/dst: 0 10
number of protected paths set: 15
needed_slices: 49
paths: {0 0 0 3 3 3}
slices required:
{2 2 3 2 2 3}
slices start:
{6 18 20 15 17 19}
tuples:
{12 12 18 12 12 18}
dist: 409
dist: 409
dist: 409
dist: 463
dist: 463
dist: 463
19 second(s) taken for solution
21 second(s) taken in total
cost = 1498

