
4 second(s) taken for initialization

vlink src/dst: 6 16
number of protected paths set: 3
needed_slices: 22
paths: {0 5}
slices required:
{2 3}
slices start:
{0 0}
tuples:
{20 18}
dist: 176
dist: 486

vlink src/dst: 5 6
number of protected paths set: 3
needed_slices: 129
paths: {1 1 1 19 19 19 19 19}
slices required:
{2 2 3 2 2 2 2 2}
slices start:
{3 5 7 3 5 7 9 11}
tuples:
{12 12 17 6 6 6 6 6}
dist: 539
dist: 539
dist: 539
dist: 841
dist: 841
dist: 841
dist: 841
dist: 841

vlink src/dst: 9 16
number of protected paths set: 3
needed_slices: 18
paths: {0 1}
slices required:
{2 2}
slices start:
{3 2}
tuples:
{20 12}
dist: 296
dist: 344

vlink src/dst: 4 16
number of protected paths set: 3
needed_slices: 77
paths: {1 1 5 5 5}
slices required:
{2 4 2 2 3}
slices start:
{5 7 4 6 8}
tuples:
{12 34 12 12 18}
dist: 344
dist: 344
dist: 418
dist: 418
dist: 418

vlink src/dst: 1 8
number of protected paths set: 15
needed_slices: 124
paths: {0 0 0 9 15 15 16 16}
slices required:
{2 2 2 2 2 2 2 2}
slices start:
{13 15 17 13 15 17 0 15}
tuples:
{12 12 12 12 12 12 12 12}
dist: 492
dist: 492
dist: 492
dist: 579
dist: 644
dist: 644
dist: 750
dist: 750

vlink src/dst: 9 13
number of protected paths set: 3
needed_slices: 48
paths: {0 0 15 15}
slices required:
{2 2 2 2}
slices start:
{11 19 19 21}
tuples:
{12 12 12 12}
dist: 420
dist: 420
dist: 647
dist: 647

vlink src/dst: 5 13
number of protected paths set: 3
needed_slices: 60
paths: {1 1 18 18}
slices required:
{2 2 2 2}
slices start:
{21 23 13 17}
tuples:
{12 12 12 12}
dist: 549
dist: 549
dist: 721
dist: 721

vlink src/dst: 1 10
number of protected paths set: 15
needed_slices: 92
paths: {0 0 11 11 16 16}
slices required:
{2 2 2 2 2 2}
slices start:
{25 27 25 27 23 25}
tuples:
{12 12 12 12 12 12}
dist: 486
dist: 486
dist: 584
dist: 584
dist: 740
dist: 740

vlink src/dst: 1 18
number of protected paths set: 15
needed_slices: 56
paths: {0 13 17}
slices required:
{2 2 2}
slices start:
{29 19 2}
tuples:
{12 12 6}
dist: 709
dist: 793
dist: 1229

vlink src/dst: 1 5
number of protected paths set: 15
needed_slices: 30
paths: {8 11}
slices required:
{2 2}
slices start:
{29 31}
tuples:
{12 12}
dist: 648
dist: 731

vlink src/dst: 1 19
number of protected paths set: 15
needed_slices: 26
paths: {0 8}
slices required:
{2 2}
slices start:
{33 31}
tuples:
{12 12}
dist: 609
dist: 701

vlink src/dst: 15 18
number of protected paths set: 15
needed_slices: 112
paths: {0 0 0 3 3 3 19}
slices required:
{2 2 2 2 2 2 2}
slices start:
{27 35 37 33 35 37 4}
tuples:
{12 12 12 12 12 12 6}
dist: 589
dist: 589
dist: 589
dist: 609
dist: 609
dist: 609
dist: 1226

vlink src/dst: 2 14
number of protected paths set: 15
needed_slices: 100
paths: {1 1 12 12 15 15 15}
slices required:
{2 2 2 2 2 2 2}
slices start:
{15 39 39 41 0 13 25}
tuples:
{12 12 12 12 6 6 6}
dist: 536
dist: 536
dist: 654
dist: 654
dist: 837
dist: 837
dist: 837

vlink src/dst: 10 14
number of protected paths set: 15
needed_slices: 30
paths: {1 2}
slices required:
{3 3}
slices start:
{10 29}
tuples:
{27 27}
dist: 309
dist: 331

vlink src/dst: 7 19
number of protected paths set: 15
needed_slices: 73
paths: {0 0 7 7 7}
slices required:
{3 3 2 2 3}
slices start:
{15 39 39 41 43}
tuples:
{27 27 12 12 18}
dist: 380
dist: 380
dist: 488
dist: 488
dist: 488

vlink src/dst: 4 8
number of protected paths set: 15
needed_slices: 10
paths: {0 1}
slices required:
{2 2}
slices start:
{0 0}
tuples:
{29 20}
dist: 45
dist: 202

vlink src/dst: 0 8
number of protected paths set: 15
needed_slices: 22
paths: {0 5}
slices required:
{2 3}
slices start:
{2 32}
tuples:
{20 27}
dist: 174
dist: 387

vlink src/dst: 0 10
number of protected paths set: 15
needed_slices: 8
paths: {0 1}
slices required:
{2 2}
slices start:
{0 17}
tuples:
{20 20}
dist: 144
dist: 240

vlink src/dst: 7 11
number of protected paths set: 3
needed_slices: 115
paths: {0 0 0 16 16 16 16 16}
slices required:
{2 2 3 2 2 2 2 2}
slices start:
{13 21 23 27 42 44 46 48}
tuples:
{12 12 17 6 6 6 6 6}
dist: 515
dist: 515
dist: 515
dist: 819
dist: 819
dist: 819
dist: 819
dist: 819

vlink src/dst: 0 4
number of protected paths set: 15
needed_slices: 56
paths: {0 0 9 9 14 14}
slices required:
{2 2 2 2 2 2}
slices start:
{11 19 11 35 0 41}
tuples:
{20 20 12 12 12 12}
dist: 219
dist: 219
dist: 457
dist: 457
dist: 560
dist: 560

vlink src/dst: 3 4
number of protected paths set: 15
needed_slices: 80
paths: {4 4 10 10 11 11}
slices required:
{2 2 2 2 2 2}
slices start:
{21 32 50 52 2 4}
tuples:
{12 12 12 12 12 12}
dist: 581
dist: 581
dist: 756
dist: 756
dist: 778
dist: 778

vlink src/dst: 4 12
number of protected paths set: 3
needed_slices: 112
paths: {3 3 3 15 15 15}
slices required:
{2 2 4 2 2 4}
slices start:
{46 48 54 6 8 15}
tuples:
{12 12 24 12 12 24}
dist: 706
dist: 706
dist: 706
dist: 746
dist: 746
dist: 746

vlink src/dst: 17 18
number of protected paths set: 15
needed_slices: 98
paths: {0 0 11 11 18}
slices required:
{2 2 2 2 3}
slices start:
{43 45 58 60 6}
tuples:
{12 12 12 12 10}
dist: 632
dist: 632
dist: 762
dist: 762
dist: 1092

vlink src/dst: 10 19
number of protected paths set: 15
needed_slices: 12
paths: {1 2}
slices required:
{2 2}
slices start:
{0 54}
tuples:
{20 20}
dist: 212
dist: 300

vlink src/dst: 5 11
number of protected paths set: 3
needed_slices: 53
paths: {0 0 0 6 6 6}
slices required:
{2 2 2 2 2 3}
slices start:
{10 26 28 19 21 33}
tuples:
{20 20 20 12 12 17}
dist: 186
dist: 186
dist: 186
dist: 551
dist: 551
dist: 551

vlink src/dst: 2 15
number of protected paths set: 15
needed_slices: 84
paths: {0 0 0 4 4 4}
slices required:
{2 2 3 2 2 3}
slices start:
{0 13 15 62 64 66}
tuples:
{12 12 18 12 12 17}
dist: 487
dist: 487
dist: 487
dist: 554
dist: 554
dist: 554

vlink src/dst: 2 13
number of protected paths set: 3
needed_slices: 88
paths: {0 0 0 6 6 6}
slices required:
{2 2 4 2 2 4}
slices start:
{25 43 45 69 71 73}
tuples:
{12 12 25 12 12 24}
dist: 562
dist: 562
dist: 562
dist: 623
dist: 623
dist: 623

vlink src/dst: 0 2
number of protected paths set: 15
needed_slices: 13
paths: {0 1}
slices required:
{2 3}
slices start:
{19 9}
tuples:
{20 27}
dist: 203
dist: 319

vlink src/dst: 3 17
number of protected paths set: 15
needed_slices: 72
paths: {0 0 4 4 15 15}
slices required:
{2 2 2 2 2 2}
slices start:
{2 6 4 9 77 79}
tuples:
{12 12 12 12 12 12}
dist: 576
dist: 576
dist: 641
dist: 641
dist: 783
dist: 783

vlink src/dst: 2 3
number of protected paths set: 15
needed_slices: 9
paths: {0 2}
slices required:
{3 3}
slices start:
{0 9}
tuples:
{28 27}
dist: 126
dist: 332
34 second(s) taken for solution
38 second(s) taken in total
cost = 1829

