
4 second(s) taken for initialization

vlink src/dst: 12 14
number of protected paths set: 3
needed_slices: 42
paths: {1 1 1 3 3}
slices required:
{2 2 2 3 3}
slices start:
{0 2 4 0 3}
tuples:
{20 20 20 27 27}
dist: 245
dist: 245
dist: 245
dist: 394
dist: 394

vlink src/dst: 6 12
number of protected paths set: 3
needed_slices: 88
paths: {0 0 2 2 15 15 16 16}
slices required:
{2 2 2 2 2 2 2 2}
slices start:
{6 8 10 12 10 12 6 8}
tuples:
{12 12 12 12 12 12 12 12}
dist: 410
dist: 410
dist: 434
dist: 434
dist: 580
dist: 580
dist: 605
dist: 605

vlink src/dst: 6 16
number of protected paths set: 15
needed_slices: 30
paths: {0 12}
slices required:
{3 3}
slices start:
{14 0}
tuples:
{27 17}
dist: 345
dist: 536

vlink src/dst: 3 14
number of protected paths set: 15
needed_slices: 15
paths: {0 0 1 1}
slices required:
{2 3 2 3}
slices start:
{17 19 14 16}
tuples:
{20 28 20 28}
dist: 103
dist: 103
dist: 124
dist: 124

vlink src/dst: 3 7
number of protected paths set: 15
needed_slices: 24
paths: {0 0 0 1 1 1}
slices required:
{2 2 2 2 2 2}
slices start:
{17 19 21 14 16 18}
tuples:
{20 20 20 20 20 20}
dist: 178
dist: 178
dist: 178
dist: 234
dist: 234
dist: 234

vlink src/dst: 5 7
number of protected paths set: 3
needed_slices: 80
paths: {0 0 16 16}
slices required:
{2 2 2 2}
slices start:
{14 23 20 22}
tuples:
{6 6 6 6}
dist: 850
dist: 850
dist: 994
dist: 994

vlink src/dst: 3 16
number of protected paths set: 15
needed_slices: 22
paths: {0 0 1 1}
slices required:
{2 2 3 3}
slices start:
{23 25 25 28}
tuples:
{29 29 27 27}
dist: 58
dist: 58
dist: 355
dist: 355

vlink src/dst: 11 14
number of protected paths set: 15
needed_slices: 36
paths: {1 2 18}
slices required:
{2 2 2}
slices start:
{6 27 0}
tuples:
{12 12 12}
dist: 446
dist: 449
dist: 780

vlink src/dst: 0 4
number of protected paths set: 15
needed_slices: 38
paths: {1 13 16}
slices required:
{2 2 2}
slices start:
{3 29 2}
tuples:
{12 12 12}
dist: 415
dist: 681
dist: 727

vlink src/dst: 3 13
number of protected paths set: 15
needed_slices: 38
paths: {0 0 3 3 9}
slices required:
{2 2 2 2 2}
slices start:
{8 10 31 33 24}
tuples:
{20 20 20 20 12}
dist: 208
dist: 208
dist: 280
dist: 280
dist: 387

vlink src/dst: 0 13
number of protected paths set: 15
needed_slices: 40
paths: {0 0 6 6 8}
slices required:
{2 2 2 3 2}
slices start:
{12 14 4 14 35}
tuples:
{20 20 12 27 12}
dist: 192
dist: 192
dist: 321
dist: 321
dist: 347

vlink src/dst: 2 3
number of protected paths set: 15
needed_slices: 116
paths: {1 4 4 13 13 16 17}
slices required:
{2 2 2 2 2 2 2}
slices start:
{16 26 31 18 20 33 37}
tuples:
{12 12 12 12 12 6 6}
dist: 655
dist: 681
dist: 681
dist: 767
dist: 767
dist: 825
dist: 832

vlink src/dst: 5 16
number of protected paths set: 3
needed_slices: 166
paths: {0 0 0 9 9 9 9 9}
slices required:
{2 2 4 2 2 2 2 2}
slices start:
{8 10 39 39 41 43 45 47}
tuples:
{12 12 24 6 6 6 6 6}
dist: 730
dist: 730
dist: 730
dist: 808
dist: 808
dist: 808
dist: 808
dist: 808

vlink src/dst: 9 18
number of protected paths set: 3
needed_slices: 64
paths: {2 2 11 11}
slices required:
{2 2 2 2}
slices start:
{12 18 49 51}
tuples:
{12 12 12 12}
dist: 554
dist: 554
dist: 648
dist: 648

vlink src/dst: 8 18
number of protected paths set: 3
needed_slices: 98
paths: {1 1 1 18 18 18 18}
slices required:
{2 2 3 2 2 2 2}
slices start:
{20 26 28 8 10 14 16}
tuples:
{12 12 18 12 12 12 12}
dist: 452
dist: 452
dist: 452
dist: 646
dist: 646
dist: 646
dist: 646

vlink src/dst: 3 17
number of protected paths set: 15
needed_slices: 33
paths: {0 0 1 1}
slices required:
{2 2 2 3}
slices start:
{53 55 37 49}
tuples:
{20 20 12 27}
dist: 189
dist: 189
dist: 301
dist: 301

vlink src/dst: 3 19
number of protected paths set: 15
needed_slices: 40
paths: {1 12 17}
slices required:
{2 2 2}
slices start:
{37 22 24}
tuples:
{12 12 12}
dist: 416
dist: 574
dist: 687

vlink src/dst: 4 18
number of protected paths set: 3
needed_slices: 52
paths: {1 1 7 7}
slices required:
{2 2 2 2}
slices start:
{43 45 4 20}
tuples:
{12 12 12 12}
dist: 508
dist: 508
dist: 589
dist: 589

vlink src/dst: 10 14
number of protected paths set: 3
needed_slices: 170
paths: {0 0 0 6 6 6 6 6}
slices required:
{2 3 5 2 2 2 2 2}
slices start:
{4 17 49 31 33 35 52 54}
tuples:
{6 11 23 6 6 6 6 6}
dist: 813
dist: 813
dist: 813
dist: 836
dist: 836
dist: 836
dist: 836
dist: 836

vlink src/dst: 9 19
number of protected paths set: 15
needed_slices: 32
paths: {5 11}
slices required:
{2 2}
slices start:
{6 6}
tuples:
{12 12}
dist: 670
dist: 729

vlink src/dst: 8 12
number of protected paths set: 3
needed_slices: 16
paths: {0 2}
slices required:
{2 2}
slices start:
{57 31}
tuples:
{12 12}
dist: 391
dist: 464

vlink src/dst: 15 16
number of protected paths set: 15
needed_slices: 36
paths: {0 4}
slices required:
{3 3}
slices start:
{43 59}
tuples:
{18 17}
dist: 487
dist: 554

vlink src/dst: 4 16
number of protected paths set: 15
needed_slices: 36
paths: {1 1 9 9}
slices required:
{2 2 2 2}
slices start:
{0 12 12 18}
tuples:
{12 12 12 12}
dist: 413
dist: 413
dist: 555
dist: 555

vlink src/dst: 1 8
number of protected paths set: 3
needed_slices: 8
paths: {0 1}
slices required:
{2 2}
slices start:
{0 2}
tuples:
{20 12}
dist: 210
dist: 311

vlink src/dst: 17 19
number of protected paths set: 15
needed_slices: 20
paths: {1 15}
slices required:
{2 2}
slices start:
{47 0}
tuples:
{12 12}
dist: 414
dist: 571

vlink src/dst: 14 19
number of protected paths set: 15
needed_slices: 33
paths: {1 11}
slices required:
{3 3}
slices start:
{28 26}
tuples:
{18 17}
dist: 406
dist: 583

vlink src/dst: 1 2
number of protected paths set: 3
needed_slices: 165
paths: {0 0 0 11 11 11 11 11}
slices required:
{3 3 5 2 2 2 2 3}
slices start:
{22 25 31 62 64 66 68 70}
tuples:
{11 11 23 6 6 6 6 11}
dist: 814
dist: 814
dist: 814
dist: 923
dist: 923
dist: 923
dist: 923
dist: 923

vlink src/dst: 4 19
number of protected paths set: 15
needed_slices: 36
paths: {0 2}
slices required:
{3 3}
slices start:
{39 73}
tuples:
{17 17}
dist: 515
dist: 549

vlink src/dst: 4 9
number of protected paths set: 15
needed_slices: 60
paths: {0 0 0 10 10 10}
slices required:
{2 2 2 2 2 4}
slices start:
{20 28 36 2 46 53}
tuples:
{20 20 20 12 12 24}
dist: 155
dist: 155
dist: 155
dist: 754
dist: 754
dist: 754

vlink src/dst: 6 19
number of protected paths set: 15
needed_slices: 18
paths: {2 3}
slices required:
{2 2}
slices start:
{14 0}
tuples:
{12 12}
dist: 377
dist: 397
24 second(s) taken for solution
28 second(s) taken in total
cost = 1652

