
8 second(s) taken for initialization

vlink src/dst: 4 14
number of protected paths set: 15
needed_slices: 14
paths: {0 3}
slices required:
{2 2}
slices start:
{0 0}
tuples:
{20 12}
dist: 281
dist: 358

vlink src/dst: 7 12
number of protected paths set: 3
needed_slices: 22
paths: {0 7}
slices required:
{2 2}
slices start:
{2 0}
tuples:
{12 12}
dist: 306
dist: 490

vlink src/dst: 4 6
number of protected paths set: 15
needed_slices: 33
paths: {2 8}
slices required:
{3 3}
slices start:
{2 4}
tuples:
{18 17}
dist: 482
dist: 532

vlink src/dst: 13 14
number of protected paths set: 15
needed_slices: 84
paths: {2 2 12 12 17 17}
slices required:
{2 2 2 2 2 2}
slices start:
{2 4 7 9 0 2}
tuples:
{12 12 12 12 12 12}
dist: 471
dist: 471
dist: 718
dist: 718
dist: 775
dist: 775

vlink src/dst: 5 17
number of protected paths set: 15
needed_slices: 46
paths: {0 0 3 3 12}
slices required:
{2 2 2 2 2}
slices start:
{11 13 11 13 4}
tuples:
{12 12 12 12 12}
dist: 304
dist: 304
dist: 383
dist: 383
dist: 587

vlink src/dst: 4 5
number of protected paths set: 15
needed_slices: 33
paths: {0 10}
slices required:
{3 3}
slices start:
{15 6}
tuples:
{18 17}
dist: 424
dist: 557

vlink src/dst: 5 7
number of protected paths set: 3
needed_slices: 59
paths: {0 0 0 6 6 6}
slices required:
{2 2 2 2 2 3}
slices start:
{9 15 17 18 20 22}
tuples:
{20 20 20 12 12 18}
dist: 222
dist: 222
dist: 222
dist: 420
dist: 420
dist: 420

vlink src/dst: 2 7
number of protected paths set: 3
needed_slices: 72
paths: {0 0 2 5 11 11}
slices required:
{2 2 2 2 2 2}
slices start:
{19 21 23 9 15 25}
tuples:
{12 12 12 12 12 12}
dist: 307
dist: 307
dist: 369
dist: 429
dist: 493
dist: 493

vlink src/dst: 5 14
number of protected paths set: 15
needed_slices: 60
paths: {1 1 7 7}
slices required:
{3 3 3 3}
slices start:
{25 28 25 28}
tuples:
{27 27 27 27}
dist: 333
dist: 333
dist: 398
dist: 398

vlink src/dst: 3 7
number of protected paths set: 3
needed_slices: 112
paths: {13 14 14 16 16 16 16}
slices required:
{2 2 2 2 2 2 2}
slices start:
{31 33 35 27 29 31 33}
tuples:
{12 12 12 12 12 12 12}
dist: 705
dist: 717
dist: 717
dist: 742
dist: 742
dist: 742
dist: 742

vlink src/dst: 2 17
number of protected paths set: 15
needed_slices: 36
paths: {1 9}
slices required:
{3 3}
slices start:
{35 27}
tuples:
{18 17}
dist: 429
dist: 547

vlink src/dst: 6 17
number of protected paths set: 15
needed_slices: 73
paths: {0 0 12 12 12}
slices required:
{3 3 2 2 3}
slices start:
{38 41 31 33 35}
tuples:
{27 27 12 12 17}
dist: 308
dist: 308
dist: 549
dist: 549
dist: 549

vlink src/dst: 8 9
number of protected paths set: 15
needed_slices: 8
paths: {0 1}
slices required:
{2 2}
slices start:
{0 6}
tuples:
{20 20}
dist: 153
dist: 289

vlink src/dst: 5 12
number of protected paths set: 15
needed_slices: 44
paths: {0 0 7 7 7}
slices required:
{2 3 2 2 2}
slices start:
{8 38 11 13 15}
tuples:
{12 27 12 12 12}
dist: 400
dist: 400
dist: 511
dist: 511
dist: 511

vlink src/dst: 1 10
number of protected paths set: 15
needed_slices: 28
paths: {0 14}
slices required:
{2 2}
slices start:
{4 37}
tuples:
{12 12}
dist: 506
dist: 703

vlink src/dst: 0 12
number of protected paths set: 15
needed_slices: 96
paths: {0 0 0 0 6 6 6 6}
slices required:
{2 2 2 2 2 2 2 2}
slices start:
{41 43 45 47 17 19 21 23}
tuples:
{12 12 12 12 12 12 12 12}
dist: 676
dist: 676
dist: 676
dist: 676
dist: 745
dist: 745
dist: 745
dist: 745

vlink src/dst: 3 10
number of protected paths set: 15
needed_slices: 82
paths: {0 0 13 13 16}
slices required:
{2 2 2 2 3}
slices start:
{6 11 0 2 49}
tuples:
{12 12 12 12 11}
dist: 599
dist: 599
dist: 734
dist: 734
dist: 871

vlink src/dst: 1 6
number of protected paths set: 15
needed_slices: 24
paths: {4 14}
slices required:
{2 2}
slices start:
{13 25}
tuples:
{12 12}
dist: 488
dist: 561

vlink src/dst: 8 16
number of protected paths set: 15
needed_slices: 36
paths: {0 0 1 1}
slices required:
{3 3 3 3}
slices start:
{6 25 17 20}
tuples:
{27 27 27 27}
dist: 332
dist: 332
dist: 343
dist: 343

vlink src/dst: 11 13
number of protected paths set: 15
needed_slices: 116
paths: {0 0 0 4 13 13 15 15}
slices required:
{2 2 2 2 2 2 2 2}
slices start:
{11 15 27 49 9 17 51 53}
tuples:
{12 12 12 12 12 12 12 12}
dist: 542
dist: 542
dist: 542
dist: 642
dist: 725
dist: 725
dist: 742
dist: 742

vlink src/dst: 2 18
number of protected paths set: 15
needed_slices: 8
paths: {0 1}
slices required:
{2 2}
slices start:
{0 0}
tuples:
{20 20}
dist: 114
dist: 208

vlink src/dst: 5 11
number of protected paths set: 15
needed_slices: 48
paths: {0 0 1 1}
slices required:
{3 3 3 3}
slices start:
{4 7 2 5}
tuples:
{27 27 27 27}
dist: 327
dist: 327
dist: 338
dist: 338

vlink src/dst: 12 16
number of protected paths set: 15
needed_slices: 16
paths: {0 5}
slices required:
{2 2}
slices start:
{28 23}
tuples:
{12 12}
dist: 415
dist: 572

vlink src/dst: 2 16
number of protected paths set: 15
needed_slices: 56
paths: {0 0 6 6 12 12}
slices required:
{2 2 2 2 2 2}
slices start:
{0 2 39 41 0 2}
tuples:
{12 12 12 12 12 12}
dist: 419
dist: 419
dist: 564
dist: 564
dist: 665
dist: 665

vlink src/dst: 0 2
number of protected paths set: 15
needed_slices: 12
paths: {0 1}
slices required:
{3 3}
slices start:
{8 6}
tuples:
{27 27}
dist: 224
dist: 292

vlink src/dst: 9 15
number of protected paths set: 15
needed_slices: 20
paths: {0 3 7}
slices required:
{2 2 2}
slices start:
{4 27 4}
tuples:
{12 12 12}
dist: 360
dist: 489
dist: 531

vlink src/dst: 2 3
number of protected paths set: 15
needed_slices: 25
paths: {0 9 9}
slices required:
{3 2 2}
slices start:
{13 9 11}
tuples:
{27 12 12}
dist: 310
dist: 509
dist: 509

vlink src/dst: 15 19
number of protected paths set: 3
needed_slices: 26
paths: {0 3 3}
slices required:
{3 2 2}
slices start:
{4 25 37}
tuples:
{28 12 12}
dist: 187
dist: 533
dist: 533

vlink src/dst: 11 19
number of protected paths set: 3
needed_slices: 16
paths: {0 1}
slices required:
{2 2}
slices start:
{13 19}
tuples:
{20 12}
dist: 241
dist: 496

vlink src/dst: 13 16
number of protected paths set: 15
needed_slices: 12
paths: {0 1}
slices required:
{3 3}
slices start:
{11 4}
tuples:
{28 27}
dist: 197
dist: 268
23 second(s) taken for solution
31 second(s) taken in total
cost = 1317

