
3 second(s) taken for initialization

vlink src/dst: 5 7
number of protected paths set: 3
needed_slices: 27
paths: {0 5}
slices required:
{3 3}
slices start:
{0 0}
tuples:
{27 18}
dist: 331
dist: 452

vlink src/dst: 5 17
number of protected paths set: 3
needed_slices: 80
paths: {6 6 15 15}
slices required:
{2 2 2 2}
slices start:
{3 5 3 5}
tuples:
{6 6 6 6}
dist: 873
dist: 873
dist: 968
dist: 968

vlink src/dst: 0 5
number of protected paths set: 3
needed_slices: 88
paths: {0 0 2 2 15 15 16 16}
slices required:
{2 2 2 2 2 2 2 2}
slices start:
{7 9 11 13 11 13 7 9}
tuples:
{12 12 12 12 12 12 12 12}
dist: 410
dist: 410
dist: 434
dist: 434
dist: 580
dist: 580
dist: 605
dist: 605

vlink src/dst: 2 6
number of protected paths set: 15
needed_slices: 16
paths: {0 2}
slices required:
{2 2}
slices start:
{15 7}
tuples:
{20 12}
dist: 292
dist: 341

vlink src/dst: 7 11
number of protected paths set: 15
needed_slices: 19
paths: {0 6}
slices required:
{2 3}
slices start:
{3 0}
tuples:
{20 27}
dist: 110
dist: 393

vlink src/dst: 6 15
number of protected paths set: 3
needed_slices: 18
paths: {1 3}
slices required:
{2 2}
slices start:
{15 0}
tuples:
{20 12}
dist: 275
dist: 336

vlink src/dst: 4 6
number of protected paths set: 15
needed_slices: 12
paths: {1 2}
slices required:
{2 2}
slices start:
{17 2}
tuples:
{20 20}
dist: 240
dist: 248

vlink src/dst: 11 16
number of protected paths set: 15
needed_slices: 26
paths: {0 11}
slices required:
{2 3}
slices start:
{5 19}
tuples:
{20 18}
dist: 262
dist: 455

vlink src/dst: 8 15
number of protected paths set: 3
needed_slices: 87
paths: {1 1 3 18 18}
slices required:
{2 2 2 2 5}
slices start:
{19 21 23 2 4}
tuples:
{12 12 12 12 32}
dist: 452
dist: 452
dist: 474
dist: 646
dist: 646

vlink src/dst: 10 13
number of protected paths set: 3
needed_slices: 36
paths: {0 0 3 3}
slices required:
{2 2 2 2}
slices start:
{3 5 9 11}
tuples:
{20 20 12 12}
dist: 253
dist: 253
dist: 422
dist: 422

vlink src/dst: 9 10
number of protected paths set: 15
needed_slices: 23
paths: {0 4}
slices required:
{2 3}
slices start:
{0 13}
tuples:
{20 18}
dist: 266
dist: 459

vlink src/dst: 6 18
number of protected paths set: 15
needed_slices: 84
paths: {2 2 11 11 14 14}
slices required:
{2 2 2 2 2 2}
slices start:
{19 21 16 25 17 19}
tuples:
{12 12 12 12 12 12}
dist: 476
dist: 476
dist: 604
dist: 604
dist: 789
dist: 789

vlink src/dst: 5 12
number of protected paths set: 3
needed_slices: 56
paths: {4 4 12 12}
slices required:
{2 2 2 2}
slices start:
{25 27 27 29}
tuples:
{12 12 6 6}
dist: 718
dist: 718
dist: 816
dist: 816

vlink src/dst: 2 7
number of protected paths set: 15
needed_slices: 30
paths: {0 0 0 1 1 1}
slices required:
{2 2 2 2 2 4}
slices start:
{31 33 35 0 9 11}
tuples:
{29 29 29 12 12 34}
dist: 88
dist: 88
dist: 88
dist: 354
dist: 354
dist: 354

vlink src/dst: 3 12
number of protected paths set: 15
needed_slices: 73
paths: {1 1 4 4 13}
slices required:
{2 2 2 2 3}
slices start:
{23 31 29 31 23}
tuples:
{12 12 12 12 11}
dist: 569
dist: 569
dist: 601
dist: 601
dist: 805

vlink src/dst: 9 12
number of protected paths set: 15
needed_slices: 44
paths: {0 0 2 2}
slices required:
{2 2 2 2}
slices start:
{33 35 33 35}
tuples:
{12 12 12 12}
dist: 529
dist: 529
dist: 553
dist: 553

vlink src/dst: 10 16
number of protected paths set: 15
needed_slices: 42
paths: {2 4}
slices required:
{3 3}
slices start:
{37 37}
tuples:
{17 17}
dist: 571
dist: 590

vlink src/dst: 18 19
number of protected paths set: 3
needed_slices: 172
paths: {1 1 1 19 19 19 19 19}
slices required:
{2 2 4 2 2 2 2 2}
slices start:
{40 42 44 27 29 31 33 35}
tuples:
{12 12 24 6 6 6 6 6}
dist: 763
dist: 763
dist: 763
dist: 976
dist: 976
dist: 976
dist: 976
dist: 976

vlink src/dst: 2 19
number of protected paths set: 3
needed_slices: 112
paths: {3 3 3 3 13 13 13 13}
slices required:
{2 2 2 2 2 2 2 2}
slices start:
{48 50 52 54 15 17 19 21}
tuples:
{12 12 12 12 12 12 12 12}
dist: 622
dist: 622
dist: 622
dist: 622
dist: 685
dist: 685
dist: 685
dist: 685

vlink src/dst: 10 17
number of protected paths set: 3
needed_slices: 80
paths: {2 2 7 7}
slices required:
{2 3 2 3}
slices start:
{56 58 0 9}
tuples:
{6 11 6 11}
dist: 831
dist: 831
dist: 891
dist: 891

vlink src/dst: 8 10
number of protected paths set: 15
needed_slices: 24
paths: {0 0 0 2 2 2}
slices required:
{2 2 2 2 2 2}
slices start:
{2 4 6 0 2 4}
tuples:
{20 20 20 20 20 20}
dist: 215
dist: 215
dist: 215
dist: 255
dist: 255
dist: 255

vlink src/dst: 1 15
number of protected paths set: 3
needed_slices: 18
paths: {0 9}
slices required:
{2 2}
slices start:
{9 17}
tuples:
{20 12}
dist: 156
dist: 495

vlink src/dst: 0 17
number of protected paths set: 3
needed_slices: 90
paths: {0 0 0 9 9 9}
slices required:
{2 2 2 2 2 2}
slices start:
{7 9 11 40 42 44}
tuples:
{12 12 12 12 12 12}
dist: 542
dist: 542
dist: 542
dist: 653
dist: 653
dist: 653

vlink src/dst: 15 19
number of protected paths set: 3
needed_slices: 16
paths: {2 3}
slices required:
{2 2}
slices start:
{13 4}
tuples:
{12 12}
dist: 387
dist: 425

vlink src/dst: 1 19
number of protected paths set: 3
needed_slices: 47
paths: {0 0 0 3 3 3}
slices required:
{2 2 2 2 2 3}
slices start:
{0 7 9 11 15 22}
tuples:
{20 20 20 12 12 18}
dist: 178
dist: 178
dist: 178
dist: 429
dist: 429
dist: 429

vlink src/dst: 12 19
number of protected paths set: 3
needed_slices: 68
paths: {0 0 2 12 17 17}
slices required:
{2 2 2 2 2 2}
slices start:
{23 37 25 17 46 56}
tuples:
{12 12 12 12 12 12}
dist: 360
dist: 360
dist: 432
dist: 672
dist: 738
dist: 738

vlink src/dst: 12 16
number of protected paths set: 15
needed_slices: 28
paths: {0 0 0 1 1 1}
slices required:
{2 2 3 2 2 3}
slices start:
{0 2 4 0 7 9}
tuples:
{20 20 27 20 20 27}
dist: 224
dist: 224
dist: 224
dist: 292
dist: 292
dist: 292

vlink src/dst: 1 14
number of protected paths set: 15
needed_slices: 18
paths: {1 5}
slices required:
{2 2}
slices start:
{13 7}
tuples:
{12 12}
dist: 450
dist: 521

vlink src/dst: 2 8
number of protected paths set: 15
needed_slices: 22
paths: {0 0 1 1}
slices required:
{2 2 2 4}
slices start:
{6 8 16 23}
tuples:
{29 29 12 34}
dist: 79
dist: 79
dist: 392
dist: 392

vlink src/dst: 14 18
number of protected paths set: 15
needed_slices: 22
paths: {3 11}
slices required:
{2 2}
slices start:
{27 12}
tuples:
{12 12}
dist: 580
dist: 689
30 second(s) taken for solution
33 second(s) taken in total
cost = 1478

