
2 second(s) taken for initialization

vlink src/dst: 4 10
number of protected paths set: 3
needed_slices: 78
paths: {0 1 1 10 10 10}
slices required:
{2 2 2 2 2 3}
slices start:
{0 2 4 0 2 4}
tuples:
{12 12 12 12 12 17}
dist: 436
dist: 454
dist: 454
dist: 549
dist: 549
dist: 549

vlink src/dst: 3 10
number of protected paths set: 3
needed_slices: 47
paths: {0 0 0 3 3 3}
slices required:
{2 2 2 2 2 3}
slices start:
{7 9 11 7 9 11}
tuples:
{20 20 20 12 12 27}
dist: 111
dist: 111
dist: 111
dist: 379
dist: 379
dist: 379

vlink src/dst: 10 12
number of protected paths set: 3
needed_slices: 45
paths: {1 7 7}
slices required:
{3 2 2}
slices start:
{14 14 16}
tuples:
{17 12 12}
dist: 569
dist: 650
dist: 650

vlink src/dst: 0 4
number of protected paths set: 15
needed_slices: 80
paths: {2 2 7 7 11 11}
slices required:
{2 2 2 2 2 2}
slices start:
{18 20 18 20 0 2}
tuples:
{12 12 12 12 12 12}
dist: 547
dist: 547
dist: 599
dist: 599
dist: 678
dist: 678

vlink src/dst: 0 13
number of protected paths set: 15
needed_slices: 84
paths: {1 1 8 8 17 17}
slices required:
{2 2 2 2 2 2}
slices start:
{22 24 22 24 6 8}
tuples:
{12 12 12 12 12 12}
dist: 571
dist: 571
dist: 622
dist: 622
dist: 751
dist: 751

vlink src/dst: 0 19
number of protected paths set: 15
needed_slices: 42
paths: {2 13 17}
slices required:
{2 2 2}
slices start:
{26 26 10}
tuples:
{12 12 12}
dist: 471
dist: 722
dist: 771

vlink src/dst: 2 15
number of protected paths set: 3
needed_slices: 240
paths: {0 0 0 17 17 17 17 17}
slices required:
{2 5 5 2 2 2 3 3}
slices start:
{28 30 35 4 12 14 16 19}
tuples:
{6 23 23 6 6 6 11 11}
dist: 850
dist: 850
dist: 850
dist: 994
dist: 994
dist: 994
dist: 994
dist: 994

vlink src/dst: 0 3
number of protected paths set: 15
needed_slices: 19
paths: {0 8}
slices required:
{2 3}
slices start:
{28 0}
tuples:
{20 18}
dist: 161
dist: 474

vlink src/dst: 8 10
number of protected paths set: 3
needed_slices: 96
paths: {0 1 1 17 17}
slices required:
{2 2 2 2 5}
slices start:
{28 30 32 30 32}
tuples:
{12 12 12 12 32}
dist: 530
dist: 579
dist: 579
dist: 671
dist: 671

vlink src/dst: 14 16
number of protected paths set: 3
needed_slices: 32
paths: {6 12}
slices required:
{2 2}
slices start:
{0 40}
tuples:
{12 12}
dist: 678
dist: 704

vlink src/dst: 8 14
number of protected paths set: 3
needed_slices: 76
paths: {3 3 15 15}
slices required:
{2 2 2 2}
slices start:
{42 44 2 40}
tuples:
{6 6 6 6}
dist: 875
dist: 875
dist: 912
dist: 912

vlink src/dst: 0 14
number of protected paths set: 3
needed_slices: 77
paths: {2 2 2 5 5 5}
slices required:
{2 2 3 2 2 3}
slices start:
{6 8 37 30 32 34}
tuples:
{12 12 18 12 12 18}
dist: 420
dist: 420
dist: 420
dist: 486
dist: 486
dist: 486

vlink src/dst: 0 17
number of protected paths set: 15
needed_slices: 36
paths: {0 0 0 3 3 3}
slices required:
{2 2 2 2 2 2}
slices start:
{37 39 41 4 12 14}
tuples:
{20 20 20 20 20 20}
dist: 163
dist: 163
dist: 163
dist: 249
dist: 249
dist: 249

vlink src/dst: 5 14
number of protected paths set: 3
needed_slices: 30
paths: {0 19}
slices required:
{2 2}
slices start:
{46 42}
tuples:
{12 12}
dist: 513
dist: 751

vlink src/dst: 5 9
number of protected paths set: 15
needed_slices: 114
paths: {4 4 6 6 17 17}
slices required:
{2 2 2 2 2 3}
slices start:
{44 46 37 48 48 50}
tuples:
{12 12 12 12 6 10}
dist: 589
dist: 589
dist: 612
dist: 612
dist: 1037
dist: 1037

vlink src/dst: 0 5
number of protected paths set: 15
needed_slices: 24
paths: {1 1 2 2}
slices required:
{2 2 2 2}
slices start:
{6 8 16 18}
tuples:
{20 20 20 20}
dist: 240
dist: 240
dist: 248
dist: 248

vlink src/dst: 0 16
number of protected paths set: 15
needed_slices: 24
paths: {4 7}
slices required:
{2 2}
slices start:
{10 22}
tuples:
{12 12}
dist: 386
dist: 419

vlink src/dst: 0 6
number of protected paths set: 15
needed_slices: 33
paths: {1 5}
slices required:
{3 3}
slices start:
{43 24}
tuples:
{27 18}
dist: 361
dist: 446

vlink src/dst: 0 11
number of protected paths set: 15
needed_slices: 22
paths: {0 2}
slices required:
{2 2}
slices start:
{20 50}
tuples:
{12 12}
dist: 485
dist: 506

vlink src/dst: 14 19
number of protected paths set: 3
needed_slices: 33
paths: {0 14 14}
slices required:
{3 2 2}
slices start:
{7 53 55}
tuples:
{27 12 12}
dist: 322
dist: 762
dist: 762

vlink src/dst: 3 4
number of protected paths set: 15
needed_slices: 60
paths: {0 0 8 8 8}
slices required:
{3 3 2 2 3}
slices start:
{40 43 12 14 44}
tuples:
{27 27 12 12 17}
dist: 385
dist: 385
dist: 585
dist: 585
dist: 585

vlink src/dst: 13 16
number of protected paths set: 15
needed_slices: 58
paths: {0 0 2 4 14}
slices required:
{2 2 2 2 2}
slices start:
{34 36 4 10 16}
tuples:
{12 12 12 12 12}
dist: 442
dist: 442
dist: 546
dist: 553
dist: 690

vlink src/dst: 5 15
number of protected paths set: 3
needed_slices: 51
paths: {2 6 6}
slices required:
{3 2 2}
slices start:
{6 0 2}
tuples:
{17 12 12}
dist: 582
dist: 609
dist: 609

vlink src/dst: 7 16
number of protected paths set: 15
needed_slices: 29
paths: {0 0 2 3 3}
slices required:
{2 2 2 2 3}
slices start:
{9 11 0 22 52}
tuples:
{20 20 20 12 27}
dist: 204
dist: 204
dist: 220
dist: 327
dist: 327

vlink src/dst: 4 11
number of protected paths set: 15
needed_slices: 33
paths: {0 7}
slices required:
{3 3}
slices start:
{6 57}
tuples:
{27 17}
dist: 376
dist: 554

vlink src/dst: 1 6
number of protected paths set: 15
needed_slices: 12
paths: {0 1}
slices required:
{2 2}
slices start:
{0 34}
tuples:
{20 20}
dist: 191
dist: 246

vlink src/dst: 11 18
number of protected paths set: 15
needed_slices: 39
paths: {0 1 2 4}
slices required:
{2 3 3 3}
slices start:
{9 22 22 25}
tuples:
{20 27 27 18}
dist: 275
dist: 341
dist: 351
dist: 417

vlink src/dst: 11 15
number of protected paths set: 3
needed_slices: 16
paths: {0 1}
slices required:
{2 2}
slices start:
{25 42}
tuples:
{20 12}
dist: 241
dist: 496

vlink src/dst: 1 18
number of protected paths set: 15
needed_slices: 28
paths: {0 0 2 2}
slices required:
{2 2 2 3}
slices start:
{2 4 9 22}
tuples:
{20 20 12 27}
dist: 233
dist: 233
dist: 353
dist: 353

vlink src/dst: 6 15
number of protected paths set: 3
needed_slices: 60
paths: {1 1 1 2 2 2}
slices required:
{2 2 3 2 2 4}
slices start:
{27 29 31 13 15 17}
tuples:
{12 12 27 12 12 25}
dist: 390
dist: 390
dist: 390
dist: 444
dist: 444
dist: 444
26 second(s) taken for solution
28 second(s) taken in total
cost = 1618

