
11 second(s) taken for initialization

vlink src/dst: 11 14
number of protected paths set: 3
needed_slices: 27
paths: {1 2}
slices required:
{3 3}
slices start:
{0 0}
tuples:
{27 27}
dist: 329
dist: 347

vlink src/dst: 10 14
number of protected paths set: 3
needed_slices: 22
paths: {0 0 1 1}
slices required:
{2 2 3 3}
slices start:
{3 5 3 6}
tuples:
{29 29 27 27}
dist: 67
dist: 67
dist: 383
dist: 383

vlink src/dst: 4 14
number of protected paths set: 3
needed_slices: 33
paths: {0 9 9}
slices required:
{3 2 2}
slices start:
{9 9 11}
tuples:
{28 12 12}
dist: 199
dist: 527
dist: 527

vlink src/dst: 3 14
number of protected paths set: 3
needed_slices: 142
paths: {1 1 1 18 18 18 18 18}
slices required:
{2 2 5 2 2 2 2 2}
slices start:
{12 14 16 13 15 17 19 21}
tuples:
{12 12 33 12 12 12 12 12}
dist: 549
dist: 549
dist: 549
dist: 721
dist: 721
dist: 721
dist: 721
dist: 721

vlink src/dst: 11 13
number of protected paths set: 3
needed_slices: 42
paths: {0 0 0 3 3}
slices required:
{2 2 2 3 3}
slices start:
{3 5 7 23 26}
tuples:
{20 20 20 27 27}
dist: 155
dist: 155
dist: 155
dist: 334
dist: 334

vlink src/dst: 5 19
number of protected paths set: 15
needed_slices: 6
paths: {0 1}
slices required:
{2 2}
slices start:
{0 0}
tuples:
{20 20}
dist: 103
dist: 124

vlink src/dst: 0 6
number of protected paths set: 15
needed_slices: 52
paths: {0 0 11 11}
slices required:
{2 2 2 2}
slices start:
{29 31 2 4}
tuples:
{12 12 12 12}
dist: 609
dist: 609
dist: 701
dist: 701

vlink src/dst: 12 13
number of protected paths set: 3
needed_slices: 36
paths: {0 11}
slices required:
{3 3}
slices start:
{13 6}
tuples:
{27 18}
dist: 307
dist: 493

vlink src/dst: 4 17
number of protected paths set: 15
needed_slices: 40
paths: {0 0 1 1 13}
slices required:
{2 2 2 2 2}
slices start:
{21 33 33 35 0}
tuples:
{20 20 20 20 12}
dist: 255
dist: 255
dist: 284
dist: 284
dist: 608

vlink src/dst: 11 19
number of protected paths set: 15
needed_slices: 14
paths: {0 3}
slices required:
{2 2}
slices start:
{16 37}
tuples:
{20 20}
dist: 208
dist: 280

vlink src/dst: 15 19
number of protected paths set: 15
needed_slices: 101
paths: {0 0 1 1 5 5 5 5}
slices required:
{2 2 2 2 2 2 2 3}
slices start:
{37 39 41 43 35 39 41 43}
tuples:
{12 12 12 12 12 12 12 17}
dist: 478
dist: 478
dist: 496
dist: 496
dist: 550
dist: 550
dist: 550
dist: 550

vlink src/dst: 16 19
number of protected paths set: 15
needed_slices: 62
paths: {1 2 14}
slices required:
{2 2 3}
slices start:
{18 23 46}
tuples:
{12 12 11}
dist: 551
dist: 559
dist: 997

vlink src/dst: 1 10
number of protected paths set: 15
needed_slices: 36
paths: {0 7 16}
slices required:
{2 2 2}
slices start:
{49 0 29}
tuples:
{12 12 12}
dist: 475
dist: 620
dist: 721

vlink src/dst: 10 17
number of protected paths set: 15
needed_slices: 22
paths: {0 0 1 2 2}
slices required:
{2 2 2 2 2}
slices start:
{23 25 49 2 4}
tuples:
{20 20 20 20 20}
dist: 174
dist: 174
dist: 276
dist: 297
dist: 297

vlink src/dst: 1 17
number of protected paths set: 15
needed_slices: 52
paths: {2 2 5 5 6 6}
slices required:
{2 2 2 2 2 2}
slices start:
{2 4 6 8 6 39}
tuples:
{12 12 12 12 12 12}
dist: 394
dist: 394
dist: 483
dist: 483
dist: 494
dist: 494

vlink src/dst: 18 19
number of protected paths set: 15
needed_slices: 44
paths: {6 8 9}
slices required:
{2 2 2}
slices start:
{51 51 25}
tuples:
{12 12 12}
dist: 655
dist: 695
dist: 721

vlink src/dst: 7 18
number of protected paths set: 15
needed_slices: 60
paths: {0 0 12 12}
slices required:
{2 2 2 2}
slices start:
{10 21 20 22}
tuples:
{12 12 12 12}
dist: 632
dist: 632
dist: 749
dist: 749

vlink src/dst: 4 16
number of protected paths set: 15
needed_slices: 80
paths: {1 1 3 12 14}
slices required:
{2 2 2 2 3}
slices start:
{27 31 25 2 53}
tuples:
{12 12 12 12 11}
dist: 496
dist: 496
dist: 533
dist: 589
dist: 894

vlink src/dst: 7 15
number of protected paths set: 15
needed_slices: 48
paths: {0 11 15}
slices required:
{2 2 2}
slices start:
{33 27 0}
tuples:
{12 12 6}
dist: 506
dist: 703
dist: 877

vlink src/dst: 7 12
number of protected paths set: 15
needed_slices: 24
paths: {0 3}
slices required:
{2 3}
slices start:
{35 9}
tuples:
{20 27}
dist: 289
dist: 389

vlink src/dst: 8 17
number of protected paths set: 15
needed_slices: 36
paths: {0 0 1 1}
slices required:
{3 3 3 3}
slices start:
{10 13 6 9}
tuples:
{27 27 27 27}
dist: 332
dist: 332
dist: 343
dist: 343

vlink src/dst: 1 12
number of protected paths set: 15
needed_slices: 6
paths: {0 1}
slices required:
{2 2}
slices start:
{0 0}
tuples:
{20 20}
dist: 142
dist: 150

vlink src/dst: 8 11
number of protected paths set: 15
needed_slices: 60
paths: {0 0 0 5 5 5 5}
slices required:
{2 2 4 2 2 2 3}
slices start:
{24 33 35 53 55 57 59}
tuples:
{12 12 34 12 12 12 18}
dist: 386
dist: 386
dist: 386
dist: 433
dist: 433
dist: 433
dist: 433

vlink src/dst: 2 3
number of protected paths set: 15
needed_slices: 77
paths: {0 0 0 7 7 7}
slices required:
{2 2 3 2 2 3}
slices start:
{29 31 39 2 4 45}
tuples:
{12 12 18 12 12 17}
dist: 487
dist: 487
dist: 487
dist: 599
dist: 599
dist: 599

vlink src/dst: 8 14
number of protected paths set: 3
needed_slices: 30
paths: {0 2}
slices required:
{3 3}
slices start:
{23 62}
tuples:
{17 17}
dist: 535
dist: 551

vlink src/dst: 2 17
number of protected paths set: 15
needed_slices: 30
paths: {0 0 0 1 1 1}
slices required:
{2 2 2 2 2 2}
slices start:
{16 18 20 12 14 16}
tuples:
{20 20 20 20 20 20}
dist: 273
dist: 273
dist: 273
dist: 288
dist: 288
dist: 288

vlink src/dst: 0 18
number of protected paths set: 15
needed_slices: 12
paths: {0 2}
slices required:
{2 2}
slices start:
{23 2}
tuples:
{20 12}
dist: 258
dist: 405

vlink src/dst: 12 16
number of protected paths set: 15
needed_slices: 30
paths: {0 0 1 1}
slices required:
{2 3 2 3}
slices start:
{6 8 4 33}
tuples:
{20 28 20 27}
dist: 191
dist: 191
dist: 246
dist: 246

vlink src/dst: 0 16
number of protected paths set: 15
needed_slices: 23
paths: {0 0 1 1 1}
slices required:
{2 3 2 2 2}
slices start:
{0 2 6 8 10}
tuples:
{29 36 20 20 20}
dist: 100
dist: 100
dist: 253
dist: 253
dist: 253

vlink src/dst: 9 12
number of protected paths set: 15
needed_slices: 39
paths: {0 0 9 9 9}
slices required:
{2 3 2 2 2}
slices start:
{11 13 4 8 12}
tuples:
{12 27 12 12 12}
dist: 310
dist: 310
dist: 509
dist: 509
dist: 509
44 second(s) taken for solution
55 second(s) taken in total
cost = 1286

