
7 second(s) taken for initialization

vlink src/dst: 3 4
number of protected paths set: 3
needed_slices: 21
paths: {1 2}
slices required:
{2 3}
slices start:
{0 0}
tuples:
{20 27}
dist: 285
dist: 376

vlink src/dst: 2 3
number of protected paths set: 3
needed_slices: 24
paths: {0 8}
slices required:
{2 3}
slices start:
{3 3}
tuples:
{20 18}
dist: 186
dist: 490

vlink src/dst: 4 18
number of protected paths set: 15
needed_slices: 54
paths: {0 2 2 4 4 7}
slices required:
{2 2 2 2 2 2}
slices start:
{5 2 7 7 9 4}
tuples:
{12 12 12 12 12 12}
dist: 344
dist: 398
dist: 398
dist: 451
dist: 451
dist: 505

vlink src/dst: 10 15
number of protected paths set: 3
needed_slices: 98
paths: {0 0 0 18 19 19}
slices required:
{2 2 3 2 2 2}
slices start:
{11 13 15 0 6 8}
tuples:
{12 12 17 12 12 12}
dist: 513
dist: 513
dist: 513
dist: 730
dist: 751
dist: 751

vlink src/dst: 2 10
number of protected paths set: 3
needed_slices: 26
paths: {0 17}
slices required:
{2 2}
slices start:
{18 10}
tuples:
{12 12}
dist: 383
dist: 660

vlink src/dst: 3 18
number of protected paths set: 3
needed_slices: 42
paths: {0 0 0 3 3 3}
slices required:
{2 2 2 2 2 2}
slices start:
{9 11 13 11 13 15}
tuples:
{20 20 20 20 20 20}
dist: 219
dist: 219
dist: 219
dist: 257
dist: 257
dist: 257

vlink src/dst: 4 17
number of protected paths set: 15
needed_slices: 62
paths: {0 11 16}
slices required:
{3 3 2}
slices start:
{20 20 18}
tuples:
{18 17 12}
dist: 486
dist: 584
dist: 740

vlink src/dst: 3 13
number of protected paths set: 3
needed_slices: 72
paths: {0 0 2 5 11 11}
slices required:
{2 2 2 2 2 2}
slices start:
{6 8 17 23 25 27}
tuples:
{12 12 12 12 12 12}
dist: 307
dist: 307
dist: 369
dist: 429
dist: 493
dist: 493

vlink src/dst: 3 5
number of protected paths set: 3
needed_slices: 42
paths: {7 14}
slices required:
{3 3}
slices start:
{29 25}
tuples:
{18 17}
dist: 469
dist: 520

vlink src/dst: 4 12
number of protected paths set: 15
needed_slices: 44
paths: {0 11 16}
slices required:
{2 2 2}
slices start:
{23 32 2}
tuples:
{12 6 6}
dist: 700
dist: 835
dist: 936

vlink src/dst: 0 3
number of protected paths set: 3
needed_slices: 185
paths: {1 1 1 16 16 16 16 16}
slices required:
{2 2 4 2 2 2 2 3}
slices start:
{28 30 32 34 36 38 40 42}
tuples:
{12 12 24 6 6 6 6 11}
dist: 666
dist: 666
dist: 666
dist: 814
dist: 814
dist: 814
dist: 814
dist: 814

vlink src/dst: 3 14
number of protected paths set: 3
needed_slices: 53
paths: {2 15 15}
slices required:
{3 2 2}
slices start:
{36 45 47}
tuples:
{17 12 12}
dist: 600
dist: 752
dist: 752

vlink src/dst: 4 9
number of protected paths set: 15
needed_slices: 24
paths: {1 5}
slices required:
{2 2}
slices start:
{25 4}
tuples:
{12 12}
dist: 627
dist: 681

vlink src/dst: 6 14
number of protected paths set: 15
needed_slices: 110
paths: {0 0 1 1 1 3 3}
slices required:
{2 2 2 2 5 2 2}
slices start:
{39 41 0 49 51 43 45}
tuples:
{12 12 12 12 32 12 12}
dist: 619
dist: 619
dist: 631
dist: 631
dist: 631
dist: 637
dist: 637

vlink src/dst: 16 17
number of protected paths set: 15
needed_slices: 32
paths: {0 4 4 5}
slices required:
{3 2 2 2}
slices start:
{2 0 2 2}
tuples:
{36 12 12 12}
dist: 75
dist: 422
dist: 422
dist: 431

vlink src/dst: 10 14
number of protected paths set: 15
needed_slices: 72
paths: {0 2 6 10 14}
slices required:
{2 2 2 2 2}
slices start:
{12 14 4 56 4}
tuples:
{12 12 12 12 12}
dist: 528
dist: 582
dist: 597
dist: 651
dist: 798

vlink src/dst: 10 13
number of protected paths set: 15
needed_slices: 48
paths: {0 0 0 1 1 1}
slices required:
{2 2 2 2 2 2}
slices start:
{23 32 45 58 60 62}
tuples:
{20 20 20 20 20 20}
dist: 208
dist: 208
dist: 208
dist: 274
dist: 274
dist: 274

vlink src/dst: 1 16
number of protected paths set: 15
needed_slices: 36
paths: {0 12 13}
slices required:
{2 2 2}
slices start:
{16 27 6}
tuples:
{12 12 12}
dist: 332
dist: 709
dist: 712

vlink src/dst: 9 17
number of protected paths set: 15
needed_slices: 56
paths: {4 4 7 7 13 13}
slices required:
{2 2 2 2 2 2}
slices start:
{10 12 0 12 6 8}
tuples:
{12 12 12 12 12 12}
dist: 423
dist: 423
dist: 464
dist: 464
dist: 597
dist: 597

vlink src/dst: 5 17
number of protected paths set: 15
needed_slices: 40
paths: {0 0 3 3 7}
slices required:
{2 2 3 3 2}
slices start:
{4 10 25 28 2}
tuples:
{29 29 27 27 12}
dist: 97
dist: 97
dist: 400
dist: 400
dist: 448

vlink src/dst: 2 7
number of protected paths set: 3
needed_slices: 16
paths: {0 2}
slices required:
{2 3}
slices start:
{12 6}
tuples:
{20 18}
dist: 120
dist: 447

vlink src/dst: 7 8
number of protected paths set: 15
needed_slices: 8
paths: {0 1}
slices required:
{2 2}
slices start:
{14 0}
tuples:
{20 20}
dist: 227
dist: 243

vlink src/dst: 11 17
number of protected paths set: 3
needed_slices: 22
paths: {0 19}
slices required:
{2 2}
slices start:
{19 14}
tuples:
{20 12}
dist: 283
dist: 724

vlink src/dst: 5 12
number of protected paths set: 15
needed_slices: 44
paths: {0 0 0 4 4 4}
slices required:
{2 2 2 2 2 4}
slices start:
{10 14 16 21 47 49}
tuples:
{20 20 20 12 12 25}
dist: 248
dist: 248
dist: 248
dist: 401
dist: 401
dist: 401

vlink src/dst: 5 19
number of protected paths set: 15
needed_slices: 18
paths: {1 5}
slices required:
{2 2}
slices start:
{53 18}
tuples:
{12 12}
dist: 450
dist: 521

vlink src/dst: 0 1
number of protected paths set: 3
needed_slices: 22
paths: {1 4}
slices required:
{2 2}
slices start:
{10 8}
tuples:
{12 12}
dist: 547
dist: 603

vlink src/dst: 1 14
number of protected paths set: 15
needed_slices: 40
paths: {0 0 3 3 7 7}
slices required:
{2 2 2 2 2 2}
slices start:
{16 18 10 56 0 2}
tuples:
{12 12 12 12 12 12}
dist: 360
dist: 360
dist: 489
dist: 489
dist: 531
dist: 531

vlink src/dst: 9 12
number of protected paths set: 15
needed_slices: 24
paths: {0 0 0 1 1 1}
slices required:
{2 2 2 2 2 2}
slices start:
{0 2 4 20 22 24}
tuples:
{20 20 20 20 20 20}
dist: 223
dist: 223
dist: 223
dist: 255
dist: 255
dist: 255

vlink src/dst: 7 9
number of protected paths set: 15
needed_slices: 68
paths: {3 3 4 4 10 10}
slices required:
{2 2 2 2 2 2}
slices start:
{14 20 16 20 0 6}
tuples:
{12 12 12 12 12 12}
dist: 597
dist: 597
dist: 609
dist: 609
dist: 702
dist: 702

vlink src/dst: 15 19
number of protected paths set: 3
needed_slices: 96
paths: {3 3 3 3 6 6 6 6}
slices required:
{2 2 2 2 2 2 2 2}
slices start:
{22 24 26 28 29 31 33 35}
tuples:
{12 12 12 12 12 12 12 12}
dist: 716
dist: 716
dist: 716
dist: 716
dist: 744
dist: 744
dist: 744
dist: 744
47 second(s) taken for solution
54 second(s) taken in total
cost = 1499

