
8 second(s) taken for initialization

vlink src/dst: 8 18
number of protected paths set: 15
needed_slices: 8
paths: {0 1}
slices required:
{2 2}
slices start:
{0 0}
tuples:
{20 20}
dist: 156
dist: 167

vlink src/dst: 0 5
number of protected paths set: 15
needed_slices: 77
paths: {0 0 0 6 6 6}
slices required:
{2 2 3 2 2 3}
slices start:
{2 4 6 2 4 6}
tuples:
{12 12 18 12 12 17}
dist: 465
dist: 465
dist: 465
dist: 549
dist: 549
dist: 549

vlink src/dst: 16 18
number of protected paths set: 15
needed_slices: 40
paths: {0 0 2 2}
slices required:
{2 3 2 3}
slices start:
{9 11 2 4}
tuples:
{20 27 20 27}
dist: 223
dist: 223
dist: 276
dist: 276

vlink src/dst: 14 16
number of protected paths set: 15
needed_slices: 36
paths: {0 0 0 1 1 1}
slices required:
{2 2 2 2 2 2}
slices start:
{14 16 18 0 7 9}
tuples:
{20 20 20 20 20 20}
dist: 176
dist: 176
dist: 176
dist: 219
dist: 219
dist: 219

vlink src/dst: 15 18
number of protected paths set: 15
needed_slices: 68
paths: {1 2 3 7 17}
slices required:
{2 2 2 2 2}
slices start:
{0 9 11 13 20}
tuples:
{12 12 12 12 12}
dist: 571
dist: 578
dist: 579
dist: 617
dist: 751

vlink src/dst: 12 17
number of protected paths set: 15
needed_slices: 35
paths: {0 0 3 3}
slices required:
{2 3 2 3}
slices start:
{15 17 11 15}
tuples:
{20 27 20 27}
dist: 208
dist: 208
dist: 280
dist: 280

vlink src/dst: 11 13
number of protected paths set: 3
needed_slices: 52
paths: {1 1 15 15}
slices required:
{2 2 2 2}
slices start:
{20 22 22 24}
tuples:
{12 12 12 12}
dist: 516
dist: 516
dist: 655
dist: 655

vlink src/dst: 5 19
number of protected paths set: 15
needed_slices: 56
paths: {0 13 17}
slices required:
{2 2 2}
slices start:
{18 26 2}
tuples:
{12 12 6}
dist: 709
dist: 793
dist: 1229

vlink src/dst: 5 12
number of protected paths set: 15
needed_slices: 20
paths: {0 0 1 1}
slices required:
{2 3 2 3}
slices start:
{13 20 0 9}
tuples:
{20 28 20 27}
dist: 178
dist: 178
dist: 234
dist: 234

vlink src/dst: 6 14
number of protected paths set: 15
needed_slices: 36
paths: {0 2}
slices required:
{3 3}
slices start:
{28 24}
tuples:
{18 18}
dist: 420
dist: 464

vlink src/dst: 6 13
number of protected paths set: 3
needed_slices: 96
paths: {0 0 0 2 2 2}
slices required:
{2 2 4 2 2 4}
slices start:
{26 31 33 27 29 31}
tuples:
{12 12 25 12 12 25}
dist: 407
dist: 407
dist: 407
dist: 427
dist: 427
dist: 427

vlink src/dst: 2 14
number of protected paths set: 3
needed_slices: 52
paths: {0 0 4 4}
slices required:
{2 2 2 2}
slices start:
{18 37 35 37}
tuples:
{12 12 12 12}
dist: 466
dist: 466
dist: 576
dist: 576

vlink src/dst: 2 3
number of protected paths set: 3
needed_slices: 18
paths: {0 0 0 1 1 1}
slices required:
{2 2 2 2 2 2}
slices start:
{0 2 4 0 2 4}
tuples:
{20 20 20 20 20 20}
dist: 147
dist: 147
dist: 147
dist: 214
dist: 214
dist: 214

vlink src/dst: 10 13
number of protected paths set: 3
needed_slices: 97
paths: {1 1 1 7 7 7 7}
slices required:
{2 2 3 2 2 2 2}
slices start:
{39 41 43 39 41 43 45}
tuples:
{12 12 17 12 12 12 12}
dist: 569
dist: 569
dist: 569
dist: 650
dist: 650
dist: 650
dist: 650

vlink src/dst: 1 12
number of protected paths set: 15
needed_slices: 96
paths: {1 1 1 5 5 5}
slices required:
{2 2 4 2 2 4}
slices start:
{47 49 51 23 47 49}
tuples:
{12 12 25 12 12 25}
dist: 496
dist: 496
dist: 496
dist: 550
dist: 550
dist: 550

vlink src/dst: 1 18
number of protected paths set: 15
needed_slices: 92
paths: {1 1 12 12 15 15}
slices required:
{2 2 2 2 2 3}
slices start:
{55 57 53 55 28 30}
tuples:
{12 12 12 12 6 11}
dist: 536
dist: 536
dist: 654
dist: 654
dist: 837
dist: 837

vlink src/dst: 7 14
number of protected paths set: 3
needed_slices: 30
paths: {3 5}
slices required:
{2 2}
slices start:
{33 59}
tuples:
{12 12}
dist: 773
dist: 780

vlink src/dst: 9 14
number of protected paths set: 3
needed_slices: 68
paths: {1 1 4 4}
slices required:
{2 2 2 2}
slices start:
{35 37 61 63}
tuples:
{12 12 12 12}
dist: 684
dist: 684
dist: 703
dist: 703

vlink src/dst: 8 16
number of protected paths set: 15
needed_slices: 11
paths: {0 1}
slices required:
{2 3}
slices start:
{0 11}
tuples:
{29 27}
dist: 67
dist: 201

vlink src/dst: 8 10
number of protected paths set: 15
needed_slices: 98
paths: {0 0 1 1 8 8 8}
slices required:
{2 2 2 2 2 2 5}
slices start:
{2 4 6 61 14 16 25}
tuples:
{12 12 12 12 12 12 32}
dist: 539
dist: 539
dist: 545
dist: 545
dist: 610
dist: 610
dist: 610

vlink src/dst: 11 17
number of protected paths set: 15
needed_slices: 44
paths: {0 0 3 3 15}
slices required:
{2 2 2 2 2}
slices start:
{0 2 14 16 0}
tuples:
{12 12 12 12 12}
dist: 361
dist: 361
dist: 488
dist: 488
dist: 703

vlink src/dst: 5 10
number of protected paths set: 15
needed_slices: 24
paths: {2 3}
slices required:
{2 2}
slices start:
{4 30}
tuples:
{12 12}
dist: 721
dist: 739

vlink src/dst: 1 3
number of protected paths set: 15
needed_slices: 68
paths: {4 4 8 8 11 11}
slices required:
{2 2 2 2 2 2}
slices start:
{8 65 6 11 8 10}
tuples:
{12 12 12 12 12 12}
dist: 609
dist: 609
dist: 635
dist: 635
dist: 663
dist: 663

vlink src/dst: 7 17
number of protected paths set: 3
needed_slices: 40
paths: {2 2 5 5}
slices required:
{2 2 2 2}
slices start:
{4 6 2 20}
tuples:
{12 12 12 12}
dist: 598
dist: 598
dist: 669
dist: 669

vlink src/dst: 10 11
number of protected paths set: 15
needed_slices: 10
paths: {0 1}
slices required:
{2 2}
slices start:
{2 12}
tuples:
{20 12}
dist: 269
dist: 352

vlink src/dst: 1 4
number of protected paths set: 15
needed_slices: 23
paths: {0 0 1 1}
slices required:
{2 2 2 3}
slices start:
{4 6 10 14}
tuples:
{20 20 12 27}
dist: 280
dist: 280
dist: 312
dist: 312

vlink src/dst: 1 19
number of protected paths set: 15
needed_slices: 42
paths: {0 0 8 8 8}
slices required:
{2 2 2 2 2}
slices start:
{0 20 8 10 12}
tuples:
{20 20 12 12 12}
dist: 232
dist: 232
dist: 548
dist: 548
dist: 548

vlink src/dst: 7 19
number of protected paths set: 3
needed_slices: 80
paths: {1 1 1 3 3 3}
slices required:
{2 2 4 2 2 4}
slices start:
{0 14 16 22 24 26}
tuples:
{12 12 25 12 12 25}
dist: 527
dist: 527
dist: 527
dist: 537
dist: 537
dist: 537

vlink src/dst: 9 11
number of protected paths set: 3
needed_slices: 36
paths: {0 0 2 2 3}
slices required:
{2 3 2 2 2}
slices start:
{4 20 4 6 30}
tuples:
{20 28 12 12 12}
dist: 150
dist: 150
dist: 436
dist: 436
dist: 504

vlink src/dst: 7 15
number of protected paths set: 3
needed_slices: 24
paths: {2 4}
slices required:
{3 3}
slices start:
{8 32}
tuples:
{17 17}
dist: 540
dist: 560
30 second(s) taken for solution
38 second(s) taken in total
cost = 1477

