
4 second(s) taken for initialization

vlink src/dst: 18 19
number of protected paths set: 3
needed_slices: 66
paths: {2 2 2 13 13 13}
slices required:
{2 2 2 2 2 2}
slices start:
{0 2 4 0 2 4}
tuples:
{12 12 12 12 12 12}
dist: 542
dist: 542
dist: 542
dist: 643
dist: 643
dist: 643

vlink src/dst: 17 19
number of protected paths set: 3
needed_slices: 22
paths: {0 0 1 1}
slices required:
{2 2 2 4}
slices start:
{6 8 6 8}
tuples:
{29 29 12 34}
dist: 67
dist: 67
dist: 383
dist: 383

vlink src/dst: 5 7
number of protected paths set: 15
needed_slices: 36
paths: {0 2}
slices required:
{3 3}
slices start:
{6 12}
tuples:
{27 18}
dist: 376
dist: 459

vlink src/dst: 0 7
number of protected paths set: 15
needed_slices: 73
paths: {0 0 0 7 7 7}
slices required:
{2 2 2 2 2 3}
slices start:
{9 11 13 15 17 19}
tuples:
{20 20 20 12 12 17}
dist: 277
dist: 277
dist: 277
dist: 520
dist: 520
dist: 520

vlink src/dst: 4 10
number of protected paths set: 3
needed_slices: 48
paths: {0 0 11 11}
slices required:
{2 2 2 2}
slices start:
{0 2 22 24}
tuples:
{12 12 12 12}
dist: 523
dist: 523
dist: 587
dist: 587

vlink src/dst: 4 12
number of protected paths set: 3
needed_slices: 174
paths: {1 1 1 16 16 16 16 16}
slices required:
{2 2 4 2 2 2 2 2}
slices start:
{22 24 26 0 2 4 6 8}
tuples:
{12 12 24 6 6 6 6 6}
dist: 666
dist: 666
dist: 666
dist: 814
dist: 814
dist: 814
dist: 814
dist: 814

vlink src/dst: 7 10
number of protected paths set: 15
needed_slices: 66
paths: {1 9 11 12 15}
slices required:
{2 2 2 2 2}
slices start:
{4 15 30 32 10}
tuples:
{12 12 12 12 12}
dist: 482
dist: 539
dist: 627
dist: 634
dist: 740

vlink src/dst: 3 17
number of protected paths set: 15
needed_slices: 28
paths: {0 15}
slices required:
{2 2}
slices start:
{17 26}
tuples:
{12 12}
dist: 521
dist: 641

vlink src/dst: 17 18
number of protected paths set: 15
needed_slices: 36
paths: {0 7 14}
slices required:
{2 2 2}
slices start:
{19 6 28}
tuples:
{12 12 12}
dist: 475
dist: 620
dist: 721

vlink src/dst: 2 8
number of protected paths set: 3
needed_slices: 69
paths: {1 1 1 2 2 2}
slices required:
{2 2 3 2 2 4}
slices start:
{12 14 16 34 36 38}
tuples:
{12 12 27 12 12 25}
dist: 360
dist: 360
dist: 360
dist: 425
dist: 425
dist: 425

vlink src/dst: 0 11
number of protected paths set: 15
needed_slices: 45
paths: {3 15 15}
slices required:
{3 2 2}
slices start:
{42 8 12}
tuples:
{18 12 12}
dist: 481
dist: 616
dist: 616

vlink src/dst: 10 13
number of protected paths set: 15
needed_slices: 44
paths: {0 3 18}
slices required:
{2 2 2}
slices start:
{17 34 12}
tuples:
{12 12 12}
dist: 616
dist: 631
dist: 779

vlink src/dst: 7 15
number of protected paths set: 15
needed_slices: 42
paths: {2 11 15}
slices required:
{2 2 2}
slices start:
{30 14 42}
tuples:
{12 12 6}
dist: 555
dist: 714
dist: 870

vlink src/dst: 2 16
number of protected paths set: 3
needed_slices: 49
paths: {0 13 13}
slices required:
{3 2 2}
slices start:
{16 0 2}
tuples:
{18 12 12}
dist: 482
dist: 654
dist: 654

vlink src/dst: 6 10
number of protected paths set: 15
needed_slices: 30
paths: {6 9 11}
slices required:
{2 2 2}
slices start:
{14 8 26}
tuples:
{12 12 12}
dist: 526
dist: 553
dist: 564

vlink src/dst: 10 11
number of protected paths set: 15
needed_slices: 68
paths: {1 1 15 15 16}
slices required:
{2 2 2 2 2}
slices start:
{6 19 45 47 14}
tuples:
{12 12 12 12 12}
dist: 479
dist: 479
dist: 751
dist: 751
dist: 757

vlink src/dst: 10 16
number of protected paths set: 15
needed_slices: 114
paths: {0 0 1 1 10 10 10 10}
slices required:
{2 2 2 2 2 2 2 4}
slices start:
{21 23 26 28 16 18 20 22}
tuples:
{12 12 12 12 12 12 12 24}
dist: 520
dist: 520
dist: 524
dist: 524
dist: 711
dist: 711
dist: 711
dist: 711

vlink src/dst: 6 18
number of protected paths set: 15
needed_slices: 35
paths: {0 0 0 2 2 2}
slices required:
{2 2 3 2 2 3}
slices start:
{0 2 4 6 8 12}
tuples:
{20 20 27 20 20 27}
dist: 271
dist: 271
dist: 271
dist: 291
dist: 291
dist: 291

vlink src/dst: 3 6
number of protected paths set: 15
needed_slices: 8
paths: {0 1}
slices required:
{2 2}
slices start:
{10 10}
tuples:
{20 20}
dist: 129
dist: 193

vlink src/dst: 10 14
number of protected paths set: 3
needed_slices: 52
paths: {1 1 15 15}
slices required:
{2 2 2 2}
slices start:
{26 28 30 34}
tuples:
{12 12 12 12}
dist: 627
dist: 627
dist: 778
dist: 778

vlink src/dst: 1 16
number of protected paths set: 15
needed_slices: 20
paths: {2 7}
slices required:
{2 2}
slices start:
{32 10}
tuples:
{12 12}
dist: 479
dist: 507

vlink src/dst: 9 14
number of protected paths set: 3
needed_slices: 18
paths: {0 0 1 1 1}
slices required:
{2 2 2 2 3}
slices start:
{0 2 0 2 4}
tuples:
{29 29 12 12 18}
dist: 85
dist: 85
dist: 482
dist: 482
dist: 482

vlink src/dst: 3 18
number of protected paths set: 15
needed_slices: 19
paths: {0 2 3}
slices required:
{2 2 3}
slices start:
{14 10 36}
tuples:
{20 20 27}
dist: 204
dist: 220
dist: 327

vlink src/dst: 13 14
number of protected paths set: 3
needed_slices: 36
paths: {0 3}
slices required:
{3 3}
slices start:
{7 19}
tuples:
{17 17}
dist: 509
dist: 592

vlink src/dst: 6 15
number of protected paths set: 15
needed_slices: 27
paths: {0 7}
slices required:
{3 3}
slices start:
{16 32}
tuples:
{18 17}
dist: 449
dist: 525

vlink src/dst: 6 12
number of protected paths set: 3
needed_slices: 84
paths: {1 1 1 4 4 4}
slices required:
{2 2 3 2 2 3}
slices start:
{12 30 39 19 30 34}
tuples:
{12 12 17 12 12 17}
dist: 515
dist: 515
dist: 515
dist: 569
dist: 569
dist: 569

vlink src/dst: 9 15
number of protected paths set: 15
needed_slices: 63
paths: {2 2 2 3 3 3}
slices required:
{2 2 3 2 2 3}
slices start:
{35 37 42 22 24 32}
tuples:
{12 12 18 12 12 18}
dist: 431
dist: 431
dist: 431
dist: 441
dist: 441
dist: 441

vlink src/dst: 1 15
number of protected paths set: 15
needed_slices: 8
paths: {0 1}
slices required:
{2 3}
slices start:
{0 0}
tuples:
{29 27}
dist: 96
dist: 211

vlink src/dst: 3 12
number of protected paths set: 3
needed_slices: 20
paths: {0 5}
slices required:
{2 2}
slices start:
{45 16}
tuples:
{12 12}
dist: 379
dist: 502

vlink src/dst: 0 5
number of protected paths set: 15
needed_slices: 16
paths: {0 0 1 1 1}
slices required:
{2 2 2 2 2}
slices start:
{0 2 0 2 4}
tuples:
{29 29 20 20 20}
dist: 99
dist: 99
dist: 265
dist: 265
dist: 265
30 second(s) taken for solution
34 second(s) taken in total
cost = 1416

