
4 second(s) taken for initialization

vlink src/dst: 1 15
number of protected paths set: 3
needed_slices: 64
paths: {6 6 12 12}
slices required:
{2 2 2 2}
slices start:
{0 2 0 2}
tuples:
{12 12 12 12}
dist: 678
dist: 678
dist: 704
dist: 704

vlink src/dst: 10 13
number of protected paths set: 3
needed_slices: 24
paths: {0 0 0 1 1 1}
slices required:
{2 2 2 2 2 2}
slices start:
{4 6 8 4 6 8}
tuples:
{20 20 20 20 20 20}
dist: 181
dist: 181
dist: 181
dist: 231
dist: 231
dist: 231

vlink src/dst: 1 6
number of protected paths set: 3
needed_slices: 130
paths: {0 1 1 14 14 14 14}
slices required:
{2 2 2 2 2 2 3}
slices start:
{10 12 14 4 6 8 10}
tuples:
{12 12 12 6 6 6 11}
dist: 668
dist: 679
dist: 679
dist: 812
dist: 812
dist: 812
dist: 812

vlink src/dst: 6 10
number of protected paths set: 3
needed_slices: 144
paths: {1 1 1 19 19 19 19 19}
slices required:
{2 2 4 2 2 2 2 3}
slices start:
{16 18 20 16 18 20 22 24}
tuples:
{12 12 25 6 6 6 6 11}
dist: 539
dist: 539
dist: 539
dist: 841
dist: 841
dist: 841
dist: 841
dist: 841

vlink src/dst: 4 14
number of protected paths set: 3
needed_slices: 48
paths: {1 1 1 2 2}
slices required:
{2 2 2 3 3}
slices start:
{0 2 12 27 30}
tuples:
{20 20 20 27 27}
dist: 285
dist: 285
dist: 285
dist: 376
dist: 376

vlink src/dst: 4 7
number of protected paths set: 15
needed_slices: 20
paths: {0 3}
slices required:
{2 3}
slices start:
{33 33}
tuples:
{20 27}
dist: 276
dist: 384

vlink src/dst: 14 15
number of protected paths set: 3
needed_slices: 90
paths: {2 2 2 7 7 7}
slices required:
{2 2 3 2 2 4}
slices start:
{4 6 12 4 6 36}
tuples:
{12 12 27 12 12 25}
dist: 369
dist: 369
dist: 369
dist: 430
dist: 430
dist: 430

vlink src/dst: 12 14
number of protected paths set: 3
needed_slices: 83
paths: {1 1 1 18 18 18}
slices required:
{2 2 3 2 2 4}
slices start:
{0 2 35 8 24 40}
tuples:
{12 12 27 12 12 25}
dist: 368
dist: 368
dist: 368
dist: 572
dist: 572
dist: 572

vlink src/dst: 3 14
number of protected paths set: 3
needed_slices: 38
paths: {0 0 1 1 1}
slices required:
{2 3 2 2 3}
slices start:
{8 15 44 46 48}
tuples:
{29 36 12 12 27}
dist: 70
dist: 70
dist: 322
dist: 322
dist: 322

vlink src/dst: 7 16
number of protected paths set: 15
needed_slices: 36
paths: {0 0 2 2}
slices required:
{2 2 2 2}
slices start:
{18 20 27 29}
tuples:
{20 20 12 12}
dist: 298
dist: 298
dist: 376
dist: 376

vlink src/dst: 6 13
number of protected paths set: 15
needed_slices: 83
paths: {0 1 13 13 17}
slices required:
{2 2 2 2 3}
slices start:
{51 53 13 31 36}
tuples:
{12 12 12 12 10}
dist: 463
dist: 474
dist: 610
dist: 610
dist: 1042

vlink src/dst: 13 16
number of protected paths set: 15
needed_slices: 26
paths: {0 0 0 1 1 1}
slices required:
{2 2 2 2 2 3}
slices start:
{0 2 4 33 35 37}
tuples:
{20 20 20 12 12 27}
dist: 142
dist: 142
dist: 142
dist: 307
dist: 307
dist: 307

vlink src/dst: 10 18
number of protected paths set: 3
needed_slices: 51
paths: {3 9}
slices required:
{3 3}
slices start:
{53 40}
tuples:
{11 11}
dist: 911
dist: 943

vlink src/dst: 14 18
number of protected paths set: 3
needed_slices: 134
paths: {2 2 2 18 18 18 18 18}
slices required:
{2 2 4 2 2 2 2 2}
slices start:
{38 40 42 56 58 60 62 64}
tuples:
{12 12 24 6 6 6 6 6}
dist: 735
dist: 735
dist: 735
dist: 825
dist: 825
dist: 825
dist: 825
dist: 825

vlink src/dst: 7 12
number of protected paths set: 15
needed_slices: 18
paths: {0 12}
slices required:
{2 2}
slices start:
{33 10}
tuples:
{12 12}
dist: 305
dist: 534

vlink src/dst: 13 19
number of protected paths set: 15
needed_slices: 56
paths: {0 0 3 3 11 11}
slices required:
{2 2 2 2 2 2}
slices start:
{43 45 66 68 13 15}
tuples:
{12 12 12 12 12 12}
dist: 304
dist: 304
dist: 383
dist: 383
dist: 587
dist: 587

vlink src/dst: 5 16
number of protected paths set: 15
needed_slices: 66
paths: {0 0 2 2 2}
slices required:
{3 3 2 2 3}
slices start:
{40 47 70 72 74}
tuples:
{27 27 12 12 18}
dist: 392
dist: 392
dist: 448
dist: 448
dist: 448

vlink src/dst: 7 8
number of protected paths set: 15
needed_slices: 8
paths: {0 1}
slices required:
{2 2}
slices start:
{18 51}
tuples:
{20 20}
dist: 115
dist: 193

vlink src/dst: 12 13
number of protected paths set: 15
needed_slices: 24
paths: {1 9}
slices required:
{2 2}
slices start:
{77 0}
tuples:
{12 12}
dist: 461
dist: 567

vlink src/dst: 3 8
number of protected paths set: 15
needed_slices: 8
paths: {0 2}
slices required:
{2 2}
slices start:
{0 56}
tuples:
{29 20}
dist: 90
dist: 219

vlink src/dst: 7 9
number of protected paths set: 3
needed_slices: 64
paths: {1 1 1 2 2 2}
slices required:
{2 2 2 2 2 3}
slices start:
{24 31 58 58 60 62}
tuples:
{20 20 20 12 12 27}
dist: 269
dist: 269
dist: 269
dist: 305
dist: 305
dist: 305

vlink src/dst: 3 13
number of protected paths set: 15
needed_slices: 42
paths: {0 0 0 2 2}
slices required:
{2 2 2 3 3}
slices start:
{22 79 81 50 53}
tuples:
{20 20 20 27 27}
dist: 181
dist: 181
dist: 181
dist: 307
dist: 307

vlink src/dst: 8 17
number of protected paths set: 15
needed_slices: 33
paths: {0 3}
slices required:
{3 3}
slices start:
{83 56}
tuples:
{18 17}
dist: 428
dist: 509

vlink src/dst: 4 17
number of protected paths set: 15
needed_slices: 12
paths: {0 2}
slices required:
{2 2}
slices start:
{16 66}
tuples:
{20 12}
dist: 189
dist: 478

vlink src/dst: 0 8
number of protected paths set: 15
needed_slices: 8
paths: {0 1}
slices required:
{2 2}
slices start:
{26 2}
tuples:
{20 20}
dist: 125
dist: 142

vlink src/dst: 0 2
number of protected paths set: 15
needed_slices: 44
paths: {1 1 2 2 13}
slices required:
{2 2 2 2 2}
slices start:
{28 33 0 2 8}
tuples:
{20 20 20 20 12}
dist: 264
dist: 264
dist: 279
dist: 279
dist: 478

vlink src/dst: 3 15
number of protected paths set: 15
needed_slices: 44
paths: {0 0 6 6}
slices required:
{2 3 2 4}
slices start:
{56 60 30 59}
tuples:
{20 27 12 34}
dist: 237
dist: 237
dist: 352
dist: 352

vlink src/dst: 2 5
number of protected paths set: 15
needed_slices: 36
paths: {0 0 0 1 1 1}
slices required:
{2 2 2 2 2 2}
slices start:
{8 26 28 44 46 48}
tuples:
{20 20 20 20 20 20}
dist: 107
dist: 107
dist: 107
dist: 210
dist: 210
dist: 210

vlink src/dst: 11 19
number of protected paths set: 15
needed_slices: 24
paths: {0 1 3}
slices required:
{3 3 3}
slices start:
{24 27 15}
tuples:
{27 27 27}
dist: 258
dist: 272
dist: 292

vlink src/dst: 18 19
number of protected paths set: 3
needed_slices: 56
paths: {2 2 2 3 3 3}
slices required:
{2 2 3 2 2 3}
slices start:
{46 48 50 2 4 6}
tuples:
{12 12 17 12 12 17}
dist: 513
dist: 513
dist: 513
dist: 540
dist: 540
dist: 540
33 second(s) taken for solution
37 second(s) taken in total
cost = 1514

