
9 second(s) taken for initialization

vlink src/dst: 9 15
number of protected paths set: 3
needed_slices: 28
paths: {5 15}
slices required:
{2 2}
slices start:
{0 0}
tuples:
{12 12}
dist: 505
dist: 725

vlink src/dst: 15 18
number of protected paths set: 3
needed_slices: 30
paths: {4 14}
slices required:
{2 2}
slices start:
{2 2}
tuples:
{12 12}
dist: 490
dist: 704

vlink src/dst: 14 15
number of protected paths set: 3
needed_slices: 82
paths: {2 2 14 14 14}
slices required:
{2 2 2 2 2}
slices start:
{4 6 4 6 8}
tuples:
{12 12 6 6 6}
dist: 513
dist: 513
dist: 918
dist: 918
dist: 918

vlink src/dst: 7 10
number of protected paths set: 15
needed_slices: 97
paths: {4 4 4 5 5 5 5}
slices required:
{2 2 3 2 2 2 2}
slices start:
{4 6 8 2 10 12 14}
tuples:
{12 12 17 12 12 12 12}
dist: 600
dist: 600
dist: 600
dist: 620
dist: 620
dist: 620
dist: 620

vlink src/dst: 7 18
number of protected paths set: 3
needed_slices: 52
paths: {4 4 14 14}
slices required:
{2 2 2 2}
slices start:
{11 13 16 18}
tuples:
{12 12 12 12}
dist: 565
dist: 565
dist: 656
dist: 656

vlink src/dst: 6 8
number of protected paths set: 3
needed_slices: 34
paths: {5 10}
slices required:
{2 2}
slices start:
{20 20}
tuples:
{12 6}
dist: 779
dist: 801

vlink src/dst: 5 9
number of protected paths set: 15
needed_slices: 16
paths: {0 5}
slices required:
{2 2}
slices start:
{22 0}
tuples:
{20 12}
dist: 196
dist: 389

vlink src/dst: 2 18
number of protected paths set: 3
needed_slices: 16
paths: {1 3}
slices required:
{2 2}
slices start:
{24 15}
tuples:
{20 12}
dist: 235
dist: 309

vlink src/dst: 5 14
number of protected paths set: 15
needed_slices: 20
paths: {0 11}
slices required:
{2 2}
slices start:
{26 26}
tuples:
{20 12}
dist: 262
dist: 455

vlink src/dst: 10 14
number of protected paths set: 15
needed_slices: 16
paths: {0 8}
slices required:
{2 2}
slices start:
{8 0}
tuples:
{20 12}
dist: 190
dist: 388

vlink src/dst: 3 18
number of protected paths set: 3
needed_slices: 80
paths: {2 2 5 5}
slices required:
{2 3 2 3}
slices start:
{22 28 17 28}
tuples:
{12 17 12 17}
dist: 517
dist: 517
dist: 555
dist: 555

vlink src/dst: 1 10
number of protected paths set: 15
needed_slices: 24
paths: {0 0 1 1}
slices required:
{2 2 2 2}
slices start:
{31 33 31 33}
tuples:
{20 20 20 20}
dist: 142
dist: 142
dist: 175
dist: 175

vlink src/dst: 11 18
number of protected paths set: 3
needed_slices: 26
paths: {0 13}
slices required:
{2 2}
slices start:
{22 26}
tuples:
{12 12}
dist: 449
dist: 654

vlink src/dst: 2 13
number of protected paths set: 3
needed_slices: 33
paths: {1 5}
slices required:
{3 3}
slices start:
{35 17}
tuples:
{18 17}
dist: 462
dist: 521

vlink src/dst: 14 16
number of protected paths set: 15
needed_slices: 20
paths: {2 9}
slices required:
{2 2}
slices start:
{0 35}
tuples:
{12 12}
dist: 380
dist: 483

vlink src/dst: 4 9
number of protected paths set: 15
needed_slices: 42
paths: {0 0 3 3}
slices required:
{3 3 3 3}
slices start:
{28 37 10 20}
tuples:
{27 27 27 27}
dist: 338
dist: 338
dist: 374
dist: 374

vlink src/dst: 4 14
number of protected paths set: 15
needed_slices: 50
paths: {0 0 13 13 13}
slices required:
{2 3 2 2 2}
slices start:
{2 23 40 42 44}
tuples:
{12 27 12 12 12}
dist: 305
dist: 305
dist: 534
dist: 534
dist: 534

vlink src/dst: 0 5
number of protected paths set: 15
needed_slices: 60
paths: {1 1 2 2}
slices required:
{2 4 2 4}
slices start:
{31 46 46 48}
tuples:
{12 34 12 34}
dist: 344
dist: 344
dist: 372
dist: 372

vlink src/dst: 7 9
number of protected paths set: 15
needed_slices: 22
paths: {0 7}
slices required:
{2 2}
slices start:
{52 33}
tuples:
{12 12}
dist: 539
dist: 610

vlink src/dst: 0 7
number of protected paths set: 15
needed_slices: 26
paths: {1 7}
slices required:
{2 2}
slices start:
{33 0}
tuples:
{12 12}
dist: 606
dist: 663

vlink src/dst: 2 9
number of protected paths set: 15
needed_slices: 8
paths: {0 1}
slices required:
{2 2}
slices start:
{54 13}
tuples:
{20 20}
dist: 125
dist: 142

vlink src/dst: 2 16
number of protected paths set: 15
needed_slices: 12
paths: {0 1}
slices required:
{2 2}
slices start:
{33 8}
tuples:
{20 20}
dist: 278
dist: 290

vlink src/dst: 2 12
number of protected paths set: 15
needed_slices: 36
paths: {0 0 2 2}
slices required:
{2 2 2 2}
slices start:
{26 28 50 56}
tuples:
{12 12 12 12}
dist: 462
dist: 462
dist: 512
dist: 512

vlink src/dst: 7 14
number of protected paths set: 15
needed_slices: 78
paths: {1 1 1 13 13 13}
slices required:
{2 2 2 2 2 2}
slices start:
{35 37 39 2 15 19}
tuples:
{12 12 12 12 12 12}
dist: 524
dist: 524
dist: 524
dist: 696
dist: 696
dist: 696

vlink src/dst: 5 11
number of protected paths set: 15
needed_slices: 60
paths: {0 0 0 2 2 2}
slices required:
{2 2 2 2 2 2}
slices start:
{0 4 6 24 28 30}
tuples:
{12 12 12 12 12 12}
dist: 478
dist: 478
dist: 478
dist: 509
dist: 509
dist: 509

vlink src/dst: 5 15
number of protected paths set: 3
needed_slices: 42
paths: {0 0 11 11 11}
slices required:
{2 2 2 2 2}
slices start:
{10 12 22 24 26}
tuples:
{20 20 12 12 12}
dist: 242
dist: 242
dist: 593
dist: 593
dist: 593

vlink src/dst: 4 15
number of protected paths set: 3
needed_slices: 36
paths: {0 0 6 6 6}
slices required:
{2 2 2 2 2}
slices start:
{14 16 10 12 14}
tuples:
{20 20 12 12 12}
dist: 208
dist: 208
dist: 450
dist: 450
dist: 450

vlink src/dst: 6 16
number of protected paths set: 3
needed_slices: 25
paths: {0 2 2}
slices required:
{3 2 2}
slices start:
{10 22 24}
tuples:
{27 12 12}
dist: 370
dist: 436
dist: 436

vlink src/dst: 3 17
number of protected paths set: 3
needed_slices: 12
paths: {0 2}
slices required:
{2 2}
slices start:
{0 4}
tuples:
{29 12}
dist: 85
dist: 582

vlink src/dst: 11 19
number of protected paths set: 15
needed_slices: 19
paths: {0 0 2 2}
slices required:
{2 2 2 3}
slices start:
{0 2 17 35}
tuples:
{20 20 12 27}
dist: 138
dist: 138
dist: 400
dist: 400
26 second(s) taken for solution
35 second(s) taken in total
cost = 1102

