
6 second(s) taken for initialization

vlink src/dst: 3 4
number of protected paths set: 3
needed_slices: 16
paths: {1 2}
slices required:
{2 2}
slices start:
{0 0}
tuples:
{20 12}
dist: 285
dist: 376

vlink src/dst: 2 3
number of protected paths set: 3
needed_slices: 18
paths: {0 8}
slices required:
{2 2}
slices start:
{2 2}
tuples:
{20 12}
dist: 186
dist: 490

vlink src/dst: 4 18
number of protected paths set: 15
needed_slices: 45
paths: {2 2 4 4}
slices required:
{2 3 2 3}
slices start:
{2 4 4 6}
tuples:
{12 27 12 18}
dist: 398
dist: 398
dist: 451
dist: 451

vlink src/dst: 10 15
number of protected paths set: 3
needed_slices: 84
paths: {0 0 19 19 19}
slices required:
{2 3 2 2 2}
slices start:
{9 11 0 4 6}
tuples:
{12 17 12 12 12}
dist: 513
dist: 513
dist: 751
dist: 751
dist: 751

vlink src/dst: 2 10
number of protected paths set: 3
needed_slices: 26
paths: {0 17}
slices required:
{2 2}
slices start:
{14 8}
tuples:
{12 12}
dist: 383
dist: 660

vlink src/dst: 3 18
number of protected paths set: 3
needed_slices: 35
paths: {0 0 3 3}
slices required:
{2 3 2 3}
slices start:
{7 9 9 11}
tuples:
{20 27 20 27}
dist: 219
dist: 219
dist: 257
dist: 257

vlink src/dst: 4 17
number of protected paths set: 15
needed_slices: 62
paths: {0 11 16}
slices required:
{3 3 2}
slices start:
{16 16 14}
tuples:
{18 17 12}
dist: 486
dist: 584
dist: 740

vlink src/dst: 3 13
number of protected paths set: 3
needed_slices: 60
paths: {0 0 11 11}
slices required:
{2 3 2 3}
slices start:
{4 6 19 21}
tuples:
{12 27 12 18}
dist: 307
dist: 307
dist: 493
dist: 493

vlink src/dst: 3 5
number of protected paths set: 3
needed_slices: 28
paths: {7 14}
slices required:
{2 2}
slices start:
{24 14}
tuples:
{12 12}
dist: 469
dist: 520

vlink src/dst: 4 12
number of protected paths set: 15
needed_slices: 36
paths: {0 11}
slices required:
{2 3}
slices start:
{19 26}
tuples:
{12 11}
dist: 700
dist: 835

vlink src/dst: 0 3
number of protected paths set: 3
needed_slices: 147
paths: {0 1 1 16 16 16 16}
slices required:
{2 2 2 2 2 2 3}
slices start:
{21 23 25 29 31 33 35}
tuples:
{12 12 12 6 6 6 11}
dist: 648
dist: 666
dist: 666
dist: 814
dist: 814
dist: 814
dist: 814

vlink src/dst: 3 14
number of protected paths set: 3
needed_slices: 30
paths: {2 15}
slices required:
{2 2}
slices start:
{27 38}
tuples:
{12 12}
dist: 600
dist: 752

vlink src/dst: 4 9
number of protected paths set: 15
needed_slices: 24
paths: {1 5}
slices required:
{2 2}
slices start:
{29 2}
tuples:
{12 12}
dist: 627
dist: 681

vlink src/dst: 6 14
number of protected paths set: 15
needed_slices: 98
paths: {0 0 1 1 3 13}
slices required:
{2 2 2 5 2 2}
slices start:
{31 33 0 40 35 40}
tuples:
{12 12 12 32 12 6}
dist: 619
dist: 619
dist: 631
dist: 631
dist: 637
dist: 837

vlink src/dst: 16 17
number of protected paths set: 15
needed_slices: 28
paths: {0 0 4 4}
slices required:
{2 2 2 3}
slices start:
{2 10 0 2}
tuples:
{29 29 12 18}
dist: 75
dist: 75
dist: 422
dist: 422

vlink src/dst: 10 14
number of protected paths set: 15
needed_slices: 56
paths: {2 2 6 6}
slices required:
{2 2 2 2}
slices start:
{12 14 2 45}
tuples:
{12 12 12 12}
dist: 582
dist: 582
dist: 597
dist: 597

vlink src/dst: 10 13
number of protected paths set: 15
needed_slices: 40
paths: {0 0 1 1}
slices required:
{2 3 2 3}
slices start:
{26 38 47 49}
tuples:
{20 27 20 27}
dist: 208
dist: 208
dist: 274
dist: 274

vlink src/dst: 1 16
number of protected paths set: 15
needed_slices: 36
paths: {0 12 13}
slices required:
{2 2 2}
slices start:
{19 21 5}
tuples:
{12 12 12}
dist: 332
dist: 709
dist: 712

vlink src/dst: 9 17
number of protected paths set: 15
needed_slices: 52
paths: {0 0 7 7 7}
slices required:
{2 4 2 2 3}
slices start:
{7 41 10 12 16}
tuples:
{12 34 12 12 18}
dist: 331
dist: 331
dist: 464
dist: 464
dist: 464

vlink src/dst: 5 17
number of protected paths set: 15
needed_slices: 32
paths: {0 0 3 3}
slices required:
{2 2 3 3}
slices start:
{5 9 21 41}
tuples:
{29 29 27 27}
dist: 97
dist: 97
dist: 400
dist: 400

vlink src/dst: 2 7
number of protected paths set: 3
needed_slices: 12
paths: {0 2}
slices required:
{2 2}
slices start:
{10 0}
tuples:
{20 12}
dist: 120
dist: 447

vlink src/dst: 7 8
number of protected paths set: 15
needed_slices: 8
paths: {0 1}
slices required:
{2 2}
slices start:
{12 4}
tuples:
{20 20}
dist: 227
dist: 243

vlink src/dst: 11 17
number of protected paths set: 3
needed_slices: 22
paths: {0 19}
slices required:
{2 2}
slices start:
{16 2}
tuples:
{20 12}
dist: 283
dist: 724

vlink src/dst: 5 12
number of protected paths set: 15
needed_slices: 36
paths: {0 0 4 4 5}
slices required:
{2 3 2 2 2}
slices start:
{4 6 45 47 49}
tuples:
{20 27 12 12 12}
dist: 248
dist: 248
dist: 401
dist: 401
dist: 403

vlink src/dst: 5 19
number of protected paths set: 15
needed_slices: 18
paths: {1 5}
slices required:
{2 2}
slices start:
{51 9}
tuples:
{12 12}
dist: 450
dist: 521

vlink src/dst: 0 1
number of protected paths set: 3
needed_slices: 22
paths: {1 4}
slices required:
{2 2}
slices start:
{0 0}
tuples:
{12 12}
dist: 547
dist: 603

vlink src/dst: 1 14
number of protected paths set: 15
needed_slices: 40
paths: {0 0 3 3 7 7}
slices required:
{2 2 2 2 2 2}
slices start:
{7 19 4 6 0 2}
tuples:
{12 12 12 12 12 12}
dist: 360
dist: 360
dist: 489
dist: 489
dist: 531
dist: 531

vlink src/dst: 9 12
number of protected paths set: 15
needed_slices: 16
paths: {0 0 1 1}
slices required:
{2 2 2 2}
slices start:
{0 9 16 21}
tuples:
{20 20 20 20}
dist: 223
dist: 223
dist: 255
dist: 255

vlink src/dst: 7 9
number of protected paths set: 15
needed_slices: 68
paths: {0 0 1 4 4}
slices required:
{2 2 2 2 5}
slices start:
{14 21 23 16 45}
tuples:
{12 12 12 12 32}
dist: 486
dist: 486
dist: 524
dist: 609
dist: 609

vlink src/dst: 15 19
number of protected paths set: 3
needed_slices: 72
paths: {3 3 3 6 6 6}
slices required:
{2 2 2 2 2 2}
slices start:
{25 27 29 23 25 27}
tuples:
{12 12 12 12 12 12}
dist: 716
dist: 716
dist: 716
dist: 744
dist: 744
dist: 744
40 second(s) taken for solution
46 second(s) taken in total
cost = 1267

