
4 second(s) taken for initialization

vlink src/dst: 11 14
number of protected paths set: 3
needed_slices: 122
paths: {0 0 0 17 17 17}
slices required:
{2 2 2 2 2 3}
slices start:
{0 2 4 0 2 4}
tuples:
{12 12 12 6 6 11}
dist: 706
dist: 706
dist: 706
dist: 907
dist: 907
dist: 907

vlink src/dst: 2 19
number of protected paths set: 15
needed_slices: 45
paths: {2 2 4 4}
slices required:
{2 3 2 3}
slices start:
{7 9 0 2}
tuples:
{12 27 12 27}
dist: 321
dist: 321
dist: 355
dist: 355

vlink src/dst: 1 5
number of protected paths set: 15
needed_slices: 78
paths: {4 4 4 5 5 5}
slices required:
{2 2 2 2 2 2}
slices start:
{0 2 4 5 7 9}
tuples:
{12 12 12 12 12 12}
dist: 600
dist: 600
dist: 600
dist: 620
dist: 620
dist: 620

vlink src/dst: 3 13
number of protected paths set: 15
needed_slices: 19
paths: {0 0 2 2}
slices required:
{2 2 2 3}
slices start:
{6 8 12 14}
tuples:
{29 29 20 27}
dist: 77
dist: 77
dist: 246
dist: 246

vlink src/dst: 14 17
number of protected paths set: 3
needed_slices: 48
paths: {3 3 6 6}
slices required:
{2 2 2 2}
slices start:
{12 14 11 13}
tuples:
{12 12 12 12}
dist: 589
dist: 589
dist: 628
dist: 628

vlink src/dst: 4 19
number of protected paths set: 15
needed_slices: 102
paths: {2 2 2 12 12 12}
slices required:
{2 2 2 2 2 2}
slices start:
{17 19 21 17 19 21}
tuples:
{12 12 12 12 12 12}
dist: 587
dist: 587
dist: 587
dist: 735
dist: 735
dist: 735

vlink src/dst: 2 7
number of protected paths set: 15
needed_slices: 26
paths: {0 11}
slices required:
{2 2}
slices start:
{23 7}
tuples:
{12 12}
dist: 534
dist: 663

vlink src/dst: 1 6
number of protected paths set: 15
needed_slices: 60
paths: {1 1 1 2 2 2}
slices required:
{2 2 2 2 2 2}
slices start:
{0 2 15 6 8 16}
tuples:
{12 12 12 12 12 12}
dist: 499
dist: 499
dist: 499
dist: 519
dist: 519
dist: 519

vlink src/dst: 9 12
number of protected paths set: 15
needed_slices: 12
paths: {0 2}
slices required:
{3 3}
slices start:
{4 18}
tuples:
{28 27}
dist: 173
dist: 268

vlink src/dst: 13 15
number of protected paths set: 3
needed_slices: 56
paths: {0 0 7 7}
slices required:
{2 2 2 2}
slices start:
{9 11 11 13}
tuples:
{12 12 12 12}
dist: 507
dist: 507
dist: 650
dist: 650

vlink src/dst: 9 11
number of protected paths set: 3
needed_slices: 22
paths: {2 9}
slices required:
{2 2}
slices start:
{25 13}
tuples:
{12 12}
dist: 448
dist: 538

vlink src/dst: 6 10
number of protected paths set: 15
needed_slices: 33
paths: {2 4}
slices required:
{3 3}
slices start:
{17 27}
tuples:
{17 17}
dist: 530
dist: 563

vlink src/dst: 3 7
number of protected paths set: 15
needed_slices: 40
paths: {0 0 1 1}
slices required:
{2 3 2 3}
slices start:
{21 25 23 25}
tuples:
{12 27 12 18}
dist: 358
dist: 358
dist: 438
dist: 438

vlink src/dst: 0 5
number of protected paths set: 3
needed_slices: 30
paths: {3 11}
slices required:
{2 2}
slices start:
{12 30}
tuples:
{12 12}
dist: 455
dist: 740

vlink src/dst: 12 16
number of protected paths set: 15
needed_slices: 20
paths: {0 0 1 1}
slices required:
{2 2 2 2}
slices start:
{0 2 0 2}
tuples:
{20 20 20 20}
dist: 273
dist: 273
dist: 288
dist: 288

vlink src/dst: 0 16
number of protected paths set: 3
needed_slices: 66
paths: {1 1 13 13 13}
slices required:
{2 3 2 2 2}
slices start:
{28 30 0 2 4}
tuples:
{12 17 12 12 12}
dist: 582
dist: 582
dist: 740
dist: 740
dist: 740

vlink src/dst: 4 8
number of protected paths set: 3
needed_slices: 52
paths: {0 0 17 17}
slices required:
{2 2 2 2}
slices start:
{13 23 28 30}
tuples:
{12 12 6 6}
dist: 643
dist: 643
dist: 990
dist: 990

vlink src/dst: 15 17
number of protected paths set: 3
needed_slices: 36
paths: {1 1 3 3}
slices required:
{2 2 2 2}
slices start:
{4 6 32 34}
tuples:
{12 12 12 12}
dist: 527
dist: 527
dist: 538
dist: 538

vlink src/dst: 10 18
number of protected paths set: 15
needed_slices: 12
paths: {0 0 1 1}
slices required:
{2 2 2 2}
slices start:
{0 2 11 13}
tuples:
{20 20 12 12}
dist: 157
dist: 157
dist: 301
dist: 301

vlink src/dst: 8 18
number of protected paths set: 3
needed_slices: 8
paths: {0 1}
slices required:
{2 2}
slices start:
{4 17}
tuples:
{20 12}
dist: 298
dist: 302
12 second(s) taken for solution
16 second(s) taken in total
cost = 887

