
3 second(s) taken for initialization

vlink src/dst: 16 17
number of protected paths set: 3
needed_slices: 24
paths: {0 3}
slices required:
{2 2}
slices start:
{0 0}
tuples:
{12 12}
dist: 528
dist: 570

vlink src/dst: 0 16
number of protected paths set: 3
needed_slices: 24
paths: {0 3}
slices required:
{2 2}
slices start:
{2 2}
tuples:
{12 12}
dist: 509
dist: 592

vlink src/dst: 3 12
number of protected paths set: 15
needed_slices: 28
paths: {0 0 2 2}
slices required:
{2 2 2 2}
slices start:
{4 6 4 6}
tuples:
{20 20 20 20}
dist: 148
dist: 148
dist: 284
dist: 284

vlink src/dst: 3 6
number of protected paths set: 15
needed_slices: 18
paths: {0 6}
slices required:
{2 2}
slices start:
{8 8}
tuples:
{20 12}
dist: 262
dist: 414

vlink src/dst: 5 13
number of protected paths set: 3
needed_slices: 37
paths: {0 0 4 4}
slices required:
{2 2 2 3}
slices start:
{0 2 0 8}
tuples:
{20 20 12 27}
dist: 203
dist: 203
dist: 357
dist: 357

vlink src/dst: 4 13
number of protected paths set: 3
needed_slices: 28
paths: {2 15}
slices required:
{2 2}
slices start:
{10 11}
tuples:
{12 12}
dist: 547
dist: 633

vlink src/dst: 10 18
number of protected paths set: 15
needed_slices: 72
paths: {5 5 5 8 8 8}
slices required:
{2 2 2 2 2 2}
slices start:
{12 14 16 13 15 17}
tuples:
{12 12 12 12 12 12}
dist: 478
dist: 478
dist: 478
dist: 497
dist: 497
dist: 497

vlink src/dst: 8 19
number of protected paths set: 3
needed_slices: 72
paths: {1 1 17 17 17}
slices required:
{2 4 2 2 3}
slices start:
{0 2 19 21 23}
tuples:
{12 34 12 12 17}
dist: 368
dist: 368
dist: 572
dist: 572
dist: 572

vlink src/dst: 10 11
number of protected paths set: 3
needed_slices: 36
paths: {2 16}
slices required:
{2 2}
slices start:
{6 6}
tuples:
{12 6}
dist: 660
dist: 886

vlink src/dst: 9 12
number of protected paths set: 15
needed_slices: 78
paths: {0 2 6 11 16}
slices required:
{2 2 2 2 2}
slices start:
{26 28 28 26 8}
tuples:
{12 12 12 12 12}
dist: 486
dist: 522
dist: 548
dist: 584
dist: 740

vlink src/dst: 4 8
number of protected paths set: 3
needed_slices: 90
paths: {2 2 2 17 17 17}
slices required:
{2 2 2 2 2 2}
slices start:
{12 14 16 30 32 34}
tuples:
{12 12 12 12 12 12}
dist: 600
dist: 600
dist: 600
dist: 752
dist: 752
dist: 752

vlink src/dst: 6 19
number of protected paths set: 15
needed_slices: 15
paths: {0 0 1 1}
slices required:
{2 3 2 3}
slices start:
{0 2 0 2}
tuples:
{20 28 20 28}
dist: 142
dist: 142
dist: 150
dist: 150

vlink src/dst: 5 7
number of protected paths set: 15
needed_slices: 27
paths: {2 5}
slices required:
{3 3}
slices start:
{36 19}
tuples:
{27 27}
dist: 325
dist: 366

vlink src/dst: 0 15
number of protected paths set: 15
needed_slices: 52
paths: {2 2 12 12}
slices required:
{2 2 2 2}
slices start:
{10 22 0 2}
tuples:
{12 12 12 12}
dist: 471
dist: 471
dist: 718
dist: 718

vlink src/dst: 9 17
number of protected paths set: 15
needed_slices: 39
paths: {0 0 4 4}
slices required:
{2 3 2 4}
slices start:
{4 8 4 6}
tuples:
{20 27 12 34}
dist: 244
dist: 244
dist: 395
dist: 395

vlink src/dst: 1 14
number of protected paths set: 15
needed_slices: 14
paths: {0 4}
slices required:
{2 2}
slices start:
{22 4}
tuples:
{20 12}
dist: 288
dist: 448

vlink src/dst: 2 7
number of protected paths set: 15
needed_slices: 52
paths: {0 0 4 4}
slices required:
{2 2 2 2}
slices start:
{24 30 39 41}
tuples:
{12 12 12 12}
dist: 521
dist: 521
dist: 583
dist: 583

vlink src/dst: 14 18
number of protected paths set: 15
needed_slices: 42
paths: {0 0 11 11 11}
slices required:
{2 2 2 2 2}
slices start:
{5 26 6 18 20}
tuples:
{20 20 12 12 12}
dist: 279
dist: 279
dist: 517
dist: 517
dist: 517

vlink src/dst: 11 15
number of protected paths set: 3
needed_slices: 74
paths: {0 1 14 18 18}
slices required:
{3 2 2 2 2}
slices start:
{28 26 8 0 2}
tuples:
{17 12 12 6 6}
dist: 551
dist: 644
dist: 766
dist: 879
dist: 879

vlink src/dst: 1 2
number of protected paths set: 15
needed_slices: 14
paths: {0 5}
slices required:
{2 2}
slices start:
{10 28}
tuples:
{12 12}
dist: 386
dist: 433
13 second(s) taken for solution
16 second(s) taken in total
cost = 836

