
2 second(s) taken for initialization

vlink src/dst: 11 18
number of protected paths set: 15
needed_slices: 22
paths: {0 8}
slices required:
{2 2}
slices start:
{0 0}
tuples:
{12 12}
dist: 343
dist: 468

vlink src/dst: 1 15
number of protected paths set: 15
needed_slices: 14
paths: {0 0 2 2}
slices required:
{2 2 2 3}
slices start:
{2 4 0 2}
tuples:
{20 20 12 27}
dist: 228
dist: 228
dist: 339
dist: 339

vlink src/dst: 15 16
number of protected paths set: 3
needed_slices: 84
paths: {0 0 0 19 19 19}
slices required:
{2 2 2 2 2 2}
slices start:
{2 4 6 6 8 10}
tuples:
{12 12 12 12 12 12}
dist: 445
dist: 445
dist: 445
dist: 647
dist: 647
dist: 647

vlink src/dst: 0 12
number of protected paths set: 3
needed_slices: 20
paths: {1 10}
slices required:
{2 2}
slices start:
{2 2}
tuples:
{12 12}
dist: 373
dist: 474

vlink src/dst: 2 18
number of protected paths set: 15
needed_slices: 18
paths: {0 5}
slices required:
{2 2}
slices start:
{4 4}
tuples:
{12 12}
dist: 311
dist: 382

vlink src/dst: 0 3
number of protected paths set: 3
needed_slices: 26
paths: {0 17}
slices required:
{2 2}
slices start:
{6 6}
tuples:
{12 12}
dist: 418
dist: 624

vlink src/dst: 1 5
number of protected paths set: 15
needed_slices: 62
paths: {0 0 10 10 10}
slices required:
{2 3 2 2 2}
slices start:
{8 10 12 14 16}
tuples:
{12 27 12 12 12}
dist: 332
dist: 332
dist: 709
dist: 709
dist: 709

vlink src/dst: 8 10
number of protected paths set: 15
needed_slices: 20
paths: {0 10}
slices required:
{2 2}
slices start:
{0 0}
tuples:
{20 12}
dist: 297
dist: 663

vlink src/dst: 11 14
number of protected paths set: 3
needed_slices: 38
paths: {2 9}
slices required:
{2 2}
slices start:
{8 2}
tuples:
{6 6}
dist: 816
dist: 873

vlink src/dst: 13 17
number of protected paths set: 15
needed_slices: 22
paths: {0 9}
slices required:
{2 2}
slices start:
{0 0}
tuples:
{12 12}
dist: 431
dist: 513

vlink src/dst: 8 16
number of protected paths set: 3
needed_slices: 40
paths: {0 0 3 3}
slices required:
{2 3 2 3}
slices start:
{10 12 2 12}
tuples:
{20 28 20 27}
dist: 178
dist: 178
dist: 299
dist: 299

vlink src/dst: 7 17
number of protected paths set: 15
needed_slices: 56
paths: {0 0 3 3 4}
slices required:
{2 4 2 2 2}
slices start:
{8 15 4 8 10}
tuples:
{12 34 12 12 12}
dist: 387
dist: 387
dist: 451
dist: 451
dist: 453

vlink src/dst: 3 13
number of protected paths set: 3
needed_slices: 52
paths: {0 0 12 12 12}
slices required:
{2 2 2 2 2}
slices start:
{2 4 10 12 14}
tuples:
{20 20 12 12 12}
dist: 299
dist: 299
dist: 603
dist: 603
dist: 603

vlink src/dst: 7 10
number of protected paths set: 15
needed_slices: 72
paths: {1 1 9 9 9}
slices required:
{2 4 2 2 3}
slices start:
{19 21 0 8 18}
tuples:
{12 34 12 12 18}
dist: 359
dist: 359
dist: 487
dist: 487
dist: 487

vlink src/dst: 2 5
number of protected paths set: 15
needed_slices: 8
paths: {0 1}
slices required:
{2 2}
slices start:
{13 4}
tuples:
{20 20}
dist: 198
dist: 243

vlink src/dst: 6 14
number of protected paths set: 3
needed_slices: 91
paths: {3 3 3 8 8 8}
slices required:
{2 2 2 2 2 3}
slices start:
{4 6 10 25 27 29}
tuples:
{12 12 12 6 6 11}
dist: 787
dist: 787
dist: 787
dist: 837
dist: 837
dist: 837

vlink src/dst: 9 19
number of protected paths set: 3
needed_slices: 44
paths: {0 0 1 1 1}
slices required:
{2 3 2 2 2}
slices start:
{10 12 0 2 4}
tuples:
{12 27 12 12 12}
dist: 334
dist: 334
dist: 402
dist: 402
dist: 402

vlink src/dst: 4 9
number of protected paths set: 3
needed_slices: 60
paths: {0 0 0 9 9 9}
slices required:
{2 2 2 2 2 2}
slices start:
{8 12 14 10 12 14}
tuples:
{12 12 12 12 12 12}
dist: 485
dist: 485
dist: 485
dist: 630
dist: 630
dist: 630

vlink src/dst: 6 19
number of protected paths set: 3
needed_slices: 32
paths: {0 0 2 2 2}
slices required:
{2 2 2 2 2}
slices start:
{6 8 6 16 18}
tuples:
{20 20 12 12 12}
dist: 150
dist: 150
dist: 436
dist: 436
dist: 436

vlink src/dst: 4 12
number of protected paths set: 3
needed_slices: 20
paths: {0 8}
slices required:
{2 2}
slices start:
{6 32}
tuples:
{12 12}
dist: 576
dist: 686
13 second(s) taken for solution
15 second(s) taken in total
cost = 801

