
4 second(s) taken for initialization

vlink src/dst: 5 17
number of protected paths set: 15
needed_slices: 24
paths: {0 15}
slices required:
{2 2}
slices start:
{0 0}
tuples:
{12 12}
dist: 324
dist: 667

vlink src/dst: 12 14
number of protected paths set: 3
needed_slices: 20
paths: {1 7}
slices required:
{2 2}
slices start:
{2 0}
tuples:
{12 12}
dist: 375
dist: 464

vlink src/dst: 6 13
number of protected paths set: 15
needed_slices: 27
paths: {0 3}
slices required:
{3 3}
slices start:
{2 4}
tuples:
{27 27}
dist: 304
dist: 383

vlink src/dst: 11 14
number of protected paths set: 3
needed_slices: 60
paths: {2 10}
slices required:
{3 3}
slices start:
{5 7}
tuples:
{11 11}
dist: 840
dist: 883

vlink src/dst: 2 8
number of protected paths set: 15
needed_slices: 36
paths: {0 0 3 3}
slices required:
{2 2 2 3}
slices start:
{10 12 0 7}
tuples:
{20 20 12 27}
dist: 276
dist: 276
dist: 384
dist: 384

vlink src/dst: 2 6
number of protected paths set: 15
needed_slices: 8
paths: {0 1}
slices required:
{2 2}
slices start:
{0 14}
tuples:
{20 20}
dist: 120
dist: 293

vlink src/dst: 0 9
number of protected paths set: 15
needed_slices: 44
paths: {0 0 2 2}
slices required:
{2 2 2 2}
slices start:
{16 18 8 10}
tuples:
{12 12 12 12}
dist: 376
dist: 376
dist: 418
dist: 418

vlink src/dst: 5 9
number of protected paths set: 15
needed_slices: 24
paths: {0 0 3 3}
slices required:
{2 2 2 2}
slices start:
{2 14 10 12}
tuples:
{20 20 20 20}
dist: 123
dist: 123
dist: 268
dist: 268

vlink src/dst: 8 11
number of protected paths set: 3
needed_slices: 122
paths: {0 1 1 15 15 15 15}
slices required:
{2 2 2 2 2 2 2}
slices start:
{10 12 20 14 16 18 20}
tuples:
{12 12 12 12 12 12 12}
dist: 603
dist: 621
dist: 621
dist: 776
dist: 776
dist: 776
dist: 776

vlink src/dst: 4 13
number of protected paths set: 15
needed_slices: 12
paths: {0 2}
slices required:
{2 2}
slices start:
{12 0}
tuples:
{20 20}
dist: 227
dist: 263

vlink src/dst: 4 16
number of protected paths set: 15
needed_slices: 68
paths: {0 1 1 7 8 8}
slices required:
{2 2 2 2 2 2}
slices start:
{22 24 26 14 16 18}
tuples:
{12 12 12 12 12 12}
dist: 528
dist: 532
dist: 532
dist: 602
dist: 609
dist: 609

vlink src/dst: 3 15
number of protected paths set: 15
needed_slices: 18
paths: {0 7}
slices required:
{2 2}
slices start:
{0 0}
tuples:
{20 12}
dist: 257
dist: 390

vlink src/dst: 3 18
number of protected paths set: 15
needed_slices: 18
paths: {0 12}
slices required:
{2 2}
slices start:
{2 2}
tuples:
{20 12}
dist: 210
dist: 432

vlink src/dst: 15 19
number of protected paths set: 15
needed_slices: 22
paths: {1 11}
slices required:
{2 2}
slices start:
{4 4}
tuples:
{12 12}
dist: 406
dist: 583

vlink src/dst: 16 18
number of protected paths set: 15
needed_slices: 40
paths: {0 0 8 8}
slices required:
{2 3 2 3}
slices start:
{2 7 12 20}
tuples:
{12 18 12 17}
dist: 403
dist: 403
dist: 505
dist: 505

vlink src/dst: 0 1
number of protected paths set: 15
needed_slices: 28
paths: {0 0 2 2}
slices required:
{2 2 2 2}
slices start:
{2 4 2 8}
tuples:
{12 12 12 12}
dist: 384
dist: 384
dist: 485
dist: 485

vlink src/dst: 7 12
number of protected paths set: 15
needed_slices: 18
paths: {0 7}
slices required:
{2 2}
slices start:
{0 14}
tuples:
{12 12}
dist: 449
dist: 525

vlink src/dst: 1 10
number of protected paths set: 3
needed_slices: 72
paths: {1 1 1 9 9 9}
slices required:
{2 2 2 2 2 2}
slices start:
{0 2 6 4 10 12}
tuples:
{12 12 12 12 12 12}
dist: 527
dist: 527
dist: 527
dist: 691
dist: 691
dist: 691

vlink src/dst: 10 19
number of protected paths set: 3
needed_slices: 14
paths: {0 3}
slices required:
{2 2}
slices start:
{8 6}
tuples:
{20 12}
dist: 178
dist: 429

vlink src/dst: 7 17
number of protected paths set: 15
needed_slices: 42
paths: {0 0 0 2 2 2}
slices required:
{2 2 2 2 2 2}
slices start:
{8 10 12 2 4 6}
tuples:
{12 12 12 12 12 12}
dist: 425
dist: 425
dist: 425
dist: 541
dist: 541
dist: 541
11 second(s) taken for solution
15 second(s) taken in total
cost = 717

