
9 second(s) taken for initialization

vlink src/dst: 3 14
number of protected paths set: 15
needed_slices: 18
paths: {0 2}
slices required:
{2 2}
slices start:
{0 0}
tuples:
{20 12}
dist: 284
dist: 365

vlink src/dst: 5 17
number of protected paths set: 15
needed_slices: 10
paths: {0 1}
slices required:
{2 2}
slices start:
{2 2}
tuples:
{29 20}
dist: 73
dist: 174

vlink src/dst: 3 4
number of protected paths set: 15
needed_slices: 19
paths: {0 0 1 1}
slices required:
{2 2 2 3}
slices start:
{2 4 0 2}
tuples:
{29 29 20 27}
dist: 93
dist: 93
dist: 260
dist: 260

vlink src/dst: 8 12
number of protected paths set: 15
needed_slices: 42
paths: {1 8}
slices required:
{3 3}
slices start:
{5 6}
tuples:
{18 17}
dist: 453
dist: 575

vlink src/dst: 2 17
number of protected paths set: 15
needed_slices: 72
paths: {1 1 12 12 12}
slices required:
{2 4 2 2 3}
slices start:
{4 6 4 6 8}
tuples:
{12 34 12 12 17}
dist: 392
dist: 392
dist: 555
dist: 555
dist: 555

vlink src/dst: 14 15
number of protected paths set: 15
needed_slices: 26
paths: {4 5}
slices required:
{2 2}
slices start:
{10 0}
tuples:
{12 12}
dist: 600
dist: 620

vlink src/dst: 13 16
number of protected paths set: 3
needed_slices: 54
paths: {4 11}
slices required:
{3 3}
slices start:
{10 11}
tuples:
{11 11}
dist: 826
dist: 874

vlink src/dst: 9 13
number of protected paths set: 3
needed_slices: 26
paths: {0 17}
slices required:
{2 2}
slices start:
{13 14}
tuples:
{12 6}
dist: 456
dist: 823

vlink src/dst: 1 4
number of protected paths set: 15
needed_slices: 16
paths: {1 7}
slices required:
{2 2}
slices start:
{2 5}
tuples:
{12 12}
dist: 324
dist: 505

vlink src/dst: 0 2
number of protected paths set: 15
needed_slices: 17
paths: {0 6}
slices required:
{2 3}
slices start:
{0 0}
tuples:
{20 18}
dist: 295
dist: 413

vlink src/dst: 7 8
number of protected paths set: 15
needed_slices: 24
paths: {0 14}
slices required:
{2 2}
slices start:
{8 16}
tuples:
{12 12}
dist: 434
dist: 684

vlink src/dst: 10 11
number of protected paths set: 15
needed_slices: 60
paths: {1 1 1 7 7 7}
slices required:
{2 2 2 2 2 2}
slices start:
{3 8 12 10 12 16}
tuples:
{12 12 12 12 12 12}
dist: 456
dist: 456
dist: 456
dist: 520
dist: 520
dist: 520

vlink src/dst: 0 7
number of protected paths set: 15
needed_slices: 45
paths: {0 0 4 4}
slices required:
{2 3 2 3}
slices start:
{14 18 4 18}
tuples:
{12 18 12 17}
dist: 445
dist: 445
dist: 539
dist: 539

vlink src/dst: 12 15
number of protected paths set: 15
needed_slices: 70
paths: {1 3 13 14 16}
slices required:
{2 2 2 2 2}
slices start:
{21 23 14 23 0}
tuples:
{12 12 12 12 12}
dist: 524
dist: 557
dist: 696
dist: 737
dist: 795

vlink src/dst: 1 18
number of protected paths set: 15
needed_slices: 10
paths: {0 1}
slices required:
{2 2}
slices start:
{6 6}
tuples:
{20 12}
dist: 203
dist: 319

vlink src/dst: 5 16
number of protected paths set: 15
needed_slices: 84
paths: {0 0 0 6 6 6}
slices required:
{2 2 2 2 2 2}
slices start:
{2 16 18 14 16 18}
tuples:
{12 12 12 12 12 12}
dist: 540
dist: 540
dist: 540
dist: 647
dist: 647
dist: 647

vlink src/dst: 10 19
number of protected paths set: 15
needed_slices: 72
paths: {2 2 2 3 3 3}
slices required:
{2 2 2 2 2 2}
slices start:
{20 22 24 25 27 29}
tuples:
{12 12 12 12 12 12}
dist: 495
dist: 495
dist: 495
dist: 507
dist: 507
dist: 507

vlink src/dst: 6 9
number of protected paths set: 3
needed_slices: 100
paths: {2 2 2 8 8 8 8}
slices required:
{2 2 2 2 2 2 2}
slices start:
{2 26 28 2 31 33 35}
tuples:
{12 12 12 6 6 6 6}
dist: 790
dist: 790
dist: 790
dist: 842
dist: 842
dist: 842
dist: 842

vlink src/dst: 6 11
number of protected paths set: 3
needed_slices: 87
paths: {0 0 1 2 2 2}
slices required:
{2 2 2 2 2 3}
slices start:
{37 39 26 30 32 34}
tuples:
{12 12 12 12 12 17}
dist: 552
dist: 552
dist: 574
dist: 582
dist: 582
dist: 582

vlink src/dst: 18 19
number of protected paths set: 15
needed_slices: 22
paths: {0 5}
slices required:
{2 3}
slices start:
{10 41}
tuples:
{20 27}
dist: 275
dist: 366
13 second(s) taken for solution
22 second(s) taken in total
cost = 874

