
5 second(s) taken for initialization

vlink src/dst: 7 10
number of protected paths set: 3
needed_slices: 64
paths: {1 1 14 14}
slices required:
{2 2 2 2}
slices start:
{0 2 0 2}
tuples:
{12 12 12 12}
dist: 623
dist: 623
dist: 710
dist: 710

vlink src/dst: 1 11
number of protected paths set: 3
needed_slices: 19
paths: {0 0 1 1}
slices required:
{2 2 2 3}
slices start:
{0 2 4 6}
tuples:
{20 20 12 27}
dist: 109
dist: 109
dist: 304
dist: 304

vlink src/dst: 1 5
number of protected paths set: 3
needed_slices: 44
paths: {0 0 2 2 2}
slices required:
{2 3 2 2 2}
slices start:
{9 11 4 6 8}
tuples:
{12 27 12 12 12}
dist: 391
dist: 391
dist: 464
dist: 464
dist: 464

vlink src/dst: 10 12
number of protected paths set: 3
needed_slices: 61
paths: {0 0 9 9 9}
slices required:
{2 3 2 2 2}
slices start:
{14 16 14 16 18}
tuples:
{12 27 12 12 12}
dist: 361
dist: 361
dist: 543
dist: 543
dist: 543

vlink src/dst: 9 11
number of protected paths set: 15
needed_slices: 30
paths: {0 0 1 1}
slices required:
{2 3 2 3}
slices start:
{10 20 9 11}
tuples:
{20 27 20 27}
dist: 242
dist: 242
dist: 265
dist: 265

vlink src/dst: 12 14
number of protected paths set: 3
needed_slices: 26
paths: {0 1}
slices required:
{2 2}
slices start:
{4 23}
tuples:
{12 12}
dist: 487
dist: 505

vlink src/dst: 0 5
number of protected paths set: 3
needed_slices: 18
paths: {0 1}
slices required:
{3 3}
slices start:
{25 0}
tuples:
{27 27}
dist: 282
dist: 288

vlink src/dst: 14 16
number of protected paths set: 3
needed_slices: 91
paths: {0 0 0 2 2 2}
slices required:
{2 2 3 2 2 3}
slices start:
{6 20 22 28 30 32}
tuples:
{12 12 18 12 12 17}
dist: 462
dist: 462
dist: 462
dist: 531
dist: 531
dist: 531

vlink src/dst: 0 6
number of protected paths set: 3
needed_slices: 22
paths: {2 4}
slices required:
{2 2}
slices start:
{35 20}
tuples:
{12 12}
dist: 418
dist: 458

vlink src/dst: 13 18
number of protected paths set: 3
needed_slices: 26
paths: {1 7}
slices required:
{2 2}
slices start:
{0 25}
tuples:
{12 12}
dist: 569
dist: 650

vlink src/dst: 9 15
number of protected paths set: 3
needed_slices: 64
paths: {0 0 19 19}
slices required:
{2 2 2 2}
slices start:
{8 10 12 35}
tuples:
{12 12 6 6}
dist: 683
dist: 683
dist: 1040
dist: 1040

vlink src/dst: 13 16
number of protected paths set: 3
needed_slices: 28
paths: {0 0 1 1}
slices required:
{2 2 2 3}
slices start:
{2 6 0 2}
tuples:
{29 29 12 27}
dist: 70
dist: 70
dist: 322
dist: 322

vlink src/dst: 3 8
number of protected paths set: 15
needed_slices: 60
paths: {1 1 5 5}
slices required:
{2 3 2 3}
slices start:
{12 37 37 39}
tuples:
{12 18 12 17}
dist: 496
dist: 496
dist: 550
dist: 550

vlink src/dst: 3 19
number of protected paths set: 15
needed_slices: 72
paths: {2 2 2 3 3 3}
slices required:
{2 2 2 2 2 2}
slices start:
{5 7 9 40 42 44}
tuples:
{12 12 12 12 12 12}
dist: 467
dist: 467
dist: 467
dist: 478
dist: 478
dist: 478

vlink src/dst: 8 17
number of protected paths set: 15
needed_slices: 22
paths: {3 4}
slices required:
{2 2}
slices start:
{25 0}
tuples:
{12 12}
dist: 554
dist: 592

vlink src/dst: 2 17
number of protected paths set: 15
needed_slices: 16
paths: {2 4}
slices required:
{2 2}
slices start:
{2 4}
tuples:
{12 12}
dist: 426
dist: 485

vlink src/dst: 2 7
number of protected paths set: 15
needed_slices: 22
paths: {0 12}
slices required:
{2 2}
slices start:
{4 35}
tuples:
{12 12}
dist: 332
dist: 709

vlink src/dst: 4 19
number of protected paths set: 15
needed_slices: 14
paths: {0 1}
slices required:
{2 2}
slices start:
{2 11}
tuples:
{20 12}
dist: 270
dist: 354

vlink src/dst: 4 15
number of protected paths set: 3
needed_slices: 72
paths: {2 2 2 15 15 15}
slices required:
{2 2 2 2 2 2}
slices start:
{13 15 17 4 6 14}
tuples:
{12 12 12 12 12 12}
dist: 501
dist: 501
dist: 501
dist: 665
dist: 665
dist: 665

vlink src/dst: 6 18
number of protected paths set: 15
needed_slices: 30
paths: {0 0 1 1}
slices required:
{2 3 2 3}
slices start:
{16 18 0 6}
tuples:
{12 27 12 27}
dist: 329
dist: 329
dist: 365
dist: 365
12 second(s) taken for solution
17 second(s) taken in total
cost = 801

