
1 second(s) taken for initialization

vlink src/dst: 3 15
number of protected paths set: 3
needed_slices: 11
paths: {0 1}
slices required:
{2 3}
slices start:
{0 0}
tuples:
{29 27}
dist: 75
dist: 375

vlink src/dst: 7 14
number of protected paths set: 15
needed_slices: 45
paths: {0 0 2 2}
slices required:
{2 3 2 3}
slices start:
{3 5 3 5}
tuples:
{12 27 12 18}
dist: 375
dist: 375
dist: 441
dist: 441

vlink src/dst: 5 18
number of protected paths set: 3
needed_slices: 35
paths: {0 0 1 2 2}
slices required:
{2 3 2 2 2}
slices start:
{0 2 8 10 12}
tuples:
{20 28 12 12 12}
dist: 104
dist: 104
dist: 405
dist: 563
dist: 563

vlink src/dst: 0 3
number of protected paths set: 3
needed_slices: 56
paths: {2 2 15 15}
slices required:
{2 2 2 2}
slices start:
{14 16 14 16}
tuples:
{12 12 6 6}
dist: 776
dist: 776
dist: 849
dist: 849

vlink src/dst: 14 19
number of protected paths set: 15
needed_slices: 40
paths: {0 0 6 6 6}
slices required:
{2 3 2 2 2}
slices start:
{8 18 0 2 4}
tuples:
{12 27 12 12 12}
dist: 327
dist: 327
dist: 543
dist: 543
dist: 543

vlink src/dst: 6 9
number of protected paths set: 3
needed_slices: 90
paths: {2 2 2 7 7 7}
slices required:
{2 2 2 2 2 2}
slices start:
{0 8 10 6 8 10}
tuples:
{12 12 12 12 12 12}
dist: 727
dist: 727
dist: 727
dist: 772
dist: 772
dist: 772

vlink src/dst: 4 18
number of protected paths set: 15
needed_slices: 72
paths: {0 0 0 6 6 6}
slices required:
{2 2 2 2 2 2}
slices start:
{21 23 25 12 18 20}
tuples:
{12 12 12 12 12 12}
dist: 676
dist: 676
dist: 676
dist: 745
dist: 745
dist: 745

vlink src/dst: 5 13
number of protected paths set: 3
needed_slices: 45
paths: {0 0 3 3}
slices required:
{2 3 2 3}
slices start:
{14 22 6 21}
tuples:
{12 18 12 17}
dist: 488
dist: 488
dist: 595
dist: 595

vlink src/dst: 6 16
number of protected paths set: 3
needed_slices: 18
paths: {0 8}
slices required:
{2 2}
slices start:
{16 25}
tuples:
{12 12}
dist: 404
dist: 674

vlink src/dst: 11 13
number of protected paths set: 15
needed_slices: 16
paths: {0 0 1 1}
slices required:
{2 2 2 2}
slices start:
{16 25 0 2}
tuples:
{20 20 20 20}
dist: 166
dist: 166
dist: 300
dist: 300

vlink src/dst: 8 15
number of protected paths set: 3
needed_slices: 116
paths: {2 2 2 13 13 13}
slices required:
{2 2 2 2 2 3}
slices start:
{12 14 16 18 27 29}
tuples:
{12 12 12 6 6 11}
dist: 660
dist: 660
dist: 660
dist: 886
dist: 886
dist: 886

vlink src/dst: 0 11
number of protected paths set: 15
needed_slices: 40
paths: {1 1 5 5}
slices required:
{2 2 2 2}
slices start:
{32 34 4 6}
tuples:
{12 12 12 12}
dist: 577
dist: 577
dist: 665
dist: 665

vlink src/dst: 1 16
number of protected paths set: 15
needed_slices: 78
paths: {3 3 3 4 4 4}
slices required:
{2 2 2 2 2 2}
slices start:
{18 20 22 0 2 4}
tuples:
{12 12 12 12 12 12}
dist: 584
dist: 584
dist: 584
dist: 629
dist: 629
dist: 629

vlink src/dst: 4 19
number of protected paths set: 15
needed_slices: 35
paths: {0 0 3 3}
slices required:
{2 3 2 3}
slices start:
{6 8 24 26}
tuples:
{12 27 12 18}
dist: 389
dist: 389
dist: 460
dist: 460

vlink src/dst: 1 8
number of protected paths set: 3
needed_slices: 34
paths: {0 0 1 1 1}
slices required:
{2 2 2 2 2}
slices start:
{0 2 0 2 4}
tuples:
{29 29 12 12 12}
dist: 51
dist: 51
dist: 536
dist: 536
dist: 536

vlink src/dst: 2 10
number of protected paths set: 3
needed_slices: 44
paths: {1 1 2 2 2}
slices required:
{2 3 2 2 2}
slices start:
{6 24 11 36 38}
tuples:
{12 27 12 12 12}
dist: 390
dist: 390
dist: 444
dist: 444
dist: 444

vlink src/dst: 7 10
number of protected paths set: 3
needed_slices: 94
paths: {0 0 0 3 13 13}
slices required:
{2 2 3 2 2 2}
slices start:
{20 22 40 8 10 20}
tuples:
{12 12 17 12 12 12}
dist: 570
dist: 570
dist: 570
dist: 610
dist: 661
dist: 661

vlink src/dst: 2 17
number of protected paths set: 15
needed_slices: 16
paths: {0 0 1 1}
slices required:
{2 2 2 2}
slices start:
{6 10 2 4}
tuples:
{20 20 20 20}
dist: 107
dist: 107
dist: 208
dist: 208

vlink src/dst: 9 12
number of protected paths set: 3
needed_slices: 18
paths: {0 5}
slices required:
{2 2}
slices start:
{27 12}
tuples:
{20 12}
dist: 227
dist: 539

vlink src/dst: 12 17
number of protected paths set: 3
needed_slices: 33
paths: {0 0 3 3}
slices required:
{2 2 2 3}
slices start:
{6 10 14 16}
tuples:
{20 20 12 18}
dist: 178
dist: 178
dist: 429
dist: 429
12 second(s) taken for solution
13 second(s) taken in total
cost = 936

