
3 second(s) taken for initialization

vlink src/dst: 8 18
number of protected paths set: 3
needed_slices: 8
paths: {0 1}
slices required:
{2 2}
slices start:
{0 0}
tuples:
{29 20}
dist: 45
dist: 204

vlink src/dst: 7 18
number of protected paths set: 3
needed_slices: 16
paths: {1 2}
slices required:
{2 2}
slices start:
{2 2}
tuples:
{20 12}
dist: 285
dist: 376

vlink src/dst: 10 13
number of protected paths set: 3
needed_slices: 42
paths: {0 0 12 12}
slices required:
{2 2 2 3}
slices start:
{0 4 4 6}
tuples:
{20 20 12 17}
dist: 289
dist: 289
dist: 561
dist: 561

vlink src/dst: 4 10
number of protected paths set: 3
needed_slices: 24
paths: {1 13}
slices required:
{2 2}
slices start:
{9 9}
tuples:
{12 12}
dist: 365
dist: 526

vlink src/dst: 7 17
number of protected paths set: 3
needed_slices: 58
paths: {3 16}
slices required:
{2 3}
slices start:
{11 11}
tuples:
{12 10}
dist: 780
dist: 1093

vlink src/dst: 5 14
number of protected paths set: 3
needed_slices: 99
paths: {0 0 0 12 14 14}
slices required:
{2 2 3 2 2 2}
slices start:
{14 16 18 0 2 4}
tuples:
{12 12 17 12 12 12}
dist: 571
dist: 571
dist: 571
dist: 654
dist: 662
dist: 662

vlink src/dst: 2 13
number of protected paths set: 15
needed_slices: 24
paths: {1 13}
slices required:
{2 2}
slices start:
{9 21}
tuples:
{12 12}
dist: 435
dist: 588

vlink src/dst: 6 8
number of protected paths set: 15
needed_slices: 45
paths: {0 0 8 8}
slices required:
{2 3 2 4}
slices start:
{0 2 6 8}
tuples:
{20 28 12 34}
dist: 190
dist: 190
dist: 388
dist: 388

vlink src/dst: 2 16
number of protected paths set: 15
needed_slices: 28
paths: {0 13}
slices required:
{2 2}
slices start:
{12 23}
tuples:
{12 12}
dist: 478
dist: 710

vlink src/dst: 1 19
number of protected paths set: 15
needed_slices: 20
paths: {0 3}
slices required:
{2 2}
slices start:
{0 0}
tuples:
{12 12}
dist: 325
dist: 434

vlink src/dst: 15 16
number of protected paths set: 15
needed_slices: 22
paths: {0 8}
slices required:
{2 2}
slices start:
{2 2}
tuples:
{12 12}
dist: 343
dist: 468

vlink src/dst: 3 6
number of protected paths set: 15
needed_slices: 59
paths: {1 1 4 4 4}
slices required:
{2 3 2 2 2}
slices start:
{4 6 5 7 14}
tuples:
{12 27 12 12 12}
dist: 356
dist: 356
dist: 417
dist: 417
dist: 417

vlink src/dst: 11 15
number of protected paths set: 3
needed_slices: 68
paths: {0 2 2 4 4 10}
slices required:
{2 2 2 2 2 2}
slices start:
{9 13 15 14 16 18}
tuples:
{20 12 12 12 12 12}
dist: 291
dist: 364
dist: 364
dist: 444
dist: 444
dist: 503

vlink src/dst: 11 17
number of protected paths set: 3
needed_slices: 90
paths: {4 4 4 14 14 14}
slices required:
{2 2 2 2 2 2}
slices start:
{20 22 24 20 22 24}
tuples:
{12 12 12 12 12 12}
dist: 490
dist: 490
dist: 490
dist: 704
dist: 704
dist: 704

vlink src/dst: 3 14
number of protected paths set: 15
needed_slices: 20
paths: {0 0 3 3}
slices required:
{2 2 2 2}
slices start:
{17 26 6 8}
tuples:
{20 20 20 20}
dist: 256
dist: 256
dist: 274
dist: 274

vlink src/dst: 4 9
number of protected paths set: 15
needed_slices: 16
paths: {0 3}
slices required:
{2 2}
slices start:
{2 0}
tuples:
{12 12}
dist: 374
dist: 452

vlink src/dst: 1 12
number of protected paths set: 15
needed_slices: 54
paths: {0 1 1 7 7 11}
slices required:
{2 2 2 2 2 2}
slices start:
{26 2 13 4 6 15}
tuples:
{20 12 12 12 12 12}
dist: 274
dist: 340
dist: 340
dist: 533
dist: 533
dist: 599

vlink src/dst: 9 19
number of protected paths set: 15
needed_slices: 16
paths: {1 2}
slices required:
{2 2}
slices start:
{6 4}
tuples:
{12 12}
dist: 371
dist: 411

vlink src/dst: 0 5
number of protected paths set: 3
needed_slices: 14
paths: {0 5}
slices required:
{2 2}
slices start:
{6 0}
tuples:
{20 12}
dist: 205
dist: 519

vlink src/dst: 0 12
number of protected paths set: 15
needed_slices: 22
paths: {2 4}
slices required:
{2 2}
slices start:
{15 8}
tuples:
{12 12}
dist: 554
dist: 592
12 second(s) taken for solution
15 second(s) taken in total
cost = 745

