
2 second(s) taken for initialization

vlink src/dst: 9 16
number of protected paths set: 15
needed_slices: 24
paths: {0 0 3 3}
slices required:
{2 2 2 2}
slices start:
{0 2 0 2}
tuples:
{20 20 20 20}
dist: 133
dist: 133
dist: 261
dist: 261

vlink src/dst: 17 19
number of protected paths set: 15
needed_slices: 14
paths: {0 0 1 1}
slices required:
{2 2 2 3}
slices start:
{4 6 0 2}
tuples:
{29 29 20 28}
dist: 50
dist: 50
dist: 159
dist: 159

vlink src/dst: 12 14
number of protected paths set: 3
needed_slices: 51
paths: {0 14 14}
slices required:
{3 2 2}
slices start:
{8 0 2}
tuples:
{17 12 12}
dist: 571
dist: 662
dist: 662

vlink src/dst: 5 9
number of protected paths set: 15
needed_slices: 18
paths: {1 6}
slices required:
{2 2}
slices start:
{5 0}
tuples:
{12 12}
dist: 308
dist: 445

vlink src/dst: 13 14
number of protected paths set: 3
needed_slices: 54
paths: {1 17}
slices required:
{3 3}
slices start:
{11 4}
tuples:
{11 10}
dist: 845
dist: 1091

vlink src/dst: 3 11
number of protected paths set: 15
needed_slices: 72
paths: {1 1 1 5 5 5}
slices required:
{2 2 2 2 2 2}
slices start:
{7 9 14 0 2 7}
tuples:
{12 12 12 12 12 12}
dist: 493
dist: 493
dist: 493
dist: 577
dist: 577
dist: 577

vlink src/dst: 4 16
number of protected paths set: 15
needed_slices: 8
paths: {0 1}
slices required:
{2 2}
slices start:
{0 0}
tuples:
{20 20}
dist: 129
dist: 193

vlink src/dst: 11 17
number of protected paths set: 15
needed_slices: 20
paths: {1 9}
slices required:
{2 2}
slices start:
{4 11}
tuples:
{12 12}
dist: 331
dist: 448

vlink src/dst: 0 19
number of protected paths set: 15
needed_slices: 40
paths: {0 0 2 2}
slices required:
{2 2 2 2}
slices start:
{16 18 4 9}
tuples:
{12 12 12 12}
dist: 367
dist: 367
dist: 391
dist: 391

vlink src/dst: 4 10
number of protected paths set: 15
needed_slices: 8
paths: {0 1}
slices required:
{2 2}
slices start:
{2 20}
tuples:
{20 20}
dist: 153
dist: 162

vlink src/dst: 10 12
number of protected paths set: 15
needed_slices: 33
paths: {0 1 2 4 4}
slices required:
{2 2 2 2 3}
slices start:
{20 22 6 16 18}
tuples:
{20 20 20 12 27}
dist: 205
dist: 212
dist: 300
dist: 332
dist: 332

vlink src/dst: 1 6
number of protected paths set: 3
needed_slices: 56
paths: {2 2 7 7}
slices required:
{2 2 2 2}
slices start:
{21 23 13 15}
tuples:
{12 12 12 12}
dist: 690
dist: 690
dist: 728
dist: 728

vlink src/dst: 0 2
number of protected paths set: 3
needed_slices: 16
paths: {0 1}
slices required:
{2 3}
slices start:
{0 0}
tuples:
{20 27}
dist: 199
dist: 387

vlink src/dst: 2 7
number of protected paths set: 3
needed_slices: 24
paths: {1 2}
slices required:
{3 3}
slices start:
{17 7}
tuples:
{27 18}
dist: 390
dist: 444

vlink src/dst: 13 18
number of protected paths set: 3
needed_slices: 54
paths: {0 0 0 1 1 1}
slices required:
{2 2 2 2 2 2}
slices start:
{14 21 23 10 12 14}
tuples:
{12 12 12 12 12 12}
dist: 409
dist: 409
dist: 409
dist: 512
dist: 512
dist: 512

vlink src/dst: 7 8
number of protected paths set: 3
needed_slices: 32
paths: {0 0 2 2}
slices required:
{2 2 2 2}
slices start:
{4 8 4 10}
tuples:
{12 12 12 12}
dist: 461
dist: 461
dist: 521
dist: 521

vlink src/dst: 8 18
number of protected paths set: 3
needed_slices: 17
paths: {0 0 1 1}
slices required:
{2 3 2 4}
slices start:
{0 6 0 16}
tuples:
{20 28 12 34}
dist: 174
dist: 174
dist: 316
dist: 316

vlink src/dst: 1 15
number of protected paths set: 15
needed_slices: 14
paths: {0 1}
slices required:
{2 2}
slices start:
{12 2}
tuples:
{12 12}
dist: 425
dist: 439

vlink src/dst: 5 6
number of protected paths set: 3
needed_slices: 24
paths: {1 2}
slices required:
{3 3}
slices start:
{2 17}
tuples:
{27 18}
dist: 394
dist: 497

vlink src/dst: 3 15
number of protected paths set: 15
needed_slices: 35
paths: {0 0 2 2 4}
slices required:
{2 3 2 2 2}
slices start:
{9 11 5 11 16}
tuples:
{20 27 12 12 12}
dist: 253
dist: 253
dist: 423
dist: 423
dist: 437
17 second(s) taken for solution
19 second(s) taken in total
cost = 614

