
4 second(s) taken for initialization

vlink src/dst: 4 15
number of protected paths set: 3
needed_slices: 22
paths: {2 4}
slices required:
{2 2}
slices start:
{0 0}
tuples:
{12 12}
dist: 418
dist: 458

vlink src/dst: 14 17
number of protected paths set: 3
needed_slices: 80
paths: {0 0 0 8 11 11}
slices required:
{2 2 3 2 2 2}
slices start:
{2 4 6 2 4 6}
tuples:
{12 12 17 12 12 12}
dist: 523
dist: 523
dist: 523
dist: 581
dist: 587
dist: 587

vlink src/dst: 3 9
number of protected paths set: 3
needed_slices: 108
paths: {2 2 2 14 14 14}
slices required:
{2 2 2 2 2 2}
slices start:
{4 6 8 8 10 12}
tuples:
{12 12 12 12 12 12}
dist: 698
dist: 698
dist: 698
dist: 781
dist: 781
dist: 781

vlink src/dst: 2 18
number of protected paths set: 3
needed_slices: 34
paths: {1 13}
slices required:
{2 2}
slices start:
{2 10}
tuples:
{12 6}
dist: 674
dist: 826

vlink src/dst: 3 16
number of protected paths set: 15
needed_slices: 54
paths: {2 2 2 7 7 7}
slices required:
{2 2 2 2 2 2}
slices start:
{2 12 14 0 14 16}
tuples:
{12 12 12 12 12 12}
dist: 409
dist: 409
dist: 409
dist: 466
dist: 466
dist: 466

vlink src/dst: 1 13
number of protected paths set: 15
needed_slices: 23
paths: {0 0 2 2}
slices required:
{2 2 2 3}
slices start:
{9 11 18 20}
tuples:
{20 20 12 27}
dist: 215
dist: 215
dist: 316
dist: 316

vlink src/dst: 1 12
number of protected paths set: 15
needed_slices: 18
paths: {0 2}
slices required:
{2 2}
slices start:
{23 18}
tuples:
{12 12}
dist: 342
dist: 406

vlink src/dst: 2 13
number of protected paths set: 3
needed_slices: 20
paths: {1 14}
slices required:
{2 2}
slices start:
{14 16}
tuples:
{12 12}
dist: 346
dist: 525

vlink src/dst: 5 7
number of protected paths set: 15
needed_slices: 40
paths: {1 1 3 3}
slices required:
{2 3 2 3}
slices start:
{16 18 0 16}
tuples:
{12 27 12 27}
dist: 337
dist: 337
dist: 381
dist: 381

vlink src/dst: 15 19
number of protected paths set: 15
needed_slices: 16
paths: {0 0 2 2}
slices required:
{2 2 2 2}
slices start:
{21 23 4 6}
tuples:
{20 20 20 20}
dist: 160
dist: 160
dist: 223
dist: 223

vlink src/dst: 5 9
number of protected paths set: 3
needed_slices: 30
paths: {2 7}
slices required:
{2 2}
slices start:
{25 0}
tuples:
{12 12}
dist: 727
dist: 772

vlink src/dst: 7 12
number of protected paths set: 15
needed_slices: 24
paths: {0 0 3 3}
slices required:
{2 2 2 2}
slices start:
{9 11 4 6}
tuples:
{20 20 20 20}
dist: 123
dist: 123
dist: 268
dist: 268

vlink src/dst: 8 19
number of protected paths set: 15
needed_slices: 20
paths: {0 0 1 1}
slices required:
{2 3 2 3}
slices start:
{10 19 18 20}
tuples:
{20 28 20 28}
dist: 129
dist: 129
dist: 194
dist: 194

vlink src/dst: 0 14
number of protected paths set: 3
needed_slices: 60
paths: {2 2 5 5}
slices required:
{2 3 2 3}
slices start:
{16 20 23 25}
tuples:
{12 27 12 27}
dist: 343
dist: 343
dist: 363
dist: 363

vlink src/dst: 10 11
number of protected paths set: 15
needed_slices: 48
paths: {0 0 6 6}
slices required:
{2 2 2 2}
slices start:
{23 27 4 6}
tuples:
{12 12 12 12}
dist: 676
dist: 676
dist: 745
dist: 745

vlink src/dst: 11 16
number of protected paths set: 15
needed_slices: 8
paths: {0 1}
slices required:
{2 2}
slices start:
{2 10}
tuples:
{20 20}
dist: 227
dist: 243

vlink src/dst: 4 6
number of protected paths set: 3
needed_slices: 18
paths: {2 3}
slices required:
{2 2}
slices start:
{25 14}
tuples:
{12 12}
dist: 496
dist: 514

vlink src/dst: 0 10
number of protected paths set: 3
needed_slices: 48
paths: {2 2 10 10}
slices required:
{2 2 2 2}
slices start:
{29 31 28 30}
tuples:
{12 12 12 12}
dist: 463
dist: 463
dist: 536
dist: 536

vlink src/dst: 8 17
number of protected paths set: 15
needed_slices: 54
paths: {0 0 0 6 6 6}
slices required:
{2 2 2 2 2 2}
slices start:
{2 8 10 23 25 27}
tuples:
{12 12 12 12 12 12}
dist: 419
dist: 419
dist: 419
dist: 564
dist: 564
dist: 564

vlink src/dst: 6 18
number of protected paths set: 15
needed_slices: 66
paths: {3 4 4 5 13}
slices required:
{2 2 2 2 2}
slices start:
{12 33 35 21 0}
tuples:
{12 12 12 12 12}
dist: 584
dist: 629
dist: 629
dist: 638
dist: 792
13 second(s) taken for solution
17 second(s) taken in total
cost = 791

