
3 second(s) taken for initialization

vlink src/dst: 6 12
number of protected paths set: 3
needed_slices: 28
paths: {1 14}
slices required:
{2 2}
slices start:
{0 0}
tuples:
{12 12}
dist: 644
dist: 766

vlink src/dst: 1 12
number of protected paths set: 3
needed_slices: 28
paths: {0 0 1 1}
slices required:
{2 2 2 3}
slices start:
{2 4 2 4}
tuples:
{20 20 12 27}
dist: 212
dist: 212
dist: 374
dist: 374

vlink src/dst: 8 14
number of protected paths set: 3
needed_slices: 52
paths: {2 2 5 5}
slices required:
{2 2 2 2}
slices start:
{7 9 6 8}
tuples:
{12 12 12 12}
dist: 657
dist: 657
dist: 706
dist: 706

vlink src/dst: 14 15
number of protected paths set: 3
needed_slices: 66
paths: {0 0 0 9 9 9}
slices required:
{2 2 2 2 2 2}
slices start:
{11 13 15 11 13 15}
tuples:
{12 12 12 12 12 12}
dist: 431
dist: 431
dist: 431
dist: 575
dist: 575
dist: 575

vlink src/dst: 0 17
number of protected paths set: 15
needed_slices: 62
paths: {0 0 5 5 5}
slices required:
{2 3 2 2 2}
slices start:
{17 19 0 2 4}
tuples:
{12 27 12 12 12}
dist: 370
dist: 370
dist: 501
dist: 501
dist: 501

vlink src/dst: 1 5
number of protected paths set: 15
needed_slices: 46
paths: {1 15 17}
slices required:
{2 2 2}
slices start:
{22 10 17}
tuples:
{12 12 6}
dist: 621
dist: 755
dist: 855

vlink src/dst: 2 19
number of protected paths set: 15
needed_slices: 18
paths: {0 10}
slices required:
{2 2}
slices start:
{7 2}
tuples:
{12 12}
dist: 420
dist: 536

vlink src/dst: 2 17
number of protected paths set: 15
needed_slices: 66
paths: {1 1 6 6 6}
slices required:
{3 3 2 2 3}
slices start:
{12 22 6 8 19}
tuples:
{27 27 12 12 18}
dist: 387
dist: 387
dist: 460
dist: 460
dist: 460

vlink src/dst: 13 16
number of protected paths set: 15
needed_slices: 6
paths: {0 1}
slices required:
{2 2}
slices start:
{0 2}
tuples:
{20 20}
dist: 142
dist: 150

vlink src/dst: 13 18
number of protected paths set: 15
needed_slices: 59
paths: {1 1 4 4 4}
slices required:
{2 3 2 2 2}
slices start:
{25 27 15 17 25}
tuples:
{12 27 12 12 12}
dist: 356
dist: 356
dist: 417
dist: 417
dist: 417

vlink src/dst: 10 16
number of protected paths set: 15
needed_slices: 20
paths: {0 2}
slices required:
{2 2}
slices start:
{2 6}
tuples:
{12 12}
dist: 478
dist: 509

vlink src/dst: 4 19
number of protected paths set: 15
needed_slices: 48
paths: {0 0 6 6}
slices required:
{2 2 2 2}
slices start:
{4 24 4 12}
tuples:
{12 12 12 12}
dist: 676
dist: 676
dist: 745
dist: 745

vlink src/dst: 15 18
number of protected paths set: 15
needed_slices: 24
paths: {0 0 2 2}
slices required:
{2 2 2 2}
slices start:
{0 2 0 2}
tuples:
{29 29 20 20}
dist: 94
dist: 94
dist: 222
dist: 222

vlink src/dst: 9 10
number of protected paths set: 15
needed_slices: 26
paths: {1 3}
slices required:
{2 2}
slices start:
{2 11}
tuples:
{12 12}
dist: 571
dist: 579

vlink src/dst: 6 7
number of protected paths set: 15
needed_slices: 10
paths: {0 1}
slices required:
{2 2}
slices start:
{6 10}
tuples:
{29 12}
dist: 56
dist: 503

vlink src/dst: 5 8
number of protected paths set: 15
needed_slices: 14
paths: {0 1}
slices required:
{2 2}
slices start:
{0 13}
tuples:
{20 20}
dist: 255
dist: 284

vlink src/dst: 0 3
number of protected paths set: 15
needed_slices: 14
paths: {0 3}
slices required:
{2 2}
slices start:
{0 11}
tuples:
{20 20}
dist: 208
dist: 280

vlink src/dst: 3 11
number of protected paths set: 3
needed_slices: 8
paths: {0 1}
slices required:
{2 2}
slices start:
{0 4}
tuples:
{20 20}
dist: 123
dist: 290

vlink src/dst: 4 7
number of protected paths set: 15
needed_slices: 12
paths: {0 0 1 1}
slices required:
{2 2 2 2}
slices start:
{0 2 0 2}
tuples:
{20 20 20 20}
dist: 162
dist: 162
dist: 202
dist: 202

vlink src/dst: 9 11
number of protected paths set: 3
needed_slices: 28
paths: {0 0 4 4}
slices required:
{2 2 2 2}
slices start:
{4 6 6 8}
tuples:
{20 20 12 12}
dist: 226
dist: 226
dist: 414
dist: 414
11 second(s) taken for solution
14 second(s) taken in total
cost = 635

