
1 second(s) taken for initialization

vlink src/dst: 1 7
number of protected paths set: 3
needed_slices: 68
paths: {2 2 4 4}
slices required:
{2 2 2 2}
slices start:
{0 2 0 2}
tuples:
{12 12 12 12}
dist: 665
dist: 665
dist: 694
dist: 694

vlink src/dst: 7 17
number of protected paths set: 3
needed_slices: 102
paths: {2 2 2 6 6 6}
slices required:
{2 2 2 2 2 2}
slices start:
{4 6 8 4 6 8}
tuples:
{12 12 12 12 12 12}
dist: 650
dist: 650
dist: 650
dist: 700
dist: 700
dist: 700

vlink src/dst: 11 12
number of protected paths set: 3
needed_slices: 120
paths: {1 3 3 6 6 6 6}
slices required:
{2 2 2 2 2 2 2}
slices start:
{10 12 14 10 12 14 16}
tuples:
{12 12 12 12 12 12 12}
dist: 673
dist: 684
dist: 684
dist: 706
dist: 706
dist: 706
dist: 706

vlink src/dst: 3 6
number of protected paths set: 3
needed_slices: 38
paths: {0 15}
slices required:
{2 2}
slices start:
{16 0}
tuples:
{12 6}
dist: 761
dist: 851

vlink src/dst: 5 6
number of protected paths set: 15
needed_slices: 32
paths: {7 8}
slices required:
{2 2}
slices start:
{18 18}
tuples:
{12 12}
dist: 600
dist: 610

vlink src/dst: 10 17
number of protected paths set: 15
needed_slices: 80
paths: {0 1 1 13 14 14}
slices required:
{2 2 2 2 2 2}
slices start:
{10 12 14 18 20 22}
tuples:
{12 12 12 12 12 12}
dist: 539
dist: 543
dist: 543
dist: 678
dist: 685
dist: 685

vlink src/dst: 1 18
number of protected paths set: 3
needed_slices: 26
paths: {4 11}
slices required:
{2 2}
slices start:
{16 16}
tuples:
{12 12}
dist: 565
dist: 656

vlink src/dst: 2 16
number of protected paths set: 15
needed_slices: 45
paths: {2 2 4 4}
slices required:
{2 3 2 3}
slices start:
{0 2 18 20}
tuples:
{12 27 12 27}
dist: 366
dist: 366
dist: 389
dist: 389

vlink src/dst: 11 15
number of protected paths set: 15
needed_slices: 44
paths: {2 11}
slices required:
{2 3}
slices start:
{24 0}
tuples:
{12 11}
dist: 705
dist: 827

vlink src/dst: 3 4
number of protected paths set: 3
needed_slices: 60
paths: {0 0 11 11}
slices required:
{2 2 2 2}
slices start:
{3 5 26 28}
tuples:
{12 12 12 12}
dist: 627
dist: 627
dist: 779
dist: 779

vlink src/dst: 0 19
number of protected paths set: 15
needed_slices: 20
paths: {1 2}
slices required:
{2 2}
slices start:
{24 5}
tuples:
{20 20}
dist: 278
dist: 297

vlink src/dst: 0 14
number of protected paths set: 15
needed_slices: 46
paths: {0 0 5 5}
slices required:
{2 2 2 3}
slices start:
{2 7 30 32}
tuples:
{20 20 12 27}
dist: 300
dist: 300
dist: 340
dist: 340

vlink src/dst: 16 19
number of protected paths set: 15
needed_slices: 32
paths: {0 0 6 6}
slices required:
{2 2 2 3}
slices start:
{0 2 26 35}
tuples:
{20 20 12 27}
dist: 192
dist: 192
dist: 321
dist: 321

vlink src/dst: 14 15
number of protected paths set: 15
needed_slices: 26
paths: {0 4}
slices required:
{2 2}
slices start:
{20 35}
tuples:
{12 12}
dist: 457
dist: 521

vlink src/dst: 12 13
number of protected paths set: 3
needed_slices: 12
paths: {0 1}
slices required:
{2 2}
slices start:
{18 22}
tuples:
{20 20}
dist: 224
dist: 283

vlink src/dst: 4 8
number of protected paths set: 15
needed_slices: 16
paths: {0 3}
slices required:
{2 2}
slices start:
{30 7}
tuples:
{20 12}
dist: 295
dist: 486

vlink src/dst: 2 5
number of protected paths set: 15
needed_slices: 22
paths: {0 0 1 1 1}
slices required:
{2 2 2 2 2}
slices start:
{5 7 5 7 9}
tuples:
{29 29 20 20 20}
dist: 45
dist: 45
dist: 271
dist: 271
dist: 271

vlink src/dst: 8 9
number of protected paths set: 15
needed_slices: 60
paths: {0 0 0 11 11 11}
slices required:
{2 2 2 2 2 2}
slices start:
{0 2 4 12 14 20}
tuples:
{12 12 12 12 12 12}
dist: 464
dist: 464
dist: 464
dist: 636
dist: 636
dist: 636

vlink src/dst: 10 13
number of protected paths set: 3
needed_slices: 20
paths: {0 9}
slices required:
{2 2}
slices start:
{3 0}
tuples:
{12 12}
dist: 519
dist: 682

vlink src/dst: 9 18
number of protected paths set: 15
needed_slices: 32
paths: {0 0 5 5 5}
slices required:
{2 2 2 2 2}
slices start:
{0 2 6 8 10}
tuples:
{20 20 12 12 12}
dist: 296
dist: 296
dist: 465
dist: 465
dist: 465
16 second(s) taken for solution
17 second(s) taken in total
cost = 901

