
1 second(s) taken for initialization

vlink src/dst: 1 12
number of protected paths set: 3
needed_slices: 30
paths: {4 14}
slices required:
{2 2}
slices start:
{0 0}
tuples:
{12 12}
dist: 490
dist: 704

vlink src/dst: 5 9
number of protected paths set: 15
needed_slices: 66
paths: {0 0 7 8 8}
slices required:
{2 4 2 2 2}
slices start:
{2 4 2 4 6}
tuples:
{12 34 12 12 12}
dist: 343
dist: 343
dist: 467
dist: 468
dist: 468

vlink src/dst: 1 13
number of protected paths set: 3
needed_slices: 28
paths: {0 5 5}
slices required:
{2 2 2}
slices start:
{8 4 6}
tuples:
{29 12 12}
dist: 93
dist: 645
dist: 645

vlink src/dst: 9 10
number of protected paths set: 15
needed_slices: 18
paths: {0 2}
slices required:
{2 2}
slices start:
{10 8}
tuples:
{12 12}
dist: 464
dist: 485

vlink src/dst: 15 16
number of protected paths set: 15
needed_slices: 20
paths: {1 2}
slices required:
{2 2}
slices start:
{8 2}
tuples:
{12 12}
dist: 306
dist: 366

vlink src/dst: 5 18
number of protected paths set: 15
needed_slices: 46
paths: {8 10 10}
slices required:
{3 2 2}
slices start:
{10 12 14}
tuples:
{17 12 12}
dist: 549
dist: 615
dist: 615

vlink src/dst: 13 14
number of protected paths set: 15
needed_slices: 44
paths: {1 1 2 2}
slices required:
{2 2 2 2}
slices start:
{10 16 16 18}
tuples:
{12 12 12 12}
dist: 447
dist: 447
dist: 483
dist: 483

vlink src/dst: 7 16
number of protected paths set: 15
needed_slices: 30
paths: {0 0 2 2}
slices required:
{2 3 2 3}
slices start:
{13 15 12 18}
tuples:
{20 27 20 27}
dist: 220
dist: 220
dist: 293
dist: 293

vlink src/dst: 3 10
number of protected paths set: 15
needed_slices: 66
paths: {0 0 0 10 10 10}
slices required:
{2 2 2 2 2 2}
slices start:
{0 4 6 0 2 4}
tuples:
{12 12 12 12 12 12}
dist: 431
dist: 431
dist: 431
dist: 513
dist: 513
dist: 513

vlink src/dst: 2 12
number of protected paths set: 3
needed_slices: 32
paths: {0 0 1 1}
slices required:
{2 2 2 2}
slices start:
{13 15 10 16}
tuples:
{20 20 20 20}
dist: 200
dist: 200
dist: 249
dist: 249

vlink src/dst: 4 15
number of protected paths set: 3
needed_slices: 62
paths: {0 0 16 16 16}
slices required:
{2 3 2 2 2}
slices start:
{0 4 8 13 15}
tuples:
{12 27 12 12 12}
dist: 373
dist: 373
dist: 642
dist: 642
dist: 642

vlink src/dst: 4 19
number of protected paths set: 3
needed_slices: 98
paths: {4 4 4 12 12 12 12}
slices required:
{2 2 2 2 2 2 2}
slices start:
{18 20 22 6 10 17 19}
tuples:
{12 12 12 6 6 6 6}
dist: 718
dist: 718
dist: 718
dist: 816
dist: 816
dist: 816
dist: 816

vlink src/dst: 2 11
number of protected paths set: 15
needed_slices: 6
paths: {0 1}
slices required:
{2 2}
slices start:
{0 6}
tuples:
{29 20}
dist: 85
dist: 124

vlink src/dst: 0 11
number of protected paths set: 15
needed_slices: 33
paths: {0 0 6 6}
slices required:
{2 2 2 3}
slices start:
{6 8 13 24}
tuples:
{20 20 12 27}
dist: 110
dist: 110
dist: 393
dist: 393

vlink src/dst: 3 8
number of protected paths set: 15
needed_slices: 72
paths: {0 0 0 15 15 15}
slices required:
{2 2 2 2 2 2}
slices start:
{21 23 25 27 29 31}
tuples:
{12 12 12 12 12 12}
dist: 552
dist: 552
dist: 552
dist: 752
dist: 752
dist: 752

vlink src/dst: 7 18
number of protected paths set: 15
needed_slices: 45
paths: {0 0 8 8 8}
slices required:
{2 3 2 2 2}
slices start:
{24 33 6 8 20}
tuples:
{12 27 12 12 12}
dist: 346
dist: 346
dist: 481
dist: 481
dist: 481

vlink src/dst: 0 8
number of protected paths set: 15
needed_slices: 16
paths: {1 2}
slices required:
{2 2}
slices start:
{33 2}
tuples:
{12 12}
dist: 326
dist: 334

vlink src/dst: 14 17
number of protected paths set: 3
needed_slices: 16
paths: {1 2}
slices required:
{2 2}
slices start:
{0 0}
tuples:
{12 12}
dist: 394
dist: 497

vlink src/dst: 6 17
number of protected paths set: 3
needed_slices: 92
paths: {0 0 0 18 18 18}
slices required:
{2 2 2 2 2 3}
slices start:
{2 4 27 2 4 22}
tuples:
{12 12 12 6 6 11}
dist: 782
dist: 782
dist: 782
dist: 912
dist: 912
dist: 912

vlink src/dst: 6 19
number of protected paths set: 3
needed_slices: 12
paths: {0 6}
slices required:
{2 2}
slices start:
{0 8}
tuples:
{20 12}
dist: 237
dist: 556
15 second(s) taken for solution
16 second(s) taken in total
cost = 832

