
4 second(s) taken for initialization

vlink src/dst: 1 18
number of protected paths set: 3
needed_slices: 68
paths: {0 0 19 19}
slices required:
{2 2 2 3}
slices start:
{0 2 0 2}
tuples:
{12 12 6 11}
dist: 678
dist: 678
dist: 871
dist: 871

vlink src/dst: 6 9
number of protected paths set: 3
needed_slices: 140
paths: {2 2 2 10 10 10}
slices required:
{2 2 3 2 2 3}
slices start:
{4 6 8 5 7 9}
tuples:
{6 6 11 6 6 11}
dist: 840
dist: 840
dist: 840
dist: 883
dist: 883
dist: 883

vlink src/dst: 1 17
number of protected paths set: 15
needed_slices: 24
paths: {1 12}
slices required:
{2 2}
slices start:
{12 12}
tuples:
{12 12}
dist: 482
dist: 634

vlink src/dst: 5 9
number of protected paths set: 3
needed_slices: 16
paths: {1 2}
slices required:
{2 2}
slices start:
{14 14}
tuples:
{12 12}
dist: 394
dist: 497

vlink src/dst: 7 19
number of protected paths set: 15
needed_slices: 35
paths: {1 10}
slices required:
{2 3}
slices start:
{11 4}
tuples:
{12 11}
dist: 713
dist: 874

vlink src/dst: 12 14
number of protected paths set: 15
needed_slices: 18
paths: {0 8}
slices required:
{2 2}
slices start:
{5 0}
tuples:
{12 12}
dist: 385
dist: 585

vlink src/dst: 2 13
number of protected paths set: 3
needed_slices: 26
paths: {0 13}
slices required:
{2 2}
slices start:
{0 2}
tuples:
{12 12}
dist: 449
dist: 654

vlink src/dst: 4 5
number of protected paths set: 3
needed_slices: 24
paths: {3 6}
slices required:
{2 2}
slices start:
{2 7}
tuples:
{12 12}
dist: 589
dist: 628

vlink src/dst: 13 15
number of protected paths set: 15
needed_slices: 20
paths: {0 0 1 1}
slices required:
{2 2 2 2}
slices start:
{7 9 7 9}
tuples:
{20 20 20 20}
dist: 273
dist: 273
dist: 288
dist: 288

vlink src/dst: 7 11
number of protected paths set: 15
needed_slices: 22
paths: {2 4}
slices required:
{2 2}
slices start:
{16 11}
tuples:
{12 12}
dist: 554
dist: 592

vlink src/dst: 14 17
number of protected paths set: 15
needed_slices: 6
paths: {0 1}
slices required:
{2 2}
slices start:
{0 9}
tuples:
{29 20}
dist: 100
dist: 291

vlink src/dst: 10 15
number of protected paths set: 15
needed_slices: 18
paths: {0 4}
slices required:
{2 3}
slices start:
{0 16}
tuples:
{20 27}
dist: 263
dist: 368

vlink src/dst: 3 12
number of protected paths set: 15
needed_slices: 16
paths: {1 2}
slices required:
{2 2}
slices start:
{14 19}
tuples:
{20 20}
dist: 281
dist: 294

vlink src/dst: 10 18
number of protected paths set: 3
needed_slices: 78
paths: {0 0 0 17 17 17}
slices required:
{2 2 2 2 2 2}
slices start:
{12 14 16 16 18 20}
tuples:
{12 12 12 12 12 12}
dist: 657
dist: 657
dist: 657
dist: 785
dist: 785
dist: 785

vlink src/dst: 3 19
number of protected paths set: 15
needed_slices: 30
paths: {1 10}
slices required:
{3 3}
slices start:
{0 22}
tuples:
{18 17}
dist: 497
dist: 590

vlink src/dst: 0 8
number of protected paths set: 15
needed_slices: 40
paths: {2 2 10 10}
slices required:
{2 2 2 2}
slices start:
{13 15 18 20}
tuples:
{12 12 12 12}
dist: 434
dist: 434
dist: 553
dist: 553

vlink src/dst: 8 11
number of protected paths set: 15
needed_slices: 8
paths: {0 1}
slices required:
{2 2}
slices start:
{18 7}
tuples:
{20 20}
dist: 223
dist: 255

vlink src/dst: 2 6
number of protected paths set: 3
needed_slices: 30
paths: {2 11}
slices required:
{2 2}
slices start:
{22 0}
tuples:
{12 12}
dist: 547
dist: 645

vlink src/dst: 0 16
number of protected paths set: 15
needed_slices: 37
paths: {0 0 3 3}
slices required:
{2 2 2 3}
slices start:
{4 6 18 24}
tuples:
{20 20 12 27}
dist: 144
dist: 144
dist: 340
dist: 340

vlink src/dst: 4 16
number of protected paths set: 3
needed_slices: 41
paths: {0 0 9 9}
slices required:
{2 2 2 3}
slices start:
{0 2 27 29}
tuples:
{20 20 12 17}
dist: 285
dist: 285
dist: 538
dist: 538
4 second(s) taken for solution
8 second(s) taken in total
cost = 697

