
9 second(s) taken for initialization

vlink src/dst: 10 15
number of protected paths set: 3
needed_slices: 32
paths: {2 7}
slices required:
{2 2}
slices start:
{0 0}
tuples:
{6 6}
dist: 831
dist: 891

vlink src/dst: 10 18
number of protected paths set: 3
needed_slices: 160
paths: {2 2 2 2 10 10 10 10}
slices required:
{2 2 2 2 2 2 2 2}
slices start:
{2 4 6 8 2 4 6 8}
tuples:
{6 6 6 6 6 6 6 6}
dist: 840
dist: 840
dist: 840
dist: 840
dist: 883
dist: 883
dist: 883
dist: 883

vlink src/dst: 6 7
number of protected paths set: 3
needed_slices: 90
paths: {0 0 0 3 3 3}
slices required:
{2 2 2 2 2 2}
slices start:
{0 10 12 10 12 14}
tuples:
{12 12 12 12 12 12}
dist: 765
dist: 765
dist: 765
dist: 788
dist: 788
dist: 788

vlink src/dst: 4 6
number of protected paths set: 15
needed_slices: 30
paths: {2 6}
slices required:
{2 2}
slices start:
{16 0}
tuples:
{12 12}
dist: 653
dist: 698

vlink src/dst: 1 18
number of protected paths set: 3
needed_slices: 43
paths: {0 15 15}
slices required:
{3 2 2}
slices start:
{14 10 12}
tuples:
{18 12 12}
dist: 420
dist: 647
dist: 647

vlink src/dst: 16 17
number of protected paths set: 3
needed_slices: 64
paths: {1 1 13 13}
slices required:
{2 2 2 2}
slices start:
{17 19 14 16}
tuples:
{12 12 12 12}
dist: 623
dist: 623
dist: 710
dist: 710

vlink src/dst: 4 8
number of protected paths set: 15
needed_slices: 96
paths: {0 0 12 14 14}
slices required:
{2 5 2 2 2}
slices start:
{16 18 21 2 4}
tuples:
{12 32 12 12 12}
dist: 609
dist: 609
dist: 747
dist: 766
dist: 766

vlink src/dst: 8 11
number of protected paths set: 15
needed_slices: 20
paths: {1 8}
slices required:
{2 2}
slices start:
{0 23}
tuples:
{12 12}
dist: 448
dist: 513

vlink src/dst: 0 19
number of protected paths set: 15
needed_slices: 58
paths: {0 0 0 8 10 10}
slices required:
{2 2 3 2 2 2}
slices start:
{10 12 23 18 23 25}
tuples:
{12 12 18 12 12 12}
dist: 420
dist: 420
dist: 420
dist: 523
dist: 536
dist: 536

vlink src/dst: 0 13
number of protected paths set: 15
needed_slices: 50
paths: {0 0 10 10}
slices required:
{2 3 2 3}
slices start:
{14 26 16 27}
tuples:
{12 18 12 17}
dist: 413
dist: 413
dist: 564
dist: 564

vlink src/dst: 3 9
number of protected paths set: 15
needed_slices: 21
paths: {1 2}
slices required:
{2 3}
slices start:
{30 23}
tuples:
{20 27}
dist: 286
dist: 304

vlink src/dst: 1 3
number of protected paths set: 15
needed_slices: 40
paths: {0 0 2 2}
slices required:
{2 2 2 3}
slices start:
{0 6 32 34}
tuples:
{20 20 12 27}
dist: 262
dist: 262
dist: 336
dist: 336

vlink src/dst: 14 19
number of protected paths set: 15
needed_slices: 24
paths: {0 6}
slices required:
{2 2}
slices start:
{27 6}
tuples:
{12 12}
dist: 676
dist: 745

vlink src/dst: 2 17
number of protected paths set: 15
needed_slices: 26
paths: {0 11}
slices required:
{2 2}
slices start:
{8 10}
tuples:
{12 12}
dist: 465
dist: 771

vlink src/dst: 5 14
number of protected paths set: 15
needed_slices: 16
paths: {0 7}
slices required:
{2 2}
slices start:
{18 2}
tuples:
{12 12}
dist: 400
dist: 511

vlink src/dst: 5 12
number of protected paths set: 15
needed_slices: 28
paths: {0 0 1 1}
slices required:
{2 3 2 4}
slices start:
{4 18 30 32}
tuples:
{20 27 12 34}
dist: 214
dist: 214
dist: 308
dist: 308

vlink src/dst: 9 16
number of protected paths set: 3
needed_slices: 60
paths: {0 0 7 7 7}
slices required:
{2 3 2 2 2}
slices start:
{25 27 20 29 31}
tuples:
{12 27 12 12 12}
dist: 386
dist: 386
dist: 518
dist: 518
dist: 518

vlink src/dst: 7 15
number of protected paths set: 3
needed_slices: 48
paths: {0 0 8 8}
slices required:
{2 2 2 2}
slices start:
{21 25 8 23}
tuples:
{12 12 6 6}
dist: 750
dist: 750
dist: 844
dist: 844

vlink src/dst: 2 12
number of protected paths set: 15
needed_slices: 22
paths: {0 0 1 2 2}
slices required:
{2 2 2 2 3}
slices start:
{0 2 2 2 10}
tuples:
{20 20 20 12 27}
dist: 159
dist: 159
dist: 236
dist: 306
dist: 306

vlink src/dst: 11 13
number of protected paths set: 15
needed_slices: 13
paths: {0 5}
slices required:
{2 3}
slices start:
{14 0}
tuples:
{20 18}
dist: 203
dist: 484
19 second(s) taken for solution
28 second(s) taken in total
cost = 941

