
2 second(s) taken for initialization

vlink src/dst: 1 15
number of protected paths set: 3
needed_slices: 22
paths: {0 16}
slices required:
{2 2}
slices start:
{0 0}
tuples:
{12 12}
dist: 410
dist: 605

vlink src/dst: 4 15
number of protected paths set: 3
needed_slices: 18
paths: {0 5}
slices required:
{2 2}
slices start:
{2 2}
tuples:
{12 12}
dist: 331
dist: 452

vlink src/dst: 1 14
number of protected paths set: 15
needed_slices: 24
paths: {0 4}
slices required:
{2 2}
slices start:
{2 4}
tuples:
{12 12}
dist: 487
dist: 579

vlink src/dst: 0 18
number of protected paths set: 15
needed_slices: 22
paths: {0 9}
slices required:
{2 2}
slices start:
{4 4}
tuples:
{12 12}
dist: 356
dist: 549

vlink src/dst: 6 14
number of protected paths set: 15
needed_slices: 22
paths: {0 0 1 1}
slices required:
{2 3 2 4}
slices start:
{0 6 0 6}
tuples:
{20 28 12 34}
dist: 142
dist: 142
dist: 307
dist: 307

vlink src/dst: 6 12
number of protected paths set: 15
needed_slices: 16
paths: {1 4}
slices required:
{2 2}
slices start:
{6 10}
tuples:
{20 12}
dist: 300
dist: 353

vlink src/dst: 2 16
number of protected paths set: 15
needed_slices: 24
paths: {2 7}
slices required:
{2 2}
slices start:
{12 0}
tuples:
{12 12}
dist: 422
dist: 563

vlink src/dst: 4 9
number of protected paths set: 15
needed_slices: 11
paths: {0 1}
slices required:
{2 3}
slices start:
{0 2}
tuples:
{29 27}
dist: 88
dist: 354

vlink src/dst: 9 13
number of protected paths set: 3
needed_slices: 30
paths: {1 10}
slices required:
{3 3}
slices start:
{6 5}
tuples:
{27 18}
dist: 373
dist: 474

vlink src/dst: 16 19
number of protected paths set: 15
needed_slices: 30
paths: {2 9}
slices required:
{3 3}
slices start:
{9 2}
tuples:
{27 18}
dist: 380
dist: 483

vlink src/dst: 8 18
number of protected paths set: 15
needed_slices: 66
paths: {1 1 1 12 12 12}
slices required:
{2 2 2 2 2 2}
slices start:
{8 10 12 4 6 8}
tuples:
{12 12 12 12 12 12}
dist: 406
dist: 406
dist: 406
dist: 583
dist: 583
dist: 583

vlink src/dst: 5 11
number of protected paths set: 15
needed_slices: 30
paths: {0 12}
slices required:
{2 2}
slices start:
{0 14}
tuples:
{12 12}
dist: 632
dist: 749

vlink src/dst: 5 10
number of protected paths set: 15
needed_slices: 66
paths: {0 0 0 9 9 9}
slices required:
{2 2 2 2 2 2}
slices start:
{14 16 18 16 18 20}
tuples:
{12 12 12 12 12 12}
dist: 431
dist: 431
dist: 431
dist: 513
dist: 513
dist: 513

vlink src/dst: 7 12
number of protected paths set: 15
needed_slices: 8
paths: {0 1}
slices required:
{2 2}
slices start:
{0 5}
tuples:
{20 20}
dist: 129
dist: 193

vlink src/dst: 3 13
number of protected paths set: 3
needed_slices: 16
paths: {2 3}
slices required:
{2 2}
slices start:
{0 2}
tuples:
{12 12}
dist: 387
dist: 425

vlink src/dst: 3 8
number of protected paths set: 3
needed_slices: 19
paths: {0 3}
slices required:
{2 3}
slices start:
{2 14}
tuples:
{20 18}
dist: 178
dist: 429

vlink src/dst: 0 11
number of protected paths set: 15
needed_slices: 60
paths: {3 3 3 5 5 5}
slices required:
{2 2 2 2 2 2}
slices start:
{2 4 6 10 12 16}
tuples:
{12 12 12 12 12 12}
dist: 612
dist: 612
dist: 612
dist: 634
dist: 634
dist: 634

vlink src/dst: 7 17
number of protected paths set: 15
needed_slices: 18
paths: {1 2}
slices required:
{3 3}
slices start:
{0 2}
tuples:
{27 27}
dist: 293
dist: 355

vlink src/dst: 17 19
number of protected paths set: 15
needed_slices: 12
paths: {0 0 1 1}
slices required:
{2 2 2 2}
slices start:
{3 5 0 5}
tuples:
{20 20 20 20}
dist: 133
dist: 133
dist: 207
dist: 207

vlink src/dst: 2 10
number of protected paths set: 15
needed_slices: 14
paths: {0 4}
slices required:
{2 2}
slices start:
{8 12}
tuples:
{12 12}
dist: 343
dist: 512
7 second(s) taken for solution
9 second(s) taken in total
cost = 528

