
4 second(s) taken for initialization

vlink src/dst: 5 11
number of protected paths set: 3
needed_slices: 28
paths: {0 5 5}
slices required:
{2 2 2}
slices start:
{0 0 2}
tuples:
{29 12 12}
dist: 93
dist: 645
dist: 645

vlink src/dst: 5 19
number of protected paths set: 3
needed_slices: 100
paths: {0 3 3 11 11 13}
slices required:
{2 2 2 2 2 3}
slices start:
{4 2 6 6 8 10}
tuples:
{12 12 12 12 12 11}
dist: 377
dist: 455
dist: 455
dist: 740
dist: 740
dist: 801

vlink src/dst: 15 18
number of protected paths set: 3
needed_slices: 32
paths: {0 0 2 2}
slices required:
{2 2 2 3}
slices start:
{6 8 0 10}
tuples:
{20 20 12 27}
dist: 223
dist: 223
dist: 383
dist: 383

vlink src/dst: 7 15
number of protected paths set: 15
needed_slices: 8
paths: {0 2}
slices required:
{2 2}
slices start:
{0 2}
tuples:
{29 20}
dist: 62
dist: 261

vlink src/dst: 6 19
number of protected paths set: 15
needed_slices: 59
paths: {1 1 4 4 4}
slices required:
{2 3 2 2 2}
slices start:
{13 15 0 4 6}
tuples:
{12 27 12 12 12}
dist: 356
dist: 356
dist: 417
dist: 417
dist: 417

vlink src/dst: 9 18
number of protected paths set: 3
needed_slices: 71
paths: {0 0 15 15 15}
slices required:
{2 3 2 2 2}
slices start:
{10 18 2 18 20}
tuples:
{12 17 12 12 12}
dist: 561
dist: 561
dist: 778
dist: 778
dist: 778

vlink src/dst: 3 11
number of protected paths set: 3
needed_slices: 95
paths: {3 3 9 9}
slices required:
{2 3 2 3}
slices start:
{8 21 18 20}
tuples:
{6 11 6 11}
dist: 808
dist: 808
dist: 873
dist: 873

vlink src/dst: 2 8
number of protected paths set: 15
needed_slices: 27
paths: {0 3}
slices required:
{3 3}
slices start:
{4 23}
tuples:
{27 18}
dist: 349
dist: 460

vlink src/dst: 8 17
number of protected paths set: 15
needed_slices: 53
paths: {0 0 1 1 1}
slices required:
{2 4 2 2 3}
slices start:
{13 15 13 15 24}
tuples:
{12 34 12 12 18}
dist: 334
dist: 334
dist: 403
dist: 403
dist: 403

vlink src/dst: 2 7
number of protected paths set: 15
needed_slices: 52
paths: {0 0 3 3 13 13}
slices required:
{2 2 2 2 2 2}
slices start:
{2 12 26 28 4 19}
tuples:
{12 12 12 12 12 12}
dist: 319
dist: 319
dist: 477
dist: 477
dist: 646
dist: 646

vlink src/dst: 12 17
number of protected paths set: 15
needed_slices: 16
paths: {0 1}
slices required:
{2 2}
slices start:
{4 0}
tuples:
{12 12}
dist: 475
dist: 487

vlink src/dst: 1 6
number of protected paths set: 15
needed_slices: 30
paths: {0 2}
slices required:
{3 3}
slices start:
{0 14}
tuples:
{17 17}
dist: 528
dist: 566

vlink src/dst: 13 16
number of protected paths set: 15
needed_slices: 66
paths: {1 1 1 6 6 6}
slices required:
{2 2 2 2 2 2}
slices start:
{24 26 28 6 8 10}
tuples:
{12 12 12 12 12 12}
dist: 696
dist: 696
dist: 696
dist: 749
dist: 749
dist: 749

vlink src/dst: 12 13
number of protected paths set: 15
needed_slices: 14
paths: {0 3}
slices required:
{2 2}
slices start:
{30 6}
tuples:
{12 12}
dist: 360
dist: 489

vlink src/dst: 0 14
number of protected paths set: 15
needed_slices: 60
paths: {2 2 2 3 3 3}
slices required:
{2 2 2 2 2 2}
slices start:
{0 8 10 3 5 10}
tuples:
{12 12 12 12 12 12}
dist: 467
dist: 467
dist: 467
dist: 497
dist: 497
dist: 497

vlink src/dst: 4 9
number of protected paths set: 15
needed_slices: 45
paths: {2 2 3 3}
slices required:
{2 3 2 3}
slices start:
{0 30 0 12}
tuples:
{12 17 12 17}
dist: 516
dist: 516
dist: 523
dist: 523

vlink src/dst: 0 4
number of protected paths set: 15
needed_slices: 26
paths: {0 10}
slices required:
{2 2}
slices start:
{15 8}
tuples:
{12 12}
dist: 396
dist: 604

vlink src/dst: 1 14
number of protected paths set: 15
needed_slices: 39
paths: {0 0 3 3 3}
slices required:
{2 3 2 2 2}
slices start:
{12 33 3 15 17}
tuples:
{12 27 12 12 12}
dist: 356
dist: 356
dist: 517
dist: 517
dist: 517

vlink src/dst: 10 16
number of protected paths set: 3
needed_slices: 12
paths: {0 2}
slices required:
{2 2}
slices start:
{5 12}
tuples:
{20 12}
dist: 157
dist: 510

vlink src/dst: 3 10
number of protected paths set: 3
needed_slices: 54
paths: {0 0 1 3 4 4}
slices required:
{2 2 2 2 2 2}
slices start:
{0 2 10 10 19 33}
tuples:
{20 20 12 12 12 12}
dist: 251
dist: 251
dist: 316
dist: 553
dist: 619
dist: 619
14 second(s) taken for solution
18 second(s) taken in total
cost = 887

