
4 second(s) taken for initialization

vlink src/dst: 6 17
number of protected paths set: 3
needed_slices: 18
paths: {0 10}
slices required:
{2 2}
slices start:
{0 0}
tuples:
{12 12}
dist: 338
dist: 631

vlink src/dst: 5 15
number of protected paths set: 15
needed_slices: 78
paths: {0 0 0 14 14 14}
slices required:
{2 2 2 2 2 2}
slices start:
{2 4 6 0 2 4}
tuples:
{12 12 12 12 12 12}
dist: 450
dist: 450
dist: 450
dist: 592
dist: 592
dist: 592

vlink src/dst: 17 19
number of protected paths set: 3
needed_slices: 28
paths: {0 15}
slices required:
{2 2}
slices start:
{8 8}
tuples:
{12 6}
dist: 741
dist: 884

vlink src/dst: 9 15
number of protected paths set: 15
needed_slices: 28
paths: {0 15}
slices required:
{2 2}
slices start:
{6 10}
tuples:
{12 12}
dist: 521
dist: 641

vlink src/dst: 6 11
number of protected paths set: 3
needed_slices: 26
paths: {1 7}
slices required:
{2 2}
slices start:
{10 6}
tuples:
{12 12}
dist: 508
dist: 589

vlink src/dst: 4 16
number of protected paths set: 15
needed_slices: 24
paths: {1 7}
slices required:
{2 2}
slices start:
{12 12}
tuples:
{12 12}
dist: 491
dist: 562

vlink src/dst: 0 1
number of protected paths set: 15
needed_slices: 33
paths: {0 5}
slices required:
{2 3}
slices start:
{14 14}
tuples:
{20 17}
dist: 266
dist: 571

vlink src/dst: 0 7
number of protected paths set: 15
needed_slices: 72
paths: {0 0 0 4 4 4}
slices required:
{2 2 2 2 2 2}
slices start:
{17 19 21 17 19 21}
tuples:
{12 12 12 12 12 12}
dist: 441
dist: 441
dist: 441
dist: 536
dist: 536
dist: 536

vlink src/dst: 3 9
number of protected paths set: 15
needed_slices: 36
paths: {1 5}
slices required:
{3 3}
slices start:
{14 0}
tuples:
{27 18}
dist: 371
dist: 429

vlink src/dst: 10 16
number of protected paths set: 15
needed_slices: 68
paths: {1 2 6 7 13}
slices required:
{2 2 2 2 2}
slices start:
{6 3 8 23 25}
tuples:
{12 12 12 12 12}
dist: 606
dist: 621
dist: 654
dist: 663
dist: 762

vlink src/dst: 2 3
number of protected paths set: 15
needed_slices: 24
paths: {2 3}
slices required:
{2 2}
slices start:
{27 23}
tuples:
{12 12}
dist: 350
dist: 357

vlink src/dst: 5 12
number of protected paths set: 15
needed_slices: 24
paths: {0 0 1 1}
slices required:
{2 2 2 2}
slices start:
{0 12 8 12}
tuples:
{20 20 20 20}
dist: 142
dist: 142
dist: 175
dist: 175

vlink src/dst: 8 11
number of protected paths set: 3
needed_slices: 50
paths: {1 1 6 6 6}
slices required:
{2 2 2 2 2}
slices start:
{10 17 17 19 21}
tuples:
{20 20 12 12 12}
dist: 271
dist: 271
dist: 402
dist: 402
dist: 402

vlink src/dst: 7 14
number of protected paths set: 3
needed_slices: 49
paths: {5 15 15}
slices required:
{3 2 2}
slices start:
{14 3 5}
tuples:
{17 12 12}
dist: 505
dist: 725
dist: 725

vlink src/dst: 10 12
number of protected paths set: 15
needed_slices: 18
paths: {0 3}
slices required:
{2 2}
slices start:
{12 10}
tuples:
{12 12}
dist: 472
dist: 527

vlink src/dst: 8 18
number of protected paths set: 15
needed_slices: 36
paths: {1 1 3 3}
slices required:
{2 2 2 2}
slices start:
{14 16 8 19}
tuples:
{12 12 12 12}
dist: 335
dist: 335
dist: 469
dist: 469

vlink src/dst: 2 19
number of protected paths set: 15
needed_slices: 68
paths: {3 3 6 6 18 18}
slices required:
{2 2 2 2 2 2}
slices start:
{0 12 10 12 25 27}
tuples:
{12 12 12 12 12 12}
dist: 495
dist: 495
dist: 510
dist: 510
dist: 655
dist: 655

vlink src/dst: 1 13
number of protected paths set: 3
needed_slices: 65
paths: {0 2 2 5 5}
slices required:
{2 2 2 2 5}
slices start:
{18 14 16 25 27}
tuples:
{12 12 12 12 32}
dist: 586
dist: 598
dist: 598
dist: 669
dist: 669

vlink src/dst: 4 14
number of protected paths set: 3
needed_slices: 20
paths: {0 13}
slices required:
{2 2}
slices start:
{2 14}
tuples:
{12 12}
dist: 385
dist: 661

vlink src/dst: 13 18
number of protected paths set: 3
needed_slices: 14
paths: {1 3}
slices required:
{2 2}
slices start:
{20 0}
tuples:
{12 12}
dist: 501
dist: 532
8 second(s) taken for solution
12 second(s) taken in total
cost = 779

