
4 second(s) taken for initialization

vlink src/dst: 10 18
number of protected paths set: 3
needed_slices: 101
paths: {0 0 5 6 6}
slices required:
{2 5 2 2 2}
slices start:
{0 2 0 2 4}
tuples:
{12 32 12 12 12}
dist: 689
dist: 689
dist: 724
dist: 725
dist: 725

vlink src/dst: 5 9
number of protected paths set: 3
needed_slices: 72
paths: {0 0 7 7 7}
slices required:
{3 3 2 2 3}
slices start:
{7 10 7 9 11}
tuples:
{27 27 12 12 18}
dist: 306
dist: 306
dist: 490
dist: 490
dist: 490

vlink src/dst: 4 16
number of protected paths set: 3
needed_slices: 22
paths: {0 10}
slices required:
{2 2}
slices start:
{13 14}
tuples:
{12 12}
dist: 566
dist: 688

vlink src/dst: 16 18
number of protected paths set: 3
needed_slices: 16
paths: {0 2}
slices required:
{2 2}
slices start:
{6 16}
tuples:
{20 12}
dist: 194
dist: 643

vlink src/dst: 3 6
number of protected paths set: 3
needed_slices: 35
paths: {0 15}
slices required:
{2 3}
slices start:
{18 18}
tuples:
{12 11}
dist: 741
dist: 884

vlink src/dst: 9 14
number of protected paths set: 15
needed_slices: 12
paths: {0 0 1 1}
slices required:
{2 2 2 2}
slices start:
{0 2 0 2}
tuples:
{20 20 20 20}
dist: 162
dist: 162
dist: 202
dist: 202

vlink src/dst: 0 3
number of protected paths set: 3
needed_slices: 94
paths: {1 1 2 13 13}
slices required:
{2 2 2 2 5}
slices start:
{20 22 24 14 21}
tuples:
{12 12 12 12 32}
dist: 493
dist: 493
dist: 512
dist: 619
dist: 619

vlink src/dst: 5 13
number of protected paths set: 3
needed_slices: 14
paths: {0 3}
slices required:
{2 2}
slices start:
{2 2}
tuples:
{20 20}
dist: 219
dist: 257

vlink src/dst: 11 17
number of protected paths set: 15
needed_slices: 10
paths: {0 4}
slices required:
{2 2}
slices start:
{16 0}
tuples:
{20 12}
dist: 160
dist: 371

vlink src/dst: 2 8
number of protected paths set: 15
needed_slices: 28
paths: {0 9}
slices required:
{2 2}
slices start:
{26 2}
tuples:
{12 12}
dist: 534
dist: 679

vlink src/dst: 8 11
number of protected paths set: 15
needed_slices: 55
paths: {0 0 8 8 8}
slices required:
{2 3 2 2 2}
slices start:
{28 30 26 28 30}
tuples:
{12 27 12 12 12}
dist: 399
dist: 399
dist: 481
dist: 481
dist: 481

vlink src/dst: 7 12
number of protected paths set: 3
needed_slices: 56
paths: {0 0 11 11 11}
slices required:
{2 3 2 2 2}
slices start:
{4 6 33 35 37}
tuples:
{12 27 12 12 12}
dist: 316
dist: 316
dist: 532
dist: 532
dist: 532

vlink src/dst: 2 19
number of protected paths set: 15
needed_slices: 20
paths: {0 3}
slices required:
{2 2}
slices start:
{39 9}
tuples:
{12 12}
dist: 430
dist: 528

vlink src/dst: 1 14
number of protected paths set: 15
needed_slices: 13
paths: {0 1}
slices required:
{2 3}
slices start:
{0 2}
tuples:
{20 27}
dist: 194
dist: 368

vlink src/dst: 13 19
number of protected paths set: 15
needed_slices: 28
paths: {0 0 2 2}
slices required:
{2 2 2 2}
slices start:
{0 6 0 9}
tuples:
{20 20 20 20}
dist: 237
dist: 237
dist: 273
dist: 273

vlink src/dst: 10 17
number of protected paths set: 15
needed_slices: 24
paths: {0 0 1 1}
slices required:
{2 2 2 2}
slices start:
{6 8 7 9}
tuples:
{20 20 20 20}
dist: 278
dist: 278
dist: 290
dist: 290

vlink src/dst: 1 7
number of protected paths set: 15
needed_slices: 12
paths: {0 0 1 1}
slices required:
{2 2 2 2}
slices start:
{0 5 0 2}
tuples:
{20 20 20 20}
dist: 133
dist: 133
dist: 249
dist: 249

vlink src/dst: 4 15
number of protected paths set: 15
needed_slices: 10
paths: {0 1}
slices required:
{2 2}
slices start:
{0 11}
tuples:
{20 12}
dist: 177
dist: 345

vlink src/dst: 0 12
number of protected paths set: 3
needed_slices: 23
paths: {0 0 1 1}
slices required:
{2 2 2 3}
slices start:
{11 16 4 6}
tuples:
{29 29 20 28}
dist: 74
dist: 74
dist: 172
dist: 172

vlink src/dst: 6 15
number of protected paths set: 15
needed_slices: 23
paths: {0 0 2 2}
slices required:
{2 2 2 3}
slices start:
{0 2 2 4}
tuples:
{20 20 12 27}
dist: 234
dist: 234
dist: 358
dist: 358
16 second(s) taken for solution
20 second(s) taken in total
cost = 668

