
1 second(s) taken for initialization

vlink src/dst: 9 13
number of protected paths set: 3
needed_slices: 53
paths: {1 19 19}
slices required:
{3 2 2}
slices start:
{0 0 2}
tuples:
{17 6 6}
dist: 539
dist: 841
dist: 841

vlink src/dst: 9 15
number of protected paths set: 3
needed_slices: 96
paths: {0 0 2 14 16 16}
slices required:
{2 2 2 2 2 2}
slices start:
{3 5 7 7 4 9}
tuples:
{12 12 12 12 12 12}
dist: 431
dist: 431
dist: 467
dist: 604
dist: 640
dist: 640

vlink src/dst: 7 16
number of protected paths set: 15
needed_slices: 8
paths: {0 1}
slices required:
{2 2}
slices start:
{0 11}
tuples:
{20 20}
dist: 119
dist: 204

vlink src/dst: 4 10
number of protected paths set: 3
needed_slices: 67
paths: {0 0 15 15 15}
slices required:
{2 3 2 2 2}
slices start:
{2 11 11 13 15}
tuples:
{12 18 12 12 12}
dist: 420
dist: 420
dist: 647
dist: 647
dist: 647

vlink src/dst: 3 6
number of protected paths set: 15
needed_slices: 54
paths: {0 0 0 7 7}
slices required:
{2 2 2 3 3}
slices start:
{4 6 8 13 16}
tuples:
{20 20 20 27 27}
dist: 257
dist: 257
dist: 257
dist: 390
dist: 390

vlink src/dst: 7 10
number of protected paths set: 15
needed_slices: 12
paths: {0 1}
slices required:
{2 2}
slices start:
{19 19}
tuples:
{20 20}
dist: 240
dist: 248

vlink src/dst: 16 19
number of protected paths set: 15
needed_slices: 26
paths: {0 12}
slices required:
{2 2}
slices start:
{14 9}
tuples:
{12 12}
dist: 490
dist: 707

vlink src/dst: 6 12
number of protected paths set: 3
needed_slices: 153
paths: {0 0 0 0 6 6 6 6}
slices required:
{2 2 2 3 2 2 2 3}
slices start:
{21 23 25 27 9 21 23 25}
tuples:
{6 6 6 11 6 6 6 11}
dist: 813
dist: 813
dist: 813
dist: 813
dist: 836
dist: 836
dist: 836
dist: 836

vlink src/dst: 8 17
number of protected paths set: 15
needed_slices: 37
paths: {1 1 3 3}
slices required:
{2 2 2 3}
slices start:
{11 19 0 28}
tuples:
{20 20 12 27}
dist: 259
dist: 259
dist: 319
dist: 319

vlink src/dst: 3 17
number of protected paths set: 15
needed_slices: 52
paths: {0 1 5 5}
slices required:
{2 3 2 4}
slices start:
{21 28 2 31}
tuples:
{20 27 12 34}
dist: 282
dist: 304
dist: 389
dist: 389

vlink src/dst: 1 18
number of protected paths set: 3
needed_slices: 126
paths: {4 4 4 11 11 11}
slices required:
{2 2 3 2 2 3}
slices start:
{4 6 31 17 35 37}
tuples:
{6 6 11 6 6 11}
dist: 826
dist: 826
dist: 826
dist: 874
dist: 874
dist: 874

vlink src/dst: 0 13
number of protected paths set: 15
needed_slices: 56
paths: {0 14 14}
slices required:
{3 2 2}
slices start:
{23 11 16}
tuples:
{17 6 6}
dist: 570
dist: 842
dist: 842

vlink src/dst: 11 18
number of protected paths set: 15
needed_slices: 96
paths: {3 3 3 8 8 8}
slices required:
{2 2 2 2 2 2}
slices start:
{40 42 44 18 28 34}
tuples:
{12 12 12 12 12 12}
dist: 734
dist: 734
dist: 734
dist: 768
dist: 768
dist: 768

vlink src/dst: 4 5
number of protected paths set: 3
needed_slices: 28
paths: {2 7}
slices required:
{2 2}
slices start:
{46 30}
tuples:
{12 12}
dist: 690
dist: 728

vlink src/dst: 2 8
number of protected paths set: 15
needed_slices: 40
paths: {1 1 3 3}
slices required:
{2 3 2 3}
slices start:
{0 8 26 36}
tuples:
{12 27 12 27}
dist: 315
dist: 315
dist: 342
dist: 342

vlink src/dst: 0 2
number of protected paths set: 15
needed_slices: 36
paths: {2 11}
slices required:
{2 2}
slices start:
{48 39}
tuples:
{12 6}
dist: 705
dist: 827

vlink src/dst: 1 14
number of protected paths set: 3
needed_slices: 24
paths: {0 5}
slices required:
{2 3}
slices start:
{2 31}
tuples:
{20 17}
dist: 227
dist: 539

vlink src/dst: 14 15
number of protected paths set: 15
needed_slices: 12
paths: {0 4}
slices required:
{2 2}
slices start:
{3 13}
tuples:
{20 12}
dist: 205
dist: 332

vlink src/dst: 5 11
number of protected paths set: 15
needed_slices: 32
paths: {0 0 4 4}
slices required:
{2 2 2 3}
slices start:
{11 13 8 20}
tuples:
{20 20 12 18}
dist: 275
dist: 275
dist: 417
dist: 417

vlink src/dst: 12 19
number of protected paths set: 3
needed_slices: 40
paths: {1 1 3 3}
slices required:
{2 3 2 3}
slices start:
{0 2 0 2}
tuples:
{12 17 12 17}
dist: 538
dist: 538
dist: 570
dist: 570
16 second(s) taken for solution
17 second(s) taken in total
cost = 1048

