
2 second(s) taken for initialization

vlink src/dst: 7 18
number of protected paths set: 15
needed_slices: 39
paths: {1 3}
slices required:
{3 3}
slices start:
{0 0}
tuples:
{17 17}
dist: 571
dist: 579

vlink src/dst: 7 14
number of protected paths set: 15
needed_slices: 72
paths: {1 1 1 11 11 11}
slices required:
{2 2 2 2 2 2}
slices start:
{3 5 7 3 5 7}
tuples:
{12 12 12 12 12 12}
dist: 441
dist: 441
dist: 441
dist: 567
dist: 567
dist: 567

vlink src/dst: 4 5
number of protected paths set: 15
needed_slices: 24
paths: {0 7}
slices required:
{2 2}
slices start:
{9 9}
tuples:
{12 12}
dist: 560
dist: 600

vlink src/dst: 9 10
number of protected paths set: 15
needed_slices: 12
paths: {0 3}
slices required:
{2 2}
slices start:
{11 0}
tuples:
{20 20}
dist: 123
dist: 268

vlink src/dst: 0 19
number of protected paths set: 3
needed_slices: 72
paths: {0 1 1 13 13 15}
slices required:
{2 2 2 2 2 2}
slices start:
{13 2 4 15 17 11}
tuples:
{12 12 12 12 12 12}
dist: 354
dist: 365
dist: 365
dist: 526
dist: 526
dist: 535

vlink src/dst: 5 18
number of protected paths set: 15
needed_slices: 12
paths: {0 0 1 1}
slices required:
{2 2 2 2}
slices start:
{3 5 6 13}
tuples:
{29 29 20 20}
dist: 56
dist: 56
dist: 171
dist: 171

vlink src/dst: 1 11
number of protected paths set: 3
needed_slices: 55
paths: {0 0 8 8}
slices required:
{2 2 2 3}
slices start:
{19 21 19 21}
tuples:
{20 20 12 18}
dist: 255
dist: 255
dist: 404
dist: 404

vlink src/dst: 6 11
number of protected paths set: 3
needed_slices: 60
paths: {2 2 17 17}
slices required:
{2 2 2 2}
slices start:
{23 25 24 26}
tuples:
{12 12 12 12}
dist: 600
dist: 600
dist: 752
dist: 752

vlink src/dst: 6 14
number of protected paths set: 15
needed_slices: 92
paths: {0 2 2 12 12 12 12}
slices required:
{2 2 2 2 2 2 2}
slices start:
{27 29 31 6 13 15 17}
tuples:
{12 12 12 12 12 12 12}
dist: 537
dist: 555
dist: 555
dist: 714
dist: 714
dist: 714
dist: 714

vlink src/dst: 2 3
number of protected paths set: 15
needed_slices: 46
paths: {0 15 16}
slices required:
{2 2 2}
slices start:
{28 8 0}
tuples:
{12 12 12}
dist: 492
dist: 644
dist: 750

vlink src/dst: 2 15
number of protected paths set: 15
needed_slices: 24
paths: {0 11}
slices required:
{2 2}
slices start:
{13 30}
tuples:
{12 12}
dist: 552
dist: 752

vlink src/dst: 12 13
number of protected paths set: 15
needed_slices: 36
paths: {0 11 16}
slices required:
{2 2 2}
slices start:
{9 32 32}
tuples:
{12 12 12}
dist: 398
dist: 613
dist: 795

vlink src/dst: 9 17
number of protected paths set: 15
needed_slices: 28
paths: {0 9}
slices required:
{2 2}
slices start:
{34 3}
tuples:
{12 12}
dist: 498
dist: 593

vlink src/dst: 1 8
number of protected paths set: 3
needed_slices: 90
paths: {1 1 1 11 11 11}
slices required:
{2 2 2 2 2 2}
slices start:
{11 15 17 36 38 40}
tuples:
{12 12 12 12 12 12}
dist: 606
dist: 606
dist: 606
dist: 719
dist: 719
dist: 719

vlink src/dst: 3 10
number of protected paths set: 15
needed_slices: 32
paths: {0 0 1 1}
slices required:
{2 2 2 2}
slices start:
{2 4 2 4}
tuples:
{20 20 20 20}
dist: 215
dist: 215
dist: 233
dist: 233

vlink src/dst: 16 19
number of protected paths set: 3
needed_slices: 16
paths: {0 2}
slices required:
{2 2}
slices start:
{2 19}
tuples:
{20 12}
dist: 194
dist: 643

vlink src/dst: 0 4
number of protected paths set: 15
needed_slices: 60
paths: {6 6 9 9 11 11}
slices required:
{2 2 2 2 2 2}
slices start:
{13 23 0 2 6 23}
tuples:
{12 12 12 12 12 12}
dist: 526
dist: 526
dist: 553
dist: 553
dist: 564
dist: 564

vlink src/dst: 8 15
number of protected paths set: 3
needed_slices: 72
paths: {1 1 1 5 5 5}
slices required:
{2 2 2 2 2 2}
slices start:
{13 19 21 19 21 33}
tuples:
{12 12 12 12 12 12}
dist: 609
dist: 609
dist: 609
dist: 689
dist: 689
dist: 689

vlink src/dst: 13 16
number of protected paths set: 3
needed_slices: 51
paths: {0 0 16 16 16}
slices required:
{2 3 2 2 2}
slices start:
{11 15 25 30 34}
tuples:
{12 27 12 12 12}
dist: 322
dist: 322
dist: 762
dist: 762
dist: 762

vlink src/dst: 12 17
number of protected paths set: 15
needed_slices: 27
paths: {0 5}
slices required:
{3 3}
slices start:
{8 10}
tuples:
{27 18}
dist: 334
dist: 437
13 second(s) taken for solution
15 second(s) taken in total
cost = 920

