
3 second(s) taken for initialization

vlink src/dst: 2 11
number of protected paths set: 3
needed_slices: 38
paths: {0 18}
slices required:
{2 3}
slices start:
{0 0}
tuples:
{12 11}
dist: 678
dist: 871

vlink src/dst: 8 14
number of protected paths set: 3
needed_slices: 96
paths: {14 14 14 16 16 16}
slices required:
{2 2 2 2 2 2}
slices start:
{3 5 7 3 5 7}
tuples:
{12 12 12 12 12 12}
dist: 717
dist: 717
dist: 717
dist: 742
dist: 742
dist: 742

vlink src/dst: 7 14
number of protected paths set: 3
needed_slices: 18
paths: {0 8}
slices required:
{2 2}
slices start:
{9 9}
tuples:
{20 12}
dist: 186
dist: 490

vlink src/dst: 9 18
number of protected paths set: 3
needed_slices: 22
paths: {2 3}
slices required:
{2 2}
slices start:
{3 11}
tuples:
{12 12}
dist: 517
dist: 529

vlink src/dst: 7 15
number of protected paths set: 3
needed_slices: 20
paths: {1 7}
slices required:
{2 2}
slices start:
{11 0}
tuples:
{12 12}
dist: 375
dist: 464

vlink src/dst: 3 11
number of protected paths set: 3
needed_slices: 34
paths: {1 14}
slices required:
{2 2}
slices start:
{13 0}
tuples:
{12 12}
dist: 621
dist: 776

vlink src/dst: 12 18
number of protected paths set: 3
needed_slices: 30
paths: {2 5}
slices required:
{2 2}
slices start:
{15 5}
tuples:
{12 12}
dist: 745
dist: 768

vlink src/dst: 4 16
number of protected paths set: 15
needed_slices: 26
paths: {0 8}
slices required:
{2 2}
slices start:
{17 13}
tuples:
{12 12}
dist: 532
dist: 662

vlink src/dst: 0 19
number of protected paths set: 3
needed_slices: 30
paths: {1 12}
slices required:
{2 2}
slices start:
{2 15}
tuples:
{12 12}
dist: 606
dist: 719

vlink src/dst: 5 8
number of protected paths set: 15
needed_slices: 26
paths: {0 1}
slices required:
{2 2}
slices start:
{19 9}
tuples:
{12 12}
dist: 762
dist: 772

vlink src/dst: 3 5
number of protected paths set: 3
needed_slices: 144
paths: {1 1 1 1 10 10 10 10}
slices required:
{2 2 2 3 2 2 2 3}
slices start:
{11 15 17 19 21 23 25 27}
tuples:
{6 6 6 11 6 6 6 11}
dist: 830
dist: 830
dist: 830
dist: 830
dist: 893
dist: 893
dist: 893
dist: 893

vlink src/dst: 0 4
number of protected paths set: 3
needed_slices: 38
paths: {0 0 3 3 3}
slices required:
{2 3 2 2 3}
slices start:
{0 2 4 6 11}
tuples:
{20 28 12 12 18}
dist: 200
dist: 200
dist: 467
dist: 467
dist: 467

vlink src/dst: 13 17
number of protected paths set: 15
needed_slices: 40
paths: {0 0 3 3}
slices required:
{2 3 2 3}
slices start:
{2 4 7 13}
tuples:
{12 27 12 18}
dist: 381
dist: 381
dist: 414
dist: 414

vlink src/dst: 6 10
number of protected paths set: 15
needed_slices: 28
paths: {0 0 1 2 2}
slices required:
{2 3 2 2 2}
slices start:
{0 22 22 7 9}
tuples:
{20 28 12 12 12}
dist: 135
dist: 135
dist: 423
dist: 424
dist: 424

vlink src/dst: 12 17
number of protected paths set: 15
needed_slices: 12
paths: {0 0 2 2}
slices required:
{2 2 2 2}
slices start:
{3 7 0 2}
tuples:
{20 20 20 20}
dist: 148
dist: 148
dist: 269
dist: 269

vlink src/dst: 2 6
number of protected paths set: 3
needed_slices: 56
paths: {0 0 8 8 8}
slices required:
{2 3 2 2 2}
slices start:
{11 16 30 32 34}
tuples:
{12 17 12 12 12}
dist: 576
dist: 576
dist: 686
dist: 686
dist: 686

vlink src/dst: 9 10
number of protected paths set: 15
needed_slices: 8
paths: {0 1}
slices required:
{2 2}
slices start:
{3 0}
tuples:
{20 20}
dist: 267
dist: 273

vlink src/dst: 15 19
number of protected paths set: 15
needed_slices: 19
paths: {0 0 2 2}
slices required:
{2 2 2 3}
slices start:
{2 4 9 16}
tuples:
{29 29 20 27}
dist: 77
dist: 77
dist: 246
dist: 246

vlink src/dst: 1 16
number of protected paths set: 15
needed_slices: 22
paths: {0 1 1 1}
slices required:
{5 2 2 2}
slices start:
{2 2 4 6}
tuples:
{51 20 20 20}
dist: 142
dist: 210
dist: 210
dist: 210

vlink src/dst: 1 13
number of protected paths set: 15
needed_slices: 34
paths: {0 3 3}
slices required:
{5 3 3}
slices start:
{8 2 19}
tuples:
{51 27 27}
dist: 138
dist: 359
dist: 359
26 second(s) taken for solution
29 second(s) taken in total
cost = 741

