
2 second(s) taken for initialization

vlink src/dst: 0 9
number of protected paths set: 3
needed_slices: 32
paths: {0 12 12}
slices required:
{2 2 2}
slices start:
{0 0 2}
tuples:
{20 12 12}
dist: 299
dist: 603
dist: 603

vlink src/dst: 1 17
number of protected paths set: 15
needed_slices: 12
paths: {0 0 1 1}
slices required:
{2 2 2 2}
slices start:
{2 4 0 2}
tuples:
{20 20 20 20}
dist: 103
dist: 103
dist: 124
dist: 124

vlink src/dst: 1 3
number of protected paths set: 15
needed_slices: 6
paths: {0 1}
slices required:
{2 2}
slices start:
{4 6}
tuples:
{29 20}
dist: 66
dist: 161

vlink src/dst: 16 18
number of protected paths set: 3
needed_slices: 8
paths: {0 1}
slices required:
{2 2}
slices start:
{0 2}
tuples:
{20 12}
dist: 109
dist: 304

vlink src/dst: 3 12
number of protected paths set: 15
needed_slices: 18
paths: {1 2}
slices required:
{2 2}
slices start:
{4 6}
tuples:
{12 12}
dist: 390
dist: 412

vlink src/dst: 12 18
number of protected paths set: 3
needed_slices: 22
paths: {2 3}
slices required:
{2 2}
slices start:
{4 6}
tuples:
{12 12}
dist: 517
dist: 529

vlink src/dst: 0 11
number of protected paths set: 3
needed_slices: 70
paths: {7 7 12 12}
slices required:
{2 3 2 3}
slices start:
{8 10 4 6}
tuples:
{12 17 12 17}
dist: 566
dist: 566
dist: 595
dist: 595

vlink src/dst: 2 6
number of protected paths set: 15
needed_slices: 48
paths: {0 11 13}
slices required:
{2 2 2}
slices start:
{9 13 0}
tuples:
{12 12 6}
dist: 449
dist: 784
dist: 834

vlink src/dst: 6 11
number of protected paths set: 15
needed_slices: 24
paths: {0 14}
slices required:
{2 2}
slices start:
{11 2}
tuples:
{12 12}
dist: 426
dist: 609

vlink src/dst: 4 17
number of protected paths set: 3
needed_slices: 72
paths: {0 0 0 3 3 3}
slices required:
{2 2 2 2 2 2}
slices start:
{2 4 6 13 15 17}
tuples:
{12 12 12 12 12 12}
dist: 509
dist: 509
dist: 509
dist: 592
dist: 592
dist: 592

vlink src/dst: 4 9
number of protected paths set: 3
needed_slices: 20
paths: {0 2}
slices required:
{2 2}
slices start:
{0 19}
tuples:
{12 12}
dist: 446
dist: 519

vlink src/dst: 2 7
number of protected paths set: 15
needed_slices: 44
paths: {5 5 9 9}
slices required:
{2 2 2 2}
slices start:
{4 6 11 13}
tuples:
{12 12 12 12}
dist: 502
dist: 502
dist: 541
dist: 541

vlink src/dst: 14 15
number of protected paths set: 15
needed_slices: 24
paths: {0 10}
slices required:
{2 2}
slices start:
{8 0}
tuples:
{12 12}
dist: 476
dist: 641

vlink src/dst: 8 13
number of protected paths set: 15
needed_slices: 6
paths: {0 1}
slices required:
{2 2}
slices start:
{0 10}
tuples:
{29 20}
dist: 91
dist: 201

vlink src/dst: 8 15
number of protected paths set: 15
needed_slices: 16
paths: {0 0 1 1}
slices required:
{2 2 2 2}
slices start:
{2 10 2 4}
tuples:
{20 20 20 20}
dist: 142
dist: 142
dist: 210
dist: 210

vlink src/dst: 10 16
number of protected paths set: 3
needed_slices: 126
paths: {0 0 0 0 16 16 16 16}
slices required:
{2 2 2 3 2 2 2 3}
slices start:
{0 8 15 17 4 6 15 17}
tuples:
{6 6 6 11 6 6 6 11}
dist: 827
dist: 827
dist: 827
dist: 827
dist: 981
dist: 981
dist: 981
dist: 981

vlink src/dst: 7 19
number of protected paths set: 3
needed_slices: 46
paths: {0 0 3 3 9}
slices required:
{2 3 2 2 2}
slices start:
{12 14 0 2 8}
tuples:
{20 27 12 12 12}
dist: 283
dist: 283
dist: 496
dist: 496
dist: 551

vlink src/dst: 5 19
number of protected paths set: 3
needed_slices: 42
paths: {0 0 1 1}
slices required:
{2 4 2 4}
slices start:
{4 10 17 19}
tuples:
{12 34 12 34}
dist: 335
dist: 335
dist: 384
dist: 384

vlink src/dst: 10 13
number of protected paths set: 3
needed_slices: 50
paths: {0 0 2 2 4 5}
slices required:
{2 2 2 2 2 2}
slices start:
{2 10 20 22 24 0}
tuples:
{12 12 12 12 12 12}
dist: 461
dist: 461
dist: 521
dist: 521
dist: 523
dist: 531

vlink src/dst: 5 14
number of protected paths set: 15
needed_slices: 10
paths: {0 1}
slices required:
{2 2}
slices start:
{0 20}
tuples:
{12 12}
dist: 340
dist: 362
9 second(s) taken for solution
11 second(s) taken in total
cost = 696

