
2 second(s) taken for initialization

vlink src/dst: 6 15
number of protected paths set: 15
needed_slices: 22
paths: {0 5}
slices required:
{2 2}
slices start:
{0 0}
tuples:
{12 12}
dist: 350
dist: 424

vlink src/dst: 5 12
number of protected paths set: 15
needed_slices: 32
paths: {1 1 3 3}
slices required:
{2 2 2 3}
slices start:
{2 4 2 4}
tuples:
{20 20 12 27}
dist: 281
dist: 281
dist: 325
dist: 325

vlink src/dst: 0 6
number of protected paths set: 15
needed_slices: 54
paths: {0 0 10 10 12}
slices required:
{2 3 2 2 2}
slices start:
{7 9 2 4 7}
tuples:
{20 27 12 12 12}
dist: 286
dist: 286
dist: 477
dist: 477
dist: 483

vlink src/dst: 4 12
number of protected paths set: 3
needed_slices: 24
paths: {0 6}
slices required:
{2 2}
slices start:
{12 12}
tuples:
{12 12}
dist: 482
dist: 561

vlink src/dst: 4 19
number of protected paths set: 3
needed_slices: 147
paths: {0 0 2 15 17 17 17}
slices required:
{2 2 2 3 2 2 2}
slices start:
{14 16 9 18 0 2 4}
tuples:
{12 12 12 11 6 6 6}
dist: 706
dist: 706
dist: 734
dist: 883
dist: 907
dist: 907
dist: 907

vlink src/dst: 0 1
number of protected paths set: 15
needed_slices: 32
paths: {1 12}
slices required:
{2 2}
slices start:
{14 11}
tuples:
{12 12}
dist: 525
dist: 678

vlink src/dst: 3 13
number of protected paths set: 3
needed_slices: 114
paths: {0 0 0 19 19 19 19}
slices required:
{2 2 2 2 2 2 2}
slices start:
{9 16 18 0 2 4 6}
tuples:
{12 12 12 6 6 6 6}
dist: 683
dist: 683
dist: 683
dist: 1040
dist: 1040
dist: 1040
dist: 1040

vlink src/dst: 7 14
number of protected paths set: 15
needed_slices: 16
paths: {1 2}
slices required:
{2 2}
slices start:
{6 0}
tuples:
{20 20}
dist: 281
dist: 294

vlink src/dst: 11 15
number of protected paths set: 15
needed_slices: 64
paths: {0 0 12 12}
slices required:
{2 2 2 2}
slices start:
{13 15 21 23}
tuples:
{12 12 12 12}
dist: 503
dist: 503
dist: 639
dist: 639

vlink src/dst: 3 7
number of protected paths set: 15
needed_slices: 18
paths: {0 0 1 1}
slices required:
{2 2 2 3}
slices start:
{0 2 2 4}
tuples:
{20 20 12 27}
dist: 142
dist: 142
dist: 307
dist: 307

vlink src/dst: 9 19
number of protected paths set: 3
needed_slices: 136
paths: {3 3 3 3 9 9 9 9}
slices required:
{2 2 2 2 2 2 2 2}
slices start:
{0 2 4 11 7 9 11 13}
tuples:
{6 6 6 6 6 6 6 6}
dist: 911
dist: 911
dist: 911
dist: 911
dist: 943
dist: 943
dist: 943
dist: 943

vlink src/dst: 2 8
number of protected paths set: 3
needed_slices: 35
paths: {1 10}
slices required:
{2 3}
slices start:
{25 8}
tuples:
{12 11}
dist: 785
dist: 850

vlink src/dst: 14 16
number of protected paths set: 3
needed_slices: 22
paths: {0 4}
slices required:
{2 2}
slices start:
{13 25}
tuples:
{12 12}
dist: 528
dist: 577

vlink src/dst: 1 2
number of protected paths set: 3
needed_slices: 44
paths: {0 0 5 5 7}
slices required:
{2 3 2 2 2}
slices start:
{0 2 16 27 21}
tuples:
{20 27 12 12 12}
dist: 205
dist: 205
dist: 519
dist: 519
dist: 658

vlink src/dst: 10 18
number of protected paths set: 15
needed_slices: 14
paths: {0 1}
slices required:
{2 2}
slices start:
{15 6}
tuples:
{12 12}
dist: 356
dist: 380

vlink src/dst: 11 17
number of protected paths set: 15
needed_slices: 14
paths: {0 7}
slices required:
{2 2}
slices start:
{11 23}
tuples:
{20 12}
dist: 218
dist: 652

vlink src/dst: 5 16
number of protected paths set: 3
needed_slices: 20
paths: {0 5}
slices required:
{2 2}
slices start:
{21 15}
tuples:
{12 12}
dist: 379
dist: 502

vlink src/dst: 13 18
number of protected paths set: 3
needed_slices: 40
paths: {0 0 3 3 3}
slices required:
{2 2 2 2 2}
slices start:
{11 13 11 17 19}
tuples:
{20 20 12 12 12}
dist: 283
dist: 283
dist: 496
dist: 496
dist: 496

vlink src/dst: 10 17
number of protected paths set: 15
needed_slices: 28
paths: {0 0 1 2 2}
slices required:
{2 3 2 2 2}
slices start:
{18 29 17 0 2}
tuples:
{20 28 12 12 12}
dist: 135
dist: 135
dist: 423
dist: 424
dist: 424

vlink src/dst: 8 9
number of protected paths set: 3
needed_slices: 34
paths: {0 0 4 6 6}
slices required:
{2 3 2 2 2}
slices start:
{6 13 17 21 23}
tuples:
{20 27 12 12 12}
dist: 237
dist: 237
dist: 527
dist: 556
dist: 556
14 second(s) taken for solution
16 second(s) taken in total
cost = 910

