
7 second(s) taken for initialization

vlink src/dst: 3 4
number of protected paths set: 15
needed_slices: 12
paths: {0 3}
slices required:
{2 2}
slices start:
{0 0}
tuples:
{20 12}
dist: 127
dist: 369

vlink src/dst: 9 15
number of protected paths set: 15
needed_slices: 33
paths: {0 2}
slices required:
{3 3}
slices start:
{2 2}
tuples:
{18 17}
dist: 485
dist: 506

vlink src/dst: 3 17
number of protected paths set: 15
needed_slices: 8
paths: {0 1}
slices required:
{2 2}
slices start:
{5 0}
tuples:
{29 20}
dist: 45
dist: 271

vlink src/dst: 1 17
number of protected paths set: 15
needed_slices: 12
paths: {0 1}
slices required:
{2 2}
slices start:
{7 2}
tuples:
{20 12}
dist: 241
dist: 303

vlink src/dst: 12 15
number of protected paths set: 3
needed_slices: 122
paths: {0 1 1 13 13 13 13}
slices required:
{2 2 2 2 2 2 2}
slices start:
{9 11 13 0 4 6 8}
tuples:
{12 12 12 12 12 12 12}
dist: 631
dist: 642
dist: 642
dist: 749
dist: 749
dist: 749
dist: 749

vlink src/dst: 2 14
number of protected paths set: 15
needed_slices: 21
paths: {0 4}
slices required:
{3 3}
slices start:
{10 15}
tuples:
{28 27}
dist: 157
dist: 389

vlink src/dst: 11 14
number of protected paths set: 3
needed_slices: 155
paths: {1 1 2 9 13 13 13}
slices required:
{2 2 3 3 2 2 2}
slices start:
{13 15 18 17 21 23 25}
tuples:
{12 12 11 11 6 6 6}
dist: 766
dist: 766
dist: 816
dist: 873
dist: 912
dist: 912
dist: 912

vlink src/dst: 5 13
number of protected paths set: 15
needed_slices: 32
paths: {0 0 1 1}
slices required:
{2 2 2 3}
slices start:
{20 22 2 4}
tuples:
{20 20 12 27}
dist: 270
dist: 270
dist: 354
dist: 354

vlink src/dst: 0 6
number of protected paths set: 15
needed_slices: 8
paths: {0 1}
slices required:
{2 2}
slices start:
{0 0}
tuples:
{29 20}
dist: 67
dist: 201

vlink src/dst: 4 9
number of protected paths set: 15
needed_slices: 42
paths: {0 0 7 7}
slices required:
{2 2 2 3}
slices start:
{0 5 5 15}
tuples:
{20 20 12 27}
dist: 257
dist: 257
dist: 390
dist: 390

vlink src/dst: 6 16
number of protected paths set: 15
needed_slices: 48
paths: {0 0 8 8 12 12}
slices required:
{2 2 2 2 2 2}
slices start:
{11 13 7 18 0 27}
tuples:
{20 20 12 12 12 12}
dist: 218
dist: 218
dist: 436
dist: 436
dist: 491
dist: 491

vlink src/dst: 5 7
number of protected paths set: 15
needed_slices: 20
paths: {0 0 1 1}
slices required:
{2 2 2 2}
slices start:
{0 2 24 26}
tuples:
{20 20 20 20}
dist: 229
dist: 229
dist: 292
dist: 292

vlink src/dst: 7 16
number of protected paths set: 15
needed_slices: 54
paths: {0 0 0 2 2 2}
slices required:
{2 2 2 2 2 2}
slices start:
{2 4 6 15 27 29}
tuples:
{12 12 12 12 12 12}
dist: 513
dist: 513
dist: 513
dist: 550
dist: 550
dist: 550

vlink src/dst: 12 13
number of protected paths set: 3
needed_slices: 18
paths: {1 2}
slices required:
{2 2}
slices start:
{2 0}
tuples:
{12 12}
dist: 329
dist: 347

vlink src/dst: 8 10
number of protected paths set: 3
needed_slices: 60
paths: {2 2 5 5}
slices required:
{2 2 2 2}
slices start:
{11 31 9 11}
tuples:
{12 12 12 12}
dist: 745
dist: 745
dist: 768
dist: 768

vlink src/dst: 0 8
number of protected paths set: 3
needed_slices: 54
paths: {0 0 11 11 11}
slices required:
{2 2 2 2 2}
slices start:
{0 9 2 4 15}
tuples:
{20 20 12 12 12}
dist: 298
dist: 298
dist: 507
dist: 507
dist: 507

vlink src/dst: 1 11
number of protected paths set: 3
needed_slices: 20
paths: {1 3}
slices required:
{2 2}
slices start:
{33 21}
tuples:
{12 12}
dist: 547
dist: 560

vlink src/dst: 2 19
number of protected paths set: 3
needed_slices: 32
paths: {0 0 2 2}
slices required:
{2 2 2 3}
slices start:
{0 2 28 30}
tuples:
{20 20 12 27}
dist: 298
dist: 298
dist: 360
dist: 360

vlink src/dst: 18 19
number of protected paths set: 3
needed_slices: 26
paths: {5 6}
slices required:
{2 2}
slices start:
{33 4}
tuples:
{12 12}
dist: 699
dist: 730

vlink src/dst: 10 18
number of protected paths set: 15
needed_slices: 15
paths: {0 1}
slices required:
{3 3}
slices start:
{0 0}
tuples:
{27 27}
dist: 314
dist: 367
12 second(s) taken for solution
19 second(s) taken in total
cost = 792

