
2 second(s) taken for initialization

vlink src/dst: 4 12
number of protected paths set: 3
needed_slices: 24
paths: {1 13}
slices required:
{2 2}
slices start:
{0 0}
tuples:
{12 12}
dist: 582
dist: 740

vlink src/dst: 13 18
number of protected paths set: 3
needed_slices: 39
paths: {1 4 4}
slices required:
{3 2 2}
slices start:
{2 2 4}
tuples:
{17 12 12}
dist: 547
dist: 603
dist: 603

vlink src/dst: 2 14
number of protected paths set: 3
needed_slices: 42
paths: {1 9 9}
slices required:
{3 2 2}
slices start:
{6 6 8}
tuples:
{17 12 12}
dist: 527
dist: 691
dist: 691

vlink src/dst: 3 18
number of protected paths set: 3
needed_slices: 68
paths: {1 1 15 15}
slices required:
{2 2 2 2}
slices start:
{6 8 9 11}
tuples:
{12 12 12 12}
dist: 621
dist: 621
dist: 776
dist: 776

vlink src/dst: 10 16
number of protected paths set: 15
needed_slices: 14
paths: {1 5}
slices required:
{2 2}
slices start:
{0 10}
tuples:
{12 12}
dist: 345
dist: 423

vlink src/dst: 7 10
number of protected paths set: 3
needed_slices: 60
paths: {1 1 11 11 11}
slices required:
{2 3 2 2 2}
slices start:
{2 13 12 14 16}
tuples:
{12 17 12 12 12}
dist: 582
dist: 582
dist: 652
dist: 652
dist: 652

vlink src/dst: 0 4
number of protected paths set: 15
needed_slices: 60
paths: {0 0 0 2 2 2}
slices required:
{2 2 2 2 2 2}
slices start:
{18 20 22 9 18 20}
tuples:
{12 12 12 12 12 12}
dist: 442
dist: 442
dist: 442
dist: 546
dist: 546
dist: 546

vlink src/dst: 8 12
number of protected paths set: 3
needed_slices: 30
paths: {3 14}
slices required:
{2 2}
slices start:
{6 16}
tuples:
{12 12}
dist: 455
dist: 740

vlink src/dst: 2 17
number of protected paths set: 3
needed_slices: 42
paths: {0 0 5 5}
slices required:
{2 2 2 3}
slices start:
{13 15 4 24}
tuples:
{20 20 12 17}
dist: 227
dist: 227
dist: 539
dist: 539

vlink src/dst: 11 17
number of protected paths set: 15
needed_slices: 78
paths: {0 0 0 8 8 8}
slices required:
{2 2 2 2 2 2}
slices start:
{18 20 22 0 2 4}
tuples:
{12 12 12 12 12 12}
dist: 609
dist: 609
dist: 609
dist: 701
dist: 701
dist: 701

vlink src/dst: 0 11
number of protected paths set: 15
needed_slices: 32
paths: {7 8}
slices required:
{2 2}
slices start:
{11 6}
tuples:
{12 12}
dist: 600
dist: 610

vlink src/dst: 6 7
number of protected paths set: 3
needed_slices: 90
paths: {0 0 0 3 3 3}
slices required:
{2 2 2 2 2 2}
slices start:
{0 24 26 24 26 28}
tuples:
{12 12 12 12 12 12}
dist: 765
dist: 765
dist: 765
dist: 788
dist: 788
dist: 788

vlink src/dst: 1 13
number of protected paths set: 15
needed_slices: 30
paths: {0 0 0 2 2}
slices required:
{2 2 2 3 3}
slices start:
{2 4 6 2 5}
tuples:
{20 20 20 27 27}
dist: 232
dist: 232
dist: 232
dist: 327
dist: 327

vlink src/dst: 3 15
number of protected paths set: 15
needed_slices: 19
paths: {0 0 2 2}
slices required:
{2 2 2 3}
slices start:
{0 2 13 15}
tuples:
{29 29 20 27}
dist: 82
dist: 82
dist: 227
dist: 227

vlink src/dst: 8 9
number of protected paths set: 15
needed_slices: 20
paths: {0 0 1 1}
slices required:
{2 3 2 3}
slices start:
{0 2 0 2}
tuples:
{20 28 20 28}
dist: 168
dist: 168
dist: 184
dist: 184

vlink src/dst: 6 15
number of protected paths set: 15
needed_slices: 6
paths: {0 1}
slices required:
{2 2}
slices start:
{8 0}
tuples:
{29 20}
dist: 66
dist: 161

vlink src/dst: 1 9
number of protected paths set: 15
needed_slices: 24
paths: {1 13}
slices required:
{2 2}
slices start:
{10 2}
tuples:
{12 12}
dist: 435
dist: 588

vlink src/dst: 5 16
number of protected paths set: 15
needed_slices: 42
paths: {0 0 0 1 1 1}
slices required:
{2 2 2 2 2 2}
slices start:
{0 22 30 4 6 8}
tuples:
{12 12 12 12 12 12}
dist: 425
dist: 425
dist: 425
dist: 439
dist: 439
dist: 439

vlink src/dst: 14 19
number of protected paths set: 3
needed_slices: 61
paths: {0 0 1 3 3 3}
slices required:
{2 2 2 2 2 3}
slices start:
{0 8 10 13 15 28}
tuples:
{12 12 12 12 12 17}
dist: 488
dist: 488
dist: 526
dist: 595
dist: 595
dist: 595

vlink src/dst: 5 19
number of protected paths set: 3
needed_slices: 35
paths: {0 9 9}
slices required:
{3 2 2}
slices start:
{12 8 31}
tuples:
{17 12 12}
dist: 519
dist: 682
dist: 682
17 second(s) taken for solution
19 second(s) taken in total
cost = 816

