
3 second(s) taken for initialization

vlink src/dst: 5 9
number of protected paths set: 15
needed_slices: 45
paths: {2 2 4 4}
slices required:
{2 3 2 3}
slices start:
{0 2 0 2}
tuples:
{12 27 12 18}
dist: 398
dist: 398
dist: 451
dist: 451

vlink src/dst: 10 16
number of protected paths set: 3
needed_slices: 84
paths: {0 1 1 13 14 14}
slices required:
{2 2 2 2 2 2}
slices start:
{5 7 9 5 7 9}
tuples:
{12 12 12 12 12 12}
dist: 482
dist: 483
dist: 483
dist: 654
dist: 655
dist: 655

vlink src/dst: 10 12
number of protected paths set: 3
needed_slices: 43
paths: {1 17}
slices required:
{2 3}
slices start:
{11 11}
tuples:
{12 11}
dist: 632
dist: 869

vlink src/dst: 1 5
number of protected paths set: 15
needed_slices: 14
paths: {0 4}
slices required:
{2 2}
slices start:
{14 14}
tuples:
{20 12}
dist: 244
dist: 395

vlink src/dst: 3 7
number of protected paths set: 3
needed_slices: 32
paths: {0 0 3 3}
slices required:
{2 2 2 2}
slices start:
{0 2 16 18}
tuples:
{20 20 20 20}
dist: 178
dist: 178
dist: 299
dist: 299

vlink src/dst: 4 7
number of protected paths set: 3
needed_slices: 86
paths: {0 0 0 3 3 5}
slices required:
{2 2 3 2 2 2}
slices start:
{11 20 22 4 6 8}
tuples:
{12 12 18 12 12 12}
dist: 453
dist: 453
dist: 453
dist: 539
dist: 539
dist: 569

vlink src/dst: 2 13
number of protected paths set: 15
needed_slices: 24
paths: {0 2}
slices required:
{2 2}
slices start:
{14 25}
tuples:
{12 12}
dist: 376
dist: 459

vlink src/dst: 1 3
number of protected paths set: 15
needed_slices: 12
paths: {0 1}
slices required:
{2 2}
slices start:
{13 10}
tuples:
{20 20}
dist: 176
dist: 219

vlink src/dst: 8 11
number of protected paths set: 15
needed_slices: 8
paths: {0 2}
slices required:
{2 2}
slices start:
{0 0}
tuples:
{20 20}
dist: 173
dist: 268

vlink src/dst: 2 14
number of protected paths set: 15
needed_slices: 26
paths: {2 11}
slices required:
{2 2}
slices start:
{16 20}
tuples:
{12 12}
dist: 555
dist: 714

vlink src/dst: 9 17
number of protected paths set: 15
needed_slices: 72
paths: {1 1 13 13 15}
slices required:
{2 2 2 2 2}
slices start:
{5 7 16 18 0}
tuples:
{12 12 12 12 6}
dist: 625
dist: 625
dist: 702
dist: 702
dist: 812

vlink src/dst: 15 18
number of protected paths set: 15
needed_slices: 20
paths: {0 13}
slices required:
{2 2}
slices start:
{2 2}
tuples:
{20 12}
dist: 241
dist: 511

vlink src/dst: 12 15
number of protected paths set: 15
needed_slices: 56
paths: {0 0 3 5 5}
slices required:
{2 4 2 2 2}
slices start:
{9 22 11 13 15}
tuples:
{12 34 12 12 12}
dist: 334
dist: 334
dist: 417
dist: 437
dist: 437

vlink src/dst: 0 8
number of protected paths set: 15
needed_slices: 66
paths: {0 0 1 7 9 9}
slices required:
{2 2 3 3 2 2}
slices start:
{2 18 22 4 2 7}
tuples:
{12 12 18 17 12 12}
dist: 449
dist: 449
dist: 491
dist: 584
dist: 614
dist: 614

vlink src/dst: 11 13
number of protected paths set: 15
needed_slices: 50
paths: {0 0 9 9 9}
slices required:
{2 3 2 2 2}
slices start:
{20 25 9 13 27}
tuples:
{12 27 12 12 12}
dist: 351
dist: 351
dist: 599
dist: 599
dist: 599

vlink src/dst: 6 16
number of protected paths set: 3
needed_slices: 28
paths: {3 13}
slices required:
{2 2}
slices start:
{13 0}
tuples:
{12 12}
dist: 706
dist: 746

vlink src/dst: 4 14
number of protected paths set: 3
needed_slices: 56
paths: {2 2 8 8}
slices required:
{2 2 2 2}
slices start:
{9 13 28 30}
tuples:
{12 12 6 6}
dist: 790
dist: 790
dist: 842
dist: 842

vlink src/dst: 0 18
number of protected paths set: 15
needed_slices: 36
paths: {0 0 4 4 5}
slices required:
{2 3 2 2 2}
slices start:
{2 4 7 15 26}
tuples:
{20 27 12 12 12}
dist: 248
dist: 248
dist: 401
dist: 401
dist: 403

vlink src/dst: 17 19
number of protected paths set: 15
needed_slices: 8
paths: {0 1}
slices required:
{2 3}
slices start:
{2 9}
tuples:
{29 27}
dist: 100
dist: 291

vlink src/dst: 6 19
number of protected paths set: 3
needed_slices: 28
paths: {0 0 2 2 2}
slices required:
{2 3 2 2 2}
slices start:
{0 2 11 18 20}
tuples:
{12 27 12 12 12}
dist: 322
dist: 322
dist: 403
dist: 403
dist: 403
17 second(s) taken for solution
20 second(s) taken in total
cost = 794

