
2 second(s) taken for initialization

vlink src/dst: 10 18
number of protected paths set: 15
needed_slices: 44
paths: {0 10 18}
slices required:
{2 2 2}
slices start:
{0 0 0}
tuples:
{12 12 6}
dist: 534
dist: 679
dist: 908

vlink src/dst: 1 5
number of protected paths set: 15
needed_slices: 86
paths: {3 3 4 15 15}
slices required:
{2 2 2 2 5}
slices start:
{2 4 6 2 4}
tuples:
{12 12 12 12 32}
dist: 481
dist: 481
dist: 503
dist: 616
dist: 616

vlink src/dst: 7 11
number of protected paths set: 15
needed_slices: 14
paths: {0 6}
slices required:
{2 2}
slices start:
{8 9}
tuples:
{20 12}
dist: 295
dist: 413

vlink src/dst: 8 15
number of protected paths set: 3
needed_slices: 8
paths: {0 1}
slices required:
{2 2}
slices start:
{0 2}
tuples:
{20 20}
dist: 123
dist: 290

vlink src/dst: 4 19
number of protected paths set: 3
needed_slices: 12
paths: {0 1}
slices required:
{2 2}
slices start:
{0 6}
tuples:
{29 12}
dist: 70
dist: 322

vlink src/dst: 9 13
number of protected paths set: 15
needed_slices: 26
paths: {2 7}
slices required:
{2 2}
slices start:
{11 9}
tuples:
{12 12}
dist: 547
dist: 599

vlink src/dst: 3 19
number of protected paths set: 3
needed_slices: 90
paths: {2 2 2 17 17 17}
slices required:
{2 2 2 2 2 2}
slices start:
{6 8 13 0 2 4}
tuples:
{12 12 12 12 12 12}
dist: 600
dist: 600
dist: 600
dist: 752
dist: 752
dist: 752

vlink src/dst: 7 15
number of protected paths set: 3
needed_slices: 18
paths: {1 2}
slices required:
{2 2}
slices start:
{4 15}
tuples:
{12 12}
dist: 360
dist: 425

vlink src/dst: 2 8
number of protected paths set: 3
needed_slices: 30
paths: {0 3}
slices required:
{2 2}
slices start:
{17 2}
tuples:
{12 12}
dist: 583
dist: 617

vlink src/dst: 9 11
number of protected paths set: 15
needed_slices: 56
paths: {0 0 5 5}
slices required:
{2 3 2 4}
slices start:
{10 12 9 13}
tuples:
{20 27 12 34}
dist: 300
dist: 300
dist: 340
dist: 340

vlink src/dst: 0 5
number of protected paths set: 15
needed_slices: 46
paths: {0 0 5 5}
slices required:
{2 3 2 4}
slices start:
{11 17 11 19}
tuples:
{20 28 12 34}
dist: 174
dist: 174
dist: 387
dist: 387

vlink src/dst: 4 6
number of protected paths set: 15
needed_slices: 18
paths: {1 9}
slices required:
{2 2}
slices start:
{13 17}
tuples:
{12 12}
dist: 457
dist: 518

vlink src/dst: 13 14
number of protected paths set: 15
needed_slices: 32
paths: {1 1 2 2}
slices required:
{2 2 2 2}
slices start:
{15 17 0 2}
tuples:
{12 12 12 12}
dist: 371
dist: 371
dist: 411
dist: 411

vlink src/dst: 0 18
number of protected paths set: 15
needed_slices: 33
paths: {0 2 6}
slices required:
{3 3 3}
slices start:
{19 19 15}
tuples:
{27 27 18}
dist: 308
dist: 384
dist: 475

vlink src/dst: 1 12
number of protected paths set: 15
needed_slices: 23
paths: {0 0 1 1}
slices required:
{2 2 2 3}
slices start:
{11 13 11 22}
tuples:
{20 20 12 27}
dist: 194
dist: 194
dist: 368
dist: 368

vlink src/dst: 10 17
number of protected paths set: 15
needed_slices: 18
paths: {0 6}
slices required:
{2 2}
slices start:
{20 8}
tuples:
{20 12}
dist: 262
dist: 414

vlink src/dst: 14 16
number of protected paths set: 15
needed_slices: 50
paths: {0 0 2 2}
slices required:
{2 3 2 3}
slices start:
{0 2 4 23}
tuples:
{12 27 12 27}
dist: 367
dist: 367
dist: 391
dist: 391

vlink src/dst: 6 12
number of protected paths set: 15
needed_slices: 6
paths: {0 1}
slices required:
{2 2}
slices start:
{0 2}
tuples:
{29 12}
dist: 59
dist: 323

vlink src/dst: 16 17
number of protected paths set: 15
needed_slices: 30
paths: {0 0 1 1}
slices required:
{2 3 2 3}
slices start:
{6 8 5 7}
tuples:
{20 28 20 27}
dist: 191
dist: 191
dist: 246
dist: 246

vlink src/dst: 2 3
number of protected paths set: 3
needed_slices: 90
paths: {0 1 1 14 14 15}
slices required:
{2 2 2 2 2 3}
slices start:
{11 13 15 22 24 26}
tuples:
{12 12 12 12 12 11}
dist: 456
dist: 513
dist: 513
dist: 769
dist: 769
dist: 823
16 second(s) taken for solution
18 second(s) taken in total
cost = 730

