
2 second(s) taken for initialization

vlink src/dst: 11 15
number of protected paths set: 3
needed_slices: 37
paths: {1 1 2 2}
slices required:
{2 2 2 3}
slices start:
{0 2 0 2}
tuples:
{20 20 12 27}
dist: 285
dist: 285
dist: 376
dist: 376

vlink src/dst: 7 19
number of protected paths set: 3
needed_slices: 48
paths: {0 0 12 12 12}
slices required:
{2 2 2 2 2}
slices start:
{4 6 5 7 9}
tuples:
{20 20 12 12 12}
dist: 289
dist: 289
dist: 561
dist: 561
dist: 561

vlink src/dst: 1 11
number of protected paths set: 3
needed_slices: 21
paths: {0 8}
slices required:
{2 3}
slices start:
{5 11}
tuples:
{20 18}
dist: 120
dist: 407

vlink src/dst: 10 15
number of protected paths set: 15
needed_slices: 78
paths: {0 0 0 11 11 11}
slices required:
{2 2 2 2 2 2}
slices start:
{14 16 18 11 13 15}
tuples:
{12 12 12 12 12 12}
dist: 609
dist: 609
dist: 609
dist: 701
dist: 701
dist: 701

vlink src/dst: 2 17
number of protected paths set: 15
needed_slices: 22
paths: {1 9}
slices required:
{2 2}
slices start:
{7 17}
tuples:
{12 12}
dist: 421
dist: 518

vlink src/dst: 14 17
number of protected paths set: 3
needed_slices: 102
paths: {0 0 0 0 2 3 3}
slices required:
{2 2 2 2 2 2 2}
slices start:
{20 22 24 26 9 20 22}
tuples:
{12 12 12 12 12 12 12}
dist: 765
dist: 765
dist: 765
dist: 765
dist: 785
dist: 788
dist: 788

vlink src/dst: 8 19
number of protected paths set: 15
needed_slices: 26
paths: {0 13}
slices required:
{2 2}
slices start:
{28 0}
tuples:
{12 12}
dist: 490
dist: 707

vlink src/dst: 7 12
number of protected paths set: 3
needed_slices: 60
paths: {2 2 5 5}
slices required:
{2 2 2 2}
slices start:
{24 26 30 32}
tuples:
{12 12 12 12}
dist: 745
dist: 745
dist: 768
dist: 768

vlink src/dst: 3 16
number of protected paths set: 15
needed_slices: 32
paths: {2 9}
slices required:
{2 2}
slices start:
{2 0}
tuples:
{12 12}
dist: 718
dist: 776

vlink src/dst: 0 6
number of protected paths set: 15
needed_slices: 23
paths: {0 0 2 2}
slices required:
{2 2 2 3}
slices start:
{2 4 0 2}
tuples:
{20 20 12 27}
dist: 196
dist: 196
dist: 335
dist: 335

vlink src/dst: 9 12
number of protected paths set: 3
needed_slices: 26
paths: {4 11}
slices required:
{2 2}
slices start:
{6 5}
tuples:
{12 12}
dist: 565
dist: 656

vlink src/dst: 1 4
number of protected paths set: 3
needed_slices: 39
paths: {1 18 18}
slices required:
{3 2 2}
slices start:
{7 5 11}
tuples:
{18 12 12}
dist: 429
dist: 682
dist: 682

vlink src/dst: 2 6
number of protected paths set: 15
needed_slices: 10
paths: {0 2}
slices required:
{2 2}
slices start:
{7 4}
tuples:
{20 20}
dist: 204
dist: 220

vlink src/dst: 9 10
number of protected paths set: 3
needed_slices: 40
paths: {1 1 6 6}
slices required:
{2 2 2 2}
slices start:
{8 10 2 19}
tuples:
{20 20 12 12}
dist: 271
dist: 271
dist: 402
dist: 402

vlink src/dst: 16 18
number of protected paths set: 15
needed_slices: 12
paths: {0 2}
slices required:
{2 2}
slices start:
{0 0}
tuples:
{20 12}
dist: 233
dist: 353

vlink src/dst: 4 18
number of protected paths set: 3
needed_slices: 15
paths: {0 1}
slices required:
{2 3}
slices start:
{4 2}
tuples:
{20 27}
dist: 284
dist: 301

vlink src/dst: 0 8
number of protected paths set: 15
needed_slices: 14
paths: {0 2}
slices required:
{2 2}
slices start:
{4 2}
tuples:
{12 12}
dist: 308
dist: 384

vlink src/dst: 5 14
number of protected paths set: 3
needed_slices: 8
paths: {0 1}
slices required:
{2 3}
slices start:
{0 0}
tuples:
{20 27}
dist: 141
dist: 349

vlink src/dst: 5 13
number of protected paths set: 15
needed_slices: 39
paths: {0 0 8 8 8}
slices required:
{2 3 2 2 2}
slices start:
{3 5 4 6 11}
tuples:
{12 27 12 12 12}
dist: 399
dist: 399
dist: 563
dist: 563
dist: 563

vlink src/dst: 3 13
number of protected paths set: 15
needed_slices: 25
paths: {0 3 3}
slices required:
{3 2 2}
slices start:
{8 4 6}
tuples:
{27 12 12}
dist: 356
dist: 517
dist: 517
5 second(s) taken for solution
7 second(s) taken in total
cost = 677

