
2 second(s) taken for initialization

vlink src/dst: 6 19
number of protected paths set: 3
needed_slices: 96
paths: {0 2 2 16 16 16 16}
slices required:
{2 2 2 2 2 2 2}
slices start:
{0 2 4 0 2 4 6}
tuples:
{12 12 12 12 12 12 12}
dist: 574
dist: 585
dist: 585
dist: 725
dist: 725
dist: 725
dist: 725

vlink src/dst: 4 19
number of protected paths set: 3
needed_slices: 65
paths: {1 1 16 16 16}
slices required:
{3 3 2 2 3}
slices start:
{6 9 8 10 12}
tuples:
{27 27 12 12 17}
dist: 346
dist: 346
dist: 525
dist: 525
dist: 525

vlink src/dst: 16 17
number of protected paths set: 3
needed_slices: 36
paths: {0 15}
slices required:
{3 3}
slices start:
{2 12}
tuples:
{27 18}
dist: 307
dist: 492

vlink src/dst: 7 10
number of protected paths set: 3
needed_slices: 88
paths: {0 0 15 15 15}
slices required:
{2 3 2 2 2}
slices start:
{15 17 15 17 19}
tuples:
{12 17 12 12 12}
dist: 577
dist: 577
dist: 670
dist: 670
dist: 670

vlink src/dst: 12 13
number of protected paths set: 15
needed_slices: 16
paths: {1 5}
slices required:
{2 2}
slices start:
{12 20}
tuples:
{20 12}
dist: 277
dist: 351

vlink src/dst: 9 12
number of protected paths set: 15
needed_slices: 8
paths: {0 2}
slices required:
{2 2}
slices start:
{21 0}
tuples:
{20 20}
dist: 173
dist: 268

vlink src/dst: 8 11
number of protected paths set: 15
needed_slices: 16
paths: {0 4}
slices required:
{2 2}
slices start:
{0 8}
tuples:
{20 12}
dist: 250
dist: 328

vlink src/dst: 7 13
number of protected paths set: 15
needed_slices: 41
paths: {0 0 5 5}
slices required:
{2 2 2 3}
slices start:
{6 10 0 2}
tuples:
{20 20 12 27}
dist: 248
dist: 248
dist: 363
dist: 363

vlink src/dst: 1 17
number of protected paths set: 3
needed_slices: 80
paths: {0 0 0 2 2 3}
slices required:
{2 2 3 2 2 2}
slices start:
{2 4 6 23 25 27}
tuples:
{12 12 18 12 12 12}
dist: 407
dist: 407
dist: 407
dist: 427
dist: 427
dist: 458

vlink src/dst: 8 15
number of protected paths set: 3
needed_slices: 24
paths: {2 15}
slices required:
{2 2}
slices start:
{6 10}
tuples:
{12 12}
dist: 501
dist: 665

vlink src/dst: 2 11
number of protected paths set: 15
needed_slices: 36
paths: {2 4}
slices required:
{3 3}
slices start:
{20 21}
tuples:
{18 17}
dist: 495
dist: 505

vlink src/dst: 9 14
number of protected paths set: 15
needed_slices: 60
paths: {0 0 0 4 4 4}
slices required:
{2 2 2 2 2 2}
slices start:
{29 31 33 2 4 6}
tuples:
{12 12 12 12 12 12}
dist: 535
dist: 535
dist: 535
dist: 641
dist: 641
dist: 641

vlink src/dst: 4 5
number of protected paths set: 15
needed_slices: 40
paths: {0 0 7 7}
slices required:
{2 3 2 3}
slices start:
{2 4 35 37}
tuples:
{12 18 12 17}
dist: 403
dist: 403
dist: 505
dist: 505

vlink src/dst: 1 2
number of protected paths set: 15
needed_slices: 26
paths: {3 8}
slices required:
{2 2}
slices start:
{0 40}
tuples:
{12 12}
dist: 676
dist: 784

vlink src/dst: 0 16
number of protected paths set: 15
needed_slices: 42
paths: {0 0 11 11 11}
slices required:
{2 2 2 2 2}
slices start:
{0 2 10 12 14}
tuples:
{20 20 12 12 12}
dist: 279
dist: 279
dist: 517
dist: 517
dist: 517

vlink src/dst: 3 15
number of protected paths set: 3
needed_slices: 34
paths: {0 0 1 1 1}
slices required:
{2 2 2 2 2}
slices start:
{0 2 0 2 4}
tuples:
{20 20 12 12 12}
dist: 148
dist: 148
dist: 439
dist: 439
dist: 439

vlink src/dst: 3 18
number of protected paths set: 3
needed_slices: 43
paths: {0 13 13}
slices required:
{3 2 2}
slices start:
{12 8 16}
tuples:
{17 12 12}
dist: 586
dist: 737
dist: 737

vlink src/dst: 6 18
number of protected paths set: 15
needed_slices: 32
paths: {4 10 13}
slices required:
{2 2 2}
slices start:
{18 18 6}
tuples:
{12 12 12}
dist: 538
dist: 601
dist: 633

vlink src/dst: 0 14
number of protected paths set: 15
needed_slices: 28
paths: {0 0 1 1}
slices required:
{2 3 2 4}
slices start:
{8 15 6 12}
tuples:
{20 27 12 34}
dist: 280
dist: 280
dist: 312
dist: 312

vlink src/dst: 5 10
number of protected paths set: 3
needed_slices: 67
paths: {0 0 0 9 9 12}
slices required:
{2 2 3 2 2 2}
slices start:
{2 4 8 20 22 24}
tuples:
{12 12 17 12 12 12}
dist: 519
dist: 519
dist: 519
dist: 682
dist: 682
dist: 690
15 second(s) taken for solution
17 second(s) taken in total
cost = 878

