
5 second(s) taken for initialization

vlink src/dst: 0 17
number of protected paths set: 15
needed_slices: 52
paths: {4 6 17}
slices required:
{2 2 2}
slices start:
{0 0 0}
tuples:
{12 12 6}
dist: 589
dist: 612
dist: 1037

vlink src/dst: 7 15
number of protected paths set: 3
needed_slices: 90
paths: {0 0 0 14 14 14}
slices required:
{2 2 2 2 2 2}
slices start:
{2 4 6 2 4 6}
tuples:
{12 12 12 12 12 12}
dist: 571
dist: 571
dist: 571
dist: 662
dist: 662
dist: 662

vlink src/dst: 0 18
number of protected paths set: 15
needed_slices: 12
paths: {0 0 2 2}
slices required:
{2 2 2 2}
slices start:
{2 4 8 10}
tuples:
{20 20 20 20}
dist: 101
dist: 101
dist: 263
dist: 263

vlink src/dst: 11 16
number of protected paths set: 15
needed_slices: 60
paths: {1 1 3 3 3}
slices required:
{2 3 2 2 2}
slices start:
{8 10 12 14 16}
tuples:
{12 27 12 12 12}
dist: 375
dist: 375
dist: 420
dist: 420
dist: 420

vlink src/dst: 9 15
number of protected paths set: 3
needed_slices: 27
paths: {0 3}
slices required:
{3 3}
slices start:
{18 8}
tuples:
{18 17}
dist: 488
dist: 595

vlink src/dst: 9 18
number of protected paths set: 15
needed_slices: 35
paths: {0 0 2 2}
slices required:
{2 3 2 3}
slices start:
{0 21 2 4}
tuples:
{12 27 12 18}
dist: 384
dist: 384
dist: 485
dist: 485

vlink src/dst: 1 16
number of protected paths set: 15
needed_slices: 14
paths: {0 1}
slices required:
{2 2}
slices start:
{18 13}
tuples:
{20 12}
dist: 189
dist: 301

vlink src/dst: 5 6
number of protected paths set: 15
needed_slices: 24
paths: {0 0 1 1}
slices required:
{2 2 2 2}
slices start:
{0 15 8 10}
tuples:
{20 20 20 20}
dist: 157
dist: 157
dist: 237
dist: 237

vlink src/dst: 3 5
number of protected paths set: 15
needed_slices: 49
paths: {0 0 3 3 3}
slices required:
{2 3 2 2 2}
slices start:
{17 19 2 4 6}
tuples:
{12 27 12 12 12}
dist: 387
dist: 387
dist: 451
dist: 451
dist: 451

vlink src/dst: 1 2
number of protected paths set: 15
needed_slices: 24
paths: {4 5}
slices required:
{2 2}
slices start:
{15 0}
tuples:
{12 12}
dist: 549
dist: 556

vlink src/dst: 6 12
number of protected paths set: 15
needed_slices: 23
paths: {0 0 4 4}
slices required:
{2 2 2 3}
slices start:
{0 12 8 10}
tuples:
{20 20 12 27}
dist: 187
dist: 187
dist: 375
dist: 375

vlink src/dst: 4 17
number of protected paths set: 15
needed_slices: 12
paths: {0 1}
slices required:
{2 2}
slices start:
{12 8}
tuples:
{20 20}
dist: 142
dist: 175

vlink src/dst: 4 8
number of protected paths set: 15
needed_slices: 8
paths: {0 1}
slices required:
{2 2}
slices start:
{0 8}
tuples:
{20 20}
dist: 129
dist: 193

vlink src/dst: 3 7
number of protected paths set: 15
needed_slices: 10
paths: {0 3}
slices required:
{2 2}
slices start:
{13 13}
tuples:
{20 20}
dist: 256
dist: 274

vlink src/dst: 12 13
number of protected paths set: 15
needed_slices: 36
paths: {0 0 6 6}
slices required:
{2 2 2 2}
slices start:
{0 15 10 17}
tuples:
{12 12 12 12}
dist: 419
dist: 419
dist: 564
dist: 564

vlink src/dst: 2 8
number of protected paths set: 15
needed_slices: 18
paths: {0 1}
slices required:
{3 3}
slices start:
{0 2}
tuples:
{28 27}
dist: 180
dist: 256

vlink src/dst: 10 11
number of protected paths set: 3
needed_slices: 56
paths: {0 0 9 9 9}
slices required:
{2 3 2 2 2}
slices start:
{2 4 13 17 19}
tuples:
{12 17 12 12 12}
dist: 544
dist: 544
dist: 739
dist: 739
dist: 739

vlink src/dst: 14 19
number of protected paths set: 15
needed_slices: 50
paths: {0 0 6 6 7}
slices required:
{2 4 2 2 2}
slices start:
{0 2 21 23 5}
tuples:
{12 34 12 12 12}
dist: 344
dist: 344
dist: 486
dist: 486
dist: 487

vlink src/dst: 10 19
number of protected paths set: 3
needed_slices: 20
paths: {0 9}
slices required:
{2 2}
slices start:
{6 19}
tuples:
{12 12}
dist: 485
dist: 630

vlink src/dst: 13 14
number of protected paths set: 15
needed_slices: 10
paths: {0 1}
slices required:
{2 2}
slices start:
{0 2}
tuples:
{12 12}
dist: 340
dist: 362
10 second(s) taken for solution
15 second(s) taken in total
cost = 630

