
1 second(s) taken for initialization

vlink src/dst: 12 18
number of protected paths set: 15
needed_slices: 24
paths: {0 0 1 1}
slices required:
{2 2 2 2}
slices start:
{0 2 0 2}
tuples:
{20 20 20 20}
dist: 139
dist: 139
dist: 177
dist: 177

vlink src/dst: 2 6
number of protected paths set: 15
needed_slices: 116
paths: {0 1 1 13 13 13 13}
slices required:
{2 2 2 2 2 2 2}
slices start:
{4 6 8 0 2 4 6}
tuples:
{12 12 12 12 12 12 12}
dist: 548
dist: 570
dist: 570
dist: 723
dist: 723
dist: 723
dist: 723

vlink src/dst: 12 19
number of protected paths set: 15
needed_slices: 32
paths: {0 0 1 1}
slices required:
{2 2 2 2}
slices start:
{10 12 4 6}
tuples:
{20 20 20 20}
dist: 215
dist: 215
dist: 233
dist: 233

vlink src/dst: 4 14
number of protected paths set: 3
needed_slices: 68
paths: {1 1 19 19}
slices required:
{2 2 2 3}
slices start:
{6 8 0 10}
tuples:
{12 12 6 11}
dist: 539
dist: 539
dist: 841
dist: 841

vlink src/dst: 13 16
number of protected paths set: 15
needed_slices: 45
paths: {0 0 2 2}
slices required:
{2 3 2 3}
slices start:
{8 10 14 16}
tuples:
{12 27 12 27}
dist: 301
dist: 301
dist: 352
dist: 352

vlink src/dst: 14 18
number of protected paths set: 15
needed_slices: 48
paths: {1 1 5 5 5}
slices required:
{2 2 2 2 2}
slices start:
{19 21 4 13 15}
tuples:
{20 20 12 12 12}
dist: 266
dist: 266
dist: 406
dist: 406
dist: 406

vlink src/dst: 1 3
number of protected paths set: 15
needed_slices: 19
paths: {0 0 2 2}
slices required:
{2 2 2 3}
slices start:
{0 2 23 25}
tuples:
{29 29 20 27}
dist: 62
dist: 62
dist: 261
dist: 261

vlink src/dst: 0 2
number of protected paths set: 15
needed_slices: 22
paths: {0 12}
slices required:
{2 2}
slices start:
{23 13}
tuples:
{12 12}
dist: 332
dist: 709

vlink src/dst: 6 9
number of protected paths set: 3
needed_slices: 120
paths: {0 0 0 19 19 19 19}
slices required:
{2 2 2 2 2 2 2}
slices start:
{2 13 15 8 10 12 14}
tuples:
{12 12 12 6 6 6 6}
dist: 687
dist: 687
dist: 687
dist: 1088
dist: 1088
dist: 1088
dist: 1088

vlink src/dst: 1 9
number of protected paths set: 3
needed_slices: 42
paths: {0 0 11 11 11}
slices required:
{2 2 2 2 2}
slices start:
{0 6 0 2 4}
tuples:
{20 20 12 12 12}
dist: 242
dist: 242
dist: 593
dist: 593
dist: 593

vlink src/dst: 10 13
number of protected paths set: 15
needed_slices: 32
paths: {0 0 4 4}
slices required:
{2 2 2 3}
slices start:
{4 8 6 19}
tuples:
{20 20 12 18}
dist: 275
dist: 275
dist: 417
dist: 417

vlink src/dst: 10 19
number of protected paths set: 15
needed_slices: 45
paths: {0 0 6 6}
slices required:
{2 3 2 3}
slices start:
{8 22 10 17}
tuples:
{12 18 12 17}
dist: 428
dist: 428
dist: 515
dist: 515

vlink src/dst: 3 15
number of protected paths set: 15
needed_slices: 18
paths: {0 3}
slices required:
{2 2}
slices start:
{6 0}
tuples:
{12 12}
dist: 481
dist: 501

vlink src/dst: 0 8
number of protected paths set: 3
needed_slices: 27
paths: {1 4}
slices required:
{3 3}
slices start:
{17 15}
tuples:
{27 27}
dist: 353
dist: 399

vlink src/dst: 4 7
number of protected paths set: 3
needed_slices: 56
paths: {1 1 14 14}
slices required:
{2 2 2 2}
slices start:
{4 20 2 4}
tuples:
{12 12 12 12}
dist: 619
dist: 619
dist: 722
dist: 722

vlink src/dst: 16 17
number of protected paths set: 15
needed_slices: 60
paths: {0 0 4 4}
slices required:
{2 3 2 3}
slices start:
{8 10 23 25}
tuples:
{12 18 12 17}
dist: 487
dist: 487
dist: 579
dist: 579

vlink src/dst: 8 17
number of protected paths set: 3
needed_slices: 18
paths: {0 3}
slices required:
{2 2}
slices start:
{18 28}
tuples:
{20 12}
dist: 253
dist: 422

vlink src/dst: 5 15
number of protected paths set: 15
needed_slices: 60
paths: {1 1 1 4 4 4}
slices required:
{2 2 2 2 2 2}
slices start:
{6 8 18 0 2 4}
tuples:
{12 12 12 12 12 12}
dist: 592
dist: 592
dist: 592
dist: 610
dist: 610
dist: 610

vlink src/dst: 7 11
number of protected paths set: 3
needed_slices: 48
paths: {0 0 15 15}
slices required:
{2 2 2 2}
slices start:
{17 19 30 32}
tuples:
{12 12 12 12}
dist: 534
dist: 534
dist: 764
dist: 764

vlink src/dst: 5 11
number of protected paths set: 3
needed_slices: 18
paths: {0 3}
slices required:
{2 2}
slices start:
{6 21}
tuples:
{12 12}
dist: 336
dist: 533
15 second(s) taken for solution
16 second(s) taken in total
cost = 918

