
8 second(s) taken for initialization

vlink src/dst: 15 17
number of protected paths set: 3
needed_slices: 14
paths: {0 3}
slices required:
{2 2}
slices start:
{0 0}
tuples:
{20 12}
dist: 187
dist: 533

vlink src/dst: 3 15
number of protected paths set: 15
needed_slices: 6
paths: {0 1}
slices required:
{2 2}
slices start:
{2 2}
tuples:
{20 20}
dist: 123
dist: 184

vlink src/dst: 9 17
number of protected paths set: 3
needed_slices: 16
paths: {0 2}
slices required:
{2 3}
slices start:
{4 2}
tuples:
{20 18}
dist: 150
dist: 436

vlink src/dst: 1 3
number of protected paths set: 15
needed_slices: 40
paths: {0 0 1 1}
slices required:
{2 3 2 3}
slices start:
{6 8 6 8}
tuples:
{12 27 12 18}
dist: 334
dist: 334
dist: 403
dist: 403

vlink src/dst: 9 10
number of protected paths set: 15
needed_slices: 8
paths: {0 1}
slices required:
{2 2}
slices start:
{11 0}
tuples:
{20 20}
dist: 224
dist: 292

vlink src/dst: 0 12
number of protected paths set: 15
needed_slices: 40
paths: {0 0 4 4}
slices required:
{2 3 2 4}
slices start:
{5 7 2 11}
tuples:
{20 28 12 34}
dist: 157
dist: 157
dist: 389
dist: 389

vlink src/dst: 8 12
number of protected paths set: 15
needed_slices: 16
paths: {0 4}
slices required:
{2 2}
slices start:
{0 15}
tuples:
{20 12}
dist: 270
dist: 387

vlink src/dst: 7 18
number of protected paths set: 15
needed_slices: 36
paths: {0 0 8 8 8}
slices required:
{2 2 2 2 2}
slices start:
{0 2 13 15 17}
tuples:
{20 20 12 12 12}
dist: 234
dist: 234
dist: 554
dist: 554
dist: 554

vlink src/dst: 7 10
number of protected paths set: 15
needed_slices: 45
paths: {0 0 3 3 3}
slices required:
{2 3 2 2 2}
slices start:
{4 6 0 4 6}
tuples:
{12 27 12 12 12}
dist: 319
dist: 319
dist: 477
dist: 477
dist: 477

vlink src/dst: 5 18
number of protected paths set: 15
needed_slices: 24
paths: {2 3}
slices required:
{2 2}
slices start:
{0 10}
tuples:
{12 12}
dist: 467
dist: 478

vlink src/dst: 1 11
number of protected paths set: 15
needed_slices: 18
paths: {2 4}
slices required:
{2 2}
slices start:
{8 12}
tuples:
{12 12}
dist: 366
dist: 389

vlink src/dst: 0 5
number of protected paths set: 15
needed_slices: 66
paths: {1 1 1 9 9 9}
slices required:
{2 2 2 2 2 2}
slices start:
{0 2 4 15 17 19}
tuples:
{12 12 12 12 12 12}
dist: 421
dist: 421
dist: 421
dist: 518
dist: 518
dist: 518

vlink src/dst: 8 14
number of protected paths set: 15
needed_slices: 22
paths: {0 10}
slices required:
{2 2}
slices start:
{2 0}
tuples:
{12 12}
dist: 332
dist: 709

vlink src/dst: 2 6
number of protected paths set: 15
needed_slices: 91
paths: {0 0 0 14 14}
slices required:
{2 2 3 2 5}
slices start:
{8 10 12 6 12}
tuples:
{12 12 18 12 32}
dist: 420
dist: 420
dist: 420
dist: 684
dist: 684

vlink src/dst: 2 4
number of protected paths set: 15
needed_slices: 46
paths: {0 0 5 5}
slices required:
{2 3 2 4}
slices start:
{17 19 0 2}
tuples:
{20 28 12 34}
dist: 174
dist: 174
dist: 387
dist: 387

vlink src/dst: 14 19
number of protected paths set: 15
needed_slices: 27
paths: {0 0 3 3}
slices required:
{2 2 2 3}
slices start:
{15 17 8 17}
tuples:
{20 20 12 27}
dist: 265
dist: 265
dist: 329
dist: 329

vlink src/dst: 4 19
number of protected paths set: 15
needed_slices: 8
paths: {0 1}
slices required:
{2 2}
slices start:
{6 20}
tuples:
{20 20}
dist: 152
dist: 172

vlink src/dst: 6 13
number of protected paths set: 15
needed_slices: 23
paths: {0 2 2}
slices required:
{5 3 3}
slices start:
{0 15 18}
tuples:
{51 27 27}
dist: 138
dist: 400
dist: 400

vlink src/dst: 11 16
number of protected paths set: 15
needed_slices: 81
paths: {0 0 0 5 5 5}
slices required:
{2 2 2 2 2 3}
slices start:
{0 2 4 22 24 26}
tuples:
{20 20 20 12 12 17}
dist: 266
dist: 266
dist: 266
dist: 571
dist: 571
dist: 571

vlink src/dst: 13 16
number of protected paths set: 15
needed_slices: 32
paths: {1 1 5 5}
slices required:
{2 2 2 2}
slices start:
{0 2 21 23}
tuples:
{12 12 12 12}
dist: 319
dist: 319
dist: 602
dist: 602
27 second(s) taken for solution
35 second(s) taken in total
cost = 659

