
2 second(s) taken for initialization

vlink src/dst: 4 13
number of protected paths set: 15
needed_slices: 20
paths: {0 0 1 1}
slices required:
{2 2 2 2}
slices start:
{0 2 0 2}
tuples:
{20 20 20 20}
dist: 109
dist: 109
dist: 136
dist: 136

vlink src/dst: 1 16
number of protected paths set: 15
needed_slices: 66
paths: {0 0 8 8 8}
slices required:
{2 3 2 2 2}
slices start:
{4 6 0 2 4}
tuples:
{12 27 12 12 12}
dist: 372
dist: 372
dist: 462
dist: 462
dist: 462

vlink src/dst: 7 13
number of protected paths set: 15
needed_slices: 59
paths: {1 1 4 4 4}
slices required:
{2 3 2 2 2}
slices start:
{9 11 0 2 9}
tuples:
{12 27 12 12 12}
dist: 356
dist: 356
dist: 417
dist: 417
dist: 417

vlink src/dst: 1 9
number of protected paths set: 15
needed_slices: 16
paths: {1 3}
slices required:
{2 2}
slices start:
{6 14}
tuples:
{20 12}
dist: 259
dist: 319

vlink src/dst: 4 17
number of protected paths set: 15
needed_slices: 20
paths: {2 7}
slices required:
{2 2}
slices start:
{14 0}
tuples:
{12 12}
dist: 479
dist: 507

vlink src/dst: 5 14
number of protected paths set: 3
needed_slices: 27
paths: {1 3}
slices required:
{3 3}
slices start:
{16 4}
tuples:
{18 18}
dist: 404
dist: 447

vlink src/dst: 8 17
number of protected paths set: 15
needed_slices: 22
paths: {0 2}
slices required:
{2 2}
slices start:
{14 0}
tuples:
{12 12}
dist: 529
dist: 553

vlink src/dst: 3 7
number of protected paths set: 15
needed_slices: 6
paths: {0 1}
slices required:
{2 2}
slices start:
{4 0}
tuples:
{20 20}
dist: 142
dist: 150

vlink src/dst: 2 12
number of protected paths set: 15
needed_slices: 60
paths: {0 1 8 10 12}
slices required:
{2 2 2 2 2}
slices start:
{2 4 0 7 19}
tuples:
{12 12 12 12 12}
dist: 476
dist: 542
dist: 641
dist: 717
dist: 754

vlink src/dst: 0 5
number of protected paths set: 3
needed_slices: 92
paths: {0 0 17 17 17 17}
slices required:
{2 3 2 2 2 2}
slices start:
{9 11 21 23 25 27}
tuples:
{12 27 6 6 6 6}
dist: 326
dist: 326
dist: 824
dist: 824
dist: 824
dist: 824

vlink src/dst: 2 6
number of protected paths set: 15
needed_slices: 39
paths: {0 2}
slices required:
{3 3}
slices start:
{14 16}
tuples:
{17 17}
dist: 535
dist: 586

vlink src/dst: 14 19
number of protected paths set: 3
needed_slices: 66
paths: {0 0 0 13 13 13}
slices required:
{2 2 2 2 2 2}
slices start:
{16 18 29 6 8 10}
tuples:
{12 12 12 12 12 12}
dist: 590
dist: 590
dist: 590
dist: 702
dist: 702
dist: 702

vlink src/dst: 3 19
number of protected paths set: 3
needed_slices: 40
paths: {0 0 2 2}
slices required:
{2 3 2 3}
slices start:
{2 31 12 17}
tuples:
{12 18 12 17}
dist: 461
dist: 461
dist: 521
dist: 521

vlink src/dst: 0 12
number of protected paths set: 3
needed_slices: 84
paths: {0 0 0 8 8 8 8}
slices required:
{2 2 3 2 2 2 2}
slices start:
{0 2 4 20 22 24 26}
tuples:
{12 12 17 12 12 12 12}
dist: 527
dist: 527
dist: 527
dist: 640
dist: 640
dist: 640
dist: 640

vlink src/dst: 10 11
number of protected paths set: 3
needed_slices: 36
paths: {0 0 6 6}
slices required:
{2 2 2 2}
slices start:
{2 4 9 11}
tuples:
{20 20 12 12}
dist: 222
dist: 222
dist: 420
dist: 420

vlink src/dst: 6 11
number of protected paths set: 15
needed_slices: 19
paths: {0 5}
slices required:
{2 3}
slices start:
{2 6}
tuples:
{20 18}
dist: 246
dist: 469

vlink src/dst: 10 18
number of protected paths set: 3
needed_slices: 39
paths: {1 5 5}
slices required:
{3 2 2}
slices start:
{6 0 2}
tuples:
{27 12 12}
dist: 322
dist: 474
dist: 474

vlink src/dst: 8 15
number of protected paths set: 15
needed_slices: 55
paths: {1 1 5 5}
slices required:
{2 3 2 3}
slices start:
{13 15 0 9}
tuples:
{12 18 12 18}
dist: 412
dist: 412
dist: 492
dist: 492

vlink src/dst: 9 15
number of protected paths set: 15
needed_slices: 54
paths: {0 1 4 11 12}
slices required:
{2 2 2 2 2}
slices start:
{18 13 20 18 4}
tuples:
{12 12 12 12 12}
dist: 315
dist: 329
dist: 469
dist: 583
dist: 597

vlink src/dst: 16 18
number of protected paths set: 15
needed_slices: 34
paths: {0 0 1 1}
slices required:
{2 3 2 4}
slices start:
{15 17 6 8}
tuples:
{20 27 12 34}
dist: 210
dist: 210
dist: 361
dist: 361
13 second(s) taken for solution
15 second(s) taken in total
cost = 854

