
1 second(s) taken for initialization

vlink src/dst: 10 12
number of protected paths set: 15
needed_slices: 12
paths: {0 1}
slices required:
{2 2}
slices start:
{0 0}
tuples:
{29 20}
dist: 30
dist: 288

vlink src/dst: 2 16
number of protected paths set: 3
needed_slices: 24
paths: {0 0 1 1}
slices required:
{2 2 2 2}
slices start:
{2 4 2 4}
tuples:
{20 20 20 20}
dist: 110
dist: 110
dist: 207
dist: 207

vlink src/dst: 0 11
number of protected paths set: 15
needed_slices: 28
paths: {1 1 3 3}
slices required:
{2 2 2 2}
slices start:
{6 8 6 8}
tuples:
{20 20 20 20}
dist: 229
dist: 229
dist: 284
dist: 284

vlink src/dst: 2 6
number of protected paths set: 3
needed_slices: 96
paths: {0 0 0 16 16 16}
slices required:
{2 2 2 2 2 2}
slices start:
{6 8 10 10 12 14}
tuples:
{12 12 12 12 12 12}
dist: 408
dist: 408
dist: 408
dist: 665
dist: 665
dist: 665

vlink src/dst: 11 19
number of protected paths set: 15
needed_slices: 16
paths: {1 4}
slices required:
{2 2}
slices start:
{16 16}
tuples:
{20 12}
dist: 276
dist: 339

vlink src/dst: 6 17
number of protected paths set: 3
needed_slices: 140
paths: {1 1 1 17 17 17 17}
slices required:
{2 2 2 2 2 2 2}
slices start:
{18 20 22 0 2 4 6}
tuples:
{12 12 12 6 6 6 6}
dist: 725
dist: 725
dist: 725
dist: 1117
dist: 1117
dist: 1117
dist: 1117

vlink src/dst: 12 18
number of protected paths set: 15
needed_slices: 49
paths: {1 1 7 7 7}
slices required:
{2 3 2 2 2}
slices start:
{24 26 8 10 12}
tuples:
{12 27 12 12 12}
dist: 377
dist: 377
dist: 452
dist: 452
dist: 452

vlink src/dst: 10 14
number of protected paths set: 15
needed_slices: 37
paths: {0 0 3 3}
slices required:
{2 2 2 3}
slices start:
{16 24 29 31}
tuples:
{20 20 12 27}
dist: 144
dist: 144
dist: 340
dist: 340

vlink src/dst: 4 9
number of protected paths set: 15
needed_slices: 22
paths: {0 0 1 1}
slices required:
{2 2 2 4}
slices start:
{0 2 0 2}
tuples:
{29 29 12 34}
dist: 42
dist: 42
dist: 311
dist: 311

vlink src/dst: 0 1
number of protected paths set: 15
needed_slices: 15
paths: {0 3}
slices required:
{2 3}
slices start:
{29 6}
tuples:
{20 27}
dist: 174
dist: 338

vlink src/dst: 9 17
number of protected paths set: 3
needed_slices: 16
paths: {0 5}
slices required:
{2 2}
slices start:
{4 9}
tuples:
{29 12}
dist: 93
dist: 645

vlink src/dst: 7 16
number of protected paths set: 3
needed_slices: 26
paths: {0 14}
slices required:
{2 2}
slices start:
{11 0}
tuples:
{12 12}
dist: 657
dist: 785

vlink src/dst: 5 15
number of protected paths set: 3
needed_slices: 128
paths: {2 2 2 2 7 7 7 7}
slices required:
{2 2 2 2 2 2 2 2}
slices start:
{14 16 24 26 11 13 15 17}
tuples:
{6 6 6 6 6 6 6 6}
dist: 831
dist: 831
dist: 831
dist: 831
dist: 891
dist: 891
dist: 891
dist: 891

vlink src/dst: 3 4
number of protected paths set: 15
needed_slices: 18
paths: {0 2}
slices required:
{3 3}
slices start:
{6 28}
tuples:
{27 27}
dist: 233
dist: 353

vlink src/dst: 1 8
number of protected paths set: 15
needed_slices: 60
paths: {0 0 0 4 4 4}
slices required:
{2 2 2 2 2 2}
slices start:
{19 21 28 2 4 6}
tuples:
{12 12 12 12 12 12}
dist: 449
dist: 449
dist: 449
dist: 547
dist: 547
dist: 547

vlink src/dst: 7 19
number of protected paths set: 3
needed_slices: 72
paths: {1 3 3 4 4}
slices required:
{2 2 2 2 5}
slices start:
{8 10 12 0 18}
tuples:
{12 12 12 12 32}
dist: 605
dist: 638
dist: 638
dist: 654
dist: 654

vlink src/dst: 5 14
number of protected paths set: 3
needed_slices: 16
paths: {1 2}
slices required:
{2 2}
slices start:
{31 19}
tuples:
{12 12}
dist: 390
dist: 444

vlink src/dst: 3 13
number of protected paths set: 15
needed_slices: 13
paths: {0 1}
slices required:
{2 3}
slices start:
{2 10}
tuples:
{20 27}
dist: 269
dist: 352

vlink src/dst: 8 18
number of protected paths set: 15
needed_slices: 20
paths: {1 7}
slices required:
{2 2}
slices start:
{14 0}
tuples:
{12 12}
dist: 472
dist: 617

vlink src/dst: 13 15
number of protected paths set: 15
needed_slices: 36
paths: {0 6 6}
slices required:
{3 2 2}
slices start:
{2 2 4}
tuples:
{17 12 12}
dist: 576
dist: 665
dist: 665
11 second(s) taken for solution
12 second(s) taken in total
cost = 844

