
4 second(s) taken for initialization

vlink src/dst: 3 16
number of protected paths set: 15
needed_slices: 54
paths: {1 1 2 2}
slices required:
{2 4 2 4}
slices start:
{0 2 0 2}
tuples:
{12 34 12 34}
dist: 302
dist: 302
dist: 309
dist: 309

vlink src/dst: 2 3
number of protected paths set: 15
needed_slices: 34
paths: {0 0 1 1 1}
slices required:
{2 2 2 2 2}
slices start:
{0 2 6 8 10}
tuples:
{29 29 20 20 20}
dist: 30
dist: 30
dist: 288
dist: 288
dist: 288

vlink src/dst: 12 15
number of protected paths set: 15
needed_slices: 45
paths: {0 0 5 5}
slices required:
{2 3 2 3}
slices start:
{12 14 6 8}
tuples:
{12 27 12 27}
dist: 311
dist: 311
dist: 382
dist: 382

vlink src/dst: 5 17
number of protected paths set: 15
needed_slices: 16
paths: {1 2}
slices required:
{2 2}
slices start:
{17 12}
tuples:
{20 20}
dist: 215
dist: 234

vlink src/dst: 5 10
number of protected paths set: 15
needed_slices: 6
paths: {0 1}
slices required:
{2 2}
slices start:
{0 0}
tuples:
{29 20}
dist: 50
dist: 159

vlink src/dst: 11 15
number of protected paths set: 15
needed_slices: 28
paths: {0 6}
slices required:
{2 2}
slices start:
{6 19}
tuples:
{12 12}
dist: 540
dist: 647

vlink src/dst: 1 16
number of protected paths set: 15
needed_slices: 15
paths: {0 0 1 1}
slices required:
{2 3 2 3}
slices start:
{0 2 6 8}
tuples:
{20 28 20 28}
dist: 103
dist: 103
dist: 124
dist: 124

vlink src/dst: 9 19
number of protected paths set: 3
needed_slices: 68
paths: {1 1 15 15}
slices required:
{2 2 2 2}
slices start:
{2 4 14 16}
tuples:
{12 12 12 12}
dist: 621
dist: 621
dist: 776
dist: 776

vlink src/dst: 1 14
number of protected paths set: 15
needed_slices: 96
paths: {0 1 1 2 2 4}
slices required:
{2 2 2 2 2 2}
slices start:
{19 21 23 6 8 12}
tuples:
{12 12 12 12 12 12}
dist: 540
dist: 551
dist: 551
dist: 559
dist: 559
dist: 568

vlink src/dst: 2 10
number of protected paths set: 15
needed_slices: 27
paths: {0 0 5 5}
slices required:
{2 2 2 3}
slices start:
{2 4 17 21}
tuples:
{20 20 12 27}
dist: 185
dist: 185
dist: 317
dist: 317

vlink src/dst: 9 13
number of protected paths set: 15
needed_slices: 26
paths: {1 13}
slices required:
{2 2}
slices start:
{24 0}
tuples:
{12 12}
dist: 524
dist: 696

vlink src/dst: 0 17
number of protected paths set: 15
needed_slices: 24
paths: {2 4}
slices required:
{2 2}
slices start:
{25 25}
tuples:
{12 12}
dist: 495
dist: 505

vlink src/dst: 12 19
number of protected paths set: 3
needed_slices: 91
paths: {0 0 0 9 9 9 9}
slices required:
{2 2 3 2 2 2 2}
slices start:
{0 11 13 10 21 23 27}
tuples:
{12 12 17 12 12 12 12}
dist: 511
dist: 511
dist: 511
dist: 649
dist: 649
dist: 649
dist: 649

vlink src/dst: 14 18
number of protected paths set: 15
needed_slices: 16
paths: {0 1}
slices required:
{2 2}
slices start:
{0 0}
tuples:
{12 12}
dist: 309
dist: 323

vlink src/dst: 7 18
number of protected paths set: 15
needed_slices: 53
paths: {0 0 8 8 8}
slices required:
{2 4 2 2 3}
slices start:
{2 14 14 16 29}
tuples:
{12 34 12 12 18}
dist: 346
dist: 346
dist: 481
dist: 481
dist: 481

vlink src/dst: 4 11
number of protected paths set: 15
needed_slices: 12
paths: {0 3}
slices required:
{2 2}
slices start:
{0 2}
tuples:
{20 12}
dist: 195
dist: 375

vlink src/dst: 0 6
number of protected paths set: 15
needed_slices: 25
paths: {0 3 3}
slices required:
{3 2 2}
slices start:
{6 2 4}
tuples:
{27 12 12}
dist: 389
dist: 460
dist: 460

vlink src/dst: 6 13
number of protected paths set: 15
needed_slices: 8
paths: {0 2}
slices required:
{2 2}
slices start:
{6 0}
tuples:
{20 12}
dist: 249
dist: 357

vlink src/dst: 7 8
number of protected paths set: 3
needed_slices: 72
paths: {0 0 0 15 15 15}
slices required:
{2 2 2 2 2 2}
slices start:
{0 6 8 26 28 30}
tuples:
{12 12 12 12 12 12}
dist: 534
dist: 534
dist: 534
dist: 764
dist: 764
dist: 764

vlink src/dst: 4 8
number of protected paths set: 3
needed_slices: 16
paths: {0 2}
slices required:
{2 2}
slices start:
{2 4}
tuples:
{12 12}
dist: 342
dist: 424
24 second(s) taken for solution
28 second(s) taken in total
cost = 732

