
3 second(s) taken for initialization

vlink src/dst: 5 7
number of protected paths set: 3
needed_slices: 18
paths: {0 5}
slices required:
{2 2}
slices start:
{0 0}
tuples:
{12 12}
dist: 331
dist: 452

vlink src/dst: 5 17
number of protected paths set: 3
needed_slices: 60
paths: {6 15}
slices required:
{3 3}
slices start:
{2 2}
tuples:
{11 11}
dist: 873
dist: 968

vlink src/dst: 0 5
number of protected paths set: 3
needed_slices: 77
paths: {2 2 2 15 15 15}
slices required:
{2 2 3 2 2 3}
slices start:
{5 7 9 5 7 9}
tuples:
{12 12 18 12 12 17}
dist: 434
dist: 434
dist: 434
dist: 580
dist: 580
dist: 580

vlink src/dst: 2 6
number of protected paths set: 15
needed_slices: 16
paths: {0 2}
slices required:
{2 2}
slices start:
{12 5}
tuples:
{20 12}
dist: 292
dist: 341

vlink src/dst: 7 11
number of protected paths set: 15
needed_slices: 14
paths: {0 6}
slices required:
{2 2}
slices start:
{2 0}
tuples:
{20 12}
dist: 110
dist: 393

vlink src/dst: 6 15
number of protected paths set: 3
needed_slices: 18
paths: {1 3}
slices required:
{2 2}
slices start:
{12 0}
tuples:
{20 12}
dist: 275
dist: 336

vlink src/dst: 4 6
number of protected paths set: 15
needed_slices: 12
paths: {1 2}
slices required:
{2 2}
slices start:
{14 2}
tuples:
{20 20}
dist: 240
dist: 248

vlink src/dst: 11 16
number of protected paths set: 15
needed_slices: 20
paths: {0 11}
slices required:
{2 2}
slices start:
{7 16}
tuples:
{20 12}
dist: 262
dist: 455

vlink src/dst: 8 15
number of protected paths set: 3
needed_slices: 72
paths: {1 1 18 18 18}
slices required:
{2 3 2 2 2}
slices start:
{16 18 2 4 6}
tuples:
{12 18 12 12 12}
dist: 452
dist: 452
dist: 646
dist: 646
dist: 646

vlink src/dst: 10 13
number of protected paths set: 3
needed_slices: 32
paths: {0 3 3}
slices required:
{3 2 2}
slices start:
{2 9 11}
tuples:
{27 12 12}
dist: 253
dist: 422
dist: 422

vlink src/dst: 9 10
number of protected paths set: 15
needed_slices: 18
paths: {0 4}
slices required:
{2 2}
slices start:
{0 13}
tuples:
{20 12}
dist: 266
dist: 459

vlink src/dst: 6 18
number of protected paths set: 15
needed_slices: 84
paths: {2 2 11 11 14 14}
slices required:
{2 2 2 2 2 2}
slices start:
{16 18 21 23 14 16}
tuples:
{12 12 12 12 12 12}
dist: 476
dist: 476
dist: 604
dist: 604
dist: 789
dist: 789

vlink src/dst: 5 12
number of protected paths set: 3
needed_slices: 35
paths: {4 12}
slices required:
{2 3}
slices start:
{20 25}
tuples:
{12 11}
dist: 718
dist: 816

vlink src/dst: 2 7
number of protected paths set: 15
needed_slices: 22
paths: {0 0 1 1}
slices required:
{2 2 3 3}
slices start:
{7 28 8 11}
tuples:
{29 29 27 27}
dist: 88
dist: 88
dist: 354
dist: 354

vlink src/dst: 3 12
number of protected paths set: 15
needed_slices: 66
paths: {1 1 4 4 13}
slices required:
{2 2 2 2 2}
slices start:
{28 30 22 24 14}
tuples:
{12 12 12 12 6}
dist: 569
dist: 569
dist: 601
dist: 601
dist: 805

vlink src/dst: 9 12
number of protected paths set: 15
needed_slices: 33
paths: {0 2}
slices required:
{3 3}
slices start:
{26 32}
tuples:
{17 17}
dist: 529
dist: 553

vlink src/dst: 10 16
number of protected paths set: 15
needed_slices: 28
paths: {0 14}
slices required:
{2 2}
slices start:
{30 29}
tuples:
{12 12}
dist: 521
dist: 642

vlink src/dst: 18 19
number of protected paths set: 3
needed_slices: 134
paths: {1 1 1 19 19 19 19}
slices required:
{2 2 2 2 2 2 2}
slices start:
{35 37 39 25 27 31 33}
tuples:
{12 12 12 6 6 6 6}
dist: 763
dist: 763
dist: 763
dist: 976
dist: 976
dist: 976
dist: 976

vlink src/dst: 2 19
number of protected paths set: 3
needed_slices: 84
paths: {3 3 3 13 13 13}
slices required:
{2 2 2 2 2 2}
slices start:
{41 43 45 0 16 18}
tuples:
{12 12 12 12 12 12}
dist: 622
dist: 622
dist: 622
dist: 685
dist: 685
dist: 685

vlink src/dst: 10 17
number of protected paths set: 3
needed_slices: 64
paths: {2 2 7 7}
slices required:
{2 2 2 2}
slices start:
{47 49 0 8}
tuples:
{6 6 6 6}
dist: 831
dist: 831
dist: 891
dist: 891

vlink src/dst: 8 10
number of protected paths set: 15
needed_slices: 16
paths: {0 0 2 2}
slices required:
{2 2 2 2}
slices start:
{2 4 0 2}
tuples:
{20 20 20 20}
dist: 215
dist: 215
dist: 255
dist: 255

vlink src/dst: 1 15
number of protected paths set: 3
needed_slices: 18
paths: {0 9}
slices required:
{2 2}
slices start:
{8 14}
tuples:
{20 12}
dist: 156
dist: 495

vlink src/dst: 0 17
number of protected paths set: 3
needed_slices: 60
paths: {0 0 9 9}
slices required:
{2 2 2 2}
slices start:
{5 7 31 33}
tuples:
{12 12 12 12}
dist: 542
dist: 542
dist: 653
dist: 653

vlink src/dst: 15 19
number of protected paths set: 3
needed_slices: 16
paths: {2 3}
slices required:
{2 2}
slices start:
{10 21}
tuples:
{12 12}
dist: 387
dist: 425

vlink src/dst: 1 19
number of protected paths set: 3
needed_slices: 38
paths: {0 0 3 3 3}
slices required:
{2 2 2 2 2}
slices start:
{5 7 12 14 18}
tuples:
{20 20 12 12 12}
dist: 178
dist: 178
dist: 429
dist: 429
dist: 429

vlink src/dst: 12 19
number of protected paths set: 3
needed_slices: 62
paths: {0 0 17 17 17}
slices required:
{2 3 2 2 2}
slices start:
{12 41 23 35 37}
tuples:
{12 27 12 12 12}
dist: 360
dist: 360
dist: 738
dist: 738
dist: 738

vlink src/dst: 12 16
number of protected paths set: 15
needed_slices: 24
paths: {0 0 0 1 1 1}
slices required:
{2 2 2 2 2 2}
slices start:
{0 2 4 0 5 7}
tuples:
{20 20 20 20 20 20}
dist: 224
dist: 224
dist: 224
dist: 292
dist: 292
dist: 292

vlink src/dst: 1 14
number of protected paths set: 15
needed_slices: 18
paths: {1 5}
slices required:
{2 2}
slices start:
{10 6}
tuples:
{12 12}
dist: 450
dist: 521

vlink src/dst: 2 8
number of protected paths set: 15
needed_slices: 19
paths: {0 0 1 1}
slices required:
{2 2 2 3}
slices start:
{4 6 6 20}
tuples:
{29 29 12 27}
dist: 79
dist: 79
dist: 392
dist: 392

vlink src/dst: 14 18
number of protected paths set: 15
needed_slices: 22
paths: {3 11}
slices required:
{2 2}
slices start:
{25 10}
tuples:
{12 12}
dist: 580
dist: 689
27 second(s) taken for solution
30 second(s) taken in total
cost = 1200

