
2 second(s) taken for initialization

vlink src/dst: 4 10
number of protected paths set: 3
needed_slices: 60
paths: {1 1 10 10}
slices required:
{2 3 2 3}
slices start:
{0 2 0 2}
tuples:
{12 18 12 17}
dist: 454
dist: 454
dist: 549
dist: 549

vlink src/dst: 3 10
number of protected paths set: 3
needed_slices: 40
paths: {0 0 3 3}
slices required:
{2 3 2 4}
slices start:
{5 7 5 7}
tuples:
{20 28 12 34}
dist: 111
dist: 111
dist: 379
dist: 379

vlink src/dst: 10 12
number of protected paths set: 3
needed_slices: 26
paths: {1 7}
slices required:
{2 2}
slices start:
{11 11}
tuples:
{12 12}
dist: 569
dist: 650

vlink src/dst: 0 4
number of protected paths set: 15
needed_slices: 78
paths: {2 2 2 7 7 7}
slices required:
{2 2 2 2 2 2}
slices start:
{13 15 17 13 15 17}
tuples:
{12 12 12 12 12 12}
dist: 547
dist: 547
dist: 547
dist: 599
dist: 599
dist: 599

vlink src/dst: 0 13
number of protected paths set: 15
needed_slices: 78
paths: {1 1 1 3 3 3}
slices required:
{2 2 2 2 2 2}
slices start:
{19 21 23 19 21 23}
tuples:
{12 12 12 12 12 12}
dist: 571
dist: 571
dist: 571
dist: 579
dist: 579
dist: 579

vlink src/dst: 0 19
number of protected paths set: 15
needed_slices: 42
paths: {2 13 17}
slices required:
{2 2 2}
slices start:
{25 25 5}
tuples:
{12 12 12}
dist: 471
dist: 722
dist: 771

vlink src/dst: 2 15
number of protected paths set: 3
needed_slices: 200
paths: {0 0 0 17 17 17 17 17}
slices required:
{2 3 5 2 2 2 2 2}
slices start:
{27 29 32 0 2 7 9 11}
tuples:
{6 11 23 6 6 6 6 6}
dist: 850
dist: 850
dist: 850
dist: 994
dist: 994
dist: 994
dist: 994
dist: 994

vlink src/dst: 0 3
number of protected paths set: 15
needed_slices: 14
paths: {0 8}
slices required:
{2 2}
slices start:
{27 4}
tuples:
{20 12}
dist: 161
dist: 474

vlink src/dst: 8 10
number of protected paths set: 3
needed_slices: 81
paths: {1 1 17 17 17}
slices required:
{2 3 2 2 2}
slices start:
{27 29 29 31 33}
tuples:
{12 17 12 12 12}
dist: 579
dist: 579
dist: 671
dist: 671
dist: 671

vlink src/dst: 14 16
number of protected paths set: 3
needed_slices: 32
paths: {6 12}
slices required:
{2 2}
slices start:
{13 37}
tuples:
{12 12}
dist: 678
dist: 704

vlink src/dst: 8 14
number of protected paths set: 3
needed_slices: 57
paths: {3 15}
slices required:
{3 3}
slices start:
{39 15}
tuples:
{11 11}
dist: 875
dist: 912

vlink src/dst: 0 14
number of protected paths set: 3
needed_slices: 66
paths: {2 2 2 5 5 5}
slices required:
{2 2 2 2 2 2}
slices start:
{35 42 44 29 31 33}
tuples:
{12 12 12 12 12 12}
dist: 420
dist: 420
dist: 420
dist: 486
dist: 486
dist: 486

vlink src/dst: 0 17
number of protected paths set: 15
needed_slices: 30
paths: {0 0 3 3}
slices required:
{2 3 2 3}
slices start:
{35 37 0 2}
tuples:
{20 28 20 27}
dist: 163
dist: 163
dist: 249
dist: 249

vlink src/dst: 5 14
number of protected paths set: 3
needed_slices: 30
paths: {0 19}
slices required:
{2 2}
slices start:
{46 37}
tuples:
{12 12}
dist: 513
dist: 751

vlink src/dst: 5 9
number of protected paths set: 15
needed_slices: 96
paths: {4 4 4 6 6 6}
slices required:
{2 2 2 2 2 2}
slices start:
{39 41 43 35 42 44}
tuples:
{12 12 12 12 12 12}
dist: 589
dist: 589
dist: 589
dist: 612
dist: 612
dist: 612

vlink src/dst: 0 5
number of protected paths set: 15
needed_slices: 18
paths: {1 2}
slices required:
{3 3}
slices start:
{48 7}
tuples:
{27 27}
dist: 240
dist: 248

vlink src/dst: 0 16
number of protected paths set: 15
needed_slices: 24
paths: {4 7}
slices required:
{2 2}
slices start:
{51 13}
tuples:
{12 12}
dist: 386
dist: 419

vlink src/dst: 0 6
number of protected paths set: 15
needed_slices: 22
paths: {1 5}
slices required:
{2 2}
slices start:
{40 18}
tuples:
{12 12}
dist: 361
dist: 446

vlink src/dst: 0 11
number of protected paths set: 15
needed_slices: 22
paths: {0 2}
slices required:
{2 2}
slices start:
{10 53}
tuples:
{12 12}
dist: 485
dist: 506

vlink src/dst: 14 19
number of protected paths set: 3
needed_slices: 18
paths: {0 14}
slices required:
{2 2}
slices start:
{5 48}
tuples:
{12 12}
dist: 322
dist: 762

vlink src/dst: 3 4
number of protected paths set: 15
needed_slices: 51
paths: {0 0 8 8 8}
slices required:
{2 3 2 2 2}
slices start:
{37 39 7 9 11}
tuples:
{12 27 12 12 12}
dist: 385
dist: 385
dist: 585
dist: 585
dist: 585

vlink src/dst: 13 16
number of protected paths set: 15
needed_slices: 40
paths: {0 0 2 2}
slices required:
{2 2 2 2}
slices start:
{32 34 0 2}
tuples:
{12 12 12 12}
dist: 442
dist: 442
dist: 546
dist: 546

vlink src/dst: 5 15
number of protected paths set: 3
needed_slices: 30
paths: {2 6}
slices required:
{2 2}
slices start:
{4 4}
tuples:
{12 12}
dist: 582
dist: 609

vlink src/dst: 7 16
number of protected paths set: 15
needed_slices: 25
paths: {0 0 2 2}
slices required:
{2 3 2 3}
slices start:
{6 8 4 18}
tuples:
{20 27 20 27}
dist: 204
dist: 204
dist: 220
dist: 220

vlink src/dst: 4 11
number of protected paths set: 15
needed_slices: 22
paths: {0 13}
slices required:
{2 2}
slices start:
{13 7}
tuples:
{12 12}
dist: 376
dist: 667

vlink src/dst: 1 6
number of protected paths set: 15
needed_slices: 12
paths: {0 1}
slices required:
{2 2}
slices start:
{0 21}
tuples:
{20 20}
dist: 191
dist: 246

vlink src/dst: 11 18
number of protected paths set: 15
needed_slices: 32
paths: {0 0 4 4}
slices required:
{2 2 2 3}
slices start:
{15 17 23 37}
tuples:
{20 20 12 18}
dist: 275
dist: 275
dist: 417
dist: 417

vlink src/dst: 11 15
number of protected paths set: 3
needed_slices: 16
paths: {0 1}
slices required:
{2 2}
slices start:
{19 13}
tuples:
{20 12}
dist: 241
dist: 496

vlink src/dst: 1 18
number of protected paths set: 15
needed_slices: 24
paths: {0 0 2 2}
slices required:
{2 2 2 2}
slices start:
{2 6 15 17}
tuples:
{20 20 12 12}
dist: 233
dist: 233
dist: 353
dist: 353

vlink src/dst: 6 15
number of protected paths set: 3
needed_slices: 52
paths: {1 1 2 2 2}
slices required:
{2 4 2 2 3}
slices start:
{21 23 11 19 40}
tuples:
{12 34 12 12 18}
dist: 390
dist: 390
dist: 444
dist: 444
dist: 444
20 second(s) taken for solution
22 second(s) taken in total
cost = 1338

