
5 second(s) taken for initialization

vlink src/dst: 6 16
number of protected paths set: 3
needed_slices: 16
paths: {0 5}
slices required:
{2 2}
slices start:
{0 0}
tuples:
{20 12}
dist: 176
dist: 486

vlink src/dst: 5 6
number of protected paths set: 3
needed_slices: 106
paths: {1 1 1 19 19 19 19}
slices required:
{2 2 2 2 2 2 2}
slices start:
{2 4 6 2 4 6 8}
tuples:
{12 12 12 6 6 6 6}
dist: 539
dist: 539
dist: 539
dist: 841
dist: 841
dist: 841
dist: 841

vlink src/dst: 9 16
number of protected paths set: 3
needed_slices: 18
paths: {0 1}
slices required:
{2 2}
slices start:
{2 2}
tuples:
{20 12}
dist: 296
dist: 344

vlink src/dst: 4 16
number of protected paths set: 3
needed_slices: 60
paths: {1 1 5 5}
slices required:
{2 3 2 3}
slices start:
{4 6 4 6}
tuples:
{12 27 12 18}
dist: 344
dist: 344
dist: 418
dist: 418

vlink src/dst: 1 8
number of protected paths set: 15
needed_slices: 110
paths: {0 1 1 4 4 15 16}
slices required:
{2 2 2 2 2 2 2}
slices start:
{10 12 14 12 14 10 0}
tuples:
{12 12 12 12 12 12 12}
dist: 492
dist: 516
dist: 516
dist: 553
dist: 553
dist: 644
dist: 750

vlink src/dst: 9 13
number of protected paths set: 3
needed_slices: 43
paths: {0 15 15}
slices required:
{3 2 2}
slices start:
{16 16 18}
tuples:
{18 12 12}
dist: 420
dist: 647
dist: 647

vlink src/dst: 5 13
number of protected paths set: 3
needed_slices: 52
paths: {1 18 18}
slices required:
{3 2 2}
slices start:
{19 10 12}
tuples:
{17 12 12}
dist: 549
dist: 721
dist: 721

vlink src/dst: 1 10
number of protected paths set: 15
needed_slices: 92
paths: {0 0 11 11 16 16}
slices required:
{2 2 2 2 2 2}
slices start:
{22 24 22 24 14 20}
tuples:
{12 12 12 12 12 12}
dist: 486
dist: 486
dist: 584
dist: 584
dist: 740
dist: 740

vlink src/dst: 1 18
number of protected paths set: 15
needed_slices: 34
paths: {0 13}
slices required:
{2 2}
slices start:
{26 16}
tuples:
{12 12}
dist: 709
dist: 793

vlink src/dst: 1 5
number of protected paths set: 15
needed_slices: 30
paths: {8 11}
slices required:
{2 2}
slices start:
{26 28}
tuples:
{12 12}
dist: 648
dist: 731

vlink src/dst: 1 19
number of protected paths set: 15
needed_slices: 26
paths: {0 8}
slices required:
{2 2}
slices start:
{30 28}
tuples:
{12 12}
dist: 609
dist: 701

vlink src/dst: 15 18
number of protected paths set: 15
needed_slices: 90
paths: {0 0 0 3 3 3}
slices required:
{2 2 2 2 2 2}
slices start:
{22 24 32 8 30 32}
tuples:
{12 12 12 12 12 12}
dist: 589
dist: 589
dist: 589
dist: 609
dist: 609
dist: 609

vlink src/dst: 2 14
number of protected paths set: 15
needed_slices: 84
paths: {0 1 1 12 12}
slices required:
{2 2 2 2 5}
slices start:
{16 34 36 34 36}
tuples:
{12 12 12 12 32}
dist: 518
dist: 536
dist: 536
dist: 654
dist: 654

vlink src/dst: 10 14
number of protected paths set: 15
needed_slices: 26
paths: {0 5}
slices required:
{2 3}
slices start:
{34 38}
tuples:
{20 27}
dist: 300
dist: 340

vlink src/dst: 7 19
number of protected paths set: 15
needed_slices: 62
paths: {0 0 7 7 7}
slices required:
{2 3 2 2 2}
slices start:
{0 10 34 36 41}
tuples:
{12 27 12 12 12}
dist: 380
dist: 380
dist: 488
dist: 488
dist: 488

vlink src/dst: 4 8
number of protected paths set: 15
needed_slices: 10
paths: {0 1}
slices required:
{2 2}
slices start:
{0 0}
tuples:
{29 20}
dist: 45
dist: 202

vlink src/dst: 0 8
number of protected paths set: 15
needed_slices: 16
paths: {0 5}
slices required:
{2 2}
slices start:
{2 20}
tuples:
{20 12}
dist: 174
dist: 387

vlink src/dst: 0 10
number of protected paths set: 15
needed_slices: 8
paths: {0 1}
slices required:
{2 2}
slices start:
{0 10}
tuples:
{20 20}
dist: 144
dist: 240

vlink src/dst: 7 11
number of protected paths set: 3
needed_slices: 94
paths: {0 0 0 16 16 16 16}
slices required:
{2 2 2 2 2 2 2}
slices start:
{12 14 19 13 22 24 36}
tuples:
{12 12 12 6 6 6 6}
dist: 515
dist: 515
dist: 515
dist: 819
dist: 819
dist: 819
dist: 819

vlink src/dst: 0 4
number of protected paths set: 15
needed_slices: 51
paths: {0 0 7 9 9}
slices required:
{2 3 2 2 2}
slices start:
{16 26 43 26 28}
tuples:
{20 27 12 12 12}
dist: 219
dist: 219
dist: 442
dist: 457
dist: 457

vlink src/dst: 3 4
number of protected paths set: 15
needed_slices: 72
paths: {4 4 4 7 7 7}
slices required:
{2 2 2 2 2 2}
slices start:
{18 29 31 0 38 40}
tuples:
{12 12 12 12 12 12}
dist: 581
dist: 581
dist: 581
dist: 634
dist: 634
dist: 634

vlink src/dst: 4 12
number of protected paths set: 3
needed_slices: 98
paths: {3 3 5 15 15 15 15}
slices required:
{2 2 2 2 2 2 2}
slices start:
{43 45 47 2 4 6 10}
tuples:
{12 12 12 12 12 12 12}
dist: 706
dist: 706
dist: 712
dist: 746
dist: 746
dist: 746
dist: 746

vlink src/dst: 17 18
number of protected paths set: 15
needed_slices: 88
paths: {0 0 11 11 18}
slices required:
{2 2 2 2 2}
slices start:
{42 44 49 51 2}
tuples:
{12 12 12 12 6}
dist: 632
dist: 632
dist: 762
dist: 762
dist: 1092

vlink src/dst: 10 19
number of protected paths set: 15
needed_slices: 12
paths: {0 4}
slices required:
{2 2}
slices start:
{38 49}
tuples:
{20 12}
dist: 205
dist: 332

vlink src/dst: 5 11
number of protected paths set: 3
needed_slices: 42
paths: {0 0 6 6 6}
slices required:
{2 2 2 2 2}
slices start:
{21 23 0 15 17}
tuples:
{20 20 12 12 12}
dist: 186
dist: 186
dist: 551
dist: 551
dist: 551

vlink src/dst: 2 15
number of protected paths set: 15
needed_slices: 72
paths: {0 0 0 4 4 4}
slices required:
{2 2 2 2 2 2}
slices start:
{0 10 12 53 55 57}
tuples:
{12 12 12 12 12 12}
dist: 487
dist: 487
dist: 487
dist: 554
dist: 554
dist: 554

vlink src/dst: 2 13
number of protected paths set: 3
needed_slices: 66
paths: {0 0 1 2 6 6}
slices required:
{2 2 2 2 2 2}
slices start:
{14 41 59 4 61 63}
tuples:
{12 12 12 12 12 12}
dist: 562
dist: 562
dist: 582
dist: 602
dist: 623
dist: 623

vlink src/dst: 0 2
number of protected paths set: 15
needed_slices: 10
paths: {0 1}
slices required:
{2 2}
slices start:
{14 6}
tuples:
{20 12}
dist: 203
dist: 319

vlink src/dst: 3 17
number of protected paths set: 15
needed_slices: 60
paths: {0 0 0 6 6 6}
slices required:
{2 2 2 2 2 2}
slices start:
{2 8 22 8 16 18}
tuples:
{12 12 12 12 12 12}
dist: 576
dist: 576
dist: 576
dist: 665
dist: 665
dist: 665

vlink src/dst: 2 3
number of protected paths set: 15
needed_slices: 6
paths: {0 1}
slices required:
{2 2}
slices start:
{2 20}
tuples:
{20 20}
dist: 126
dist: 252
26 second(s) taken for solution
31 second(s) taken in total
cost = 1554

