
3 second(s) taken for initialization

vlink src/dst: 0 7
number of protected paths set: 3
needed_slices: 55
paths: {3 14 14}
slices required:
{3 2 2}
slices start:
{0 0 2}
tuples:
{18 12 12}
dist: 455
dist: 740
dist: 740

vlink src/dst: 5 8
number of protected paths set: 3
needed_slices: 72
paths: {0 0 0 3 3 3}
slices required:
{2 2 2 2 2 2}
slices start:
{4 6 8 4 6 8}
tuples:
{12 12 12 12 12 12}
dist: 469
dist: 469
dist: 469
dist: 571
dist: 571
dist: 571

vlink src/dst: 7 13
number of protected paths set: 3
needed_slices: 115
paths: {0 0 0 16 16 16 16 16}
slices required:
{2 2 3 2 2 2 2 2}
slices start:
{10 12 14 10 12 14 16 18}
tuples:
{12 12 17 6 6 6 6 6}
dist: 515
dist: 515
dist: 515
dist: 819
dist: 819
dist: 819
dist: 819
dist: 819

vlink src/dst: 7 11
number of protected paths set: 3
needed_slices: 39
paths: {1 17 17}
slices required:
{3 2 2}
slices start:
{20 20 22}
tuples:
{18 12 12}
dist: 429
dist: 682
dist: 682

vlink src/dst: 3 7
number of protected paths set: 3
needed_slices: 42
paths: {0 17 17}
slices required:
{3 2 2}
slices start:
{17 24 26}
tuples:
{27 12 12}
dist: 360
dist: 723
dist: 723

vlink src/dst: 7 15
number of protected paths set: 3
needed_slices: 16
paths: {0 6}
slices required:
{2 2}
slices start:
{23 28}
tuples:
{20 12}
dist: 186
dist: 551

vlink src/dst: 2 7
number of protected paths set: 3
needed_slices: 120
paths: {0 0 0 19 19 19 19}
slices required:
{2 2 2 2 2 2 2}
slices start:
{25 27 29 30 32 34 36}
tuples:
{12 12 12 6 6 6 6}
dist: 687
dist: 687
dist: 687
dist: 1088
dist: 1088
dist: 1088
dist: 1088

vlink src/dst: 7 9
number of protected paths set: 3
needed_slices: 49
paths: {0 14 14}
slices required:
{3 2 2}
slices start:
{31 38 40}
tuples:
{17 6 6}
dist: 588
dist: 823
dist: 823

vlink src/dst: 4 15
number of protected paths set: 15
needed_slices: 36
paths: {0 2}
slices required:
{3 3}
slices start:
{0 10}
tuples:
{17 17}
dist: 515
dist: 549

vlink src/dst: 9 15
number of protected paths set: 15
needed_slices: 72
paths: {1 1 1 5 5 5}
slices required:
{2 2 2 2 2 2}
slices start:
{13 15 20 3 5 7}
tuples:
{12 12 12 12 12 12}
dist: 493
dist: 493
dist: 493
dist: 577
dist: 577
dist: 577

vlink src/dst: 6 19
number of protected paths set: 15
needed_slices: 46
paths: {0 0 10 10 10}
slices required:
{2 2 2 2 2}
slices start:
{22 28 34 36 38}
tuples:
{20 20 12 12 12}
dist: 286
dist: 286
dist: 477
dist: 477
dist: 477

vlink src/dst: 2 15
number of protected paths set: 15
needed_slices: 104
paths: {0 5 5 11 11 14}
slices required:
{2 2 2 2 2 3}
slices start:
{34 13 15 38 40 17}
tuples:
{12 12 12 12 12 11}
dist: 570
dist: 670
dist: 670
dist: 729
dist: 729
dist: 842

vlink src/dst: 13 15
number of protected paths set: 15
needed_slices: 58
paths: {0 0 12 12 12}
slices required:
{2 4 2 2 3}
slices start:
{24 30 20 25 27}
tuples:
{12 34 12 12 17}
dist: 334
dist: 334
dist: 519
dist: 519
dist: 519

vlink src/dst: 12 15
number of protected paths set: 15
needed_slices: 90
paths: {8 8 8 11 11 11}
slices required:
{2 2 2 2 2 2}
slices start:
{26 36 42 42 44 46}
tuples:
{12 12 12 12 12 12}
dist: 648
dist: 648
dist: 648
dist: 731
dist: 731
dist: 731

vlink src/dst: 1 5
number of protected paths set: 15
needed_slices: 72
paths: {0 0 0 10 10 10}
slices required:
{2 2 2 2 2 2}
slices start:
{17 24 26 48 50 52}
tuples:
{12 12 12 12 12 12}
dist: 520
dist: 520
dist: 520
dist: 711
dist: 711
dist: 711

vlink src/dst: 5 18
number of protected paths set: 15
needed_slices: 26
paths: {0 14}
slices required:
{2 2}
slices start:
{30 54}
tuples:
{12 12}
dist: 465
dist: 771

vlink src/dst: 9 19
number of protected paths set: 15
needed_slices: 26
paths: {3 15}
slices required:
{2 2}
slices start:
{4 42}
tuples:
{12 12}
dist: 481
dist: 616

vlink src/dst: 5 11
number of protected paths set: 15
needed_slices: 41
paths: {0 0 5 5}
slices required:
{2 2 2 3}
slices start:
{10 12 6 17}
tuples:
{20 20 12 27}
dist: 210
dist: 210
dist: 354
dist: 354

vlink src/dst: 5 13
number of protected paths set: 15
needed_slices: 28
paths: {0 0 1 1}
slices required:
{2 2 2 2}
slices start:
{3 8 20 22}
tuples:
{20 20 20 20}
dist: 194
dist: 194
dist: 282
dist: 282

vlink src/dst: 3 19
number of protected paths set: 15
needed_slices: 30
paths: {0 0 1 1}
slices required:
{2 3 2 3}
slices start:
{14 44 8 38}
tuples:
{20 28 20 27}
dist: 107
dist: 107
dist: 210
dist: 210

vlink src/dst: 0 3
number of protected paths set: 15
needed_slices: 12
paths: {0 1}
slices required:
{2 2}
slices start:
{0 47}
tuples:
{20 20}
dist: 142
dist: 175

vlink src/dst: 0 2
number of protected paths set: 15
needed_slices: 32
paths: {4 6}
slices required:
{2 2}
slices start:
{36 2}
tuples:
{12 12}
dist: 589
dist: 612

vlink src/dst: 10 11
number of protected paths set: 15
needed_slices: 18
paths: {0 2}
slices required:
{2 2}
slices start:
{9 30}
tuples:
{12 12}
dist: 462
dist: 512

vlink src/dst: 3 11
number of protected paths set: 15
needed_slices: 8
paths: {0 1}
slices required:
{2 2}
slices start:
{0 2}
tuples:
{29 20}
dist: 58
dist: 210

vlink src/dst: 0 13
number of protected paths set: 15
needed_slices: 16
paths: {0 0 1 1}
slices required:
{2 2 2 2}
slices start:
{26 28 22 30}
tuples:
{20 20 20 20}
dist: 168
dist: 168
dist: 184
dist: 184

vlink src/dst: 3 16
number of protected paths set: 15
needed_slices: 12
paths: {0 3}
slices required:
{2 2}
slices start:
{4 4}
tuples:
{20 20}
dist: 133
dist: 261

vlink src/dst: 9 11
number of protected paths set: 15
needed_slices: 42
paths: {0 0 7 7 7}
slices required:
{2 2 2 2 2}
slices start:
{0 2 28 44 46}
tuples:
{20 20 12 12 12}
dist: 239
dist: 239
dist: 543
dist: 543
dist: 543

vlink src/dst: 3 12
number of protected paths set: 15
needed_slices: 24
paths: {1 5}
slices required:
{2 2}
slices start:
{6 8}
tuples:
{12 12}
dist: 420
dist: 470

vlink src/dst: 3 17
number of protected paths set: 15
needed_slices: 50
paths: {0 0 2 2}
slices required:
{2 3 2 3}
slices start:
{6 17 20 44}
tuples:
{12 27 12 18}
dist: 392
dist: 392
dist: 448
dist: 448

vlink src/dst: 2 13
number of protected paths set: 15
needed_slices: 26
paths: {0 3}
slices required:
{2 2}
slices start:
{0 8}
tuples:
{12 12}
dist: 520
dist: 540

vlink src/dst: 16 18
number of protected paths set: 15
needed_slices: 24
paths: {1 11}
slices required:
{2 2}
slices start:
{0 22}
tuples:
{12 12}
dist: 441
dist: 567

vlink src/dst: 7 8
number of protected paths set: 3
needed_slices: 12
paths: {0 1}
slices required:
{2 2}
slices start:
{42 42}
tuples:
{20 12}
dist: 148
dist: 439

vlink src/dst: 14 17
number of protected paths set: 15
needed_slices: 10
paths: {0 1}
slices required:
{2 3}
slices start:
{4 0}
tuples:
{20 27}
dist: 142
dist: 307

vlink src/dst: 12 13
number of protected paths set: 15
needed_slices: 36
paths: {2 2 4 4}
slices required:
{2 2 2 2}
slices start:
{2 4 34 38}
tuples:
{12 12 12 12}
dist: 398
dist: 398
dist: 451
dist: 451

vlink src/dst: 10 17
number of protected paths set: 15
needed_slices: 44
paths: {1 1 6 6}
slices required:
{2 2 2 2}
slices start:
{20 24 3 8}
tuples:
{12 12 12 12}
dist: 696
dist: 696
dist: 749
dist: 749

vlink src/dst: 14 18
number of protected paths set: 15
needed_slices: 54
paths: {1 1 1 5 5 5}
slices required:
{2 2 2 2 2 2}
slices start:
{5 10 12 26 48 50}
tuples:
{12 12 12 12 12 12}
dist: 417
dist: 417
dist: 417
dist: 557
dist: 557
dist: 557

vlink src/dst: 2 4
number of protected paths set: 15
needed_slices: 44
paths: {0 0 9 9 9}
slices required:
{2 2 2 2 2}
slices start:
{0 52 22 52 54}
tuples:
{20 20 12 12 12}
dist: 155
dist: 155
dist: 754
dist: 754
dist: 754

vlink src/dst: 17 18
number of protected paths set: 15
needed_slices: 35
paths: {0 0 3 3}
slices required:
{2 3 2 3}
slices start:
{56 58 14 24}
tuples:
{12 18 12 18}
dist: 409
dist: 409
dist: 463
dist: 463

vlink src/dst: 1 8
number of protected paths set: 3
needed_slices: 22
paths: {0 8}
slices required:
{2 2}
slices start:
{44 56}
tuples:
{12 12}
dist: 527
dist: 640

vlink src/dst: 1 10
number of protected paths set: 15
needed_slices: 25
paths: {0 0 1 1}
slices required:
{2 3 2 3}
slices start:
{0 5 11 26}
tuples:
{12 27 12 27}
dist: 340
dist: 340
dist: 362
dist: 362
26 second(s) taken for solution
29 second(s) taken in total
cost = 1683

