
6 second(s) taken for initialization

vlink src/dst: 3 15
number of protected paths set: 3
needed_slices: 32
paths: {6 12}
slices required:
{2 2}
slices start:
{0 0}
tuples:
{12 12}
dist: 678
dist: 704

vlink src/dst: 11 16
number of protected paths set: 15
needed_slices: 8
paths: {0 1}
slices required:
{2 2}
slices start:
{0 2}
tuples:
{20 12}
dist: 142
dist: 307

vlink src/dst: 3 4
number of protected paths set: 3
needed_slices: 12
paths: {0 1}
slices required:
{2 2}
slices start:
{2 2}
tuples:
{20 20}
dist: 224
dist: 283

vlink src/dst: 7 17
number of protected paths set: 15
needed_slices: 22
paths: {1 3}
slices required:
{2 2}
slices start:
{2 4}
tuples:
{12 12}
dist: 375
dist: 420

vlink src/dst: 4 6
number of protected paths set: 3
needed_slices: 62
paths: {0 0 12 12}
slices required:
{2 3 2 5}
slices start:
{6 8 6 8}
tuples:
{20 27 12 32}
dist: 299
dist: 299
dist: 603
dist: 603

vlink src/dst: 4 5
number of protected paths set: 3
needed_slices: 66
paths: {1 1 1 16 16 16}
slices required:
{2 2 2 2 2 2}
slices start:
{11 13 15 13 15 17}
tuples:
{12 12 12 12 12 12}
dist: 452
dist: 452
dist: 452
dist: 563
dist: 563
dist: 563

vlink src/dst: 14 19
number of protected paths set: 15
needed_slices: 78
paths: {2 2 2 12 12 12}
slices required:
{2 2 2 2 2 2}
slices start:
{4 19 21 17 19 21}
tuples:
{12 12 12 12 12 12}
dist: 471
dist: 471
dist: 471
dist: 718
dist: 718
dist: 718

vlink src/dst: 0 3
number of protected paths set: 3
needed_slices: 72
paths: {1 1 17 17}
slices required:
{2 2 2 2}
slices start:
{23 25 6 8}
tuples:
{6 6 6 6}
dist: 845
dist: 845
dist: 1091
dist: 1091

vlink src/dst: 6 14
number of protected paths set: 15
needed_slices: 78
paths: {0 0 0 12 12 12}
slices required:
{2 2 2 2 2 2}
slices start:
{27 29 31 2 4 23}
tuples:
{12 12 12 12 12 12}
dist: 490
dist: 490
dist: 490
dist: 707
dist: 707
dist: 707

vlink src/dst: 3 14
number of protected paths set: 3
needed_slices: 18
paths: {0 14}
slices required:
{2 2}
slices start:
{10 10}
tuples:
{12 12}
dist: 322
dist: 762

vlink src/dst: 1 7
number of protected paths set: 15
needed_slices: 14
paths: {0 8}
slices required:
{2 2}
slices start:
{33 0}
tuples:
{20 12}
dist: 167
dist: 526

vlink src/dst: 11 14
number of protected paths set: 15
needed_slices: 18
paths: {1 9}
slices required:
{2 2}
slices start:
{23 0}
tuples:
{12 12}
dist: 413
dist: 555

vlink src/dst: 9 11
number of protected paths set: 15
needed_slices: 90
paths: {0 0 0 3 3 3}
slices required:
{2 2 2 2 2 2}
slices start:
{35 37 39 25 33 35}
tuples:
{12 12 12 12 12 12}
dist: 589
dist: 589
dist: 589
dist: 609
dist: 609
dist: 609

vlink src/dst: 10 19
number of protected paths set: 15
needed_slices: 44
paths: {0 3 18}
slices required:
{2 2 2}
slices start:
{6 41 17}
tuples:
{12 12 12}
dist: 616
dist: 631
dist: 779

vlink src/dst: 8 14
number of protected paths set: 3
needed_slices: 78
paths: {1 1 1 7 7 7}
slices required:
{2 2 2 2 2 2}
slices start:
{43 45 47 25 27 29}
tuples:
{12 12 12 12 12 12}
dist: 508
dist: 508
dist: 508
dist: 589
dist: 589
dist: 589

vlink src/dst: 1 11
number of protected paths set: 15
needed_slices: 28
paths: {0 0 1 1}
slices required:
{2 2 2 2}
slices start:
{49 51 23 37}
tuples:
{20 20 20 20}
dist: 219
dist: 219
dist: 271
dist: 271

vlink src/dst: 17 19
number of protected paths set: 15
needed_slices: 6
paths: {0 1}
slices required:
{2 2}
slices start:
{0 2}
tuples:
{20 20}
dist: 103
dist: 124

vlink src/dst: 14 15
number of protected paths set: 15
needed_slices: 24
paths: {0 4}
slices required:
{2 2}
slices start:
{53 12}
tuples:
{12 12}
dist: 482
dist: 552

vlink src/dst: 0 17
number of protected paths set: 3
needed_slices: 68
paths: {4 4 13 13}
slices required:
{2 2 2 2}
slices start:
{6 8 0 10}
tuples:
{12 12 6 6}
dist: 613
dist: 613
dist: 859
dist: 859

vlink src/dst: 12 17
number of protected paths set: 15
needed_slices: 72
paths: {2 2 2 3 3 3}
slices required:
{2 2 2 2 2 2}
slices start:
{19 21 27 27 29 31}
tuples:
{12 12 12 12 12 12}
dist: 467
dist: 467
dist: 467
dist: 478
dist: 478
dist: 478

vlink src/dst: 15 19
number of protected paths set: 15
needed_slices: 36
paths: {4 7}
slices required:
{3 3}
slices start:
{37 37}
tuples:
{27 18}
dist: 386
dist: 419

vlink src/dst: 9 19
number of protected paths set: 15
needed_slices: 22
paths: {0 5}
slices required:
{2 2}
slices start:
{0 29}
tuples:
{12 12}
dist: 527
dist: 558

vlink src/dst: 0 19
number of protected paths set: 3
needed_slices: 93
paths: {0 0 15 15 15}
slices required:
{2 3 2 2 3}
slices start:
{2 11 31 40 42}
tuples:
{12 17 6 6 11}
dist: 578
dist: 578
dist: 892
dist: 892
dist: 892

vlink src/dst: 2 14
number of protected paths set: 3
needed_slices: 90
paths: {0 0 0 11 11 11}
slices required:
{2 2 2 2 2 2}
slices start:
{14 41 43 55 57 59}
tuples:
{12 12 12 12 12 12}
dist: 627
dist: 627
dist: 627
dist: 779
dist: 779
dist: 779

vlink src/dst: 6 15
number of protected paths set: 15
needed_slices: 45
paths: {2 2 4 4}
slices required:
{2 3 2 3}
slices start:
{4 6 45 47}
tuples:
{12 27 12 27}
dist: 321
dist: 321
dist: 355
dist: 355

vlink src/dst: 6 18
number of protected paths set: 3
needed_slices: 122
paths: {0 0 0 17 17 17 17}
slices required:
{2 2 2 2 2 2 2}
slices start:
{50 52 54 9 19 21 23}
tuples:
{12 12 12 6 6 6 6}
dist: 750
dist: 750
dist: 750
dist: 910
dist: 910
dist: 910
dist: 910

vlink src/dst: 1 12
number of protected paths set: 15
needed_slices: 32
paths: {0 0 1 1}
slices required:
{2 2 2 3}
slices start:
{2 4 10 12}
tuples:
{20 20 12 27}
dist: 270
dist: 270
dist: 354
dist: 354

vlink src/dst: 0 1
number of protected paths set: 3
needed_slices: 24
paths: {2 14}
slices required:
{2 2}
slices start:
{33 19}
tuples:
{12 12}
dist: 501
dist: 665

vlink src/dst: 6 9
number of protected paths set: 15
needed_slices: 45
paths: {0 0 2 2}
slices required:
{2 3 2 3}
slices start:
{16 27 56 58}
tuples:
{12 18 12 18}
dist: 464
dist: 464
dist: 485
dist: 485

vlink src/dst: 1 13
number of protected paths set: 3
needed_slices: 67
paths: {0 0 9 9 9}
slices required:
{2 3 2 2 2}
slices start:
{21 45 61 63 65}
tuples:
{12 17 12 12 12}
dist: 511
dist: 511
dist: 649
dist: 649
dist: 649

vlink src/dst: 10 12
number of protected paths set: 15
needed_slices: 52
paths: {0 0 7 7 7}
slices required:
{2 4 2 2 3}
slices start:
{0 45 0 2 4}
tuples:
{12 34 12 12 17}
dist: 334
dist: 334
dist: 573
dist: 573
dist: 573

vlink src/dst: 5 15
number of protected paths set: 15
needed_slices: 8
paths: {0 1}
slices required:
{2 2}
slices start:
{2 2}
tuples:
{29 20}
dist: 52
dist: 271

vlink src/dst: 2 12
number of protected paths set: 3
needed_slices: 42
paths: {0 0 5 5}
slices required:
{2 2 2 3}
slices start:
{4 18 11 13}
tuples:
{20 20 12 17}
dist: 227
dist: 227
dist: 539
dist: 539

vlink src/dst: 2 13
number of protected paths set: 3
needed_slices: 83
paths: {0 0 17 17 17}
slices required:
{2 3 2 2 3}
slices start:
{21 37 16 67 69}
tuples:
{12 27 6 6 11}
dist: 326
dist: 326
dist: 824
dist: 824
dist: 824

vlink src/dst: 0 13
number of protected paths set: 3
needed_slices: 29
paths: {0 0 1 1}
slices required:
{2 2 2 3}
slices start:
{2 4 27 72}
tuples:
{20 20 12 18}
dist: 148
dist: 148
dist: 439
dist: 439

vlink src/dst: 9 13
number of protected paths set: 3
needed_slices: 12
paths: {0 1}
slices required:
{2 2}
slices start:
{14 12}
tuples:
{20 12}
dist: 199
dist: 387

vlink src/dst: 4 10
number of protected paths set: 3
needed_slices: 40
paths: {0 0 2 2}
slices required:
{2 2 2 2}
slices start:
{25 33 33 43}
tuples:
{12 12 12 12}
dist: 535
dist: 535
dist: 551
dist: 551

vlink src/dst: 15 18
number of protected paths set: 3
needed_slices: 20
paths: {1 4}
slices required:
{2 2}
slices start:
{7 4}
tuples:
{12 12}
dist: 530
dist: 584

vlink src/dst: 16 18
number of protected paths set: 3
needed_slices: 78
paths: {1 1 1 6 6 6}
slices required:
{2 2 2 2 2 3}
slices start:
{35 37 39 31 35 37}
tuples:
{12 12 12 6 6 11}
dist: 759
dist: 759
dist: 759
dist: 834
dist: 834
dist: 834

vlink src/dst: 7 18
number of protected paths set: 3
needed_slices: 20
paths: {0 9}
slices required:
{2 2}
slices start:
{49 61}
tuples:
{12 12}
dist: 544
dist: 739
16 second(s) taken for solution
22 second(s) taken in total
cost = 1850

