
12 second(s) taken for initialization

vlink src/dst: 0 16
number of protected paths set: 3
needed_slices: 38
paths: {0 0 3 3 3}
slices required:
{2 2 2 2 2}
slices start:
{0 2 0 2 4}
tuples:
{20 20 12 12 12}
dist: 187
dist: 187
dist: 533
dist: 533
dist: 533

vlink src/dst: 0 5
number of protected paths set: 3
needed_slices: 75
paths: {0 0 3 8 8}
slices required:
{2 2 2 2 5}
slices start:
{4 6 8 6 8}
tuples:
{12 12 12 12 32}
dist: 527
dist: 527
dist: 586
dist: 640
dist: 640

vlink src/dst: 2 11
number of protected paths set: 3
needed_slices: 8
paths: {0 1}
slices required:
{2 3}
slices start:
{0 0}
tuples:
{20 27}
dist: 174
dist: 316

vlink src/dst: 11 16
number of protected paths set: 15
needed_slices: 6
paths: {0 2}
slices required:
{2 2}
slices start:
{10 3}
tuples:
{20 12}
dist: 173
dist: 317

vlink src/dst: 12 15
number of protected paths set: 15
needed_slices: 21
paths: {2 3}
slices required:
{3 3}
slices start:
{13 12}
tuples:
{18 18}
dist: 441
dist: 447

vlink src/dst: 12 18
number of protected paths set: 15
needed_slices: 53
paths: {0 0 1 1 1}
slices required:
{2 4 2 2 3}
slices start:
{6 16 13 15 17}
tuples:
{12 34 12 12 18}
dist: 334
dist: 334
dist: 403
dist: 403
dist: 403

vlink src/dst: 17 18
number of protected paths set: 15
needed_slices: 50
paths: {0 1 1 7 7 13}
slices required:
{2 2 2 2 2 2}
slices start:
{0 2 4 10 20 0}
tuples:
{20 12 12 12 12 12}
dist: 247
dist: 324
dist: 324
dist: 505
dist: 505
dist: 563

vlink src/dst: 2 19
number of protected paths set: 3
needed_slices: 72
paths: {1 3 3 4 4}
slices required:
{2 2 2 2 5}
slices start:
{13 5 7 22 24}
tuples:
{12 12 12 12 32}
dist: 605
dist: 638
dist: 638
dist: 654
dist: 654

vlink src/dst: 1 11
number of protected paths set: 15
needed_slices: 12
paths: {0 2}
slices required:
{2 2}
slices start:
{15 29}
tuples:
{20 12}
dist: 258
dist: 405

vlink src/dst: 5 18
number of protected paths set: 15
needed_slices: 50
paths: {0 0 5 5}
slices required:
{2 3 2 3}
slices start:
{22 24 9 11}
tuples:
{12 18 12 17}
dist: 449
dist: 449
dist: 547
dist: 547

vlink src/dst: 15 18
number of protected paths set: 15
needed_slices: 18
paths: {0 3}
slices required:
{2 2}
slices start:
{27 14}
tuples:
{12 12}
dist: 349
dist: 460

vlink src/dst: 4 12
number of protected paths set: 15
needed_slices: 33
paths: {4 6}
slices required:
{3 3}
slices start:
{31 16}
tuples:
{17 17}
dist: 575
dist: 580

vlink src/dst: 2 4
number of protected paths set: 3
needed_slices: 55
paths: {2 2 5 5 5}
slices required:
{2 3 2 2 2}
slices start:
{6 31 9 16 18}
tuples:
{12 17 12 12 12}
dist: 598
dist: 598
dist: 669
dist: 669
dist: 669

vlink src/dst: 12 14
number of protected paths set: 3
needed_slices: 75
paths: {0 0 11 11}
slices required:
{2 3 2 3}
slices start:
{29 31 0 2}
tuples:
{6 11 6 11}
dist: 814
dist: 814
dist: 923
dist: 923

vlink src/dst: 1 15
number of protected paths set: 15
needed_slices: 14
paths: {0 8}
slices required:
{2 2}
slices start:
{17 34}
tuples:
{20 12}
dist: 234
dist: 554

vlink src/dst: 4 16
number of protected paths set: 15
needed_slices: 56
paths: {0 1 1 6 7 7}
slices required:
{2 2 2 2 2 2}
slices start:
{34 36 38 40 36 38}
tuples:
{12 12 12 12 12 12}
dist: 445
dist: 457
dist: 457
dist: 585
dist: 606
dist: 606

vlink src/dst: 0 10
number of protected paths set: 3
needed_slices: 26
paths: {1 5}
slices required:
{2 2}
slices start:
{10 20}
tuples:
{12 12}
dist: 596
dist: 627

vlink src/dst: 10 17
number of protected paths set: 15
needed_slices: 36
paths: {1 1 6 6}
slices required:
{2 2 2 2}
slices start:
{19 29 2 34}
tuples:
{12 12 12 12}
dist: 373
dist: 373
dist: 473
dist: 473

vlink src/dst: 12 13
number of protected paths set: 15
needed_slices: 102
paths: {0 0 8 9 11 13 13}
slices required:
{2 2 2 2 2 2 2}
slices start:
{36 38 22 42 22 24 26}
tuples:
{12 12 12 12 12 12 12}
dist: 506
dist: 506
dist: 604
dist: 645
dist: 675
dist: 726
dist: 726

vlink src/dst: 2 15
number of protected paths set: 3
needed_slices: 10
paths: {0 2}
slices required:
{2 2}
slices start:
{20 40}
tuples:
{12 12}
dist: 322
dist: 403

vlink src/dst: 5 11
number of protected paths set: 15
needed_slices: 12
paths: {0 0 1 1}
slices required:
{2 2 2 2}
slices start:
{0 2 0 2}
tuples:
{20 20 20 20}
dist: 167
dist: 167
dist: 250
dist: 250

vlink src/dst: 8 17
number of protected paths set: 15
needed_slices: 13
paths: {0 1}
slices required:
{2 3}
slices start:
{40 42}
tuples:
{20 27}
dist: 203
dist: 319

vlink src/dst: 7 11
number of protected paths set: 3
needed_slices: 78
paths: {1 1 1 7 7 7}
slices required:
{2 2 2 2 2 2}
slices start:
{42 44 46 22 24 26}
tuples:
{12 12 12 12 12 12}
dist: 569
dist: 569
dist: 569
dist: 650
dist: 650
dist: 650

vlink src/dst: 2 14
number of protected paths set: 3
needed_slices: 100
paths: {0 0 0 17 17 17 17}
slices required:
{2 2 2 2 2 2 2}
slices start:
{36 38 40 45 47 49 51}
tuples:
{12 12 12 6 6 6 6}
dist: 754
dist: 754
dist: 754
dist: 1036
dist: 1036
dist: 1036
dist: 1036

vlink src/dst: 14 18
number of protected paths set: 3
needed_slices: 118
paths: {5 6 6 8 8 8 8}
slices required:
{2 2 2 2 2 2 2}
slices start:
{6 29 34 53 55 57 59}
tuples:
{12 12 12 12 12 12 12}
dist: 766
dist: 780
dist: 780
dist: 789
dist: 789
dist: 789
dist: 789

vlink src/dst: 1 6
number of protected paths set: 15
needed_slices: 72
paths: {2 2 2 3 3 3}
slices required:
{2 2 2 2 2 2}
slices start:
{0 2 4 48 50 61}
tuples:
{12 12 12 12 12 12}
dist: 467
dist: 467
dist: 467
dist: 478
dist: 478
dist: 478

vlink src/dst: 1 10
number of protected paths set: 15
needed_slices: 24
paths: {1 3}
slices required:
{3 3}
slices start:
{63 6}
tuples:
{27 27}
dist: 337
dist: 381

vlink src/dst: 1 7
number of protected paths set: 3
needed_slices: 72
paths: {2 2 2 12 12 12}
slices required:
{2 2 2 2 2 2}
slices start:
{66 68 70 9 11 13}
tuples:
{12 12 12 12 12 12}
dist: 425
dist: 425
dist: 425
dist: 521
dist: 521
dist: 521

vlink src/dst: 9 18
number of protected paths set: 15
needed_slices: 30
paths: {8 11}
slices required:
{2 2}
slices start:
{16 72}
tuples:
{12 12}
dist: 648
dist: 731

vlink src/dst: 10 18
number of protected paths set: 15
needed_slices: 20
paths: {0 14}
slices required:
{2 2}
slices start:
{18 29}
tuples:
{20 12}
dist: 282
dist: 497

vlink src/dst: 13 18
number of protected paths set: 15
needed_slices: 48
paths: {1 1 5 5 5}
slices required:
{2 2 2 2 2}
slices start:
{20 31 34 44 46}
tuples:
{20 20 12 12 12}
dist: 266
dist: 266
dist: 406
dist: 406
dist: 406

vlink src/dst: 6 19
number of protected paths set: 15
needed_slices: 48
paths: {0 0 0 8 8}
slices required:
{2 2 2 3 3}
slices start:
{0 4 6 11 42}
tuples:
{20 20 20 27 27}
dist: 173
dist: 173
dist: 173
dist: 353
dist: 353

vlink src/dst: 8 9
number of protected paths set: 15
needed_slices: 55
paths: {0 0 10 10}
slices required:
{2 3 2 3}
slices start:
{14 52 24 26}
tuples:
{12 18 12 17}
dist: 424
dist: 424
dist: 557
dist: 557

vlink src/dst: 6 9
number of protected paths set: 15
needed_slices: 16
paths: {0 0 1 1}
slices required:
{2 2 2 2}
slices start:
{0 2 0 2}
tuples:
{20 20 20 20}
dist: 178
dist: 178
dist: 234
dist: 234

vlink src/dst: 6 10
number of protected paths set: 15
needed_slices: 24
paths: {0 0 3 3}
slices required:
{2 2 2 2}
slices start:
{2 15 18 20}
tuples:
{20 20 20 20}
dist: 123
dist: 123
dist: 268
dist: 268

vlink src/dst: 3 6
number of protected paths set: 15
needed_slices: 16
paths: {0 4}
slices required:
{2 2}
slices start:
{4 4}
tuples:
{20 12}
dist: 200
dist: 479

vlink src/dst: 4 14
number of protected paths set: 3
needed_slices: 52
paths: {0 0 6 6}
slices required:
{2 2 2 2}
slices start:
{20 22 17 31}
tuples:
{12 12 12 12}
dist: 377
dist: 377
dist: 617
dist: 617

vlink src/dst: 3 13
number of protected paths set: 15
needed_slices: 31
paths: {0 2 2}
slices required:
{3 2 2}
slices start:
{6 24 26}
tuples:
{27 12 12}
dist: 375
dist: 441
dist: 441

vlink src/dst: 6 14
number of protected paths set: 3
needed_slices: 26
paths: {0 8}
slices required:
{2 2}
slices start:
{9 63}
tuples:
{12 12}
dist: 400
dist: 593

vlink src/dst: 9 14
number of protected paths set: 3
needed_slices: 51
paths: {0 0 3 3 3}
slices required:
{2 3 2 2 2}
slices start:
{11 13 11 24 26}
tuples:
{12 27 12 12 12}
dist: 336
dist: 336
dist: 533
dist: 533
dist: 533
34 second(s) taken for solution
46 second(s) taken in total
cost = 1716

