
5 second(s) taken for initialization

vlink src/dst: 4 12
number of protected paths set: 3
needed_slices: 40
paths: {2 2 4 4}
slices required:
{2 2 2 2}
slices start:
{0 2 0 2}
tuples:
{12 12 12 12}
dist: 305
dist: 305
dist: 318
dist: 318

vlink src/dst: 12 19
number of protected paths set: 3
needed_slices: 28
paths: {0 0 1 1}
slices required:
{2 2 2 3}
slices start:
{4 6 4 6}
tuples:
{29 29 20 27}
dist: 59
dist: 59
dist: 258
dist: 258

vlink src/dst: 14 15
number of protected paths set: 15
needed_slices: 34
paths: {0 0 2 2}
slices required:
{2 3 2 4}
slices start:
{0 2 9 11}
tuples:
{20 28 12 34}
dist: 184
dist: 184
dist: 305
dist: 305

vlink src/dst: 12 13
number of protected paths set: 3
needed_slices: 86
paths: {0 0 0 15 17 17}
slices required:
{2 2 3 2 2 2}
slices start:
{15 17 19 9 11 13}
tuples:
{12 12 18 12 12 12}
dist: 418
dist: 418
dist: 418
dist: 603
dist: 624
dist: 624

vlink src/dst: 0 14
number of protected paths set: 15
needed_slices: 20
paths: {0 8}
slices required:
{2 2}
slices start:
{22 5}
tuples:
{12 12}
dist: 399
dist: 481

vlink src/dst: 12 18
number of protected paths set: 3
needed_slices: 32
paths: {2 11}
slices required:
{2 2}
slices start:
{15 24}
tuples:
{12 12}
dist: 554
dist: 648

vlink src/dst: 4 19
number of protected paths set: 15
needed_slices: 44
paths: {2 2 6 6}
slices required:
{2 2 2 3}
slices start:
{26 28 22 26}
tuples:
{20 20 12 27}
dist: 284
dist: 284
dist: 339
dist: 339

vlink src/dst: 4 5
number of protected paths set: 15
needed_slices: 60
paths: {0 0 13 13}
slices required:
{2 3 2 3}
slices start:
{11 13 29 31}
tuples:
{12 27 12 17}
dist: 307
dist: 307
dist: 599
dist: 599

vlink src/dst: 7 14
number of protected paths set: 15
needed_slices: 64
paths: {3 3 6 6 12 12}
slices required:
{2 2 2 2 2 2}
slices start:
{34 36 0 2 9 11}
tuples:
{12 12 12 12 12 12}
dist: 367
dist: 367
dist: 447
dist: 447
dist: 506
dist: 506

vlink src/dst: 10 14
number of protected paths set: 15
needed_slices: 56
paths: {8 8 11 11}
slices required:
{2 2 2 2}
slices start:
{17 19 38 40}
tuples:
{12 12 12 12}
dist: 654
dist: 654
dist: 682
dist: 682

vlink src/dst: 2 12
number of protected paths set: 3
needed_slices: 80
paths: {7 7 7 9 9 10}
slices required:
{2 2 3 2 2 2}
slices start:
{21 23 30 42 44 46}
tuples:
{12 12 17 12 12 12}
dist: 519
dist: 519
dist: 519
dist: 529
dist: 529
dist: 529

vlink src/dst: 3 5
number of protected paths set: 15
needed_slices: 30
paths: {8 11}
slices required:
{2 2}
slices start:
{48 0}
tuples:
{12 12}
dist: 648
dist: 731

vlink src/dst: 4 7
number of protected paths set: 15
needed_slices: 20
paths: {2 9}
slices required:
{2 2}
slices start:
{4 34}
tuples:
{12 12}
dist: 380
dist: 483

vlink src/dst: 11 12
number of protected paths set: 3
needed_slices: 49
paths: {2 15 15}
slices required:
{3 2 2}
slices start:
{50 50 52}
tuples:
{17 12 12}
dist: 547
dist: 633
dist: 633

vlink src/dst: 15 16
number of protected paths set: 15
needed_slices: 30
paths: {1 13}
slices required:
{2 2}
slices start:
{36 7}
tuples:
{12 12}
dist: 671
dist: 798

vlink src/dst: 12 16
number of protected paths set: 3
needed_slices: 30
paths: {0 17}
slices required:
{2 2}
slices start:
{38 30}
tuples:
{12 12}
dist: 483
dist: 710

vlink src/dst: 1 14
number of protected paths set: 15
needed_slices: 22
paths: {0 8}
slices required:
{2 2}
slices start:
{4 54}
tuples:
{12 12}
dist: 343
dist: 468

vlink src/dst: 5 9
number of protected paths set: 15
needed_slices: 36
paths: {0 0 7 7}
slices required:
{2 2 2 3}
slices start:
{16 18 2 6}
tuples:
{20 20 12 18}
dist: 232
dist: 232
dist: 406
dist: 406

vlink src/dst: 13 19
number of protected paths set: 3
needed_slices: 55
paths: {1 1 16 16}
slices required:
{2 3 2 3}
slices start:
{54 56 2 6}
tuples:
{12 18 12 17}
dist: 452
dist: 452
dist: 563
dist: 563

vlink src/dst: 2 15
number of protected paths set: 15
needed_slices: 52
paths: {1 1 12 12}
slices required:
{2 2 2 2}
slices start:
{17 19 2 7}
tuples:
{12 12 12 12}
dist: 536
dist: 536
dist: 654
dist: 654

vlink src/dst: 8 14
number of protected paths set: 15
needed_slices: 24
paths: {0 4}
slices required:
{2 2}
slices start:
{22 32}
tuples:
{12 12}
dist: 487
dist: 579

vlink src/dst: 1 9
number of protected paths set: 15
needed_slices: 40
paths: {0 0 2 2}
slices required:
{2 2 2 2}
slices start:
{20 24 9 11}
tuples:
{12 12 12 12}
dist: 367
dist: 367
dist: 391
dist: 391

vlink src/dst: 4 6
number of protected paths set: 15
needed_slices: 76
paths: {1 1 12 12 13 13}
slices required:
{2 2 2 2 2 2}
slices start:
{9 34 9 11 59 61}
tuples:
{12 12 12 12 12 12}
dist: 409
dist: 409
dist: 595
dist: 595
dist: 713
dist: 713

vlink src/dst: 9 13
number of protected paths set: 3
needed_slices: 20
paths: {1 3}
slices required:
{2 2}
slices start:
{36 4}
tuples:
{12 12}
dist: 356
dist: 405

vlink src/dst: 3 9
number of protected paths set: 15
needed_slices: 20
paths: {3 4}
slices required:
{2 2}
slices start:
{17 6}
tuples:
{12 12}
dist: 415
dist: 455

vlink src/dst: 8 13
number of protected paths set: 3
needed_slices: 8
paths: {0 1}
slices required:
{2 2}
slices start:
{0 26}
tuples:
{29 12}
dist: 67
dist: 383

vlink src/dst: 11 13
number of protected paths set: 3
needed_slices: 78
paths: {0 0 0 11 11 11}
slices required:
{2 2 2 2 2 2}
slices start:
{13 28 38 28 30 36}
tuples:
{12 12 12 12 12 12}
dist: 719
dist: 719
dist: 719
dist: 793
dist: 793
dist: 793

vlink src/dst: 6 19
number of protected paths set: 15
needed_slices: 24
paths: {0 1}
slices required:
{3 3}
slices start:
{25 4}
tuples:
{27 18}
dist: 358
dist: 438

vlink src/dst: 9 11
number of protected paths set: 15
needed_slices: 54
paths: {0 0 0 2 2 2}
slices required:
{2 2 2 2 2 2}
slices start:
{15 21 23 0 2 4}
tuples:
{12 12 12 12 12 12}
dist: 462
dist: 462
dist: 462
dist: 512
dist: 512
dist: 512

vlink src/dst: 9 18
number of protected paths set: 15
needed_slices: 39
paths: {0 11}
slices required:
{3 3}
slices start:
{19 40}
tuples:
{27 17}
dist: 338
dist: 577

vlink src/dst: 13 15
number of protected paths set: 3
needed_slices: 20
paths: {0 17}
slices required:
{2 2}
slices start:
{0 38}
tuples:
{20 12}
dist: 236
dist: 667

vlink src/dst: 8 17
number of protected paths set: 15
needed_slices: 24
paths: {0 14}
slices required:
{2 2}
slices start:
{40 17}
tuples:
{12 12}
dist: 623
dist: 799

vlink src/dst: 3 13
number of protected paths set: 3
needed_slices: 28
paths: {0 0 1 1}
slices required:
{2 2 2 3}
slices start:
{2 4 15 19}
tuples:
{20 20 12 27}
dist: 195
dist: 195
dist: 313
dist: 313

vlink src/dst: 0 6
number of protected paths set: 15
needed_slices: 10
paths: {0 1}
slices required:
{2 2}
slices start:
{0 0}
tuples:
{20 12}
dist: 254
dist: 304

vlink src/dst: 2 8
number of protected paths set: 15
needed_slices: 67
paths: {1 1 2 2 2 3}
slices required:
{2 2 2 2 3 2}
slices start:
{26 33 48 53 55 35}
tuples:
{12 12 12 12 17 12}
dist: 539
dist: 539
dist: 555
dist: 555
dist: 555
dist: 577

vlink src/dst: 5 6
number of protected paths set: 15
needed_slices: 18
paths: {0 3}
slices required:
{2 2}
slices start:
{63 40}
tuples:
{12 12}
dist: 349
dist: 460

vlink src/dst: 6 8
number of protected paths set: 15
needed_slices: 21
paths: {0 1}
slices required:
{3 3}
slices start:
{42 2}
tuples:
{18 18}
dist: 428
dist: 441

vlink src/dst: 3 10
number of protected paths set: 15
needed_slices: 68
paths: {0 0 10 10 13}
slices required:
{2 2 2 2 2}
slices start:
{15 36 5 7 32}
tuples:
{12 12 12 12 6}
dist: 653
dist: 653
dist: 778
dist: 778
dist: 846

vlink src/dst: 2 18
number of protected paths set: 15
needed_slices: 22
paths: {3 4}
slices required:
{2 2}
slices start:
{25 15}
tuples:
{12 12}
dist: 554
dist: 592

vlink src/dst: 0 18
number of protected paths set: 15
needed_slices: 15
paths: {0 1}
slices required:
{3 3}
slices start:
{2 45}
tuples:
{28 27}
dist: 178
dist: 331
20 second(s) taken for solution
25 second(s) taken in total
cost = 1544

