
4 second(s) taken for initialization

vlink src/dst: 2 13
number of protected paths set: 3
needed_slices: 24
paths: {0 15}
slices required:
{2 2}
slices start:
{0 0}
tuples:
{12 12}
dist: 534
dist: 764

vlink src/dst: 2 18
number of protected paths set: 15
needed_slices: 22
paths: {3 4}
slices required:
{2 2}
slices start:
{2 2}
tuples:
{12 12}
dist: 554
dist: 592

vlink src/dst: 7 13
number of protected paths set: 3
needed_slices: 76
paths: {2 2 9 9}
slices required:
{2 2 2 2}
slices start:
{4 6 4 6}
tuples:
{6 6 6 6}
dist: 816
dist: 816
dist: 873
dist: 873

vlink src/dst: 13 17
number of protected paths set: 3
needed_slices: 48
paths: {1 1 5 5}
slices required:
{2 2 2 2}
slices start:
{8 10 8 10}
tuples:
{12 12 12 12}
dist: 609
dist: 609
dist: 689
dist: 689

vlink src/dst: 1 18
number of protected paths set: 15
needed_slices: 56
paths: {0 15 15}
slices required:
{3 2 2}
slices start:
{12 12 14}
tuples:
{17 6 6}
dist: 570
dist: 842
dist: 842

vlink src/dst: 10 13
number of protected paths set: 3
needed_slices: 70
paths: {0 0 5 5}
slices required:
{2 3 2 3}
slices start:
{15 17 2 12}
tuples:
{12 18 12 17}
dist: 449
dist: 449
dist: 582
dist: 582

vlink src/dst: 6 18
number of protected paths set: 15
needed_slices: 12
paths: {0 0 1 1}
slices required:
{2 2 2 2}
slices start:
{20 22 16 18}
tuples:
{29 29 20 20}
dist: 99
dist: 99
dist: 265
dist: 265

vlink src/dst: 9 13
number of protected paths set: 3
needed_slices: 51
paths: {0 0 3 3 3}
slices required:
{2 3 2 2 2}
slices start:
{15 17 20 22 24}
tuples:
{12 27 12 12 12}
dist: 336
dist: 336
dist: 533
dist: 533
dist: 533

vlink src/dst: 0 9
number of protected paths set: 15
needed_slices: 34
paths: {0 0 1 1}
slices required:
{2 3 2 4}
slices start:
{0 2 0 4}
tuples:
{20 28 12 34}
dist: 189
dist: 189
dist: 319
dist: 319

vlink src/dst: 0 3
number of protected paths set: 15
needed_slices: 12
paths: {0 3}
slices required:
{2 2}
slices start:
{8 20}
tuples:
{20 12}
dist: 195
dist: 375

vlink src/dst: 6 9
number of protected paths set: 15
needed_slices: 36
paths: {0 0 1 1}
slices required:
{2 4 2 4}
slices start:
{26 28 22 24}
tuples:
{12 34 12 34}
dist: 330
dist: 330
dist: 354
dist: 354

vlink src/dst: 4 6
number of protected paths set: 15
needed_slices: 40
paths: {0 7 7}
slices required:
{3 2 2}
slices start:
{22 28 30}
tuples:
{27 12 12}
dist: 277
dist: 520
dist: 520

vlink src/dst: 0 8
number of protected paths set: 15
needed_slices: 24
paths: {0 5}
slices required:
{3 3}
slices start:
{32 15}
tuples:
{18 17}
dist: 415
dist: 572

vlink src/dst: 6 10
number of protected paths set: 15
needed_slices: 42
paths: {0 0 7 7 7}
slices required:
{2 2 2 2 2}
slices start:
{32 34 16 18 20}
tuples:
{20 20 12 12 12}
dist: 239
dist: 239
dist: 543
dist: 543
dist: 543

vlink src/dst: 6 19
number of protected paths set: 15
needed_slices: 26
paths: {3 15}
slices required:
{2 2}
slices start:
{36 22}
tuples:
{12 12}
dist: 481
dist: 616

vlink src/dst: 3 8
number of protected paths set: 15
needed_slices: 60
paths: {1 1 1 7 7 7}
slices required:
{2 2 2 2 2 2}
slices start:
{0 2 4 35 37 39}
tuples:
{12 12 12 12 12 12}
dist: 472
dist: 472
dist: 472
dist: 617
dist: 617
dist: 617

vlink src/dst: 8 12
number of protected paths set: 15
needed_slices: 60
paths: {0 0 0 7 9 9}
slices required:
{2 2 3 2 2 2}
slices start:
{6 8 24 41 20 25}
tuples:
{12 12 18 12 12 12}
dist: 453
dist: 453
dist: 453
dist: 511
dist: 518
dist: 518

vlink src/dst: 9 14
number of protected paths set: 3
needed_slices: 40
paths: {0 17}
slices required:
{2 2}
slices start:
{38 0}
tuples:
{6 6}
dist: 850
dist: 994

vlink src/dst: 3 15
number of protected paths set: 15
needed_slices: 24
paths: {4 6}
slices required:
{2 2}
slices start:
{43 8}
tuples:
{12 12}
dist: 478
dist: 498

vlink src/dst: 9 15
number of protected paths set: 15
needed_slices: 48
paths: {0 8 15}
slices required:
{2 2 2}
slices start:
{10 2 45}
tuples:
{12 12 6}
dist: 538
dist: 673
dist: 867

vlink src/dst: 2 4
number of protected paths set: 15
needed_slices: 86
paths: {1 1 12 12 12 12}
slices required:
{3 3 2 2 2 2}
slices start:
{16 27 32 34 36 40}
tuples:
{27 27 12 12 12 12}
dist: 398
dist: 398
dist: 650
dist: 650
dist: 650
dist: 650

vlink src/dst: 8 10
number of protected paths set: 15
needed_slices: 16
paths: {0 8}
slices required:
{2 2}
slices start:
{10 27}
tuples:
{12 12}
dist: 403
dist: 505

vlink src/dst: 4 17
number of protected paths set: 15
needed_slices: 18
paths: {0 12}
slices required:
{2 2}
slices start:
{4 4}
tuples:
{12 12}
dist: 305
dist: 534

vlink src/dst: 3 19
number of protected paths set: 15
needed_slices: 22
paths: {0 13}
slices required:
{2 2}
slices start:
{6 47}
tuples:
{12 12}
dist: 372
dist: 478

vlink src/dst: 4 5
number of protected paths set: 15
needed_slices: 25
paths: {0 12}
slices required:
{2 3}
slices start:
{19 12}
tuples:
{20 18}
dist: 262
dist: 454

vlink src/dst: 12 15
number of protected paths set: 15
needed_slices: 37
paths: {1 1 2 2}
slices required:
{2 2 2 3}
slices start:
{6 15 15 21}
tuples:
{20 20 12 27}
dist: 286
dist: 286
dist: 304
dist: 304

vlink src/dst: 10 15
number of protected paths set: 15
needed_slices: 30
paths: {0 0 0 4 4}
slices required:
{2 2 2 3 3}
slices start:
{0 2 8 12 30}
tuples:
{20 20 20 27 27}
dist: 187
dist: 187
dist: 187
dist: 375
dist: 375

vlink src/dst: 5 10
number of protected paths set: 15
needed_slices: 24
paths: {1 1 2 2}
slices required:
{2 2 2 2}
slices start:
{17 24 27 33}
tuples:
{20 20 12 12}
dist: 249
dist: 249
dist: 301
dist: 301

vlink src/dst: 1 10
number of protected paths set: 15
needed_slices: 16
paths: {0 7}
slices required:
{2 2}
slices start:
{29 22}
tuples:
{20 12}
dist: 232
dist: 406

vlink src/dst: 1 8
number of protected paths set: 15
needed_slices: 20
paths: {0 4}
slices required:
{2 2}
slices start:
{19 31}
tuples:
{12 12}
dist: 449
dist: 547

vlink src/dst: 12 16
number of protected paths set: 3
needed_slices: 24
paths: {0 6}
slices required:
{2 2}
slices start:
{35 0}
tuples:
{12 12}
dist: 460
dist: 551

vlink src/dst: 11 16
number of protected paths set: 3
needed_slices: 18
paths: {2 3}
slices required:
{2 2}
slices start:
{2 24}
tuples:
{12 12}
dist: 475
dist: 478

vlink src/dst: 7 19
number of protected paths set: 15
needed_slices: 16
paths: {1 3}
slices required:
{2 2}
slices start:
{8 10}
tuples:
{12 12}
dist: 315
dist: 342

vlink src/dst: 15 19
number of protected paths set: 15
needed_slices: 16
paths: {0 3}
slices required:
{2 2}
slices start:
{37 19}
tuples:
{20 12}
dist: 144
dist: 340

vlink src/dst: 1 7
number of protected paths set: 15
needed_slices: 16
paths: {0 0 1 1}
slices required:
{2 2 2 2}
slices start:
{2 10 0 2}
tuples:
{20 20 20 20}
dist: 135
dist: 135
dist: 217
dist: 217

vlink src/dst: 7 16
number of protected paths set: 3
needed_slices: 50
paths: {0 0 7 7 7}
slices required:
{2 2 2 2 2}
slices start:
{12 14 17 39 41}
tuples:
{20 20 12 12 12}
dist: 127
dist: 127
dist: 639
dist: 639
dist: 639

vlink src/dst: 16 17
number of protected paths set: 3
needed_slices: 18
paths: {0 13}
slices required:
{2 2}
slices start:
{26 6}
tuples:
{20 12}
dist: 284
dist: 604

vlink src/dst: 7 15
number of protected paths set: 15
needed_slices: 24
paths: {0 0 1 1}
slices required:
{2 2 2 2}
slices start:
{8 12 19 33}
tuples:
{20 20 20 20}
dist: 191
dist: 191
dist: 246
dist: 246

vlink src/dst: 1 2
number of protected paths set: 15
needed_slices: 50
paths: {0 1 1 7 7 12}
slices required:
{2 2 2 2 2 2}
slices start:
{30 43 47 4 6 45}
tuples:
{20 12 12 12 12 12}
dist: 247
dist: 324
dist: 324
dist: 505
dist: 505
dist: 563

vlink src/dst: 2 17
number of protected paths set: 15
needed_slices: 8
paths: {0 1}
slices required:
{2 2}
slices start:
{21 0}
tuples:
{29 12}
dist: 75
dist: 404
34 second(s) taken for solution
38 second(s) taken in total
cost = 1339

