
4 second(s) taken for initialization

vlink src/dst: 3 19
number of protected paths set: 15
needed_slices: 8
paths: {0 1}
slices required:
{2 2}
slices start:
{0 0}
tuples:
{20 20}
dist: 178
dist: 234

vlink src/dst: 18 19
number of protected paths set: 15
needed_slices: 92
paths: {0 0 11 11 17 17}
slices required:
{2 2 2 2 2 2}
slices start:
{2 4 2 4 0 2}
tuples:
{12 12 12 12 12 12}
dist: 486
dist: 486
dist: 584
dist: 584
dist: 740
dist: 740

vlink src/dst: 10 19
number of protected paths set: 15
needed_slices: 72
paths: {0 1 1 5 5 6}
slices required:
{2 2 2 2 2 2}
slices start:
{6 8 10 8 10 6}
tuples:
{12 12 12 12 12 12}
dist: 409
dist: 420
dist: 420
dist: 470
dist: 470
dist: 479

vlink src/dst: 7 11
number of protected paths set: 3
needed_slices: 81
paths: {0 0 1 15 15}
slices required:
{2 2 2 2 5}
slices start:
{12 14 16 6 8}
tuples:
{12 12 12 12 32}
dist: 420
dist: 420
dist: 439
dist: 647
dist: 647

vlink src/dst: 3 5
number of protected paths set: 15
needed_slices: 6
paths: {0 1}
slices required:
{2 2}
slices start:
{0 0}
tuples:
{20 20}
dist: 103
dist: 124

vlink src/dst: 8 14
number of protected paths set: 3
needed_slices: 36
paths: {0 11}
slices required:
{3 3}
slices start:
{12 12}
tuples:
{27 18}
dist: 307
dist: 493

vlink src/dst: 14 19
number of protected paths set: 15
needed_slices: 80
paths: {4 4 8 8 18}
slices required:
{2 2 2 2 2}
slices start:
{15 17 18 20 4}
tuples:
{12 12 12 12 6}
dist: 592
dist: 592
dist: 619
dist: 619
dist: 867

vlink src/dst: 8 9
number of protected paths set: 3
needed_slices: 72
paths: {1 1 1 14 14 14}
slices required:
{2 2 2 2 2 2}
slices start:
{19 21 23 22 24 26}
tuples:
{12 12 12 12 12 12}
dist: 443
dist: 443
dist: 443
dist: 604
dist: 604
dist: 604

vlink src/dst: 4 19
number of protected paths set: 15
needed_slices: 22
paths: {0 10}
slices required:
{2 2}
slices start:
{13 25}
tuples:
{12 12}
dist: 424
dist: 557

vlink src/dst: 8 15
number of protected paths set: 3
needed_slices: 30
paths: {2 15}
slices required:
{2 2}
slices start:
{27 28}
tuples:
{12 12}
dist: 600
dist: 752

vlink src/dst: 4 5
number of protected paths set: 15
needed_slices: 20
paths: {1 7}
slices required:
{2 2}
slices start:
{29 0}
tuples:
{12 12}
dist: 333
dist: 398

vlink src/dst: 2 3
number of protected paths set: 3
needed_slices: 30
paths: {0 3}
slices required:
{2 2}
slices start:
{28 31}
tuples:
{12 12}
dist: 765
dist: 788

vlink src/dst: 2 5
number of protected paths set: 3
needed_slices: 153
paths: {0 0 0 0 6 6 6 6}
slices required:
{2 2 2 3 2 2 2 3}
slices start:
{2 4 22 24 33 35 37 39}
tuples:
{6 6 6 11 6 6 6 11}
dist: 813
dist: 813
dist: 813
dist: 813
dist: 836
dist: 836
dist: 836
dist: 836

vlink src/dst: 5 9
number of protected paths set: 15
needed_slices: 26
paths: {1 10}
slices required:
{2 2}
slices start:
{42 30}
tuples:
{12 12}
dist: 536
dist: 654

vlink src/dst: 3 7
number of protected paths set: 15
needed_slices: 32
paths: {0 0 2 2}
slices required:
{2 2 2 3}
slices start:
{6 8 22 30}
tuples:
{20 20 12 27}
dist: 287
dist: 287
dist: 315
dist: 315

vlink src/dst: 5 7
number of protected paths set: 15
needed_slices: 12
paths: {0 2}
slices required:
{2 2}
slices start:
{10 24}
tuples:
{20 12}
dist: 184
dist: 305

vlink src/dst: 5 18
number of protected paths set: 15
needed_slices: 20
paths: {1 2}
slices required:
{2 2}
slices start:
{44 18}
tuples:
{12 12}
dist: 309
dist: 331

vlink src/dst: 5 16
number of protected paths set: 15
needed_slices: 101
paths: {0 1 1 13 13 14}
slices required:
{2 2 2 2 2 3}
slices start:
{30 46 48 20 27 50}
tuples:
{12 12 12 12 12 11}
dist: 662
dist: 671
dist: 671
dist: 798
dist: 798
dist: 807

vlink src/dst: 5 14
number of protected paths set: 15
needed_slices: 22
paths: {1 5}
slices required:
{2 2}
slices start:
{53 32}
tuples:
{12 12}
dist: 361
dist: 446

vlink src/dst: 1 17
number of protected paths set: 15
needed_slices: 52
paths: {1 4 17}
slices required:
{2 2 2}
slices start:
{22 34 0}
tuples:
{12 12 6}
dist: 611
dist: 621
dist: 1036

vlink src/dst: 1 7
number of protected paths set: 15
needed_slices: 20
paths: {0 0 1 1}
slices required:
{2 2 2 2}
slices start:
{0 2 0 13}
tuples:
{29 29 20 20}
dist: 73
dist: 73
dist: 174
dist: 174

vlink src/dst: 4 10
number of protected paths set: 15
needed_slices: 8
paths: {0 2}
slices required:
{2 2}
slices start:
{19 6}
tuples:
{20 20}
dist: 160
dist: 223

vlink src/dst: 6 7
number of protected paths set: 15
needed_slices: 28
paths: {8 11}
slices required:
{2 2}
slices start:
{8 55}
tuples:
{12 12}
dist: 654
dist: 682

vlink src/dst: 1 4
number of protected paths set: 15
needed_slices: 18
paths: {0 7}
slices required:
{2 2}
slices start:
{10 36}
tuples:
{20 12}
dist: 219
dist: 457

vlink src/dst: 7 14
number of protected paths set: 15
needed_slices: 18
paths: {0 6}
slices required:
{2 2}
slices start:
{6 36}
tuples:
{20 12}
dist: 262
dist: 414

vlink src/dst: 7 13
number of protected paths set: 15
needed_slices: 78
paths: {0 0 0 11 11 11}
slices required:
{2 2 2 2 2 2}
slices start:
{15 38 40 57 59 61}
tuples:
{12 12 12 12 12 12}
dist: 506
dist: 506
dist: 506
dist: 658
dist: 658
dist: 658

vlink src/dst: 9 19
number of protected paths set: 15
needed_slices: 42
paths: {0 10 13}
slices required:
{2 2 2}
slices start:
{32 44 6}
tuples:
{12 12 6}
dist: 607
dist: 719
dist: 854

vlink src/dst: 5 17
number of protected paths set: 15
needed_slices: 60
paths: {1 1 6 6 6}
slices required:
{2 3 2 2 2}
slices start:
{55 57 19 21 23}
tuples:
{12 27 12 12 12}
dist: 375
dist: 375
dist: 529
dist: 529
dist: 529

vlink src/dst: 4 14
number of protected paths set: 15
needed_slices: 26
paths: {0 0 1 1 3}
slices required:
{2 2 2 2 2}
slices start:
{4 22 0 2 33}
tuples:
{20 20 20 20 20}
dist: 258
dist: 258
dist: 272
dist: 272
dist: 292

vlink src/dst: 0 7
number of protected paths set: 3
needed_slices: 10
paths: {0 1}
slices required:
{2 2}
slices start:
{15 24}
tuples:
{29 20}
dist: 96
dist: 150

vlink src/dst: 11 17
number of protected paths set: 3
needed_slices: 28
paths: {0 0 2 2}
slices required:
{2 2 2 3}
slices start:
{13 15 0 2}
tuples:
{20 20 12 18}
dist: 120
dist: 120
dist: 447
dist: 447

vlink src/dst: 12 19
number of protected paths set: 15
needed_slices: 32
paths: {1 12 12}
slices required:
{3 2 2}
slices start:
{8 34 36}
tuples:
{18 12 12}
dist: 407
dist: 676
dist: 676

vlink src/dst: 2 11
number of protected paths set: 3
needed_slices: 100
paths: {0 0 0 18 18 18 18}
slices required:
{2 2 2 2 2 2 2}
slices start:
{10 18 20 17 19 38 40}
tuples:
{12 12 12 6 6 6 6}
dist: 782
dist: 782
dist: 782
dist: 912
dist: 912
dist: 912
dist: 912

vlink src/dst: 6 17
number of protected paths set: 15
needed_slices: 20
paths: {3 5}
slices required:
{2 2}
slices start:
{11 42}
tuples:
{12 12}
dist: 612
dist: 634

vlink src/dst: 4 12
number of protected paths set: 15
needed_slices: 21
paths: {0 2}
slices required:
{3 3}
slices start:
{44 0}
tuples:
{27 27}
dist: 308
dist: 384

vlink src/dst: 12 13
number of protected paths set: 15
needed_slices: 8
paths: {0 2}
slices required:
{2 2}
slices start:
{2 3}
tuples:
{20 12}
dist: 166
dist: 372

vlink src/dst: 14 15
number of protected paths set: 15
needed_slices: 12
paths: {0 1}
slices required:
{2 2}
slices start:
{0 6}
tuples:
{12 12}
dist: 320
dist: 377

vlink src/dst: 9 13
number of protected paths set: 15
needed_slices: 6
paths: {0 1}
slices required:
{2 2}
slices start:
{2 0}
tuples:
{20 20}
dist: 102
dist: 276

vlink src/dst: 2 4
number of protected paths set: 3
needed_slices: 48
paths: {2 2 2 3 3 3}
slices required:
{2 2 2 2 2 2}
slices start:
{6 8 10 12 44 46}
tuples:
{12 12 12 12 12 12}
dist: 513
dist: 513
dist: 513
dist: 540
dist: 540
dist: 540

vlink src/dst: 2 13
number of protected paths set: 3
needed_slices: 28
paths: {0 0 2 2 2}
slices required:
{2 3 2 2 2}
slices start:
{2 14 13 15 34}
tuples:
{12 27 12 12 12}
dist: 322
dist: 322
dist: 403
dist: 403
dist: 403
24 second(s) taken for solution
28 second(s) taken in total
cost = 1578

