
9 second(s) taken for initialization

vlink src/dst: 0 4
number of protected paths set: 15
needed_slices: 21
paths: {0 8}
slices required:
{2 3}
slices start:
{0 0}
tuples:
{20 27}
dist: 190
dist: 388

vlink src/dst: 5 17
number of protected paths set: 3
needed_slices: 14
paths: {0 2}
slices required:
{2 2}
slices start:
{2 3}
tuples:
{20 20}
dist: 203
dist: 272

vlink src/dst: 7 17
number of protected paths set: 3
needed_slices: 12
paths: {0 1}
slices required:
{2 2}
slices start:
{0 4}
tuples:
{29 20}
dist: 59
dist: 258

vlink src/dst: 4 5
number of protected paths set: 15
needed_slices: 16
paths: {0 0 1 1}
slices required:
{2 2 2 2}
slices start:
{6 8 5 7}
tuples:
{20 20 20 20}
dist: 168
dist: 168
dist: 184
dist: 184

vlink src/dst: 10 17
number of protected paths set: 3
needed_slices: 32
paths: {0 0 2 2}
slices required:
{2 2 2 2}
slices start:
{6 8 10 12}
tuples:
{20 20 20 20}
dist: 194
dist: 194
dist: 254
dist: 254

vlink src/dst: 0 2
number of protected paths set: 15
needed_slices: 45
paths: {2 2 3 3}
slices required:
{2 2 2 3}
slices start:
{2 14 14 16}
tuples:
{20 20 12 27}
dist: 289
dist: 289
dist: 335
dist: 335

vlink src/dst: 1 7
number of protected paths set: 3
needed_slices: 32
paths: {0 16}
slices required:
{2 2}
slices start:
{16 19}
tuples:
{12 12}
dist: 431
dist: 640

vlink src/dst: 9 17
number of protected paths set: 3
needed_slices: 16
paths: {0 1}
slices required:
{2 2}
slices start:
{21 21}
tuples:
{20 20}
dist: 200
dist: 249

vlink src/dst: 4 14
number of protected paths set: 15
needed_slices: 45
paths: {0 0 4 4}
slices required:
{2 3 2 4}
slices start:
{23 25 23 25}
tuples:
{20 27 12 34}
dist: 250
dist: 250
dist: 328
dist: 328

vlink src/dst: 4 11
number of protected paths set: 15
needed_slices: 26
paths: {0 12}
slices required:
{2 2}
slices start:
{28 29}
tuples:
{12 12}
dist: 473
dist: 625

vlink src/dst: 2 9
number of protected paths set: 15
needed_slices: 16
paths: {0 1}
slices required:
{2 2}
slices start:
{31 31}
tuples:
{20 20}
dist: 215
dist: 233

vlink src/dst: 1 15
number of protected paths set: 3
needed_slices: 76
paths: {0 0 17 17}
slices required:
{2 2 2 2}
slices start:
{18 23 9 11}
tuples:
{12 12 6 6}
dist: 706
dist: 706
dist: 907
dist: 907

vlink src/dst: 1 4
number of protected paths set: 3
needed_slices: 22
paths: {0 16}
slices required:
{2 2}
slices start:
{33 13}
tuples:
{12 12}
dist: 373
dist: 642

vlink src/dst: 9 10
number of protected paths set: 15
needed_slices: 6
paths: {0 1}
slices required:
{2 2}
slices start:
{0 0}
tuples:
{29 20}
dist: 50
dist: 159

vlink src/dst: 5 12
number of protected paths set: 15
needed_slices: 18
paths: {0 12}
slices required:
{2 2}
slices start:
{0 15}
tuples:
{12 12}
dist: 334
dist: 519

vlink src/dst: 0 5
number of protected paths set: 15
needed_slices: 24
paths: {0 0 1 1}
slices required:
{2 2 2 2}
slices start:
{3 5 4 33}
tuples:
{20 20 20 20}
dist: 201
dist: 201
dist: 211
dist: 211

vlink src/dst: 5 10
number of protected paths set: 15
needed_slices: 32
paths: {0 0 2 2}
slices required:
{2 2 2 2}
slices start:
{10 12 7 25}
tuples:
{20 20 20 20}
dist: 218
dist: 218
dist: 281
dist: 281

vlink src/dst: 9 14
number of protected paths set: 15
needed_slices: 12
paths: {0 0 1 1}
slices required:
{2 2 2 2}
slices start:
{2 4 2 4}
tuples:
{29 29 20 20}
dist: 85
dist: 85
dist: 124
dist: 124

vlink src/dst: 2 11
number of protected paths set: 15
needed_slices: 26
paths: {3 5}
slices required:
{2 2}
slices start:
{35 4}
tuples:
{12 12}
dist: 537
dist: 559

vlink src/dst: 12 17
number of protected paths set: 3
needed_slices: 52
paths: {0 0 9 9 13}
slices required:
{2 3 2 2 2}
slices start:
{10 37 33 37 39}
tuples:
{20 28 12 12 12}
dist: 156
dist: 156
dist: 495
dist: 495
dist: 512

vlink src/dst: 7 16
number of protected paths set: 15
needed_slices: 14
paths: {0 6}
slices required:
{2 2}
slices start:
{25 0}
tuples:
{20 12}
dist: 295
dist: 413

vlink src/dst: 15 17
number of protected paths set: 3
needed_slices: 40
paths: {2 2 3 3}
slices required:
{2 3 2 3}
slices start:
{12 40 41 43}
tuples:
{12 27 12 18}
dist: 387
dist: 387
dist: 425
dist: 425

vlink src/dst: 5 13
number of protected paths set: 15
needed_slices: 75
paths: {0 0 1 9 9 9}
slices required:
{2 2 2 2 2 3}
slices start:
{16 18 20 27 29 35}
tuples:
{12 12 12 12 12 17}
dist: 431
dist: 431
dist: 437
dist: 513
dist: 513
dist: 513

vlink src/dst: 12 14
number of protected paths set: 15
needed_slices: 27
paths: {2 4}
slices required:
{3 3}
slices start:
{27 0}
tuples:
{27 27}
dist: 366
dist: 389

vlink src/dst: 10 18
number of protected paths set: 15
needed_slices: 12
paths: {0 0 1 1}
slices required:
{2 2 2 2}
slices start:
{0 2 6 8}
tuples:
{20 20 20 20}
dist: 102
dist: 102
dist: 159
dist: 159

vlink src/dst: 2 15
number of protected paths set: 3
needed_slices: 14
paths: {0 1}
slices required:
{2 2}
slices start:
{0 35}
tuples:
{20 12}
dist: 297
dist: 310

vlink src/dst: 15 16
number of protected paths set: 3
needed_slices: 76
paths: {0 0 14 14 14}
slices required:
{2 3 2 2 2}
slices start:
{43 45 16 33 46}
tuples:
{12 17 12 12 12}
dist: 570
dist: 570
dist: 743
dist: 743
dist: 743

vlink src/dst: 10 12
number of protected paths set: 15
needed_slices: 16
paths: {0 7}
slices required:
{2 2}
slices start:
{33 4}
tuples:
{20 12}
dist: 232
dist: 406

vlink src/dst: 0 11
number of protected paths set: 15
needed_slices: 60
paths: {2 2 8 8}
slices required:
{2 3 2 3}
slices start:
{0 2 38 40}
tuples:
{12 18 12 17}
dist: 422
dist: 422
dist: 567
dist: 567

vlink src/dst: 7 11
number of protected paths set: 15
needed_slices: 20
paths: {0 3}
slices required:
{2 2}
slices start:
{37 2}
tuples:
{12 12}
dist: 430
dist: 528

vlink src/dst: 13 18
number of protected paths set: 15
needed_slices: 10
paths: {0 2}
slices required:
{2 2}
slices start:
{6 6}
tuples:
{20 12}
dist: 128
dist: 404

vlink src/dst: 14 19
number of protected paths set: 15
needed_slices: 32
paths: {0 0 1 1}
slices required:
{2 2 2 3}
slices start:
{10 12 14 48}
tuples:
{20 20 12 27}
dist: 270
dist: 270
dist: 354
dist: 354

vlink src/dst: 6 10
number of protected paths set: 15
needed_slices: 37
paths: {0 0 7 7}
slices required:
{2 2 2 3}
slices start:
{10 12 6 8}
tuples:
{20 20 12 17}
dist: 239
dist: 239
dist: 543
dist: 543

vlink src/dst: 14 16
number of protected paths set: 15
needed_slices: 8
paths: {0 1}
slices required:
{2 2}
slices start:
{0 14}
tuples:
{29 12}
dist: 88
dist: 354

vlink src/dst: 1 9
number of protected paths set: 3
needed_slices: 23
paths: {0 13}
slices required:
{2 3}
slices start:
{9 6}
tuples:
{20 17}
dist: 246
dist: 538

vlink src/dst: 3 13
number of protected paths set: 15
needed_slices: 24
paths: {1 7}
slices required:
{2 2}
slices start:
{43 11}
tuples:
{12 12}
dist: 461
dist: 567

vlink src/dst: 7 12
number of protected paths set: 15
needed_slices: 28
paths: {0 0 3 3}
slices required:
{2 2 2 3}
slices start:
{2 4 48 50}
tuples:
{29 29 12 27}
dist: 97
dist: 97
dist: 400
dist: 400

vlink src/dst: 6 19
number of protected paths set: 15
needed_slices: 77
paths: {1 1 1 2 2 2}
slices required:
{2 2 3 2 2 3}
slices start:
{14 16 22 41 51 53}
tuples:
{12 12 18 12 12 17}
dist: 456
dist: 456
dist: 456
dist: 523
dist: 523
dist: 523

vlink src/dst: 8 18
number of protected paths set: 15
needed_slices: 8
paths: {0 1}
slices required:
{2 2}
slices start:
{11 3}
tuples:
{20 12}
dist: 113
dist: 329

vlink src/dst: 6 13
number of protected paths set: 15
needed_slices: 40
paths: {0 0 1 1}
slices required:
{2 3 2 3}
slices start:
{16 18 18 25}
tuples:
{12 27 12 18}
dist: 380
dist: 380
dist: 403
dist: 403
23 second(s) taken for solution
32 second(s) taken in total
cost = 1184

