
9 second(s) taken for initialization

vlink src/dst: 1 7
number of protected paths set: 3
needed_slices: 18
paths: {0 8}
slices required:
{2 2}
slices start:
{0 0}
tuples:
{20 12}
dist: 186
dist: 490

vlink src/dst: 7 10
number of protected paths set: 3
needed_slices: 16
paths: {0 6}
slices required:
{2 2}
slices start:
{2 2}
tuples:
{20 12}
dist: 133
dist: 541

vlink src/dst: 5 7
number of protected paths set: 3
needed_slices: 68
paths: {1 1 16 16}
slices required:
{2 2 2 2}
slices start:
{4 6 4 6}
tuples:
{12 12 12 12}
dist: 642
dist: 642
dist: 749
dist: 749

vlink src/dst: 3 5
number of protected paths set: 3
needed_slices: 47
paths: {1 14}
slices required:
{2 3}
slices start:
{8 8}
tuples:
{12 11}
dist: 772
dist: 840

vlink src/dst: 3 8
number of protected paths set: 3
needed_slices: 110
paths: {1 1 1 14 14 14}
slices required:
{2 2 2 2 2 3}
slices start:
{10 12 14 11 13 15}
tuples:
{12 12 12 6 6 11}
dist: 679
dist: 679
dist: 679
dist: 812
dist: 812
dist: 812

vlink src/dst: 10 17
number of protected paths set: 15
needed_slices: 8
paths: {0 1}
slices required:
{2 2}
slices start:
{16 0}
tuples:
{29 12}
dist: 58
dist: 355

vlink src/dst: 7 16
number of protected paths set: 3
needed_slices: 120
paths: {1 3 3 6 6 6 6}
slices required:
{2 2 2 2 2 2 2}
slices start:
{18 20 22 18 20 22 24}
tuples:
{12 12 12 12 12 12 12}
dist: 673
dist: 684
dist: 684
dist: 706
dist: 706
dist: 706
dist: 706

vlink src/dst: 0 1
number of protected paths set: 3
needed_slices: 67
paths: {0 0 10 10 10}
slices required:
{2 3 2 2 2}
slices start:
{24 26 2 4 6}
tuples:
{12 27 12 12 12}
dist: 377
dist: 377
dist: 609
dist: 609
dist: 609

vlink src/dst: 7 19
number of protected paths set: 3
needed_slices: 73
paths: {0 0 17 17 17}
slices required:
{2 3 2 2 2}
slices start:
{29 31 26 28 30}
tuples:
{12 27 12 12 12}
dist: 383
dist: 383
dist: 660
dist: 660
dist: 660

vlink src/dst: 2 17
number of protected paths set: 15
needed_slices: 90
paths: {3 3 3 10 10 10}
slices required:
{2 2 2 2 2 2}
slices start:
{34 36 38 0 8 10}
tuples:
{12 12 12 12 12 12}
dist: 713
dist: 713
dist: 713
dist: 773
dist: 773
dist: 773

vlink src/dst: 6 17
number of protected paths set: 15
needed_slices: 16
paths: {1 2}
slices required:
{2 2}
slices start:
{40 2}
tuples:
{20 20}
dist: 281
dist: 294

vlink src/dst: 1 6
number of protected paths set: 3
needed_slices: 21
paths: {0 8}
slices required:
{2 3}
slices start:
{8 42}
tuples:
{20 18}
dist: 120
dist: 407

vlink src/dst: 1 12
number of protected paths set: 3
needed_slices: 45
paths: {1 7 7}
slices required:
{3 2 2}
slices start:
{42 45 47}
tuples:
{17 12 12}
dist: 569
dist: 650
dist: 650

vlink src/dst: 17 18
number of protected paths set: 15
needed_slices: 14
paths: {0 4}
slices required:
{2 2}
slices start:
{49 32}
tuples:
{20 12}
dist: 124
dist: 416

vlink src/dst: 4 18
number of protected paths set: 15
needed_slices: 36
paths: {0 7}
slices required:
{3 3}
slices start:
{10 51}
tuples:
{17 17}
dist: 560
dist: 600

vlink src/dst: 5 17
number of protected paths set: 15
needed_slices: 46
paths: {1 9 15}
slices required:
{2 2 2}
slices start:
{54 40 4}
tuples:
{12 12 6}
dist: 567
dist: 638
dist: 948

vlink src/dst: 2 10
number of protected paths set: 15
needed_slices: 96
paths: {4 4 4 13 13 13}
slices required:
{2 2 2 2 2 2}
slices start:
{0 2 16 29 49 51}
tuples:
{12 12 12 12 12 12}
dist: 681
dist: 681
dist: 681
dist: 767
dist: 767
dist: 767

vlink src/dst: 10 14
number of protected paths set: 15
needed_slices: 30
paths: {0 0 3 3}
slices required:
{2 3 2 3}
slices start:
{13 15 18 24}
tuples:
{20 28 20 27}
dist: 123
dist: 123
dist: 268
dist: 268

vlink src/dst: 8 9
number of protected paths set: 15
needed_slices: 80
paths: {0 1 1 5 5 5}
slices required:
{2 2 2 2 2 3}
slices start:
{34 45 47 31 33 35}
tuples:
{12 12 12 12 12 17}
dist: 471
dist: 493
dist: 493
dist: 577
dist: 577
dist: 577

vlink src/dst: 6 14
number of protected paths set: 15
needed_slices: 6
paths: {0 1}
slices required:
{2 2}
slices start:
{0 4}
tuples:
{29 20}
dist: 50
dist: 159

vlink src/dst: 0 7
number of protected paths set: 3
needed_slices: 50
paths: {0 0 10 10 10}
slices required:
{2 3 2 2 2}
slices start:
{38 40 12 14 16}
tuples:
{12 27 12 12 12}
dist: 338
dist: 338
dist: 631
dist: 631
dist: 631

vlink src/dst: 5 9
number of protected paths set: 15
needed_slices: 48
paths: {2 3 17}
slices required:
{2 2 2}
slices start:
{49 45 56}
tuples:
{12 12 6}
dist: 586
dist: 605
dist: 1013

vlink src/dst: 2 18
number of protected paths set: 15
needed_slices: 46
paths: {1 15 17}
slices required:
{2 2 2}
slices start:
{26 27 0}
tuples:
{12 12 6}
dist: 621
dist: 755
dist: 855

vlink src/dst: 15 17
number of protected paths set: 15
needed_slices: 28
paths: {0 7}
slices required:
{2 2}
slices start:
{18 58}
tuples:
{12 12}
dist: 644
dist: 714

vlink src/dst: 4 14
number of protected paths set: 15
needed_slices: 54
paths: {0 0 0 9 9 9}
slices required:
{2 2 2 2 2 2}
slices start:
{13 15 20 54 56 58}
tuples:
{12 12 12 12 12 12}
dist: 453
dist: 453
dist: 453
dist: 518
dist: 518
dist: 518

vlink src/dst: 14 16
number of protected paths set: 15
needed_slices: 24
paths: {0 5}
slices required:
{2 2}
slices start:
{24 29}
tuples:
{12 12}
dist: 417
dist: 477

vlink src/dst: 0 5
number of protected paths set: 15
needed_slices: 84
paths: {0 0 0 4 4 4}
slices required:
{2 2 2 2 2 2}
slices start:
{26 38 47 51 60 62}
tuples:
{12 12 12 12 12 12}
dist: 542
dist: 542
dist: 542
dist: 642
dist: 642
dist: 642

vlink src/dst: 6 11
number of protected paths set: 15
needed_slices: 40
paths: {0 0 2 2}
slices required:
{2 3 2 3}
slices start:
{0 17 64 66}
tuples:
{12 27 12 18}
dist: 348
dist: 348
dist: 438
dist: 438

vlink src/dst: 4 6
number of protected paths set: 15
needed_slices: 16
paths: {0 8}
slices required:
{2 2}
slices start:
{8 36}
tuples:
{12 12}
dist: 403
dist: 505

vlink src/dst: 8 11
number of protected paths set: 15
needed_slices: 22
paths: {0 7}
slices required:
{2 2}
slices start:
{32 0}
tuples:
{12 12}
dist: 487
dist: 599

vlink src/dst: 12 13
number of protected paths set: 15
needed_slices: 48
paths: {1 1 4 4 5 5}
slices required:
{2 2 2 2 2 2}
slices start:
{0 8 69 71 2 4}
tuples:
{12 12 12 12 12 12}
dist: 449
dist: 449
dist: 507
dist: 507
dist: 508
dist: 508

vlink src/dst: 3 11
number of protected paths set: 3
needed_slices: 18
paths: {0 5}
slices required:
{2 2}
slices start:
{4 6}
tuples:
{12 12}
dist: 460
dist: 627

vlink src/dst: 0 11
number of protected paths set: 15
needed_slices: 19
paths: {0 0 2 2}
slices required:
{2 2 2 3}
slices start:
{0 2 20 22}
tuples:
{20 20 12 27}
dist: 138
dist: 138
dist: 400
dist: 400

vlink src/dst: 15 19
number of protected paths set: 15
needed_slices: 28
paths: {2 6}
slices required:
{2 2}
slices start:
{2 18}
tuples:
{12 12}
dist: 582
dist: 597

vlink src/dst: 4 8
number of protected paths set: 15
needed_slices: 30
paths: {0 5}
slices required:
{3 3}
slices start:
{53 36}
tuples:
{18 17}
dist: 449
dist: 547

vlink src/dst: 8 15
number of protected paths set: 15
needed_slices: 45
paths: {0 0 6 6 6}
slices required:
{2 3 2 2 2}
slices start:
{4 6 16 40 56}
tuples:
{12 27 12 12 12}
dist: 344
dist: 344
dist: 486
dist: 486
dist: 486

vlink src/dst: 2 11
number of protected paths set: 15
needed_slices: 18
paths: {0 7}
slices required:
{2 2}
slices start:
{6 45}
tuples:
{12 12}
dist: 522
dist: 613

vlink src/dst: 2 16
number of protected paths set: 15
needed_slices: 27
paths: {0 0 1 1}
slices required:
{2 2 2 3}
slices start:
{2 4 11 13}
tuples:
{20 20 12 27}
dist: 263
dist: 263
dist: 322
dist: 322

vlink src/dst: 2 8
number of protected paths set: 15
needed_slices: 45
paths: {0 0 1 1 1}
slices required:
{2 3 2 2 2}
slices start:
{9 20 11 13 15}
tuples:
{12 27 12 12 12}
dist: 334
dist: 334
dist: 403
dist: 403
dist: 403

vlink src/dst: 15 16
number of protected paths set: 15
needed_slices: 14
paths: {0 2}
slices required:
{2 2}
slices start:
{31 17}
tuples:
{12 12}
dist: 329
dist: 390
22 second(s) taken for solution
31 second(s) taken in total
cost = 1711

