
8 second(s) taken for initialization

vlink src/dst: 12 15
number of protected paths set: 3
needed_slices: 8
paths: {0 1}
slices required:
{2 2}
slices start:
{0 0}
tuples:
{20 20}
dist: 123
dist: 290

vlink src/dst: 5 7
number of protected paths set: 3
needed_slices: 36
paths: {1 8}
slices required:
{3 3}
slices start:
{2 0}
tuples:
{17 17}
dist: 505
dist: 563

vlink src/dst: 7 16
number of protected paths set: 3
needed_slices: 96
paths: {1 1 1 13 13 13}
slices required:
{2 2 2 2 2 2}
slices start:
{5 7 9 3 5 7}
tuples:
{12 12 12 12 12 12}
dist: 623
dist: 623
dist: 623
dist: 710
dist: 710
dist: 710

vlink src/dst: 4 13
number of protected paths set: 3
needed_slices: 8
paths: {0 1}
slices required:
{2 2}
slices start:
{0 0}
tuples:
{20 20}
dist: 119
dist: 129

vlink src/dst: 13 19
number of protected paths set: 3
needed_slices: 35
paths: {0 0 3 3}
slices required:
{2 3 2 3}
slices start:
{2 11 2 4}
tuples:
{20 27 20 27}
dist: 219
dist: 219
dist: 257
dist: 257

vlink src/dst: 5 15
number of protected paths set: 3
needed_slices: 24
paths: {1 13}
slices required:
{2 2}
slices start:
{5 14}
tuples:
{12 12}
dist: 365
dist: 526

vlink src/dst: 1 15
number of protected paths set: 3
needed_slices: 43
paths: {1 19}
slices required:
{2 3}
slices start:
{9 11}
tuples:
{12 11}
dist: 632
dist: 869

vlink src/dst: 14 15
number of protected paths set: 3
needed_slices: 35
paths: {4 15}
slices required:
{2 3}
slices start:
{7 16}
tuples:
{12 11}
dist: 718
dist: 816

vlink src/dst: 3 13
number of protected paths set: 3
needed_slices: 49
paths: {0 0 1 1}
slices required:
{2 3 2 4}
slices start:
{7 9 16 18}
tuples:
{20 27 12 34}
dist: 296
dist: 296
dist: 344
dist: 344

vlink src/dst: 5 13
number of protected paths set: 3
needed_slices: 16
paths: {0 3}
slices required:
{2 2}
slices start:
{12 22}
tuples:
{20 20}
dist: 178
dist: 299

vlink src/dst: 12 18
number of protected paths set: 15
needed_slices: 28
paths: {0 0 3 3}
slices required:
{2 2 2 2}
slices start:
{24 26 19 21}
tuples:
{20 20 20 20}
dist: 208
dist: 208
dist: 280
dist: 280

vlink src/dst: 2 12
number of protected paths set: 15
needed_slices: 40
paths: {0 0 1 1}
slices required:
{2 3 2 4}
slices start:
{23 25 28 30}
tuples:
{20 28 12 34}
dist: 189
dist: 189
dist: 301
dist: 301

vlink src/dst: 11 13
number of protected paths set: 3
needed_slices: 24
paths: {1 3}
slices required:
{2 2}
slices start:
{19 34}
tuples:
{12 12}
dist: 486
dist: 521

vlink src/dst: 0 13
number of protected paths set: 3
needed_slices: 36
paths: {0 11}
slices required:
{3 3}
slices start:
{16 36}
tuples:
{17 17}
dist: 523
dist: 587

vlink src/dst: 6 12
number of protected paths set: 15
needed_slices: 22
paths: {1 9}
slices required:
{2 2}
slices start:
{39 11}
tuples:
{12 12}
dist: 421
dist: 518

vlink src/dst: 7 18
number of protected paths set: 3
needed_slices: 22
paths: {2 4}
slices required:
{2 2}
slices start:
{9 41}
tuples:
{12 12}
dist: 433
dist: 478

vlink src/dst: 2 3
number of protected paths set: 15
needed_slices: 62
paths: {0 0 8 8 10}
slices required:
{2 4 2 2 2}
slices start:
{14 34 28 30 32}
tuples:
{12 34 12 12 12}
dist: 399
dist: 399
dist: 481
dist: 481
dist: 495

vlink src/dst: 3 4
number of protected paths set: 15
needed_slices: 12
paths: {0 1}
slices required:
{2 2}
slices start:
{0 0}
tuples:
{20 20}
dist: 240
dist: 248

vlink src/dst: 4 10
number of protected paths set: 15
needed_slices: 68
paths: {1 2 6 7 10}
slices required:
{2 2 2 2 2}
slices start:
{21 34 13 39 43}
tuples:
{12 12 12 12 12}
dist: 606
dist: 621
dist: 654
dist: 663
dist: 762

vlink src/dst: 0 12
number of protected paths set: 15
needed_slices: 91
paths: {0 0 0 4 4 4}
slices required:
{2 2 3 2 2 3}
slices start:
{45 47 49 43 45 47}
tuples:
{12 12 17 12 12 17}
dist: 521
dist: 521
dist: 521
dist: 583
dist: 583
dist: 583

vlink src/dst: 2 7
number of protected paths set: 3
needed_slices: 18
paths: {1 2}
slices required:
{3 3}
slices start:
{52 11}
tuples:
{27 27}
dist: 339
dist: 345

vlink src/dst: 7 14
number of protected paths set: 3
needed_slices: 91
paths: {1 1 1 10 10 10}
slices required:
{2 2 2 2 2 3}
slices start:
{55 57 59 14 16 18}
tuples:
{12 12 12 6 6 11}
dist: 785
dist: 785
dist: 785
dist: 850
dist: 850
dist: 850

vlink src/dst: 2 17
number of protected paths set: 3
needed_slices: 84
paths: {3 3 3 13 13 13}
slices required:
{2 2 2 2 2 2}
slices start:
{23 25 38 0 2 4}
tuples:
{12 12 12 12 12 12}
dist: 622
dist: 622
dist: 622
dist: 685
dist: 685
dist: 685

vlink src/dst: 9 19
number of protected paths set: 15
needed_slices: 24
paths: {0 3}
slices required:
{2 3}
slices start:
{0 11}
tuples:
{20 27}
dist: 289
dist: 389

vlink src/dst: 6 19
number of protected paths set: 15
needed_slices: 66
paths: {0 0 0 10 10 10}
slices required:
{2 2 2 2 2 2}
slices start:
{15 17 19 36 50 52}
tuples:
{12 12 12 12 12 12}
dist: 431
dist: 431
dist: 431
dist: 513
dist: 513
dist: 513

vlink src/dst: 1 18
number of protected paths set: 15
needed_slices: 60
paths: {0 0 1 1 1}
slices required:
{2 3 2 2 2}
slices start:
{16 18 6 8 14}
tuples:
{12 27 12 12 12}
dist: 397
dist: 397
dist: 417
dist: 417
dist: 417

vlink src/dst: 0 5
number of protected paths set: 15
needed_slices: 27
paths: {0 9}
slices required:
{3 3}
slices start:
{9 2}
tuples:
{18 17}
dist: 461
dist: 553

vlink src/dst: 3 9
number of protected paths set: 15
needed_slices: 18
paths: {0 6}
slices required:
{2 2}
slices start:
{0 24}
tuples:
{20 12}
dist: 262
dist: 414

vlink src/dst: 1 8
number of protected paths set: 15
needed_slices: 56
paths: {0 0 3 5 5}
slices required:
{2 4 2 2 2}
slices start:
{27 29 16 2 18}
tuples:
{12 34 12 12 12}
dist: 334
dist: 334
dist: 417
dist: 437
dist: 437

vlink src/dst: 5 6
number of protected paths set: 15
needed_slices: 20
paths: {0 0 2 2}
slices required:
{2 2 2 2}
slices start:
{5 9 27 29}
tuples:
{20 20 20 20}
dist: 271
dist: 271
dist: 291
dist: 291

vlink src/dst: 3 17
number of protected paths set: 3
needed_slices: 16
paths: {0 5}
slices required:
{2 2}
slices start:
{14 20}
tuples:
{12 12}
dist: 325
dist: 483

vlink src/dst: 16 17
number of protected paths set: 3
needed_slices: 17
paths: {0 0 1 1}
slices required:
{2 3 2 4}
slices start:
{0 2 6 8}
tuples:
{20 27 12 34}
dist: 252
dist: 252
dist: 315
dist: 315

vlink src/dst: 0 17
number of protected paths set: 3
needed_slices: 45
paths: {0 15 15}
slices required:
{3 2 2}
slices start:
{23 27 29}
tuples:
{17 12 12}
dist: 561
dist: 778
dist: 778

vlink src/dst: 5 10
number of protected paths set: 15
needed_slices: 18
paths: {0 3}
slices required:
{2 2}
slices start:
{26 21}
tuples:
{12 12}
dist: 472
dist: 527

vlink src/dst: 0 6
number of protected paths set: 15
needed_slices: 30
paths: {0 0 2 2 2}
slices required:
{2 2 2 2 2}
slices start:
{0 5 23 25 31}
tuples:
{20 20 12 12 12}
dist: 277
dist: 277
dist: 432
dist: 432
dist: 432

vlink src/dst: 0 9
number of protected paths set: 15
needed_slices: 36
paths: {0 0 6 6}
slices required:
{2 2 2 2}
slices start:
{7 28 6 14}
tuples:
{12 12 12 12}
dist: 419
dist: 419
dist: 564
dist: 564

vlink src/dst: 6 17
number of protected paths set: 3
needed_slices: 18
paths: {0 13}
slices required:
{2 2}
slices start:
{16 33}
tuples:
{20 12}
dist: 284
dist: 604

vlink src/dst: 2 11
number of protected paths set: 15
needed_slices: 10
paths: {0 1}
slices required:
{2 2}
slices start:
{3 6}
tuples:
{20 20}
dist: 273
dist: 288

vlink src/dst: 11 14
number of protected paths set: 15
needed_slices: 16
paths: {1 4}
slices required:
{2 2}
slices start:
{0 41}
tuples:
{12 12}
dist: 495
dist: 526

vlink src/dst: 0 14
number of protected paths set: 15
needed_slices: 42
paths: {0 0 0 1 1 1}
slices required:
{2 2 2 2 2 2}
slices start:
{9 11 30 2 4 6}
tuples:
{12 12 12 12 12 12}
dist: 425
dist: 425
dist: 425
dist: 439
dist: 439
dist: 439
26 second(s) taken for solution
34 second(s) taken in total
cost = 1467

