
12 second(s) taken for initialization

vlink src/dst: 1 13
number of protected paths set: 3
needed_slices: 46
paths: {1 15 15}
slices required:
{3 2 2}
slices start:
{0 0 2}
tuples:
{17 12 12}
dist: 516
dist: 655
dist: 655

vlink src/dst: 13 16
number of protected paths set: 3
needed_slices: 16
paths: {0 0 1 1}
slices required:
{2 2 2 2}
slices start:
{4 6 4 6}
tuples:
{29 29 20 20}
dist: 53
dist: 53
dist: 196
dist: 196

vlink src/dst: 0 3
number of protected paths set: 15
needed_slices: 24
paths: {2 6}
slices required:
{2 3}
slices start:
{3 8}
tuples:
{20 27}
dist: 284
dist: 339

vlink src/dst: 0 13
number of protected paths set: 3
needed_slices: 31
paths: {0 8}
slices required:
{2 3}
slices start:
{11 11}
tuples:
{20 18}
dist: 255
dist: 404

vlink src/dst: 5 16
number of protected paths set: 15
needed_slices: 11
paths: {0 1}
slices required:
{2 3}
slices start:
{0 0}
tuples:
{29 27}
dist: 58
dist: 355

vlink src/dst: 8 13
number of protected paths set: 3
needed_slices: 59
paths: {0 0 0 6 6 6}
slices required:
{2 2 2 2 2 3}
slices start:
{8 13 15 8 14 16}
tuples:
{20 20 20 12 12 18}
dist: 222
dist: 222
dist: 222
dist: 420
dist: 420
dist: 420

vlink src/dst: 1 3
number of protected paths set: 15
needed_slices: 44
paths: {1 1 11 11}
slices required:
{2 2 2 2}
slices start:
{5 19 14 16}
tuples:
{12 12 12 12}
dist: 471
dist: 471
dist: 617
dist: 617

vlink src/dst: 16 17
number of protected paths set: 15
needed_slices: 14
paths: {0 3}
slices required:
{2 2}
slices start:
{21 2}
tuples:
{20 20}
dist: 208
dist: 280

vlink src/dst: 3 5
number of protected paths set: 15
needed_slices: 32
paths: {0 0 3 3}
slices required:
{2 2 2 3}
slices start:
{19 23 23 25}
tuples:
{20 20 12 27}
dist: 156
dist: 156
dist: 333
dist: 333

vlink src/dst: 5 10
number of protected paths set: 15
needed_slices: 32
paths: {1 1 2 2}
slices required:
{2 2 2 2}
slices start:
{28 30 0 4}
tuples:
{20 20 20 20}
dist: 281
dist: 281
dist: 294
dist: 294

vlink src/dst: 3 6
number of protected paths set: 15
needed_slices: 20
paths: {0 0 1 1}
slices required:
{2 3 2 3}
slices start:
{17 32 18 20}
tuples:
{20 28 20 28}
dist: 115
dist: 115
dist: 193
dist: 193

vlink src/dst: 2 3
number of protected paths set: 15
needed_slices: 42
paths: {0 16 17}
slices required:
{2 2 2}
slices start:
{35 23 25}
tuples:
{12 12 12}
dist: 400
dist: 627
dist: 693

vlink src/dst: 7 10
number of protected paths set: 15
needed_slices: 30
paths: {3 4}
slices required:
{3 3}
slices start:
{10 37}
tuples:
{18 18}
dist: 415
dist: 455

vlink src/dst: 7 16
number of protected paths set: 15
needed_slices: 8
paths: {0 1}
slices required:
{2 2}
slices start:
{4 3}
tuples:
{20 20}
dist: 178
dist: 234

vlink src/dst: 0 5
number of protected paths set: 15
needed_slices: 45
paths: {1 1 7 7}
slices required:
{2 3 2 3}
slices start:
{25 32 21 28}
tuples:
{12 27 12 18}
dist: 377
dist: 377
dist: 452
dist: 452

vlink src/dst: 3 14
number of protected paths set: 15
needed_slices: 14
paths: {0 2}
slices required:
{2 2}
slices start:
{40 35}
tuples:
{20 20}
dist: 198
dist: 291

vlink src/dst: 1 7
number of protected paths set: 15
needed_slices: 100
paths: {0 0 0 12 12 12 12}
slices required:
{2 2 2 2 2 2 2}
slices start:
{31 33 37 35 40 42 44}
tuples:
{12 12 12 6 6 6 6}
dist: 700
dist: 700
dist: 700
dist: 835
dist: 835
dist: 835
dist: 835

vlink src/dst: 18 19
number of protected paths set: 15
needed_slices: 20
paths: {0 2}
slices required:
{2 2}
slices start:
{6 46}
tuples:
{12 12}
dist: 392
dist: 448

vlink src/dst: 8 14
number of protected paths set: 15
needed_slices: 16
paths: {0 0 2 2}
slices required:
{2 2 2 2}
slices start:
{35 42 0 2}
tuples:
{20 20 20 20}
dist: 173
dist: 173
dist: 268
dist: 268

vlink src/dst: 14 15
number of protected paths set: 15
needed_slices: 30
paths: {3 9}
slices required:
{3 3}
slices start:
{44 5}
tuples:
{18 18}
dist: 402
dist: 444

vlink src/dst: 2 5
number of protected paths set: 15
needed_slices: 90
paths: {1 1 1 9 9 9}
slices required:
{2 2 2 2 2 2}
slices start:
{48 50 52 47 49 51}
tuples:
{12 12 12 12 12 12}
dist: 567
dist: 567
dist: 567
dist: 638
dist: 638
dist: 638

vlink src/dst: 14 19
number of protected paths set: 15
needed_slices: 42
paths: {0 0 8 8 8}
slices required:
{2 2 2 2 2}
slices start:
{19 53 54 56 58}
tuples:
{20 20 12 12 12}
dist: 218
dist: 218
dist: 436
dist: 436
dist: 436

vlink src/dst: 5 7
number of protected paths set: 15
needed_slices: 16
paths: {0 0 1 1}
slices required:
{2 2 2 2}
slices start:
{6 8 6 10}
tuples:
{20 20 20 20}
dist: 120
dist: 120
dist: 293
dist: 293

vlink src/dst: 11 17
number of protected paths set: 15
needed_slices: 14
paths: {0 8}
slices required:
{2 2}
slices start:
{55 10}
tuples:
{20 12}
dist: 167
dist: 526

vlink src/dst: 10 12
number of protected paths set: 15
needed_slices: 16
paths: {0 6}
slices required:
{2 2}
slices start:
{21 0}
tuples:
{20 12}
dist: 200
dist: 345

vlink src/dst: 17 19
number of protected paths set: 15
needed_slices: 10
paths: {0 5}
slices required:
{2 2}
slices start:
{2 3}
tuples:
{20 12}
dist: 130
dist: 309

vlink src/dst: 0 12
number of protected paths set: 15
needed_slices: 24
paths: {0 0 2 2}
slices required:
{2 2 2 2}
slices start:
{8 14 5 18}
tuples:
{29 29 20 20}
dist: 94
dist: 94
dist: 222
dist: 222

vlink src/dst: 8 19
number of protected paths set: 15
needed_slices: 16
paths: {0 0 2 2}
slices required:
{2 2 2 2}
slices start:
{4 17 13 15}
tuples:
{20 20 20 20}
dist: 160
dist: 160
dist: 223
dist: 223

vlink src/dst: 9 12
number of protected paths set: 15
needed_slices: 72
paths: {0 0 0 14 14 14}
slices required:
{2 2 2 2 2 2}
slices start:
{17 19 23 27 29 37}
tuples:
{12 12 12 12 12 12}
dist: 452
dist: 452
dist: 452
dist: 596
dist: 596
dist: 596

vlink src/dst: 2 10
number of protected paths set: 15
needed_slices: 55
paths: {0 0 3 3 3}
slices required:
{2 3 2 2 2}
slices start:
{0 27 10 21 25}
tuples:
{12 27 12 12 12}
dist: 325
dist: 325
dist: 434
dist: 434
dist: 434

vlink src/dst: 7 9
number of protected paths set: 15
needed_slices: 27
paths: {0 2}
slices required:
{3 3}
slices start:
{39 0}
tuples:
{17 17}
dist: 505
dist: 578

vlink src/dst: 5 9
number of protected paths set: 15
needed_slices: 60
paths: {0 0 8 8 8}
slices required:
{2 4 2 2 3}
slices start:
{42 60 3 5 7}
tuples:
{12 34 12 12 17}
dist: 385
dist: 385
dist: 585
dist: 585
dist: 585

vlink src/dst: 1 11
number of protected paths set: 15
needed_slices: 30
paths: {0 3}
slices required:
{3 3}
slices start:
{57 12}
tuples:
{17 17}
dist: 528
dist: 582

vlink src/dst: 8 9
number of protected paths set: 15
needed_slices: 23
paths: {0 0 1 1}
slices required:
{2 2 2 3}
slices start:
{8 12 3 7}
tuples:
{20 20 12 27}
dist: 214
dist: 214
dist: 308
dist: 308

vlink src/dst: 2 12
number of protected paths set: 15
needed_slices: 21
paths: {0 2}
slices required:
{2 3}
slices start:
{21 0}
tuples:
{20 27}
dist: 284
dist: 365

vlink src/dst: 1 19
number of protected paths set: 15
needed_slices: 14
paths: {0 5}
slices required:
{2 2}
slices start:
{4 23}
tuples:
{12 12}
dist: 353
dist: 440

vlink src/dst: 1 8
number of protected paths set: 15
needed_slices: 38
paths: {0 0 4 4 4}
slices required:
{2 2 2 2 2}
slices start:
{12 14 8 10 25}
tuples:
{20 20 12 12 12}
dist: 276
dist: 276
dist: 489
dist: 489
dist: 489

vlink src/dst: 11 14
number of protected paths set: 15
needed_slices: 8
paths: {0 1}
slices required:
{2 2}
slices start:
{0 10}
tuples:
{29 12}
dist: 79
dist: 392

vlink src/dst: 1 2
number of protected paths set: 15
needed_slices: 32
paths: {0 0 4 4}
slices required:
{2 2 2 3}
slices start:
{6 12 3 16}
tuples:
{20 20 12 18}
dist: 275
dist: 275
dist: 417
dist: 417

vlink src/dst: 1 4
number of protected paths set: 15
needed_slices: 12
paths: {1 2}
slices required:
{2 2}
slices start:
{19 7}
tuples:
{20 12}
dist: 293
dist: 355
27 second(s) taken for solution
39 second(s) taken in total
cost = 1254

