
2 second(s) taken for initialization

vlink src/dst: 6 18
number of protected paths set: 3
needed_slices: 34
paths: {1 14}
slices required:
{2 2}
slices start:
{0 0}
tuples:
{12 12}
dist: 621
dist: 776

vlink src/dst: 6 12
number of protected paths set: 3
needed_slices: 136
paths: {1 1 1 16 16 16 16}
slices required:
{2 2 2 2 2 2 2}
slices start:
{2 4 6 2 4 6 8}
tuples:
{12 12 12 6 6 6 6}
dist: 666
dist: 666
dist: 666
dist: 814
dist: 814
dist: 814
dist: 814

vlink src/dst: 6 9
number of protected paths set: 3
needed_slices: 30
paths: {1 5}
slices required:
{2 2}
slices start:
{10 10}
tuples:
{12 12}
dist: 726
dist: 743

vlink src/dst: 14 16
number of protected paths set: 15
needed_slices: 26
paths: {4 7}
slices required:
{2 2}
slices start:
{12 12}
tuples:
{12 12}
dist: 552
dist: 562

vlink src/dst: 3 12
number of protected paths set: 3
needed_slices: 78
paths: {0 0 15 15 15}
slices required:
{3 3 2 2 3}
slices start:
{14 17 14 16 18}
tuples:
{27 27 12 12 18}
dist: 307
dist: 307
dist: 492
dist: 492
dist: 492

vlink src/dst: 2 15
number of protected paths set: 3
needed_slices: 64
paths: {0 0 14 14}
slices required:
{2 2 2 2}
slices start:
{21 23 21 23}
tuples:
{12 12 12 12}
dist: 669
dist: 669
dist: 795
dist: 795

vlink src/dst: 8 19
number of protected paths set: 15
needed_slices: 18
paths: {2 4}
slices required:
{2 2}
slices start:
{25 8}
tuples:
{12 12}
dist: 366
dist: 389

vlink src/dst: 3 15
number of protected paths set: 15
needed_slices: 36
paths: {0 0 3 3}
slices required:
{2 2 2 3}
slices start:
{10 25 27 29}
tuples:
{20 20 12 27}
dist: 146
dist: 146
dist: 337
dist: 337

vlink src/dst: 11 13
number of protected paths set: 15
needed_slices: 36
paths: {0 12}
slices required:
{3 3}
slices start:
{27 0}
tuples:
{27 17}
dist: 375
dist: 508

vlink src/dst: 11 19
number of protected paths set: 15
needed_slices: 25
paths: {0 14}
slices required:
{2 3}
slices start:
{30 32}
tuples:
{20 18}
dist: 282
dist: 497

vlink src/dst: 3 8
number of protected paths set: 15
needed_slices: 32
paths: {1 1 3 3}
slices required:
{2 2 2 3}
slices start:
{32 34 0 2}
tuples:
{20 20 12 27}
dist: 281
dist: 281
dist: 325
dist: 325

vlink src/dst: 16 18
number of protected paths set: 15
needed_slices: 66
paths: {1 1 1 11 11 11}
slices required:
{2 2 2 2 2 2}
slices start:
{10 20 22 35 37 39}
tuples:
{12 12 12 12 12 12}
dist: 471
dist: 471
dist: 471
dist: 617
dist: 617
dist: 617

vlink src/dst: 5 18
number of protected paths set: 15
needed_slices: 26
paths: {2 12}
slices required:
{2 2}
slices start:
{12 41}
tuples:
{12 12}
dist: 555
dist: 714

vlink src/dst: 8 14
number of protected paths set: 15
needed_slices: 27
paths: {0 5}
slices required:
{3 3}
slices start:
{14 14}
tuples:
{27 27}
dist: 311
dist: 382

vlink src/dst: 15 18
number of protected paths set: 15
needed_slices: 37
paths: {0 0 8 8}
slices required:
{2 2 2 3}
slices start:
{8 25 2 4}
tuples:
{20 20 12 27}
dist: 190
dist: 190
dist: 388
dist: 388

vlink src/dst: 5 9
number of protected paths set: 15
needed_slices: 44
paths: {0 4 18}
slices required:
{2 2 2}
slices start:
{43 27 0}
tuples:
{12 12 6}
dist: 672
dist: 693
dist: 874

vlink src/dst: 8 15
number of protected paths set: 15
needed_slices: 45
paths: {0 0 4 4}
slices required:
{2 3 2 4}
slices start:
{17 35 17 36}
tuples:
{20 27 12 34}
dist: 250
dist: 250
dist: 328
dist: 328

vlink src/dst: 12 15
number of protected paths set: 3
needed_slices: 41
paths: {0 0 8 8}
slices required:
{2 2 2 3}
slices start:
{38 40 21 23}
tuples:
{20 20 12 18}
dist: 235
dist: 235
dist: 406
dist: 406

vlink src/dst: 13 15
number of protected paths set: 15
needed_slices: 48
paths: {0 0 2 2}
slices required:
{2 3 2 4}
slices start:
{40 42 7 17}
tuples:
{20 27 12 34}
dist: 284
dist: 284
dist: 365
dist: 365

vlink src/dst: 8 18
number of protected paths set: 15
needed_slices: 33
paths: {0 0 6 6}
slices required:
{2 2 2 3}
slices start:
{29 31 45 47}
tuples:
{20 20 12 27}
dist: 110
dist: 110
dist: 393
dist: 393

vlink src/dst: 9 12
number of protected paths set: 3
needed_slices: 10
paths: {0 2}
slices required:
{2 2}
slices start:
{10 8}
tuples:
{20 20}
dist: 156
dist: 186

vlink src/dst: 1 14
number of protected paths set: 15
needed_slices: 84
paths: {0 0 0 9 9 9}
slices required:
{2 2 2 2 2 2}
slices start:
{42 44 46 3 5 27}
tuples:
{12 12 12 12 12 12}
dist: 534
dist: 534
dist: 534
dist: 679
dist: 679
dist: 679

vlink src/dst: 1 13
number of protected paths set: 15
needed_slices: 106
paths: {0 0 0 4 4 4 4}
slices required:
{2 2 3 2 2 2 2}
slices start:
{14 16 18 48 50 52 54}
tuples:
{12 12 17 12 12 12 12}
dist: 542
dist: 542
dist: 542
dist: 642
dist: 642
dist: 642
dist: 642

vlink src/dst: 2 11
number of protected paths set: 3
needed_slices: 24
paths: {3 6}
slices required:
{2 2}
slices start:
{25 7}
tuples:
{12 12}
dist: 671
dist: 694

vlink src/dst: 10 12
number of protected paths set: 3
needed_slices: 36
paths: {0 11}
slices required:
{3 3}
slices start:
{33 26}
tuples:
{17 17}
dist: 523
dist: 587

vlink src/dst: 1 12
number of protected paths set: 3
needed_slices: 43
paths: {0 10 10}
slices required:
{3 2 2}
slices start:
{29 36 42}
tuples:
{27 12 12}
dist: 377
dist: 609
dist: 609

vlink src/dst: 7 13
number of protected paths set: 15
needed_slices: 22
paths: {1 2}
slices required:
{2 2}
slices start:
{45 29}
tuples:
{12 12}
dist: 447
dist: 483

vlink src/dst: 5 17
number of protected paths set: 15
needed_slices: 58
paths: {0 1 1 7 7 7}
slices required:
{2 2 2 2 2 3}
slices start:
{56 58 60 40 42 56}
tuples:
{12 12 12 12 12 17}
dist: 434
dist: 441
dist: 441
dist: 508
dist: 508
dist: 508

vlink src/dst: 5 8
number of protected paths set: 15
needed_slices: 18
paths: {1 9}
slices required:
{2 2}
slices start:
{29 9}
tuples:
{12 12}
dist: 457
dist: 606

vlink src/dst: 10 11
number of protected paths set: 15
needed_slices: 60
paths: {0 0 0 7 9 9}
slices required:
{2 2 3 2 2 2}
slices start:
{0 9 11 33 38 40}
tuples:
{12 12 18 12 12 12}
dist: 453
dist: 453
dist: 453
dist: 511
dist: 518
dist: 518

vlink src/dst: 0 19
number of protected paths set: 15
needed_slices: 50
paths: {0 0 3 3 3}
slices required:
{2 3 2 2 2}
slices start:
{0 2 62 64 66}
tuples:
{12 27 12 12 12}
dist: 349
dist: 349
dist: 460
dist: 460
dist: 460

vlink src/dst: 4 14
number of protected paths set: 3
needed_slices: 30
paths: {3 15}
slices required:
{2 2}
slices start:
{7 32}
tuples:
{12 12}
dist: 604
dist: 677

vlink src/dst: 4 11
number of protected paths set: 3
needed_slices: 60
paths: {0 0 7 7 7}
slices required:
{2 3 2 2 2}
slices start:
{44 46 56 58 60}
tuples:
{12 27 12 12 12}
dist: 386
dist: 386
dist: 518
dist: 518
dist: 518

vlink src/dst: 2 13
number of protected paths set: 3
needed_slices: 22
paths: {0 9}
slices required:
{2 2}
slices start:
{27 10}
tuples:
{12 12}
dist: 512
dist: 646

vlink src/dst: 5 16
number of protected paths set: 15
needed_slices: 6
paths: {0 1}
slices required:
{2 2}
slices start:
{0 8}
tuples:
{29 20}
dist: 96
dist: 211

vlink src/dst: 1 16
number of protected paths set: 15
needed_slices: 60
paths: {1 1 1 4 4 4}
slices required:
{2 2 2 2 2 2}
slices start:
{7 31 33 62 64 66}
tuples:
{12 12 12 12 12 12}
dist: 521
dist: 521
dist: 521
dist: 590
dist: 590
dist: 590

vlink src/dst: 7 10
number of protected paths set: 15
needed_slices: 6
paths: {0 2}
slices required:
{2 2}
slices start:
{2 11}
tuples:
{20 20}
dist: 188
dist: 203

vlink src/dst: 0 1
number of protected paths set: 15
needed_slices: 8
paths: {0 2}
slices required:
{2 2}
slices start:
{0 13}
tuples:
{20 12}
dist: 166
dist: 372

vlink src/dst: 0 4
number of protected paths set: 3
needed_slices: 54
paths: {0 0 0 3 3 3}
slices required:
{2 2 2 2 2 2}
slices start:
{9 11 21 15 17 19}
tuples:
{12 12 12 12 12 12}
dist: 488
dist: 488
dist: 488
dist: 595
dist: 595
dist: 595

vlink src/dst: 2 10
number of protected paths set: 3
needed_slices: 18
paths: {0 5}
slices required:
{3 3}
slices start:
{0 2}
tuples:
{27 17}
dist: 341
dist: 562
33 second(s) taken for solution
35 second(s) taken in total
cost = 1657

