
8 second(s) taken for initialization

vlink src/dst: 0 5
number of protected paths set: 3
needed_slices: 10
paths: {0 1}
slices required:
{2 2}
slices start:
{0 0}
tuples:
{29 20}
dist: 29
dist: 218

vlink src/dst: 0 1
number of protected paths set: 3
needed_slices: 55
paths: {0 0 9 9}
slices required:
{2 3 2 3}
slices start:
{2 4 2 4}
tuples:
{12 27 12 18}
dist: 315
dist: 315
dist: 460
dist: 460

vlink src/dst: 0 13
number of protected paths set: 3
needed_slices: 35
paths: {1 6 6}
slices required:
{3 2 2}
slices start:
{7 7 9}
tuples:
{27 12 12}
dist: 271
dist: 402
dist: 402

vlink src/dst: 5 16
number of protected paths set: 15
needed_slices: 20
paths: {0 4 4}
slices required:
{2 2 2}
slices start:
{0 2 4}
tuples:
{29 12 12}
dist: 82
dist: 415
dist: 415

vlink src/dst: 5 13
number of protected paths set: 15
needed_slices: 16
paths: {1 6}
slices required:
{2 2}
slices start:
{10 6}
tuples:
{20 12}
dist: 242
dist: 419

vlink src/dst: 7 17
number of protected paths set: 15
needed_slices: 80
paths: {1 1 12 12 17 17}
slices required:
{2 2 2 2 2 2}
slices start:
{12 14 0 12 8 10}
tuples:
{12 12 12 12 12 12}
dist: 416
dist: 416
dist: 574
dist: 574
dist: 687
dist: 687

vlink src/dst: 0 15
number of protected paths set: 3
needed_slices: 30
paths: {1 10}
slices required:
{3 3}
slices start:
{11 12}
tuples:
{27 18}
dist: 373
dist: 474

vlink src/dst: 6 16
number of protected paths set: 3
needed_slices: 32
paths: {6 12}
slices required:
{2 2}
slices start:
{16 16}
tuples:
{12 12}
dist: 678
dist: 704

vlink src/dst: 6 17
number of protected paths set: 3
needed_slices: 42
paths: {1 14}
slices required:
{2 3}
slices start:
{18 18}
tuples:
{12 11}
dist: 679
dist: 812

vlink src/dst: 4 16
number of protected paths set: 15
needed_slices: 45
paths: {0 0 12 12}
slices required:
{2 2 2 3}
slices start:
{20 22 20 22}
tuples:
{20 20 12 18}
dist: 262
dist: 262
dist: 454
dist: 454

vlink src/dst: 9 17
number of protected paths set: 15
needed_slices: 72
paths: {1 1 2 10 11 11}
slices required:
{2 2 2 2 2 2}
slices start:
{25 27 29 29 12 14}
tuples:
{12 12 12 12 12 12}
dist: 406
dist: 406
dist: 422
dist: 573
dist: 583
dist: 583

vlink src/dst: 7 19
number of protected paths set: 3
needed_slices: 110
paths: {0 0 0 3 3 3 3}
slices required:
{2 2 3 2 2 2 2}
slices start:
{31 33 35 2 4 6 16}
tuples:
{12 12 17 12 12 12 12}
dist: 583
dist: 583
dist: 583
dist: 617
dist: 617
dist: 617
dist: 617

vlink src/dst: 0 4
number of protected paths set: 3
needed_slices: 40
paths: {2 2 4 4}
slices required:
{2 2 2 2}
slices start:
{31 33 38 40}
tuples:
{12 12 12 12}
dist: 305
dist: 305
dist: 318
dist: 318

vlink src/dst: 1 9
number of protected paths set: 15
needed_slices: 22
paths: {0 3}
slices required:
{2 2}
slices start:
{2 31}
tuples:
{12 12}
dist: 443
dist: 499

vlink src/dst: 0 8
number of protected paths set: 3
needed_slices: 85
paths: {1 1 1 6 7 7}
slices required:
{2 2 3 2 2 2}
slices start:
{14 21 23 15 17 19}
tuples:
{12 12 17 12 12 12}
dist: 508
dist: 508
dist: 508
dist: 587
dist: 589
dist: 589

vlink src/dst: 3 9
number of protected paths set: 15
needed_slices: 20
paths: {1 2}
slices required:
{2 2}
slices start:
{0 26}
tuples:
{12 12}
dist: 309
dist: 331

vlink src/dst: 3 7
number of protected paths set: 15
needed_slices: 24
paths: {2 3}
slices required:
{2 2}
slices start:
{35 42}
tuples:
{12 12}
dist: 350
dist: 357

vlink src/dst: 5 15
number of protected paths set: 15
needed_slices: 40
paths: {3 3 9 9}
slices required:
{2 2 2 2}
slices start:
{44 46 21 23}
tuples:
{12 12 12 12}
dist: 402
dist: 402
dist: 444
dist: 444

vlink src/dst: 12 17
number of protected paths set: 15
needed_slices: 8
paths: {0 1}
slices required:
{2 2}
slices start:
{0 14}
tuples:
{20 20}
dist: 107
dist: 208

vlink src/dst: 13 17
number of protected paths set: 15
needed_slices: 8
paths: {0 2}
slices required:
{2 2}
slices start:
{2 0}
tuples:
{20 20}
dist: 115
dist: 238

vlink src/dst: 8 16
number of protected paths set: 15
needed_slices: 72
paths: {2 2 6 6 7 7}
slices required:
{2 2 2 2 2 2}
slices start:
{26 38 21 23 38 40}
tuples:
{12 12 12 12 12 12}
dist: 544
dist: 544
dist: 566
dist: 566
dist: 580
dist: 580

vlink src/dst: 4 18
number of protected paths set: 15
needed_slices: 22
paths: {1 10}
slices required:
{2 2}
slices start:
{4 44}
tuples:
{12 12}
dist: 471
dist: 617

vlink src/dst: 6 13
number of protected paths set: 3
needed_slices: 60
paths: {0 0 6 6}
slices required:
{2 2 2 2}
slices start:
{0 7 46 48}
tuples:
{12 12 12 12}
dist: 689
dist: 689
dist: 725
dist: 725

vlink src/dst: 7 11
number of protected paths set: 15
needed_slices: 48
paths: {1 1 5 5}
slices required:
{2 2 2 2}
slices start:
{9 16 0 2}
tuples:
{12 12 12 12}
dist: 496
dist: 496
dist: 550
dist: 550

vlink src/dst: 2 12
number of protected paths set: 3
needed_slices: 90
paths: {4 4 4 10 10 10}
slices required:
{2 2 2 2 2 2}
slices start:
{40 42 50 31 33 35}
tuples:
{12 12 12 12 12 12}
dist: 721
dist: 721
dist: 721
dist: 757
dist: 757
dist: 757

vlink src/dst: 2 3
number of protected paths set: 3
needed_slices: 90
paths: {1 1 1 12 12 12}
slices required:
{2 2 2 2 2 2}
slices start:
{2 28 48 52 54 56}
tuples:
{12 12 12 12 12 12}
dist: 606
dist: 606
dist: 606
dist: 719
dist: 719
dist: 719

vlink src/dst: 4 9
number of protected paths set: 15
needed_slices: 10
paths: {0 1}
slices required:
{2 2}
slices start:
{4 14}
tuples:
{20 20}
dist: 138
dist: 204

vlink src/dst: 7 18
number of protected paths set: 15
needed_slices: 66
paths: {1 1 4 4 13}
slices required:
{2 2 2 2 2}
slices start:
{26 50 58 60 4}
tuples:
{12 12 12 12 6}
dist: 569
dist: 569
dist: 601
dist: 601
dist: 805

vlink src/dst: 13 14
number of protected paths set: 15
needed_slices: 8
paths: {0 1}
slices required:
{2 2}
slices start:
{2 16}
tuples:
{29 20}
dist: 100
dist: 253

vlink src/dst: 10 15
number of protected paths set: 15
needed_slices: 8
paths: {0 1}
slices required:
{2 2}
slices start:
{6 30}
tuples:
{20 20}
dist: 153
dist: 289

vlink src/dst: 7 10
number of protected paths set: 15
needed_slices: 18
paths: {0 2}
slices required:
{2 2}
slices start:
{8 52}
tuples:
{12 12}
dist: 342
dist: 406

vlink src/dst: 11 19
number of protected paths set: 3
needed_slices: 67
paths: {1 1 18 18 18}
slices required:
{2 3 2 2 2}
slices start:
{25 38 42 44 46}
tuples:
{12 18 12 12 12}
dist: 425
dist: 425
dist: 794
dist: 794
dist: 794

vlink src/dst: 11 15
number of protected paths set: 15
needed_slices: 35
paths: {0 0 1 1}
slices required:
{2 3 2 3}
slices start:
{10 25 54 56}
tuples:
{12 27 12 27}
dist: 356
dist: 356
dist: 380
dist: 380

vlink src/dst: 18 19
number of protected paths set: 3
needed_slices: 40
paths: {0 17 17}
slices required:
{3 2 2}
slices start:
{8 48 52}
tuples:
{27 12 12}
dist: 360
dist: 738
dist: 738

vlink src/dst: 8 14
number of protected paths set: 15
needed_slices: 84
paths: {0 0 0 11 11 11}
slices required:
{2 2 2 2 2 2}
slices start:
{12 14 28 59 61 63}
tuples:
{12 12 12 12 12 12}
dist: 500
dist: 500
dist: 500
dist: 684
dist: 684
dist: 684

vlink src/dst: 8 13
number of protected paths set: 15
needed_slices: 33
paths: {1 7}
slices required:
{3 3}
slices start:
{65 62}
tuples:
{18 17}
dist: 493
dist: 581

vlink src/dst: 11 13
number of protected paths set: 15
needed_slices: 13
paths: {0 3}
slices required:
{2 3}
slices start:
{41 0}
tuples:
{20 27}
dist: 132
dist: 389

vlink src/dst: 6 15
number of protected paths set: 3
needed_slices: 30
paths: {1 1 2 2}
slices required:
{2 3 2 3}
slices start:
{6 10 4 9}
tuples:
{12 27 12 27}
dist: 339
dist: 339
dist: 345
dist: 345

vlink src/dst: 2 8
number of protected paths set: 3
needed_slices: 33
paths: {1 7 7}
slices required:
{3 2 2}
slices start:
{0 17 19}
tuples:
{27 12 12}
dist: 365
dist: 713
dist: 713

vlink src/dst: 1 11
number of protected paths set: 15
needed_slices: 15
paths: {0 1 1}
slices required:
{3 2 2}
slices start:
{0 6 8}
tuples:
{36 12 12}
dist: 75
dist: 404
dist: 404
19 second(s) taken for solution
27 second(s) taken in total
cost = 1636

