
9 second(s) taken for initialization

vlink src/dst: 6 12
number of protected paths set: 3
needed_slices: 22
paths: {0 1}
slices required:
{2 3}
slices start:
{0 0}
tuples:
{20 27}
dist: 296
dist: 344

vlink src/dst: 8 12
number of protected paths set: 3
needed_slices: 8
paths: {0 1}
slices required:
{2 2}
slices start:
{3 2}
tuples:
{29 20}
dist: 53
dist: 196

vlink src/dst: 10 12
number of protected paths set: 3
needed_slices: 12
paths: {0 1}
slices required:
{2 2}
slices start:
{4 5}
tuples:
{20 20}
dist: 160
dist: 231

vlink src/dst: 3 8
number of protected paths set: 15
needed_slices: 51
paths: {0 2 16}
slices required:
{3 3 3}
slices start:
{7 7 0}
tuples:
{27 27 17}
dist: 308
dist: 350
dist: 511

vlink src/dst: 5 10
number of protected paths set: 15
needed_slices: 16
paths: {0 0 1 1}
slices required:
{2 2 2 2}
slices start:
{2 10 0 10}
tuples:
{20 20 20 20}
dist: 115
dist: 115
dist: 193
dist: 193

vlink src/dst: 1 12
number of protected paths set: 3
needed_slices: 38
paths: {1 16}
slices required:
{2 2}
slices start:
{12 12}
tuples:
{12 6}
dist: 666
dist: 814

vlink src/dst: 5 18
number of protected paths set: 15
needed_slices: 84
paths: {0 1 1 9 9 10}
slices required:
{2 2 2 2 2 2}
slices start:
{14 16 18 16 18 14}
tuples:
{12 12 12 12 12 12}
dist: 442
dist: 453
dist: 453
dist: 575
dist: 575
dist: 584

vlink src/dst: 4 5
number of protected paths set: 3
needed_slices: 94
paths: {0 0 0 14 15 15}
slices required:
{2 2 3 2 2 2}
slices start:
{20 22 24 20 4 6}
tuples:
{12 12 18 12 12 12}
dist: 485
dist: 485
dist: 485
dist: 634
dist: 653
dist: 653

vlink src/dst: 10 13
number of protected paths set: 15
needed_slices: 8
paths: {0 1}
slices required:
{2 2}
slices start:
{0 12}
tuples:
{29 20}
dist: 67
dist: 201

vlink src/dst: 6 7
number of protected paths set: 15
needed_slices: 10
paths: {0 1}
slices required:
{2 2}
slices start:
{0 2}
tuples:
{20 20}
dist: 118
dist: 128

vlink src/dst: 6 8
number of protected paths set: 15
needed_slices: 14
paths: {0 2}
slices required:
{2 2}
slices start:
{8 22}
tuples:
{20 12}
dist: 287
dist: 315

vlink src/dst: 6 10
number of protected paths set: 15
needed_slices: 16
paths: {0 0 1 1}
slices required:
{2 2 2 2}
slices start:
{4 10 10 12}
tuples:
{20 20 20 20}
dist: 136
dist: 136
dist: 216
dist: 216

vlink src/dst: 0 13
number of protected paths set: 3
needed_slices: 40
paths: {1 1 7 7}
slices required:
{2 2 2 2}
slices start:
{24 26 3 5}
tuples:
{12 12 12 12}
dist: 375
dist: 375
dist: 464
dist: 464

vlink src/dst: 0 12
number of protected paths set: 3
needed_slices: 42
paths: {0 0 8 8}
slices required:
{2 2 2 3}
slices start:
{10 14 27 29}
tuples:
{20 20 12 18}
dist: 186
dist: 186
dist: 490
dist: 490

vlink src/dst: 7 16
number of protected paths set: 3
needed_slices: 102
paths: {1 1 1 8 8 8}
slices required:
{2 2 2 2 2 2}
slices start:
{10 14 16 32 34 36}
tuples:
{12 12 12 12 12 12}
dist: 636
dist: 636
dist: 636
dist: 724
dist: 724
dist: 724

vlink src/dst: 8 9
number of protected paths set: 15
needed_slices: 68
paths: {0 0 15 15 15}
slices required:
{2 3 2 2 2}
slices start:
{3 5 32 34 36}
tuples:
{12 27 12 12 12}
dist: 324
dist: 324
dist: 667
dist: 667
dist: 667

vlink src/dst: 1 15
number of protected paths set: 3
needed_slices: 130
paths: {0 0 0 9 9 9 9}
slices required:
{2 2 2 2 2 2 2}
slices start:
{8 18 20 38 40 42 44}
tuples:
{12 12 12 6 6 6 6}
dist: 730
dist: 730
dist: 730
dist: 808
dist: 808
dist: 808
dist: 808

vlink src/dst: 9 10
number of protected paths set: 15
needed_slices: 22
paths: {0 10}
slices required:
{2 2}
slices start:
{22 10}
tuples:
{12 12}
dist: 398
dist: 613

vlink src/dst: 2 8
number of protected paths set: 15
needed_slices: 33
paths: {1 9}
slices required:
{3 3}
slices start:
{46 28}
tuples:
{18 17}
dist: 421
dist: 518

vlink src/dst: 8 19
number of protected paths set: 15
needed_slices: 40
paths: {0 0 5 5}
slices required:
{2 2 2 3}
slices start:
{49 51 49 51}
tuples:
{20 20 12 27}
dist: 275
dist: 275
dist: 366
dist: 366

vlink src/dst: 3 19
number of protected paths set: 15
needed_slices: 16
paths: {0 0 1 1}
slices required:
{2 2 2 2}
slices start:
{3 5 0 27}
tuples:
{20 20 20 20}
dist: 144
dist: 144
dist: 240
dist: 240

vlink src/dst: 6 13
number of protected paths set: 15
needed_slices: 28
paths: {1 1 3 3}
slices required:
{2 2 2 2}
slices start:
{2 29 20 22}
tuples:
{20 20 20 20}
dist: 229
dist: 229
dist: 284
dist: 284

vlink src/dst: 2 10
number of protected paths set: 15
needed_slices: 14
paths: {0 3}
slices required:
{2 2}
slices start:
{2 29}
tuples:
{12 12}
dist: 338
dist: 374

vlink src/dst: 2 6
number of protected paths set: 15
needed_slices: 24
paths: {0 9}
slices required:
{2 2}
slices start:
{31 46}
tuples:
{12 12}
dist: 404
dist: 486

vlink src/dst: 1 10
number of protected paths set: 3
needed_slices: 50
paths: {0 13 13}
slices required:
{3 2 2}
slices start:
{4 24 26}
tuples:
{17 12 12}
dist: 570
dist: 661
dist: 661

vlink src/dst: 10 18
number of protected paths set: 15
needed_slices: 20
paths: {1 6}
slices required:
{2 2}
slices start:
{7 38}
tuples:
{12 12}
dist: 387
dist: 460

vlink src/dst: 3 9
number of protected paths set: 15
needed_slices: 40
paths: {0 0 3 3}
slices required:
{2 2 2 2}
slices start:
{32 34 7 12}
tuples:
{12 12 12 12}
dist: 430
dist: 430
dist: 528
dist: 528

vlink src/dst: 2 13
number of protected paths set: 15
needed_slices: 10
paths: {0 2}
slices required:
{2 2}
slices start:
{0 53}
tuples:
{20 20}
dist: 271
dist: 291

vlink src/dst: 9 14
number of protected paths set: 15
needed_slices: 44
paths: {0 0 3 3 4}
slices required:
{2 3 2 2 2}
slices start:
{12 24 2 4 14}
tuples:
{20 27 12 12 12}
dist: 295
dist: 295
dist: 486
dist: 486
dist: 486

vlink src/dst: 2 3
number of protected paths set: 15
needed_slices: 20
paths: {0 0 3 3}
slices required:
{2 2 2 2}
slices start:
{4 6 22 24}
tuples:
{20 20 20 20}
dist: 256
dist: 256
dist: 274
dist: 274

vlink src/dst: 3 18
number of protected paths set: 15
needed_slices: 24
paths: {1 3}
slices required:
{3 3}
slices start:
{0 4}
tuples:
{27 27}
dist: 305
dist: 349

vlink src/dst: 11 13
number of protected paths set: 15
needed_slices: 18
paths: {0 3}
slices required:
{2 2}
slices start:
{9 46}
tuples:
{12 12}
dist: 472
dist: 527

vlink src/dst: 3 17
number of protected paths set: 15
needed_slices: 45
paths: {0 0 4 4}
slices required:
{2 3 2 3}
slices start:
{18 26 33 35}
tuples:
{12 18 12 17}
dist: 445
dist: 445
dist: 539
dist: 539

vlink src/dst: 9 18
number of protected paths set: 15
needed_slices: 28
paths: {0 11}
slices required:
{2 2}
slices start:
{20 40}
tuples:
{12 12}
dist: 500
dist: 684

vlink src/dst: 16 19
number of protected paths set: 3
needed_slices: 30
paths: {1 3}
slices required:
{3 3}
slices start:
{42 29}
tuples:
{17 17}
dist: 547
dist: 560

vlink src/dst: 17 19
number of protected paths set: 15
needed_slices: 12
paths: {0 3}
slices required:
{2 2}
slices start:
{0 0}
tuples:
{12 12}
dist: 301
dist: 409

vlink src/dst: 1 18
number of protected paths set: 3
needed_slices: 34
paths: {0 0 1 1}
slices required:
{2 3 2 4}
slices start:
{0 2 10 22}
tuples:
{20 28 12 34}
dist: 199
dist: 199
dist: 387
dist: 387

vlink src/dst: 9 16
number of protected paths set: 3
needed_slices: 48
paths: {0 0 12 12 12}
slices required:
{2 2 2 2 2}
slices start:
{0 8 0 14 16}
tuples:
{20 20 12 12 12}
dist: 266
dist: 266
dist: 800
dist: 800
dist: 800

vlink src/dst: 9 17
number of protected paths set: 15
needed_slices: 8
paths: {0 1}
slices required:
{2 2}
slices start:
{0 18}
tuples:
{20 20}
dist: 197
dist: 268

vlink src/dst: 1 2
number of protected paths set: 3
needed_slices: 32
paths: {0 0 2 2}
slices required:
{2 2 2 3}
slices start:
{0 2 5 28}
tuples:
{20 20 12 27}
dist: 298
dist: 298
dist: 360
dist: 360
20 second(s) taken for solution
29 second(s) taken in total
cost = 1395

