
4 second(s) taken for initialization

vlink src/dst: 0 15
number of protected paths set: 3
needed_slices: 18
paths: {0 8}
slices required:
{2 2}
slices start:
{0 0}
tuples:
{12 12}
dist: 360
dist: 563

vlink src/dst: 1 15
number of protected paths set: 3
needed_slices: 12
paths: {0 1}
slices required:
{2 2}
slices start:
{2 2}
tuples:
{20 12}
dist: 199
dist: 387

vlink src/dst: 8 15
number of protected paths set: 3
needed_slices: 57
paths: {0 0 12 12 12}
slices required:
{2 3 2 2 2}
slices start:
{4 6 4 6 8}
tuples:
{12 27 12 12 12}
dist: 328
dist: 328
dist: 738
dist: 738
dist: 738

vlink src/dst: 0 1
number of protected paths set: 15
needed_slices: 18
paths: {0 6}
slices required:
{2 2}
slices start:
{10 10}
tuples:
{12 12}
dist: 358
dist: 564

vlink src/dst: 15 17
number of protected paths set: 3
needed_slices: 20
paths: {0 5}
slices required:
{2 2}
slices start:
{12 12}
tuples:
{12 12}
dist: 379
dist: 502

vlink src/dst: 12 15
number of protected paths set: 3
needed_slices: 72
paths: {0 0 0 9 9 9}
slices required:
{2 2 2 2 2 2}
slices start:
{14 16 18 14 16 18}
tuples:
{12 12 12 12 12 12}
dist: 511
dist: 511
dist: 511
dist: 649
dist: 649
dist: 649

vlink src/dst: 3 15
number of protected paths set: 3
needed_slices: 40
paths: {2 10}
slices required:
{2 2}
slices start:
{20 20}
tuples:
{6 6}
dist: 840
dist: 883

vlink src/dst: 10 13
number of protected paths set: 15
needed_slices: 80
paths: {1 1 13 13 15}
slices required:
{2 2 2 2 2}
slices start:
{0 4 22 24 2}
tuples:
{12 12 12 12 6}
dist: 671
dist: 671
dist: 798
dist: 798
dist: 871

vlink src/dst: 7 15
number of protected paths set: 3
needed_slices: 30
paths: {2 6}
slices required:
{2 2}
slices start:
{26 26}
tuples:
{12 12}
dist: 582
dist: 609

vlink src/dst: 13 15
number of protected paths set: 3
needed_slices: 90
paths: {1 1 1 5 5 5}
slices required:
{2 2 2 2 2 2}
slices start:
{28 30 32 28 30 32}
tuples:
{12 12 12 12 12 12}
dist: 726
dist: 726
dist: 726
dist: 743
dist: 743
dist: 743

vlink src/dst: 1 12
number of protected paths set: 15
needed_slices: 22
paths: {0 5}
slices required:
{2 2}
slices start:
{12 2}
tuples:
{12 12}
dist: 370
dist: 501

vlink src/dst: 1 6
number of protected paths set: 15
needed_slices: 12
paths: {0 1}
slices required:
{2 2}
slices start:
{22 0}
tuples:
{20 20}
dist: 191
dist: 246

vlink src/dst: 1 7
number of protected paths set: 15
needed_slices: 68
paths: {0 2 2 4 4 7}
slices required:
{2 2 2 2 2 2}
slices start:
{4 24 34 6 8 36}
tuples:
{12 12 12 12 12 12}
dist: 326
dist: 399
dist: 399
dist: 408
dist: 408
dist: 467

vlink src/dst: 1 5
number of protected paths set: 15
needed_slices: 112
paths: {0 0 8 12 12}
slices required:
{2 5 2 2 2}
slices start:
{26 28 10 14 16}
tuples:
{12 32 12 12 12}
dist: 632
dist: 632
dist: 753
dist: 762
dist: 762

vlink src/dst: 6 19
number of protected paths set: 15
needed_slices: 8
paths: {0 1}
slices required:
{2 3}
slices start:
{2 14}
tuples:
{29 27}
dist: 91
dist: 201

vlink src/dst: 0 19
number of protected paths set: 15
needed_slices: 30
paths: {0 0 2 2 2}
slices required:
{2 2 2 2 2}
slices start:
{17 19 6 8 12}
tuples:
{20 20 12 12 12}
dist: 258
dist: 258
dist: 405
dist: 405
dist: 405

vlink src/dst: 2 10
number of protected paths set: 15
needed_slices: 36
paths: {0 0 7 7}
slices required:
{2 2 2 2}
slices start:
{14 16 6 8}
tuples:
{12 12 12 12}
dist: 522
dist: 522
dist: 613
dist: 613

vlink src/dst: 2 17
number of protected paths set: 15
needed_slices: 30
paths: {0 2}
slices required:
{3 3}
slices start:
{0 21}
tuples:
{18 17}
dist: 442
dist: 546

vlink src/dst: 0 16
number of protected paths set: 15
needed_slices: 61
paths: {0 0 1 3 3 3}
slices required:
{2 2 2 2 2 3}
slices start:
{24 26 38 4 12 22}
tuples:
{12 12 12 12 12 17}
dist: 472
dist: 472
dist: 478
dist: 527
dist: 527
dist: 527

vlink src/dst: 2 19
number of protected paths set: 15
needed_slices: 30
paths: {1 7}
slices required:
{3 3}
slices start:
{33 40}
tuples:
{18 17}
dist: 431
dist: 575

vlink src/dst: 2 6
number of protected paths set: 15
needed_slices: 20
paths: {0 2}
slices required:
{2 2}
slices start:
{28 18}
tuples:
{12 12}
dist: 478
dist: 509

vlink src/dst: 3 19
number of protected paths set: 3
needed_slices: 26
paths: {3 4}
slices required:
{2 2}
slices start:
{6 22}
tuples:
{12 12}
dist: 595
dist: 605

vlink src/dst: 17 18
number of protected paths set: 15
needed_slices: 82
paths: {1 1 9 9 14}
slices required:
{2 2 2 2 2}
slices start:
{6 8 8 40 36}
tuples:
{12 12 12 12 6}
dist: 588
dist: 588
dist: 695
dist: 695
dist: 825

vlink src/dst: 4 17
number of protected paths set: 15
needed_slices: 12
paths: {0 4}
slices required:
{2 2}
slices start:
{12 18}
tuples:
{29 12}
dist: 82
dist: 415

vlink src/dst: 6 12
number of protected paths set: 15
needed_slices: 27
paths: {0 0 4 4}
slices required:
{2 2 2 3}
slices start:
{34 42 0 36}
tuples:
{20 20 12 27}
dist: 259
dist: 259
dist: 358
dist: 358

vlink src/dst: 13 17
number of protected paths set: 15
needed_slices: 65
paths: {4 4 7 7 7}
slices required:
{2 3 2 2 2}
slices start:
{20 42 10 44 46}
tuples:
{12 27 12 12 12}
dist: 386
dist: 386
dist: 419
dist: 419
dist: 419

vlink src/dst: 4 7
number of protected paths set: 15
needed_slices: 10
paths: {0 1}
slices required:
{2 2}
slices start:
{0 0}
tuples:
{29 20}
dist: 64
dist: 182

vlink src/dst: 2 16
number of protected paths set: 15
needed_slices: 20
paths: {2 3}
slices required:
{2 2}
slices start:
{20 0}
tuples:
{12 12}
dist: 467
dist: 497

vlink src/dst: 11 13
number of protected paths set: 15
needed_slices: 52
paths: {2 2 8 8}
slices required:
{2 2 2 2}
slices start:
{39 45 4 12}
tuples:
{12 12 12 12}
dist: 547
dist: 547
dist: 599
dist: 599

vlink src/dst: 7 12
number of protected paths set: 15
needed_slices: 37
paths: {0 0 4 4}
slices required:
{2 2 2 3}
slices start:
{0 2 6 8}
tuples:
{20 20 12 27}
dist: 250
dist: 250
dist: 328
dist: 328

vlink src/dst: 5 7
number of protected paths set: 15
needed_slices: 78
paths: {0 0 0 14 14 14}
slices required:
{2 2 2 2 2 2}
slices start:
{18 24 26 47 49 51}
tuples:
{12 12 12 12 12 12}
dist: 450
dist: 450
dist: 450
dist: 592
dist: 592
dist: 592

vlink src/dst: 3 7
number of protected paths set: 3
needed_slices: 73
paths: {0 0 17 17 17}
slices required:
{2 3 2 2 2}
slices start:
{22 45 53 55 57}
tuples:
{12 27 12 12 12}
dist: 383
dist: 383
dist: 660
dist: 660
dist: 660

vlink src/dst: 3 12
number of protected paths set: 3
needed_slices: 27
paths: {1 2}
slices required:
{3 3}
slices start:
{2 28}
tuples:
{27 27}
dist: 329
dist: 347

vlink src/dst: 0 18
number of protected paths set: 15
needed_slices: 35
paths: {2 5 5}
slices required:
{3 2 2}
slices start:
{18 0 6}
tuples:
{17 12 12}
dist: 582
dist: 634
dist: 634

vlink src/dst: 9 14
number of protected paths set: 3
needed_slices: 6
paths: {0 1}
slices required:
{2 2}
slices start:
{0 0}
tuples:
{20 20}
dist: 111
dist: 250

vlink src/dst: 8 9
number of protected paths set: 3
needed_slices: 26
paths: {0 14}
slices required:
{2 2}
slices start:
{2 10}
tuples:
{12 6}
dist: 643
dist: 990

vlink src/dst: 2 5
number of protected paths set: 15
needed_slices: 21
paths: {0 3}
slices required:
{3 3}
slices start:
{14 12}
tuples:
{18 18}
dist: 409
dist: 463

vlink src/dst: 0 14
number of protected paths set: 3
needed_slices: 78
paths: {1 1 11 13 13}
slices required:
{2 5 2 2 2}
slices start:
{6 30 17 25 27}
tuples:
{12 32 12 12 12}
dist: 630
dist: 630
dist: 782
dist: 790
dist: 790

vlink src/dst: 2 9
number of protected paths set: 15
needed_slices: 42
paths: {0 0 11 11 11}
slices required:
{2 2 2 2 2}
slices start:
{8 10 22 29 31}
tuples:
{20 20 12 12 12}
dist: 293
dist: 293
dist: 628
dist: 628
dist: 628

vlink src/dst: 0 2
number of protected paths set: 15
needed_slices: 10
paths: {0 4}
slices required:
{2 2}
slices start:
{0 38}
tuples:
{20 12}
dist: 226
dist: 452
21 second(s) taken for solution
25 second(s) taken in total
cost = 1593

