
7 second(s) taken for initialization

vlink src/dst: 4 12
number of protected paths set: 15
needed_slices: 8
paths: {0 1}
slices required:
{2 2}
slices start:
{0 0}
tuples:
{29 12}
dist: 42
dist: 311

vlink src/dst: 6 7
number of protected paths set: 3
needed_slices: 52
paths: {0 0 9 9 13}
slices required:
{2 3 2 2 2}
slices start:
{0 2 2 4 6}
tuples:
{20 28 12 12 12}
dist: 156
dist: 156
dist: 495
dist: 495
dist: 512

vlink src/dst: 0 10
number of protected paths set: 3
needed_slices: 14
paths: {0 2}
slices required:
{2 2}
slices start:
{6 5}
tuples:
{20 12}
dist: 223
dist: 383

vlink src/dst: 4 16
number of protected paths set: 15
needed_slices: 16
paths: {0 4}
slices required:
{2 2}
slices start:
{6 8}
tuples:
{20 12}
dist: 270
dist: 387

vlink src/dst: 6 12
number of protected paths set: 15
needed_slices: 8
paths: {0 1}
slices required:
{2 2}
slices start:
{8 2}
tuples:
{29 20}
dist: 93
dist: 260

vlink src/dst: 6 16
number of protected paths set: 15
needed_slices: 12
paths: {0 1}
slices required:
{2 2}
slices start:
{10 10}
tuples:
{20 12}
dist: 172
dist: 323

vlink src/dst: 10 11
number of protected paths set: 3
needed_slices: 46
paths: {0 17}
slices required:
{2 3}
slices start:
{12 7}
tuples:
{12 11}
dist: 706
dist: 907

vlink src/dst: 0 16
number of protected paths set: 15
needed_slices: 15
paths: {0 3}
slices required:
{2 3}
slices start:
{14 14}
tuples:
{20 27}
dist: 127
dist: 369

vlink src/dst: 10 18
number of protected paths set: 3
needed_slices: 52
paths: {0 0 9 13 13}
slices required:
{2 3 2 2 2}
slices start:
{4 14 16 12 18}
tuples:
{20 27 12 12 12}
dist: 284
dist: 284
dist: 589
dist: 604
dist: 604

vlink src/dst: 12 15
number of protected paths set: 15
needed_slices: 22
paths: {0 8}
slices required:
{2 2}
slices start:
{18 0}
tuples:
{12 12}
dist: 443
dist: 546

vlink src/dst: 3 16
number of protected paths set: 15
needed_slices: 10
paths: {0 1}
slices required:
{2 2}
slices start:
{20 10}
tuples:
{20 20}
dist: 109
dist: 136

vlink src/dst: 13 16
number of protected paths set: 15
needed_slices: 22
paths: {0 10}
slices required:
{2 2}
slices start:
{22 12}
tuples:
{12 12}
dist: 433
dist: 610

vlink src/dst: 6 9
number of protected paths set: 3
needed_slices: 34
paths: {6 8}
slices required:
{2 2}
slices start:
{20 10}
tuples:
{12 12}
dist: 780
dist: 789

vlink src/dst: 12 17
number of protected paths set: 15
needed_slices: 32
paths: {3 8}
slices required:
{2 2}
slices start:
{24 17}
tuples:
{12 12}
dist: 734
dist: 768

vlink src/dst: 8 16
number of protected paths set: 15
needed_slices: 32
paths: {1 13}
slices required:
{2 2}
slices start:
{26 12}
tuples:
{12 12}
dist: 570
dist: 723

vlink src/dst: 9 16
number of protected paths set: 3
needed_slices: 122
paths: {0 1 1 10 10 10 10}
slices required:
{2 2 2 2 2 2 2}
slices start:
{28 30 32 14 16 18 22}
tuples:
{12 12 12 12 12 12 12}
dist: 659
dist: 681
dist: 681
dist: 769
dist: 769
dist: 769
dist: 769

vlink src/dst: 1 16
number of protected paths set: 15
needed_slices: 75
paths: {0 0 10 11 11}
slices required:
{2 3 2 2 2}
slices start:
{34 36 34 19 21}
tuples:
{12 18 12 12 12}
dist: 465
dist: 465
dist: 754
dist: 771
dist: 771

vlink src/dst: 0 17
number of protected paths set: 15
needed_slices: 96
paths: {1 1 1 9 9 9}
slices required:
{2 2 2 2 2 2}
slices start:
{22 36 38 0 2 4}
tuples:
{12 12 12 12 12 12}
dist: 588
dist: 588
dist: 588
dist: 695
dist: 695
dist: 695

vlink src/dst: 4 15
number of protected paths set: 15
needed_slices: 70
paths: {1 1 3 3}
slices required:
{2 3 2 3}
slices start:
{10 23 26 30}
tuples:
{12 18 12 17}
dist: 496
dist: 496
dist: 533
dist: 533

vlink src/dst: 3 13
number of protected paths set: 15
needed_slices: 80
paths: {0 0 0 14 15 15}
slices required:
{2 2 3 2 2 2}
slices start:
{39 41 43 8 14 26}
tuples:
{12 12 18 12 12 12}
dist: 452
dist: 452
dist: 452
dist: 596
dist: 596
dist: 596

vlink src/dst: 4 17
number of protected paths set: 15
needed_slices: 34
paths: {2 5}
slices required:
{2 2}
slices start:
{6 40}
tuples:
{12 12}
dist: 718
dist: 764

vlink src/dst: 6 18
number of protected paths set: 15
needed_slices: 20
paths: {0 0 1 1}
slices required:
{2 2 2 2}
slices start:
{23 25 22 28}
tuples:
{20 20 20 20}
dist: 172
dist: 172
dist: 252
dist: 252

vlink src/dst: 1 6
number of protected paths set: 15
needed_slices: 71
paths: {0 0 0 1 7 7}
slices required:
{2 2 3 2 2 2}
slices start:
{46 48 50 28 30 32}
tuples:
{12 12 18 12 12 12}
dist: 487
dist: 487
dist: 487
dist: 514
dist: 599
dist: 599

vlink src/dst: 8 14
number of protected paths set: 15
needed_slices: 84
paths: {1 2 2 8 8 9}
slices required:
{2 2 2 2 2 2}
slices start:
{0 16 18 2 40 42}
tuples:
{12 12 12 12 12 12}
dist: 555
dist: 616
dist: 616
dist: 726
dist: 726
dist: 774

vlink src/dst: 14 18
number of protected paths set: 15
needed_slices: 6
paths: {0 2}
slices required:
{2 2}
slices start:
{34 0}
tuples:
{29 20}
dist: 57
dist: 283

vlink src/dst: 16 17
number of protected paths set: 15
needed_slices: 96
paths: {1 1 1 4 4 4}
slices required:
{2 2 2 2 2 2}
slices start:
{46 48 50 20 26 28}
tuples:
{12 12 12 12 12 12}
dist: 611
dist: 611
dist: 611
dist: 621
dist: 621
dist: 621

vlink src/dst: 3 5
number of protected paths set: 15
needed_slices: 16
paths: {0 0 1 1}
slices required:
{2 2 2 2}
slices start:
{0 2 24 30}
tuples:
{20 20 20 20}
dist: 168
dist: 168
dist: 184
dist: 184

vlink src/dst: 2 5
number of protected paths set: 15
needed_slices: 72
paths: {0 0 13 13 13}
slices required:
{2 3 2 2 2}
slices start:
{24 42 53 55 57}
tuples:
{12 18 12 12 12}
dist: 490
dist: 490
dist: 707
dist: 707
dist: 707

vlink src/dst: 3 15
number of protected paths set: 15
needed_slices: 12
paths: {0 3}
slices required:
{2 2}
slices start:
{12 32}
tuples:
{20 12}
dist: 184
dist: 305

vlink src/dst: 15 19
number of protected paths set: 15
needed_slices: 78
paths: {1 1 1 7 7 7}
slices required:
{2 2 2 2 2 2}
slices start:
{4 36 38 10 30 32}
tuples:
{12 12 12 12 12 12}
dist: 606
dist: 606
dist: 606
dist: 663
dist: 663
dist: 663

vlink src/dst: 5 8
number of protected paths set: 15
needed_slices: 65
paths: {0 0 3 3}
slices required:
{2 3 2 3}
slices start:
{34 36 6 12}
tuples:
{12 17 12 17}
dist: 520
dist: 520
dist: 540
dist: 540

vlink src/dst: 1 4
number of protected paths set: 15
needed_slices: 26
paths: {3 4}
slices required:
{2 2}
slices start:
{42 59}
tuples:
{12 12}
dist: 584
dist: 629

vlink src/dst: 11 19
number of protected paths set: 3
needed_slices: 30
paths: {2 5}
slices required:
{2 2}
slices start:
{44 0}
tuples:
{12 12}
dist: 745
dist: 768

vlink src/dst: 13 14
number of protected paths set: 15
needed_slices: 14
paths: {0 8}
slices required:
{2 2}
slices start:
{46 2}
tuples:
{20 12}
dist: 234
dist: 554

vlink src/dst: 8 13
number of protected paths set: 15
needed_slices: 24
paths: {0 7}
slices required:
{3 3}
slices start:
{20 59}
tuples:
{27 17}
dist: 321
dist: 596

vlink src/dst: 9 15
number of protected paths set: 3
needed_slices: 86
paths: {0 0 0 4 4 7}
slices required:
{2 2 3 2 2 2}
slices start:
{45 47 49 2 8 52}
tuples:
{12 12 18 12 12 12}
dist: 466
dist: 466
dist: 466
dist: 576
dist: 576
dist: 606

vlink src/dst: 8 11
number of protected paths set: 3
needed_slices: 45
paths: {0 0 2 2}
slices required:
{2 3 2 3}
slices start:
{4 14 40 54}
tuples:
{12 27 12 18}
dist: 399
dist: 399
dist: 495
dist: 495

vlink src/dst: 1 9
number of protected paths set: 3
needed_slices: 18
paths: {0 8}
slices required:
{2 2}
slices start:
{4 4}
tuples:
{12 12}
dist: 404
dist: 674

vlink src/dst: 7 16
number of protected paths set: 3
needed_slices: 20
paths: {0 0 1 1}
slices required:
{2 2 2 2}
slices start:
{24 52 36 46}
tuples:
{29 29 20 20}
dist: 74
dist: 74
dist: 172
dist: 172

vlink src/dst: 1 19
number of protected paths set: 15
needed_slices: 10
paths: {0 4}
slices required:
{2 2}
slices start:
{0 8}
tuples:
{20 12}
dist: 226
dist: 452
23 second(s) taken for solution
30 second(s) taken in total
cost = 1645

