
11 second(s) taken for initialization

vlink src/dst: 8 15
number of protected paths set: 3
needed_slices: 18
paths: {0 5}
slices required:
{2 2}
slices start:
{0 0}
tuples:
{12 12}
dist: 331
dist: 452

vlink src/dst: 1 4
number of protected paths set: 15
needed_slices: 16
paths: {1 2}
slices required:
{2 2}
slices start:
{2 2}
tuples:
{12 12}
dist: 326
dist: 334

vlink src/dst: 5 15
number of protected paths set: 3
needed_slices: 48
paths: {0 0 12 12 12}
slices required:
{2 2 2 2 2}
slices start:
{4 6 4 6 8}
tuples:
{20 20 12 12 12}
dist: 289
dist: 289
dist: 561
dist: 561
dist: 561

vlink src/dst: 4 14
number of protected paths set: 15
needed_slices: 14
paths: {0 3}
slices required:
{2 2}
slices start:
{10 10}
tuples:
{20 12}
dist: 281
dist: 358

vlink src/dst: 7 15
number of protected paths set: 3
needed_slices: 50
paths: {1 17}
slices required:
{2 3}
slices start:
{8 12}
tuples:
{12 10}
dist: 725
dist: 1117

vlink src/dst: 2 14
number of protected paths set: 15
needed_slices: 36
paths: {2 11}
slices required:
{3 3}
slices start:
{4 12}
tuples:
{18 17}
dist: 415
dist: 524

vlink src/dst: 10 17
number of protected paths set: 15
needed_slices: 78
paths: {1 1 1 13 13 13}
slices required:
{2 2 2 2 2 2}
slices start:
{0 15 17 2 7 9}
tuples:
{12 12 12 12 12 12}
dist: 474
dist: 474
dist: 474
dist: 610
dist: 610
dist: 610

vlink src/dst: 5 10
number of protected paths set: 15
needed_slices: 16
paths: {0 10}
slices required:
{2 2}
slices start:
{19 15}
tuples:
{20 12}
dist: 224
dist: 492

vlink src/dst: 6 10
number of protected paths set: 15
needed_slices: 14
paths: {0 4}
slices required:
{2 2}
slices start:
{21 17}
tuples:
{20 12}
dist: 124
dist: 416

vlink src/dst: 2 5
number of protected paths set: 15
needed_slices: 24
paths: {1 13}
slices required:
{2 2}
slices start:
{19 23}
tuples:
{12 12}
dist: 435
dist: 588

vlink src/dst: 1 16
number of protected paths set: 15
needed_slices: 8
paths: {0 1}
slices required:
{2 2}
slices start:
{2 10}
tuples:
{20 20}
dist: 115
dist: 193

vlink src/dst: 0 6
number of protected paths set: 15
needed_slices: 60
paths: {1 1 2 2}
slices required:
{2 3 2 3}
slices start:
{21 23 25 27}
tuples:
{12 17 12 17}
dist: 523
dist: 523
dist: 534
dist: 534

vlink src/dst: 13 14
number of protected paths set: 3
needed_slices: 153
paths: {0 0 0 0 6 6 6 6}
slices required:
{2 2 2 3 2 2 2 3}
slices start:
{2 10 12 25 26 28 30 32}
tuples:
{6 6 6 11 6 6 6 11}
dist: 813
dist: 813
dist: 813
dist: 813
dist: 836
dist: 836
dist: 836
dist: 836

vlink src/dst: 0 1
number of protected paths set: 15
needed_slices: 24
paths: {1 11}
slices required:
{2 2}
slices start:
{35 30}
tuples:
{12 12}
dist: 441
dist: 567

vlink src/dst: 1 17
number of protected paths set: 15
needed_slices: 66
paths: {0 0 13 13 13}
slices required:
{2 3 2 2 2}
slices start:
{10 12 19 35 37}
tuples:
{12 27 12 12 12}
dist: 307
dist: 307
dist: 599
dist: 599
dist: 599

vlink src/dst: 1 18
number of protected paths set: 15
needed_slices: 26
paths: {2 11}
slices required:
{2 2}
slices start:
{37 39}
tuples:
{12 12}
dist: 555
dist: 714

vlink src/dst: 8 16
number of protected paths set: 15
needed_slices: 20
paths: {0 0 1 1}
slices required:
{2 2 2 2}
slices start:
{7 9 4 6}
tuples:
{20 20 20 20}
dist: 175
dist: 175
dist: 200
dist: 200

vlink src/dst: 6 18
number of protected paths set: 15
needed_slices: 26
paths: {1 3}
slices required:
{2 2}
slices start:
{21 41}
tuples:
{12 12}
dist: 631
dist: 637

vlink src/dst: 3 6
number of protected paths set: 15
needed_slices: 28
paths: {1 15}
slices required:
{2 2}
slices start:
{15 23}
tuples:
{12 12}
dist: 621
dist: 755

vlink src/dst: 6 11
number of protected paths set: 15
needed_slices: 22
paths: {0 8}
slices required:
{2 2}
slices start:
{28 0}
tuples:
{12 12}
dist: 443
dist: 546

vlink src/dst: 11 14
number of protected paths set: 15
needed_slices: 33
paths: {0 2}
slices required:
{3 3}
slices start:
{14 41}
tuples:
{18 17}
dist: 485
dist: 506

vlink src/dst: 12 14
number of protected paths set: 15
needed_slices: 22
paths: {0 9}
slices required:
{2 2}
slices start:
{32 19}
tuples:
{12 12}
dist: 356
dist: 549

vlink src/dst: 2 17
number of protected paths set: 15
needed_slices: 72
paths: {1 1 1 5 5 5}
slices required:
{2 2 2 2 2 2}
slices start:
{39 44 46 0 4 11}
tuples:
{12 12 12 12 12 12}
dist: 493
dist: 493
dist: 493
dist: 577
dist: 577
dist: 577

vlink src/dst: 10 18
number of protected paths set: 15
needed_slices: 91
paths: {0 0 6 6 7}
slices required:
{2 5 2 2 2}
slices start:
{19 32 43 45 47}
tuples:
{12 32 12 12 12}
dist: 644
dist: 644
dist: 714
dist: 714
dist: 748

vlink src/dst: 9 19
number of protected paths set: 15
needed_slices: 10
paths: {0 1}
slices required:
{2 2}
slices start:
{0 2}
tuples:
{20 12}
dist: 254
dist: 304

vlink src/dst: 17 19
number of protected paths set: 15
needed_slices: 62
paths: {0 4 4 8 8 13}
slices required:
{2 2 2 2 2 2}
slices start:
{21 48 50 2 4 17}
tuples:
{12 12 12 12 12 12}
dist: 392
dist: 473
dist: 473
dist: 512
dist: 512
dist: 571

vlink src/dst: 2 12
number of protected paths set: 15
needed_slices: 18
paths: {0 0 0 1 1 1}
slices required:
{2 2 2 2 2 2}
slices start:
{0 2 4 0 2 4}
tuples:
{20 20 20 20 20 20}
dist: 162
dist: 162
dist: 162
dist: 202
dist: 202
dist: 202

vlink src/dst: 11 19
number of protected paths set: 15
needed_slices: 24
paths: {2 7}
slices required:
{2 2}
slices start:
{52 39}
tuples:
{12 12}
dist: 507
dist: 599

vlink src/dst: 10 13
number of protected paths set: 3
needed_slices: 130
paths: {0 0 0 0 15 15 15 15}
slices required:
{2 2 2 2 2 2 2 3}
slices start:
{21 23 37 41 52 54 56 58}
tuples:
{12 12 12 12 6 6 6 11}
dist: 707
dist: 707
dist: 707
dist: 707
dist: 846
dist: 846
dist: 846
dist: 846

vlink src/dst: 16 18
number of protected paths set: 15
needed_slices: 22
paths: {0 7}
slices required:
{2 2}
slices start:
{30 21}
tuples:
{12 12}
dist: 516
dist: 608

vlink src/dst: 5 7
number of protected paths set: 3
needed_slices: 68
paths: {0 0 16 16 16}
slices required:
{2 2 2 2 2}
slices start:
{2 4 32 44 49}
tuples:
{12 12 6 6 6}
dist: 515
dist: 515
dist: 819
dist: 819
dist: 819

vlink src/dst: 9 11
number of protected paths set: 15
needed_slices: 22
paths: {0 13}
slices required:
{2 2}
slices start:
{13 6}
tuples:
{12 12}
dist: 376
dist: 667

vlink src/dst: 7 11
number of protected paths set: 3
needed_slices: 16
paths: {0 5}
slices required:
{2 2}
slices start:
{0 54}
tuples:
{29 12}
dist: 93
dist: 645

vlink src/dst: 2 18
number of protected paths set: 15
needed_slices: 18
paths: {0 10}
slices required:
{2 2}
slices start:
{6 8}
tuples:
{12 12}
dist: 481
dist: 659

vlink src/dst: 8 13
number of protected paths set: 3
needed_slices: 40
paths: {2 2 5 5}
slices required:
{2 2 2 2}
slices start:
{0 4 54 56}
tuples:
{12 12 12 12}
dist: 598
dist: 598
dist: 669
dist: 669

vlink src/dst: 13 19
number of protected paths set: 3
needed_slices: 60
paths: {0 0 0 8 8 8}
slices required:
{2 2 2 2 2 2}
slices start:
{10 12 14 61 63 65}
tuples:
{12 12 12 12 12 12}
dist: 576
dist: 576
dist: 576
dist: 686
dist: 686
dist: 686

vlink src/dst: 13 18
number of protected paths set: 3
needed_slices: 8
paths: {0 1}
slices required:
{2 3}
slices start:
{6 0}
tuples:
{20 27}
dist: 141
dist: 349

vlink src/dst: 2 13
number of protected paths set: 3
needed_slices: 76
paths: {0 0 0 9 9 9 9}
slices required:
{2 2 3 2 2 2 2}
slices start:
{16 18 43 48 50 67 69}
tuples:
{12 12 17 12 12 12 12}
dist: 544
dist: 544
dist: 544
dist: 739
dist: 739
dist: 739
dist: 739

vlink src/dst: 3 18
number of protected paths set: 15
needed_slices: 12
paths: {0 0 1 1}
slices required:
{2 2 2 2}
slices start:
{0 2 6 8}
tuples:
{20 20 20 20}
dist: 123
dist: 123
dist: 184
dist: 184

vlink src/dst: 0 12
number of protected paths set: 15
needed_slices: 39
paths: {0 0 3 3 3}
slices required:
{2 3 2 2 2}
slices start:
{8 20 6 26 28}
tuples:
{12 27 12 12 12}
dist: 356
dist: 356
dist: 517
dist: 517
dist: 517
29 second(s) taken for solution
40 second(s) taken in total
cost = 1590

