
5 second(s) taken for initialization

vlink src/dst: 9 17
number of protected paths set: 3
needed_slices: 32
paths: {5 10}
slices required:
{2 2}
slices start:
{0 0}
tuples:
{12 12}
dist: 678
dist: 705

vlink src/dst: 11 13
number of protected paths set: 15
needed_slices: 20
paths: {0 0 1 1}
slices required:
{2 3 2 3}
slices start:
{2 4 2 4}
tuples:
{20 28 20 27}
dist: 120
dist: 120
dist: 293
dist: 293

vlink src/dst: 6 9
number of protected paths set: 3
needed_slices: 22
paths: {0 7}
slices required:
{2 2}
slices start:
{7 2}
tuples:
{12 12}
dist: 386
dist: 518

vlink src/dst: 10 14
number of protected paths set: 15
needed_slices: 18
paths: {0 2}
slices required:
{2 2}
slices start:
{9 4}
tuples:
{20 12}
dist: 298
dist: 376

vlink src/dst: 13 15
number of protected paths set: 15
needed_slices: 18
paths: {1 12}
slices required:
{2 2}
slices start:
{4 9}
tuples:
{12 12}
dist: 407
dist: 676

vlink src/dst: 1 5
number of protected paths set: 15
needed_slices: 12
paths: {0 0 1 1}
slices required:
{2 2 2 2}
slices start:
{0 6 0 2}
tuples:
{20 20 20 20}
dist: 162
dist: 162
dist: 202
dist: 202

vlink src/dst: 1 7
number of protected paths set: 15
needed_slices: 72
paths: {0 0 0 12 12 12}
slices required:
{2 2 2 2 2 2}
slices start:
{11 13 15 8 10 12}
tuples:
{12 12 12 12 12 12}
dist: 419
dist: 419
dist: 419
dist: 603
dist: 603
dist: 603

vlink src/dst: 14 15
number of protected paths set: 15
needed_slices: 36
paths: {0 0 5 5 5}
slices required:
{2 2 2 2 2}
slices start:
{17 19 2 6 11}
tuples:
{20 20 12 12 12}
dist: 271
dist: 271
dist: 598
dist: 598
dist: 598

vlink src/dst: 12 13
number of protected paths set: 15
needed_slices: 45
paths: {1 1 2 2}
slices required:
{2 3 2 3}
slices start:
{13 15 14 21}
tuples:
{12 17 12 17}
dist: 537
dist: 537
dist: 550
dist: 550

vlink src/dst: 7 15
number of protected paths set: 15
needed_slices: 26
paths: {0 12}
slices required:
{2 2}
slices start:
{24 4}
tuples:
{12 12}
dist: 490
dist: 707

vlink src/dst: 0 14
number of protected paths set: 15
needed_slices: 26
paths: {0 14}
slices required:
{2 2}
slices start:
{17 14}
tuples:
{12 12}
dist: 450
dist: 592

vlink src/dst: 7 13
number of protected paths set: 15
needed_slices: 18
paths: {2 4}
slices required:
{2 2}
slices start:
{0 19}
tuples:
{12 12}
dist: 398
dist: 451

vlink src/dst: 10 11
number of protected paths set: 15
needed_slices: 14
paths: {0 3}
slices required:
{2 2}
slices start:
{21 18}
tuples:
{20 12}
dist: 156
dist: 333

vlink src/dst: 11 19
number of protected paths set: 15
needed_slices: 16
paths: {1 2}
slices required:
{2 2}
slices start:
{26 6}
tuples:
{20 20}
dist: 281
dist: 294

vlink src/dst: 11 16
number of protected paths set: 15
needed_slices: 18
paths: {0 3}
slices required:
{2 2}
slices start:
{0 28}
tuples:
{20 12}
dist: 284
dist: 464

vlink src/dst: 2 13
number of protected paths set: 15
needed_slices: 42
paths: {0 10 13}
slices required:
{2 2 2}
slices start:
{21 11 26}
tuples:
{12 12 6}
dist: 607
dist: 719
dist: 854

vlink src/dst: 5 17
number of protected paths set: 15
needed_slices: 20
paths: {0 8}
slices required:
{2 2}
slices start:
{16 0}
tuples:
{12 12}
dist: 426
dist: 546

vlink src/dst: 8 11
number of protected paths set: 15
needed_slices: 30
paths: {1 9}
slices required:
{2 2}
slices start:
{30 26}
tuples:
{12 12}
dist: 567
dist: 638

vlink src/dst: 11 18
number of protected paths set: 3
needed_slices: 112
paths: {2 3 3 13 13 13 13}
slices required:
{2 2 2 2 2 2 2}
slices start:
{32 34 36 28 32 34 36}
tuples:
{12 12 12 12 12 12 12}
dist: 669
dist: 670
dist: 670
dist: 710
dist: 710
dist: 710
dist: 710

vlink src/dst: 14 17
number of protected paths set: 15
needed_slices: 84
paths: {0 0 0 14 14 14}
slices required:
{2 2 2 2 2 2}
slices start:
{20 22 24 38 40 42}
tuples:
{12 12 12 12 12 12}
dist: 521
dist: 521
dist: 521
dist: 642
dist: 642
dist: 642

vlink src/dst: 7 16
number of protected paths set: 15
needed_slices: 60
paths: {1 1 1 8 8 8}
slices required:
{2 2 2 2 2 2}
slices start:
{0 2 6 44 46 48}
tuples:
{12 12 12 12 12 12}
dist: 448
dist: 448
dist: 448
dist: 513
dist: 513
dist: 513

vlink src/dst: 3 11
number of protected paths set: 15
needed_slices: 57
paths: {1 1 7 7 7}
slices required:
{2 3 2 2 2}
slices start:
{4 38 28 30 32}
tuples:
{12 18 12 12 12}
dist: 472
dist: 472
dist: 617
dist: 617
dist: 617

vlink src/dst: 5 15
number of protected paths set: 15
needed_slices: 28
paths: {0 0 2 2 2}
slices required:
{2 2 2 2 2}
slices start:
{2 6 18 26 34}
tuples:
{29 29 12 12 12}
dist: 56
dist: 56
dist: 503
dist: 503
dist: 503

vlink src/dst: 1 3
number of protected paths set: 15
needed_slices: 16
paths: {0 5}
slices required:
{2 2}
slices start:
{36 36}
tuples:
{12 12}
dist: 415
dist: 572

vlink src/dst: 4 11
number of protected paths set: 15
needed_slices: 26
paths: {0 11}
slices required:
{2 2}
slices start:
{30 50}
tuples:
{12 12}
dist: 533
dist: 680

vlink src/dst: 4 14
number of protected paths set: 15
needed_slices: 60
paths: {0 0 0 6 6 6}
slices required:
{2 2 2 2 2 2}
slices start:
{28 32 41 34 38 40}
tuples:
{12 12 12 12 12 12}
dist: 576
dist: 576
dist: 576
dist: 665
dist: 665
dist: 665

vlink src/dst: 4 5
number of protected paths set: 15
needed_slices: 48
paths: {2 2 2 3 3 3}
slices required:
{2 2 2 2 2 2}
slices start:
{42 44 46 50 52 54}
tuples:
{12 12 12 12 12 12}
dist: 450
dist: 450
dist: 450
dist: 485
dist: 485
dist: 485

vlink src/dst: 1 12
number of protected paths set: 15
needed_slices: 46
paths: {0 0 3 3 3}
slices required:
{3 3 2 2 3}
slices start:
{48 51 56 58 60}
tuples:
{27 27 12 12 17}
dist: 356
dist: 356
dist: 517
dist: 517
dist: 517

vlink src/dst: 0 12
number of protected paths set: 15
needed_slices: 26
paths: {0 10}
slices required:
{2 2}
slices start:
{8 56}
tuples:
{12 12}
dist: 484
dist: 618

vlink src/dst: 10 17
number of protected paths set: 15
needed_slices: 50
paths: {2 2 5 5}
slices required:
{2 3 2 3}
slices start:
{9 13 2 6}
tuples:
{12 27 12 27}
dist: 324
dist: 324
dist: 391
dist: 391

vlink src/dst: 0 10
number of protected paths set: 15
needed_slices: 45
paths: {0 0 8 8}
slices required:
{2 3 2 4}
slices start:
{20 22 4 17}
tuples:
{20 28 12 34}
dist: 190
dist: 190
dist: 388
dist: 388

vlink src/dst: 3 15
number of protected paths set: 15
needed_slices: 8
paths: {0 1}
slices required:
{2 2}
slices start:
{0 13}
tuples:
{20 20}
dist: 197
dist: 268

vlink src/dst: 6 17
number of protected paths set: 15
needed_slices: 21
paths: {1 2}
slices required:
{2 3}
slices start:
{14 44}
tuples:
{20 27}
dist: 286
dist: 304

vlink src/dst: 2 15
number of protected paths set: 15
needed_slices: 38
paths: {0 0 5 5 5}
slices required:
{2 3 2 2 3}
slices start:
{15 17 2 4 6}
tuples:
{20 27 12 12 18}
dist: 268
dist: 268
dist: 494
dist: 494
dist: 494

vlink src/dst: 7 17
number of protected paths set: 15
needed_slices: 51
paths: {0 0 3 3}
slices required:
{2 3 2 4}
slices start:
{26 32 2 21}
tuples:
{20 27 12 34}
dist: 289
dist: 289
dist: 389
dist: 389

vlink src/dst: 3 18
number of protected paths set: 3
needed_slices: 90
paths: {0 1 1 15 15 15 15}
slices required:
{2 2 2 2 2 2 2}
slices start:
{2 4 6 10 12 16 18}
tuples:
{12 12 12 12 12 12 12}
dist: 561
dist: 627
dist: 627
dist: 778
dist: 778
dist: 778
dist: 778

vlink src/dst: 18 19
number of protected paths set: 3
needed_slices: 22
paths: {1 5}
slices required:
{2 2}
slices start:
{6 25}
tuples:
{12 12}
dist: 462
dist: 521

vlink src/dst: 0 17
number of protected paths set: 15
needed_slices: 16
paths: {0 1}
slices required:
{2 2}
slices start:
{4 9}
tuples:
{20 20}
dist: 208
dist: 274

vlink src/dst: 17 18
number of protected paths set: 3
needed_slices: 18
paths: {0 9}
slices required:
{2 2}
slices start:
{11 47}
tuples:
{20 12}
dist: 285
dist: 538

vlink src/dst: 2 4
number of protected paths set: 15
needed_slices: 12
paths: {0 0 1 1}
slices required:
{2 2 2 2}
slices start:
{0 9 8 10}
tuples:
{20 20 20 20}
dist: 126
dist: 126
dist: 252
dist: 252
33 second(s) taken for solution
38 second(s) taken in total
cost = 1419

