
4 second(s) taken for initialization

vlink src/dst: 0 16
number of protected paths set: 3
needed_slices: 30
paths: {0 14}
slices required:
{2 2}
slices start:
{0 0}
tuples:
{12 12}
dist: 571
dist: 662

vlink src/dst: 1 6
number of protected paths set: 3
needed_slices: 20
paths: {0 0 1 1}
slices required:
{2 3 2 3}
slices start:
{0 2 2 4}
tuples:
{20 28 20 27}
dist: 123
dist: 123
dist: 290
dist: 290

vlink src/dst: 1 7
number of protected paths set: 3
needed_slices: 37
paths: {0 0 1 1}
slices required:
{2 2 2 3}
slices start:
{7 9 7 9}
tuples:
{20 20 12 27}
dist: 298
dist: 298
dist: 381
dist: 381

vlink src/dst: 9 16
number of protected paths set: 3
needed_slices: 94
paths: {1 1 15 15 15}
slices required:
{2 2 2 2 2}
slices start:
{12 14 2 4 12}
tuples:
{12 12 6 6 6}
dist: 772
dist: 772
dist: 840
dist: 840
dist: 840

vlink src/dst: 14 16
number of protected paths set: 3
needed_slices: 66
paths: {2 2 2 4 4 4}
slices required:
{2 2 2 2 2 2}
slices start:
{14 16 18 16 18 20}
tuples:
{12 12 12 12 12 12}
dist: 433
dist: 433
dist: 433
dist: 478
dist: 478
dist: 478

vlink src/dst: 7 11
number of protected paths set: 15
needed_slices: 56
paths: {0 0 6 6}
slices required:
{2 2 2 2}
slices start:
{22 24 6 8}
tuples:
{12 12 12 12}
dist: 540
dist: 540
dist: 647
dist: 647

vlink src/dst: 4 14
number of protected paths set: 3
needed_slices: 26
paths: {0 6}
slices required:
{2 2}
slices start:
{10 26}
tuples:
{12 12}
dist: 377
dist: 617

vlink src/dst: 2 14
number of protected paths set: 15
needed_slices: 33
paths: {0 5}
slices required:
{2 3}
slices start:
{20 28}
tuples:
{20 17}
dist: 266
dist: 571

vlink src/dst: 6 7
number of protected paths set: 15
needed_slices: 28
paths: {0 3 3}
slices required:
{3 2 2}
slices start:
{31 22 24}
tuples:
{27 12 12}
dist: 253
dist: 425
dist: 425

vlink src/dst: 3 7
number of protected paths set: 15
needed_slices: 12
paths: {0 3}
slices required:
{2 2}
slices start:
{0 2}
tuples:
{20 12}
dist: 195
dist: 375

vlink src/dst: 4 13
number of protected paths set: 3
needed_slices: 28
paths: {0 11}
slices required:
{2 2}
slices start:
{22 34}
tuples:
{12 12}
dist: 449
dist: 696

vlink src/dst: 2 9
number of protected paths set: 15
needed_slices: 45
paths: {0 10}
slices required:
{2 3}
slices start:
{24 20}
tuples:
{12 11}
dist: 663
dist: 870

vlink src/dst: 8 18
number of protected paths set: 3
needed_slices: 42
paths: {0 10}
slices required:
{2 3}
slices start:
{26 36}
tuples:
{12 11}
dist: 744
dist: 820

vlink src/dst: 3 15
number of protected paths set: 15
needed_slices: 14
paths: {0 8}
slices required:
{2 2}
slices start:
{39 26}
tuples:
{20 12}
dist: 161
dist: 474

vlink src/dst: 1 5
number of protected paths set: 3
needed_slices: 18
paths: {0 13}
slices required:
{2 2}
slices start:
{5 31}
tuples:
{20 12}
dist: 246
dist: 538

vlink src/dst: 7 14
number of protected paths set: 15
needed_slices: 22
paths: {1 4}
slices required:
{2 2}
slices start:
{28 41}
tuples:
{12 12}
dist: 329
dist: 469

vlink src/dst: 1 9
number of protected paths set: 3
needed_slices: 120
paths: {1 1 1 17 17 17 17}
slices required:
{2 2 2 2 2 2 2}
slices start:
{16 18 20 36 38 40 42}
tuples:
{12 12 12 6 6 6 6}
dist: 632
dist: 632
dist: 632
dist: 869
dist: 869
dist: 869
dist: 869

vlink src/dst: 3 5
number of protected paths set: 15
needed_slices: 38
paths: {0 0 2 2}
slices required:
{2 3 2 4}
slices start:
{43 45 33 44}
tuples:
{20 28 12 34}
dist: 181
dist: 181
dist: 307
dist: 307

vlink src/dst: 6 13
number of protected paths set: 15
needed_slices: 32
paths: {0 0 8 8}
slices required:
{2 2 2 2}
slices start:
{2 7 48 50}
tuples:
{20 20 12 12}
dist: 173
dist: 173
dist: 353
dist: 353

vlink src/dst: 1 11
number of protected paths set: 3
needed_slices: 66
paths: {0 0 0 16 16 16}
slices required:
{2 2 2 2 2 2}
slices start:
{12 14 28 52 54 56}
tuples:
{12 12 12 12 12 12}
dist: 410
dist: 410
dist: 410
dist: 605
dist: 605
dist: 605

vlink src/dst: 13 15
number of protected paths set: 15
needed_slices: 40
paths: {0 0 2 2}
slices required:
{2 3 2 3}
slices start:
{9 11 2 4}
tuples:
{20 27 20 27}
dist: 213
dist: 213
dist: 285
dist: 285

vlink src/dst: 6 19
number of protected paths set: 3
needed_slices: 30
paths: {0 3}
slices required:
{2 2}
slices start:
{58 14}
tuples:
{12 12}
dist: 765
dist: 788

vlink src/dst: 13 14
number of protected paths set: 15
needed_slices: 6
paths: {0 2}
slices required:
{2 2}
slices start:
{0 6}
tuples:
{29 20}
dist: 72
dist: 189

vlink src/dst: 7 13
number of protected paths set: 15
needed_slices: 58
paths: {0 1 2 9 12}
slices required:
{2 2 2 2 2}
slices start:
{52 54 60 62 4}
tuples:
{12 12 12 12 12}
dist: 387
dist: 401
dist: 434
dist: 548
dist: 614

vlink src/dst: 11 17
number of protected paths set: 15
needed_slices: 12
paths: {0 1}
slices required:
{2 2}
slices start:
{0 0}
tuples:
{20 20}
dist: 240
dist: 248

vlink src/dst: 0 14
number of protected paths set: 15
needed_slices: 20
paths: {0 0 1 1}
slices required:
{2 2 2 2}
slices start:
{7 9 8 10}
tuples:
{20 20 20 20}
dist: 207
dist: 207
dist: 231
dist: 231

vlink src/dst: 5 9
number of protected paths set: 15
needed_slices: 72
paths: {0 0 10 12 12}
slices required:
{2 4 2 2 2}
slices start:
{22 28 23 2 4}
tuples:
{12 34 12 12 12}
dist: 375
dist: 375
dist: 503
dist: 508
dist: 508

vlink src/dst: 14 18
number of protected paths set: 3
needed_slices: 60
paths: {0 0 6 6}
slices required:
{2 3 2 3}
slices start:
{32 34 14 16}
tuples:
{12 18 12 17}
dist: 482
dist: 482
dist: 561
dist: 561

vlink src/dst: 7 10
number of protected paths set: 15
needed_slices: 20
paths: {3 5}
slices required:
{2 2}
slices start:
{10 14}
tuples:
{12 12}
dist: 612
dist: 634

vlink src/dst: 16 19
number of protected paths set: 3
needed_slices: 112
paths: {0 0 0 0 17 17 17 17}
slices required:
{2 2 2 2 2 2 2 2}
slices start:
{26 30 32 36 28 60 64 66}
tuples:
{6 6 6 6 6 6 6 6}
dist: 810
dist: 810
dist: 810
dist: 810
dist: 998
dist: 998
dist: 998
dist: 998

vlink src/dst: 10 11
number of protected paths set: 15
needed_slices: 28
paths: {8 11}
slices required:
{2 2}
slices start:
{6 23}
tuples:
{12 12}
dist: 654
dist: 682

vlink src/dst: 2 10
number of protected paths set: 15
needed_slices: 44
paths: {3 3 8 8}
slices required:
{2 2 2 2}
slices start:
{12 34 12 23}
tuples:
{12 12 12 12}
dist: 580
dist: 580
dist: 689
dist: 689

vlink src/dst: 4 10
number of protected paths set: 3
needed_slices: 24
paths: {1 13}
slices required:
{2 2}
slices start:
{0 38}
tuples:
{12 12}
dist: 630
dist: 790

vlink src/dst: 2 19
number of protected paths set: 3
needed_slices: 52
paths: {0 0 17 17}
slices required:
{2 2 2 2}
slices start:
{2 4 16 18}
tuples:
{12 12 6 6}
dist: 643
dist: 643
dist: 990
dist: 990

vlink src/dst: 14 19
number of protected paths set: 3
needed_slices: 65
paths: {0 2 2 5 5}
slices required:
{2 2 2 2 5}
slices start:
{25 20 30 56 68}
tuples:
{12 12 12 12 32}
dist: 586
dist: 598
dist: 598
dist: 669
dist: 669

vlink src/dst: 13 19
number of protected paths set: 3
needed_slices: 44
paths: {3 3 4 4}
slices required:
{2 2 2 2}
slices start:
{0 8 11 37}
tuples:
{12 12 12 12}
dist: 638
dist: 638
dist: 654
dist: 654

vlink src/dst: 0 9
number of protected paths set: 15
needed_slices: 12
paths: {0 1}
slices required:
{2 2}
slices start:
{0 0}
tuples:
{20 12}
dist: 190
dist: 306

vlink src/dst: 18 19
number of protected paths set: 3
needed_slices: 54
paths: {0 17 17}
slices required:
{3 2 2}
slices start:
{6 39 41}
tuples:
{17 6 6}
dist: 597
dist: 967
dist: 967

vlink src/dst: 12 18
number of protected paths set: 3
needed_slices: 94
paths: {0 0 14 14 14 14}
slices required:
{3 3 2 2 2 2}
slices start:
{9 14 9 43 45 47}
tuples:
{27 27 12 12 12 12}
dist: 390
dist: 390
dist: 759
dist: 759
dist: 759
dist: 759

vlink src/dst: 10 12
number of protected paths set: 15
needed_slices: 28
paths: {0 0 5 5}
slices required:
{2 2 2 3}
slices start:
{0 2 0 2}
tuples:
{20 20 12 18}
dist: 296
dist: 296
dist: 465
dist: 465
21 second(s) taken for solution
25 second(s) taken in total
cost = 1702

