
4 second(s) taken for initialization

vlink src/dst: 9 19
number of protected paths set: 3
needed_slices: 53
paths: {0 0 8 8 9}
slices required:
{2 3 2 2 2}
slices start:
{0 2 0 2 4}
tuples:
{20 28 12 12 12}
dist: 186
dist: 186
dist: 490
dist: 490
dist: 521

vlink src/dst: 14 19
number of protected paths set: 3
needed_slices: 59
paths: {0 0 0 6 6 6}
slices required:
{2 2 2 2 2 3}
slices start:
{6 8 10 6 8 10}
tuples:
{20 20 20 12 12 18}
dist: 231
dist: 231
dist: 231
dist: 444
dist: 444
dist: 444

vlink src/dst: 15 18
number of protected paths set: 3
needed_slices: 16
paths: {1 3}
slices required:
{2 2}
slices start:
{0 13}
tuples:
{12 12}
dist: 355
dist: 490

vlink src/dst: 5 14
number of protected paths set: 3
needed_slices: 61
paths: {0 0 9 9 9}
slices required:
{2 3 2 2 2}
slices start:
{15 17 13 15 17}
tuples:
{12 27 12 12 12}
dist: 361
dist: 361
dist: 543
dist: 543
dist: 543

vlink src/dst: 5 10
number of protected paths set: 3
needed_slices: 99
paths: {0 0 0 12 14 14}
slices required:
{2 2 3 2 2 2}
slices start:
{20 22 24 19 21 23}
tuples:
{12 12 17 12 12 12}
dist: 571
dist: 571
dist: 571
dist: 654
dist: 662
dist: 662

vlink src/dst: 13 18
number of protected paths set: 3
needed_slices: 45
paths: {0 0 5 5}
slices required:
{2 3 2 3}
slices start:
{27 29 27 29}
tuples:
{12 27 12 18}
dist: 331
dist: 331
dist: 452
dist: 452

vlink src/dst: 11 18
number of protected paths set: 3
needed_slices: 25
paths: {0 16}
slices required:
{2 3}
slices start:
{32 32}
tuples:
{20 17}
dist: 296
dist: 525

vlink src/dst: 3 18
number of protected paths set: 3
needed_slices: 56
paths: {0 17 17}
slices required:
{3 2 2}
slices start:
{34 35 37}
tuples:
{18 12 12}
dist: 483
dist: 728
dist: 728

vlink src/dst: 9 13
number of protected paths set: 3
needed_slices: 14
paths: {0 3}
slices required:
{2 2}
slices start:
{37 39}
tuples:
{20 12}
dist: 155
dist: 334

vlink src/dst: 6 19
number of protected paths set: 3
needed_slices: 18
paths: {0 6}
slices required:
{2 2}
slices start:
{41 25}
tuples:
{20 12}
dist: 256
dist: 418

vlink src/dst: 11 19
number of protected paths set: 3
needed_slices: 64
paths: {1 1 3 3 3}
slices required:
{3 3 2 2 3}
slices start:
{43 46 35 37 41}
tuples:
{27 27 12 12 18}
dist: 356
dist: 356
dist: 405
dist: 405
dist: 405

vlink src/dst: 1 9
number of protected paths set: 3
needed_slices: 70
paths: {7 7 14 14}
slices required:
{2 3 2 3}
slices start:
{12 49 39 49}
tuples:
{12 18 12 17}
dist: 469
dist: 469
dist: 520
dist: 520

vlink src/dst: 8 9
number of protected paths set: 3
needed_slices: 18
paths: {0 1}
slices required:
{3 3}
slices start:
{52 52}
tuples:
{28 27}
dist: 160
dist: 231

vlink src/dst: 5 18
number of protected paths set: 3
needed_slices: 44
paths: {0 0 2 2 2}
slices required:
{2 2 2 2 2}
slices start:
{2 4 49 51 53}
tuples:
{20 20 12 12 12}
dist: 194
dist: 194
dist: 643
dist: 643
dist: 643

vlink src/dst: 16 19
number of protected paths set: 3
needed_slices: 80
paths: {2 2 10 10}
slices required:
{2 2 2 2}
slices start:
{44 46 55 57}
tuples:
{6 6 6 6}
dist: 840
dist: 840
dist: 883
dist: 883

vlink src/dst: 14 17
number of protected paths set: 15
needed_slices: 55
paths: {0 0 6 6 6}
slices required:
{2 3 2 2 3}
slices start:
{59 61 59 61 63}
tuples:
{20 27 12 12 18}
dist: 290
dist: 290
dist: 445
dist: 445
dist: 445

vlink src/dst: 7 14
number of protected paths set: 15
needed_slices: 16
paths: {0 8}
slices required:
{2 2}
slices start:
{64 0}
tuples:
{20 12}
dist: 190
dist: 388

vlink src/dst: 6 11
number of protected paths set: 15
needed_slices: 6
paths: {0 1}
slices required:
{2 2}
slices start:
{0 19}
tuples:
{29 20}
dist: 50
dist: 159

vlink src/dst: 2 14
number of protected paths set: 3
needed_slices: 28
paths: {0 15}
slices required:
{2 2}
slices start:
{66 2}
tuples:
{12 12}
dist: 485
dist: 653

vlink src/dst: 8 13
number of protected paths set: 15
needed_slices: 20
paths: {0 0 1 1}
slices required:
{2 2 2 2}
slices start:
{4 21 0 2}
tuples:
{20 20 20 20}
dist: 175
dist: 175
dist: 200
dist: 200

vlink src/dst: 7 13
number of protected paths set: 15
needed_slices: 45
paths: {0 0 4 4}
slices required:
{2 3 2 4}
slices start:
{23 32 0 2}
tuples:
{20 27 12 34}
dist: 250
dist: 250
dist: 328
dist: 328

vlink src/dst: 6 10
number of protected paths set: 15
needed_slices: 27
paths: {0 0 5 5}
slices required:
{2 2 2 3}
slices start:
{6 8 35 39}
tuples:
{20 20 12 27}
dist: 185
dist: 185
dist: 317
dist: 317

vlink src/dst: 3 6
number of protected paths set: 15
needed_slices: 24
paths: {1 2}
slices required:
{3 3}
slices start:
{14 10}
tuples:
{27 27}
dist: 286
dist: 303

vlink src/dst: 1 13
number of protected paths set: 15
needed_slices: 54
paths: {2 2 4 4}
slices required:
{3 3 3 3}
slices start:
{14 27 6 9}
tuples:
{27 27 27 27}
dist: 366
dist: 366
dist: 389
dist: 389

vlink src/dst: 0 6
number of protected paths set: 15
needed_slices: 18
paths: {0 2}
slices required:
{2 2}
slices start:
{2 48}
tuples:
{12 12}
dist: 398
dist: 451

vlink src/dst: 11 17
number of protected paths set: 15
needed_slices: 23
paths: {0 0 2 2}
slices required:
{2 2 2 3}
slices start:
{0 4 50 52}
tuples:
{20 20 12 27}
dist: 215
dist: 215
dist: 316
dist: 316

vlink src/dst: 4 6
number of protected paths set: 15
needed_slices: 60
paths: {0 0 0 7 9 9}
slices required:
{2 2 3 2 2 2}
slices start:
{13 15 17 55 57 66}
tuples:
{12 12 18 12 12 12}
dist: 453
dist: 453
dist: 453
dist: 511
dist: 518
dist: 518

vlink src/dst: 0 7
number of protected paths set: 15
needed_slices: 26
paths: {0 10}
slices required:
{2 2}
slices start:
{6 59}
tuples:
{12 12}
dist: 484
dist: 618

vlink src/dst: 6 16
number of protected paths set: 3
needed_slices: 26
paths: {1 5}
slices required:
{2 2}
slices start:
{42 30}
tuples:
{12 12}
dist: 596
dist: 627

vlink src/dst: 3 11
number of protected paths set: 15
needed_slices: 12
paths: {1 2}
slices required:
{2 2}
slices start:
{4 8}
tuples:
{20 12}
dist: 249
dist: 301

vlink src/dst: 1 8
number of protected paths set: 15
needed_slices: 24
paths: {1 5}
slices required:
{2 3}
slices start:
{10 17}
tuples:
{20 18}
dist: 266
dist: 406

vlink src/dst: 3 7
number of protected paths set: 15
needed_slices: 16
paths: {0 3}
slices required:
{2 2}
slices start:
{17 6}
tuples:
{20 12}
dist: 146
dist: 337

vlink src/dst: 10 17
number of protected paths set: 15
needed_slices: 33
paths: {0 0 3 3}
slices required:
{2 2 2 3}
slices start:
{10 25 68 70}
tuples:
{20 20 12 18}
dist: 257
dist: 257
dist: 453
dist: 453

vlink src/dst: 15 16
number of protected paths set: 3
needed_slices: 80
paths: {2 2 7 7}
slices required:
{2 3 2 3}
slices start:
{61 63 2 4}
tuples:
{6 11 6 11}
dist: 831
dist: 831
dist: 891
dist: 891

vlink src/dst: 3 12
number of protected paths set: 15
needed_slices: 8
paths: {0 1}
slices required:
{2 2}
slices start:
{0 0}
tuples:
{20 20}
dist: 129
dist: 193

vlink src/dst: 1 17
number of protected paths set: 15
needed_slices: 18
paths: {0 3}
slices required:
{2 2}
slices start:
{30 0}
tuples:
{12 12}
dist: 354
dist: 455

vlink src/dst: 2 10
number of protected paths set: 3
needed_slices: 31
paths: {0 0 1 1}
slices required:
{2 2 2 3}
slices start:
{2 4 8 12}
tuples:
{20 20 12 27}
dist: 275
dist: 275
dist: 330
dist: 330

vlink src/dst: 2 3
number of protected paths set: 3
needed_slices: 14
paths: {0 2}
slices required:
{2 2}
slices start:
{0 19}
tuples:
{20 12}
dist: 223
dist: 383

vlink src/dst: 1 4
number of protected paths set: 15
needed_slices: 30
paths: {0 4}
slices required:
{3 3}
slices start:
{12 42}
tuples:
{18 17}
dist: 449
dist: 547

vlink src/dst: 0 4
number of protected paths set: 15
needed_slices: 14
paths: {0 0 1 1}
slices required:
{2 2 2 3}
slices start:
{0 2 0 8}
tuples:
{29 29 12 27}
dist: 59
dist: 59
dist: 323
dist: 323
34 second(s) taken for solution
38 second(s) taken in total
cost = 1430

