
4 second(s) taken for initialization

vlink src/dst: 4 19
number of protected paths set: 3
needed_slices: 6
paths: {0 1}
slices required:
{2 2}
slices start:
{0 0}
tuples:
{20 12}
dist: 252
dist: 315

vlink src/dst: 4 12
number of protected paths set: 3
needed_slices: 48
paths: {0 0 3 3}
slices required:
{2 2 2 2}
slices start:
{2 4 0 2}
tuples:
{12 12 12 12}
dist: 469
dist: 469
dist: 571
dist: 571

vlink src/dst: 2 12
number of protected paths set: 3
needed_slices: 60
paths: {0 0 9 9}
slices required:
{2 2 2 2}
slices start:
{6 8 4 6}
tuples:
{12 12 12 12}
dist: 542
dist: 542
dist: 653
dist: 653

vlink src/dst: 6 19
number of protected paths set: 3
needed_slices: 18
paths: {2 3}
slices required:
{2 2}
slices start:
{8 2}
tuples:
{12 12}
dist: 475
dist: 478

vlink src/dst: 11 14
number of protected paths set: 15
needed_slices: 27
paths: {0 0 3 3}
slices required:
{2 2 2 3}
slices start:
{8 10 8 10}
tuples:
{20 20 12 27}
dist: 174
dist: 174
dist: 338
dist: 338

vlink src/dst: 6 14
number of protected paths set: 15
needed_slices: 27
paths: {0 0 1 1}
slices required:
{2 2 2 3}
slices start:
{12 14 0 4}
tuples:
{20 20 12 27}
dist: 241
dist: 241
dist: 303
dist: 303

vlink src/dst: 1 4
number of protected paths set: 15
needed_slices: 44
paths: {0 0 10 10}
slices required:
{2 2 2 2}
slices start:
{10 16 10 12}
tuples:
{12 12 12 12}
dist: 433
dist: 433
dist: 610
dist: 610

vlink src/dst: 1 10
number of protected paths set: 3
needed_slices: 76
paths: {0 0 1 6 19 19}
slices required:
{2 2 2 2 2 2}
slices start:
{18 20 22 0 2 14}
tuples:
{12 12 12 12 12 12}
dist: 417
dist: 417
dist: 492
dist: 558
dist: 632
dist: 632

vlink src/dst: 7 17
number of protected paths set: 3
needed_slices: 36
paths: {2 13}
slices required:
{2 2}
slices start:
{16 16}
tuples:
{12 12}
dist: 698
dist: 781

vlink src/dst: 4 16
number of protected paths set: 15
needed_slices: 18
paths: {1 5}
slices required:
{2 2}
slices start:
{24 10}
tuples:
{12 12}
dist: 304
dist: 389

vlink src/dst: 3 4
number of protected paths set: 15
needed_slices: 24
paths: {1 8}
slices required:
{2 2}
slices start:
{0 12}
tuples:
{12 12}
dist: 418
dist: 508

vlink src/dst: 2 9
number of protected paths set: 15
needed_slices: 72
paths: {0 0 1 5 6 6}
slices required:
{2 2 2 2 2 2}
slices start:
{26 28 30 18 20 22}
tuples:
{12 12 12 12 12 12}
dist: 404
dist: 404
dist: 410
dist: 479
dist: 486
dist: 486

vlink src/dst: 4 18
number of protected paths set: 15
needed_slices: 42
paths: {0 3}
slices required:
{3 3}
slices start:
{32 2}
tuples:
{17 17}
dist: 544
dist: 567

vlink src/dst: 4 8
number of protected paths set: 3
needed_slices: 32
paths: {1 14}
slices required:
{2 2}
slices start:
{12 14}
tuples:
{12 12}
dist: 623
dist: 710

vlink src/dst: 5 10
number of protected paths set: 3
needed_slices: 44
paths: {1 1 2 2}
slices required:
{2 2 2 3}
slices start:
{35 37 8 24}
tuples:
{20 20 12 27}
dist: 269
dist: 269
dist: 305
dist: 305

vlink src/dst: 2 5
number of protected paths set: 15
needed_slices: 16
paths: {0 1}
slices required:
{2 2}
slices start:
{12 5}
tuples:
{20 12}
dist: 251
dist: 326

vlink src/dst: 5 6
number of protected paths set: 15
needed_slices: 21
paths: {1 10}
slices required:
{2 3}
slices start:
{0 2}
tuples:
{20 18}
dist: 195
dist: 433

vlink src/dst: 2 18
number of protected paths set: 15
needed_slices: 36
paths: {0 4}
slices required:
{3 3}
slices start:
{7 27}
tuples:
{18 17}
dist: 487
dist: 579

vlink src/dst: 6 11
number of protected paths set: 15
needed_slices: 16
paths: {0 0 2 2}
slices required:
{2 2 2 2}
slices start:
{5 7 0 2}
tuples:
{20 20 20 20}
dist: 160
dist: 160
dist: 223
dist: 223

vlink src/dst: 8 11
number of protected paths set: 3
needed_slices: 72
paths: {1 1 1 8 8 8}
slices required:
{2 2 2 2 2 2}
slices start:
{5 10 27 2 9 18}
tuples:
{12 12 12 12 12 12}
dist: 505
dist: 505
dist: 505
dist: 563
dist: 563
dist: 563

vlink src/dst: 3 6
number of protected paths set: 15
needed_slices: 27
paths: {0 3}
slices required:
{3 3}
slices start:
{4 18}
tuples:
{27 27}
dist: 304
dist: 383

vlink src/dst: 0 5
number of protected paths set: 15
needed_slices: 85
paths: {0 1 1 13 13}
slices required:
{2 2 2 2 5}
slices start:
{16 7 30 14 22}
tuples:
{12 12 12 12 32}
dist: 506
dist: 524
dist: 524
dist: 696
dist: 696

vlink src/dst: 8 9
number of protected paths set: 3
needed_slices: 72
paths: {1 1 1 4 4 4}
slices required:
{2 2 2 2 2 2}
slices start:
{20 35 37 0 4 20}
tuples:
{12 12 12 12 12 12}
dist: 637
dist: 637
dist: 637
dist: 671
dist: 671
dist: 671

vlink src/dst: 13 18
number of protected paths set: 15
needed_slices: 62
paths: {0 0 6 6 8}
slices required:
{2 4 2 2 2}
slices start:
{29 31 22 24 30}
tuples:
{12 34 12 12 12}
dist: 366
dist: 366
dist: 535
dist: 535
dist: 552

vlink src/dst: 7 13
number of protected paths set: 3
needed_slices: 84
paths: {0 0 0 5 5 5}
slices required:
{2 2 2 2 2 2}
slices start:
{35 37 39 39 41 43}
tuples:
{12 12 12 12 12 12}
dist: 566
dist: 566
dist: 566
dist: 652
dist: 652
dist: 652

vlink src/dst: 8 13
number of protected paths set: 3
needed_slices: 39
paths: {4 9}
slices required:
{3 3}
slices start:
{41 32}
tuples:
{17 17}
dist: 523
dist: 591

vlink src/dst: 7 16
number of protected paths set: 3
needed_slices: 74
paths: {0 0 6 6 6}
slices required:
{2 3 2 2 2}
slices start:
{0 45 45 47 49}
tuples:
{12 27 12 12 12}
dist: 377
dist: 377
dist: 617
dist: 617
dist: 617

vlink src/dst: 15 19
number of protected paths set: 3
needed_slices: 26
paths: {1 15}
slices required:
{2 2}
slices start:
{18 39}
tuples:
{12 12}
dist: 627
dist: 778

vlink src/dst: 7 9
number of protected paths set: 3
needed_slices: 24
paths: {1 5}
slices required:
{2 2}
slices start:
{24 51}
tuples:
{12 12}
dist: 609
dist: 689

vlink src/dst: 1 17
number of protected paths set: 15
needed_slices: 16
paths: {0 3}
slices required:
{2 2}
slices start:
{32 32}
tuples:
{12 12}
dist: 381
dist: 414

vlink src/dst: 15 16
number of protected paths set: 15
needed_slices: 39
paths: {0 0 5 5 5}
slices required:
{2 3 2 2 2}
slices start:
{2 12 7 48 53}
tuples:
{12 27 12 12 12}
dist: 386
dist: 386
dist: 433
dist: 433
dist: 433

vlink src/dst: 1 14
number of protected paths set: 15
needed_slices: 50
paths: {0 0 3 3 3}
slices required:
{2 3 2 2 2}
slices start:
{26 34 34 36 41}
tuples:
{12 27 12 12 12}
dist: 349
dist: 349
dist: 460
dist: 460
dist: 460

vlink src/dst: 7 18
number of protected paths set: 3
needed_slices: 32
paths: {0 0 3 3 3}
slices required:
{2 2 2 2 2}
slices start:
{0 2 4 6 11}
tuples:
{20 20 12 12 12}
dist: 200
dist: 200
dist: 467
dist: 467
dist: 467

vlink src/dst: 0 18
number of protected paths set: 15
needed_slices: 56
paths: {0 0 6 6 6}
slices required:
{2 3 2 2 2}
slices start:
{2 38 28 53 55}
tuples:
{12 17 12 12 12}
dist: 576
dist: 576
dist: 665
dist: 665
dist: 665

vlink src/dst: 0 1
number of protected paths set: 15
needed_slices: 6
paths: {0 2}
slices required:
{2 2}
slices start:
{0 0}
tuples:
{20 20}
dist: 148
dist: 269

vlink src/dst: 0 14
number of protected paths set: 15
needed_slices: 18
paths: {1 5}
slices required:
{2 2}
slices start:
{38 13}
tuples:
{12 12}
dist: 450
dist: 521

vlink src/dst: 4 10
number of protected paths set: 3
needed_slices: 20
paths: {0 0 1 1}
slices required:
{2 2 2 2}
slices start:
{41 43 16 32}
tuples:
{29 29 20 20}
dist: 74
dist: 74
dist: 172
dist: 172

vlink src/dst: 1 15
number of protected paths set: 15
needed_slices: 12
paths: {0 0 1 1}
slices required:
{2 2 2 2}
slices start:
{2 4 4 6}
tuples:
{29 29 20 20}
dist: 100
dist: 100
dist: 291
dist: 291

vlink src/dst: 1 12
number of protected paths set: 3
needed_slices: 60
paths: {3 3 3 5 5 5}
slices required:
{2 2 2 2 2 2}
slices start:
{8 10 16 40 42 44}
tuples:
{12 12 12 12 12 12}
dist: 508
dist: 508
dist: 508
dist: 539
dist: 539
dist: 539

vlink src/dst: 9 12
number of protected paths set: 3
needed_slices: 32
paths: {0 0 2 2}
slices required:
{2 2 2 3}
slices start:
{12 14 14 37}
tuples:
{20 20 12 27}
dist: 298
dist: 298
dist: 360
dist: 360
20 second(s) taken for solution
24 second(s) taken in total
cost = 1569

