
2 second(s) taken for initialization

vlink src/dst: 1 19
number of protected paths set: 3
needed_slices: 6
paths: {0 1}
slices required:
{2 2}
slices start:
{0 0}
tuples:
{20 20}
dist: 147
dist: 214

vlink src/dst: 8 19
number of protected paths set: 3
needed_slices: 90
paths: {4 4 4 10 10 10}
slices required:
{2 2 2 2 2 2}
slices start:
{2 4 6 2 4 6}
tuples:
{12 12 12 12 12 12}
dist: 721
dist: 721
dist: 721
dist: 757
dist: 757
dist: 757

vlink src/dst: 2 19
number of protected paths set: 3
needed_slices: 72
paths: {0 0 19 19}
slices required:
{2 2 2 2}
slices start:
{8 10 8 10}
tuples:
{12 12 6 6}
dist: 636
dist: 636
dist: 843
dist: 843

vlink src/dst: 5 19
number of protected paths set: 3
needed_slices: 34
paths: {1 10}
slices required:
{2 2}
slices start:
{12 12}
tuples:
{12 12}
dist: 681
dist: 769

vlink src/dst: 4 10
number of protected paths set: 3
needed_slices: 8
paths: {0 1}
slices required:
{2 2}
slices start:
{0 0}
tuples:
{29 12}
dist: 75
dist: 375

vlink src/dst: 4 19
number of protected paths set: 3
needed_slices: 24
paths: {0 2}
slices required:
{3 3}
slices start:
{14 14}
tuples:
{27 18}
dist: 342
dist: 424

vlink src/dst: 6 9
number of protected paths set: 3
needed_slices: 34
paths: {0 0 1 2 2}
slices required:
{2 2 2 2 2}
slices start:
{0 2 17 19 21}
tuples:
{29 29 12 12 12}
dist: 85
dist: 85
dist: 424
dist: 582
dist: 582

vlink src/dst: 1 10
number of protected paths set: 3
needed_slices: 28
paths: {0 0 2 2}
slices required:
{2 2 2 3}
slices start:
{23 25 2 4}
tuples:
{20 20 12 18}
dist: 120
dist: 120
dist: 447
dist: 447

vlink src/dst: 6 18
number of protected paths set: 3
needed_slices: 72
paths: {1 1 17 17}
slices required:
{2 2 2 2}
slices start:
{23 25 0 8}
tuples:
{6 6 6 6}
dist: 845
dist: 845
dist: 1091
dist: 1091

vlink src/dst: 1 5
number of protected paths set: 15
needed_slices: 32
paths: {1 4}
slices required:
{2 2}
slices start:
{17 27}
tuples:
{12 12}
dist: 611
dist: 621

vlink src/dst: 10 11
number of protected paths set: 3
needed_slices: 28
paths: {0 15}
slices required:
{2 2}
slices start:
{29 29}
tuples:
{12 6}
dist: 741
dist: 884

vlink src/dst: 6 14
number of protected paths set: 3
needed_slices: 67
paths: {0 0 6 6 6}
slices required:
{2 3 2 2 2}
slices start:
{10 12 27 31 33}
tuples:
{12 17 12 12 12}
dist: 590
dist: 590
dist: 719
dist: 719
dist: 719

vlink src/dst: 15 18
number of protected paths set: 3
needed_slices: 98
paths: {0 0 0 17 17 17 17}
slices required:
{2 2 2 2 2 2 2}
slices start:
{0 19 21 15 17 19 21}
tuples:
{12 12 12 6 6 6 6}
dist: 588
dist: 588
dist: 588
dist: 823
dist: 823
dist: 823
dist: 823

vlink src/dst: 1 11
number of protected paths set: 15
needed_slices: 52
paths: {0 0 1 1}
slices required:
{2 2 2 2}
slices start:
{35 37 23 25}
tuples:
{12 12 12 12}
dist: 762
dist: 762
dist: 772
dist: 772

vlink src/dst: 15 16
number of protected paths set: 15
needed_slices: 62
paths: {0 0 1 2 3 3}
slices required:
{2 2 2 2 2 2}
slices start:
{39 41 43 43 27 31}
tuples:
{12 12 12 12 12 12}
dist: 528
dist: 528
dist: 547
dist: 576
dist: 582
dist: 582

vlink src/dst: 1 16
number of protected paths set: 15
needed_slices: 48
paths: {0 0 6 6}
slices required:
{2 2 2 2}
slices start:
{45 47 33 35}
tuples:
{12 12 12 12}
dist: 676
dist: 676
dist: 745
dist: 745

vlink src/dst: 9 14
number of protected paths set: 15
needed_slices: 42
paths: {0 10 13}
slices required:
{2 2 2}
slices start:
{37 8 29}
tuples:
{12 12 6}
dist: 607
dist: 719
dist: 854

vlink src/dst: 1 12
number of protected paths set: 15
needed_slices: 48
paths: {0 0 12 12}
slices required:
{2 2 2 2}
slices start:
{31 33 49 51}
tuples:
{12 12 12 12}
dist: 419
dist: 419
dist: 603
dist: 603

vlink src/dst: 3 6
number of protected paths set: 3
needed_slices: 84
paths: {0 0 0 17 17 17}
slices required:
{2 2 2 2 2 2}
slices start:
{37 39 41 39 41 45}
tuples:
{6 6 6 6 6 6}
dist: 810
dist: 810
dist: 810
dist: 998
dist: 998
dist: 998

vlink src/dst: 13 19
number of protected paths set: 3
needed_slices: 58
paths: {1 1 1 2 3 3}
slices required:
{2 2 3 2 2 2}
slices start:
{43 49 51 45 47 49}
tuples:
{12 12 17 12 12 12}
dist: 527
dist: 527
dist: 527
dist: 537
dist: 538
dist: 538

vlink src/dst: 1 7
number of protected paths set: 15
needed_slices: 14
paths: {0 3}
slices required:
{2 2}
slices start:
{53 54}
tuples:
{12 12}
dist: 356
dist: 517

vlink src/dst: 5 6
number of protected paths set: 3
needed_slices: 96
paths: {1 1 1 14 14 14}
slices required:
{2 2 2 2 2 2}
slices start:
{4 6 14 56 58 60}
tuples:
{12 12 12 12 12 12}
dist: 623
dist: 623
dist: 623
dist: 710
dist: 710
dist: 710

vlink src/dst: 10 12
number of protected paths set: 3
needed_slices: 20
paths: {0 12}
slices required:
{2 2}
slices start:
{19 62}
tuples:
{20 12}
dist: 299
dist: 603

vlink src/dst: 7 12
number of protected paths set: 15
needed_slices: 68
paths: {0 6 6 11 16}
slices required:
{2 2 2 2 2}
slices start:
{0 55 57 14 2}
tuples:
{12 12 12 12 12}
dist: 566
dist: 635
dist: 635
dist: 642
dist: 781

vlink src/dst: 7 15
number of protected paths set: 15
needed_slices: 10
paths: {0 1}
slices required:
{2 2}
slices start:
{51 23}
tuples:
{20 12}
dist: 194
dist: 368

vlink src/dst: 1 3
number of protected paths set: 3
needed_slices: 24
paths: {0 16}
slices required:
{2 2}
slices start:
{59 64}
tuples:
{12 6}
dist: 706
dist: 888

vlink src/dst: 7 13
number of protected paths set: 15
needed_slices: 17
paths: {0 1 1 1}
slices required:
{5 2 2 2}
slices start:
{2 0 4 6}
tuples:
{51 20 20 20}
dist: 133
dist: 249
dist: 249
dist: 249

vlink src/dst: 3 15
number of protected paths set: 3
needed_slices: 20
paths: {0 9}
slices required:
{2 2}
slices start:
{61 59}
tuples:
{12 12}
dist: 544
dist: 739

vlink src/dst: 12 14
number of protected paths set: 15
needed_slices: 48
paths: {0 11 15}
slices required:
{2 2 2}
slices start:
{12 51 37}
tuples:
{12 12 6}
dist: 506
dist: 703
dist: 877

vlink src/dst: 4 12
number of protected paths set: 15
needed_slices: 42
paths: {0 0 10 10 10}
slices required:
{2 2 2 2 2}
slices start:
{0 2 53 64 66}
tuples:
{20 20 12 12 12}
dist: 224
dist: 224
dist: 492
dist: 492
dist: 492

vlink src/dst: 11 13
number of protected paths set: 15
needed_slices: 16
paths: {0 1}
slices required:
{2 2}
slices start:
{4 53}
tuples:
{12 12}
dist: 475
dist: 487

vlink src/dst: 11 14
number of protected paths set: 15
needed_slices: 23
paths: {0 0 1 1}
slices required:
{2 2 2 3}
slices start:
{2 4 0 14}
tuples:
{20 20 12 27}
dist: 280
dist: 280
dist: 312
dist: 312

vlink src/dst: 3 11
number of protected paths set: 3
needed_slices: 32
paths: {0 0 3 3 3}
slices required:
{2 2 2 2 2}
slices start:
{6 10 2 6 8}
tuples:
{20 20 12 12 12}
dist: 264
dist: 264
dist: 533
dist: 533
dist: 533

vlink src/dst: 14 18
number of protected paths set: 3
needed_slices: 36
paths: {0 0 3 3}
slices required:
{2 2 2 3}
slices start:
{10 17 12 47}
tuples:
{20 20 12 18}
dist: 283
dist: 283
dist: 496
dist: 496

vlink src/dst: 2 8
number of protected paths set: 15
needed_slices: 11
paths: {0 2}
slices required:
{2 3}
slices start:
{0 14}
tuples:
{29 27}
dist: 62
dist: 261

vlink src/dst: 0 2
number of protected paths set: 15
needed_slices: 12
paths: {0 4}
slices required:
{2 2}
slices start:
{0 0}
tuples:
{29 12}
dist: 82
dist: 415

vlink src/dst: 5 17
number of protected paths set: 3
needed_slices: 12
paths: {0 0 1 1}
slices required:
{2 2 2 2}
slices start:
{0 2 2 4}
tuples:
{20 20 12 12}
dist: 252
dist: 252
dist: 315
dist: 315

vlink src/dst: 16 17
number of protected paths set: 3
needed_slices: 40
paths: {0 17 17}
slices required:
{3 2 2}
slices start:
{6 6 19}
tuples:
{27 12 12}
dist: 360
dist: 738
dist: 738

vlink src/dst: 2 5
number of protected paths set: 15
needed_slices: 12
paths: {0 3}
slices required:
{2 2}
slices start:
{4 6}
tuples:
{20 12}
dist: 127
dist: 369

vlink src/dst: 2 17
number of protected paths set: 3
needed_slices: 14
paths: {0 2}
slices required:
{2 2}
slices start:
{9 21}
tuples:
{20 12}
dist: 223
dist: 383
18 second(s) taken for solution
20 second(s) taken in total
cost = 1554

