
10 second(s) taken for initialization

vlink src/dst: 1 14
number of protected paths set: 3
needed_slices: 18
paths: {0 3}
slices required:
{2 2}
slices start:
{0 0}
tuples:
{20 12}
dist: 253
dist: 422

vlink src/dst: 16 18
number of protected paths set: 3
needed_slices: 24
paths: {1 2}
slices required:
{3 3}
slices start:
{0 2}
tuples:
{27 27}
dist: 317
dist: 362

vlink src/dst: 1 17
number of protected paths set: 3
needed_slices: 16
paths: {1 2}
slices required:
{2 2}
slices start:
{3 5}
tuples:
{20 12}
dist: 285
dist: 376

vlink src/dst: 11 18
number of protected paths set: 3
needed_slices: 72
paths: {1 1 1 4 4 4}
slices required:
{2 2 2 2 2 2}
slices start:
{3 7 9 0 5 7}
tuples:
{12 12 12 12 12 12}
dist: 637
dist: 637
dist: 637
dist: 671
dist: 671
dist: 671

vlink src/dst: 1 7
number of protected paths set: 3
needed_slices: 48
paths: {1 1 9 9}
slices required:
{2 2 2 2}
slices start:
{11 13 11 13}
tuples:
{12 12 12 12}
dist: 454
dist: 454
dist: 549
dist: 549

vlink src/dst: 1 6
number of protected paths set: 3
needed_slices: 24
paths: {1 3}
slices required:
{2 2}
slices start:
{15 15}
tuples:
{12 12}
dist: 486
dist: 521

vlink src/dst: 13 17
number of protected paths set: 15
needed_slices: 24
paths: {1 5}
slices required:
{2 2}
slices start:
{17 17}
tuples:
{12 12}
dist: 627
dist: 681

vlink src/dst: 1 13
number of protected paths set: 3
needed_slices: 72
paths: {1 1 1 14 14 14}
slices required:
{2 2 2 2 2 2}
slices start:
{19 21 23 19 21 23}
tuples:
{12 12 12 12 12 12}
dist: 443
dist: 443
dist: 443
dist: 604
dist: 604
dist: 604

vlink src/dst: 12 17
number of protected paths set: 15
needed_slices: 18
paths: {0 4}
slices required:
{2 2}
slices start:
{25 7}
tuples:
{12 12}
dist: 339
dist: 446

vlink src/dst: 9 15
number of protected paths set: 15
needed_slices: 24
paths: {0 2}
slices required:
{2 2}
slices start:
{7 27}
tuples:
{12 12}
dist: 420
dist: 464

vlink src/dst: 8 18
number of protected paths set: 3
needed_slices: 30
paths: {1 1 2 2}
slices required:
{2 3 2 3}
slices start:
{27 29 9 19}
tuples:
{12 27 12 27}
dist: 339
dist: 339
dist: 345
dist: 345

vlink src/dst: 10 14
number of protected paths set: 15
needed_slices: 28
paths: {0 15}
slices required:
{2 2}
slices start:
{5 9}
tuples:
{12 12}
dist: 521
dist: 642

vlink src/dst: 12 16
number of protected paths set: 15
needed_slices: 14
paths: {0 3}
slices required:
{2 2}
slices start:
{9 32}
tuples:
{20 20}
dist: 208
dist: 280

vlink src/dst: 3 14
number of protected paths set: 15
needed_slices: 26
paths: {1 2}
slices required:
{2 2}
slices start:
{29 17}
tuples:
{12 12}
dist: 521
dist: 522

vlink src/dst: 5 8
number of protected paths set: 15
needed_slices: 42
paths: {0 0 0 4 4}
slices required:
{2 2 2 3 3}
slices start:
{34 36 38 34 37}
tuples:
{20 20 20 27 27}
dist: 263
dist: 263
dist: 263
dist: 368
dist: 368

vlink src/dst: 1 3
number of protected paths set: 3
needed_slices: 54
paths: {0 0 3 3}
slices required:
{2 2 2 3}
slices start:
{2 17 25 27}
tuples:
{20 20 12 27}
dist: 285
dist: 285
dist: 373
dist: 373

vlink src/dst: 0 15
number of protected paths set: 15
needed_slices: 22
paths: {0 1 1 1}
slices required:
{5 2 2 2}
slices start:
{0 0 2 4}
tuples:
{51 20 20 20}
dist: 119
dist: 204
dist: 204
dist: 204

vlink src/dst: 0 5
number of protected paths set: 15
needed_slices: 15
paths: {0 1 2}
slices required:
{3 2 2}
slices start:
{6 6 0}
tuples:
{36 20 20}
dist: 93
dist: 231
dist: 260

vlink src/dst: 16 19
number of protected paths set: 15
needed_slices: 34
paths: {2 6 11}
slices required:
{2 2 2}
slices start:
{11 11 31}
tuples:
{12 12 12}
dist: 350
dist: 403
dist: 425

vlink src/dst: 5 12
number of protected paths set: 15
needed_slices: 10
paths: {0 1}
slices required:
{2 2}
slices start:
{2 0}
tuples:
{20 20}
dist: 175
dist: 200

vlink src/dst: 8 11
number of protected paths set: 15
needed_slices: 14
paths: {0 3}
slices required:
{2 2}
slices start:
{40 2}
tuples:
{12 12}
dist: 301
dist: 435

vlink src/dst: 4 5
number of protected paths set: 15
needed_slices: 68
paths: {0 1 1 6 7 7}
slices required:
{2 2 2 2 2 2}
slices start:
{7 19 21 42 44 46}
tuples:
{12 12 12 12 12 12}
dist: 528
dist: 532
dist: 532
dist: 602
dist: 609
dist: 609

vlink src/dst: 4 8
number of protected paths set: 15
needed_slices: 36
paths: {0 0 1 1}
slices required:
{2 4 2 4}
slices start:
{2 23 0 9}
tuples:
{12 34 12 34}
dist: 332
dist: 332
dist: 343
dist: 343

vlink src/dst: 9 11
number of protected paths set: 15
needed_slices: 39
paths: {1 8 8}
slices required:
{3 2 2}
slices start:
{29 48 50}
tuples:
{18 12 12}
dist: 498
dist: 643
dist: 643

vlink src/dst: 13 18
number of protected paths set: 3
needed_slices: 24
paths: {0 6}
slices required:
{2 2}
slices start:
{27 52}
tuples:
{12 12}
dist: 590
dist: 719

vlink src/dst: 2 8
number of protected paths set: 15
needed_slices: 48
paths: {2 2 7 7}
slices required:
{2 2 2 2}
slices start:
{54 56 5 25}
tuples:
{12 12 12 12}
dist: 507
dist: 507
dist: 599
dist: 599

vlink src/dst: 9 17
number of protected paths set: 15
needed_slices: 36
paths: {0 0 2 2 2}
slices required:
{2 2 2 2 2}
slices start:
{11 13 0 40 44}
tuples:
{20 20 12 12 12}
dist: 290
dist: 290
dist: 433
dist: 433
dist: 433

vlink src/dst: 0 13
number of protected paths set: 15
needed_slices: 104
paths: {0 0 1 11 11 11 11}
slices required:
{2 2 2 2 2 2 2}
slices start:
{13 15 27 33 35 37 39}
tuples:
{12 12 12 12 12 12 12}
dist: 506
dist: 506
dist: 512
dist: 703
dist: 703
dist: 703
dist: 703

vlink src/dst: 0 3
number of protected paths set: 15
needed_slices: 14
paths: {1 3}
slices required:
{2 2}
slices start:
{2 23}
tuples:
{20 20}
dist: 242
dist: 271

vlink src/dst: 0 19
number of protected paths set: 15
needed_slices: 35
paths: {0 0 2 2}
slices required:
{2 3 2 3}
slices start:
{25 29 4 6}
tuples:
{20 27 20 27}
dist: 237
dist: 237
dist: 273
dist: 273

vlink src/dst: 3 13
number of protected paths set: 15
needed_slices: 22
paths: {7 10}
slices required:
{2 2}
slices start:
{9 9}
tuples:
{12 12}
dist: 490
dist: 553

vlink src/dst: 3 11
number of protected paths set: 15
needed_slices: 23
paths: {0 10}
slices required:
{2 3}
slices start:
{0 11}
tuples:
{20 18}
dist: 286
dist: 477

vlink src/dst: 3 10
number of protected paths set: 15
needed_slices: 37
paths: {0 0 3 3}
slices required:
{2 2 2 3}
slices start:
{13 15 2 32}
tuples:
{20 20 12 27}
dist: 144
dist: 144
dist: 340
dist: 340

vlink src/dst: 10 19
number of protected paths set: 15
needed_slices: 16
paths: {0 0 1 1}
slices required:
{2 2 2 2}
slices start:
{2 4 0 7}
tuples:
{20 20 20 20}
dist: 114
dist: 114
dist: 208
dist: 208

vlink src/dst: 4 11
number of protected paths set: 15
needed_slices: 12
paths: {0 2}
slices required:
{2 2}
slices start:
{11 27}
tuples:
{20 12}
dist: 277
dist: 432

vlink src/dst: 4 10
number of protected paths set: 15
needed_slices: 36
paths: {0 0 6 6}
slices required:
{2 2 2 2}
slices start:
{25 41 17 23}
tuples:
{12 12 12 12}
dist: 419
dist: 419
dist: 564
dist: 564

vlink src/dst: 2 13
number of protected paths set: 15
needed_slices: 23
paths: {0 11}
slices required:
{2 3}
slices start:
{32 0}
tuples:
{20 17}
dist: 274
dist: 599

vlink src/dst: 2 3
number of protected paths set: 15
needed_slices: 24
paths: {0 0 1 1}
slices required:
{2 2 2 2}
slices start:
{19 21 0 14}
tuples:
{20 20 20 20}
dist: 220
dist: 220
dist: 275
dist: 275

vlink src/dst: 2 11
number of protected paths set: 15
needed_slices: 14
paths: {0 6}
slices required:
{2 2}
slices start:
{0 3}
tuples:
{20 12}
dist: 199
dist: 441

vlink src/dst: 4 6
number of protected paths set: 15
needed_slices: 16
paths: {0 0 1 1}
slices required:
{2 2 3 3}
slices start:
{0 4 2 29}
tuples:
{29 29 27 27}
dist: 59
dist: 59
dist: 323
dist: 323
37 second(s) taken for solution
47 second(s) taken in total
cost = 1256

