
10 second(s) taken for initialization

vlink src/dst: 4 16
number of protected paths set: 3
needed_slices: 60
paths: {3 3 13 13}
slices required:
{2 2 2 2}
slices start:
{0 2 0 2}
tuples:
{12 12 12 12}
dist: 670
dist: 670
dist: 710
dist: 710

vlink src/dst: 4 15
number of protected paths set: 15
needed_slices: 72
paths: {5 5 5 8 8 8}
slices required:
{2 2 2 2 2 2}
slices start:
{4 6 8 4 6 8}
tuples:
{12 12 12 12 12 12}
dist: 478
dist: 478
dist: 478
dist: 497
dist: 497
dist: 497

vlink src/dst: 8 15
number of protected paths set: 3
needed_slices: 32
paths: {6 12}
slices required:
{2 2}
slices start:
{10 10}
tuples:
{12 12}
dist: 678
dist: 704

vlink src/dst: 11 15
number of protected paths set: 15
needed_slices: 32
paths: {1 1 2 2}
slices required:
{2 2 2 2}
slices start:
{12 14 0 2}
tuples:
{20 20 20 20}
dist: 221
dist: 221
dist: 261
dist: 261

vlink src/dst: 17 19
number of protected paths set: 3
needed_slices: 72
paths: {7 7 7 9 9 9}
slices required:
{2 2 2 2 2 2}
slices start:
{0 2 4 16 18 20}
tuples:
{12 12 12 12 12 12}
dist: 519
dist: 519
dist: 519
dist: 529
dist: 529
dist: 529

vlink src/dst: 1 13
number of protected paths set: 15
needed_slices: 60
paths: {0 0 6 6}
slices required:
{2 3 2 3}
slices start:
{12 22 0 2}
tuples:
{12 18 12 17}
dist: 443
dist: 443
dist: 518
dist: 518

vlink src/dst: 1 15
number of protected paths set: 15
needed_slices: 8
paths: {0 1}
slices required:
{2 2}
slices start:
{14 4}
tuples:
{20 20}
dist: 153
dist: 162

vlink src/dst: 15 16
number of protected paths set: 3
needed_slices: 32
paths: {0 0 2 2}
slices required:
{2 2 2 3}
slices start:
{6 8 16 18}
tuples:
{20 20 12 27}
dist: 223
dist: 223
dist: 383
dist: 383

vlink src/dst: 9 16
number of protected paths set: 3
needed_slices: 108
paths: {0 0 0 15 15 15 15 15}
slices required:
{2 2 2 2 2 2 2 2}
slices start:
{4 10 12 6 8 10 21 23}
tuples:
{20 20 20 6 6 6 6 6}
dist: 178
dist: 178
dist: 178
dist: 1054
dist: 1054
dist: 1054
dist: 1054
dist: 1054

vlink src/dst: 3 6
number of protected paths set: 3
needed_slices: 111
paths: {1 1 2 4 4}
slices required:
{2 5 2 2 2}
slices start:
{25 27 12 14 16}
tuples:
{12 32 12 12 12}
dist: 684
dist: 684
dist: 693
dist: 703
dist: 703

vlink src/dst: 1 10
number of protected paths set: 15
needed_slices: 24
paths: {1 3}
slices required:
{3 3}
slices start:
{18 32}
tuples:
{27 27}
dist: 337
dist: 381

vlink src/dst: 5 7
number of protected paths set: 15
needed_slices: 24
paths: {0 14}
slices required:
{2 2}
slices start:
{25 35}
tuples:
{12 12}
dist: 452
dist: 596

vlink src/dst: 13 16
number of protected paths set: 3
needed_slices: 36
paths: {0 3}
slices required:
{3 3}
slices start:
{25 37}
tuples:
{17 17}
dist: 509
dist: 592

vlink src/dst: 13 19
number of protected paths set: 3
needed_slices: 18
paths: {1 3}
slices required:
{2 2}
slices start:
{22 28}
tuples:
{20 12}
dist: 275
dist: 336

vlink src/dst: 3 19
number of protected paths set: 3
needed_slices: 27
paths: {0 6}
slices required:
{3 3}
slices start:
{0 30}
tuples:
{27 27}
dist: 219
dist: 387

vlink src/dst: 2 13
number of protected paths set: 3
needed_slices: 34
paths: {0 6}
slices required:
{2 2}
slices start:
{40 25}
tuples:
{6 6}
dist: 813
dist: 836

vlink src/dst: 10 11
number of protected paths set: 15
needed_slices: 19
paths: {0 0 2 2}
slices required:
{2 2 2 3}
slices start:
{0 2 18 32}
tuples:
{29 29 20 27}
dist: 90
dist: 90
dist: 219
dist: 219

vlink src/dst: 3 18
number of protected paths set: 15
needed_slices: 94
paths: {1 1 2 6 7 7 10}
slices required:
{2 2 2 2 2 2 2}
slices start:
{27 29 6 14 12 14 16}
tuples:
{12 12 12 12 12 12 12}
dist: 606
dist: 606
dist: 621
dist: 654
dist: 663
dist: 663
dist: 762

vlink src/dst: 3 10
number of protected paths set: 15
needed_slices: 20
paths: {0 0 2 2}
slices required:
{2 3 2 3}
slices start:
{8 20 12 40}
tuples:
{20 28 20 27}
dist: 107
dist: 107
dist: 201
dist: 201

vlink src/dst: 10 13
number of protected paths set: 15
needed_slices: 24
paths: {0 0 3 3}
slices required:
{2 2 2 2}
slices start:
{10 35 4 6}
tuples:
{20 20 20 20}
dist: 163
dist: 163
dist: 249
dist: 249

vlink src/dst: 3 14
number of protected paths set: 15
needed_slices: 14
paths: {0 1}
slices required:
{2 2}
slices start:
{18 23}
tuples:
{20 20}
dist: 255
dist: 284

vlink src/dst: 4 12
number of protected paths set: 15
needed_slices: 18
paths: {0 3}
slices required:
{2 2}
slices start:
{20 37}
tuples:
{12 12}
dist: 304
dist: 383

vlink src/dst: 8 11
number of protected paths set: 3
needed_slices: 73
paths: {0 0 0 17 17 18}
slices required:
{2 2 3 2 2 2}
slices start:
{20 35 43 18 35 42}
tuples:
{12 12 18 12 12 12}
dist: 438
dist: 438
dist: 438
dist: 600
dist: 600
dist: 623

vlink src/dst: 6 8
number of protected paths set: 3
needed_slices: 126
paths: {1 1 1 15 15 15}
slices required:
{2 2 3 2 2 3}
slices start:
{25 27 29 32 37 39}
tuples:
{6 6 11 6 6 10}
dist: 934
dist: 934
dist: 934
dist: 1003
dist: 1003
dist: 1003

vlink src/dst: 4 14
number of protected paths set: 15
needed_slices: 23
paths: {0 0 1 1}
slices required:
{2 3 2 4}
slices start:
{10 22 0 2}
tuples:
{20 28 12 34}
dist: 131
dist: 131
dist: 319
dist: 319

vlink src/dst: 4 17
number of protected paths set: 15
needed_slices: 72
paths: {0 0 0 4 4 4}
slices required:
{2 2 2 2 2 2}
slices start:
{42 44 46 46 48 50}
tuples:
{12 12 12 12 12 12}
dist: 487
dist: 487
dist: 487
dist: 554
dist: 554
dist: 554

vlink src/dst: 0 14
number of protected paths set: 15
needed_slices: 27
paths: {0 2}
slices required:
{3 3}
slices start:
{8 52}
tuples:
{17 17}
dist: 513
dist: 550

vlink src/dst: 15 17
number of protected paths set: 15
needed_slices: 42
paths: {0 0 9 9 9}
slices required:
{2 2 2 2 2}
slices start:
{12 22 32 40 48}
tuples:
{20 20 12 12 12}
dist: 279
dist: 279
dist: 517
dist: 517
dist: 517

vlink src/dst: 4 5
number of protected paths set: 15
needed_slices: 33
paths: {0 8 8}
slices required:
{3 2 2}
slices start:
{27 6 8}
tuples:
{27 12 12}
dist: 385
dist: 585
dist: 585

vlink src/dst: 14 17
number of protected paths set: 15
needed_slices: 42
paths: {0 0 1 1}
slices required:
{2 4 2 4}
slices start:
{16 18 44 55}
tuples:
{12 34 12 34}
dist: 356
dist: 356
dist: 380
dist: 380

vlink src/dst: 9 17
number of protected paths set: 3
needed_slices: 16
paths: {0 3}
slices required:
{2 2}
slices start:
{6 0}
tuples:
{20 12}
dist: 283
dist: 496

vlink src/dst: 0 6
number of protected paths set: 3
needed_slices: 38
paths: {0 0 3 3 3}
slices required:
{2 2 2 2 2}
slices start:
{2 4 2 14 16}
tuples:
{20 20 12 12 12}
dist: 187
dist: 187
dist: 533
dist: 533
dist: 533

vlink src/dst: 9 18
number of protected paths set: 3
needed_slices: 54
paths: {0 0 0 1 1 1}
slices required:
{2 2 2 2 2 2}
slices start:
{8 42 52 18 34 42}
tuples:
{12 12 12 12 12 12}
dist: 409
dist: 409
dist: 409
dist: 512
dist: 512
dist: 512

vlink src/dst: 2 9
number of protected paths set: 3
needed_slices: 20
paths: {0 4}
slices required:
{2 2}
slices start:
{44 59}
tuples:
{12 12}
dist: 476
dist: 589

vlink src/dst: 5 18
number of protected paths set: 15
needed_slices: 12
paths: {0 0 2 2}
slices required:
{2 2 2 2}
slices start:
{0 2 0 2}
tuples:
{20 20 20 20}
dist: 148
dist: 148
dist: 269
dist: 269

vlink src/dst: 2 18
number of protected paths set: 3
needed_slices: 17
paths: {0 0 1 1}
slices required:
{2 3 2 4}
slices start:
{0 2 0 2}
tuples:
{20 28 12 34}
dist: 174
dist: 174
dist: 316
dist: 316

vlink src/dst: 0 8
number of protected paths set: 3
needed_slices: 33
paths: {0 19}
slices required:
{2 3}
slices start:
{12 50}
tuples:
{12 11}
dist: 747
dist: 918

vlink src/dst: 17 18
number of protected paths set: 15
needed_slices: 6
paths: {0 2}
slices required:
{2 2}
slices start:
{0 6}
tuples:
{20 12}
dist: 126
dist: 332

vlink src/dst: 2 8
number of protected paths set: 3
needed_slices: 112
paths: {0 0 0 0 17 17 17 17}
slices required:
{2 2 2 2 2 2 2 2}
slices start:
{20 22 32 37 53 55 57 59}
tuples:
{6 6 6 6 6 6 6 6}
dist: 810
dist: 810
dist: 810
dist: 810
dist: 998
dist: 998
dist: 998
dist: 998

vlink src/dst: 2 5
number of protected paths set: 3
needed_slices: 33
paths: {0 0 2 2 2}
slices required:
{2 4 2 2 3}
slices start:
{8 16 14 22 37}
tuples:
{12 34 12 12 18}
dist: 322
dist: 322
dist: 403
dist: 403
dist: 403
42 second(s) taken for solution
52 second(s) taken in total
cost = 1718

