
5 second(s) taken for initialization

vlink src/dst: 6 9
number of protected paths set: 3
needed_slices: 48
paths: {0 6 6}
slices required:
{3 2 2}
slices start:
{0 0 2}
tuples:
{27 12 12}
dist: 377
dist: 617
dist: 617

vlink src/dst: 0 10
number of protected paths set: 15
needed_slices: 65
paths: {0 0 3 3}
slices required:
{2 3 2 3}
slices start:
{4 6 4 6}
tuples:
{12 17 12 17}
dist: 520
dist: 520
dist: 540
dist: 540

vlink src/dst: 0 6
number of protected paths set: 3
needed_slices: 49
paths: {0 5 5}
slices required:
{3 2 2}
slices start:
{9 9 11}
tuples:
{17 12 12}
dist: 566
dist: 652
dist: 652

vlink src/dst: 1 6
number of protected paths set: 3
needed_slices: 91
paths: {0 0 0 1 1 1}
slices required:
{2 2 3 2 2 3}
slices start:
{13 15 17 12 14 16}
tuples:
{12 12 18 12 12 17}
dist: 487
dist: 487
dist: 487
dist: 505
dist: 505
dist: 505

vlink src/dst: 6 15
number of protected paths set: 3
needed_slices: 50
paths: {0 0 1 2 2 3}
slices required:
{2 2 2 2 2 2}
slices start:
{19 21 23 20 25 4}
tuples:
{12 12 12 12 12 12}
dist: 342
dist: 342
dist: 407
dist: 424
dist: 424
dist: 460

vlink src/dst: 10 11
number of protected paths set: 15
needed_slices: 18
paths: {0 2}
slices required:
{2 3}
slices start:
{0 22}
tuples:
{20 18}
dist: 290
dist: 433

vlink src/dst: 1 10
number of protected paths set: 15
needed_slices: 60
paths: {0 0 2 2}
slices required:
{2 3 2 3}
slices start:
{27 29 25 27}
tuples:
{12 27 12 18}
dist: 376
dist: 376
dist: 459
dist: 459

vlink src/dst: 10 19
number of protected paths set: 15
needed_slices: 80
paths: {0 0 2 2 2}
slices required:
{2 4 2 2 3}
slices start:
{32 34 32 34 36}
tuples:
{12 34 12 12 18}
dist: 351
dist: 351
dist: 485
dist: 485
dist: 485

vlink src/dst: 3 4
number of protected paths set: 3
needed_slices: 90
paths: {1 1 17 17}
slices required:
{2 3 2 3}
slices start:
{38 40 2 6}
tuples:
{6 11 6 10}
dist: 845
dist: 845
dist: 1091
dist: 1091

vlink src/dst: 10 16
number of protected paths set: 15
needed_slices: 90
paths: {0 0 0 6 6 6}
slices required:
{2 2 2 2 2 2}
slices start:
{43 45 47 30 39 41}
tuples:
{12 12 12 12 12 12}
dist: 577
dist: 577
dist: 577
dist: 649
dist: 649
dist: 649

vlink src/dst: 1 3
number of protected paths set: 3
needed_slices: 61
paths: {0 0 9 9 9}
slices required:
{2 3 2 2 2}
slices start:
{19 43 49 51 53}
tuples:
{12 27 12 12 12}
dist: 361
dist: 361
dist: 543
dist: 543
dist: 543

vlink src/dst: 1 11
number of protected paths set: 15
needed_slices: 16
paths: {1 2}
slices required:
{2 2}
slices start:
{46 4}
tuples:
{12 12}
dist: 326
dist: 334

vlink src/dst: 11 19
number of protected paths set: 15
needed_slices: 49
paths: {2 2 4 4 4}
slices required:
{2 3 2 2 2}
slices start:
{6 8 55 57 59}
tuples:
{12 27 12 12 12}
dist: 355
dist: 355
dist: 428
dist: 428
dist: 428

vlink src/dst: 11 16
number of protected paths set: 15
needed_slices: 22
paths: {0 6}
slices required:
{2 2}
slices start:
{48 0}
tuples:
{12 12}
dist: 465
dist: 549

vlink src/dst: 7 11
number of protected paths set: 15
needed_slices: 60
paths: {0 0 0 2 2 3}
slices required:
{2 2 3 2 2 2}
slices start:
{0 2 6 9 11 55}
tuples:
{12 12 17 12 12 12}
dist: 505
dist: 505
dist: 505
dist: 578
dist: 578
dist: 611

vlink src/dst: 8 11
number of protected paths set: 3
needed_slices: 56
paths: {0 0 16 16}
slices required:
{2 2 2 2}
slices start:
{9 11 13 15}
tuples:
{6 6 6 6}
dist: 827
dist: 827
dist: 981
dist: 981

vlink src/dst: 6 13
number of protected paths set: 3
needed_slices: 30
paths: {0 11}
slices required:
{2 2}
slices start:
{38 61}
tuples:
{6 6}
dist: 814
dist: 923

vlink src/dst: 1 8
number of protected paths set: 3
needed_slices: 106
paths: {0 0 0 19 19 19 19}
slices required:
{2 2 2 2 2 2 2}
slices start:
{4 11 20 50 52 61 63}
tuples:
{12 12 12 6 6 6 6}
dist: 678
dist: 678
dist: 678
dist: 871
dist: 871
dist: 871
dist: 871

vlink src/dst: 8 10
number of protected paths set: 3
needed_slices: 26
paths: {0 14}
slices required:
{2 2}
slices start:
{40 43}
tuples:
{12 6}
dist: 643
dist: 990

vlink src/dst: 1 12
number of protected paths set: 15
needed_slices: 24
paths: {0 0 3 3}
slices required:
{2 2 2 2}
slices start:
{22 24 2 4}
tuples:
{20 20 20 20}
dist: 133
dist: 133
dist: 261
dist: 261

vlink src/dst: 9 12
number of protected paths set: 15
needed_slices: 10
paths: {0 5}
slices required:
{2 2}
slices start:
{0 0}
tuples:
{20 12}
dist: 130
dist: 309

vlink src/dst: 8 19
number of protected paths set: 3
needed_slices: 24
paths: {3 6}
slices required:
{2 2}
slices start:
{22 13}
tuples:
{12 12}
dist: 671
dist: 694

vlink src/dst: 17 19
number of protected paths set: 15
needed_slices: 32
paths: {1 1 3 3}
slices required:
{2 2 2 2}
slices start:
{0 2 0 13}
tuples:
{12 12 12 12}
dist: 337
dist: 337
dist: 381
dist: 381

vlink src/dst: 13 19
number of protected paths set: 15
needed_slices: 66
paths: {2 2 9 9 9}
slices required:
{2 3 2 2 2}
slices start:
{6 8 24 63 65}
tuples:
{12 17 12 12 12}
dist: 547
dist: 547
dist: 659
dist: 659
dist: 659

vlink src/dst: 5 19
number of protected paths set: 15
needed_slices: 20
paths: {1 9}
slices required:
{2 2}
slices start:
{15 15}
tuples:
{12 12}
dist: 331
dist: 448

vlink src/dst: 7 16
number of protected paths set: 15
needed_slices: 26
paths: {0 13}
slices required:
{2 2}
slices start:
{4 17}
tuples:
{12 12}
dist: 506
dist: 658

vlink src/dst: 12 16
number of protected paths set: 15
needed_slices: 28
paths: {1 1 3 3}
slices required:
{2 2 2 2}
slices start:
{2 6 19 21}
tuples:
{20 20 20 20}
dist: 229
dist: 229
dist: 284
dist: 284

vlink src/dst: 5 16
number of protected paths set: 15
needed_slices: 36
paths: {2 2 3 3}
slices required:
{2 2 2 2}
slices start:
{8 10 0 8}
tuples:
{12 12 12 12}
dist: 377
dist: 377
dist: 397
dist: 397

vlink src/dst: 0 4
number of protected paths set: 3
needed_slices: 81
paths: {0 0 16 16 16}
slices required:
{2 3 2 2 3}
slices start:
{10 12 23 25 27}
tuples:
{12 17 6 6 11}
dist: 515
dist: 515
dist: 819
dist: 819
dist: 819

vlink src/dst: 5 18
number of protected paths set: 15
needed_slices: 20
paths: {0 4}
slices required:
{2 2}
slices start:
{9 2}
tuples:
{12 12}
dist: 449
dist: 547

vlink src/dst: 14 18
number of protected paths set: 3
needed_slices: 71
paths: {0 0 15 15 15}
slices required:
{2 3 2 2 2}
slices start:
{26 28 8 10 15}
tuples:
{12 17 12 12 12}
dist: 561
dist: 561
dist: 778
dist: 778
dist: 778

vlink src/dst: 4 14
number of protected paths set: 3
needed_slices: 33
paths: {0 15}
slices required:
{2 3}
slices start:
{0 17}
tuples:
{20 10}
dist: 178
dist: 1054

vlink src/dst: 12 14
number of protected paths set: 3
needed_slices: 18
paths: {1 3}
slices required:
{2 2}
slices start:
{12 2}
tuples:
{12 12}
dist: 404
dist: 447

vlink src/dst: 12 13
number of protected paths set: 15
needed_slices: 70
paths: {2 5 12 13 13}
slices required:
{2 3 3 2 2}
slices start:
{4 30 19 4 20}
tuples:
{12 17 17 12 12}
dist: 505
dist: 522
dist: 577
dist: 580
dist: 580

vlink src/dst: 4 13
number of protected paths set: 3
needed_slices: 12
paths: {0 1}
slices required:
{2 2}
slices start:
{0 15}
tuples:
{20 12}
dist: 212
dist: 374

vlink src/dst: 4 17
number of protected paths set: 3
needed_slices: 36
paths: {0 0 3 3 5}
slices required:
{2 3 2 2 2}
slices start:
{6 17 11 13 33}
tuples:
{20 28 12 12 12}
dist: 151
dist: 151
dist: 435
dist: 435
dist: 503

vlink src/dst: 7 17
number of protected paths set: 15
needed_slices: 36
paths: {0 0 8 8 8}
slices required:
{2 2 2 2 2}
slices start:
{31 35 0 2 4}
tuples:
{20 20 12 12 12}
dist: 234
dist: 234
dist: 554
dist: 554
dist: 554

vlink src/dst: 2 13
number of protected paths set: 15
needed_slices: 42
paths: {0 0 7 9 9}
slices required:
{2 4 2 2 2}
slices start:
{35 37 0 9 11}
tuples:
{12 34 12 12 12}
dist: 310
dist: 310
dist: 501
dist: 509
dist: 509

vlink src/dst: 2 8
number of protected paths set: 3
needed_slices: 16
paths: {0 2}
slices required:
{2 2}
slices start:
{17 2}
tuples:
{12 12}
dist: 461
dist: 521

vlink src/dst: 8 13
number of protected paths set: 3
needed_slices: 36
paths: {0 0 1 2 3 3}
slices required:
{2 2 2 2 2 2}
slices start:
{26 28 41 15 43 45}
tuples:
{20 20 12 12 12 12}
dist: 264
dist: 264
dist: 323
dist: 473
dist: 533
dist: 533
34 second(s) taken for solution
39 second(s) taken in total
cost = 1804

