
7 second(s) taken for initialization

vlink src/dst: 10 15
number of protected paths set: 15
needed_slices: 74
paths: {0 1 14 14 17}
slices required:
{2 2 2 2 2}
slices start:
{0 2 0 2 0}
tuples:
{12 12 12 12 12}
dist: 518
dist: 525
dist: 674
dist: 674
dist: 775

vlink src/dst: 7 15
number of protected paths set: 3
needed_slices: 20
paths: {0 0 1 1}
slices required:
{2 2 2 2}
slices start:
{4 6 4 6}
tuples:
{29 29 20 20}
dist: 35
dist: 35
dist: 212
dist: 212

vlink src/dst: 7 10
number of protected paths set: 3
needed_slices: 90
paths: {0 0 0 17 17 17}
slices required:
{2 2 2 2 2 2}
slices start:
{8 10 12 8 10 12}
tuples:
{12 12 12 12 12 12}
dist: 483
dist: 483
dist: 483
dist: 710
dist: 710
dist: 710

vlink src/dst: 1 9
number of protected paths set: 3
needed_slices: 78
paths: {0 0 0 2 2 2}
slices required:
{2 2 2 2 2 2}
slices start:
{14 16 18 4 6 14}
tuples:
{12 12 12 12 12 12}
dist: 663
dist: 663
dist: 663
dist: 670
dist: 670
dist: 670

vlink src/dst: 9 13
number of protected paths set: 3
needed_slices: 24
paths: {0 3}
slices required:
{2 2}
slices start:
{4 16}
tuples:
{12 12}
dist: 469
dist: 571

vlink src/dst: 2 12
number of protected paths set: 15
needed_slices: 12
paths: {0 4}
slices required:
{2 2}
slices start:
{4 20}
tuples:
{29 12}
dist: 82
dist: 415

vlink src/dst: 15 19
number of protected paths set: 15
needed_slices: 24
paths: {2 4}
slices required:
{2 2}
slices start:
{18 14}
tuples:
{12 12}
dist: 495
dist: 505

vlink src/dst: 12 15
number of protected paths set: 15
needed_slices: 36
paths: {0 0 3 3}
slices required:
{2 2 2 3}
slices start:
{18 20 2 20}
tuples:
{20 20 12 27}
dist: 146
dist: 146
dist: 337
dist: 337

vlink src/dst: 13 19
number of protected paths set: 15
needed_slices: 20
paths: {2 7}
slices required:
{2 2}
slices start:
{23 22}
tuples:
{12 12}
dist: 479
dist: 507

vlink src/dst: 6 7
number of protected paths set: 3
needed_slices: 24
paths: {0 0 1 1}
slices required:
{2 2 2 2}
slices start:
{25 27 16 23}
tuples:
{29 29 20 20}
dist: 59
dist: 59
dist: 258
dist: 258

vlink src/dst: 2 8
number of protected paths set: 15
needed_slices: 32
paths: {0 0 1 1}
slices required:
{2 2 2 2}
slices start:
{6 29 29 31}
tuples:
{20 20 20 20}
dist: 215
dist: 215
dist: 233
dist: 233

vlink src/dst: 7 17
number of protected paths set: 3
needed_slices: 18
paths: {0 8}
slices required:
{2 2}
slices start:
{25 33}
tuples:
{20 12}
dist: 219
dist: 393

vlink src/dst: 2 16
number of protected paths set: 15
needed_slices: 32
paths: {0 9}
slices required:
{2 2}
slices start:
{35 31}
tuples:
{12 12}
dist: 492
dist: 579

vlink src/dst: 2 14
number of protected paths set: 15
needed_slices: 72
paths: {0 0 4 4}
slices required:
{3 3 3 3}
slices start:
{37 40 33 36}
tuples:
{27 27 27 27}
dist: 314
dist: 314
dist: 387
dist: 387

vlink src/dst: 13 16
number of protected paths set: 15
needed_slices: 70
paths: {1 1 8 8}
slices required:
{2 3 2 3}
slices start:
{20 22 43 45}
tuples:
{12 17 12 17}
dist: 538
dist: 538
dist: 599
dist: 599

vlink src/dst: 1 6
number of protected paths set: 15
needed_slices: 28
paths: {0 0 2 2}
slices required:
{2 2 2 2}
slices start:
{8 10 39 41}
tuples:
{20 20 20 20}
dist: 237
dist: 237
dist: 273
dist: 273

vlink src/dst: 8 13
number of protected paths set: 15
needed_slices: 18
paths: {0 7}
slices required:
{2 2}
slices start:
{48 25}
tuples:
{20 12}
dist: 260
dist: 381

vlink src/dst: 12 14
number of protected paths set: 15
needed_slices: 77
paths: {0 0 7 7 7}
slices required:
{3 3 2 2 3}
slices start:
{25 39 27 29 48}
tuples:
{27 27 12 12 18}
dist: 360
dist: 360
dist: 438
dist: 438
dist: 438

vlink src/dst: 2 4
number of protected paths set: 15
needed_slices: 45
paths: {3 13 13}
slices required:
{3 2 2}
slices start:
{48 43 45}
tuples:
{18 12 12}
dist: 481
dist: 616
dist: 616

vlink src/dst: 2 3
number of protected paths set: 15
needed_slices: 90
paths: {3 3 3 4 4 4}
slices required:
{2 2 2 2 2 2}
slices start:
{51 53 55 51 53 55}
tuples:
{12 12 12 12 12 12}
dist: 576
dist: 576
dist: 576
dist: 588
dist: 588
dist: 588

vlink src/dst: 0 12
number of protected paths set: 15
needed_slices: 12
paths: {1 2}
slices required:
{2 2}
slices start:
{33 6}
tuples:
{20 12}
dist: 249
dist: 301

vlink src/dst: 13 18
number of protected paths set: 15
needed_slices: 42
paths: {0 3}
slices required:
{3 3}
slices start:
{57 27}
tuples:
{17 17}
dist: 544
dist: 567

vlink src/dst: 6 8
number of protected paths set: 15
needed_slices: 27
paths: {0 0 5 5}
slices required:
{2 2 2 3}
slices start:
{0 2 0 2}
tuples:
{20 20 12 27}
dist: 185
dist: 185
dist: 317
dist: 317

vlink src/dst: 5 13
number of protected paths set: 15
needed_slices: 58
paths: {0 0 12 12 13}
slices required:
{2 2 2 2 2}
slices start:
{60 62 30 37 6}
tuples:
{12 12 12 12 12}
dist: 332
dist: 332
dist: 709
dist: 709
dist: 712

vlink src/dst: 8 10
number of protected paths set: 15
needed_slices: 48
paths: {1 1 10 10}
slices required:
{2 2 2 2}
slices start:
{18 20 35 37}
tuples:
{12 12 12 12}
dist: 532
dist: 532
dist: 687
dist: 687

vlink src/dst: 15 16
number of protected paths set: 15
needed_slices: 55
paths: {2 2 8 8}
slices required:
{2 3 2 3}
slices start:
{4 6 43 45}
tuples:
{12 18 12 17}
dist: 482
dist: 482
dist: 532
dist: 532

vlink src/dst: 5 11
number of protected paths set: 15
needed_slices: 50
paths: {0 0 6 6 9}
slices required:
{2 4 2 2 2}
slices start:
{12 51 5 7 9}
tuples:
{12 34 12 12 12}
dist: 340
dist: 340
dist: 420
dist: 420
dist: 453

vlink src/dst: 11 17
number of protected paths set: 15
needed_slices: 16
paths: {0 0 2 2}
slices required:
{2 2 2 2}
slices start:
{0 2 0 2}
tuples:
{20 20 20 20}
dist: 109
dist: 109
dist: 215
dist: 215

vlink src/dst: 1 3
number of protected paths set: 15
needed_slices: 66
paths: {0 0 10 10 10}
slices required:
{2 3 2 2 2}
slices start:
{4 6 12 16 22}
tuples:
{12 18 12 12 12}
dist: 419
dist: 419
dist: 603
dist: 603
dist: 603

vlink src/dst: 11 14
number of protected paths set: 15
needed_slices: 20
paths: {0 0 2 2}
slices required:
{2 2 2 2}
slices start:
{9 11 18 35}
tuples:
{20 20 20 20}
dist: 175
dist: 175
dist: 262
dist: 262

vlink src/dst: 4 14
number of protected paths set: 15
needed_slices: 68
paths: {1 1 3 3 6}
slices required:
{2 4 2 2 2}
slices start:
{14 42 0 2 9}
tuples:
{12 34 12 12 12}
dist: 375
dist: 375
dist: 420
dist: 420
dist: 453

vlink src/dst: 4 17
number of protected paths set: 15
needed_slices: 72
paths: {1 1 9 9 9}
slices required:
{2 4 2 2 3}
slices start:
{28 60 14 18 32}
tuples:
{12 34 12 12 18}
dist: 359
dist: 359
dist: 487
dist: 487
dist: 487

vlink src/dst: 0 5
number of protected paths set: 15
needed_slices: 28
paths: {0 0 2 2}
slices required:
{2 3 2 4}
slices start:
{0 2 0 18}
tuples:
{20 27 12 34}
dist: 215
dist: 215
dist: 316
dist: 316

vlink src/dst: 8 18
number of protected paths set: 15
needed_slices: 18
paths: {0 1}
slices required:
{2 2}
slices start:
{11 24}
tuples:
{12 12}
dist: 323
dist: 350

vlink src/dst: 3 19
number of protected paths set: 15
needed_slices: 72
paths: {0 0 0 6 6 6}
slices required:
{2 2 2 2 2 2}
slices start:
{26 30 35 4 8 10}
tuples:
{12 12 12 12 12 12}
dist: 676
dist: 676
dist: 676
dist: 745
dist: 745
dist: 745

vlink src/dst: 4 5
number of protected paths set: 15
needed_slices: 10
paths: {0 2}
slices required:
{2 2}
slices start:
{2 0}
tuples:
{20 12}
dist: 232
dist: 327

vlink src/dst: 3 4
number of protected paths set: 15
needed_slices: 6
paths: {0 1}
slices required:
{2 2}
slices start:
{6 0}
tuples:
{20 20}
dist: 162
dist: 202

vlink src/dst: 3 18
number of protected paths set: 15
needed_slices: 8
paths: {0 1}
slices required:
{2 2}
slices start:
{11 20}
tuples:
{29 12}
dist: 53
dist: 418

vlink src/dst: 3 5
number of protected paths set: 15
needed_slices: 42
paths: {0 0 4 5 5}
slices required:
{2 4 2 2 2}
slices start:
{16 39 24 26 28}
tuples:
{12 34 12 12 12}
dist: 380
dist: 380
dist: 489
dist: 489
dist: 489

vlink src/dst: 9 19
number of protected paths set: 3
needed_slices: 24
paths: {0 0 2 2}
slices required:
{2 2 2 2}
slices start:
{22 24 20 24}
tuples:
{20 20 12 12}
dist: 150
dist: 150
dist: 436
dist: 436
41 second(s) taken for solution
48 second(s) taken in total
cost = 1626

