
6 second(s) taken for initialization

vlink src/dst: 5 16
number of protected paths set: 15
needed_slices: 18
paths: {1 2}
slices required:
{3 3}
slices start:
{0 0}
tuples:
{27 27}
dist: 240
dist: 248

vlink src/dst: 3 8
number of protected paths set: 3
needed_slices: 21
paths: {0 2}
slices required:
{3 3}
slices start:
{3 3}
tuples:
{27 27}
dist: 203
dist: 272

vlink src/dst: 2 5
number of protected paths set: 15
needed_slices: 32
paths: {0 0 2 2}
slices required:
{2 2 2 2}
slices start:
{6 8 3 5}
tuples:
{20 20 20 20}
dist: 223
dist: 223
dist: 276
dist: 276

vlink src/dst: 5 18
number of protected paths set: 15
needed_slices: 20
paths: {0 0 1 1}
slices required:
{2 2 2 2}
slices start:
{7 9 0 2}
tuples:
{20 20 20 20}
dist: 138
dist: 138
dist: 204
dist: 204

vlink src/dst: 5 10
number of protected paths set: 15
needed_slices: 41
paths: {0 0 11 11}
slices required:
{2 2 2 3}
slices start:
{11 13 10 12}
tuples:
{20 20 12 27}
dist: 248
dist: 248
dist: 368
dist: 368

vlink src/dst: 4 13
number of protected paths set: 15
needed_slices: 49
paths: {1 1 2 2 2}
slices required:
{2 3 2 2 2}
slices start:
{0 15 0 2 4}
tuples:
{12 27 12 12 12}
dist: 390
dist: 390
dist: 412
dist: 412
dist: 412

vlink src/dst: 0 5
number of protected paths set: 15
needed_slices: 78
paths: {1 1 1 12 12 12}
slices required:
{2 2 2 2 2 2}
slices start:
{18 20 22 6 8 10}
tuples:
{12 12 12 12 12 12}
dist: 536
dist: 536
dist: 536
dist: 654
dist: 654
dist: 654

vlink src/dst: 5 6
number of protected paths set: 15
needed_slices: 22
paths: {0 5}
slices required:
{2 2}
slices start:
{15 15}
tuples:
{12 12}
dist: 527
dist: 558

vlink src/dst: 5 12
number of protected paths set: 15
needed_slices: 28
paths: {1 5}
slices required:
{2 2}
slices start:
{24 12}
tuples:
{12 12}
dist: 662
dist: 700

vlink src/dst: 0 13
number of protected paths set: 15
needed_slices: 24
paths: {1 11}
slices required:
{2 2}
slices start:
{26 14}
tuples:
{12 12}
dist: 480
dist: 617

vlink src/dst: 2 11
number of protected paths set: 15
needed_slices: 16
paths: {0 0 1 1}
slices required:
{2 2 2 2}
slices start:
{0 7 0 17}
tuples:
{29 29 20 20}
dist: 58
dist: 58
dist: 210
dist: 210

vlink src/dst: 1 11
number of protected paths set: 15
needed_slices: 20
paths: {3 4}
slices required:
{2 2}
slices start:
{16 28}
tuples:
{12 12}
dist: 415
dist: 455

vlink src/dst: 12 18
number of protected paths set: 15
needed_slices: 26
paths: {1 13}
slices required:
{2 2}
slices start:
{7 18}
tuples:
{12 12}
dist: 524
dist: 696

vlink src/dst: 11 16
number of protected paths set: 15
needed_slices: 16
paths: {0 6}
slices required:
{2 2}
slices start:
{10 0}
tuples:
{20 12}
dist: 200
dist: 345

vlink src/dst: 2 14
number of protected paths set: 15
needed_slices: 26
paths: {0 10}
slices required:
{2 2}
slices start:
{18 20}
tuples:
{12 12}
dist: 396
dist: 604

vlink src/dst: 4 11
number of protected paths set: 15
needed_slices: 28
paths: {0 0 2 2}
slices required:
{2 3 2 4}
slices start:
{2 4 20 22}
tuples:
{20 27 12 34}
dist: 215
dist: 215
dist: 316
dist: 316

vlink src/dst: 2 16
number of protected paths set: 15
needed_slices: 24
paths: {0 0 1 1}
slices required:
{2 2 2 2}
slices start:
{12 22 6 8}
tuples:
{20 20 20 20}
dist: 142
dist: 142
dist: 175
dist: 175

vlink src/dst: 0 16
number of protected paths set: 15
needed_slices: 24
paths: {4 14}
slices required:
{2 2}
slices start:
{28 20}
tuples:
{12 12}
dist: 488
dist: 561

vlink src/dst: 10 17
number of protected paths set: 15
needed_slices: 14
paths: {0 1}
slices required:
{2 2}
slices start:
{2 26}
tuples:
{20 12}
dist: 270
dist: 354

vlink src/dst: 9 10
number of protected paths set: 3
needed_slices: 48
paths: {0 0 6 6}
slices required:
{2 2 2 2}
slices start:
{28 30 10 12}
tuples:
{12 12 12 12}
dist: 482
dist: 482
dist: 561
dist: 561

vlink src/dst: 3 17
number of protected paths set: 15
needed_slices: 33
paths: {0 7}
slices required:
{3 3}
slices start:
{30 17}
tuples:
{27 18}
dist: 380
dist: 488

vlink src/dst: 14 17
number of protected paths set: 15
needed_slices: 28
paths: {2 8}
slices required:
{2 2}
slices start:
{33 0}
tuples:
{12 12}
dist: 616
dist: 726

vlink src/dst: 0 10
number of protected paths set: 15
needed_slices: 36
paths: {0 0 4 4 4}
slices required:
{2 2 2 2 2}
slices start:
{4 30 26 28 30}
tuples:
{20 20 12 12 12}
dist: 288
dist: 288
dist: 448
dist: 448
dist: 448

vlink src/dst: 1 7
number of protected paths set: 15
needed_slices: 28
paths: {2 9}
slices required:
{2 2}
slices start:
{35 2}
tuples:
{12 6}
dist: 796
dist: 839

vlink src/dst: 11 12
number of protected paths set: 15
needed_slices: 27
paths: {1 2}
slices required:
{3 3}
slices start:
{22 37}
tuples:
{18 18}
dist: 464
dist: 491

vlink src/dst: 0 2
number of protected paths set: 15
needed_slices: 24
paths: {0 8}
slices required:
{3 3}
slices start:
{9 35}
tuples:
{27 18}
dist: 346
dist: 481

vlink src/dst: 7 16
number of protected paths set: 15
needed_slices: 84
paths: {2 2 2 6 6 6}
slices required:
{2 2 2 2 2 2}
slices start:
{14 32 34 24 37 39}
tuples:
{12 12 12 12 12 12}
dist: 582
dist: 582
dist: 582
dist: 597
dist: 597
dist: 597

vlink src/dst: 10 12
number of protected paths set: 15
needed_slices: 24
paths: {0 2}
slices required:
{3 3}
slices start:
{40 38}
tuples:
{18 18}
dist: 414
dist: 494

vlink src/dst: 17 19
number of protected paths set: 15
needed_slices: 6
paths: {0 2}
slices required:
{2 2}
slices start:
{4 0}
tuples:
{29 20}
dist: 57
dist: 283

vlink src/dst: 9 16
number of protected paths set: 3
needed_slices: 45
paths: {2 2 3 3 3}
slices required:
{2 3 2 2 2}
slices start:
{6 20 22 24 26}
tuples:
{12 27 12 12 12}
dist: 389
dist: 389
dist: 422
dist: 422
dist: 422

vlink src/dst: 15 17
number of protected paths set: 15
needed_slices: 70
paths: {1 1 1 7 7 7}
slices required:
{2 2 3 2 2 3}
slices start:
{9 11 32 12 43 45}
tuples:
{12 12 18 12 12 17}
dist: 431
dist: 431
dist: 431
dist: 575
dist: 575
dist: 575

vlink src/dst: 15 19
number of protected paths set: 15
needed_slices: 14
paths: {1 3}
slices required:
{2 2}
slices start:
{13 2}
tuples:
{12 12}
dist: 377
dist: 427

vlink src/dst: 7 9
number of protected paths set: 3
needed_slices: 82
paths: {0 1 1 16 16 17}
slices required:
{2 2 2 2 2 2}
slices start:
{2 0 4 41 48 50}
tuples:
{12 12 12 12 12 6}
dist: 456
dist: 513
dist: 513
dist: 769
dist: 769
dist: 823

vlink src/dst: 9 19
number of protected paths set: 3
needed_slices: 46
paths: {0 0 13 13 13}
slices required:
{2 2 2 2 2}
slices start:
{6 13 28 43 45}
tuples:
{20 20 12 12 12}
dist: 284
dist: 284
dist: 604
dist: 604
dist: 604

vlink src/dst: 6 7
number of protected paths set: 15
needed_slices: 42
paths: {0 0 2 2}
slices required:
{2 4 2 4}
slices start:
{4 8 2 6}
tuples:
{12 34 12 34}
dist: 329
dist: 329
dist: 390
dist: 390

vlink src/dst: 0 19
number of protected paths set: 15
needed_slices: 22
paths: {0 0 1 1 1}
slices required:
{2 2 2 2 2}
slices start:
{16 48 6 12 16}
tuples:
{29 29 12 12 12}
dist: 75
dist: 75
dist: 404
dist: 404
dist: 404

vlink src/dst: 0 7
number of protected paths set: 15
needed_slices: 6
paths: {0 1}
slices required:
{2 2}
slices start:
{0 0}
tuples:
{20 12}
dist: 157
dist: 301

vlink src/dst: 7 15
number of protected paths set: 15
needed_slices: 21
paths: {0 8}
slices required:
{3 3}
slices start:
{4 22}
tuples:
{27 17}
dist: 399
dist: 563

vlink src/dst: 1 15
number of protected paths set: 15
needed_slices: 18
paths: {1 2}
slices required:
{2 2}
slices start:
{41 4}
tuples:
{12 12}
dist: 537
dist: 550

vlink src/dst: 12 15
number of protected paths set: 15
needed_slices: 10
paths: {0 4}
slices required:
{2 2}
slices start:
{0 6}
tuples:
{20 12}
dist: 226
dist: 452
25 second(s) taken for solution
31 second(s) taken in total
cost = 1241

