
3 second(s) taken for initialization

vlink src/dst: 3 8
number of protected paths set: 3
needed_slices: 68
paths: {1 1 8 8}
slices required:
{2 2 2 2}
slices start:
{0 2 0 2}
tuples:
{12 12 12 12}
dist: 636
dist: 636
dist: 724
dist: 724

vlink src/dst: 6 13
number of protected paths set: 3
needed_slices: 72
paths: {0 2 2 10 10 14}
slices required:
{2 2 2 2 2 2}
slices start:
{4 6 8 6 8 4}
tuples:
{12 12 12 12 12 12}
dist: 397
dist: 463
dist: 463
dist: 536
dist: 536
dist: 602

vlink src/dst: 6 12
number of protected paths set: 3
needed_slices: 16
paths: {0 2}
slices required:
{2 2}
slices start:
{10 10}
tuples:
{20 12}
dist: 173
dist: 310

vlink src/dst: 6 11
number of protected paths set: 3
needed_slices: 36
paths: {7 9}
slices required:
{3 3}
slices start:
{12 12}
tuples:
{17 17}
dist: 519
dist: 529

vlink src/dst: 3 7
number of protected paths set: 15
needed_slices: 24
paths: {0 0 1 1}
slices required:
{2 2 2 2}
slices start:
{15 17 15 17}
tuples:
{20 20 20 20}
dist: 107
dist: 107
dist: 210
dist: 210

vlink src/dst: 10 12
number of protected paths set: 15
needed_slices: 22
paths: {0 6}
slices required:
{2 3}
slices start:
{19 0}
tuples:
{20 18}
dist: 262
dist: 414

vlink src/dst: 6 15
number of protected paths set: 3
needed_slices: 54
paths: {0 0 0 8 8}
slices required:
{2 2 2 3 3}
slices start:
{19 21 23 21 24}
tuples:
{20 20 20 27 27}
dist: 219
dist: 219
dist: 219
dist: 393
dist: 393

vlink src/dst: 7 10
number of protected paths set: 15
needed_slices: 42
paths: {1 1 1 3 3 3}
slices required:
{2 2 2 2 2 2}
slices start:
{27 29 31 19 27 29}
tuples:
{20 20 20 20 20 20}
dist: 229
dist: 229
dist: 229
dist: 284
dist: 284
dist: 284

vlink src/dst: 4 16
number of protected paths set: 15
needed_slices: 28
paths: {1 8}
slices required:
{2 2}
slices start:
{4 33}
tuples:
{12 12}
dist: 538
dist: 599

vlink src/dst: 4 9
number of protected paths set: 15
needed_slices: 24
paths: {1 8}
slices required:
{2 2}
slices start:
{6 35}
tuples:
{12 12}
dist: 418
dist: 508

vlink src/dst: 10 18
number of protected paths set: 15
needed_slices: 8
paths: {0 1}
slices required:
{2 2}
slices start:
{25 8}
tuples:
{20 20}
dist: 136
dist: 216

vlink src/dst: 4 14
number of protected paths set: 15
needed_slices: 56
paths: {0 0 3 3}
slices required:
{2 2 2 2}
slices start:
{37 39 10 12}
tuples:
{12 12 12 12}
dist: 544
dist: 544
dist: 567
dist: 567

vlink src/dst: 12 18
number of protected paths set: 15
needed_slices: 16
paths: {0 5}
slices required:
{2 2}
slices start:
{21 0}
tuples:
{20 12}
dist: 196
dist: 389

vlink src/dst: 3 12
number of protected paths set: 15
needed_slices: 16
paths: {0 3}
slices required:
{2 2}
slices start:
{21 31}
tuples:
{20 12}
dist: 144
dist: 340

vlink src/dst: 10 13
number of protected paths set: 15
needed_slices: 78
paths: {0 4 4 7 7 9}
slices required:
{2 2 2 2 2 2}
slices start:
{41 43 45 35 37 39}
tuples:
{12 12 12 12 12 12}
dist: 486
dist: 552
dist: 552
dist: 562
dist: 562
dist: 628

vlink src/dst: 0 9
number of protected paths set: 3
needed_slices: 90
paths: {3 3 3 10 10 10}
slices required:
{2 2 2 2 2 2}
slices start:
{14 16 33 12 23 25}
tuples:
{12 12 12 12 12 12}
dist: 670
dist: 670
dist: 670
dist: 710
dist: 710
dist: 710

vlink src/dst: 0 14
number of protected paths set: 3
needed_slices: 34
paths: {0 10}
slices required:
{2 2}
slices start:
{33 35}
tuples:
{12 6}
dist: 744
dist: 820

vlink src/dst: 4 12
number of protected paths set: 15
needed_slices: 40
paths: {0 0 9 9 9}
slices required:
{2 2 2 2 2}
slices start:
{47 49 0 2 10}
tuples:
{20 20 12 12 12}
dist: 189
dist: 189
dist: 465
dist: 465
dist: 465

vlink src/dst: 2 3
number of protected paths set: 3
needed_slices: 60
paths: {1 1 2 2}
slices required:
{2 3 2 3}
slices start:
{4 6 51 53}
tuples:
{12 17 12 17}
dist: 514
dist: 514
dist: 525
dist: 525

vlink src/dst: 2 16
number of protected paths set: 3
needed_slices: 160
paths: {0 0 0 0 16 16 16 16}
slices required:
{2 2 2 2 2 2 2 2}
slices start:
{10 14 16 18 56 58 60 62}
tuples:
{6 6 6 6 6 6 6 6}
dist: 850
dist: 850
dist: 850
dist: 850
dist: 994
dist: 994
dist: 994
dist: 994

vlink src/dst: 0 17
number of protected paths set: 3
needed_slices: 60
paths: {3 3 7 7}
slices required:
{2 2 2 2}
slices start:
{15 17 56 58}
tuples:
{12 12 12 12}
dist: 683
dist: 683
dist: 723
dist: 723

vlink src/dst: 0 19
number of protected paths set: 3
needed_slices: 36
paths: {4 11}
slices required:
{2 2}
slices start:
{20 37}
tuples:
{6 6}
dist: 826
dist: 874

vlink src/dst: 13 18
number of protected paths set: 15
needed_slices: 27
paths: {0 10}
slices required:
{3 3}
slices start:
{23 22}
tuples:
{18 17}
dist: 420
dist: 536

vlink src/dst: 7 9
number of protected paths set: 15
needed_slices: 16
paths: {1 4}
slices required:
{2 2}
slices start:
{41 4}
tuples:
{20 12}
dist: 300
dist: 353

vlink src/dst: 7 19
number of protected paths set: 15
needed_slices: 72
paths: {0 0 10 10 12 12}
slices required:
{2 2 2 2 2 2}
slices start:
{6 8 43 45 4 6}
tuples:
{12 12 12 12 12 12}
dist: 445
dist: 445
dist: 616
dist: 616
dist: 734
dist: 734

vlink src/dst: 1 7
number of protected paths set: 3
needed_slices: 50
paths: {1 1 7 7}
slices required:
{2 3 2 3}
slices start:
{47 49 27 29}
tuples:
{12 27 12 18}
dist: 375
dist: 375
dist: 464
dist: 464

vlink src/dst: 13 16
number of protected paths set: 15
needed_slices: 28
paths: {0 12}
slices required:
{2 2}
slices start:
{41 64}
tuples:
{12 6}
dist: 700
dist: 835

vlink src/dst: 7 8
number of protected paths set: 3
needed_slices: 28
paths: {0 7}
slices required:
{2 2}
slices start:
{43 52}
tuples:
{12 12}
dist: 507
dist: 650

vlink src/dst: 7 14
number of protected paths set: 15
needed_slices: 56
paths: {0 0 2 2 2}
slices required:
{2 3 2 2 2}
slices start:
{45 47 54 66 68}
tuples:
{12 27 12 12 12}
dist: 392
dist: 392
dist: 448
dist: 448
dist: 448

vlink src/dst: 8 18
number of protected paths set: 3
needed_slices: 78
paths: {0 0 0 2 2 2}
slices required:
{2 2 2 2 2 2}
slices start:
{50 52 54 25 39 70}
tuples:
{12 12 12 12 12 12}
dist: 552
dist: 552
dist: 552
dist: 582
dist: 582
dist: 582

vlink src/dst: 9 14
number of protected paths set: 15
needed_slices: 12
paths: {0 1}
slices required:
{3 3}
slices start:
{4 0}
tuples:
{28 27}
dist: 142
dist: 307

vlink src/dst: 11 16
number of protected paths set: 15
needed_slices: 72
paths: {1 1 1 5 5 5}
slices required:
{2 2 2 2 2 2}
slices start:
{60 62 64 0 2 8}
tuples:
{12 12 12 12 12 12}
dist: 627
dist: 627
dist: 627
dist: 681
dist: 681
dist: 681

vlink src/dst: 14 16
number of protected paths set: 15
needed_slices: 18
paths: {0 1}
slices required:
{3 3}
slices start:
{10 7}
tuples:
{27 27}
dist: 242
dist: 265

vlink src/dst: 9 19
number of protected paths set: 15
needed_slices: 27
paths: {0 0 3 3}
slices required:
{2 2 2 3}
slices start:
{14 16 27 29}
tuples:
{20 20 12 27}
dist: 195
dist: 195
dist: 375
dist: 375

vlink src/dst: 2 19
number of protected paths set: 3
needed_slices: 32
paths: {1 10}
slices required:
{2 2}
slices start:
{22 66}
tuples:
{6 6}
dist: 830
dist: 893

vlink src/dst: 2 8
number of protected paths set: 3
needed_slices: 36
paths: {6 12}
slices required:
{2 2}
slices start:
{68 32}
tuples:
{6 6}
dist: 946
dist: 985

vlink src/dst: 2 7
number of protected paths set: 3
needed_slices: 24
paths: {1 4}
slices required:
{2 2}
slices start:
{64 26}
tuples:
{12 12}
dist: 515
dist: 569

vlink src/dst: 8 9
number of protected paths set: 3
needed_slices: 16
paths: {0 2}
slices required:
{2 2}
slices start:
{18 8}
tuples:
{12 12}
dist: 342
dist: 424

vlink src/dst: 5 16
number of protected paths set: 15
needed_slices: 54
paths: {0 0 0 2 2 2}
slices required:
{2 2 2 2 2 2}
slices start:
{20 32 37 13 24 34}
tuples:
{12 12 12 12 12 12}
dist: 505
dist: 505
dist: 505
dist: 578
dist: 578
dist: 578

vlink src/dst: 11 12
number of protected paths set: 15
needed_slices: 12
paths: {0 6}
slices required:
{2 2}
slices start:
{0 12}
tuples:
{20 12}
dist: 217
dist: 481
26 second(s) taken for solution
29 second(s) taken in total
cost = 1698

