
13 second(s) taken for initialization

vlink src/dst: 0 16
number of protected paths set: 3
needed_slices: 22
paths: {0 9}
slices required:
{2 2}
slices start:
{0 0}
tuples:
{12 12}
dist: 315
dist: 460

vlink src/dst: 5 12
number of protected paths set: 3
needed_slices: 111
paths: {1 1 1 19 19 19}
slices required:
{2 2 2 2 2 3}
slices start:
{2 4 6 2 4 6}
tuples:
{12 12 12 6 6 11}
dist: 632
dist: 632
dist: 632
dist: 869
dist: 869
dist: 869

vlink src/dst: 0 17
number of protected paths set: 3
needed_slices: 22
paths: {2 4}
slices required:
{2 2}
slices start:
{9 9}
tuples:
{12 12}
dist: 364
dist: 444

vlink src/dst: 9 17
number of protected paths set: 15
needed_slices: 63
paths: {0 0 0 2 2 2}
slices required:
{2 2 3 2 2 3}
slices start:
{0 11 13 11 13 15}
tuples:
{12 12 18 12 12 18}
dist: 464
dist: 464
dist: 464
dist: 485
dist: 485
dist: 485

vlink src/dst: 11 19
number of protected paths set: 3
needed_slices: 78
paths: {0 0 13 13 13}
slices required:
{2 3 2 2 2}
slices start:
{18 20 16 18 20}
tuples:
{12 17 12 12 12}
dist: 570
dist: 570
dist: 661
dist: 661
dist: 661

vlink src/dst: 11 12
number of protected paths set: 3
needed_slices: 200
paths: {6 6 6 15 15 15 15 15}
slices required:
{2 3 5 2 2 2 2 2}
slices start:
{23 25 28 0 9 11 13 15}
tuples:
{6 11 23 6 6 6 6 6}
dist: 873
dist: 873
dist: 873
dist: 968
dist: 968
dist: 968
dist: 968
dist: 968

vlink src/dst: 10 12
number of protected paths set: 3
needed_slices: 96
paths: {0 0 0 16 16 16}
slices required:
{2 2 2 2 2 2}
slices start:
{0 8 10 22 24 26}
tuples:
{12 12 12 12 12 12}
dist: 431
dist: 431
dist: 431
dist: 640
dist: 640
dist: 640

vlink src/dst: 0 4
number of protected paths set: 3
needed_slices: 20
paths: {0 11}
slices required:
{2 2}
slices start:
{2 28}
tuples:
{12 12}
dist: 316
dist: 532

vlink src/dst: 0 7
number of protected paths set: 3
needed_slices: 26
paths: {0 17}
slices required:
{2 2}
slices start:
{11 30}
tuples:
{12 12}
dist: 418
dist: 624

vlink src/dst: 8 18
number of protected paths set: 15
needed_slices: 50
paths: {0 0 3 3}
slices required:
{2 3 2 4}
slices start:
{4 6 2 4}
tuples:
{20 27 12 34}
dist: 292
dist: 292
dist: 378
dist: 378

vlink src/dst: 9 10
number of protected paths set: 15
needed_slices: 14
paths: {0 2}
slices required:
{2 2}
slices start:
{23 28}
tuples:
{20 20}
dist: 237
dist: 273

vlink src/dst: 2 11
number of protected paths set: 3
needed_slices: 124
paths: {0 0 0 0 10 12 12}
slices required:
{2 2 2 2 2 2 2}
slices start:
{33 35 37 39 33 35 37}
tuples:
{12 12 12 12 12 12 12}
dist: 701
dist: 701
dist: 701
dist: 701
dist: 760
dist: 761
dist: 761

vlink src/dst: 1 9
number of protected paths set: 15
needed_slices: 48
paths: {0 14 18}
slices required:
{2 2 2}
slices start:
{8 12 35}
tuples:
{12 12 6}
dist: 506
dist: 703
dist: 877

vlink src/dst: 5 19
number of protected paths set: 15
needed_slices: 49
paths: {0 0 5 5 5}
slices required:
{2 3 2 2 2}
slices start:
{25 27 30 32 37}
tuples:
{12 27 12 12 12}
dist: 334
dist: 334
dist: 437
dist: 437
dist: 437

vlink src/dst: 3 5
number of protected paths set: 15
needed_slices: 50
paths: {0 0 3 3}
slices required:
{2 3 2 3}
slices start:
{12 14 41 43}
tuples:
{12 27 12 18}
dist: 325
dist: 325
dist: 434
dist: 434

vlink src/dst: 16 18
number of protected paths set: 15
needed_slices: 14
paths: {0 2}
slices required:
{2 3}
slices start:
{17 17}
tuples:
{20 18}
dist: 128
dist: 404

vlink src/dst: 4 10
number of protected paths set: 15
needed_slices: 14
paths: {0 3}
slices required:
{2 2}
slices start:
{0 17}
tuples:
{20 12}
dist: 257
dist: 453

vlink src/dst: 1 19
number of protected paths set: 15
needed_slices: 30
paths: {0 8}
slices required:
{3 3}
slices start:
{39 14}
tuples:
{18 17}
dist: 413
dist: 564

vlink src/dst: 1 2
number of protected paths set: 15
needed_slices: 24
paths: {1 5}
slices required:
{2 2}
slices start:
{19 19}
tuples:
{12 12}
dist: 496
dist: 550

vlink src/dst: 3 19
number of protected paths set: 15
needed_slices: 8
paths: {0 1}
slices required:
{2 2}
slices start:
{42 17}
tuples:
{20 20}
dist: 125
dist: 142

vlink src/dst: 3 9
number of protected paths set: 15
needed_slices: 40
paths: {0 0 2 2}
slices required:
{2 3 2 3}
slices start:
{44 46 21 41}
tuples:
{20 27 20 27}
dist: 218
dist: 218
dist: 281
dist: 281

vlink src/dst: 9 13
number of protected paths set: 15
needed_slices: 52
paths: {1 1 13 13}
slices required:
{2 2 2 2}
slices start:
{49 51 30 32}
tuples:
{12 12 12 12}
dist: 625
dist: 625
dist: 702
dist: 702

vlink src/dst: 18 19
number of protected paths set: 15
needed_slices: 12
paths: {0 2}
slices required:
{2 2}
slices start:
{53 21}
tuples:
{20 20}
dist: 227
dist: 263

vlink src/dst: 3 12
number of protected paths set: 3
needed_slices: 65
paths: {1 1 16 16 16}
slices required:
{3 3 2 2 3}
slices start:
{44 47 34 36 38}
tuples:
{27 27 12 12 17}
dist: 346
dist: 346
dist: 525
dist: 525
dist: 525

vlink src/dst: 12 14
number of protected paths set: 3
needed_slices: 16
paths: {0 5}
slices required:
{2 2}
slices start:
{12 17}
tuples:
{20 12}
dist: 176
dist: 486

vlink src/dst: 12 19
number of protected paths set: 3
needed_slices: 20
paths: {0 11}
slices required:
{2 2}
slices start:
{14 50}
tuples:
{20 12}
dist: 298
dist: 507

vlink src/dst: 13 15
number of protected paths set: 15
needed_slices: 78
paths: {0 0 0 5 5 5}
slices required:
{2 2 2 2 2 2}
slices start:
{55 57 59 41 43 45}
tuples:
{12 12 12 12 12 12}
dist: 616
dist: 616
dist: 616
dist: 637
dist: 637
dist: 637

vlink src/dst: 13 19
number of protected paths set: 15
needed_slices: 60
paths: {1 1 7 7 7}
slices required:
{2 3 2 2 2}
slices start:
{61 63 23 25 47}
tuples:
{12 17 12 12 12}
dist: 532
dist: 532
dist: 609
dist: 609
dist: 609

vlink src/dst: 2 13
number of protected paths set: 15
needed_slices: 26
paths: {0 7}
slices required:
{2 2}
slices start:
{28 53}
tuples:
{12 12}
dist: 521
dist: 594

vlink src/dst: 3 4
number of protected paths set: 15
needed_slices: 23
paths: {0 0 2 2}
slices required:
{2 2 2 3}
slices start:
{8 10 21 49}
tuples:
{20 20 12 27}
dist: 215
dist: 215
dist: 316
dist: 316

vlink src/dst: 4 18
number of protected paths set: 15
needed_slices: 8
paths: {0 1}
slices required:
{2 2}
slices start:
{4 55}
tuples:
{20 12}
dist: 113
dist: 329

vlink src/dst: 3 11
number of protected paths set: 3
needed_slices: 22
paths: {0 4}
slices required:
{2 2}
slices start:
{23 55}
tuples:
{12 12}
dist: 528
dist: 577

vlink src/dst: 5 17
number of protected paths set: 15
needed_slices: 19
paths: {0 0 1 1}
slices required:
{2 2 2 3}
slices start:
{22 24 0 18}
tuples:
{29 29 12 27}
dist: 42
dist: 42
dist: 311
dist: 311

vlink src/dst: 6 18
number of protected paths set: 15
needed_slices: 59
paths: {0 0 5 5 15}
slices required:
{2 2 2 2 3}
slices start:
{32 41 66 68 34}
tuples:
{12 12 12 12 17}
dist: 347
dist: 347
dist: 483
dist: 483
dist: 565

vlink src/dst: 12 13
number of protected paths set: 3
needed_slices: 48
paths: {1 1 10 10}
slices required:
{2 2 2 2}
slices start:
{61 63 19 30}
tuples:
{12 12 12 12}
dist: 653
dist: 653
dist: 720
dist: 720

vlink src/dst: 1 18
number of protected paths set: 15
needed_slices: 13
paths: {0 1}
slices required:
{2 3}
slices start:
{21 21}
tuples:
{20 27}
dist: 203
dist: 319

vlink src/dst: 11 17
number of protected paths set: 3
needed_slices: 24
paths: {0 0 1 1}
slices required:
{2 2 2 2}
slices start:
{0 2 46 48}
tuples:
{20 20 12 12}
dist: 199
dist: 199
dist: 387
dist: 387

vlink src/dst: 11 13
number of protected paths set: 3
needed_slices: 66
paths: {0 0 0 8 8 8}
slices required:
{2 2 2 2 2 2}
slices start:
{2 4 6 50 52 57}
tuples:
{12 12 12 12 12 12}
dist: 527
dist: 527
dist: 527
dist: 640
dist: 640
dist: 640

vlink src/dst: 1 13
number of protected paths set: 15
needed_slices: 16
paths: {0 0 1 1}
slices required:
{2 2 2 2}
slices start:
{0 2 0 8}
tuples:
{20 20 20 20}
dist: 202
dist: 202
dist: 295
dist: 295

vlink src/dst: 1 4
number of protected paths set: 15
needed_slices: 23
paths: {0 0 1 1}
slices required:
{2 2 2 3}
slices start:
{4 6 25 27}
tuples:
{20 20 12 27}
dist: 203
dist: 203
dist: 319
dist: 319
29 second(s) taken for solution
42 second(s) taken in total
cost = 1753

