
3 second(s) taken for initialization

vlink src/dst: 3 15
number of protected paths set: 15
needed_slices: 20
paths: {0 0 1 1}
slices required:
{2 2 2 2}
slices start:
{0 2 0 2}
tuples:
{20 20 20 20}
dist: 118
dist: 118
dist: 128
dist: 128

vlink src/dst: 1 9
number of protected paths set: 3
needed_slices: 78
paths: {1 1 1 7 7 7}
slices required:
{2 2 2 2 2 2}
slices start:
{4 6 8 4 6 8}
tuples:
{12 12 12 12 12 12}
dist: 508
dist: 508
dist: 508
dist: 589
dist: 589
dist: 589

vlink src/dst: 11 12
number of protected paths set: 15
needed_slices: 45
paths: {0 0 4 4}
slices required:
{2 3 2 4}
slices start:
{0 10 10 12}
tuples:
{20 27 12 34}
dist: 250
dist: 250
dist: 328
dist: 328

vlink src/dst: 3 9
number of protected paths set: 15
needed_slices: 28
paths: {0 11}
slices required:
{2 2}
slices start:
{13 16}
tuples:
{12 12}
dist: 534
dist: 683

vlink src/dst: 2 15
number of protected paths set: 3
needed_slices: 32
paths: {0 10}
slices required:
{2 2}
slices start:
{16 0}
tuples:
{12 12}
dist: 577
dist: 664

vlink src/dst: 0 12
number of protected paths set: 15
needed_slices: 37
paths: {0 0 8 8}
slices required:
{2 2 2 3}
slices start:
{2 18 4 6}
tuples:
{20 20 12 27}
dist: 190
dist: 190
dist: 388
dist: 388

vlink src/dst: 11 15
number of protected paths set: 15
needed_slices: 37
paths: {1 1 3 3}
slices required:
{2 2 2 3}
slices start:
{2 18 20 22}
tuples:
{20 20 12 27}
dist: 259
dist: 259
dist: 319
dist: 319

vlink src/dst: 0 15
number of protected paths set: 15
needed_slices: 55
paths: {2 2 3 3}
slices required:
{2 3 2 4}
slices start:
{25 27 25 27}
tuples:
{20 27 12 34}
dist: 289
dist: 289
dist: 335
dist: 335

vlink src/dst: 12 14
number of protected paths set: 15
needed_slices: 40
paths: {1 1 2 2}
slices required:
{2 3 2 3}
slices start:
{31 33 31 33}
tuples:
{20 27 20 27}
dist: 215
dist: 215
dist: 234
dist: 234

vlink src/dst: 0 3
number of protected paths set: 15
needed_slices: 36
paths: {0 0 1 1}
slices required:
{2 2 2 3}
slices start:
{36 38 0 9}
tuples:
{20 20 12 27}
dist: 251
dist: 251
dist: 326
dist: 326

vlink src/dst: 2 12
number of protected paths set: 3
needed_slices: 30
paths: {0 18}
slices required:
{2 2}
slices start:
{40 36}
tuples:
{12 12}
dist: 513
dist: 751

vlink src/dst: 2 19
number of protected paths set: 3
needed_slices: 36
paths: {1 8}
slices required:
{3 3}
slices start:
{0 10}
tuples:
{17 17}
dist: 505
dist: 563

vlink src/dst: 11 13
number of protected paths set: 3
needed_slices: 18
paths: {0 5}
slices required:
{2 2}
slices start:
{15 18}
tuples:
{12 12}
dist: 331
dist: 452

vlink src/dst: 0 13
number of protected paths set: 3
needed_slices: 48
paths: {1 1 1 3 3}
slices required:
{2 2 2 3 3}
slices start:
{12 18 20 3 6}
tuples:
{20 20 20 27 27}
dist: 271
dist: 271
dist: 271
dist: 390
dist: 390

vlink src/dst: 9 16
number of protected paths set: 15
needed_slices: 26
paths: {2 12}
slices required:
{2 2}
slices start:
{31 10}
tuples:
{12 12}
dist: 471
dist: 718

vlink src/dst: 18 19
number of protected paths set: 15
needed_slices: 36
paths: {0 2 2}
slices required:
{3 2 2}
slices start:
{15 14 22}
tuples:
{27 12 12}
dist: 392
dist: 448
dist: 448

vlink src/dst: 8 16
number of protected paths set: 3
needed_slices: 120
paths: {1 1 1 1 5 5 5 5}
slices required:
{2 2 2 2 2 2 2 2}
slices start:
{12 14 18 20 12 18 20 33}
tuples:
{12 12 12 12 12 12 12 12}
dist: 726
dist: 726
dist: 726
dist: 726
dist: 743
dist: 743
dist: 743
dist: 743

vlink src/dst: 1 5
number of protected paths set: 3
needed_slices: 78
paths: {1 1 1 18 18 18}
slices required:
{2 2 2 2 2 2}
slices start:
{38 40 42 42 44 46}
tuples:
{12 12 12 12 12 12}
dist: 508
dist: 508
dist: 508
dist: 721
dist: 721
dist: 721

vlink src/dst: 4 15
number of protected paths set: 15
needed_slices: 20
paths: {0 13}
slices required:
{2 2}
slices start:
{20 48}
tuples:
{20 12}
dist: 287
dist: 562

vlink src/dst: 16 17
number of protected paths set: 15
needed_slices: 84
paths: {1 1 1 5 5 5}
slices required:
{2 2 2 2 2 2}
slices start:
{40 50 52 12 20 24}
tuples:
{12 12 12 12 12 12}
dist: 662
dist: 662
dist: 662
dist: 700
dist: 700
dist: 700

vlink src/dst: 3 6
number of protected paths set: 15
needed_slices: 27
paths: {0 2}
slices required:
{3 3}
slices start:
{4 50}
tuples:
{27 27}
dist: 301
dist: 352

vlink src/dst: 7 15
number of protected paths set: 15
needed_slices: 24
paths: {2 13}
slices required:
{2 2}
slices start:
{22 7}
tuples:
{12 12}
dist: 518
dist: 650

vlink src/dst: 10 14
number of protected paths set: 15
needed_slices: 30
paths: {1 7}
slices required:
{3 3}
slices start:
{2 0}
tuples:
{18 17}
dist: 497
dist: 590

vlink src/dst: 14 17
number of protected paths set: 15
needed_slices: 45
paths: {1 1 2 2}
slices required:
{2 3 2 3}
slices start:
{14 26 4 6}
tuples:
{12 18 12 18}
dist: 464
dist: 464
dist: 491
dist: 491

vlink src/dst: 10 11
number of protected paths set: 15
needed_slices: 22
paths: {4 6}
slices required:
{2 2}
slices start:
{22 16}
tuples:
{12 12}
dist: 575
dist: 580

vlink src/dst: 8 14
number of protected paths set: 3
needed_slices: 22
paths: {0 4}
slices required:
{2 2}
slices start:
{9 5}
tuples:
{12 12}
dist: 528
dist: 577

vlink src/dst: 5 14
number of protected paths set: 15
needed_slices: 53
paths: {0 0 0 6 8 8}
slices required:
{2 2 3 2 2 2}
slices start:
{11 18 22 2 26 28}
tuples:
{12 12 18 12 12 12}
dist: 403
dist: 403
dist: 403
dist: 498
dist: 505
dist: 505

vlink src/dst: 11 17
number of protected paths set: 15
needed_slices: 16
paths: {0 2}
slices required:
{2 2}
slices start:
{20 22}
tuples:
{12 12}
dist: 414
dist: 494

vlink src/dst: 5 11
number of protected paths set: 15
needed_slices: 35
paths: {0 0 5 5}
slices required:
{2 3 2 3}
slices start:
{0 29 33 50}
tuples:
{12 27 12 18}
dist: 386
dist: 386
dist: 433
dist: 433

vlink src/dst: 7 18
number of protected paths set: 15
needed_slices: 44
paths: {1 1 6 6}
slices required:
{2 2 2 2}
slices start:
{15 17 2 18}
tuples:
{12 12 12 12}
dist: 696
dist: 696
dist: 749
dist: 749

vlink src/dst: 6 7
number of protected paths set: 15
needed_slices: 54
paths: {2 2 2 3 3 3}
slices required:
{2 2 2 2 2 2}
slices start:
{9 24 26 0 5 9}
tuples:
{12 12 12 12 12 12}
dist: 431
dist: 431
dist: 431
dist: 441
dist: 441
dist: 441

vlink src/dst: 8 9
number of protected paths set: 3
needed_slices: 26
paths: {5 6}
slices required:
{2 2}
slices start:
{28 4}
tuples:
{12 12}
dist: 699
dist: 730

vlink src/dst: 8 19
number of protected paths set: 3
needed_slices: 36
paths: {1 4}
slices required:
{3 3}
slices start:
{2 24}
tuples:
{17 17}
dist: 515
dist: 569

vlink src/dst: 9 10
number of protected paths set: 15
needed_slices: 35
paths: {1 5 5}
slices required:
{3 2 2}
slices start:
{30 6 8}
tuples:
{17 12 12}
dist: 577
dist: 665
dist: 665

vlink src/dst: 1 3
number of protected paths set: 3
needed_slices: 10
paths: {0 1}
slices required:
{2 2}
slices start:
{18 44}
tuples:
{29 20}
dist: 96
dist: 150

vlink src/dst: 8 10
number of protected paths set: 3
needed_slices: 12
paths: {0 1}
slices required:
{2 2}
slices start:
{0 16}
tuples:
{29 12}
dist: 64
dist: 523

vlink src/dst: 5 10
number of protected paths set: 15
needed_slices: 16
paths: {0 4}
slices required:
{2 2}
slices start:
{10 35}
tuples:
{12 12}
dist: 463
dist: 541

vlink src/dst: 5 18
number of protected paths set: 15
needed_slices: 32
paths: {0 0 3 3}
slices required:
{2 2 2 2}
slices start:
{19 21 4 6}
tuples:
{12 12 12 12}
dist: 468
dist: 468
dist: 518
dist: 518

vlink src/dst: 5 7
number of protected paths set: 15
needed_slices: 25
paths: {0 0 1 1}
slices required:
{2 3 2 3}
slices start:
{0 12 3 5}
tuples:
{12 27 12 27}
dist: 340
dist: 340
dist: 362
dist: 362

vlink src/dst: 9 17
number of protected paths set: 15
needed_slices: 10
paths: {0 1}
slices required:
{2 2}
slices start:
{0 23}
tuples:
{12 12}
dist: 314
dist: 367
28 second(s) taken for solution
31 second(s) taken in total
cost = 1478

