
5 second(s) taken for initialization

vlink src/dst: 6 8
number of protected paths set: 3
needed_slices: 29
paths: {0 0 1 1}
slices required:
{2 2 2 3}
slices start:
{0 2 0 2}
tuples:
{20 20 12 18}
dist: 148
dist: 148
dist: 439
dist: 439

vlink src/dst: 8 14
number of protected paths set: 3
needed_slices: 56
paths: {0 0 19 19 19}
slices required:
{2 2 2 2 2}
slices start:
{5 7 5 7 9}
tuples:
{20 20 12 12 12}
dist: 283
dist: 283
dist: 724
dist: 724
dist: 724

vlink src/dst: 8 19
number of protected paths set: 3
needed_slices: 22
paths: {1 17}
slices required:
{2 2}
slices start:
{9 11}
tuples:
{12 12}
dist: 429
dist: 682

vlink src/dst: 8 12
number of protected paths set: 3
needed_slices: 55
paths: {3 3 13 13}
slices required:
{2 3 2 3}
slices start:
{11 13 13 15}
tuples:
{12 18 12 17}
dist: 500
dist: 500
dist: 579
dist: 579

vlink src/dst: 5 8
number of protected paths set: 3
needed_slices: 111
paths: {0 0 0 19 19 19}
slices required:
{2 2 2 2 2 3}
slices start:
{18 20 22 18 20 22}
tuples:
{12 12 12 6 6 10}
dist: 687
dist: 687
dist: 687
dist: 1088
dist: 1088
dist: 1088

vlink src/dst: 4 6
number of protected paths set: 3
needed_slices: 102
paths: {1 1 1 15 15 15}
slices required:
{2 2 2 2 2 2}
slices start:
{25 27 29 25 27 29}
tuples:
{12 12 12 12 12 12}
dist: 621
dist: 621
dist: 621
dist: 776
dist: 776
dist: 776

vlink src/dst: 6 7
number of protected paths set: 3
needed_slices: 33
paths: {0 0 3 3}
slices required:
{2 2 2 3}
slices start:
{31 33 31 33}
tuples:
{20 20 12 17}
dist: 187
dist: 187
dist: 533
dist: 533

vlink src/dst: 2 3
number of protected paths set: 3
needed_slices: 67
paths: {0 0 18 18 18}
slices required:
{2 3 2 2 2}
slices start:
{16 36 0 2 16}
tuples:
{12 27 12 12 12}
dist: 359
dist: 359
dist: 794
dist: 794
dist: 794

vlink src/dst: 7 11
number of protected paths set: 15
needed_slices: 12
paths: {0 0 1 1}
slices required:
{2 2 2 2}
slices start:
{0 2 18 20}
tuples:
{20 20 20 20}
dist: 123
dist: 123
dist: 184
dist: 184

vlink src/dst: 4 11
number of protected paths set: 15
needed_slices: 64
paths: {0 0 12 12}
slices required:
{2 2 2 3}
slices start:
{31 33 5 36}
tuples:
{12 12 6 11}
dist: 539
dist: 539
dist: 838
dist: 838

vlink src/dst: 7 9
number of protected paths set: 15
needed_slices: 90
paths: {4 4 4 8 8 8}
slices required:
{2 2 2 2 2 2}
slices start:
{9 31 33 7 16 22}
tuples:
{12 12 12 12 12 12}
dist: 636
dist: 636
dist: 636
dist: 659
dist: 659
dist: 659

vlink src/dst: 11 12
number of protected paths set: 15
needed_slices: 45
paths: {0 0 9 9 9}
slices required:
{2 3 2 2 2}
slices start:
{35 37 7 11 13}
tuples:
{12 27 12 12 12}
dist: 362
dist: 362
dist: 601
dist: 601
dist: 601

vlink src/dst: 10 11
number of protected paths set: 15
needed_slices: 85
paths: {0 0 0 6 6 6}
slices required:
{2 2 2 2 2 3}
slices start:
{40 42 44 25 27 39}
tuples:
{12 12 12 6 6 11}
dist: 709
dist: 709
dist: 709
dist: 826
dist: 826
dist: 826

vlink src/dst: 2 14
number of protected paths set: 15
needed_slices: 16
paths: {0 7}
slices required:
{2 2}
slices start:
{0 29}
tuples:
{12 12}
dist: 331
dist: 464

vlink src/dst: 3 15
number of protected paths set: 3
needed_slices: 30
paths: {0 11}
slices required:
{2 2}
slices start:
{42 35}
tuples:
{12 12}
dist: 627
dist: 779

vlink src/dst: 2 9
number of protected paths set: 15
needed_slices: 82
paths: {0 8 8 12 12 13}
slices required:
{2 2 2 2 2 2}
slices start:
{18 2 11 37 44 46}
tuples:
{12 12 12 12 12 12}
dist: 479
dist: 549
dist: 549
dist: 615
dist: 615
dist: 687

vlink src/dst: 2 13
number of protected paths set: 15
needed_slices: 30
paths: {0 8}
slices required:
{3 3}
slices start:
{13 4}
tuples:
{18 17}
dist: 413
dist: 564

vlink src/dst: 18 19
number of protected paths set: 3
needed_slices: 22
paths: {3 4}
slices required:
{2 2}
slices start:
{9 24}
tuples:
{12 12}
dist: 638
dist: 654

vlink src/dst: 11 15
number of protected paths set: 15
needed_slices: 20
paths: {1 5}
slices required:
{2 2}
slices start:
{48 9}
tuples:
{12 12}
dist: 577
dist: 665

vlink src/dst: 2 7
number of protected paths set: 15
needed_slices: 17
paths: {0 0 1 1}
slices required:
{2 3 2 4}
slices start:
{0 2 0 2}
tuples:
{20 28 12 34}
dist: 157
dist: 157
dist: 301
dist: 301

vlink src/dst: 3 14
number of protected paths set: 3
needed_slices: 31
paths: {0 0 1 1}
slices required:
{2 2 2 3}
slices start:
{2 20 4 6}
tuples:
{20 20 12 27}
dist: 275
dist: 275
dist: 330
dist: 330

vlink src/dst: 15 19
number of protected paths set: 15
needed_slices: 40
paths: {0 0 3 3 3}
slices required:
{2 2 2 2 2}
slices start:
{0 2 35 50 52}
tuples:
{20 20 12 12 12}
dist: 295
dist: 295
dist: 486
dist: 486
dist: 486

vlink src/dst: 14 19
number of protected paths set: 15
needed_slices: 8
paths: {0 1}
slices required:
{2 2}
slices start:
{0 18}
tuples:
{20 20}
dist: 135
dist: 248

vlink src/dst: 10 14
number of protected paths set: 15
needed_slices: 22
paths: {1 3}
slices required:
{2 2}
slices start:
{31 9}
tuples:
{12 12}
dist: 491
dist: 519

vlink src/dst: 0 12
number of protected paths set: 15
needed_slices: 36
paths: {0 0 4 4 4}
slices required:
{2 2 2 2 2}
slices start:
{4 6 31 33 54}
tuples:
{20 20 12 12 12}
dist: 252
dist: 252
dist: 440
dist: 440
dist: 440

vlink src/dst: 14 16
number of protected paths set: 15
needed_slices: 65
paths: {3 3 5 5}
slices required:
{2 3 2 3}
slices start:
{33 46 18 31}
tuples:
{12 17 12 17}
dist: 558
dist: 558
dist: 572
dist: 572

vlink src/dst: 5 12
number of protected paths set: 15
needed_slices: 45
paths: {2 2 4 4}
slices required:
{2 3 2 3}
slices start:
{24 26 8 10}
tuples:
{12 18 12 17}
dist: 444
dist: 444
dist: 506
dist: 506

vlink src/dst: 0 15
number of protected paths set: 15
needed_slices: 28
paths: {0 0 2 2 2}
slices required:
{2 2 2 2 2}
slices start:
{4 6 11 13 15}
tuples:
{29 29 12 12 12}
dist: 56
dist: 56
dist: 503
dist: 503
dist: 503

vlink src/dst: 12 16
number of protected paths set: 15
needed_slices: 16
paths: {0 7}
slices required:
{2 2}
slices start:
{13 42}
tuples:
{12 12}
dist: 400
dist: 511

vlink src/dst: 16 19
number of protected paths set: 15
needed_slices: 24
paths: {1 2}
slices required:
{2 2}
slices start:
{29 0}
tuples:
{12 12}
dist: 401
dist: 434

vlink src/dst: 5 16
number of protected paths set: 15
needed_slices: 6
paths: {0 2}
slices required:
{2 2}
slices start:
{0 0}
tuples:
{20 20}
dist: 101
dist: 263

vlink src/dst: 17 18
number of protected paths set: 3
needed_slices: 56
paths: {0 0 17 17}
slices required:
{2 2 2 2}
slices start:
{11 13 56 58}
tuples:
{12 12 6 6}
dist: 754
dist: 754
dist: 1036
dist: 1036

vlink src/dst: 5 15
number of protected paths set: 15
needed_slices: 16
paths: {1 5}
slices required:
{2 2}
slices start:
{15 31}
tuples:
{12 12}
dist: 319
dist: 602

vlink src/dst: 9 13
number of protected paths set: 15
needed_slices: 20
paths: {0 0 1 1}
slices required:
{2 3 2 3}
slices start:
{0 4 0 2}
tuples:
{20 28 20 27}
dist: 136
dist: 136
dist: 216
dist: 216

vlink src/dst: 1 14
number of protected paths set: 15
needed_slices: 40
paths: {1 1 2 2}
slices required:
{2 2 2 2}
slices start:
{20 34 13 20}
tuples:
{12 12 12 12}
dist: 309
dist: 309
dist: 331
dist: 331

vlink src/dst: 5 10
number of protected paths set: 15
needed_slices: 23
paths: {0 0 3 3}
slices required:
{2 2 2 3}
slices start:
{2 4 37 49}
tuples:
{20 20 12 27}
dist: 154
dist: 154
dist: 355
dist: 355

vlink src/dst: 4 10
number of protected paths set: 15
needed_slices: 49
paths: {0 0 2 2}
slices required:
{2 3 2 4}
slices start:
{2 4 15 52}
tuples:
{20 27 12 34}
dist: 298
dist: 298
dist: 376
dist: 376

vlink src/dst: 10 13
number of protected paths set: 15
needed_slices: 18
paths: {0 2}
slices required:
{2 2}
slices start:
{7 60}
tuples:
{12 12}
dist: 375
dist: 441

vlink src/dst: 1 13
number of protected paths set: 15
needed_slices: 12
paths: {0 1}
slices required:
{3 3}
slices start:
{5 0}
tuples:
{28 28}
dist: 156
dist: 167

vlink src/dst: 2 18
number of protected paths set: 3
needed_slices: 8
paths: {0 1}
slices required:
{2 2}
slices start:
{5 6}
tuples:
{20 12}
dist: 298
dist: 302
24 second(s) taken for solution
29 second(s) taken in total
cost = 1551

