
11 second(s) taken for initialization

vlink src/dst: 15 17
number of protected paths set: 15
needed_slices: 65
paths: {0 0 4 4}
slices required:
{2 3 2 3}
slices start:
{0 2 0 2}
tuples:
{12 18 12 17}
dist: 457
dist: 457
dist: 521
dist: 521

vlink src/dst: 3 11
number of protected paths set: 3
needed_slices: 101
paths: {0 0 5 6 6}
slices required:
{2 5 2 2 2}
slices start:
{5 7 5 7 9}
tuples:
{12 32 12 12 12}
dist: 689
dist: 689
dist: 724
dist: 725
dist: 725

vlink src/dst: 11 16
number of protected paths set: 3
needed_slices: 48
paths: {1 1 4 4}
slices required:
{2 2 2 2}
slices start:
{12 14 0 2}
tuples:
{12 12 12 12}
dist: 637
dist: 637
dist: 671
dist: 671

vlink src/dst: 6 11
number of protected paths set: 3
needed_slices: 47
paths: {1 15}
slices required:
{2 3}
slices start:
{16 16}
tuples:
{12 11}
dist: 772
dist: 840

vlink src/dst: 7 10
number of protected paths set: 15
needed_slices: 66
paths: {0 1 1 5 5 9}
slices required:
{2 2 2 2 2 2}
slices start:
{12 14 19 19 21 19}
tuples:
{12 12 12 12 12 12}
dist: 319
dist: 412
dist: 412
dist: 492
dist: 492
dist: 527

vlink src/dst: 13 17
number of protected paths set: 15
needed_slices: 26
paths: {0 3}
slices required:
{2 2}
slices start:
{21 21}
tuples:
{12 12}
dist: 520
dist: 540

vlink src/dst: 4 13
number of protected paths set: 15
needed_slices: 55
paths: {0 0 6 6 6}
slices required:
{2 3 2 2 2}
slices start:
{23 25 23 25 27}
tuples:
{12 27 12 12 12}
dist: 366
dist: 366
dist: 535
dist: 535
dist: 535

vlink src/dst: 2 15
number of protected paths set: 15
needed_slices: 65
paths: {2 2 8 8}
slices required:
{2 3 2 3}
slices start:
{29 31 28 30}
tuples:
{12 17 12 17}
dist: 547
dist: 547
dist: 599
dist: 599

vlink src/dst: 12 19
number of protected paths set: 15
needed_slices: 90
paths: {0 0 0 3 3 3}
slices required:
{2 2 2 2 2 2}
slices start:
{34 36 38 33 35 37}
tuples:
{12 12 12 12 12 12}
dist: 589
dist: 589
dist: 589
dist: 609
dist: 609
dist: 609

vlink src/dst: 9 12
number of protected paths set: 15
needed_slices: 45
paths: {1 1 7 7}
slices required:
{2 3 2 3}
slices start:
{39 41 40 42}
tuples:
{12 27 12 18}
dist: 377
dist: 377
dist: 452
dist: 452

vlink src/dst: 4 5
number of protected paths set: 15
needed_slices: 64
paths: {0 0 2 2 4}
slices required:
{2 4 2 2 2}
slices start:
{29 45 44 46 48}
tuples:
{12 34 12 12 12}
dist: 392
dist: 392
dist: 448
dist: 448
dist: 480

vlink src/dst: 5 12
number of protected paths set: 15
needed_slices: 16
paths: {1 4}
slices required:
{2 2}
slices start:
{50 49}
tuples:
{20 12}
dist: 300
dist: 353

vlink src/dst: 14 19
number of protected paths set: 15
needed_slices: 96
paths: {1 1 1 2 2 2}
slices required:
{2 2 2 2 2 2}
slices start:
{0 2 4 11 13 21}
tuples:
{12 12 12 12 12 12}
dist: 551
dist: 551
dist: 551
dist: 559
dist: 559
dist: 559

vlink src/dst: 14 18
number of protected paths set: 15
needed_slices: 44
paths: {6 7 8}
slices required:
{2 2 2}
slices start:
{45 52 23}
tuples:
{12 12 12}
dist: 655
dist: 695
dist: 721

vlink src/dst: 7 9
number of protected paths set: 15
needed_slices: 84
paths: {0 0 12 12 14 14}
slices required:
{2 2 2 2 2 2}
slices start:
{31 51 5 7 54 56}
tuples:
{12 12 12 12 12 12}
dist: 522
dist: 522
dist: 656
dist: 656
dist: 721
dist: 721

vlink src/dst: 10 16
number of protected paths set: 15
needed_slices: 45
paths: {0 0 3 3}
slices required:
{2 3 2 3}
slices start:
{23 25 18 25}
tuples:
{12 27 12 18}
dist: 387
dist: 387
dist: 451
dist: 451

vlink src/dst: 6 10
number of protected paths set: 15
needed_slices: 44
paths: {0 0 8 8}
slices required:
{2 2 2 2}
slices start:
{11 13 5 7}
tuples:
{12 12 12 12}
dist: 443
dist: 443
dist: 546
dist: 546

vlink src/dst: 5 9
number of protected paths set: 15
needed_slices: 16
paths: {0 0 2 2}
slices required:
{2 2 2 2}
slices start:
{6 8 28 30}
tuples:
{29 29 20 20}
dist: 77
dist: 77
dist: 246
dist: 246

vlink src/dst: 1 13
number of protected paths set: 15
needed_slices: 51
paths: {0 0 3 3}
slices required:
{2 3 2 4}
slices start:
{52 54 9 18}
tuples:
{20 27 12 34}
dist: 289
dist: 289
dist: 389
dist: 389

vlink src/dst: 1 5
number of protected paths set: 15
needed_slices: 16
paths: {0 0 1 1}
slices required:
{2 2 2 2}
slices start:
{0 2 22 24}
tuples:
{20 20 20 20}
dist: 129
dist: 129
dist: 194
dist: 194

vlink src/dst: 6 13
number of protected paths set: 15
needed_slices: 54
paths: {0 0 0 1 1 1}
slices required:
{2 2 2 2 2 2}
slices start:
{0 2 11 57 59 61}
tuples:
{12 12 12 12 12 12}
dist: 422
dist: 422
dist: 422
dist: 433
dist: 433
dist: 433

vlink src/dst: 1 3
number of protected paths set: 15
needed_slices: 6
paths: {0 1}
slices required:
{2 2}
slices start:
{0 0}
tuples:
{29 20}
dist: 91
dist: 201

vlink src/dst: 3 6
number of protected paths set: 15
needed_slices: 20
paths: {0 0 1 1}
slices required:
{2 3 2 3}
slices start:
{6 8 6 8}
tuples:
{20 28 20 27}
dist: 142
dist: 142
dist: 210
dist: 210

vlink src/dst: 5 6
number of protected paths set: 15
needed_slices: 44
paths: {0 0 2 2}
slices required:
{2 3 2 4}
slices start:
{26 44 40 42}
tuples:
{20 27 12 34}
dist: 267
dist: 267
dist: 366
dist: 366

vlink src/dst: 6 16
number of protected paths set: 15
needed_slices: 14
paths: {0 6}
slices required:
{2 2}
slices start:
{19 28}
tuples:
{20 12}
dist: 199
dist: 441

vlink src/dst: 5 18
number of protected paths set: 15
needed_slices: 54
paths: {0 0 0 3 3 3}
slices required:
{2 2 2 2 2 2}
slices start:
{15 32 34 0 2 9}
tuples:
{12 12 12 12 12 12}
dist: 472
dist: 472
dist: 472
dist: 527
dist: 527
dist: 527

vlink src/dst: 9 18
number of protected paths set: 15
needed_slices: 45
paths: {0 0 4 4}
slices required:
{2 3 2 3}
slices start:
{6 39 11 13}
tuples:
{12 18 12 17}
dist: 457
dist: 457
dist: 510
dist: 510

vlink src/dst: 7 8
number of protected paths set: 15
needed_slices: 52
paths: {0 0 1 1}
slices required:
{2 2 2 2}
slices start:
{53 55 9 11}
tuples:
{12 12 12 12}
dist: 762
dist: 762
dist: 772
dist: 772

vlink src/dst: 8 17
number of protected paths set: 15
needed_slices: 28
paths: {1 10}
slices required:
{2 2}
slices start:
{57 13}
tuples:
{12 6}
dist: 713
dist: 874

vlink src/dst: 8 9
number of protected paths set: 15
needed_slices: 22
paths: {3 6}
slices required:
{2 2}
slices start:
{47 0}
tuples:
{12 12}
dist: 495
dist: 510

vlink src/dst: 0 3
number of protected paths set: 3
needed_slices: 12
paths: {0 3}
slices required:
{2 2}
slices start:
{0 2}
tuples:
{20 12}
dist: 151
dist: 435

vlink src/dst: 0 8
number of protected paths set: 3
needed_slices: 12
paths: {0 1}
slices required:
{2 2}
slices start:
{0 4}
tuples:
{20 12}
dist: 212
dist: 374

vlink src/dst: 2 12
number of protected paths set: 15
needed_slices: 45
paths: {0 0 9 9}
slices required:
{2 3 2 3}
slices start:
{16 18 33 35}
tuples:
{12 27 12 17}
dist: 385
dist: 385
dist: 585
dist: 585

vlink src/dst: 0 16
number of protected paths set: 3
needed_slices: 32
paths: {0 0 6 6}
slices required:
{2 2 2 3}
slices start:
{2 23 6 8}
tuples:
{20 20 12 18}
dist: 208
dist: 208
dist: 450
dist: 450

vlink src/dst: 2 3
number of protected paths set: 15
needed_slices: 36
paths: {0 0 8 8 8}
slices required:
{2 2 2 2 2}
slices start:
{21 25 6 16 18}
tuples:
{20 20 12 12 12}
dist: 234
dist: 234
dist: 554
dist: 554
dist: 554

vlink src/dst: 3 18
number of protected paths set: 15
needed_slices: 12
paths: {0 2}
slices required:
{2 2}
slices start:
{12 0}
tuples:
{20 12}
dist: 258
dist: 405

vlink src/dst: 8 16
number of protected paths set: 15
needed_slices: 15
paths: {0 2}
slices required:
{3 3}
slices start:
{11 17}
tuples:
{27 27}
dist: 234
dist: 358

vlink src/dst: 8 18
number of protected paths set: 15
needed_slices: 24
paths: {0 0 5 5}
slices required:
{2 2 2 2}
slices start:
{2 4 20 25}
tuples:
{20 20 12 12}
dist: 296
dist: 296
dist: 465
dist: 465

vlink src/dst: 11 18
number of protected paths set: 3
needed_slices: 24
paths: {3 6}
slices required:
{2 2}
slices start:
{42 23}
tuples:
{12 12}
dist: 716
dist: 744

vlink src/dst: 4 17
number of protected paths set: 15
needed_slices: 23
paths: {0 0 3 3}
slices required:
{2 2 2 3}
slices start:
{23 25 12 33}
tuples:
{20 20 12 27}
dist: 154
dist: 154
dist: 355
dist: 355
33 second(s) taken for solution
44 second(s) taken in total
cost = 1658

