
4 second(s) taken for initialization

vlink src/dst: 0 15
number of protected paths set: 3
needed_slices: 24
paths: {0 8}
slices required:
{2 3}
slices start:
{0 0}
tuples:
{20 27}
dist: 219
dist: 393

vlink src/dst: 7 19
number of protected paths set: 15
needed_slices: 19
paths: {0 0 2 2}
slices required:
{2 2 2 3}
slices start:
{0 2 3 5}
tuples:
{29 29 20 27}
dist: 61
dist: 61
dist: 292
dist: 292

vlink src/dst: 7 15
number of protected paths set: 15
needed_slices: 16
paths: {0 3}
slices required:
{2 3}
slices start:
{8 8}
tuples:
{20 27}
dist: 184
dist: 305

vlink src/dst: 15 19
number of protected paths set: 15
needed_slices: 24
paths: {0 0 1 1}
slices required:
{2 2 2 2}
slices start:
{11 13 11 13}
tuples:
{20 20 20 20}
dist: 240
dist: 240
dist: 248
dist: 248

vlink src/dst: 4 11
number of protected paths set: 15
needed_slices: 66
paths: {0 0 0 3 3 3}
slices required:
{2 2 2 2 2 2}
slices start:
{3 5 15 15 17 19}
tuples:
{12 12 12 12 12 12}
dist: 443
dist: 443
dist: 443
dist: 499
dist: 499
dist: 499

vlink src/dst: 3 9
number of protected paths set: 15
needed_slices: 8
paths: {0 1}
slices required:
{2 2}
slices start:
{0 0}
tuples:
{29 20}
dist: 98
dist: 150

vlink src/dst: 3 5
number of protected paths set: 15
needed_slices: 60
paths: {2 2 5 5}
slices required:
{3 3 3 3}
slices start:
{0 7 21 24}
tuples:
{27 27 27 27}
dist: 324
dist: 324
dist: 391
dist: 391

vlink src/dst: 9 12
number of protected paths set: 3
needed_slices: 68
paths: {4 4 16 16}
slices required:
{2 2 2 2}
slices start:
{2 4 10 12}
tuples:
{12 12 6 6}
dist: 613
dist: 613
dist: 859
dist: 859

vlink src/dst: 1 3
number of protected paths set: 15
needed_slices: 40
paths: {2 2 6 6}
slices required:
{2 2 2 2}
slices start:
{17 19 27 29}
tuples:
{20 20 12 12}
dist: 284
dist: 284
dist: 339
dist: 339

vlink src/dst: 1 9
number of protected paths set: 15
needed_slices: 51
paths: {0 2 16}
slices required:
{3 3 3}
slices start:
{21 31 0}
tuples:
{27 27 17}
dist: 308
dist: 350
dist: 511

vlink src/dst: 4 14
number of protected paths set: 15
needed_slices: 50
paths: {1 1 7 7}
slices required:
{2 3 2 3}
slices start:
{31 33 24 26}
tuples:
{12 27 12 27}
dist: 333
dist: 333
dist: 398
dist: 398

vlink src/dst: 3 11
number of protected paths set: 15
needed_slices: 18
paths: {0 12}
slices required:
{2 2}
slices start:
{29 36}
tuples:
{12 12}
dist: 305
dist: 534

vlink src/dst: 7 18
number of protected paths set: 15
needed_slices: 26
paths: {0 12}
slices required:
{2 2}
slices start:
{15 3}
tuples:
{12 12}
dist: 417
dist: 682

vlink src/dst: 5 17
number of protected paths set: 15
needed_slices: 32
paths: {4 8}
slices required:
{2 2}
slices start:
{38 34}
tuples:
{12 12}
dist: 592
dist: 619

vlink src/dst: 7 17
number of protected paths set: 15
needed_slices: 66
paths: {0 2 2 8 8 13}
slices required:
{2 2 2 2 2 2}
slices start:
{38 40 42 21 29 31}
tuples:
{12 12 12 12 12 12}
dist: 428
dist: 482
dist: 482
dist: 532
dist: 532
dist: 586

vlink src/dst: 16 18
number of protected paths set: 15
needed_slices: 84
paths: {1 1 1 10 10 10}
slices required:
{2 2 3 2 2 3}
slices start:
{8 10 12 3 5 40}
tuples:
{12 12 18 12 12 17}
dist: 435
dist: 435
dist: 435
dist: 588
dist: 588
dist: 588

vlink src/dst: 15 17
number of protected paths set: 15
needed_slices: 21
paths: {0 4}
slices required:
{3 3}
slices start:
{7 17}
tuples:
{27 27}
dist: 244
dist: 395

vlink src/dst: 6 11
number of protected paths set: 3
needed_slices: 92
paths: {6 6 8 13 13}
slices required:
{2 2 2 2 5}
slices start:
{44 46 48 23 44}
tuples:
{12 12 12 12 32}
dist: 625
dist: 625
dist: 631
dist: 667
dist: 667

vlink src/dst: 6 14
number of protected paths set: 3
needed_slices: 38
paths: {0 9 9}
slices required:
{3 2 2}
slices start:
{50 3 5}
tuples:
{27 12 12}
dist: 398
dist: 538
dist: 538

vlink src/dst: 10 17
number of protected paths set: 15
needed_slices: 20
paths: {0 6}
slices required:
{2 2}
slices start:
{15 36}
tuples:
{12 12}
dist: 353
dist: 451

vlink src/dst: 14 17
number of protected paths set: 15
needed_slices: 55
paths: {0 0 10 10}
slices required:
{2 3 2 3}
slices start:
{17 25 53 55}
tuples:
{12 18 12 17}
dist: 424
dist: 424
dist: 557
dist: 557

vlink src/dst: 8 18
number of protected paths set: 15
needed_slices: 52
paths: {0 0 10 10 10}
slices required:
{2 2 2 2 2}
slices start:
{19 28 5 10 12}
tuples:
{20 20 12 12 12}
dist: 297
dist: 297
dist: 663
dist: 663
dist: 663

vlink src/dst: 4 18
number of protected paths set: 15
needed_slices: 72
paths: {2 2 2 10 10 10}
slices required:
{2 2 2 2 2 2}
slices start:
{40 42 58 10 12 23}
tuples:
{12 12 12 12 12 12}
dist: 415
dist: 415
dist: 415
dist: 524
dist: 524
dist: 524

vlink src/dst: 1 7
number of protected paths set: 15
needed_slices: 12
paths: {0 2}
slices required:
{2 2}
slices start:
{5 44}
tuples:
{29 20}
dist: 94
dist: 222

vlink src/dst: 7 8
number of protected paths set: 15
needed_slices: 12
paths: {0 1}
slices required:
{2 2}
slices start:
{46 14}
tuples:
{20 20}
dist: 142
dist: 175

vlink src/dst: 11 16
number of protected paths set: 15
needed_slices: 66
paths: {0 0 0 10 10 10}
slices required:
{2 2 2 2 2 2}
slices start:
{0 31 40 60 62 64}
tuples:
{12 12 12 12 12 12}
dist: 431
dist: 431
dist: 431
dist: 513
dist: 513
dist: 513

vlink src/dst: 9 18
number of protected paths set: 15
needed_slices: 38
paths: {1 3 3}
slices required:
{3 2 2}
slices start:
{66 17 19}
tuples:
{27 12 12}
dist: 375
dist: 420
dist: 420

vlink src/dst: 12 16
number of protected paths set: 3
needed_slices: 94
paths: {0 0 0 16 16 16 16}
slices required:
{2 2 2 2 2 2 2}
slices start:
{15 17 19 42 50 52 54}
tuples:
{12 12 12 6 6 6 6}
dist: 515
dist: 515
dist: 515
dist: 819
dist: 819
dist: 819
dist: 819

vlink src/dst: 7 11
number of protected paths set: 15
needed_slices: 22
paths: {0 5}
slices required:
{2 2}
slices start:
{10 56}
tuples:
{12 12}
dist: 350
dist: 424

vlink src/dst: 11 19
number of protected paths set: 15
needed_slices: 24
paths: {0 9}
slices required:
{2 2}
slices start:
{12 58}
tuples:
{12 12}
dist: 404
dist: 486

vlink src/dst: 0 12
number of protected paths set: 3
needed_slices: 84
paths: {4 4 14 14 14}
slices required:
{2 3 2 2 2}
slices start:
{23 25 21 23 25}
tuples:
{12 18 12 12 12}
dist: 490
dist: 490
dist: 704
dist: 704
dist: 704

vlink src/dst: 7 12
number of protected paths set: 3
needed_slices: 90
paths: {3 3 3 14 14 14}
slices required:
{2 2 2 2 2 2}
slices start:
{6 33 35 28 36 38}
tuples:
{12 12 12 12 12 12}
dist: 455
dist: 455
dist: 455
dist: 740
dist: 740
dist: 740

vlink src/dst: 8 11
number of protected paths set: 15
needed_slices: 10
paths: {0 2}
slices required:
{2 2}
slices start:
{6 17}
tuples:
{20 20}
dist: 271
dist: 291

vlink src/dst: 11 18
number of protected paths set: 15
needed_slices: 40
paths: {0 0 1 1}
slices required:
{2 3 2 3}
slices start:
{21 36 0 7}
tuples:
{12 27 12 18}
dist: 380
dist: 380
dist: 403
dist: 403

vlink src/dst: 6 13
number of protected paths set: 3
needed_slices: 22
paths: {2 15}
slices required:
{2 2}
slices start:
{14 58}
tuples:
{12 12}
dist: 516
dist: 738

vlink src/dst: 0 19
number of protected paths set: 3
needed_slices: 10
paths: {0 1}
slices required:
{2 2}
slices start:
{40 8}
tuples:
{29 20}
dist: 96
dist: 150

vlink src/dst: 13 17
number of protected paths set: 15
needed_slices: 32
paths: {1 12 12}
slices required:
{3 2 2}
slices start:
{25 19 31}
tuples:
{18 12 12}
dist: 407
dist: 676
dist: 676

vlink src/dst: 12 13
number of protected paths set: 3
needed_slices: 74
paths: {0 1 14 18 18}
slices required:
{3 2 2 2 2}
slices start:
{28 50 14 0 2}
tuples:
{17 12 12 6 6}
dist: 551
dist: 644
dist: 766
dist: 879
dist: 879

vlink src/dst: 1 2
number of protected paths set: 15
needed_slices: 21
paths: {1 5}
slices required:
{3 3}
slices start:
{3 7}
tuples:
{27 18}
dist: 345
dist: 423

vlink src/dst: 2 12
number of protected paths set: 3
needed_slices: 33
paths: {0 0 1 1}
slices required:
{2 3 2 4}
slices start:
{0 8 4 6}
tuples:
{20 27 12 34}
dist: 284
dist: 284
dist: 301
dist: 301
36 second(s) taken for solution
40 second(s) taken in total
cost = 1686

