
3 second(s) taken for initialization

vlink src/dst: 11 15
number of protected paths set: 3
needed_slices: 12
paths: {0 2}
slices required:
{2 2}
slices start:
{0 0}
tuples:
{29 12}
dist: 85
dist: 582

vlink src/dst: 14 15
number of protected paths set: 3
needed_slices: 136
paths: {0 0 0 4 4 4 4}
slices required:
{2 2 2 2 2 2 2}
slices start:
{2 4 6 2 4 6 8}
tuples:
{12 12 12 6 6 6 6}
dist: 789
dist: 789
dist: 789
dist: 814
dist: 814
dist: 814
dist: 814

vlink src/dst: 0 11
number of protected paths set: 15
needed_slices: 24
paths: {0 0 1 1}
slices required:
{2 2 2 2}
slices start:
{10 12 10 12}
tuples:
{20 20 20 20}
dist: 242
dist: 242
dist: 265
dist: 265

vlink src/dst: 5 15
number of protected paths set: 3
needed_slices: 42
paths: {1 16}
slices required:
{2 3}
slices start:
{14 14}
tuples:
{12 11}
dist: 679
dist: 812

vlink src/dst: 15 18
number of protected paths set: 3
needed_slices: 72
paths: {0 0 9 9 9}
slices required:
{3 3 2 2 3}
slices start:
{16 19 8 17 19}
tuples:
{27 27 12 12 17}
dist: 361
dist: 361
dist: 543
dist: 543
dist: 543

vlink src/dst: 1 15
number of protected paths set: 3
needed_slices: 30
paths: {3 14}
slices required:
{2 2}
slices start:
{22 22}
tuples:
{12 12}
dist: 604
dist: 677

vlink src/dst: 9 11
number of protected paths set: 15
needed_slices: 14
paths: {0 4}
slices required:
{2 2}
slices start:
{24 0}
tuples:
{20 12}
dist: 244
dist: 395

vlink src/dst: 0 18
number of protected paths set: 15
needed_slices: 36
paths: {0 0 2 2}
slices required:
{2 2 2 2}
slices start:
{0 26 10 12}
tuples:
{20 20 12 12}
dist: 298
dist: 298
dist: 376
dist: 376

vlink src/dst: 3 11
number of protected paths set: 15
needed_slices: 54
paths: {1 1 2 2 2}
slices required:
{2 3 2 2 2}
slices start:
{28 30 10 12 16}
tuples:
{12 27 12 12 12}
dist: 391
dist: 391
dist: 411
dist: 411
dist: 411

vlink src/dst: 1 11
number of protected paths set: 15
needed_slices: 22
paths: {0 6}
slices required:
{2 2}
slices start:
{33 18}
tuples:
{12 12}
dist: 465
dist: 549

vlink src/dst: 8 9
number of protected paths set: 15
needed_slices: 33
paths: {1 9}
slices required:
{3 3}
slices start:
{22 35}
tuples:
{27 18}
dist: 359
dist: 487

vlink src/dst: 0 8
number of protected paths set: 15
needed_slices: 20
paths: {0 0 2 2}
slices required:
{2 3 2 3}
slices start:
{24 26 25 27}
tuples:
{20 27 20 27}
dist: 215
dist: 215
dist: 255
dist: 255

vlink src/dst: 0 17
number of protected paths set: 15
needed_slices: 65
paths: {0 0 14 14}
slices required:
{2 3 2 3}
slices start:
{38 40 30 32}
tuples:
{12 18 12 17}
dist: 450
dist: 450
dist: 592
dist: 592

vlink src/dst: 1 8
number of protected paths set: 15
needed_slices: 88
paths: {0 0 9 9 11 11}
slices required:
{2 2 2 2 2 2}
slices start:
{0 35 43 45 0 2}
tuples:
{12 12 12 12 12 12}
dist: 478
dist: 478
dist: 710
dist: 710
dist: 736
dist: 736

vlink src/dst: 8 17
number of protected paths set: 15
needed_slices: 26
paths: {0 14}
slices required:
{2 2}
slices start:
{43 4}
tuples:
{12 12}
dist: 417
dist: 682

vlink src/dst: 8 16
number of protected paths set: 15
needed_slices: 38
paths: {0 0 8 8 8}
slices required:
{2 2 2 2 2}
slices start:
{37 39 8 10 12}
tuples:
{20 20 12 12 12}
dist: 167
dist: 167
dist: 526
dist: 526
dist: 526

vlink src/dst: 9 16
number of protected paths set: 15
needed_slices: 32
paths: {0 0 6 6}
slices required:
{2 2 2 3}
slices start:
{2 4 20 24}
tuples:
{20 20 12 27}
dist: 192
dist: 192
dist: 321
dist: 321

vlink src/dst: 3 18
number of protected paths set: 15
needed_slices: 16
paths: {0 0 1 1}
slices required:
{2 2 2 2}
slices start:
{6 14 0 27}
tuples:
{20 20 20 20}
dist: 115
dist: 115
dist: 193
dist: 193

vlink src/dst: 9 17
number of protected paths set: 15
needed_slices: 24
paths: {0 0 3 3}
slices required:
{2 2 2 2}
slices start:
{29 31 2 4}
tuples:
{20 20 12 12}
dist: 184
dist: 184
dist: 305
dist: 305

vlink src/dst: 7 18
number of protected paths set: 3
needed_slices: 20
paths: {2 4}
slices required:
{2 2}
slices start:
{45 37}
tuples:
{12 12}
dist: 305
dist: 318

vlink src/dst: 12 18
number of protected paths set: 15
needed_slices: 24
paths: {1 12}
slices required:
{2 2}
slices start:
{33 10}
tuples:
{12 12}
dist: 482
dist: 634

vlink src/dst: 16 17
number of protected paths set: 15
needed_slices: 37
paths: {0 0 4 4}
slices required:
{2 2 2 3}
slices start:
{33 47 17 19}
tuples:
{20 20 12 27}
dist: 250
dist: 250
dist: 328
dist: 328

vlink src/dst: 4 5
number of protected paths set: 3
needed_slices: 34
paths: {6 8}
slices required:
{2 2}
slices start:
{41 17}
tuples:
{12 12}
dist: 780
dist: 789

vlink src/dst: 4 19
number of protected paths set: 3
needed_slices: 60
paths: {0 1 1 3 3 9}
slices required:
{2 2 2 2 2 2}
slices start:
{45 47 49 6 14 17}
tuples:
{12 12 12 12 12 12}
dist: 462
dist: 547
dist: 547
dist: 560
dist: 560
dist: 645

vlink src/dst: 9 10
number of protected paths set: 3
needed_slices: 34
paths: {1 4}
slices required:
{2 2}
slices start:
{33 25}
tuples:
{12 12}
dist: 684
dist: 703

vlink src/dst: 1 3
number of protected paths set: 15
needed_slices: 8
paths: {0 1}
slices required:
{2 2}
slices start:
{6 0}
tuples:
{20 20}
dist: 136
dist: 216

vlink src/dst: 1 19
number of protected paths set: 15
needed_slices: 41
paths: {0 0 3 3}
slices required:
{2 2 2 3}
slices start:
{6 8 8 10}
tuples:
{20 20 12 27}
dist: 292
dist: 292
dist: 378
dist: 378

vlink src/dst: 1 2
number of protected paths set: 15
needed_slices: 88
paths: {7 7 11 11 16 16}
slices required:
{2 2 2 2 2 2}
slices start:
{22 24 51 53 12 47}
tuples:
{12 12 12 12 12 12}
dist: 652
dist: 652
dist: 680
dist: 680
dist: 769
dist: 769

vlink src/dst: 6 8
number of protected paths set: 15
needed_slices: 10
paths: {0 1}
slices required:
{2 2}
slices start:
{6 30}
tuples:
{20 12}
dist: 222
dist: 336

vlink src/dst: 1 5
number of protected paths set: 15
needed_slices: 18
paths: {2 3}
slices required:
{2 2}
slices start:
{16 10}
tuples:
{12 12}
dist: 377
dist: 397

vlink src/dst: 2 16
number of protected paths set: 15
needed_slices: 42
paths: {0 0 1 1}
slices required:
{3 3 3 3}
slices start:
{27 35 55 58}
tuples:
{27 27 27 27}
dist: 331
dist: 331
dist: 365
dist: 365

vlink src/dst: 6 16
number of protected paths set: 15
needed_slices: 32
paths: {0 0 3 3}
slices required:
{2 2 2 3}
slices start:
{38 40 61 63}
tuples:
{20 20 12 27}
dist: 299
dist: 299
dist: 393
dist: 393

vlink src/dst: 3 14
number of protected paths set: 15
needed_slices: 64
paths: {1 1 2 6 6}
slices required:
{2 4 2 2 2}
slices start:
{0 10 26 13 49}
tuples:
{12 34 12 12 12}
dist: 387
dist: 387
dist: 409
dist: 460
dist: 460

vlink src/dst: 3 13
number of protected paths set: 3
needed_slices: 84
paths: {0 0 13 17 17}
slices required:
{2 5 2 2 2}
slices start:
{18 20 22 45 49}
tuples:
{12 32 12 12 12}
dist: 657
dist: 657
dist: 752
dist: 785
dist: 785

vlink src/dst: 5 19
number of protected paths set: 15
needed_slices: 27
paths: {0 0 1 1}
slices required:
{2 2 2 3}
slices start:
{10 12 0 8}
tuples:
{20 20 12 27}
dist: 241
dist: 241
dist: 303
dist: 303

vlink src/dst: 10 17
number of protected paths set: 3
needed_slices: 60
paths: {2 2 6 6}
slices required:
{2 2 2 2}
slices start:
{28 35 20 28}
tuples:
{12 12 12 12}
dist: 582
dist: 582
dist: 609
dist: 609

vlink src/dst: 6 12
number of protected paths set: 15
needed_slices: 6
paths: {0 1}
slices required:
{2 2}
slices start:
{0 6}
tuples:
{29 20}
dist: 100
dist: 291

vlink src/dst: 5 13
number of protected paths set: 3
needed_slices: 36
paths: {0 9 9}
slices required:
{3 2 2}
slices start:
{2 0 19}
tuples:
{18 12 12}
dist: 485
dist: 630
dist: 630

vlink src/dst: 13 14
number of protected paths set: 3
needed_slices: 20
paths: {1 3}
slices required:
{2 2}
slices start:
{0 24}
tuples:
{12 12}
dist: 527
dist: 537

vlink src/dst: 10 13
number of protected paths set: 3
needed_slices: 20
paths: {0 12}
slices required:
{2 2}
slices start:
{5 26}
tuples:
{12 12}
dist: 328
dist: 738
35 second(s) taken for solution
38 second(s) taken in total
cost = 1549

