
4 second(s) taken for initialization

vlink src/dst: 1 9
number of protected paths set: 3
needed_slices: 24
paths: {1 9}
slices required:
{2 2}
slices start:
{0 0}
tuples:
{12 12}
dist: 527
dist: 691

vlink src/dst: 9 14
number of protected paths set: 3
needed_slices: 16
paths: {2 3}
slices required:
{2 2}
slices start:
{2 2}
tuples:
{12 12}
dist: 387
dist: 425

vlink src/dst: 8 16
number of protected paths set: 3
needed_slices: 28
paths: {0 5 5}
slices required:
{2 2 2}
slices start:
{0 2 4}
tuples:
{29 12 12}
dist: 93
dist: 645
dist: 645

vlink src/dst: 7 8
number of protected paths set: 3
needed_slices: 56
paths: {0 0 19 19 19}
slices required:
{2 2 2 2 2}
slices start:
{6 8 6 8 10}
tuples:
{20 20 12 12 12}
dist: 283
dist: 283
dist: 724
dist: 724
dist: 724

vlink src/dst: 16 18
number of protected paths set: 15
needed_slices: 12
paths: {0 3}
slices required:
{2 2}
slices start:
{10 4}
tuples:
{20 12}
dist: 138
dist: 359

vlink src/dst: 2 5
number of protected paths set: 15
needed_slices: 30
paths: {0 3}
slices required:
{2 2}
slices start:
{2 12}
tuples:
{12 12}
dist: 589
dist: 609

vlink src/dst: 16 17
number of protected paths set: 3
needed_slices: 34
paths: {1 16}
slices required:
{2 2}
slices start:
{14 4}
tuples:
{12 12}
dist: 642
dist: 749

vlink src/dst: 6 16
number of protected paths set: 15
needed_slices: 12
paths: {0 1}
slices required:
{2 2}
slices start:
{16 10}
tuples:
{20 20}
dist: 200
dist: 236

vlink src/dst: 3 5
number of protected paths set: 15
needed_slices: 52
paths: {1 1 13 13}
slices required:
{2 2 2 2}
slices start:
{0 2 12 14}
tuples:
{12 12 12 12}
dist: 474
dist: 474
dist: 610
dist: 610

vlink src/dst: 6 14
number of protected paths set: 3
needed_slices: 16
paths: {0 2}
slices required:
{2 2}
slices start:
{10 4}
tuples:
{20 12}
dist: 173
dist: 310

vlink src/dst: 6 15
number of protected paths set: 15
needed_slices: 12
paths: {0 0 1 1}
slices required:
{2 2 2 2}
slices start:
{0 2 6 8}
tuples:
{29 29 20 20}
dist: 91
dist: 91
dist: 201
dist: 201

vlink src/dst: 8 15
number of protected paths set: 3
needed_slices: 28
paths: {0 0 3 3}
slices required:
{2 2 2 3}
slices start:
{12 14 0 12}
tuples:
{20 20 12 18}
dist: 151
dist: 151
dist: 435
dist: 435

vlink src/dst: 2 8
number of protected paths set: 3
needed_slices: 34
paths: {0 0 1 1 1}
slices required:
{2 2 2 2 2}
slices start:
{2 4 16 18 20}
tuples:
{29 29 12 12 12}
dist: 51
dist: 51
dist: 536
dist: 536
dist: 536

vlink src/dst: 9 12
number of protected paths set: 3
needed_slices: 36
paths: {2 3}
slices required:
{3 3}
slices start:
{22 12}
tuples:
{17 17}
dist: 562
dist: 589

vlink src/dst: 8 12
number of protected paths set: 3
needed_slices: 68
paths: {0 0 1 16 17 17}
slices required:
{2 2 2 2 2 2}
slices start:
{25 27 29 22 25 27}
tuples:
{12 12 12 12 12 12}
dist: 449
dist: 449
dist: 486
dist: 693
dist: 701
dist: 701

vlink src/dst: 0 18
number of protected paths set: 15
needed_slices: 54
paths: {0 0 0 3 3 3}
slices required:
{2 2 2 2 2 2}
slices start:
{2 4 12 16 18 20}
tuples:
{12 12 12 12 12 12}
dist: 481
dist: 481
dist: 481
dist: 501
dist: 501
dist: 501

vlink src/dst: 10 18
number of protected paths set: 3
needed_slices: 72
paths: {2 2 13 13}
slices required:
{2 2 2 2}
slices start:
{0 6 22 24}
tuples:
{12 12 12 12}
dist: 698
dist: 698
dist: 781
dist: 781

vlink src/dst: 6 17
number of protected paths set: 3
needed_slices: 84
paths: {1 1 1 16 16 16}
slices required:
{2 2 2 2 2 2}
slices start:
{8 10 16 26 28 30}
tuples:
{12 12 12 12 12 12}
dist: 504
dist: 504
dist: 504
dist: 658
dist: 658
dist: 658

vlink src/dst: 7 14
number of protected paths set: 3
needed_slices: 12
paths: {0 1}
slices required:
{2 2}
slices start:
{6 6}
tuples:
{29 20}
dist: 59
dist: 258

vlink src/dst: 7 17
number of protected paths set: 3
needed_slices: 75
paths: {0 1 1 16 16 16}
slices required:
{2 2 2 2 2 3}
slices start:
{4 18 20 32 34 36}
tuples:
{12 12 12 12 12 17}
dist: 441
dist: 452
dist: 452
dist: 563
dist: 563
dist: 563

vlink src/dst: 5 19
number of protected paths set: 15
needed_slices: 24
paths: {0 6}
slices required:
{2 2}
slices start:
{16 26}
tuples:
{12 12}
dist: 580
dist: 653

vlink src/dst: 1 13
number of protected paths set: 15
needed_slices: 39
paths: {2 8}
slices required:
{3 3}
slices start:
{6 28}
tuples:
{17 17}
dist: 547
dist: 599

vlink src/dst: 11 13
number of protected paths set: 15
needed_slices: 24
paths: {2 11}
slices required:
{2 2}
slices start:
{9 6}
tuples:
{12 12}
dist: 415
dist: 524

vlink src/dst: 1 17
number of protected paths set: 3
needed_slices: 18
paths: {0 4}
slices required:
{2 2}
slices start:
{31 2}
tuples:
{12 12}
dist: 460
dist: 542

vlink src/dst: 10 13
number of protected paths set: 3
needed_slices: 50
paths: {0 7 7}
slices required:
{3 2 2}
slices start:
{39 18 20}
tuples:
{17 12 12}
dist: 503
dist: 633
dist: 633

vlink src/dst: 1 4
number of protected paths set: 15
needed_slices: 8
paths: {0 1}
slices required:
{2 2}
slices start:
{6 0}
tuples:
{20 12}
dist: 259
dist: 323

vlink src/dst: 4 12
number of protected paths set: 15
needed_slices: 40
paths: {0 0 3 3 7 7}
slices required:
{2 2 2 2 2 2}
slices start:
{9 14 29 31 2 4}
tuples:
{12 12 12 12 12 12}
dist: 360
dist: 360
dist: 489
dist: 489
dist: 531
dist: 531

vlink src/dst: 1 19
number of protected paths set: 15
needed_slices: 33
paths: {0 0 3 3 3}
slices required:
{2 3 2 2 2}
slices start:
{18 33 6 8 10}
tuples:
{12 27 12 12 12}
dist: 325
dist: 325
dist: 420
dist: 420
dist: 420

vlink src/dst: 1 10
number of protected paths set: 3
needed_slices: 18
paths: {0 7}
slices required:
{2 2}
slices start:
{4 4}
tuples:
{12 12}
dist: 432
dist: 642

vlink src/dst: 0 10
number of protected paths set: 3
needed_slices: 60
paths: {0 0 0 15 15 15}
slices required:
{2 2 2 2 2 2}
slices start:
{8 10 12 11 13 26}
tuples:
{12 12 12 12 12 12}
dist: 463
dist: 463
dist: 463
dist: 729
dist: 729
dist: 729
15 second(s) taken for solution
19 second(s) taken in total
cost = 1069

