
10 second(s) taken for initialization

vlink src/dst: 0 8
number of protected paths set: 3
needed_slices: 60
paths: {0 0 0 2 2 2}
slices required:
{2 2 2 2 2 2}
slices start:
{0 2 4 0 2 4}
tuples:
{12 12 12 12 12 12}
dist: 535
dist: 535
dist: 535
dist: 551
dist: 551
dist: 551

vlink src/dst: 7 8
number of protected paths set: 3
needed_slices: 22
paths: {0 0 1 1}
slices required:
{2 2 2 4}
slices start:
{6 8 6 8}
tuples:
{29 29 12 34}
dist: 75
dist: 75
dist: 375
dist: 375

vlink src/dst: 8 15
number of protected paths set: 3
needed_slices: 45
paths: {0 0 4 4}
slices required:
{2 3 2 3}
slices start:
{12 14 12 14}
tuples:
{12 18 12 17}
dist: 460
dist: 460
dist: 542
dist: 542

vlink src/dst: 8 11
number of protected paths set: 3
needed_slices: 16
paths: {1 2}
slices required:
{2 2}
slices start:
{17 17}
tuples:
{12 12}
dist: 394
dist: 497

vlink src/dst: 10 13
number of protected paths set: 15
needed_slices: 56
paths: {0 14 14}
slices required:
{3 2 2}
slices start:
{0 6 8}
tuples:
{17 6 6}
dist: 570
dist: 842
dist: 842

vlink src/dst: 2 8
number of protected paths set: 3
needed_slices: 28
paths: {0 0 1 1}
slices required:
{2 2 2 3}
slices start:
{19 21 10 19}
tuples:
{20 20 12 27}
dist: 120
dist: 120
dist: 388
dist: 388

vlink src/dst: 2 9
number of protected paths set: 15
needed_slices: 24
paths: {1 4}
slices required:
{2 2}
slices start:
{10 23}
tuples:
{12 12}
dist: 459
dist: 502

vlink src/dst: 8 17
number of protected paths set: 3
needed_slices: 84
paths: {2 2 2 7 7 7}
slices required:
{2 2 2 2 2 2}
slices start:
{25 27 29 25 27 29}
tuples:
{12 12 12 12 12 12}
dist: 690
dist: 690
dist: 690
dist: 728
dist: 728
dist: 728

vlink src/dst: 7 12
number of protected paths set: 15
needed_slices: 24
paths: {0 4}
slices required:
{2 2}
slices start:
{19 0}
tuples:
{12 12}
dist: 487
dist: 554

vlink src/dst: 1 18
number of protected paths set: 3
needed_slices: 102
paths: {1 2 2 5 5 5 5}
slices required:
{2 2 2 2 2 2 2}
slices start:
{2 4 10 22 24 26 28}
tuples:
{12 12 12 12 12 12 12}
dist: 727
dist: 745
dist: 745
dist: 768
dist: 768
dist: 768
dist: 768

vlink src/dst: 7 15
number of protected paths set: 15
needed_slices: 18
paths: {0 8}
slices required:
{2 2}
slices start:
{30 31}
tuples:
{12 12}
dist: 385
dist: 585

vlink src/dst: 8 16
number of protected paths set: 3
needed_slices: 52
paths: {0 0 12 12 12}
slices required:
{2 2 2 2 2}
slices start:
{33 35 33 35 37}
tuples:
{20 20 12 12 12}
dist: 299
dist: 299
dist: 603
dist: 603
dist: 603

vlink src/dst: 10 12
number of protected paths set: 15
needed_slices: 66
paths: {2 2 2 4 4 4}
slices required:
{2 2 2 2 2 2}
slices start:
{19 21 23 17 21 23}
tuples:
{12 12 12 12 12 12}
dist: 554
dist: 554
dist: 554
dist: 592
dist: 592
dist: 592

vlink src/dst: 3 7
number of protected paths set: 15
needed_slices: 78
paths: {0 0 8 8 8}
slices required:
{2 4 2 2 3}
slices start:
{2 4 39 41 43}
tuples:
{12 34 12 12 18}
dist: 372
dist: 372
dist: 462
dist: 462
dist: 462

vlink src/dst: 4 15
number of protected paths set: 15
needed_slices: 23
paths: {0 0 1 1}
slices required:
{2 2 2 3}
slices start:
{0 2 12 14}
tuples:
{20 20 12 27}
dist: 214
dist: 214
dist: 308
dist: 308

vlink src/dst: 5 11
number of protected paths set: 15
needed_slices: 33
paths: {0 0 3 3}
slices required:
{2 2 2 3}
slices start:
{4 6 6 46}
tuples:
{20 20 12 18}
dist: 257
dist: 257
dist: 453
dist: 453

vlink src/dst: 0 5
number of protected paths set: 15
needed_slices: 18
paths: {0 4}
slices required:
{2 2}
slices start:
{8 25}
tuples:
{12 12}
dist: 445
dist: 539

vlink src/dst: 1 3
number of protected paths set: 15
needed_slices: 91
paths: {4 4 4 12 12 12 12}
slices required:
{2 2 3 2 2 2 2}
slices start:
{10 32 34 17 27 29 31}
tuples:
{12 12 17 12 12 12 12}
dist: 536
dist: 536
dist: 536
dist: 680
dist: 680
dist: 680
dist: 680

vlink src/dst: 0 1
number of protected paths set: 15
needed_slices: 6
paths: {0 1}
slices required:
{2 2}
slices start:
{0 0}
tuples:
{20 20}
dist: 167
dist: 250

vlink src/dst: 0 13
number of protected paths set: 15
needed_slices: 20
paths: {0 5}
slices required:
{2 2}
slices start:
{33 12}
tuples:
{12 12}
dist: 449
dist: 547

vlink src/dst: 11 12
number of protected paths set: 15
needed_slices: 28
paths: {0 0 1 1}
slices required:
{2 3 2 4}
slices start:
{4 37 37 39}
tuples:
{20 27 12 34}
dist: 203
dist: 203
dist: 319
dist: 319

vlink src/dst: 4 17
number of protected paths set: 15
needed_slices: 33
paths: {0 0 4 4}
slices required:
{2 2 2 3}
slices start:
{6 8 14 16}
tuples:
{20 20 12 18}
dist: 276
dist: 276
dist: 489
dist: 489

vlink src/dst: 5 6
number of protected paths set: 15
needed_slices: 54
paths: {1 1 1 7 7 7}
slices required:
{2 2 2 2 2 2}
slices start:
{3 10 19 43 45 47}
tuples:
{12 12 12 12 12 12}
dist: 441
dist: 441
dist: 441
dist: 508
dist: 508
dist: 508

vlink src/dst: 0 14
number of protected paths set: 15
needed_slices: 16
paths: {0 4}
slices required:
{2 2}
slices start:
{2 27}
tuples:
{12 12}
dist: 463
dist: 541

vlink src/dst: 15 19
number of protected paths set: 3
needed_slices: 20
paths: {3 5}
slices required:
{2 2}
slices start:
{4 35}
tuples:
{12 12}
dist: 508
dist: 539

vlink src/dst: 5 18
number of protected paths set: 3
needed_slices: 96
paths: {0 0 0 16 16 16}
slices required:
{2 2 2 2 2 2}
slices start:
{8 12 14 8 12 14}
tuples:
{12 12 12 12 12 12}
dist: 431
dist: 431
dist: 431
dist: 640
dist: 640
dist: 640

vlink src/dst: 5 9
number of protected paths set: 15
needed_slices: 8
paths: {0 2}
slices required:
{2 2}
slices start:
{3 5}
tuples:
{29 20}
dist: 77
dist: 246

vlink src/dst: 3 19
number of protected paths set: 3
needed_slices: 24
paths: {1 2}
slices required:
{2 2}
slices start:
{0 21}
tuples:
{12 12}
dist: 514
dist: 525

vlink src/dst: 9 19
number of protected paths set: 3
needed_slices: 24
paths: {1 4}
slices required:
{2 2}
slices start:
{23 0}
tuples:
{12 12}
dist: 515
dist: 569

vlink src/dst: 9 16
number of protected paths set: 15
needed_slices: 40
paths: {0 0 6 6}
slices required:
{2 3 2 4}
slices start:
{0 2 19 49}
tuples:
{20 28 12 34}
dist: 160
dist: 160
dist: 351
dist: 351
25 second(s) taken for solution
35 second(s) taken in total
cost = 1209

