
12 second(s) taken for initialization

vlink src/dst: 5 6
number of protected paths set: 3
needed_slices: 24
paths: {0 0 1 1}
slices required:
{2 2 2 2}
slices start:
{0 2 0 2}
tuples:
{20 20 12 12}
dist: 148
dist: 148
dist: 439
dist: 439

vlink src/dst: 5 14
number of protected paths set: 3
needed_slices: 34
paths: {0 0 1 1 1}
slices required:
{2 2 2 2 2}
slices start:
{4 6 4 6 8}
tuples:
{29 29 12 12 12}
dist: 64
dist: 64
dist: 523
dist: 523
dist: 523

vlink src/dst: 6 13
number of protected paths set: 3
needed_slices: 36
paths: {0 0 3 3 5}
slices required:
{2 3 2 2 2}
slices start:
{10 12 10 12 14}
tuples:
{20 28 12 12 12}
dist: 151
dist: 151
dist: 435
dist: 435
dist: 503

vlink src/dst: 6 12
number of protected paths set: 3
needed_slices: 54
paths: {8 16}
slices required:
{3 3}
slices start:
{16 16}
tuples:
{11 10}
dist: 897
dist: 1035

vlink src/dst: 4 5
number of protected paths set: 3
needed_slices: 22
paths: {0 4}
slices required:
{2 2}
slices start:
{19 19}
tuples:
{12 12}
dist: 528
dist: 577

vlink src/dst: 4 8
number of protected paths set: 15
needed_slices: 14
paths: {0 1}
slices required:
{2 2}
slices start:
{0 14}
tuples:
{12 12}
dist: 378
dist: 415

vlink src/dst: 8 10
number of protected paths set: 15
needed_slices: 52
paths: {4 4 7 7}
slices required:
{2 2 2 2}
slices start:
{2 4 16 21}
tuples:
{12 12 12 12}
dist: 552
dist: 552
dist: 562
dist: 562

vlink src/dst: 0 8
number of protected paths set: 15
needed_slices: 54
paths: {0 0 0 10 10 10}
slices required:
{2 2 2 2 2 2}
slices start:
{23 25 27 6 8 10}
tuples:
{12 12 12 12 12 12}
dist: 420
dist: 420
dist: 420
dist: 536
dist: 536
dist: 536

vlink src/dst: 9 13
number of protected paths set: 15
needed_slices: 48
paths: {1 1 6 6 6}
slices required:
{2 3 2 2 3}
slices start:
{0 6 21 23 25}
tuples:
{20 27 12 12 18}
dist: 242
dist: 242
dist: 419
dist: 419
dist: 419

vlink src/dst: 3 7
number of protected paths set: 15
needed_slices: 96
paths: {5 5 5 11 11 11}
slices required:
{2 2 2 2 2 2}
slices start:
{2 4 9 9 11 21}
tuples:
{12 12 12 12 12 12}
dist: 670
dist: 670
dist: 670
dist: 729
dist: 729
dist: 729

vlink src/dst: 2 13
number of protected paths set: 15
needed_slices: 10
paths: {0 1}
slices required:
{2 2}
slices start:
{18 0}
tuples:
{20 20}
dist: 229
dist: 292

vlink src/dst: 11 16
number of protected paths set: 15
needed_slices: 40
paths: {0 0 0 3 3 3}
slices required:
{2 2 2 2 2 3}
slices start:
{2 4 12 0 6 29}
tuples:
{20 20 20 12 12 18}
dist: 213
dist: 213
dist: 213
dist: 405
dist: 405
dist: 405

vlink src/dst: 0 2
number of protected paths set: 15
needed_slices: 22
paths: {0 7}
slices required:
{2 2}
slices start:
{32 14}
tuples:
{12 12}
dist: 516
dist: 608

vlink src/dst: 1 13
number of protected paths set: 15
needed_slices: 22
paths: {0 3}
slices required:
{2 2}
slices start:
{23 2}
tuples:
{12 12}
dist: 489
dist: 520

vlink src/dst: 2 16
number of protected paths set: 15
needed_slices: 18
paths: {1 9}
slices required:
{2 2}
slices start:
{21 6}
tuples:
{12 12}
dist: 457
dist: 606

vlink src/dst: 16 19
number of protected paths set: 15
needed_slices: 18
paths: {1 5}
slices required:
{2 2}
slices start:
{14 0}
tuples:
{12 12}
dist: 304
dist: 389

vlink src/dst: 12 19
number of protected paths set: 3
needed_slices: 102
paths: {1 1 1 10 10 10}
slices required:
{2 2 2 2 2 2}
slices start:
{19 28 30 6 13 19}
tuples:
{12 12 12 12 12 12}
dist: 681
dist: 681
dist: 681
dist: 769
dist: 769
dist: 769

vlink src/dst: 1 2
number of protected paths set: 15
needed_slices: 56
paths: {0 0 6 6}
slices required:
{2 2 2 2}
slices start:
{11 19 25 27}
tuples:
{12 12 12 12}
dist: 644
dist: 644
dist: 714
dist: 714

vlink src/dst: 11 14
number of protected paths set: 15
needed_slices: 23
paths: {0 0 2 2}
slices required:
{2 2 2 3}
slices start:
{16 23 21 23}
tuples:
{20 20 12 27}
dist: 234
dist: 234
dist: 358
dist: 358

vlink src/dst: 0 10
number of protected paths set: 15
needed_slices: 20
paths: {0 0 1 1}
slices required:
{2 3 2 3}
slices start:
{2 4 0 2}
tuples:
{20 28 20 27}
dist: 136
dist: 136
dist: 216
dist: 216

vlink src/dst: 9 15
number of protected paths set: 15
needed_slices: 54
paths: {1 1 2 2}
slices required:
{2 4 2 4}
slices start:
{8 32 7 9}
tuples:
{12 34 12 34}
dist: 302
dist: 302
dist: 309
dist: 309

vlink src/dst: 11 17
number of protected paths set: 15
needed_slices: 72
paths: {0 0 0 15 15 15}
slices required:
{2 2 2 2 2 2}
slices start:
{32 34 36 34 36 38}
tuples:
{12 12 12 12 12 12}
dist: 552
dist: 552
dist: 552
dist: 752
dist: 752
dist: 752

vlink src/dst: 2 3
number of protected paths set: 15
needed_slices: 42
paths: {7 9 16}
slices required:
{2 2 2}
slices start:
{38 26 0}
tuples:
{12 12 6}
dist: 723
dist: 750
dist: 1068

vlink src/dst: 16 18
number of protected paths set: 15
needed_slices: 14
paths: {0 8}
slices required:
{2 2}
slices start:
{0 40}
tuples:
{20 12}
dist: 167
dist: 526

vlink src/dst: 4 12
number of protected paths set: 3
needed_slices: 28
paths: {0 10}
slices required:
{2 2}
slices start:
{13 4}
tuples:
{12 12}
dist: 449
dist: 623

vlink src/dst: 1 17
number of protected paths set: 15
needed_slices: 16
paths: {0 0 1 1}
slices required:
{2 2 2 2}
slices start:
{0 2 0 8}
tuples:
{20 20 20 20}
dist: 120
dist: 120
dist: 293
dist: 293

vlink src/dst: 1 10
number of protected paths set: 15
needed_slices: 50
paths: {0 0 13 13}
slices required:
{2 3 2 3}
slices start:
{10 15 25 40}
tuples:
{12 27 12 17}
dist: 345
dist: 345
dist: 536
dist: 536

vlink src/dst: 1 12
number of protected paths set: 3
needed_slices: 44
paths: {0 0 2 2 2}
slices required:
{2 3 2 2 2}
slices start:
{2 23 6 21 43}
tuples:
{12 27 12 12 12}
dist: 342
dist: 342
dist: 424
dist: 424
dist: 424

vlink src/dst: 12 17
number of protected paths set: 3
needed_slices: 18
paths: {0 3}
slices required:
{2 2}
slices start:
{8 38}
tuples:
{12 12}
dist: 336
dist: 533

vlink src/dst: 0 17
number of protected paths set: 15
needed_slices: 54
paths: {1 1 2 2 2}
slices required:
{2 3 2 2 2}
slices start:
{21 29 13 15 17}
tuples:
{12 27 12 12 12}
dist: 391
dist: 391
dist: 411
dist: 411
dist: 411
30 second(s) taken for solution
42 second(s) taken in total
cost = 1157

