
10 second(s) taken for initialization

vlink src/dst: 6 13
number of protected paths set: 15
needed_slices: 16
paths: {0 3}
slices required:
{2 3}
slices start:
{0 0}
tuples:
{20 27}
dist: 184
dist: 305

vlink src/dst: 10 11
number of protected paths set: 3
needed_slices: 96
paths: {0 2 2 5 5 17}
slices required:
{2 2 2 2 2 2}
slices start:
{2 4 6 0 4 2}
tuples:
{12 12 12 12 12 12}
dist: 463
dist: 517
dist: 517
dist: 555
dist: 555
dist: 609

vlink src/dst: 11 13
number of protected paths set: 3
needed_slices: 42
paths: {0 0 8 8}
slices required:
{2 2 2 3}
slices start:
{8 10 6 8}
tuples:
{20 20 12 27}
dist: 219
dist: 219
dist: 393
dist: 393

vlink src/dst: 6 8
number of protected paths set: 15
needed_slices: 44
paths: {0 12 17}
slices required:
{2 2 2}
slices start:
{12 12 11}
tuples:
{12 12 6}
dist: 473
dist: 625
dist: 970

vlink src/dst: 1 9
number of protected paths set: 15
needed_slices: 26
paths: {1 2}
slices required:
{2 2}
slices start:
{6 14}
tuples:
{12 12}
dist: 521
dist: 522

vlink src/dst: 2 13
number of protected paths set: 15
needed_slices: 12
paths: {0 1}
slices required:
{2 2}
slices start:
{3 16}
tuples:
{20 20}
dist: 240
dist: 248

vlink src/dst: 1 12
number of protected paths set: 15
needed_slices: 32
paths: {1 1 2 2}
slices required:
{2 2 2 2}
slices start:
{18 20 8 10}
tuples:
{20 20 20 20}
dist: 264
dist: 264
dist: 279
dist: 279

vlink src/dst: 4 12
number of protected paths set: 15
needed_slices: 11
paths: {0 1 2}
slices required:
{3 2 2}
slices start:
{0 6 0}
tuples:
{36 20 20}
dist: 72
dist: 137
dist: 189

vlink src/dst: 10 18
number of protected paths set: 15
needed_slices: 34
paths: {0 13}
slices required:
{2 2}
slices start:
{8 12}
tuples:
{12 12}
dist: 709
dist: 793

vlink src/dst: 12 19
number of protected paths set: 15
needed_slices: 8
paths: {0 1}
slices required:
{2 2}
slices start:
{6 2}
tuples:
{20 20}
dist: 135
dist: 248

vlink src/dst: 1 5
number of protected paths set: 15
needed_slices: 27
paths: {0 12}
slices required:
{2 3}
slices start:
{14 22}
tuples:
{20 17}
dist: 287
dist: 562

vlink src/dst: 5 13
number of protected paths set: 15
needed_slices: 58
paths: {1 1 2 2 2}
slices required:
{2 4 2 2 3}
slices start:
{10 16 16 18 25}
tuples:
{12 34 12 12 18}
dist: 390
dist: 390
dist: 412
dist: 412
dist: 412

vlink src/dst: 10 12
number of protected paths set: 15
needed_slices: 60
paths: {3 3 3 4 4 4}
slices required:
{2 2 2 2 2 2}
slices start:
{14 20 28 8 20 22}
tuples:
{12 12 12 12 12 12}
dist: 415
dist: 415
dist: 415
dist: 455
dist: 455
dist: 455

vlink src/dst: 8 13
number of protected paths set: 15
needed_slices: 62
paths: {1 1 10 10 13}
slices required:
{2 2 2 2 2}
slices start:
{25 30 30 32 22}
tuples:
{12 12 12 12 12}
dist: 415
dist: 415
dist: 681
dist: 681
dist: 727

vlink src/dst: 7 19
number of protected paths set: 15
needed_slices: 98
paths: {0 1 1 12 12 13}
slices required:
{2 2 2 2 2 2}
slices start:
{10 4 32 28 34 36}
tuples:
{12 12 12 12 12 12}
dist: 473
dist: 495
dist: 495
dist: 673
dist: 673
dist: 709

vlink src/dst: 5 14
number of protected paths set: 15
needed_slices: 18
paths: {0 2}
slices required:
{2 2}
slices start:
{6 36}
tuples:
{12 12}
dist: 342
dist: 406

vlink src/dst: 6 18
number of protected paths set: 15
needed_slices: 33
paths: {2 4}
slices required:
{3 3}
slices start:
{25 3}
tuples:
{27 18}
dist: 399
dist: 408

vlink src/dst: 2 16
number of protected paths set: 3
needed_slices: 40
paths: {0 0 5 5}
slices required:
{2 3 2 3}
slices start:
{0 11 28 30}
tuples:
{12 27 12 18}
dist: 325
dist: 325
dist: 483
dist: 483

vlink src/dst: 9 14
number of protected paths set: 15
needed_slices: 37
paths: {0 0 4 4}
slices required:
{2 2 2 3}
slices start:
{8 20 0 14}
tuples:
{20 20 12 18}
dist: 200
dist: 200
dist: 479
dist: 479

vlink src/dst: 8 12
number of protected paths set: 15
needed_slices: 28
paths: {0 3 3}
slices required:
{3 2 2}
slices start:
{16 4 6}
tuples:
{27 12 12}
dist: 295
dist: 486
dist: 486

vlink src/dst: 4 18
number of protected paths set: 15
needed_slices: 33
paths: {0 5}
slices required:
{3 3}
slices start:
{12 30}
tuples:
{27 17}
dist: 370
dist: 501

vlink src/dst: 1 16
number of protected paths set: 3
needed_slices: 40
paths: {0 0 1 1}
slices required:
{2 3 2 4}
slices start:
{2 14 16 18}
tuples:
{20 27 12 34}
dist: 297
dist: 297
dist: 310
dist: 310

vlink src/dst: 12 18
number of protected paths set: 15
needed_slices: 20
paths: {0 2}
slices required:
{2 2}
slices start:
{8 15}
tuples:
{12 12}
dist: 367
dist: 391

vlink src/dst: 16 19
number of protected paths set: 3
needed_slices: 31
paths: {0 0 1 1}
slices required:
{2 2 2 3}
slices start:
{0 2 22 33}
tuples:
{20 20 12 27}
dist: 275
dist: 275
dist: 330
dist: 330

vlink src/dst: 3 15
number of protected paths set: 15
needed_slices: 24
paths: {2 12}
slices required:
{2 2}
slices start:
{0 14}
tuples:
{12 12}
dist: 505
dist: 580

vlink src/dst: 5 9
number of protected paths set: 15
needed_slices: 21
paths: {0 6}
slices required:
{3 3}
slices start:
{0 8}
tuples:
{27 17}
dist: 327
dist: 543

vlink src/dst: 5 17
number of protected paths set: 15
needed_slices: 20
paths: {0 0 1 1}
slices required:
{2 2 2 2}
slices start:
{0 2 0 2}
tuples:
{20 20 20 20}
dist: 241
dist: 241
dist: 281
dist: 281

vlink src/dst: 7 8
number of protected paths set: 15
needed_slices: 28
paths: {0 9 9}
slices required:
{2 2 2}
slices start:
{0 20 38}
tuples:
{20 12 12}
dist: 155
dist: 754
dist: 754

vlink src/dst: 3 18
number of protected paths set: 15
needed_slices: 15
paths: {0 1}
slices required:
{2 3}
slices start:
{0 2}
tuples:
{20 27}
dist: 263
dist: 322

vlink src/dst: 0 3
number of protected paths set: 15
needed_slices: 12
paths: {0 0 1 1}
slices required:
{2 2 2 2}
slices start:
{5 7 0 2}
tuples:
{29 29 20 20}
dist: 86
dist: 86
dist: 221
dist: 221
16 second(s) taken for solution
26 second(s) taken in total
cost = 1026

