
14 second(s) taken for initialization

vlink src/dst: 8 18
number of protected paths set: 3
needed_slices: 8
paths: {0 1}
slices required:
{2 2}
slices start:
{0 0}
tuples:
{20 12}
dist: 109
dist: 304

vlink src/dst: 8 13
number of protected paths set: 3
needed_slices: 8
paths: {0 1}
slices required:
{2 2}
slices start:
{2 2}
tuples:
{20 20}
dist: 123
dist: 290

vlink src/dst: 18 19
number of protected paths set: 15
needed_slices: 28
paths: {1 8}
slices required:
{2 2}
slices start:
{4 4}
tuples:
{12 12}
dist: 538
dist: 599

vlink src/dst: 8 12
number of protected paths set: 3
needed_slices: 8
paths: {0 1}
slices required:
{2 2}
slices start:
{6 6}
tuples:
{20 20}
dist: 181
dist: 231

vlink src/dst: 1 8
number of protected paths set: 3
needed_slices: 49
paths: {0 0 5 5 5}
slices required:
{2 3 2 2 2}
slices start:
{8 10 8 10 12}
tuples:
{12 27 12 12 12}
dist: 331
dist: 331
dist: 452
dist: 452
dist: 452

vlink src/dst: 10 13
number of protected paths set: 3
needed_slices: 22
paths: {0 0 1 1 1}
slices required:
{2 2 2 2 2}
slices start:
{0 2 0 2 6}
tuples:
{29 29 20 20 20}
dist: 53
dist: 53
dist: 196
dist: 196
dist: 196

vlink src/dst: 6 13
number of protected paths set: 15
needed_slices: 8
paths: {0 1}
slices required:
{2 2}
slices start:
{4 8}
tuples:
{29 20}
dist: 98
dist: 150

vlink src/dst: 12 13
number of protected paths set: 15
needed_slices: 19
paths: {0 0 1 1}
slices required:
{2 2 2 3}
slices start:
{8 10 14 16}
tuples:
{29 29 12 27}
dist: 58
dist: 58
dist: 355
dist: 355

vlink src/dst: 9 12
number of protected paths set: 15
needed_slices: 27
paths: {0 3}
slices required:
{3 3}
slices start:
{0 13}
tuples:
{27 27}
dist: 304
dist: 383

vlink src/dst: 12 17
number of protected paths set: 15
needed_slices: 26
paths: {1 13}
slices required:
{2 2}
slices start:
{16 3}
tuples:
{12 12}
dist: 474
dist: 610

vlink src/dst: 12 15
number of protected paths set: 15
needed_slices: 22
paths: {0 14}
slices required:
{2 2}
slices start:
{18 6}
tuples:
{12 12}
dist: 308
dist: 549

vlink src/dst: 4 13
number of protected paths set: 15
needed_slices: 28
paths: {0 3 3}
slices required:
{3 2 2}
slices start:
{20 19 21}
tuples:
{27 12 12}
dist: 253
dist: 425
dist: 425

vlink src/dst: 0 11
number of protected paths set: 15
needed_slices: 60
paths: {0 0 1 1}
slices required:
{2 4 2 4}
slices start:
{14 16 23 25}
tuples:
{12 34 12 34}
dist: 334
dist: 334
dist: 380
dist: 380

vlink src/dst: 6 15
number of protected paths set: 15
needed_slices: 16
paths: {0 8}
slices required:
{2 2}
slices start:
{0 10}
tuples:
{20 12}
dist: 190
dist: 388

vlink src/dst: 6 14
number of protected paths set: 15
needed_slices: 27
paths: {0 12}
slices required:
{3 3}
slices start:
{5 20}
tuples:
{27 17}
dist: 305
dist: 534

vlink src/dst: 1 5
number of protected paths set: 3
needed_slices: 32
paths: {1 1 2 2}
slices required:
{2 2 2 2}
slices start:
{8 10 2 13}
tuples:
{20 20 20 20}
dist: 288
dist: 288
dist: 289
dist: 289

vlink src/dst: 0 5
number of protected paths set: 3
needed_slices: 16
paths: {1 3}
slices required:
{2 2}
slices start:
{8 0}
tuples:
{20 12}
dist: 235
dist: 309

vlink src/dst: 8 16
number of protected paths set: 3
needed_slices: 90
paths: {2 2 2 5 5 5}
slices required:
{2 2 2 2 2 2}
slices start:
{29 31 33 23 25 27}
tuples:
{12 12 12 12 12 12}
dist: 745
dist: 745
dist: 745
dist: 768
dist: 768
dist: 768

vlink src/dst: 9 15
number of protected paths set: 15
needed_slices: 36
paths: {0 0 2 2}
slices required:
{2 2 2 3}
slices start:
{15 17 10 20}
tuples:
{20 20 12 27}
dist: 238
dist: 238
dist: 317
dist: 317

vlink src/dst: 0 2
number of protected paths set: 15
needed_slices: 28
paths: {0 0 2 2}
slices required:
{2 3 2 4}
slices start:
{2 16 20 29}
tuples:
{20 27 12 34}
dist: 215
dist: 215
dist: 316
dist: 316

vlink src/dst: 11 14
number of protected paths set: 15
needed_slices: 66
paths: {0 0 0 7 7 11}
slices required:
{2 2 3 2 2 2}
slices start:
{22 24 26 0 2 4}
tuples:
{12 12 18 12 12 12}
dist: 475
dist: 475
dist: 475
dist: 620
dist: 620
dist: 652

vlink src/dst: 5 9
number of protected paths set: 3
needed_slices: 37
paths: {0 0 4 4}
slices required:
{2 2 2 3}
slices start:
{2 12 29 31}
tuples:
{20 20 12 27}
dist: 203
dist: 203
dist: 357
dist: 357

vlink src/dst: 7 19
number of protected paths set: 15
needed_slices: 61
paths: {1 1 12 12 12}
slices required:
{2 3 2 2 2}
slices start:
{35 37 29 31 33}
tuples:
{12 27 12 12 12}
dist: 392
dist: 392
dist: 555
dist: 555
dist: 555

vlink src/dst: 0 9
number of protected paths set: 15
needed_slices: 15
paths: {0 0 1 1}
slices required:
{2 3 2 3}
slices start:
{8 23 12 40}
tuples:
{20 28 20 28}
dist: 102
dist: 102
dist: 159
dist: 159

vlink src/dst: 4 7
number of protected paths set: 15
needed_slices: 16
paths: {0 0 1 1}
slices required:
{2 2 2 2}
slices start:
{6 8 4 6}
tuples:
{20 20 20 20}
dist: 227
dist: 227
dist: 243
dist: 243

vlink src/dst: 16 18
number of protected paths set: 15
needed_slices: 24
paths: {2 3}
slices required:
{2 2}
slices start:
{8 35}
tuples:
{12 12}
dist: 721
dist: 739

vlink src/dst: 7 16
number of protected paths set: 15
needed_slices: 24
paths: {0 4}
slices required:
{3 3}
slices start:
{0 43}
tuples:
{18 17}
dist: 402
dist: 507

vlink src/dst: 16 19
number of protected paths set: 15
needed_slices: 72
paths: {4 4 4 7 7 7}
slices required:
{2 2 2 2 2 2}
slices start:
{19 21 29 6 8 10}
tuples:
{12 12 12 12 12 12}
dist: 581
dist: 581
dist: 581
dist: 634
dist: 634
dist: 634

vlink src/dst: 2 3
number of protected paths set: 15
needed_slices: 45
paths: {1 1 3 3}
slices required:
{2 3 2 3}
slices start:
{12 14 23 25}
tuples:
{12 27 12 18}
dist: 335
dist: 335
dist: 474
dist: 474

vlink src/dst: 14 17
number of protected paths set: 15
needed_slices: 10
paths: {0 1}
slices required:
{2 2}
slices start:
{0 0}
tuples:
{20 20}
dist: 172
dist: 252
24 second(s) taken for solution
38 second(s) taken in total
cost = 928

