
4 second(s) taken for initialization

vlink src/dst: 1 10
number of protected paths set: 15
needed_slices: 22
paths: {2 6}
slices required:
{2 2}
slices start:
{0 0}
tuples:
{12 12}
dist: 360
dist: 447

vlink src/dst: 1 17
number of protected paths set: 15
needed_slices: 20
paths: {1 2}
slices required:
{2 2}
slices start:
{2 2}
tuples:
{12 12}
dist: 306
dist: 366

vlink src/dst: 14 15
number of protected paths set: 15
needed_slices: 101
paths: {0 1 1 9 9}
slices required:
{2 2 2 2 5}
slices start:
{4 6 8 2 4}
tuples:
{12 12 12 12 32}
dist: 556
dist: 567
dist: 567
dist: 638
dist: 638

vlink src/dst: 2 19
number of protected paths set: 15
needed_slices: 55
paths: {5 5 9 9}
slices required:
{2 3 2 3}
slices start:
{9 11 4 6}
tuples:
{12 17 12 17}
dist: 502
dist: 502
dist: 541
dist: 541

vlink src/dst: 10 16
number of protected paths set: 15
needed_slices: 26
paths: {0 11}
slices required:
{2 2}
slices start:
{9 14}
tuples:
{12 12}
dist: 506
dist: 658

vlink src/dst: 2 16
number of protected paths set: 15
needed_slices: 22
paths: {0 10}
slices required:
{2 2}
slices start:
{11 16}
tuples:
{12 12}
dist: 433
dist: 610

vlink src/dst: 12 15
number of protected paths set: 15
needed_slices: 28
paths: {0 12}
slices required:
{2 2}
slices start:
{10 18}
tuples:
{12 12}
dist: 400
dist: 627

vlink src/dst: 2 7
number of protected paths set: 15
needed_slices: 62
paths: {0 0 10 10 10}
slices required:
{2 3 2 2 2}
slices start:
{13 15 11 13 15}
tuples:
{12 27 12 12 12}
dist: 332
dist: 332
dist: 709
dist: 709
dist: 709

vlink src/dst: 16 17
number of protected paths set: 15
needed_slices: 24
paths: {0 14}
slices required:
{2 2}
slices start:
{18 0}
tuples:
{12 12}
dist: 452
dist: 596

vlink src/dst: 7 17
number of protected paths set: 15
needed_slices: 20
paths: {0 9}
slices required:
{2 2}
slices start:
{20 9}
tuples:
{12 12}
dist: 351
dist: 496

vlink src/dst: 5 14
number of protected paths set: 3
needed_slices: 36
paths: {2 13}
slices required:
{2 2}
slices start:
{20 0}
tuples:
{12 6}
dist: 660
dist: 886

vlink src/dst: 3 14
number of protected paths set: 3
needed_slices: 130
paths: {0 0 0 9 9 9 9}
slices required:
{2 2 2 2 2 2 2}
slices start:
{17 19 21 22 24 26 28}
tuples:
{12 12 12 6 6 6 6}
dist: 730
dist: 730
dist: 730
dist: 808
dist: 808
dist: 808
dist: 808

vlink src/dst: 5 6
number of protected paths set: 3
needed_slices: 46
paths: {0 15 15}
slices required:
{3 2 2}
slices start:
{30 2 30}
tuples:
{17 6 6}
dist: 509
dist: 855
dist: 855

vlink src/dst: 6 17
number of protected paths set: 15
needed_slices: 30
paths: {0 14}
slices required:
{3 3}
slices start:
{11 22}
tuples:
{27 17}
dist: 338
dist: 510

vlink src/dst: 0 12
number of protected paths set: 15
needed_slices: 61
paths: {1 1 11 11 11}
slices required:
{2 3 2 2 2}
slices start:
{14 33 4 10 12}
tuples:
{12 18 12 12 12}
dist: 471
dist: 471
dist: 617
dist: 617
dist: 617

vlink src/dst: 7 8
number of protected paths set: 15
needed_slices: 44
paths: {0 0 4 4 4}
slices required:
{2 3 2 2 2}
slices start:
{25 27 20 22 24}
tuples:
{12 27 12 12 12}
dist: 371
dist: 371
dist: 424
dist: 424
dist: 424

vlink src/dst: 8 11
number of protected paths set: 15
needed_slices: 28
paths: {0 15}
slices required:
{2 2}
slices start:
{33 30}
tuples:
{12 12}
dist: 521
dist: 642

vlink src/dst: 8 18
number of protected paths set: 15
needed_slices: 78
paths: {8 8 8 11 11 11}
slices required:
{2 2 2 2 2 2}
slices start:
{18 26 28 35 37 39}
tuples:
{12 12 12 12 12 12}
dist: 640
dist: 640
dist: 640
dist: 682
dist: 682
dist: 682

vlink src/dst: 13 17
number of protected paths set: 15
needed_slices: 8
paths: {0 1}
slices required:
{2 2}
slices start:
{4 2}
tuples:
{20 20}
dist: 168
dist: 184

vlink src/dst: 10 11
number of protected paths set: 15
needed_slices: 80
paths: {0 0 0 4 4 7}
slices required:
{2 2 3 2 2 2}
slices start:
{0 17 32 23 25 41}
tuples:
{12 12 18 12 12 12}
dist: 487
dist: 487
dist: 487
dist: 579
dist: 579
dist: 595

vlink src/dst: 11 17
number of protected paths set: 15
needed_slices: 86
paths: {0 0 0 12 14 14}
slices required:
{2 2 3 2 2 2}
slices start:
{35 37 43 43 45 47}
tuples:
{12 12 18 12 12 12}
dist: 450
dist: 450
dist: 450
dist: 571
dist: 592
dist: 592

vlink src/dst: 0 6
number of protected paths set: 15
needed_slices: 18
paths: {0 9}
slices required:
{2 2}
slices start:
{27 32}
tuples:
{12 12}
dist: 449
dist: 614

vlink src/dst: 7 14
number of protected paths set: 15
needed_slices: 52
paths: {0 0 2 3 3}
slices required:
{2 3 2 2 2}
slices start:
{25 27 2 39 41}
tuples:
{20 27 12 12 12}
dist: 284
dist: 284
dist: 453
dist: 464
dist: 464

vlink src/dst: 3 18
number of protected paths set: 3
needed_slices: 112
paths: {0 0 0 13 13 13}
slices required:
{2 2 2 2 2 3}
slices start:
{9 11 34 49 51 53}
tuples:
{12 12 12 6 6 11}
dist: 767
dist: 767
dist: 767
dist: 995
dist: 995
dist: 995

vlink src/dst: 13 18
number of protected paths set: 15
needed_slices: 78
paths: {0 0 0 3 3 3}
slices required:
{2 2 2 2 2 2}
slices start:
{46 56 58 56 58 60}
tuples:
{12 12 12 12 12 12}
dist: 520
dist: 520
dist: 520
dist: 540
dist: 540
dist: 540

vlink src/dst: 4 7
number of protected paths set: 3
needed_slices: 18
paths: {1 6}
slices required:
{2 2}
slices start:
{34 0}
tuples:
{12 12}
dist: 489
dist: 594

vlink src/dst: 14 18
number of protected paths set: 15
needed_slices: 31
paths: {0 0 1 1}
slices required:
{2 2 2 3}
slices start:
{2 4 23 30}
tuples:
{20 20 12 27}
dist: 296
dist: 296
dist: 312
dist: 312

vlink src/dst: 9 11
number of protected paths set: 3
needed_slices: 32
paths: {0 0 3 3 3}
slices required:
{2 2 2 2 2}
slices start:
{0 6 0 2 4}
tuples:
{20 20 12 12 12}
dist: 200
dist: 200
dist: 467
dist: 467
dist: 467

vlink src/dst: 0 7
number of protected paths set: 15
needed_slices: 14
paths: {0 3}
slices required:
{2 2}
slices start:
{36 36}
tuples:
{12 12}
dist: 389
dist: 460

vlink src/dst: 16 19
number of protected paths set: 15
needed_slices: 6
paths: {0 1}
slices required:
{2 2}
slices start:
{38 0}
tuples:
{20 20}
dist: 102
dist: 276
22 second(s) taken for solution
26 second(s) taken in total
cost = 1368

