
4 second(s) taken for initialization

vlink src/dst: 4 10
number of protected paths set: 3
needed_slices: 51
paths: {1 17 17}
slices required:
{3 2 2}
slices start:
{0 0 2}
tuples:
{17 12 12}
dist: 579
dist: 671
dist: 671

vlink src/dst: 11 13
number of protected paths set: 15
needed_slices: 24
paths: {2 6}
slices required:
{2 3}
slices start:
{3 3}
tuples:
{20 27}
dist: 284
dist: 339

vlink src/dst: 2 10
number of protected paths set: 3
needed_slices: 16
paths: {0 8}
slices required:
{2 2}
slices start:
{5 4}
tuples:
{20 12}
dist: 120
dist: 407

vlink src/dst: 5 10
number of protected paths set: 3
needed_slices: 23
paths: {0 6}
slices required:
{2 3}
slices start:
{7 6}
tuples:
{20 18}
dist: 222
dist: 420

vlink src/dst: 1 10
number of protected paths set: 3
needed_slices: 26
paths: {1 7}
slices required:
{2 2}
slices start:
{9 9}
tuples:
{12 12}
dist: 569
dist: 650

vlink src/dst: 2 6
number of protected paths set: 15
needed_slices: 32
paths: {1 1 2 2}
slices required:
{2 2 2 2}
slices start:
{11 13 0 2}
tuples:
{20 20 20 20}
dist: 281
dist: 281
dist: 294
dist: 294

vlink src/dst: 2 19
number of protected paths set: 15
needed_slices: 30
paths: {3 4}
slices required:
{3 3}
slices start:
{11 15}
tuples:
{18 18}
dist: 415
dist: 455

vlink src/dst: 7 18
number of protected paths set: 3
needed_slices: 55
paths: {1 1 7 7 7}
slices required:
{2 3 2 2 2}
slices start:
{18 20 9 14 16}
tuples:
{12 27 12 12 12}
dist: 375
dist: 375
dist: 464
dist: 464
dist: 464

vlink src/dst: 5 8
number of protected paths set: 15
needed_slices: 6
paths: {0 1}
slices required:
{2 2}
slices start:
{0 18}
tuples:
{29 20}
dist: 85
dist: 176

vlink src/dst: 2 18
number of protected paths set: 15
needed_slices: 8
paths: {0 1}
slices required:
{2 2}
slices start:
{0 9}
tuples:
{29 20}
dist: 58
dist: 210

vlink src/dst: 17 19
number of protected paths set: 15
needed_slices: 66
paths: {2 2 2 8 8 8}
slices required:
{2 2 2 2 2 2}
slices start:
{0 6 8 15 23 25}
tuples:
{12 12 12 12 12 12}
dist: 482
dist: 482
dist: 482
dist: 532
dist: 532
dist: 532

vlink src/dst: 7 19
number of protected paths set: 3
needed_slices: 24
paths: {0 0 1 1}
slices required:
{2 2 2 2}
slices start:
{0 2 0 2}
tuples:
{20 20 12 12}
dist: 195
dist: 195
dist: 313
dist: 313

vlink src/dst: 6 12
number of protected paths set: 15
needed_slices: 28
paths: {0 0 1 1}
slices required:
{2 2 2 3}
slices start:
{14 16 4 6}
tuples:
{20 20 12 27}
dist: 210
dist: 210
dist: 361
dist: 361

vlink src/dst: 12 14
number of protected paths set: 15
needed_slices: 10
paths: {0 1}
slices required:
{2 2}
slices start:
{0 0}
tuples:
{20 12}
dist: 222
dist: 336

vlink src/dst: 1 19
number of protected paths set: 15
needed_slices: 24
paths: {2 3}
slices required:
{2 2}
slices start:
{11 18}
tuples:
{12 12}
dist: 721
dist: 739

vlink src/dst: 2 9
number of protected paths set: 15
needed_slices: 48
paths: {0 0 0 7 7 7}
slices required:
{2 2 2 2 2 2}
slices start:
{0 2 4 20 22 24}
tuples:
{12 12 12 12 12 12}
dist: 403
dist: 403
dist: 403
dist: 505
dist: 505
dist: 505

vlink src/dst: 0 12
number of protected paths set: 15
needed_slices: 23
paths: {0 0 2 2}
slices required:
{2 2 2 3}
slices start:
{2 4 2 4}
tuples:
{20 20 12 27}
dist: 232
dist: 232
dist: 327
dist: 327

vlink src/dst: 8 15
number of protected paths set: 15
needed_slices: 52
paths: {0 0 3 3 7}
slices required:
{2 4 2 2 2}
slices start:
{2 11 6 26 28}
tuples:
{12 34 12 12 12}
dist: 361
dist: 361
dist: 488
dist: 488
dist: 545

vlink src/dst: 3 12
number of protected paths set: 15
needed_slices: 66
paths: {0 0 0 1 1 1}
slices required:
{2 2 2 2 2 2}
slices start:
{7 9 13 18 26 28}
tuples:
{12 12 12 12 12 12}
dist: 604
dist: 604
dist: 604
dist: 620
dist: 620
dist: 620

vlink src/dst: 7 9
number of protected paths set: 3
needed_slices: 50
paths: {0 0 2 2}
slices required:
{2 3 2 3}
slices start:
{18 26 26 28}
tuples:
{12 17 12 17}
dist: 535
dist: 535
dist: 551
dist: 551

vlink src/dst: 1 12
number of protected paths set: 15
needed_slices: 48
paths: {2 2 2 3 3 3}
slices required:
{2 2 2 2 2 2}
slices start:
{15 20 22 6 31 33}
tuples:
{12 12 12 12 12 12}
dist: 450
dist: 450
dist: 450
dist: 485
dist: 485
dist: 485

vlink src/dst: 1 17
number of protected paths set: 15
needed_slices: 26
paths: {4 5}
slices required:
{2 2}
slices start:
{13 11}
tuples:
{12 12}
dist: 600
dist: 620

vlink src/dst: 1 18
number of protected paths set: 15
needed_slices: 18
paths: {0 3}
slices required:
{2 2}
slices start:
{0 20}
tuples:
{12 12}
dist: 472
dist: 527

vlink src/dst: 4 14
number of protected paths set: 3
needed_slices: 72
paths: {1 1 1 9 9 9}
slices required:
{2 2 2 2 2 2}
slices start:
{3 5 24 11 15 22}
tuples:
{12 12 12 12 12 12}
dist: 527
dist: 527
dist: 527
dist: 691
dist: 691
dist: 691

vlink src/dst: 16 17
number of protected paths set: 15
needed_slices: 22
paths: {0 8}
slices required:
{2 3}
slices start:
{5 7}
tuples:
{20 18}
dist: 191
dist: 459

vlink src/dst: 9 16
number of protected paths set: 15
needed_slices: 67
paths: {0 0 0 4 5 5}
slices required:
{2 2 3 2 2 2}
slices start:
{26 28 30 7 9 17}
tuples:
{12 12 18 12 12 12}
dist: 449
dist: 449
dist: 449
dist: 546
dist: 547
dist: 547

vlink src/dst: 3 18
number of protected paths set: 15
needed_slices: 24
paths: {2 12}
slices required:
{2 2}
slices start:
{4 11}
tuples:
{12 12}
dist: 505
dist: 580

vlink src/dst: 3 11
number of protected paths set: 15
needed_slices: 68
paths: {3 3 6 6 17 17}
slices required:
{2 2 2 2 2 2}
slices start:
{13 15 0 20 15 17}
tuples:
{12 12 12 12 12 12}
dist: 495
dist: 495
dist: 510
dist: 510
dist: 655
dist: 655

vlink src/dst: 3 16
number of protected paths set: 15
needed_slices: 16
paths: {0 1}
slices required:
{2 2}
slices start:
{8 17}
tuples:
{12 12}
dist: 334
dist: 403

vlink src/dst: 1 3
number of protected paths set: 15
needed_slices: 32
paths: {0 0 5 5 5}
slices required:
{2 2 2 2 2}
slices start:
{0 2 2 24 30}
tuples:
{20 20 12 12 12}
dist: 296
dist: 296
dist: 465
dist: 465
dist: 465
24 second(s) taken for solution
28 second(s) taken in total
cost = 1055

