
4 second(s) taken for initialization

vlink src/dst: 6 11
number of protected paths set: 3
needed_slices: 42
paths: {1 13}
slices required:
{2 3}
slices start:
{0 0}
tuples:
{12 11}
dist: 674
dist: 826

vlink src/dst: 11 16
number of protected paths set: 3
needed_slices: 32
paths: {1 15}
slices required:
{2 2}
slices start:
{3 2}
tuples:
{12 12}
dist: 498
dist: 613

vlink src/dst: 13 17
number of protected paths set: 15
needed_slices: 20
paths: {2 7}
slices required:
{2 2}
slices start:
{4 5}
tuples:
{12 12}
dist: 479
dist: 507

vlink src/dst: 9 11
number of protected paths set: 15
needed_slices: 56
paths: {1 1 6 6 6}
slices required:
{2 3 2 2 2}
slices start:
{7 9 7 9 11}
tuples:
{12 27 12 12 12}
dist: 387
dist: 387
dist: 460
dist: 460
dist: 460

vlink src/dst: 8 15
number of protected paths set: 3
needed_slices: 84
paths: {2 2 2 15 15 15}
slices required:
{2 2 2 2 2 2}
slices start:
{13 15 17 13 15 17}
tuples:
{12 12 12 12 12 12}
dist: 547
dist: 547
dist: 547
dist: 633
dist: 633
dist: 633

vlink src/dst: 0 13
number of protected paths set: 15
needed_slices: 61
paths: {0 0 10 10 10}
slices required:
{2 3 2 2 2}
slices start:
{0 19 19 21 23}
tuples:
{12 18 12 12 12}
dist: 433
dist: 433
dist: 610
dist: 610
dist: 610

vlink src/dst: 13 14
number of protected paths set: 15
needed_slices: 72
paths: {1 1 12 12 12}
slices required:
{2 4 2 2 3}
slices start:
{22 24 3 5 7}
tuples:
{12 34 12 12 17}
dist: 392
dist: 392
dist: 555
dist: 555
dist: 555

vlink src/dst: 6 13
number of protected paths set: 3
needed_slices: 49
paths: {0 13 13}
slices required:
{3 2 2}
slices start:
{28 10 12}
tuples:
{18 12 12}
dist: 482
dist: 654
dist: 654

vlink src/dst: 3 17
number of protected paths set: 15
needed_slices: 36
paths: {0 11}
slices required:
{2 3}
slices start:
{14 19}
tuples:
{12 11}
dist: 700
dist: 835

vlink src/dst: 6 17
number of protected paths set: 3
needed_slices: 28
paths: {4 12}
slices required:
{2 2}
slices start:
{22 16}
tuples:
{12 6}
dist: 718
dist: 816

vlink src/dst: 9 12
number of protected paths set: 3
needed_slices: 78
paths: {0 0 0 17 17 17}
slices required:
{2 2 2 2 2 2}
slices start:
{24 26 28 5 7 9}
tuples:
{12 12 12 12 12 12}
dist: 657
dist: 657
dist: 657
dist: 785
dist: 785
dist: 785

vlink src/dst: 13 19
number of protected paths set: 3
needed_slices: 28
paths: {1 13}
slices required:
{2 2}
slices start:
{0 31}
tuples:
{12 12}
dist: 493
dist: 619

vlink src/dst: 10 14
number of protected paths set: 15
needed_slices: 17
paths: {0 6}
slices required:
{2 3}
slices start:
{5 2}
tuples:
{20 18}
dist: 295
dist: 413

vlink src/dst: 9 10
number of protected paths set: 15
needed_slices: 12
paths: {0 1}
slices required:
{2 2}
slices start:
{33 2}
tuples:
{20 20}
dist: 144
dist: 173

vlink src/dst: 1 4
number of protected paths set: 15
needed_slices: 16
paths: {0 6}
slices required:
{2 2}
slices start:
{35 33}
tuples:
{20 12}
dist: 200
dist: 345

vlink src/dst: 1 7
number of protected paths set: 15
needed_slices: 78
paths: {0 0 0 14 14 14}
slices required:
{2 2 2 2 2 2}
slices start:
{24 26 33 35 37 39}
tuples:
{12 12 12 12 12 12}
dist: 450
dist: 450
dist: 450
dist: 592
dist: 592
dist: 592

vlink src/dst: 14 16
number of protected paths set: 3
needed_slices: 14
paths: {0 1}
slices required:
{2 2}
slices start:
{18 7}
tuples:
{20 20}
dist: 242
dist: 247

vlink src/dst: 4 18
number of protected paths set: 15
needed_slices: 16
paths: {0 7}
slices required:
{2 2}
slices start:
{3 11}
tuples:
{20 12}
dist: 239
dist: 543

vlink src/dst: 5 19
number of protected paths set: 3
needed_slices: 55
paths: {2 2 4 4}
slices required:
{2 3 2 3}
slices start:
{9 11 14 35}
tuples:
{12 18 12 18}
dist: 418
dist: 418
dist: 458
dist: 458

vlink src/dst: 4 7
number of protected paths set: 15
needed_slices: 20
paths: {0 3}
slices required:
{2 2}
slices start:
{18 16}
tuples:
{12 12}
dist: 334
dist: 423

vlink src/dst: 2 4
number of protected paths set: 15
needed_slices: 26
paths: {0 5}
slices required:
{2 2}
slices start:
{20 20}
tuples:
{12 12}
dist: 338
dist: 536

vlink src/dst: 4 8
number of protected paths set: 15
needed_slices: 18
paths: {0 2}
slices required:
{2 2}
slices start:
{3 0}
tuples:
{12 12}
dist: 462
dist: 512

vlink src/dst: 0 4
number of protected paths set: 15
needed_slices: 48
paths: {0 1 1 2 2 5}
slices required:
{2 2 2 2 2 2}
slices start:
{16 28 33 25 27 7}
tuples:
{12 12 12 12 12 12}
dist: 316
dist: 371
dist: 371
dist: 411
dist: 411
dist: 462

vlink src/dst: 0 3
number of protected paths set: 15
needed_slices: 18
paths: {0 2}
slices required:
{2 2}
slices start:
{22 0}
tuples:
{12 12}
dist: 505
dist: 578

vlink src/dst: 2 18
number of protected paths set: 15
needed_slices: 12
paths: {0 0 1 1}
slices required:
{2 2 2 2}
slices start:
{0 2 2 4}
tuples:
{29 29 20 20}
dist: 99
dist: 99
dist: 265
dist: 265

vlink src/dst: 2 19
number of protected paths set: 3
needed_slices: 32
paths: {0 0 3 3}
slices required:
{2 2 2 3}
slices start:
{0 6 10 28}
tuples:
{20 20 12 27}
dist: 221
dist: 221
dist: 388
dist: 388

vlink src/dst: 11 13
number of protected paths set: 15
needed_slices: 38
paths: {0 0 4 4}
slices required:
{2 2 2 3}
slices start:
{13 15 41 43}
tuples:
{20 20 12 27}
dist: 270
dist: 270
dist: 387
dist: 387

vlink src/dst: 2 14
number of protected paths set: 15
needed_slices: 10
paths: {0 1}
slices required:
{2 2}
slices start:
{5 14}
tuples:
{20 12}
dist: 178
dist: 331

vlink src/dst: 0 17
number of protected paths set: 15
needed_slices: 12
paths: {0 3}
slices required:
{2 2}
slices start:
{0 2}
tuples:
{12 12}
dist: 325
dist: 420

vlink src/dst: 12 17
number of protected paths set: 3
needed_slices: 12
paths: {0 6}
slices required:
{2 2}
slices start:
{4 0}
tuples:
{20 12}
dist: 237
dist: 556
13 second(s) taken for solution
17 second(s) taken in total
cost = 1040

