
7 second(s) taken for initialization

vlink src/dst: 4 8
number of protected paths set: 3
needed_slices: 50
paths: {0 0 3 3}
slices required:
{2 3 2 3}
slices start:
{0 2 0 2}
tuples:
{12 18 12 18}
dist: 419
dist: 419
dist: 461
dist: 461

vlink src/dst: 0 4
number of protected paths set: 3
needed_slices: 78
paths: {0 0 1 3 3 5}
slices required:
{2 2 2 2 2 2}
slices start:
{5 7 9 5 7 9}
tuples:
{12 12 12 12 12 12}
dist: 528
dist: 528
dist: 545
dist: 570
dist: 570
dist: 576

vlink src/dst: 6 13
number of protected paths set: 15
needed_slices: 35
paths: {0 0 1 1}
slices required:
{2 3 2 3}
slices start:
{9 11 5 11}
tuples:
{20 28 20 27}
dist: 194
dist: 194
dist: 282
dist: 282

vlink src/dst: 2 6
number of protected paths set: 15
needed_slices: 41
paths: {0 0 5 5}
slices required:
{2 2 2 3}
slices start:
{14 16 14 16}
tuples:
{20 20 12 27}
dist: 210
dist: 210
dist: 354
dist: 354

vlink src/dst: 0 16
number of protected paths set: 15
needed_slices: 22
paths: {0 8}
slices required:
{2 2}
slices start:
{11 19}
tuples:
{12 12}
dist: 443
dist: 546

vlink src/dst: 6 9
number of protected paths set: 15
needed_slices: 22
paths: {5 9}
slices required:
{2 2}
slices start:
{0 0}
tuples:
{12 12}
dist: 502
dist: 541

vlink src/dst: 6 14
number of protected paths set: 3
needed_slices: 84
paths: {3 3 3 15 15 15}
slices required:
{2 2 2 2 2 2}
slices start:
{18 20 22 2 4 6}
tuples:
{12 12 12 12 12 12}
dist: 706
dist: 706
dist: 706
dist: 746
dist: 746
dist: 746

vlink src/dst: 15 16
number of protected paths set: 15
needed_slices: 36
paths: {0 0 0 1 1 1}
slices required:
{2 2 2 2 2 2}
slices start:
{13 15 24 8 10 12}
tuples:
{20 20 20 20 20 20}
dist: 200
dist: 200
dist: 200
dist: 236
dist: 236
dist: 236

vlink src/dst: 9 13
number of protected paths set: 15
needed_slices: 84
paths: {0 0 0 14 14 14}
slices required:
{2 2 2 2 2 2}
slices start:
{9 14 16 2 11 21}
tuples:
{12 12 12 12 12 12}
dist: 506
dist: 506
dist: 506
dist: 703
dist: 703
dist: 703

vlink src/dst: 8 9
number of protected paths set: 15
needed_slices: 60
paths: {0 0 0 10 10 10}
slices required:
{2 2 2 2 2 2}
slices start:
{24 26 28 4 6 19}
tuples:
{12 12 12 12 12 12}
dist: 413
dist: 413
dist: 413
dist: 564
dist: 564
dist: 564

vlink src/dst: 5 17
number of protected paths set: 15
needed_slices: 20
paths: {0 2}
slices required:
{2 2}
slices start:
{13 30}
tuples:
{12 12}
dist: 442
dist: 546

vlink src/dst: 1 15
number of protected paths set: 15
needed_slices: 48
paths: {0 8 15}
slices required:
{2 2 2}
slices start:
{0 32 0}
tuples:
{12 12 6}
dist: 538
dist: 673
dist: 867

vlink src/dst: 0 14
number of protected paths set: 3
needed_slices: 30
paths: {3 5}
slices required:
{2 2}
slices start:
{18 4}
tuples:
{12 12}
dist: 773
dist: 780

vlink src/dst: 12 15
number of protected paths set: 15
needed_slices: 72
paths: {4 4 4 6 6 6}
slices required:
{2 2 2 2 2 2}
slices start:
{2 4 6 34 36 38}
tuples:
{12 12 12 12 12 12}
dist: 478
dist: 478
dist: 478
dist: 498
dist: 498
dist: 498

vlink src/dst: 2 7
number of protected paths set: 15
needed_slices: 45
paths: {0 0 2 2}
slices required:
{2 3 2 3}
slices start:
{32 34 20 30}
tuples:
{12 18 12 17}
dist: 462
dist: 462
dist: 512
dist: 512

vlink src/dst: 7 16
number of protected paths set: 15
needed_slices: 45
paths: {2 2 3 3}
slices required:
{2 3 2 3}
slices start:
{37 39 22 26}
tuples:
{12 18 12 18}
dist: 431
dist: 431
dist: 441
dist: 441

vlink src/dst: 7 19
number of protected paths set: 15
needed_slices: 33
paths: {2 4}
slices required:
{3 3}
slices start:
{6 33}
tuples:
{17 17}
dist: 530
dist: 563

vlink src/dst: 5 15
number of protected paths set: 15
needed_slices: 20
paths: {0 2}
slices required:
{2 2}
slices start:
{42 26}
tuples:
{12 12}
dist: 478
dist: 509

vlink src/dst: 14 16
number of protected paths set: 3
needed_slices: 22
paths: {0 9}
slices required:
{2 2}
slices start:
{14 44}
tuples:
{12 12}
dist: 512
dist: 646

vlink src/dst: 6 10
number of protected paths set: 15
needed_slices: 84
paths: {0 0 0 3 3 3}
slices required:
{2 2 2 2 2 2}
slices start:
{24 26 28 23 25 27}
tuples:
{12 12 12 12 12 12}
dist: 544
dist: 544
dist: 544
dist: 567
dist: 567
dist: 567

vlink src/dst: 7 11
number of protected paths set: 15
needed_slices: 14
paths: {1 3}
slices required:
{2 2}
slices start:
{9 9}
tuples:
{12 12}
dist: 372
dist: 477

vlink src/dst: 7 14
number of protected paths set: 3
needed_slices: 14
paths: {0 0 1 1}
slices required:
{2 2 2 3}
slices start:
{0 8 0 6}
tuples:
{20 20 12 27}
dist: 141
dist: 141
dist: 349
dist: 349

vlink src/dst: 11 19
number of protected paths set: 15
needed_slices: 16
paths: {0 0 1 1}
slices required:
{2 2 2 2}
slices start:
{23 25 2 9}
tuples:
{20 20 20 20}
dist: 152
dist: 152
dist: 172
dist: 172

vlink src/dst: 0 8
number of protected paths set: 15
needed_slices: 8
paths: {0 2}
slices required:
{2 2}
slices start:
{0 0}
tuples:
{20 20}
dist: 109
dist: 215

vlink src/dst: 1 19
number of protected paths set: 15
needed_slices: 45
paths: {2 2 4 4}
slices required:
{2 3 2 3}
slices start:
{6 13 11 13}
tuples:
{12 27 12 18}
dist: 355
dist: 355
dist: 428
dist: 428

vlink src/dst: 0 18
number of protected paths set: 15
needed_slices: 22
paths: {1 9}
slices required:
{2 2}
slices start:
{16 2}
tuples:
{12 12}
dist: 359
dist: 487

vlink src/dst: 0 1
number of protected paths set: 15
needed_slices: 18
paths: {0 4}
slices required:
{2 3}
slices start:
{4 16}
tuples:
{20 27}
dist: 244
dist: 395

vlink src/dst: 0 10
number of protected paths set: 15
needed_slices: 18
paths: {0 4}
slices required:
{2 2}
slices start:
{6 18}
tuples:
{20 12}
dist: 266
dist: 459

vlink src/dst: 10 14
number of protected paths set: 3
needed_slices: 54
paths: {1 1 6 6}
slices required:
{2 2 2 3}
slices start:
{9 11 16 44}
tuples:
{12 12 6 11}
dist: 759
dist: 759
dist: 834
dist: 834

vlink src/dst: 3 5
number of protected paths set: 15
needed_slices: 12
paths: {0 2}
slices required:
{3 3}
slices start:
{0 23}
tuples:
{28 27}
dist: 138
dist: 400
23 second(s) taken for solution
30 second(s) taken in total
cost = 1152

