
6 second(s) taken for initialization

vlink src/dst: 0 1
number of protected paths set: 3
needed_slices: 38
paths: {0 0 5 5 5}
slices required:
{2 2 2 2 2}
slices start:
{0 2 0 2 4}
tuples:
{20 20 12 12 12}
dist: 205
dist: 205
dist: 519
dist: 519
dist: 519

vlink src/dst: 1 4
number of protected paths set: 3
needed_slices: 51
paths: {0 0 14 14 14}
slices required:
{2 3 2 2 2}
slices start:
{4 6 6 8 10}
tuples:
{12 27 12 12 12}
dist: 322
dist: 322
dist: 762
dist: 762
dist: 762

vlink src/dst: 4 10
number of protected paths set: 3
needed_slices: 50
paths: {0 0 10 10 10}
slices required:
{2 3 2 2 2}
slices start:
{0 9 12 14 16}
tuples:
{12 27 12 12 12}
dist: 338
dist: 338
dist: 631
dist: 631
dist: 631

vlink src/dst: 0 6
number of protected paths set: 15
needed_slices: 60
paths: {0 0 6 6}
slices required:
{2 2 2 2}
slices start:
{6 8 4 6}
tuples:
{12 12 12 12}
dist: 577
dist: 577
dist: 649
dist: 649

vlink src/dst: 1 15
number of protected paths set: 3
needed_slices: 96
paths: {5 5 5 10 10 10}
slices required:
{2 2 2 2 2 2}
slices start:
{12 14 16 12 14 16}
tuples:
{12 12 12 12 12 12}
dist: 678
dist: 678
dist: 678
dist: 705
dist: 705
dist: 705

vlink src/dst: 11 13
number of protected paths set: 15
needed_slices: 34
paths: {1 3}
slices required:
{2 2}
slices start:
{0 2}
tuples:
{12 12}
dist: 674
dist: 709

vlink src/dst: 3 11
number of protected paths set: 15
needed_slices: 59
paths: {0 0 5 5 15}
slices required:
{2 2 2 2 3}
slices start:
{2 4 18 20 18}
tuples:
{12 12 12 12 17}
dist: 347
dist: 347
dist: 483
dist: 483
dist: 565

vlink src/dst: 6 10
number of protected paths set: 3
needed_slices: 81
paths: {0 0 1 15 15}
slices required:
{2 2 2 2 5}
slices start:
{0 8 10 22 24}
tuples:
{12 12 12 12 32}
dist: 420
dist: 420
dist: 439
dist: 647
dist: 647

vlink src/dst: 3 19
number of protected paths set: 3
needed_slices: 22
paths: {2 9}
slices required:
{2 2}
slices start:
{0 18}
tuples:
{12 12}
dist: 448
dist: 538

vlink src/dst: 15 19
number of protected paths set: 3
needed_slices: 32
paths: {5 12}
slices required:
{2 2}
slices start:
{4 22}
tuples:
{12 12}
dist: 556
dist: 656

vlink src/dst: 5 19
number of protected paths set: 3
needed_slices: 96
paths: {0 2 2 16 16 16 16}
slices required:
{2 2 2 2 2 2 2}
slices start:
{2 6 8 20 29 31 33}
tuples:
{12 12 12 12 12 12 12}
dist: 574
dist: 585
dist: 585
dist: 725
dist: 725
dist: 725
dist: 725

vlink src/dst: 2 8
number of protected paths set: 15
needed_slices: 72
paths: {2 2 2 3 3 3}
slices required:
{2 2 2 2 2 2}
slices start:
{24 26 35 35 37 39}
tuples:
{12 12 12 12 12 12}
dist: 495
dist: 495
dist: 495
dist: 507
dist: 507
dist: 507

vlink src/dst: 11 15
number of protected paths set: 15
needed_slices: 84
paths: {0 0 0 14 14 14}
slices required:
{2 2 2 2 2 2}
slices start:
{10 35 37 29 31 33}
tuples:
{12 12 12 12 12 12}
dist: 521
dist: 521
dist: 521
dist: 642
dist: 642
dist: 642

vlink src/dst: 12 13
number of protected paths set: 3
needed_slices: 84
paths: {0 0 0 17 17 17}
slices required:
{2 2 2 2 2 2}
slices start:
{6 8 24 12 14 16}
tuples:
{12 12 12 12 12 12}
dist: 445
dist: 445
dist: 445
dist: 647
dist: 647
dist: 647

vlink src/dst: 4 17
number of protected paths set: 15
needed_slices: 26
paths: {3 5}
slices required:
{2 2}
slices start:
{41 0}
tuples:
{12 12}
dist: 537
dist: 559

vlink src/dst: 8 16
number of protected paths set: 15
needed_slices: 36
paths: {1 5}
slices required:
{3 3}
slices start:
{18 26}
tuples:
{27 18}
dist: 371
dist: 429

vlink src/dst: 5 8
number of protected paths set: 15
needed_slices: 48
paths: {2 2 3 3}
slices required:
{2 2 2 2}
slices start:
{24 39 10 43}
tuples:
{12 12 12 12}
dist: 467
dist: 467
dist: 478
dist: 478

vlink src/dst: 4 9
number of protected paths set: 15
needed_slices: 79
paths: {0 0 0 1 2 2}
slices required:
{2 2 3 2 2 2}
slices start:
{2 4 37 39 45 47}
tuples:
{12 12 17 12 12 12}
dist: 515
dist: 515
dist: 515
dist: 535
dist: 549
dist: 549

vlink src/dst: 0 4
number of protected paths set: 15
needed_slices: 58
paths: {1 1 5 5 5 5}
slices required:
{3 3 2 2 2 2}
slices start:
{12 15 21 28 30 32}
tuples:
{27 27 12 12 12 12}
dist: 319
dist: 319
dist: 602
dist: 602
dist: 602
dist: 602

vlink src/dst: 0 2
number of protected paths set: 15
needed_slices: 48
paths: {0 0 6 7 7}
slices required:
{2 4 2 2 2}
slices start:
{18 49 41 43 49}
tuples:
{12 34 12 12 12}
dist: 321
dist: 321
dist: 587
dist: 596
dist: 596

vlink src/dst: 6 7
number of protected paths set: 15
needed_slices: 28
paths: {8 11}
slices required:
{2 2}
slices start:
{2 0}
tuples:
{12 12}
dist: 654
dist: 682

vlink src/dst: 14 17
number of protected paths set: 15
needed_slices: 48
paths: {1 1 3 3}
slices required:
{2 4 2 4}
slices start:
{4 6 10 41}
tuples:
{12 34 12 34}
dist: 315
dist: 315
dist: 342
dist: 342

vlink src/dst: 6 14
number of protected paths set: 15
needed_slices: 66
paths: {0 0 7 8 8}
slices required:
{2 4 2 2 2}
slices start:
{10 18 35 37 49}
tuples:
{12 34 12 12 12}
dist: 343
dist: 343
dist: 467
dist: 468
dist: 468

vlink src/dst: 3 14
number of protected paths set: 15
needed_slices: 37
paths: {0 0 1 1}
slices required:
{2 2 2 3}
slices start:
{6 8 22 26}
tuples:
{20 20 12 27}
dist: 285
dist: 285
dist: 381
dist: 381

vlink src/dst: 14 16
number of protected paths set: 15
needed_slices: 24
paths: {0 0 1 1}
slices required:
{2 2 2 2}
slices start:
{12 14 18 20}
tuples:
{20 20 20 20}
dist: 180
dist: 180
dist: 256
dist: 256

vlink src/dst: 16 18
number of protected paths set: 3
needed_slices: 60
paths: {0 0 1 5 5}
slices required:
{2 4 2 2 2}
slices start:
{16 29 0 2 6}
tuples:
{12 34 12 12 12}
dist: 379
dist: 379
dist: 441
dist: 502
dist: 502

vlink src/dst: 14 18
number of protected paths set: 3
needed_slices: 12
paths: {0 1}
slices required:
{2 2}
slices start:
{0 4}
tuples:
{20 12}
dist: 199
dist: 387

vlink src/dst: 2 14
number of protected paths set: 15
needed_slices: 62
paths: {0 0 16 16 16}
slices required:
{2 3 2 2 2}
slices start:
{12 14 24 33 51}
tuples:
{12 27 12 12 12}
dist: 334
dist: 334
dist: 710
dist: 710
dist: 710

vlink src/dst: 7 9
number of protected paths set: 15
needed_slices: 18
paths: {1 5}
slices required:
{2 2}
slices start:
{51 6}
tuples:
{12 12}
dist: 450
dist: 521

vlink src/dst: 4 7
number of protected paths set: 15
needed_slices: 25
paths: {0 0 1 1}
slices required:
{2 3 2 3}
slices start:
{20 28 0 2}
tuples:
{12 27 12 27}
dist: 314
dist: 314
dist: 367
dist: 367
36 second(s) taken for solution
42 second(s) taken in total
cost = 1534

