
10 second(s) taken for initialization

vlink src/dst: 11 14
number of protected paths set: 3
needed_slices: 18
paths: {1 2}
slices required:
{2 2}
slices start:
{0 0}
tuples:
{12 12}
dist: 329
dist: 347

vlink src/dst: 10 14
number of protected paths set: 3
needed_slices: 19
paths: {0 0 1 1}
slices required:
{2 2 2 3}
slices start:
{2 4 2 4}
tuples:
{29 29 12 27}
dist: 67
dist: 67
dist: 383
dist: 383

vlink src/dst: 4 14
number of protected paths set: 3
needed_slices: 24
paths: {0 9}
slices required:
{2 3}
slices start:
{7 7}
tuples:
{20 17}
dist: 199
dist: 527

vlink src/dst: 3 14
number of protected paths set: 3
needed_slices: 112
paths: {1 1 1 18 18 18 18}
slices required:
{2 2 3 2 2 2 2}
slices start:
{9 11 13 10 12 14 16}
tuples:
{12 12 17 12 12 12 12}
dist: 549
dist: 549
dist: 549
dist: 721
dist: 721
dist: 721
dist: 721

vlink src/dst: 11 13
number of protected paths set: 3
needed_slices: 32
paths: {0 0 3 3}
slices required:
{2 2 2 3}
slices start:
{2 4 18 20}
tuples:
{20 20 12 27}
dist: 155
dist: 155
dist: 334
dist: 334

vlink src/dst: 5 19
number of protected paths set: 15
needed_slices: 6
paths: {0 1}
slices required:
{2 2}
slices start:
{0 0}
tuples:
{20 20}
dist: 103
dist: 124

vlink src/dst: 0 6
number of protected paths set: 15
needed_slices: 52
paths: {0 0 11 11}
slices required:
{2 2 2 2}
slices start:
{23 25 2 4}
tuples:
{12 12 12 12}
dist: 609
dist: 609
dist: 701
dist: 701

vlink src/dst: 12 13
number of protected paths set: 3
needed_slices: 24
paths: {0 11}
slices required:
{2 2}
slices start:
{10 16}
tuples:
{12 12}
dist: 307
dist: 493

vlink src/dst: 4 17
number of protected paths set: 15
needed_slices: 28
paths: {0 0 1 1}
slices required:
{2 2 2 2}
slices start:
{27 29 27 29}
tuples:
{20 20 20 20}
dist: 255
dist: 255
dist: 284
dist: 284

vlink src/dst: 11 19
number of protected paths set: 15
needed_slices: 14
paths: {0 3}
slices required:
{2 2}
slices start:
{12 31}
tuples:
{20 20}
dist: 208
dist: 280

vlink src/dst: 15 19
number of protected paths set: 15
needed_slices: 84
paths: {1 1 1 5 5 5}
slices required:
{2 2 3 2 2 3}
slices start:
{31 33 35 16 33 35}
tuples:
{12 12 18 12 12 17}
dist: 496
dist: 496
dist: 496
dist: 550
dist: 550
dist: 550

vlink src/dst: 16 19
number of protected paths set: 15
needed_slices: 48
paths: {1 2}
slices required:
{3 3}
slices start:
{23 18}
tuples:
{17 17}
dist: 551
dist: 559

vlink src/dst: 1 10
number of protected paths set: 15
needed_slices: 36
paths: {0 7 7}
slices required:
{3 2 2}
slices start:
{38 0 2}
tuples:
{18 12 12}
dist: 475
dist: 620
dist: 620

vlink src/dst: 10 17
number of protected paths set: 15
needed_slices: 16
paths: {0 0 2 2}
slices required:
{2 2 2 2}
slices start:
{18 20 4 6}
tuples:
{20 20 20 20}
dist: 174
dist: 174
dist: 297
dist: 297

vlink src/dst: 1 17
number of protected paths set: 15
needed_slices: 44
paths: {0 0 3 3 5}
slices required:
{2 4 2 2 2}
slices start:
{2 41 4 6 8}
tuples:
{12 34 12 12 12}
dist: 301
dist: 301
dist: 435
dist: 435
dist: 483

vlink src/dst: 18 19
number of protected paths set: 15
needed_slices: 26
paths: {0 2}
slices required:
{2 2}
slices start:
{38 45}
tuples:
{12 12}
dist: 591
dist: 622

vlink src/dst: 7 18
number of protected paths set: 15
needed_slices: 50
paths: {0 12 16}
slices required:
{2 2 2}
slices start:
{21 14 0}
tuples:
{12 12 6}
dist: 632
dist: 749
dist: 893

vlink src/dst: 4 16
number of protected paths set: 15
needed_slices: 70
paths: {1 1 3 3}
slices required:
{2 3 2 3}
slices start:
{0 6 21 38}
tuples:
{12 18 12 17}
dist: 496
dist: 496
dist: 533
dist: 533

vlink src/dst: 7 15
number of protected paths set: 15
needed_slices: 28
paths: {0 11}
slices required:
{2 2}
slices start:
{26 18}
tuples:
{12 12}
dist: 506
dist: 703

vlink src/dst: 7 12
number of protected paths set: 15
needed_slices: 18
paths: {0 3}
slices required:
{2 2}
slices start:
{28 2}
tuples:
{20 12}
dist: 289
dist: 389

vlink src/dst: 8 17
number of protected paths set: 15
needed_slices: 30
paths: {0 0 1 1}
slices required:
{2 3 2 3}
slices start:
{10 12 0 8}
tuples:
{12 27 12 27}
dist: 332
dist: 332
dist: 343
dist: 343

vlink src/dst: 1 12
number of protected paths set: 15
needed_slices: 6
paths: {0 1}
slices required:
{2 2}
slices start:
{0 18}
tuples:
{20 20}
dist: 142
dist: 150

vlink src/dst: 8 11
number of protected paths set: 15
needed_slices: 46
paths: {0 0 5 5 5}
slices required:
{3 3 2 2 3}
slices start:
{4 20 45 47 49}
tuples:
{27 27 12 12 18}
dist: 386
dist: 386
dist: 433
dist: 433
dist: 433

vlink src/dst: 2 3
number of protected paths set: 15
needed_slices: 66
paths: {0 0 0 7 7 7}
slices required:
{2 2 2 2 2 2}
slices start:
{7 23 25 28 38 40}
tuples:
{12 12 12 12 12 12}
dist: 487
dist: 487
dist: 487
dist: 599
dist: 599
dist: 599

vlink src/dst: 8 14
number of protected paths set: 3
needed_slices: 20
paths: {0 2}
slices required:
{2 2}
slices start:
{18 40}
tuples:
{12 12}
dist: 535
dist: 551

vlink src/dst: 2 17
number of protected paths set: 15
needed_slices: 25
paths: {0 0 1 1}
slices required:
{2 3 2 3}
slices start:
{15 20 2 11}
tuples:
{20 27 20 27}
dist: 273
dist: 273
dist: 288
dist: 288

vlink src/dst: 0 18
number of protected paths set: 15
needed_slices: 12
paths: {0 2}
slices required:
{2 2}
slices start:
{42 2}
tuples:
{20 12}
dist: 258
dist: 405

vlink src/dst: 12 16
number of protected paths set: 15
needed_slices: 24
paths: {0 0 1 1}
slices required:
{2 2 2 2}
slices start:
{9 11 4 27}
tuples:
{20 20 20 20}
dist: 191
dist: 191
dist: 246
dist: 246

vlink src/dst: 0 16
number of protected paths set: 15
needed_slices: 19
paths: {0 0 1 1}
slices required:
{2 2 2 3}
slices start:
{2 4 2 6}
tuples:
{29 29 20 27}
dist: 100
dist: 100
dist: 253
dist: 253

vlink src/dst: 9 12
number of protected paths set: 15
needed_slices: 28
paths: {0 0 9 9}
slices required:
{2 2 2 2}
slices start:
{13 15 4 6}
tuples:
{12 12 12 12}
dist: 310
dist: 310
dist: 509
dist: 509
41 second(s) taken for solution
51 second(s) taken in total
cost = 1025

