
4 second(s) taken for initialization

vlink src/dst: 7 19
number of protected paths set: 15
needed_slices: 68
paths: {1 1 3 4 4}
slices required:
{2 2 2 2 5}
slices start:
{0 2 4 0 2}
tuples:
{12 12 12 12 32}
dist: 592
dist: 592
dist: 605
dist: 610
dist: 610

vlink src/dst: 0 3
number of protected paths set: 3
needed_slices: 40
paths: {0 2 2 2}
slices required:
{5 2 2 3}
slices start:
{7 7 9 11}
tuples:
{51 12 12 17}
dist: 104
dist: 563
dist: 563
dist: 563

vlink src/dst: 4 19
number of protected paths set: 15
needed_slices: 54
paths: {0 0 0 2 2 2}
slices required:
{2 2 2 2 2 2}
slices start:
{14 16 18 14 16 18}
tuples:
{12 12 12 12 12 12}
dist: 505
dist: 505
dist: 505
dist: 578
dist: 578
dist: 578

vlink src/dst: 0 2
number of protected paths set: 3
needed_slices: 54
paths: {1 1 1 6 6 6}
slices required:
{2 2 2 2 2 2}
slices start:
{20 22 24 12 20 22}
tuples:
{12 12 12 12 12 12}
dist: 489
dist: 489
dist: 489
dist: 594
dist: 594
dist: 594

vlink src/dst: 3 14
number of protected paths set: 15
needed_slices: 16
paths: {0 7}
slices required:
{2 2}
slices start:
{0 7}
tuples:
{12 12}
dist: 400
dist: 511

vlink src/dst: 3 7
number of protected paths set: 15
needed_slices: 16
paths: {0 5}
slices required:
{2 2}
slices start:
{9 26}
tuples:
{12 12}
dist: 415
dist: 572

vlink src/dst: 6 18
number of protected paths set: 15
needed_slices: 24
paths: {1 11}
slices required:
{2 2}
slices start:
{2 26}
tuples:
{12 12}
dist: 441
dist: 567

vlink src/dst: 14 16
number of protected paths set: 15
needed_slices: 39
paths: {0 0 4 5 5}
slices required:
{2 3 2 2 2}
slices start:
{4 9 24 28 30}
tuples:
{20 27 12 12 12}
dist: 252
dist: 252
dist: 440
dist: 440
dist: 440

vlink src/dst: 3 18
number of protected paths set: 15
needed_slices: 14
paths: {0 3}
slices required:
{2 2}
slices start:
{32 32}
tuples:
{12 12}
dist: 356
dist: 517

vlink src/dst: 8 18
number of protected paths set: 15
needed_slices: 22
paths: {0 5}
slices required:
{2 2}
slices start:
{0 34}
tuples:
{12 12}
dist: 473
dist: 542

vlink src/dst: 2 7
number of protected paths set: 15
needed_slices: 12
paths: {0 0 2 2}
slices required:
{2 2 2 2}
slices start:
{4 6 0 2}
tuples:
{20 20 20 20}
dist: 188
dist: 188
dist: 203
dist: 203

vlink src/dst: 4 18
number of protected paths set: 15
needed_slices: 16
paths: {0 0 1 1}
slices required:
{2 2 2 2}
slices start:
{7 11 6 8}
tuples:
{20 20 20 20}
dist: 159
dist: 159
dist: 236
dist: 236

vlink src/dst: 16 17
number of protected paths set: 15
needed_slices: 66
paths: {0 0 0 1 1 1}
slices required:
{2 2 2 2 2 2}
slices start:
{7 36 38 12 14 16}
tuples:
{12 12 12 12 12 12}
dist: 604
dist: 604
dist: 604
dist: 620
dist: 620
dist: 620

vlink src/dst: 6 11
number of protected paths set: 15
needed_slices: 26
paths: {1 13}
slices required:
{2 2}
slices start:
{6 28}
tuples:
{12 12}
dist: 524
dist: 696

vlink src/dst: 4 7
number of protected paths set: 15
needed_slices: 6
paths: {0 1}
slices required:
{2 2}
slices start:
{9 10}
tuples:
{29 20}
dist: 100
dist: 291

vlink src/dst: 11 18
number of protected paths set: 15
needed_slices: 10
paths: {0 4}
slices required:
{2 2}
slices start:
{13 40}
tuples:
{20 12}
dist: 226
dist: 452

vlink src/dst: 12 19
number of protected paths set: 15
needed_slices: 96
paths: {5 7 7 8 8 10}
slices required:
{2 2 2 2 2 2}
slices start:
{4 30 32 2 6 34}
tuples:
{12 12 12 12 12 12}
dist: 592
dist: 600
dist: 600
dist: 610
dist: 610
dist: 618

vlink src/dst: 11 13
number of protected paths set: 15
needed_slices: 40
paths: {4 13 16}
slices required:
{2 2 2}
slices start:
{26 4 0}
tuples:
{12 12 6}
dist: 536
dist: 686
dist: 824

vlink src/dst: 4 12
number of protected paths set: 15
needed_slices: 40
paths: {0 0 3 3}
slices required:
{2 3 2 3}
slices start:
{0 9 32 34}
tuples:
{12 27 12 18}
dist: 381
dist: 381
dist: 414
dist: 414

vlink src/dst: 11 15
number of protected paths set: 15
needed_slices: 87
paths: {4 4 4 5 5 6}
slices required:
{2 2 3 2 2 2}
slices start:
{37 42 44 12 14 16}
tuples:
{12 12 17 12 12 12}
dist: 600
dist: 600
dist: 600
dist: 620
dist: 620
dist: 620

vlink src/dst: 6 17
number of protected paths set: 15
needed_slices: 28
paths: {0 12}
slices required:
{2 2}
slices start:
{8 9}
tuples:
{12 6}
dist: 539
dist: 838

vlink src/dst: 4 10
number of protected paths set: 3
needed_slices: 53
paths: {0 2 5 13}
slices required:
{2 3 3 2}
slices start:
{2 39 4 2}
tuples:
{12 17 17 12}
dist: 385
dist: 550
dist: 599
dist: 661

vlink src/dst: 14 17
number of protected paths set: 15
needed_slices: 16
paths: {0 11}
slices required:
{2 2}
slices start:
{0 47}
tuples:
{12 12}
dist: 362
dist: 601

vlink src/dst: 10 11
number of protected paths set: 3
needed_slices: 54
paths: {0 0 0 1 1 1}
slices required:
{2 2 2 2 2 2}
slices start:
{18 20 22 11 13 15}
tuples:
{12 12 12 12 12 12}
dist: 409
dist: 409
dist: 409
dist: 512
dist: 512
dist: 512

vlink src/dst: 5 14
number of protected paths set: 3
needed_slices: 66
paths: {0 0 0 5 5 5}
slices required:
{2 2 2 2 2 2}
slices start:
{18 20 22 8 24 28}
tuples:
{12 12 12 12 12 12}
dist: 426
dist: 426
dist: 426
dist: 582
dist: 582
dist: 582

vlink src/dst: 5 9
number of protected paths set: 3
needed_slices: 12
paths: {0 1}
slices required:
{2 2}
slices start:
{24 26}
tuples:
{20 12}
dist: 283
dist: 302

vlink src/dst: 0 8
number of protected paths set: 3
needed_slices: 22
paths: {0 17}
slices required:
{2 2}
slices start:
{36 24}
tuples:
{12 12}
dist: 438
dist: 600

vlink src/dst: 12 17
number of protected paths set: 15
needed_slices: 20
paths: {2 4}
slices required:
{2 2}
slices start:
{2 30}
tuples:
{12 12}
dist: 438
dist: 449

vlink src/dst: 1 13
number of protected paths set: 15
needed_slices: 12
paths: {0 1}
slices required:
{2 2}
slices start:
{0 2}
tuples:
{20 20}
dist: 220
dist: 275

vlink src/dst: 8 15
number of protected paths set: 15
needed_slices: 8
paths: {0 2}
slices required:
{2 2}
slices start:
{0 0}
tuples:
{29 20}
dist: 75
dist: 278
27 second(s) taken for solution
31 second(s) taken in total
cost = 1037

