
4 second(s) taken for initialization

vlink src/dst: 18 19
number of protected paths set: 3
needed_slices: 44
paths: {2 2 13 13}
slices required:
{2 2 2 2}
slices start:
{0 2 0 2}
tuples:
{12 12 12 12}
dist: 542
dist: 542
dist: 643
dist: 643

vlink src/dst: 17 19
number of protected paths set: 3
needed_slices: 19
paths: {0 0 1 1}
slices required:
{2 2 2 3}
slices start:
{4 6 4 6}
tuples:
{29 29 12 27}
dist: 67
dist: 67
dist: 383
dist: 383

vlink src/dst: 5 7
number of protected paths set: 15
needed_slices: 24
paths: {0 2}
slices required:
{2 2}
slices start:
{4 9}
tuples:
{12 12}
dist: 376
dist: 459

vlink src/dst: 0 7
number of protected paths set: 15
needed_slices: 58
paths: {0 0 7 7 7}
slices required:
{2 2 2 2 2}
slices start:
{6 8 11 13 15}
tuples:
{20 20 12 12 12}
dist: 277
dist: 277
dist: 520
dist: 520
dist: 520

vlink src/dst: 4 10
number of protected paths set: 3
needed_slices: 36
paths: {0 11}
slices required:
{3 3}
slices start:
{0 17}
tuples:
{17 17}
dist: 523
dist: 587

vlink src/dst: 4 12
number of protected paths set: 3
needed_slices: 136
paths: {1 1 1 16 16 16 16}
slices required:
{2 2 2 2 2 2 2}
slices start:
{17 19 21 0 2 4 6}
tuples:
{12 12 12 6 6 6 6}
dist: 666
dist: 666
dist: 666
dist: 814
dist: 814
dist: 814
dist: 814

vlink src/dst: 7 10
number of protected paths set: 15
needed_slices: 66
paths: {1 1 12 12 12}
slices required:
{2 3 2 2 2}
slices start:
{10 12 23 25 27}
tuples:
{12 18 12 12 12}
dist: 482
dist: 482
dist: 634
dist: 634
dist: 634

vlink src/dst: 3 17
number of protected paths set: 15
needed_slices: 28
paths: {0 15}
slices required:
{2 2}
slices start:
{10 20}
tuples:
{12 12}
dist: 521
dist: 641

vlink src/dst: 17 18
number of protected paths set: 15
needed_slices: 36
paths: {0 7 7}
slices required:
{3 2 2}
slices start:
{12 4 6}
tuples:
{18 12 12}
dist: 475
dist: 620
dist: 620

vlink src/dst: 2 8
number of protected paths set: 3
needed_slices: 56
paths: {1 1 2 2 3}
slices required:
{2 4 2 2 2}
slices start:
{9 11 29 31 33}
tuples:
{12 34 12 12 12}
dist: 360
dist: 360
dist: 425
dist: 425
dist: 456

vlink src/dst: 0 11
number of protected paths set: 15
needed_slices: 26
paths: {3 15}
slices required:
{2 2}
slices start:
{15 8}
tuples:
{12 12}
dist: 481
dist: 616

vlink src/dst: 10 13
number of protected paths set: 15
needed_slices: 44
paths: {0 3 18}
slices required:
{2 2 2}
slices start:
{15 29 8}
tuples:
{12 12 12}
dist: 616
dist: 631
dist: 779

vlink src/dst: 7 15
number of protected paths set: 15
needed_slices: 26
paths: {2 11}
slices required:
{2 2}
slices start:
{23 10}
tuples:
{12 12}
dist: 555
dist: 714

vlink src/dst: 2 16
number of protected paths set: 3
needed_slices: 28
paths: {1 14}
slices required:
{2 2}
slices start:
{0 31}
tuples:
{12 12}
dist: 483
dist: 655

vlink src/dst: 6 10
number of protected paths set: 15
needed_slices: 27
paths: {0 9}
slices required:
{3 3}
slices start:
{3 12}
tuples:
{18 17}
dist: 461
dist: 553

vlink src/dst: 10 11
number of protected paths set: 15
needed_slices: 68
paths: {1 1 15 15 16}
slices required:
{2 2 2 2 2}
slices start:
{6 20 35 37 10}
tuples:
{12 12 12 12 12}
dist: 479
dist: 479
dist: 751
dist: 751
dist: 757

vlink src/dst: 10 16
number of protected paths set: 15
needed_slices: 91
paths: {0 0 0 10 10 10 10}
slices required:
{2 2 3 2 2 2 2}
slices start:
{17 29 39 15 17 19 21}
tuples:
{12 12 17 12 12 12 12}
dist: 520
dist: 520
dist: 520
dist: 711
dist: 711
dist: 711
dist: 711

vlink src/dst: 6 18
number of protected paths set: 15
needed_slices: 30
paths: {0 0 0 2 2 2}
slices required:
{2 2 2 2 2 2}
slices start:
{0 2 4 6 8 25}
tuples:
{20 20 20 20 20 20}
dist: 271
dist: 271
dist: 271
dist: 291
dist: 291
dist: 291

vlink src/dst: 3 6
number of protected paths set: 15
needed_slices: 8
paths: {0 1}
slices required:
{2 2}
slices start:
{8 6}
tuples:
{20 20}
dist: 129
dist: 193

vlink src/dst: 10 14
number of protected paths set: 3
needed_slices: 45
paths: {0 15 15}
slices required:
{3 2 2}
slices start:
{25 33 42}
tuples:
{17 12 12}
dist: 561
dist: 778
dist: 778

vlink src/dst: 1 16
number of protected paths set: 15
needed_slices: 20
paths: {2 7}
slices required:
{2 2}
slices start:
{15 8}
tuples:
{12 12}
dist: 479
dist: 507

vlink src/dst: 9 14
number of protected paths set: 3
needed_slices: 16
paths: {0 0 1 1 1}
slices required:
{2 2 2 2 2}
slices start:
{0 2 0 2 4}
tuples:
{29 29 12 12 12}
dist: 85
dist: 85
dist: 482
dist: 482
dist: 482

vlink src/dst: 3 18
number of protected paths set: 15
needed_slices: 18
paths: {0 2 3}
slices required:
{3 2 2}
slices start:
{17 8 27}
tuples:
{27 20 12}
dist: 204
dist: 220
dist: 327

vlink src/dst: 13 14
number of protected paths set: 3
needed_slices: 24
paths: {0 3}
slices required:
{2 2}
slices start:
{6 12}
tuples:
{12 12}
dist: 509
dist: 592

vlink src/dst: 6 15
number of protected paths set: 15
needed_slices: 18
paths: {0 7}
slices required:
{2 2}
slices start:
{15 29}
tuples:
{12 12}
dist: 449
dist: 525

vlink src/dst: 6 12
number of protected paths set: 3
needed_slices: 72
paths: {1 1 1 4 4 4}
slices required:
{2 2 2 2 2 2}
slices start:
{23 29 31 23 25 27}
tuples:
{12 12 12 12 12 12}
dist: 515
dist: 515
dist: 515
dist: 569
dist: 569
dist: 569

vlink src/dst: 9 15
number of protected paths set: 15
needed_slices: 54
paths: {2 2 2 3 3 3}
slices required:
{2 2 2 2 2 2}
slices start:
{33 35 37 17 19 21}
tuples:
{12 12 12 12 12 12}
dist: 431
dist: 431
dist: 431
dist: 441
dist: 441
dist: 441

vlink src/dst: 1 15
number of protected paths set: 15
needed_slices: 6
paths: {0 1}
slices required:
{2 2}
slices start:
{0 0}
tuples:
{29 20}
dist: 96
dist: 211

vlink src/dst: 3 12
number of protected paths set: 3
needed_slices: 20
paths: {0 5}
slices required:
{2 2}
slices start:
{39 10}
tuples:
{12 12}
dist: 379
dist: 502

vlink src/dst: 0 5
number of protected paths set: 15
needed_slices: 12
paths: {0 0 1 1}
slices required:
{2 2 2 2}
slices start:
{0 2 0 2}
tuples:
{29 29 20 20}
dist: 99
dist: 99
dist: 265
dist: 265
27 second(s) taken for solution
31 second(s) taken in total
cost = 1156

