
4 second(s) taken for initialization

vlink src/dst: 3 5
number of protected paths set: 15
needed_slices: 10
paths: {0 1}
slices required:
{2 2}
slices start:
{0 0}
tuples:
{29 20}
dist: 73
dist: 174

vlink src/dst: 3 4
number of protected paths set: 15
needed_slices: 40
paths: {1 1 8 8}
slices required:
{2 2 2 3}
slices start:
{2 4 2 4}
tuples:
{20 20 12 18}
dist: 207
dist: 207
dist: 443
dist: 443

vlink src/dst: 1 14
number of protected paths set: 15
needed_slices: 45
paths: {0 0 2 2}
slices required:
{2 3 2 3}
slices start:
{7 9 0 2}
tuples:
{12 18 12 18}
dist: 464
dist: 464
dist: 485
dist: 485

vlink src/dst: 3 15
number of protected paths set: 15
needed_slices: 14
paths: {1 3}
slices required:
{2 2}
slices start:
{12 5}
tuples:
{20 20}
dist: 229
dist: 284

vlink src/dst: 5 16
number of protected paths set: 3
needed_slices: 84
paths: {1 1 1 15 15 15}
slices required:
{2 2 2 2 2 2}
slices start:
{14 16 18 6 8 10}
tuples:
{12 12 12 12 12 12}
dist: 483
dist: 483
dist: 483
dist: 655
dist: 655
dist: 655

vlink src/dst: 3 13
number of protected paths set: 15
needed_slices: 16
paths: {0 1}
slices required:
{2 2}
slices start:
{12 0}
tuples:
{20 12}
dist: 251
dist: 326

vlink src/dst: 0 3
number of protected paths set: 15
needed_slices: 16
paths: {0 0 1 1}
slices required:
{2 2 2 2}
slices start:
{14 16 12 20}
tuples:
{20 20 20 20}
dist: 136
dist: 136
dist: 216
dist: 216

vlink src/dst: 4 13
number of protected paths set: 15
needed_slices: 60
paths: {2 2 8 8}
slices required:
{3 3 3 3}
slices start:
{5 8 14 17}
tuples:
{27 27 27 27}
dist: 324
dist: 324
dist: 392
dist: 392

vlink src/dst: 3 9
number of protected paths set: 15
needed_slices: 14
paths: {0 2}
slices required:
{2 2}
slices start:
{2 20}
tuples:
{20 12}
dist: 287
dist: 315

vlink src/dst: 3 17
number of protected paths set: 15
needed_slices: 60
paths: {0 0 4 4}
slices required:
{2 3 2 3}
slices start:
{22 24 18 22}
tuples:
{12 18 12 17}
dist: 487
dist: 487
dist: 579
dist: 579

vlink src/dst: 4 9
number of protected paths set: 15
needed_slices: 24
paths: {1 5}
slices required:
{2 2}
slices start:
{22 14}
tuples:
{12 12}
dist: 371
dist: 429

vlink src/dst: 3 11
number of protected paths set: 3
needed_slices: 30
paths: {3 14}
slices required:
{2 2}
slices start:
{27 27}
tuples:
{12 12}
dist: 604
dist: 677

vlink src/dst: 1 8
number of protected paths set: 15
needed_slices: 40
paths: {0 0 2 2}
slices required:
{2 3 2 3}
slices start:
{24 26 20 29}
tuples:
{20 27 20 27}
dist: 218
dist: 218
dist: 281
dist: 281

vlink src/dst: 2 9
number of protected paths set: 15
needed_slices: 12
paths: {0 0 1 1}
slices required:
{2 2 2 2}
slices start:
{0 2 4 6}
tuples:
{29 29 20 20}
dist: 66
dist: 66
dist: 161
dist: 161

vlink src/dst: 0 15
number of protected paths set: 15
needed_slices: 16
paths: {0 0 1 1}
slices required:
{2 2 2 2}
slices start:
{7 9 0 2}
tuples:
{29 29 20 20}
dist: 67
dist: 67
dist: 201
dist: 201

vlink src/dst: 8 13
number of protected paths set: 15
needed_slices: 32
paths: {0 0 4 4}
slices required:
{2 2 2 4}
slices start:
{16 18 12 32}
tuples:
{29 29 12 34}
dist: 75
dist: 75
dist: 320
dist: 320

vlink src/dst: 0 4
number of protected paths set: 15
needed_slices: 40
paths: {1 1 2 2}
slices required:
{2 3 2 3}
slices start:
{25 29 20 29}
tuples:
{20 27 20 27}
dist: 221
dist: 221
dist: 261
dist: 261

vlink src/dst: 1 10
number of protected paths set: 15
needed_slices: 26
paths: {0 11}
slices required:
{2 2}
slices start:
{36 12}
tuples:
{12 12}
dist: 534
dist: 663

vlink src/dst: 9 15
number of protected paths set: 15
needed_slices: 32
paths: {0 0 1 1}
slices required:
{2 2 2 2}
slices start:
{22 38 38 40}
tuples:
{20 20 20 20}
dist: 231
dist: 231
dist: 245
dist: 245

vlink src/dst: 0 9
number of protected paths set: 15
needed_slices: 20
paths: {0 0 2 2}
slices required:
{2 2 2 2}
slices start:
{4 24 8 10}
tuples:
{20 20 20 20}
dist: 175
dist: 175
dist: 262
dist: 262

vlink src/dst: 10 13
number of protected paths set: 15
needed_slices: 24
paths: {1 14}
slices required:
{2 2}
slices start:
{0 0}
tuples:
{12 12}
dist: 409
dist: 595

vlink src/dst: 9 16
number of protected paths set: 3
needed_slices: 16
paths: {0 0 1 1}
slices required:
{2 2 2 2}
slices start:
{0 2 2 4}
tuples:
{20 20 20 20}
dist: 123
dist: 123
dist: 290
dist: 290

vlink src/dst: 0 7
number of protected paths set: 15
needed_slices: 66
paths: {1 1 1 8 8 8}
slices required:
{2 2 2 2 2 2}
slices start:
{42 44 46 4 6 8}
tuples:
{12 12 12 12 12 12}
dist: 532
dist: 532
dist: 532
dist: 609
dist: 609
dist: 609

vlink src/dst: 10 15
number of protected paths set: 15
needed_slices: 40
paths: {0 0 3 3}
slices required:
{2 3 2 3}
slices start:
{16 18 11 16}
tuples:
{12 27 12 18}
dist: 374
dist: 374
dist: 452
dist: 452

vlink src/dst: 11 12
number of protected paths set: 3
needed_slices: 18
paths: {0 1}
slices required:
{3 3}
slices start:
{0 12}
tuples:
{27 27}
dist: 224
dist: 283

vlink src/dst: 4 7
number of protected paths set: 15
needed_slices: 27
paths: {0 3}
slices required:
{3 3}
slices start:
{0 10}
tuples:
{18 17}
dist: 481
dist: 501

vlink src/dst: 6 18
number of protected paths set: 15
needed_slices: 28
paths: {1 10}
slices required:
{2 2}
slices start:
{2 3}
tuples:
{12 6}
dist: 713
dist: 874

vlink src/dst: 12 19
number of protected paths set: 3
needed_slices: 42
paths: {0 0 3 3 3}
slices required:
{2 2 2 2 2}
slices start:
{3 5 4 6 8}
tuples:
{20 20 12 12 12}
dist: 267
dist: 267
dist: 500
dist: 500
dist: 500

vlink src/dst: 6 19
number of protected paths set: 3
needed_slices: 45
paths: {0 11}
slices required:
{3 3}
slices start:
{19 14}
tuples:
{11 11}
dist: 814
dist: 923

vlink src/dst: 10 14
number of protected paths set: 15
needed_slices: 73
paths: {0 0 9 9 9}
slices required:
{3 3 2 2 3}
slices start:
{5 8 27 32 38}
tuples:
{27 27 12 12 17}
dist: 334
dist: 334
dist: 597
dist: 597
dist: 597
30 second(s) taken for solution
34 second(s) taken in total
cost = 1010

