
14 second(s) taken for initialization

vlink src/dst: 0 7
number of protected paths set: 3
needed_slices: 8
paths: {0 1}
slices required:
{2 2}
slices start:
{0 0}
tuples:
{29 12}
dist: 75
dist: 375

vlink src/dst: 0 18
number of protected paths set: 3
needed_slices: 22
paths: {0 6}
slices required:
{2 3}
slices start:
{2 2}
tuples:
{20 17}
dist: 133
dist: 541

vlink src/dst: 10 13
number of protected paths set: 3
needed_slices: 78
paths: {0 0 0 4 4 4}
slices required:
{2 2 2 2 2 2}
slices start:
{5 7 9 2 4 6}
tuples:
{12 12 12 12 12 12}
dist: 485
dist: 485
dist: 485
dist: 550
dist: 550
dist: 550

vlink src/dst: 0 19
number of protected paths set: 3
needed_slices: 50
paths: {1 1 3 3}
slices required:
{2 3 2 3}
slices start:
{11 13 11 13}
tuples:
{12 27 12 18}
dist: 356
dist: 356
dist: 405
dist: 405

vlink src/dst: 7 18
number of protected paths set: 15
needed_slices: 8
paths: {0 1}
slices required:
{2 2}
slices start:
{0 0}
tuples:
{29 12}
dist: 58
dist: 355

vlink src/dst: 8 18
number of protected paths set: 3
needed_slices: 20
paths: {0 0 1 1}
slices required:
{2 3 2 3}
slices start:
{5 7 16 18}
tuples:
{20 28 20 27}
dist: 123
dist: 123
dist: 290
dist: 290

vlink src/dst: 7 13
number of protected paths set: 15
needed_slices: 22
paths: {0 0 1 1}
slices required:
{2 3 2 4}
slices start:
{16 18 8 16}
tuples:
{20 28 12 34}
dist: 142
dist: 142
dist: 307
dist: 307

vlink src/dst: 0 17
number of protected paths set: 3
needed_slices: 102
paths: {1 1 1 13 13 13}
slices required:
{2 2 2 2 2 2}
slices start:
{21 23 25 21 23 25}
tuples:
{12 12 12 12 12 12}
dist: 642
dist: 642
dist: 642
dist: 749
dist: 749
dist: 749

vlink src/dst: 13 18
number of protected paths set: 15
needed_slices: 16
paths: {0 4}
slices required:
{2 2}
slices start:
{27 10}
tuples:
{20 12}
dist: 200
dist: 479

vlink src/dst: 4 13
number of protected paths set: 15
needed_slices: 64
paths: {0 0 5 5 15 15}
slices required:
{2 2 2 2 2 2}
slices start:
{27 29 29 31 0 5}
tuples:
{12 12 12 12 12 12}
dist: 347
dist: 347
dist: 483
dist: 483
dist: 565
dist: 565

vlink src/dst: 3 16
number of protected paths set: 3
needed_slices: 84
paths: {0 0 0 7 7 7}
slices required:
{2 2 2 2 2 2}
slices start:
{33 35 37 8 16 18}
tuples:
{12 12 12 12 12 12}
dist: 503
dist: 503
dist: 503
dist: 633
dist: 633
dist: 633

vlink src/dst: 6 8
number of protected paths set: 3
needed_slices: 66
paths: {1 1 1 5 5 5}
slices required:
{2 2 2 2 2 2}
slices start:
{39 41 43 7 12 14}
tuples:
{12 12 12 12 12 12}
dist: 598
dist: 598
dist: 598
dist: 660
dist: 660
dist: 660

vlink src/dst: 7 9
number of protected paths set: 3
needed_slices: 47
paths: {0 9}
slices required:
{2 3}
slices start:
{31 45}
tuples:
{12 11}
dist: 730
dist: 808

vlink src/dst: 5 7
number of protected paths set: 15
needed_slices: 20
paths: {0 12}
slices required:
{2 2}
slices start:
{48 33}
tuples:
{12 12}
dist: 345
dist: 536

vlink src/dst: 16 18
number of protected paths set: 15
needed_slices: 6
paths: {0 1}
slices required:
{2 2}
slices start:
{0 0}
tuples:
{20 20}
dist: 103
dist: 124

vlink src/dst: 8 17
number of protected paths set: 3
needed_slices: 86
paths: {1 1 17 17 17}
slices required:
{2 2 2 2 2}
slices start:
{16 18 35 37 48}
tuples:
{12 12 6 6 6}
dist: 632
dist: 632
dist: 869
dist: 869
dist: 869

vlink src/dst: 2 16
number of protected paths set: 15
needed_slices: 6
paths: {0 1}
slices required:
{2 2}
slices start:
{2 2}
tuples:
{29 20}
dist: 56
dist: 171

vlink src/dst: 13 15
number of protected paths set: 15
needed_slices: 84
paths: {0 0 0 14 14 14}
slices required:
{2 2 2 2 2 2}
slices start:
{39 41 43 50 52 54}
tuples:
{12 12 12 12 12 12}
dist: 521
dist: 521
dist: 521
dist: 642
dist: 642
dist: 642

vlink src/dst: 1 18
number of protected paths set: 15
needed_slices: 22
paths: {1 9}
slices required:
{2 2}
slices start:
{0 27}
tuples:
{12 12}
dist: 421
dist: 518

vlink src/dst: 6 7
number of protected paths set: 15
needed_slices: 45
paths: {1 1 5 5}
slices required:
{2 3 2 3}
slices start:
{2 10 39 41}
tuples:
{12 18 12 17}
dist: 417
dist: 417
dist: 557
dist: 557

vlink src/dst: 10 18
number of protected paths set: 3
needed_slices: 56
paths: {0 0 4 4}
slices required:
{2 2 2 3}
slices start:
{29 31 27 33}
tuples:
{20 20 12 27}
dist: 285
dist: 285
dist: 375
dist: 375

vlink src/dst: 15 16
number of protected paths set: 15
needed_slices: 22
paths: {1 5}
slices required:
{2 2}
slices start:
{11 0}
tuples:
{12 12}
dist: 361
dist: 446

vlink src/dst: 11 12
number of protected paths set: 15
needed_slices: 61
paths: {1 1 1 3 3 4}
slices required:
{2 2 3 2 2 2}
slices start:
{0 45 50 7 13 15}
tuples:
{12 12 18 12 12 12}
dist: 438
dist: 438
dist: 438
dist: 455
dist: 455
dist: 488

vlink src/dst: 2 9
number of protected paths set: 3
needed_slices: 34
paths: {1 4}
slices required:
{2 2}
slices start:
{2 39}
tuples:
{12 12}
dist: 684
dist: 703

vlink src/dst: 14 19
number of protected paths set: 15
needed_slices: 20
paths: {0 7}
slices required:
{2 3}
slices start:
{4 2}
tuples:
{20 18}
dist: 232
dist: 406

vlink src/dst: 10 15
number of protected paths set: 3
needed_slices: 44
paths: {0 0 2 2}
slices required:
{2 3 2 4}
slices start:
{8 10 13 35}
tuples:
{20 28 12 34}
dist: 173
dist: 173
dist: 310
dist: 310

vlink src/dst: 1 15
number of protected paths set: 15
needed_slices: 6
paths: {0 1}
slices required:
{2 2}
slices start:
{0 5}
tuples:
{20 20}
dist: 142
dist: 150

vlink src/dst: 4 12
number of protected paths set: 15
needed_slices: 12
paths: {0 2}
slices required:
{2 2}
slices start:
{9 13}
tuples:
{20 12}
dist: 185
dist: 356

vlink src/dst: 14 17
number of protected paths set: 15
needed_slices: 16
paths: {0 0 1 1}
slices required:
{2 2 2 2}
slices start:
{0 4 0 5}
tuples:
{29 29 20 20}
dist: 93
dist: 93
dist: 260
dist: 260

vlink src/dst: 4 6
number of protected paths set: 15
needed_slices: 14
paths: {0 5}
slices required:
{2 2}
slices start:
{15 5}
tuples:
{20 12}
dist: 246
dist: 469
20 second(s) taken for solution
34 second(s) taken in total
cost = 1141

