
6 second(s) taken for initialization

vlink src/dst: 3 12
number of protected paths set: 3
needed_slices: 32
paths: {0 0 11 11}
slices required:
{2 2 2 2}
slices start:
{0 2 0 2}
tuples:
{20 20 12 12}
dist: 242
dist: 242
dist: 593
dist: 593

vlink src/dst: 1 3
number of protected paths set: 3
needed_slices: 66
paths: {0 0 17 17 17}
slices required:
{2 3 2 2 2}
slices start:
{4 6 4 6 8}
tuples:
{12 27 12 12 12}
dist: 360
dist: 360
dist: 723
dist: 723
dist: 723

vlink src/dst: 0 16
number of protected paths set: 15
needed_slices: 16
paths: {0 0 1 1}
slices required:
{2 2 2 2}
slices start:
{4 6 0 2}
tuples:
{29 29 20 20}
dist: 100
dist: 100
dist: 253
dist: 253

vlink src/dst: 8 17
number of protected paths set: 15
needed_slices: 24
paths: {1 2}
slices required:
{2 2}
slices start:
{10 10}
tuples:
{12 12}
dist: 506
dist: 538

vlink src/dst: 0 4
number of protected paths set: 15
needed_slices: 8
paths: {0 2}
slices required:
{2 2}
slices start:
{4 12}
tuples:
{20 20}
dist: 115
dist: 238

vlink src/dst: 2 3
number of protected paths set: 3
needed_slices: 36
paths: {1 17}
slices required:
{2 2}
slices start:
{14 12}
tuples:
{6 6}
dist: 845
dist: 1091

vlink src/dst: 3 5
number of protected paths set: 3
needed_slices: 39
paths: {0 17 17}
slices required:
{3 2 2}
slices start:
{16 14 16}
tuples:
{18 12 12}
dist: 449
dist: 701
dist: 701

vlink src/dst: 11 16
number of protected paths set: 15
needed_slices: 26
paths: {3 4}
slices required:
{2 2}
slices start:
{8 14}
tuples:
{12 12}
dist: 584
dist: 629

vlink src/dst: 3 11
number of protected paths set: 3
needed_slices: 24
paths: {1 13}
slices required:
{2 2}
slices start:
{19 18}
tuples:
{12 12}
dist: 582
dist: 740

vlink src/dst: 2 16
number of protected paths set: 3
needed_slices: 49
paths: {0 4}
slices required:
{2 3}
slices start:
{10 16}
tuples:
{12 11}
dist: 789
dist: 814

vlink src/dst: 4 5
number of protected paths set: 15
needed_slices: 45
paths: {0 0 3 3}
slices required:
{2 3 2 3}
slices start:
{0 21 6 21}
tuples:
{12 27 12 18}
dist: 354
dist: 354
dist: 455
dist: 455

vlink src/dst: 12 15
number of protected paths set: 15
needed_slices: 12
paths: {0 0 1 1}
slices required:
{2 2 2 2}
slices start:
{10 12 4 12}
tuples:
{20 20 20 20}
dist: 142
dist: 142
dist: 150
dist: 150

vlink src/dst: 9 19
number of protected paths set: 3
needed_slices: 26
paths: {4 11}
slices required:
{2 2}
slices start:
{2 14}
tuples:
{12 12}
dist: 565
dist: 656

vlink src/dst: 1 12
number of protected paths set: 15
needed_slices: 8
paths: {0 1}
slices required:
{2 2}
slices start:
{0 2}
tuples:
{20 20}
dist: 129
dist: 194

vlink src/dst: 1 15
number of protected paths set: 15
needed_slices: 10
paths: {0 2}
slices required:
{2 2}
slices start:
{16 0}
tuples:
{20 20}
dist: 271
dist: 291

vlink src/dst: 14 17
number of protected paths set: 15
needed_slices: 30
paths: {0 15}
slices required:
{2 2}
slices start:
{12 0}
tuples:
{12 6}
dist: 786
dist: 963

vlink src/dst: 5 10
number of protected paths set: 15
needed_slices: 54
paths: {0 0 13 13 13}
slices required:
{2 2 2 2 2}
slices start:
{4 6 0 4 6}
tuples:
{20 20 12 12 12}
dist: 287
dist: 287
dist: 562
dist: 562
dist: 562

vlink src/dst: 8 12
number of protected paths set: 15
needed_slices: 36
paths: {0 0 9 9}
slices required:
{2 2 2 3}
slices start:
{12 19 21 23}
tuples:
{20 20 12 18}
dist: 189
dist: 189
dist: 465
dist: 465

vlink src/dst: 9 10
number of protected paths set: 3
needed_slices: 24
paths: {0 0 1 1}
slices required:
{2 2 2 3}
slices start:
{8 10 2 16}
tuples:
{29 29 20 27}
dist: 29
dist: 29
dist: 218
dist: 218

vlink src/dst: 9 18
number of protected paths set: 3
needed_slices: 57
paths: {2 11 11}
slices required:
{3 2 2}
slices start:
{16 8 12}
tuples:
{17 12 12}
dist: 554
dist: 648
dist: 648

vlink src/dst: 10 18
number of protected paths set: 15
needed_slices: 54
paths: {1 12 19}
slices required:
{2 2 2}
slices start:
{8 19 4}
tuples:
{12 12 6}
dist: 525
dist: 678
dist: 1095

vlink src/dst: 2 17
number of protected paths set: 3
needed_slices: 135
paths: {1 1 1 1 2 2 2 2}
slices required:
{2 2 2 3 2 2 2 3}
slices start:
{2 8 24 26 21 23 25 27}
tuples:
{6 6 6 11 6 6 6 11}
dist: 870
dist: 870
dist: 870
dist: 870
dist: 879
dist: 879
dist: 879
dist: 879

vlink src/dst: 2 8
number of protected paths set: 3
needed_slices: 96
paths: {1 1 1 13 13 13}
slices required:
{2 2 2 2 2 2}
slices start:
{6 10 30 30 32 34}
tuples:
{12 12 12 12 12 12}
dist: 623
dist: 623
dist: 623
dist: 710
dist: 710
dist: 710

vlink src/dst: 6 10
number of protected paths set: 15
needed_slices: 22
paths: {0 13}
slices required:
{2 2}
slices start:
{21 36}
tuples:
{12 12}
dist: 372
dist: 478

vlink src/dst: 7 16
number of protected paths set: 3
needed_slices: 67
paths: {1 1 3 3 3 6}
slices required:
{2 2 2 2 3 2}
slices start:
{21 29 26 28 30 31}
tuples:
{12 12 12 12 17 12}
dist: 527
dist: 527
dist: 537
dist: 537
dist: 537
dist: 586

vlink src/dst: 0 11
number of protected paths set: 15
needed_slices: 54
paths: {0 4 10 11 13}
slices required:
{2 2 2 2 2}
slices start:
{33 35 26 24 0}
tuples:
{12 12 12 12 12}
dist: 393
dist: 538
dist: 601
dist: 602
dist: 633

vlink src/dst: 11 13
number of protected paths set: 15
needed_slices: 24
paths: {0 3}
slices required:
{2 2}
slices start:
{4 30}
tuples:
{12 12}
dist: 462
dist: 539

vlink src/dst: 5 19
number of protected paths set: 15
needed_slices: 8
paths: {0 2}
slices required:
{2 2}
slices start:
{0 2}
tuples:
{20 12}
dist: 249
dist: 357

vlink src/dst: 2 19
number of protected paths set: 3
needed_slices: 48
paths: {3 3 6 6}
slices required:
{2 2 2 2}
slices start:
{18 37 8 19}
tuples:
{12 12 12 12}
dist: 716
dist: 716
dist: 744
dist: 744

vlink src/dst: 2 18
number of protected paths set: 3
needed_slices: 38
paths: {0 0 5 5 5}
slices required:
{2 2 2 2 2}
slices start:
{6 14 2 32 34}
tuples:
{20 20 12 12 12}
dist: 205
dist: 205
dist: 519
dist: 519
dist: 519
16 second(s) taken for solution
22 second(s) taken in total
cost = 1168

