
5 second(s) taken for initialization

vlink src/dst: 2 7
number of protected paths set: 3
needed_slices: 30
paths: {1 12}
slices required:
{2 2}
slices start:
{0 0}
tuples:
{12 12}
dist: 606
dist: 719

vlink src/dst: 2 3
number of protected paths set: 3
needed_slices: 34
paths: {1 10}
slices required:
{2 2}
slices start:
{2 2}
tuples:
{12 12}
dist: 681
dist: 769

vlink src/dst: 2 8
number of protected paths set: 3
needed_slices: 133
paths: {3 3 3 9 9 9}
slices required:
{2 2 3 2 2 3}
slices start:
{4 6 8 4 6 8}
tuples:
{6 6 11 6 6 11}
dist: 808
dist: 808
dist: 808
dist: 873
dist: 873
dist: 873

vlink src/dst: 2 4
number of protected paths set: 3
needed_slices: 30
paths: {4 10}
slices required:
{2 2}
slices start:
{11 11}
tuples:
{12 12}
dist: 721
dist: 757

vlink src/dst: 2 13
number of protected paths set: 3
needed_slices: 65
paths: {0 0 4 4}
slices required:
{2 3 2 3}
slices start:
{13 15 13 15}
tuples:
{12 18 12 17}
dist: 466
dist: 466
dist: 576
dist: 576

vlink src/dst: 0 1
number of protected paths set: 3
needed_slices: 30
paths: {0 2}
slices required:
{3 3}
slices start:
{18 4}
tuples:
{17 17}
dist: 535
dist: 551

vlink src/dst: 1 8
number of protected paths set: 3
needed_slices: 34
paths: {1 13}
slices required:
{2 2}
slices start:
{11 21}
tuples:
{12 12}
dist: 642
dist: 749

vlink src/dst: 1 3
number of protected paths set: 3
needed_slices: 28
paths: {1 11}
slices required:
{2 2}
slices start:
{7 23}
tuples:
{12 12}
dist: 493
dist: 619

vlink src/dst: 9 17
number of protected paths set: 15
needed_slices: 96
paths: {0 0 12 12 16 16}
slices required:
{2 2 2 2 2 2}
slices start:
{9 25 25 27 0 4}
tuples:
{12 12 12 12 12 12}
dist: 503
dist: 503
dist: 639
dist: 639
dist: 777
dist: 777

vlink src/dst: 13 15
number of protected paths set: 15
needed_slices: 27
paths: {1 2}
slices required:
{3 3}
slices start:
{4 18}
tuples:
{27 18}
dist: 390
dist: 412

vlink src/dst: 0 16
number of protected paths set: 3
needed_slices: 48
paths: {0 0 11 11}
slices required:
{2 2 2 2}
slices start:
{0 2 21 23}
tuples:
{12 12 12 12}
dist: 523
dist: 523
dist: 587
dist: 587

vlink src/dst: 0 13
number of protected paths set: 15
needed_slices: 36
paths: {0 7}
slices required:
{3 3}
slices start:
{7 27}
tuples:
{17 17}
dist: 560
dist: 600

vlink src/dst: 2 18
number of protected paths set: 3
needed_slices: 67
paths: {0 0 12 12 12}
slices required:
{2 3 2 2 2}
slices start:
{21 23 29 31 33}
tuples:
{12 17 12 12 12}
dist: 534
dist: 534
dist: 757
dist: 757
dist: 757

vlink src/dst: 10 18
number of protected paths set: 3
needed_slices: 28
paths: {1 14}
slices required:
{2 2}
slices start:
{18 2}
tuples:
{12 12}
dist: 619
dist: 722

vlink src/dst: 16 18
number of protected paths set: 3
needed_slices: 24
paths: {1 14}
slices required:
{2 2}
slices start:
{23 30}
tuples:
{12 12}
dist: 443
dist: 604

vlink src/dst: 0 5
number of protected paths set: 15
needed_slices: 38
paths: {1 7 7}
slices required:
{3 2 2}
slices start:
{13 35 37}
tuples:
{17 12 12}
dist: 532
dist: 609
dist: 609

vlink src/dst: 0 17
number of protected paths set: 15
needed_slices: 80
paths: {0 1 1 13 14 14}
slices required:
{2 2 2 2 2 2}
slices start:
{10 16 30 39 41 43}
tuples:
{12 12 12 12 12 12}
dist: 539
dist: 543
dist: 543
dist: 678
dist: 685
dist: 685

vlink src/dst: 7 15
number of protected paths set: 15
needed_slices: 38
paths: {0 0 3 3 3}
slices required:
{2 2 2 2 2}
slices start:
{18 20 45 47 49}
tuples:
{20 20 12 12 12}
dist: 257
dist: 257
dist: 453
dist: 453
dist: 453

vlink src/dst: 17 19
number of protected paths set: 15
needed_slices: 10
paths: {0 1}
slices required:
{2 2}
slices start:
{0 9}
tuples:
{29 20}
dist: 64
dist: 182

vlink src/dst: 13 19
number of protected paths set: 15
needed_slices: 18
paths: {0 5}
slices required:
{2 2}
slices start:
{2 11}
tuples:
{20 12}
dist: 248
dist: 363

vlink src/dst: 8 12
number of protected paths set: 15
needed_slices: 16
paths: {0 1}
slices required:
{2 2}
slices start:
{0 13}
tuples:
{12 12}
dist: 327
dist: 338

vlink src/dst: 5 6
number of protected paths set: 3
needed_slices: 104
paths: {0 0 0 0 17 17 17 17}
slices required:
{2 2 2 2 2 2 2 2}
slices start:
{2 4 6 8 22 24 26 28}
tuples:
{12 12 12 12 12 12 12 12}
dist: 657
dist: 657
dist: 657
dist: 657
dist: 785
dist: 785
dist: 785
dist: 785

vlink src/dst: 4 19
number of protected paths set: 15
needed_slices: 37
paths: {0 0 3 3}
slices required:
{2 2 2 3}
slices start:
{0 18 18 20}
tuples:
{20 20 12 27}
dist: 144
dist: 144
dist: 340
dist: 340

vlink src/dst: 11 14
number of protected paths set: 15
needed_slices: 18
paths: {1 2}
slices required:
{3 3}
slices start:
{15 2}
tuples:
{27 27}
dist: 293
dist: 355

vlink src/dst: 4 11
number of protected paths set: 15
needed_slices: 16
paths: {0 0 1 1}
slices required:
{2 2 2 2}
slices start:
{0 13 0 5}
tuples:
{20 20 20 20}
dist: 224
dist: 224
dist: 292
dist: 292

vlink src/dst: 6 14
number of protected paths set: 3
needed_slices: 67
paths: {1 1 1 4 4 5}
slices required:
{2 2 3 2 2 2}
slices start:
{18 20 22 13 15 35}
tuples:
{12 12 17 12 12 12}
dist: 530
dist: 530
dist: 530
dist: 584
dist: 584
dist: 585

vlink src/dst: 6 12
number of protected paths set: 3
needed_slices: 32
paths: {2 2 3 3}
slices required:
{2 2 2 2}
slices start:
{10 12 32 37}
tuples:
{12 12 12 12}
dist: 513
dist: 513
dist: 540
dist: 540

vlink src/dst: 15 18
number of protected paths set: 15
needed_slices: 23
paths: {0 0 1 1}
slices required:
{2 2 2 3}
slices start:
{0 13 39 41}
tuples:
{20 20 12 27}
dist: 203
dist: 203
dist: 319
dist: 319

vlink src/dst: 6 18
number of protected paths set: 3
needed_slices: 8
paths: {0 1}
slices required:
{2 2}
slices start:
{0 0}
tuples:
{20 12}
dist: 298
dist: 302

vlink src/dst: 6 11
number of protected paths set: 3
needed_slices: 12
paths: {0 6}
slices required:
{2 2}
slices start:
{14 2}
tuples:
{20 12}
dist: 237
dist: 556
19 second(s) taken for solution
24 second(s) taken in total
cost = 1227

