
8 second(s) taken for initialization

vlink src/dst: 4 17
number of protected paths set: 3
needed_slices: 30
paths: {0 5 5}
slices required:
{3 2 2}
slices start:
{0 0 2}
tuples:
{27 12 12}
dist: 325
dist: 483
dist: 483

vlink src/dst: 16 18
number of protected paths set: 3
needed_slices: 66
paths: {0 0 14 14 14}
slices required:
{2 3 2 2 2}
slices start:
{4 6 4 6 8}
tuples:
{12 27 12 12 12}
dist: 397
dist: 397
dist: 602
dist: 602
dist: 602

vlink src/dst: 13 19
number of protected paths set: 15
needed_slices: 50
paths: {2 2 8 8}
slices required:
{2 3 2 3}
slices start:
{0 10 0 10}
tuples:
{12 27 12 27}
dist: 324
dist: 324
dist: 392
dist: 392

vlink src/dst: 5 19
number of protected paths set: 15
needed_slices: 49
paths: {0 0 8 8}
slices required:
{2 2 2 3}
slices start:
{13 15 3 5}
tuples:
{20 20 12 27}
dist: 285
dist: 285
dist: 400
dist: 400

vlink src/dst: 16 19
number of protected paths set: 3
needed_slices: 20
paths: {2 4}
slices required:
{2 2}
slices start:
{13 17}
tuples:
{12 12}
dist: 305
dist: 318

vlink src/dst: 4 19
number of protected paths set: 15
needed_slices: 36
paths: {0 0 1 1}
slices required:
{2 2 2 3}
slices start:
{19 21 8 15}
tuples:
{20 20 12 27}
dist: 251
dist: 251
dist: 326
dist: 326

vlink src/dst: 9 19
number of protected paths set: 15
needed_slices: 65
paths: {2 2 10 10 10}
slices required:
{2 4 2 2 3}
slices start:
{2 4 19 21 23}
tuples:
{12 34 12 12 18}
dist: 380
dist: 380
dist: 483
dist: 483
dist: 483

vlink src/dst: 0 11
number of protected paths set: 3
needed_slices: 126
paths: {0 1 1 18 18 18 18}
slices required:
{2 2 2 2 2 2 3}
slices start:
{23 25 27 0 2 4 6}
tuples:
{12 12 12 6 6 6 10}
dist: 760
dist: 778
dist: 778
dist: 1004
dist: 1004
dist: 1004
dist: 1004

vlink src/dst: 2 5
number of protected paths set: 15
needed_slices: 61
paths: {0 0 10 10 10}
slices required:
{2 3 2 2 2}
slices start:
{9 19 9 11 13}
tuples:
{12 18 12 12 12}
dist: 433
dist: 433
dist: 610
dist: 610
dist: 610

vlink src/dst: 14 17
number of protected paths set: 3
needed_slices: 54
paths: {2 2 2 3 3 3}
slices required:
{2 2 2 2 2 2}
slices start:
{11 22 24 15 17 19}
tuples:
{12 12 12 12 12 12}
dist: 475
dist: 475
dist: 475
dist: 478
dist: 478
dist: 478

vlink src/dst: 9 13
number of protected paths set: 15
needed_slices: 8
paths: {0 1}
slices required:
{2 2}
slices start:
{2 0}
tuples:
{20 20}
dist: 153
dist: 162

vlink src/dst: 14 19
number of protected paths set: 15
needed_slices: 21
paths: {1 10}
slices required:
{2 3}
slices start:
{8 26}
tuples:
{20 18}
dist: 195
dist: 433

vlink src/dst: 11 12
number of protected paths set: 3
needed_slices: 56
paths: {6 6 13 13}
slices required:
{2 2 2 2}
slices start:
{29 31 10 12}
tuples:
{12 12 12 12}
dist: 625
dist: 625
dist: 667
dist: 667

vlink src/dst: 7 8
number of protected paths set: 15
needed_slices: 16
paths: {0 8}
slices required:
{2 2}
slices start:
{2 15}
tuples:
{20 12}
dist: 218
dist: 436

vlink src/dst: 1 15
number of protected paths set: 3
needed_slices: 24
paths: {0 11}
slices required:
{2 2}
slices start:
{33 17}
tuples:
{12 12}
dist: 523
dist: 587

vlink src/dst: 2 11
number of protected paths set: 3
needed_slices: 61
paths: {0 0 10 10 10}
slices required:
{2 3 2 2 2}
slices start:
{33 35 14 16 18}
tuples:
{12 17 12 12 12}
dist: 566
dist: 566
dist: 688
dist: 688
dist: 688

vlink src/dst: 0 8
number of protected paths set: 15
needed_slices: 35
paths: {0 4 4}
slices required:
{3 2 2}
slices start:
{29 15 22}
tuples:
{17 12 12}
dist: 535
dist: 641
dist: 641

vlink src/dst: 2 7
number of protected paths set: 15
needed_slices: 16
paths: {0 3}
slices required:
{2 2}
slices start:
{17 17}
tuples:
{12 12}
dist: 374
dist: 452

vlink src/dst: 0 6
number of protected paths set: 15
needed_slices: 28
paths: {1 10}
slices required:
{2 2}
slices start:
{0 20}
tuples:
{12 6}
dist: 713
dist: 874

vlink src/dst: 6 18
number of protected paths set: 15
needed_slices: 78
paths: {3 3 3 8 8 8}
slices required:
{2 2 2 2 2 2}
slices start:
{24 26 28 32 34 36}
tuples:
{12 12 12 12 12 12}
dist: 676
dist: 676
dist: 676
dist: 784
dist: 784
dist: 784

vlink src/dst: 0 14
number of protected paths set: 15
needed_slices: 32
paths: {0 0 9 9}
slices required:
{2 2 2 2}
slices start:
{21 38 30 38}
tuples:
{12 12 12 12}
dist: 362
dist: 362
dist: 601
dist: 601

vlink src/dst: 13 18
number of protected paths set: 15
needed_slices: 12
paths: {1 2}
slices required:
{2 2}
slices start:
{2 13}
tuples:
{20 12}
dist: 293
dist: 355

vlink src/dst: 9 10
number of protected paths set: 15
needed_slices: 20
paths: {0 0 1 1}
slices required:
{2 2 2 2}
slices start:
{0 9 32 34}
tuples:
{20 20 20 20}
dist: 229
dist: 229
dist: 292
dist: 292

vlink src/dst: 10 13
number of protected paths set: 15
needed_slices: 16
paths: {1 2}
slices required:
{2 2}
slices start:
{11 36}
tuples:
{12 12}
dist: 389
dist: 440

vlink src/dst: 3 9
number of protected paths set: 15
needed_slices: 20
paths: {1 7}
slices required:
{2 2}
slices start:
{40 40}
tuples:
{12 12}
dist: 431
dist: 575

vlink src/dst: 0 9
number of protected paths set: 15
needed_slices: 28
paths: {0 0 3 3}
slices required:
{2 2 2 3}
slices start:
{13 15 0 2}
tuples:
{20 20 12 27}
dist: 219
dist: 219
dist: 367
dist: 367

vlink src/dst: 12 18
number of protected paths set: 15
needed_slices: 6
paths: {0 1}
slices required:
{2 2}
slices start:
{2 21}
tuples:
{20 20}
dist: 148
dist: 192

vlink src/dst: 3 12
number of protected paths set: 15
needed_slices: 14
paths: {1 3}
slices required:
{2 2}
slices start:
{42 0}
tuples:
{12 12}
dist: 377
dist: 427

vlink src/dst: 1 14
number of protected paths set: 15
needed_slices: 24
paths: {0 0 3 3}
slices required:
{2 2 2 2}
slices start:
{0 2 44 46}
tuples:
{12 12 12 12}
dist: 301
dist: 301
dist: 409
dist: 409

vlink src/dst: 1 18
number of protected paths set: 15
needed_slices: 35
paths: {0 0 1 1}
slices required:
{2 3 2 3}
slices start:
{42 48 2 4}
tuples:
{12 18 12 18}
dist: 425
dist: 425
dist: 439
dist: 439
16 second(s) taken for solution
24 second(s) taken in total
cost = 1107

