
7 second(s) taken for initialization

vlink src/dst: 8 18
number of protected paths set: 15
needed_slices: 8
paths: {0 1}
slices required:
{2 2}
slices start:
{0 0}
tuples:
{20 20}
dist: 156
dist: 167

vlink src/dst: 0 5
number of protected paths set: 15
needed_slices: 66
paths: {0 0 0 6 6 6}
slices required:
{2 2 2 2 2 2}
slices start:
{2 4 6 2 4 6}
tuples:
{12 12 12 12 12 12}
dist: 465
dist: 465
dist: 465
dist: 549
dist: 549
dist: 549

vlink src/dst: 16 18
number of protected paths set: 15
needed_slices: 32
paths: {0 0 2 2}
slices required:
{2 2 2 2}
slices start:
{8 10 2 4}
tuples:
{20 20 20 20}
dist: 223
dist: 223
dist: 276
dist: 276

vlink src/dst: 14 16
number of protected paths set: 15
needed_slices: 24
paths: {0 0 1 1}
slices required:
{2 2 2 2}
slices start:
{12 14 0 6}
tuples:
{20 20 20 20}
dist: 176
dist: 176
dist: 219
dist: 219

vlink src/dst: 15 18
number of protected paths set: 15
needed_slices: 52
paths: {1 1 3 3}
slices required:
{2 2 2 2}
slices start:
{0 8 8 10}
tuples:
{12 12 12 12}
dist: 571
dist: 571
dist: 579
dist: 579

vlink src/dst: 12 17
number of protected paths set: 15
needed_slices: 28
paths: {0 0 3 3}
slices required:
{2 2 2 2}
slices start:
{12 14 10 12}
tuples:
{20 20 20 20}
dist: 208
dist: 208
dist: 280
dist: 280

vlink src/dst: 11 13
number of protected paths set: 3
needed_slices: 52
paths: {1 1 15 15}
slices required:
{2 2 2 2}
slices start:
{16 18 16 18}
tuples:
{12 12 12 12}
dist: 516
dist: 516
dist: 655
dist: 655

vlink src/dst: 5 19
number of protected paths set: 15
needed_slices: 34
paths: {0 13}
slices required:
{2 2}
slices start:
{14 20}
tuples:
{12 12}
dist: 709
dist: 793

vlink src/dst: 5 12
number of protected paths set: 15
needed_slices: 16
paths: {0 0 1 1}
slices required:
{2 2 2 2}
slices start:
{16 18 0 8}
tuples:
{20 20 20 20}
dist: 178
dist: 178
dist: 234
dist: 234

vlink src/dst: 6 14
number of protected paths set: 15
needed_slices: 24
paths: {0 2}
slices required:
{2 2}
slices start:
{14 20}
tuples:
{12 12}
dist: 420
dist: 464

vlink src/dst: 6 13
number of protected paths set: 3
needed_slices: 80
paths: {0 0 0 2 2 3}
slices required:
{2 2 3 2 2 2}
slices start:
{20 22 24 22 24 26}
tuples:
{12 12 18 12 12 12}
dist: 407
dist: 407
dist: 407
dist: 427
dist: 427
dist: 458

vlink src/dst: 2 14
number of protected paths set: 3
needed_slices: 39
paths: {0 4}
slices required:
{3 3}
slices start:
{27 28}
tuples:
{18 17}
dist: 466
dist: 576

vlink src/dst: 2 3
number of protected paths set: 3
needed_slices: 15
paths: {0 0 1 1}
slices required:
{2 3 2 3}
slices start:
{0 2 0 2}
tuples:
{20 28 20 27}
dist: 147
dist: 147
dist: 214
dist: 214

vlink src/dst: 10 13
number of protected paths set: 3
needed_slices: 78
paths: {1 1 1 7 7 7}
slices required:
{2 2 2 2 2 2}
slices start:
{31 33 35 30 32 34}
tuples:
{12 12 12 12 12 12}
dist: 569
dist: 569
dist: 569
dist: 650
dist: 650
dist: 650

vlink src/dst: 1 12
number of protected paths set: 15
needed_slices: 77
paths: {0 1 1 5 5 5}
slices required:
{2 2 2 2 2 3}
slices start:
{37 39 41 36 38 40}
tuples:
{12 12 12 12 12 17}
dist: 478
dist: 496
dist: 496
dist: 550
dist: 550
dist: 550

vlink src/dst: 1 18
number of protected paths set: 15
needed_slices: 78
paths: {1 1 1 12 12 12}
slices required:
{2 2 2 2 2 2}
slices start:
{43 45 47 43 45 47}
tuples:
{12 12 12 12 12 12}
dist: 536
dist: 536
dist: 536
dist: 654
dist: 654
dist: 654

vlink src/dst: 7 14
number of protected paths set: 3
needed_slices: 30
paths: {3 5}
slices required:
{2 2}
slices start:
{22 49}
tuples:
{12 12}
dist: 773
dist: 780

vlink src/dst: 9 14
number of protected paths set: 3
needed_slices: 34
paths: {1 4}
slices required:
{2 2}
slices start:
{24 51}
tuples:
{12 12}
dist: 684
dist: 703

vlink src/dst: 8 16
number of protected paths set: 15
needed_slices: 8
paths: {0 1}
slices required:
{2 2}
slices start:
{0 8}
tuples:
{29 20}
dist: 67
dist: 201

vlink src/dst: 8 10
number of protected paths set: 15
needed_slices: 83
paths: {0 0 0 8 8 8 8}
slices required:
{2 2 3 2 2 2 2}
slices start:
{2 4 26 12 14 16 18}
tuples:
{12 12 17 12 12 12 12}
dist: 539
dist: 539
dist: 539
dist: 610
dist: 610
dist: 610
dist: 610

vlink src/dst: 11 17
number of protected paths set: 15
needed_slices: 40
paths: {0 0 3 3}
slices required:
{2 3 2 3}
slices start:
{0 2 10 12}
tuples:
{12 27 12 18}
dist: 361
dist: 361
dist: 488
dist: 488

vlink src/dst: 5 10
number of protected paths set: 15
needed_slices: 24
paths: {2 3}
slices required:
{2 2}
slices start:
{2 20}
tuples:
{12 12}
dist: 721
dist: 739

vlink src/dst: 1 3
number of protected paths set: 15
needed_slices: 60
paths: {0 0 0 4 4 4}
slices required:
{2 2 2 2 2 2}
slices start:
{4 6 10 6 53 55}
tuples:
{12 12 12 12 12 12}
dist: 486
dist: 486
dist: 486
dist: 609
dist: 609
dist: 609

vlink src/dst: 7 17
number of protected paths set: 3
needed_slices: 35
paths: {2 5 5}
slices required:
{3 2 2}
slices start:
{24 0 4}
tuples:
{17 12 12}
dist: 598
dist: 669
dist: 669

vlink src/dst: 10 11
number of protected paths set: 15
needed_slices: 10
paths: {0 1}
slices required:
{2 2}
slices start:
{0 8}
tuples:
{20 12}
dist: 269
dist: 352

vlink src/dst: 1 4
number of protected paths set: 15
needed_slices: 20
paths: {0 0 1 1}
slices required:
{2 2 2 2}
slices start:
{0 2 10 12}
tuples:
{20 20 12 12}
dist: 280
dist: 280
dist: 312
dist: 312

vlink src/dst: 1 19
number of protected paths set: 15
needed_slices: 32
paths: {0 0 8 8}
slices required:
{2 2 2 2}
slices start:
{0 16 4 6}
tuples:
{20 20 12 12}
dist: 232
dist: 232
dist: 548
dist: 548

vlink src/dst: 7 19
number of protected paths set: 3
needed_slices: 67
paths: {1 1 3 3 3 6}
slices required:
{2 2 2 2 3 2}
slices start:
{8 10 18 22 57 2}
tuples:
{12 12 12 12 17 12}
dist: 527
dist: 527
dist: 537
dist: 537
dist: 537
dist: 586

vlink src/dst: 9 11
number of protected paths set: 3
needed_slices: 28
paths: {0 0 2 2}
slices required:
{2 2 2 3}
slices start:
{0 14 20 26}
tuples:
{20 20 12 18}
dist: 150
dist: 150
dist: 436
dist: 436

vlink src/dst: 7 15
number of protected paths set: 3
needed_slices: 16
paths: {2 4}
slices required:
{2 2}
slices start:
{4 6}
tuples:
{12 12}
dist: 540
dist: 560
24 second(s) taken for solution
31 second(s) taken in total
cost = 1190

