
16 second(s) taken for initialization

vlink src/dst: 1 15
number of protected paths set: 3
needed_slices: 22
paths: {0 7}
slices required:
{2 2}
slices start:
{0 0}
tuples:
{12 12}
dist: 306
dist: 490

vlink src/dst: 3 11
number of protected paths set: 3
needed_slices: 20
paths: {0 0 1 1}
slices required:
{2 3 2 3}
slices start:
{2 4 2 4}
tuples:
{20 27 20 27}
dist: 206
dist: 206
dist: 243
dist: 243

vlink src/dst: 11 18
number of protected paths set: 3
needed_slices: 19
paths: {0 0 1 1}
slices required:
{2 2 2 3}
slices start:
{7 9 7 9}
tuples:
{29 29 12 27}
dist: 75
dist: 75
dist: 375
dist: 375

vlink src/dst: 2 11
number of protected paths set: 3
needed_slices: 94
paths: {1 1 2 13 13}
slices required:
{2 2 2 2 5}
slices start:
{11 13 15 12 14}
tuples:
{12 12 12 12 32}
dist: 493
dist: 493
dist: 512
dist: 619
dist: 619

vlink src/dst: 0 11
number of protected paths set: 3
needed_slices: 28
paths: {0 16}
slices required:
{2 2}
slices start:
{17 19}
tuples:
{12 12}
dist: 447
dist: 573

vlink src/dst: 0 4
number of protected paths set: 3
needed_slices: 104
paths: {0 0 0 10 15 15}
slices required:
{2 2 3 2 2 2}
slices start:
{2 4 6 21 2 4}
tuples:
{12 12 17 12 12 12}
dist: 577
dist: 577
dist: 577
dist: 664
dist: 670
dist: 670

vlink src/dst: 2 4
number of protected paths set: 3
needed_slices: 32
paths: {1 14}
slices required:
{2 2}
slices start:
{9 23}
tuples:
{12 12}
dist: 623
dist: 710

vlink src/dst: 1 16
number of protected paths set: 15
needed_slices: 55
paths: {0 0 9 9}
slices required:
{2 3 2 3}
slices start:
{25 27 0 11}
tuples:
{12 27 12 17}
dist: 356
dist: 356
dist: 549
dist: 549

vlink src/dst: 3 18
number of protected paths set: 15
needed_slices: 19
paths: {0 0 1 1}
slices required:
{2 2 2 3}
slices start:
{0 12 30 32}
tuples:
{20 20 12 27}
dist: 131
dist: 131
dist: 319
dist: 319

vlink src/dst: 15 16
number of protected paths set: 3
needed_slices: 20
paths: {0 0 2 2}
slices required:
{2 2 2 2}
slices start:
{2 4 2 4}
tuples:
{20 20 20 20}
dist: 156
dist: 156
dist: 186
dist: 186

vlink src/dst: 11 13
number of protected paths set: 3
needed_slices: 28
paths: {2 7}
slices required:
{2 2}
slices start:
{35 19}
tuples:
{12 12}
dist: 690
dist: 728

vlink src/dst: 0 1
number of protected paths set: 15
needed_slices: 45
paths: {3 4}
slices required:
{3 3}
slices start:
{37 6}
tuples:
{17 17}
dist: 576
dist: 588

vlink src/dst: 1 18
number of protected paths set: 15
needed_slices: 12
paths: {0 3}
slices required:
{2 2}
slices start:
{40 14}
tuples:
{20 12}
dist: 195
dist: 375

vlink src/dst: 8 18
number of protected paths set: 15
needed_slices: 24
paths: {1 9}
slices required:
{2 2}
slices start:
{21 16}
tuples:
{12 12}
dist: 461
dist: 567

vlink src/dst: 3 9
number of protected paths set: 15
needed_slices: 8
paths: {0 1}
slices required:
{2 2}
slices start:
{9 0}
tuples:
{29 12}
dist: 88
dist: 354

vlink src/dst: 14 16
number of protected paths set: 15
needed_slices: 70
paths: {1 1 1 2 2 2}
slices required:
{2 2 3 2 2 3}
slices start:
{9 17 23 23 30 32}
tuples:
{12 12 18 12 12 18}
dist: 446
dist: 446
dist: 446
dist: 449
dist: 449
dist: 449

vlink src/dst: 9 16
number of protected paths set: 15
needed_slices: 41
paths: {0 0 11 11}
slices required:
{2 2 2 3}
slices start:
{6 19 0 6}
tuples:
{20 20 12 27}
dist: 248
dist: 248
dist: 368
dist: 368

vlink src/dst: 1 2
number of protected paths set: 15
needed_slices: 32
paths: {1 4}
slices required:
{2 2}
slices start:
{25 42}
tuples:
{12 12}
dist: 611
dist: 621

vlink src/dst: 3 14
number of protected paths set: 15
needed_slices: 20
paths: {0 0 1 1}
slices required:
{2 3 2 3}
slices start:
{2 4 27 29}
tuples:
{20 28 20 27}
dist: 153
dist: 153
dist: 289
dist: 289

vlink src/dst: 2 9
number of protected paths set: 15
needed_slices: 45
paths: {1 1 5 5}
slices required:
{2 3 2 3}
slices start:
{32 37 21 26}
tuples:
{12 27 12 27}
dist: 304
dist: 304
dist: 389
dist: 389

vlink src/dst: 7 12
number of protected paths set: 15
needed_slices: 60
paths: {2 2 2 6 6 6}
slices required:
{2 2 2 2 2 2}
slices start:
{2 4 11 0 2 4}
tuples:
{12 12 12 12 12 12}
dist: 474
dist: 474
dist: 474
dist: 520
dist: 520
dist: 520

vlink src/dst: 4 12
number of protected paths set: 3
needed_slices: 18
paths: {0 3}
slices required:
{2 2}
slices start:
{9 18}
tuples:
{12 12}
dist: 488
dist: 595

vlink src/dst: 2 6
number of protected paths set: 15
needed_slices: 14
paths: {0 5}
slices required:
{2 2}
slices start:
{0 17}
tuples:
{20 12}
dist: 152
dist: 354

vlink src/dst: 14 17
number of protected paths set: 15
needed_slices: 55
paths: {1 1 2 2}
slices required:
{2 3 2 3}
slices start:
{13 19 6 8}
tuples:
{12 18 12 18}
dist: 447
dist: 447
dist: 483
dist: 483

vlink src/dst: 9 19
number of protected paths set: 3
needed_slices: 24
paths: {0 9}
slices required:
{2 2}
slices start:
{13 27}
tuples:
{12 12}
dist: 511
dist: 649

vlink src/dst: 10 17
number of protected paths set: 15
needed_slices: 24
paths: {0 10}
slices required:
{2 2}
slices start:
{11 15}
tuples:
{12 12}
dist: 476
dist: 641

vlink src/dst: 0 5
number of protected paths set: 15
needed_slices: 24
paths: {1 11}
slices required:
{2 2}
slices start:
{9 2}
tuples:
{12 12}
dist: 461
dist: 584

vlink src/dst: 8 14
number of protected paths set: 15
needed_slices: 10
paths: {0 1}
slices required:
{2 2}
slices start:
{6 13}
tuples:
{20 20}
dist: 241
dist: 281

vlink src/dst: 5 12
number of protected paths set: 15
needed_slices: 21
paths: {2 3}
slices required:
{3 3}
slices start:
{18 0}
tuples:
{18 18}
dist: 441
dist: 447

vlink src/dst: 10 19
number of protected paths set: 3
needed_slices: 40
paths: {0 8 8}
slices required:
{3 2 2}
slices start:
{4 21 23}
tuples:
{17 12 12}
dist: 527
dist: 640
dist: 640
22 second(s) taken for solution
38 second(s) taken in total
cost = 1028

