
3 second(s) taken for initialization

vlink src/dst: 2 7
number of protected paths set: 15
needed_slices: 24
paths: {0 0 1 1}
slices required:
{2 2 2 2}
slices start:
{0 2 0 2}
tuples:
{29 29 20 20}
dist: 30
dist: 30
dist: 288
dist: 288

vlink src/dst: 3 15
number of protected paths set: 3
needed_slices: 24
paths: {0 0 1 1}
slices required:
{2 2 2 2}
slices start:
{4 6 4 6}
tuples:
{20 20 20 20}
dist: 110
dist: 110
dist: 207
dist: 207

vlink src/dst: 3 11
number of protected paths set: 3
needed_slices: 60
paths: {1 1 8 8 8}
slices required:
{2 3 2 2 2}
slices start:
{8 10 8 10 12}
tuples:
{12 27 12 12 12}
dist: 321
dist: 321
dist: 453
dist: 453
dist: 453

vlink src/dst: 7 17
number of protected paths set: 15
needed_slices: 32
paths: {0 9}
slices required:
{2 2}
slices start:
{14 13}
tuples:
{12 12}
dist: 492
dist: 579

vlink src/dst: 3 14
number of protected paths set: 3
needed_slices: 66
paths: {0 0 14 14 14}
slices required:
{2 3 2 2 2}
slices start:
{16 18 16 18 20}
tuples:
{12 27 12 12 12}
dist: 397
dist: 397
dist: 602
dist: 602
dist: 602

vlink src/dst: 3 18
number of protected paths set: 3
needed_slices: 68
paths: {0 2 2 4 4 10}
slices required:
{2 2 2 2 2 2}
slices start:
{21 23 25 23 25 27}
tuples:
{20 12 12 12 12 12}
dist: 291
dist: 364
dist: 364
dist: 444
dist: 444
dist: 503

vlink src/dst: 7 19
number of protected paths set: 15
needed_slices: 26
paths: {1 2}
slices required:
{2 2}
slices start:
{27 29}
tuples:
{12 12}
dist: 521
dist: 522

vlink src/dst: 12 18
number of protected paths set: 3
needed_slices: 118
paths: {1 1 1 13 13 13 13}
slices required:
{2 2 2 2 2 2 2}
slices start:
{31 33 35 0 2 4 6}
tuples:
{12 12 12 6 6 6 6}
dist: 674
dist: 674
dist: 674
dist: 826
dist: 826
dist: 826
dist: 826

vlink src/dst: 8 9
number of protected paths set: 15
needed_slices: 27
paths: {0 0 3 3}
slices required:
{2 2 2 3}
slices start:
{29 37 0 2}
tuples:
{20 20 12 27}
dist: 127
dist: 127
dist: 369
dist: 369

vlink src/dst: 4 8
number of protected paths set: 15
needed_slices: 50
paths: {0 0 6 6}
slices required:
{2 3 2 3}
slices start:
{39 41 0 2}
tuples:
{12 27 12 18}
dist: 305
dist: 305
dist: 412
dist: 412

vlink src/dst: 8 13
number of protected paths set: 15
needed_slices: 24
paths: {1 5}
slices required:
{2 2}
slices start:
{44 5}
tuples:
{12 12}
dist: 371
dist: 429

vlink src/dst: 5 7
number of protected paths set: 15
needed_slices: 16
paths: {1 2}
slices required:
{2 2}
slices start:
{37 31}
tuples:
{20 20}
dist: 264
dist: 279

vlink src/dst: 4 18
number of protected paths set: 15
needed_slices: 84
paths: {1 1 1 3 3 3}
slices required:
{2 2 2 2 2 2}
slices start:
{46 48 50 27 46 48}
tuples:
{12 12 12 12 12 12}
dist: 496
dist: 496
dist: 496
dist: 533
dist: 533
dist: 533

vlink src/dst: 4 9
number of protected paths set: 15
needed_slices: 18
paths: {1 3}
slices required:
{2 2}
slices start:
{0 52}
tuples:
{12 12}
dist: 317
dist: 328

vlink src/dst: 0 11
number of protected paths set: 15
needed_slices: 24
paths: {0 6}
slices required:
{2 2}
slices start:
{50 54}
tuples:
{12 12}
dist: 404
dist: 486

vlink src/dst: 6 7
number of protected paths set: 15
needed_slices: 91
paths: {0 0 0 14 14}
slices required:
{2 2 3 2 5}
slices start:
{33 35 39 31 39}
tuples:
{12 12 18 12 32}
dist: 420
dist: 420
dist: 420
dist: 684
dist: 684

vlink src/dst: 5 18
number of protected paths set: 15
needed_slices: 50
paths: {0 0 2 2}
slices required:
{2 3 2 3}
slices start:
{54 56 13 15}
tuples:
{12 27 12 27}
dist: 367
dist: 367
dist: 391
dist: 391

vlink src/dst: 1 4
number of protected paths set: 15
needed_slices: 38
paths: {1 11 13}
slices required:
{2 2 2}
slices start:
{8 8 56}
tuples:
{12 12 12}
dist: 480
dist: 617
dist: 789

vlink src/dst: 5 16
number of protected paths set: 15
needed_slices: 40
paths: {1 1 2 2}
slices required:
{2 3 2 3}
slices start:
{10 16 10 12}
tuples:
{20 27 20 27}
dist: 281
dist: 281
dist: 294
dist: 294

vlink src/dst: 11 17
number of protected paths set: 15
needed_slices: 62
paths: {0 0 15 15 16}
slices required:
{2 2 2 2 2}
slices start:
{18 20 22 24 0}
tuples:
{12 12 12 12 12}
dist: 552
dist: 552
dist: 752
dist: 752
dist: 757

vlink src/dst: 2 6
number of protected paths set: 15
needed_slices: 20
paths: {0 5}
slices required:
{2 2}
slices start:
{0 8}
tuples:
{12 12}
dist: 390
dist: 575

vlink src/dst: 14 16
number of protected paths set: 15
needed_slices: 40
paths: {0 6 15}
slices required:
{2 2 2}
slices start:
{22 58 2}
tuples:
{12 12 6}
dist: 580
dist: 653
dist: 933

vlink src/dst: 10 19
number of protected paths set: 15
needed_slices: 22
paths: {1 6}
slices required:
{2 2}
slices start:
{4 0}
tuples:
{12 12}
dist: 696
dist: 749

vlink src/dst: 6 17
number of protected paths set: 15
needed_slices: 18
paths: {1 2}
slices required:
{2 2}
slices start:
{16 2}
tuples:
{12 12}
dist: 537
dist: 550

vlink src/dst: 6 11
number of protected paths set: 15
needed_slices: 42
paths: {0 0 1 1}
slices required:
{2 4 2 4}
slices start:
{6 10 10 24}
tuples:
{12 34 12 34}
dist: 336
dist: 336
dist: 377
dist: 377

vlink src/dst: 6 14
number of protected paths set: 15
needed_slices: 40
paths: {1 1 4 4}
slices required:
{2 3 2 3}
slices start:
{4 14 28 30}
tuples:
{12 18 12 17}
dist: 495
dist: 495
dist: 526
dist: 526

vlink src/dst: 1 11
number of protected paths set: 15
needed_slices: 8
paths: {0 1}
slices required:
{2 2}
slices start:
{2 0}
tuples:
{29 12}
dist: 75
dist: 404

vlink src/dst: 1 10
number of protected paths set: 15
needed_slices: 14
paths: {0 0 1 1}
slices required:
{2 2 2 3}
slices start:
{6 8 2 6}
tuples:
{20 20 12 27}
dist: 157
dist: 157
dist: 301
dist: 301

vlink src/dst: 6 10
number of protected paths set: 15
needed_slices: 39
paths: {0 0 8 8 8}
slices required:
{2 3 2 2 2}
slices start:
{17 19 14 16 18}
tuples:
{12 27 12 12 12}
dist: 399
dist: 399
dist: 563
dist: 563
dist: 563

vlink src/dst: 1 6
number of protected paths set: 15
needed_slices: 30
paths: {1 1 2 2}
slices required:
{2 3 2 3}
slices start:
{20 42 0 22}
tuples:
{12 27 12 27}
dist: 336
dist: 336
dist: 355
dist: 355
24 second(s) taken for solution
27 second(s) taken in total
cost = 1215

