
2 second(s) taken for initialization

vlink src/dst: 2 5
number of protected paths set: 3
needed_slices: 12
paths: {0 1}
slices required:
{2 2}
slices start:
{0 0}
tuples:
{20 12}
dist: 199
dist: 387

vlink src/dst: 5 10
number of protected paths set: 3
needed_slices: 16
paths: {0 1}
slices required:
{2 2}
slices start:
{2 2}
tuples:
{20 12}
dist: 241
dist: 496

vlink src/dst: 1 2
number of protected paths set: 15
needed_slices: 12
paths: {0 1}
slices required:
{2 2}
slices start:
{4 4}
tuples:
{20 12}
dist: 263
dist: 322

vlink src/dst: 3 5
number of protected paths set: 3
needed_slices: 26
paths: {1 5}
slices required:
{2 2}
slices start:
{6 6}
tuples:
{12 12}
dist: 596
dist: 627

vlink src/dst: 1 8
number of protected paths set: 15
needed_slices: 66
paths: {3 3 3 6 6 6}
slices required:
{2 2 2 2 2 2}
slices start:
{8 10 12 8 10 12}
tuples:
{12 12 12 12 12 12}
dist: 495
dist: 495
dist: 495
dist: 510
dist: 510
dist: 510

vlink src/dst: 1 16
number of protected paths set: 15
needed_slices: 84
paths: {1 1 1 15 15 15}
slices required:
{2 2 2 2 2 2}
slices start:
{14 16 18 8 10 12}
tuples:
{12 12 12 12 12 12}
dist: 621
dist: 621
dist: 621
dist: 755
dist: 755
dist: 755

vlink src/dst: 2 9
number of protected paths set: 3
needed_slices: 96
paths: {1 1 1 15 15 15}
slices required:
{2 2 2 2 2 2}
slices start:
{2 20 22 0 4 6}
tuples:
{12 12 12 12 12 12}
dist: 498
dist: 498
dist: 498
dist: 613
dist: 613
dist: 613

vlink src/dst: 18 19
number of protected paths set: 15
needed_slices: 26
paths: {0 13}
slices required:
{2 2}
slices start:
{14 0}
tuples:
{12 12}
dist: 513
dist: 662

vlink src/dst: 9 10
number of protected paths set: 3
needed_slices: 28
paths: {0 17}
slices required:
{2 2}
slices start:
{24 2}
tuples:
{12 12}
dist: 445
dist: 647

vlink src/dst: 2 18
number of protected paths set: 15
needed_slices: 18
paths: {0 2}
slices required:
{2 2}
slices start:
{14 16}
tuples:
{12 12}
dist: 464
dist: 485

vlink src/dst: 10 14
number of protected paths set: 15
needed_slices: 113
paths: {1 1 3 3 4}
slices required:
{2 5 2 2 2}
slices start:
{24 26 18 20 26}
tuples:
{12 32 12 12 12}
dist: 674
dist: 674
dist: 709
dist: 709
dist: 710

vlink src/dst: 2 14
number of protected paths set: 15
needed_slices: 112
paths: {0 0 8 12 12}
slices required:
{2 5 2 2 2}
slices start:
{31 33 31 22 33}
tuples:
{12 32 12 12 12}
dist: 632
dist: 632
dist: 753
dist: 762
dist: 762

vlink src/dst: 0 6
number of protected paths set: 15
needed_slices: 76
paths: {0 4 4 11 11 12}
slices required:
{2 2 2 2 2 2}
slices start:
{2 24 26 0 4 28}
tuples:
{12 12 12 12 12 12}
dist: 425
dist: 488
dist: 488
dist: 561
dist: 561
dist: 625

vlink src/dst: 1 14
number of protected paths set: 15
needed_slices: 33
paths: {0 6}
slices required:
{2 3}
slices start:
{20 14}
tuples:
{12 11}
dist: 709
dist: 826

vlink src/dst: 6 8
number of protected paths set: 15
needed_slices: 44
paths: {0 0 7 7 7}
slices required:
{2 3 2 2 2}
slices start:
{14 28 2 6 17}
tuples:
{12 27 12 12 12}
dist: 331
dist: 331
dist: 464
dist: 464
dist: 464

vlink src/dst: 3 10
number of protected paths set: 15
needed_slices: 66
paths: {0 0 12 12 12}
slices required:
{2 3 2 2 2}
slices start:
{35 37 6 8 10}
tuples:
{12 27 12 12 12}
dist: 375
dist: 375
dist: 508
dist: 508
dist: 508

vlink src/dst: 0 17
number of protected paths set: 3
needed_slices: 19
paths: {0 1 1}
slices required:
{3 2 2}
slices start:
{12 12 16}
tuples:
{36 20 20}
dist: 35
dist: 212
dist: 212

vlink src/dst: 17 18
number of protected paths set: 3
needed_slices: 14
paths: {0 2}
slices required:
{2 2}
slices start:
{18 18}
tuples:
{20 20}
dist: 203
dist: 272

vlink src/dst: 11 16
number of protected paths set: 15
needed_slices: 12
paths: {0 1}
slices required:
{2 2}
slices start:
{4 2}
tuples:
{20 20}
dist: 240
dist: 248

vlink src/dst: 3 11
number of protected paths set: 15
needed_slices: 16
paths: {0 6}
slices required:
{2 2}
slices start:
{0 6}
tuples:
{20 12}
dist: 226
dist: 352

vlink src/dst: 0 18
number of protected paths set: 15
needed_slices: 8
paths: {0 1}
slices required:
{2 2}
slices start:
{4 8}
tuples:
{20 20}
dist: 168
dist: 184

vlink src/dst: 4 17
number of protected paths set: 3
needed_slices: 44
paths: {0 0 18 18}
slices required:
{2 2 2 2}
slices start:
{15 35 14 22}
tuples:
{12 12 12 12}
dist: 343
dist: 343
dist: 513
dist: 513

vlink src/dst: 1 7
number of protected paths set: 15
needed_slices: 21
paths: {0 9}
slices required:
{3 3}
slices start:
{24 31}
tuples:
{27 17}
dist: 310
dist: 509

vlink src/dst: 3 18
number of protected paths set: 15
needed_slices: 30
paths: {0 0 1 1}
slices required:
{2 3 2 3}
slices start:
{2 20 8 10}
tuples:
{20 28 20 27}
dist: 183
dist: 183
dist: 230
dist: 230

vlink src/dst: 3 4
number of protected paths set: 15
needed_slices: 38
paths: {0 0 2 2}
slices required:
{2 3 2 4}
slices start:
{28 37 0 2}
tuples:
{20 28 12 34}
dist: 181
dist: 181
dist: 307
dist: 307

vlink src/dst: 4 14
number of protected paths set: 15
needed_slices: 18
paths: {0 0 1 1}
slices required:
{2 2 2 3}
slices start:
{0 2 6 8}
tuples:
{20 20 12 27}
dist: 142
dist: 142
dist: 307
dist: 307

vlink src/dst: 11 17
number of protected paths set: 3
needed_slices: 23
paths: {0 0 1}
slices required:
{2 2 5}
slices start:
{20 22 24}
tuples:
{29 29 51}
dist: 96
dist: 96
dist: 150

vlink src/dst: 4 12
number of protected paths set: 3
needed_slices: 130
paths: {0 0 0 0 15 15 15 15}
slices required:
{2 2 2 2 2 2 2 3}
slices start:
{11 19 24 26 40 42 44 46}
tuples:
{12 12 12 12 6 6 6 11}
dist: 707
dist: 707
dist: 707
dist: 707
dist: 846
dist: 846
dist: 846
dist: 846

vlink src/dst: 13 14
number of protected paths set: 15
needed_slices: 40
paths: {0 0 6 6}
slices required:
{2 2 2 2}
slices start:
{13 15 8 10}
tuples:
{12 12 12 12}
dist: 576
dist: 576
dist: 665
dist: 665

vlink src/dst: 12 15
number of protected paths set: 3
needed_slices: 78
paths: {3 3 3 6 6 6}
slices required:
{2 2 2 2 2 3}
slices start:
{12 19 21 22 38 40}
tuples:
{12 12 12 6 6 11}
dist: 784
dist: 784
dist: 784
dist: 809
dist: 809
dist: 809
29 second(s) taken for solution
31 second(s) taken in total
cost = 1319

