
9 second(s) taken for initialization

vlink src/dst: 4 18
number of protected paths set: 3
needed_slices: 39
paths: {0 1}
slices required:
{3 3}
slices start:
{0 0}
tuples:
{18 17}
dist: 487
dist: 505

vlink src/dst: 4 12
number of protected paths set: 3
needed_slices: 88
paths: {0 0 1 2 2 2}
slices required:
{2 2 2 2 2 3}
slices start:
{3 5 7 3 5 7}
tuples:
{12 12 12 12 12 17}
dist: 462
dist: 462
dist: 499
dist: 531
dist: 531
dist: 531

vlink src/dst: 7 8
number of protected paths set: 3
needed_slices: 48
paths: {0 0 5 5}
slices required:
{2 2 2 2}
slices start:
{10 12 9 11}
tuples:
{12 12 12 12}
dist: 436
dist: 436
dist: 505
dist: 505

vlink src/dst: 1 18
number of protected paths set: 15
needed_slices: 40
paths: {0 0 2 2}
slices required:
{2 2 2 3}
slices start:
{14 16 14 16}
tuples:
{20 20 12 27}
dist: 298
dist: 298
dist: 376
dist: 376

vlink src/dst: 7 17
number of protected paths set: 3
needed_slices: 30
paths: {0 14}
slices required:
{2 2}
slices start:
{19 19}
tuples:
{12 12}
dist: 571
dist: 662

vlink src/dst: 0 8
number of protected paths set: 15
needed_slices: 16
paths: {1 2}
slices required:
{2 2}
slices start:
{21 21}
tuples:
{20 20}
dist: 281
dist: 294

vlink src/dst: 0 3
number of protected paths set: 15
needed_slices: 18
paths: {0 3}
slices required:
{2 2}
slices start:
{23 23}
tuples:
{12 12}
dist: 304
dist: 383

vlink src/dst: 0 10
number of protected paths set: 15
needed_slices: 14
paths: {0 8}
slices required:
{2 2}
slices start:
{25 25}
tuples:
{20 12}
dist: 233
dist: 398

vlink src/dst: 13 18
number of protected paths set: 15
needed_slices: 20
paths: {0 11}
slices required:
{2 2}
slices start:
{25 0}
tuples:
{20 12}
dist: 262
dist: 455

vlink src/dst: 8 18
number of protected paths set: 15
needed_slices: 28
paths: {0 0 4 4}
slices required:
{2 2 2 3}
slices start:
{27 29 2 4}
tuples:
{29 29 12 27}
dist: 75
dist: 75
dist: 320
dist: 320

vlink src/dst: 0 9
number of protected paths set: 15
needed_slices: 22
paths: {0 13}
slices required:
{2 2}
slices start:
{27 27}
tuples:
{12 12}
dist: 372
dist: 478

vlink src/dst: 10 12
number of protected paths set: 15
needed_slices: 8
paths: {0 2}
slices required:
{2 2}
slices start:
{0 31}
tuples:
{29 20}
dist: 90
dist: 219

vlink src/dst: 1 2
number of protected paths set: 15
needed_slices: 34
paths: {1 3}
slices required:
{2 2}
slices start:
{29 29}
tuples:
{12 12}
dist: 674
dist: 709

vlink src/dst: 3 15
number of protected paths set: 15
needed_slices: 6
paths: {0 1}
slices required:
{2 2}
slices start:
{0 0}
tuples:
{29 20}
dist: 85
dist: 176

vlink src/dst: 1 19
number of protected paths set: 15
needed_slices: 36
paths: {0 0 5 5 5}
slices required:
{2 2 2 2 2}
slices start:
{13 15 0 2 4}
tuples:
{20 20 12 12 12}
dist: 271
dist: 271
dist: 598
dist: 598
dist: 598

vlink src/dst: 1 6
number of protected paths set: 15
needed_slices: 52
paths: {0 0 8 8}
slices required:
{2 2 2 2}
slices start:
{31 33 33 35}
tuples:
{12 12 12 12}
dist: 532
dist: 532
dist: 662
dist: 662

vlink src/dst: 6 10
number of protected paths set: 15
needed_slices: 16
paths: {0 9}
slices required:
{2 2}
slices start:
{7 2}
tuples:
{20 12}
dist: 287
dist: 432

vlink src/dst: 5 15
number of protected paths set: 15
needed_slices: 14
paths: {1 3}
slices required:
{2 2}
slices start:
{2 13}
tuples:
{20 12}
dist: 281
dist: 325

vlink src/dst: 8 13
number of protected paths set: 15
needed_slices: 13
paths: {0 4}
slices required:
{2 3}
slices start:
{0 4}
tuples:
{20 27}
dist: 187
dist: 375

vlink src/dst: 6 8
number of protected paths set: 15
needed_slices: 12
paths: {0 1}
slices required:
{2 2}
slices start:
{9 7}
tuples:
{20 20}
dist: 278
dist: 290

vlink src/dst: 2 19
number of protected paths set: 15
needed_slices: 88
paths: {0 0 13 13 15 15}
slices required:
{2 2 2 2 2 2}
slices start:
{9 11 4 6 35 37}
tuples:
{12 12 12 12 12 12}
dist: 542
dist: 542
dist: 725
dist: 725
dist: 742
dist: 742

vlink src/dst: 2 3
number of protected paths set: 15
needed_slices: 40
paths: {0 0 1 1}
slices required:
{2 3 2 3}
slices start:
{0 13 8 10}
tuples:
{12 27 12 27}
dist: 327
dist: 327
dist: 338
dist: 338

vlink src/dst: 5 17
number of protected paths set: 15
needed_slices: 8
paths: {0 1}
slices required:
{2 2}
slices start:
{13 2}
tuples:
{29 20}
dist: 52
dist: 271

vlink src/dst: 6 17
number of protected paths set: 15
needed_slices: 24
paths: {1 1 2 2}
slices required:
{2 2 2 2}
slices start:
{15 17 4 11}
tuples:
{20 20 20 20}
dist: 212
dist: 212
dist: 300
dist: 300

vlink src/dst: 2 9
number of protected paths set: 15
needed_slices: 12
paths: {0 1}
slices required:
{2 2}
slices start:
{19 0}
tuples:
{20 20}
dist: 220
dist: 275

vlink src/dst: 9 14
number of protected paths set: 3
needed_slices: 60
paths: {1 1 2 2}
slices required:
{2 3 2 3}
slices start:
{2 4 21 23}
tuples:
{12 17 12 17}
dist: 514
dist: 514
dist: 525
dist: 525

vlink src/dst: 15 19
number of protected paths set: 15
needed_slices: 18
paths: {0 1}
slices required:
{2 3}
slices start:
{39 13}
tuples:
{20 18}
dist: 223
dist: 469

vlink src/dst: 3 19
number of protected paths set: 15
needed_slices: 42
paths: {0 0 2 2}
slices required:
{2 4 2 4}
slices start:
{41 43 0 8}
tuples:
{12 34 12 34}
dist: 308
dist: 308
dist: 384
dist: 384

vlink src/dst: 3 16
number of protected paths set: 15
needed_slices: 16
paths: {0 11}
slices required:
{2 2}
slices start:
{9 16}
tuples:
{12 12}
dist: 362
dist: 601

vlink src/dst: 3 11
number of protected paths set: 15
needed_slices: 24
paths: {0 0 4 4}
slices required:
{2 2 2 2}
slices start:
{16 18 2 18}
tuples:
{12 12 12 12}
dist: 329
dist: 329
dist: 471
dist: 471
17 second(s) taken for solution
26 second(s) taken in total
cost = 886

