
2 second(s) taken for initialization

vlink src/dst: 10 17
number of protected paths set: 3
needed_slices: 26
paths: {0 2}
slices required:
{2 2}
slices start:
{0 0}
tuples:
{12 12}
dist: 462
dist: 531

vlink src/dst: 0 17
number of protected paths set: 3
needed_slices: 12
paths: {0 0 1 1}
slices required:
{2 2 2 2}
slices start:
{2 4 2 4}
tuples:
{20 20 20 20}
dist: 147
dist: 147
dist: 214
dist: 214

vlink src/dst: 2 8
number of protected paths set: 3
needed_slices: 14
paths: {0 3}
slices required:
{2 2}
slices start:
{6 2}
tuples:
{20 12}
dist: 221
dist: 388

vlink src/dst: 16 17
number of protected paths set: 3
needed_slices: 84
paths: {0 0 0 5 5 5}
slices required:
{2 2 2 2 2 2}
slices start:
{8 10 12 6 8 10}
tuples:
{12 12 12 12 12 12}
dist: 566
dist: 566
dist: 566
dist: 652
dist: 652
dist: 652

vlink src/dst: 6 17
number of protected paths set: 3
needed_slices: 54
paths: {6 12}
slices required:
{3 3}
slices start:
{12 14}
tuples:
{11 11}
dist: 946
dist: 985

vlink src/dst: 6 18
number of protected paths set: 3
needed_slices: 54
paths: {1 15}
slices required:
{3 3}
slices start:
{0 15}
tuples:
{11 10}
dist: 934
dist: 1003

vlink src/dst: 2 6
number of protected paths set: 3
needed_slices: 160
paths: {2 2 2 2 10 10 10 10}
slices required:
{2 2 2 2 2 2 2 2}
slices start:
{3 18 20 22 4 6 18 20}
tuples:
{6 6 6 6 6 6 6 6}
dist: 840
dist: 840
dist: 840
dist: 840
dist: 883
dist: 883
dist: 883
dist: 883

vlink src/dst: 2 11
number of protected paths set: 3
needed_slices: 28
paths: {0 15}
slices required:
{2 2}
slices start:
{24 24}
tuples:
{12 6}
dist: 741
dist: 884

vlink src/dst: 11 17
number of protected paths set: 3
needed_slices: 120
paths: {0 0 0 0 11 11 11 11}
slices required:
{2 2 2 2 2 2 2 2}
slices start:
{17 19 21 26 26 28 30 32}
tuples:
{6 6 6 6 6 6 6 6}
dist: 814
dist: 814
dist: 814
dist: 814
dist: 923
dist: 923
dist: 923
dist: 923

vlink src/dst: 7 18
number of protected paths set: 3
needed_slices: 48
paths: {1 1 4 4}
slices required:
{2 2 2 2}
slices start:
{34 36 3 5}
tuples:
{12 12 12 12}
dist: 637
dist: 637
dist: 671
dist: 671

vlink src/dst: 4 9
number of protected paths set: 15
needed_slices: 62
paths: {0 0 1 2 3 3}
slices required:
{2 2 2 2 2 2}
slices start:
{38 40 7 42 9 11}
tuples:
{12 12 12 12 12 12}
dist: 528
dist: 528
dist: 547
dist: 576
dist: 582
dist: 582

vlink src/dst: 2 3
number of protected paths set: 3
needed_slices: 18
paths: {2 3}
slices required:
{2 2}
slices start:
{22 34}
tuples:
{12 12}
dist: 496
dist: 514

vlink src/dst: 3 17
number of protected paths set: 3
needed_slices: 68
paths: {0 0 0 8 8 8 8}
slices required:
{2 2 3 2 2 2 2}
slices start:
{23 28 30 17 19 36 44}
tuples:
{12 12 18 12 12 12 12}
dist: 404
dist: 404
dist: 404
dist: 674
dist: 674
dist: 674
dist: 674

vlink src/dst: 4 13
number of protected paths set: 15
needed_slices: 28
paths: {1 5}
slices required:
{2 2}
slices start:
{36 46}
tuples:
{12 12}
dist: 556
dist: 628

vlink src/dst: 0 1
number of protected paths set: 15
needed_slices: 32
paths: {3 7}
slices required:
{2 2}
slices start:
{44 38}
tuples:
{12 12}
dist: 734
dist: 768

vlink src/dst: 0 3
number of protected paths set: 15
needed_slices: 39
paths: {0 0 3 3 3}
slices required:
{2 3 2 2 2}
slices start:
{40 46 14 26 28}
tuples:
{12 27 12 12 12}
dist: 356
dist: 356
dist: 517
dist: 517
dist: 517

vlink src/dst: 0 14
number of protected paths set: 15
needed_slices: 76
paths: {0 0 0 4 4 4 4}
slices required:
{2 2 3 2 2 2 2}
slices start:
{42 49 51 48 50 52 54}
tuples:
{12 12 18 12 12 12 12}
dist: 486
dist: 486
dist: 486
dist: 609
dist: 609
dist: 609
dist: 609

vlink src/dst: 4 6
number of protected paths set: 3
needed_slices: 28
paths: {0 7}
slices required:
{2 2}
slices start:
{44 56}
tuples:
{12 12}
dist: 668
dist: 744

vlink src/dst: 1 18
number of protected paths set: 3
needed_slices: 145
paths: {0 1 1 15 15 15 15}
slices required:
{2 2 2 2 2 2 3}
slices start:
{2 22 24 58 60 62 64}
tuples:
{12 12 12 6 6 6 11}
dist: 761
dist: 772
dist: 772
dist: 840
dist: 840
dist: 840
dist: 840

vlink src/dst: 2 10
number of protected paths set: 3
needed_slices: 58
paths: {0 0 0 6 6 6}
slices required:
{2 2 2 2 2 3}
slices start:
{14 16 26 67 69 71}
tuples:
{20 20 20 12 12 18}
dist: 256
dist: 256
dist: 256
dist: 418
dist: 418
dist: 418

vlink src/dst: 10 11
number of protected paths set: 15
needed_slices: 24
paths: {1 10}
slices required:
{2 2}
slices start:
{74 28}
tuples:
{12 12}
dist: 532
dist: 687

vlink src/dst: 3 9
number of protected paths set: 15
needed_slices: 40
paths: {1 1 4 4}
slices required:
{2 3 2 3}
slices start:
{0 2 0 9}
tuples:
{12 18 12 17}
dist: 495
dist: 495
dist: 526
dist: 526

vlink src/dst: 3 6
number of protected paths set: 3
needed_slices: 24
paths: {0 15}
slices required:
{2 2}
slices start:
{5 46}
tuples:
{12 12}
dist: 586
dist: 737

vlink src/dst: 1 14
number of protected paths set: 15
needed_slices: 59
paths: {1 1 7 7 7}
slices required:
{3 3 2 2 3}
slices start:
{9 18 30 32 48}
tuples:
{27 27 12 12 17}
dist: 340
dist: 340
dist: 533
dist: 533
dist: 533

vlink src/dst: 6 19
number of protected paths set: 3
needed_slices: 95
paths: {0 0 0 6 9 9}
slices required:
{2 2 3 2 2 2}
slices start:
{0 2 8 7 9 11}
tuples:
{12 12 17 12 12 12}
dist: 542
dist: 542
dist: 542
dist: 650
dist: 653
dist: 653

vlink src/dst: 13 15
number of protected paths set: 15
needed_slices: 16
paths: {0 4}
slices required:
{2 2}
slices start:
{4 0}
tuples:
{20 12}
dist: 270
dist: 387

vlink src/dst: 12 13
number of protected paths set: 3
needed_slices: 22
paths: {2 4}
slices required:
{2 2}
slices start:
{26 13}
tuples:
{12 12}
dist: 364
dist: 444

vlink src/dst: 5 16
number of protected paths set: 15
needed_slices: 27
paths: {0 12}
slices required:
{3 3}
slices start:
{13 15}
tuples:
{27 17}
dist: 334
dist: 519

vlink src/dst: 1 15
number of protected paths set: 15
needed_slices: 6
paths: {0 2}
slices required:
{2 2}
slices start:
{6 0}
tuples:
{20 12}
dist: 228
dist: 339

vlink src/dst: 1 19
number of protected paths set: 15
needed_slices: 45
paths: {0 0 2 2}
slices required:
{2 3 2 3}
slices start:
{11 18 4 28}
tuples:
{12 27 12 27}
dist: 301
dist: 301
dist: 352
dist: 352
29 second(s) taken for solution
31 second(s) taken in total
cost = 1512

