
5 second(s) taken for initialization

vlink src/dst: 2 3
number of protected paths set: 3
needed_slices: 16
paths: {0 2}
slices required:
{2 2}
slices start:
{0 0}
tuples:
{12 12}
dist: 391
dist: 464

vlink src/dst: 5 18
number of protected paths set: 3
needed_slices: 28
paths: {0 0 1 1}
slices required:
{2 2 2 3}
slices start:
{2 4 2 4}
tuples:
{20 20 12 27}
dist: 205
dist: 205
dist: 303
dist: 303

vlink src/dst: 3 13
number of protected paths set: 3
needed_slices: 37
paths: {0 0 2 2}
slices required:
{2 2 2 3}
slices start:
{7 9 7 9}
tuples:
{20 20 12 18}
dist: 256
dist: 256
dist: 423
dist: 423

vlink src/dst: 3 18
number of protected paths set: 3
needed_slices: 8
paths: {0 1}
slices required:
{2 2}
slices start:
{2 12}
tuples:
{20 20}
dist: 181
dist: 231

vlink src/dst: 13 16
number of protected paths set: 3
needed_slices: 22
paths: {2 4}
slices required:
{2 2}
slices start:
{0 11}
tuples:
{12 12}
dist: 418
dist: 458

vlink src/dst: 13 17
number of protected paths set: 3
needed_slices: 75
paths: {0 1 1 16 16 16}
slices required:
{2 2 2 2 2 3}
slices start:
{13 15 17 12 14 16}
tuples:
{12 12 12 12 12 17}
dist: 441
dist: 452
dist: 452
dist: 563
dist: 563
dist: 563

vlink src/dst: 14 18
number of protected paths set: 15
needed_slices: 35
paths: {0 0 1 1}
slices required:
{2 3 2 3}
slices start:
{2 4 4 19}
tuples:
{20 27 20 27}
dist: 219
dist: 219
dist: 271
dist: 271

vlink src/dst: 1 18
number of protected paths set: 15
needed_slices: 48
paths: {1 1 1 2 2 2}
slices required:
{2 2 2 2 2 2}
slices start:
{22 24 26 7 9 19}
tuples:
{20 20 20 20 20 20}
dist: 281
dist: 281
dist: 281
dist: 294
dist: 294
dist: 294

vlink src/dst: 3 7
number of protected paths set: 3
needed_slices: 66
paths: {0 0 5 12 16 16}
slices required:
{2 2 2 2 2 2}
slices start:
{4 13 11 28 30 32}
tuples:
{12 12 12 12 12 12}
dist: 373
dist: 373
dist: 471
dist: 543
dist: 642
dist: 642

vlink src/dst: 3 8
number of protected paths set: 3
needed_slices: 106
paths: {1 1 1 19 19 19 19}
slices required:
{2 2 2 2 2 2 2}
slices start:
{19 30 32 21 23 25 34}
tuples:
{12 12 12 6 6 6 6}
dist: 539
dist: 539
dist: 539
dist: 841
dist: 841
dist: 841
dist: 841

vlink src/dst: 0 6
number of protected paths set: 15
needed_slices: 15
paths: {0 0 1 1}
slices required:
{2 3 2 3}
slices start:
{0 2 0 6}
tuples:
{20 28 20 28}
dist: 103
dist: 103
dist: 124
dist: 124

vlink src/dst: 4 6
number of protected paths set: 15
needed_slices: 24
paths: {0 13}
slices required:
{2 2}
slices start:
{36 0}
tuples:
{12 12}
dist: 324
dist: 667

vlink src/dst: 13 15
number of protected paths set: 3
needed_slices: 91
paths: {0 0 0 15 15 15}
slices required:
{2 2 2 2 2 3}
slices start:
{27 29 31 19 21 23}
tuples:
{12 12 12 6 6 11}
dist: 741
dist: 741
dist: 741
dist: 884
dist: 884
dist: 884

vlink src/dst: 4 7
number of protected paths set: 15
needed_slices: 78
paths: {0 0 0 12 12 12}
slices required:
{2 2 2 2 2 2}
slices start:
{38 40 42 2 4 6}
tuples:
{12 12 12 12 12 12}
dist: 473
dist: 473
dist: 473
dist: 625
dist: 625
dist: 625

vlink src/dst: 12 13
number of protected paths set: 3
needed_slices: 78
paths: {0 0 0 11 11 11}
slices required:
{2 2 2 2 2 2}
slices start:
{38 40 42 36 44 46}
tuples:
{12 12 12 12 12 12}
dist: 719
dist: 719
dist: 719
dist: 793
dist: 793
dist: 793

vlink src/dst: 0 16
number of protected paths set: 15
needed_slices: 60
paths: {1 1 7 7}
slices required:
{2 4 2 4}
slices start:
{2 48 2 4}
tuples:
{12 34 12 34}
dist: 333
dist: 333
dist: 398
dist: 398

vlink src/dst: 6 19
number of protected paths set: 15
needed_slices: 84
paths: {0 0 0 9 9 9}
slices required:
{2 2 2 2 2 2}
slices start:
{8 28 34 8 13 15}
tuples:
{12 12 12 12 12 12}
dist: 498
dist: 498
dist: 498
dist: 593
dist: 593
dist: 593

vlink src/dst: 0 10
number of protected paths set: 15
needed_slices: 22
paths: {0 3}
slices required:
{2 2}
slices start:
{15 0}
tuples:
{12 12}
dist: 443
dist: 499

vlink src/dst: 7 11
number of protected paths set: 15
needed_slices: 10
paths: {0 1}
slices required:
{2 2}
slices start:
{0 0}
tuples:
{29 20}
dist: 64
dist: 182

vlink src/dst: 1 16
number of protected paths set: 15
needed_slices: 12
paths: {0 0 1 1}
slices required:
{2 2 2 2}
slices start:
{8 13 4 38}
tuples:
{20 20 20 20}
dist: 102
dist: 102
dist: 159
dist: 159

vlink src/dst: 1 4
number of protected paths set: 15
needed_slices: 16
paths: {0 4}
slices required:
{2 2}
slices start:
{48 17}
tuples:
{20 12}
dist: 295
dist: 490

vlink src/dst: 2 4
number of protected paths set: 15
needed_slices: 10
paths: {0 2}
slices required:
{2 2}
slices start:
{0 2}
tuples:
{29 12}
dist: 56
dist: 503

vlink src/dst: 4 16
number of protected paths set: 15
needed_slices: 21
paths: {0 2}
slices required:
{3 3}
slices start:
{52 8}
tuples:
{27 27}
dist: 308
dist: 384

vlink src/dst: 10 16
number of protected paths set: 15
needed_slices: 10
paths: {0 2}
slices required:
{2 2}
slices start:
{0 10}
tuples:
{20 12}
dist: 128
dist: 404

vlink src/dst: 7 10
number of protected paths set: 15
needed_slices: 22
paths: {0 5}
slices required:
{2 2}
slices start:
{12 2}
tuples:
{12 12}
dist: 350
dist: 424

vlink src/dst: 9 19
number of protected paths set: 15
needed_slices: 48
paths: {0 0 10 10}
slices required:
{2 2 2 2}
slices start:
{0 4 21 23}
tuples:
{12 12 12 12}
dist: 476
dist: 476
dist: 641
dist: 641

vlink src/dst: 4 10
number of protected paths set: 15
needed_slices: 14
paths: {0 4}
slices required:
{2 2}
slices start:
{8 11}
tuples:
{12 12}
dist: 343
dist: 512

vlink src/dst: 4 9
number of protected paths set: 15
needed_slices: 8
paths: {0 1}
slices required:
{2 2}
slices start:
{4 10}
tuples:
{20 20}
dist: 197
dist: 268

vlink src/dst: 8 12
number of protected paths set: 15
needed_slices: 24
paths: {0 6}
slices required:
{3 3}
slices start:
{0 14}
tuples:
{27 18}
dist: 344
dist: 486

vlink src/dst: 9 12
number of protected paths set: 15
needed_slices: 25
paths: {0 0 1 1}
slices required:
{2 3 2 3}
slices start:
{0 2 2 26}
tuples:
{12 27 12 27}
dist: 340
dist: 340
dist: 362
dist: 362
29 second(s) taken for solution
34 second(s) taken in total
cost = 1113

