
5 second(s) taken for initialization

vlink src/dst: 6 14
number of protected paths set: 3
needed_slices: 18
paths: {0 6}
slices required:
{2 2}
slices start:
{0 0}
tuples:
{20 12}
dist: 256
dist: 418

vlink src/dst: 4 14
number of protected paths set: 3
needed_slices: 23
paths: {0 6}
slices required:
{2 3}
slices start:
{2 2}
tuples:
{20 18}
dist: 231
dist: 444

vlink src/dst: 4 18
number of protected paths set: 15
needed_slices: 18
paths: {0 2}
slices required:
{2 2}
slices start:
{5 5}
tuples:
{20 12}
dist: 298
dist: 376

vlink src/dst: 5 14
number of protected paths set: 3
needed_slices: 16
paths: {1 2}
slices required:
{2 2}
slices start:
{7 7}
tuples:
{12 12}
dist: 394
dist: 497

vlink src/dst: 12 14
number of protected paths set: 3
needed_slices: 52
paths: {0 0 11 11}
slices required:
{2 2 2 2}
slices start:
{9 11 9 11}
tuples:
{12 12 12 12}
dist: 719
dist: 719
dist: 793
dist: 793

vlink src/dst: 0 6
number of protected paths set: 3
needed_slices: 26
paths: {0 2}
slices required:
{2 2}
slices start:
{13 13}
tuples:
{12 12}
dist: 462
dist: 531

vlink src/dst: 0 16
number of protected paths set: 3
needed_slices: 44
paths: {0 0 2 2 2}
slices required:
{2 3 2 2 2}
slices start:
{15 17 0 2 4}
tuples:
{12 27 12 12 12}
dist: 342
dist: 342
dist: 424
dist: 424
dist: 424

vlink src/dst: 2 17
number of protected paths set: 15
needed_slices: 64
paths: {1 1 12 12}
slices required:
{2 2 2 2}
slices start:
{15 17 20 22}
tuples:
{12 12 12 12}
dist: 525
dist: 525
dist: 678
dist: 678

vlink src/dst: 9 19
number of protected paths set: 3
needed_slices: 51
paths: {0 14 14}
slices required:
{3 2 2}
slices start:
{7 19 21}
tuples:
{17 12 12}
dist: 571
dist: 662
dist: 662

vlink src/dst: 15 18
number of protected paths set: 15
needed_slices: 84
paths: {0 0 0 15 15 15}
slices required:
{2 2 2 2 2 2}
slices start:
{23 25 27 24 26 28}
tuples:
{12 12 12 12 12 12}
dist: 521
dist: 521
dist: 521
dist: 641
dist: 641
dist: 641

vlink src/dst: 12 16
number of protected paths set: 15
needed_slices: 72
paths: {0 0 7 7 13}
slices required:
{2 2 2 2 2}
slices start:
{13 15 15 17 30}
tuples:
{12 12 12 12 6}
dist: 644
dist: 644
dist: 714
dist: 714
dist: 908

vlink src/dst: 8 16
number of protected paths set: 15
needed_slices: 20
paths: {1 7}
slices required:
{2 2}
slices start:
{17 32}
tuples:
{12 12}
dist: 472
dist: 617

vlink src/dst: 7 19
number of protected paths set: 3
needed_slices: 91
paths: {0 0 0 6 6 6 6}
slices required:
{2 2 3 2 2 2 2}
slices start:
{0 2 4 29 31 33 35}
tuples:
{12 12 17 12 12 12 12}
dist: 590
dist: 590
dist: 590
dist: 719
dist: 719
dist: 719
dist: 719

vlink src/dst: 1 5
number of protected paths set: 15
needed_slices: 20
paths: {0 9}
slices required:
{2 2}
slices start:
{0 37}
tuples:
{12 12}
dist: 351
dist: 496

vlink src/dst: 2 4
number of protected paths set: 15
needed_slices: 55
paths: {2 2 3 3}
slices required:
{2 3 2 4}
slices start:
{10 19 2 4}
tuples:
{20 27 12 34}
dist: 289
dist: 289
dist: 335
dist: 335

vlink src/dst: 7 10
number of protected paths set: 15
needed_slices: 60
paths: {0 0 0 8 8 8}
slices required:
{2 2 2 2 2 2}
slices start:
{0 2 4 22 24 26}
tuples:
{12 12 12 12 12 12}
dist: 413
dist: 413
dist: 413
dist: 564
dist: 564
dist: 564

vlink src/dst: 6 9
number of protected paths set: 15
needed_slices: 33
paths: {0 0 5 5}
slices required:
{2 3 2 4}
slices start:
{0 2 23 25}
tuples:
{20 28 12 34}
dist: 185
dist: 185
dist: 317
dist: 317

vlink src/dst: 2 7
number of protected paths set: 15
needed_slices: 22
paths: {7 10}
slices required:
{2 2}
slices start:
{29 6}
tuples:
{12 12}
dist: 490
dist: 553

vlink src/dst: 2 10
number of protected paths set: 15
needed_slices: 30
paths: {0 0 1 1}
slices required:
{2 3 2 3}
slices start:
{8 10 12 31}
tuples:
{20 28 20 28}
dist: 139
dist: 139
dist: 177
dist: 177

vlink src/dst: 1 9
number of protected paths set: 15
needed_slices: 12
paths: {0 2}
slices required:
{2 2}
slices start:
{24 14}
tuples:
{29 20}
dist: 94
dist: 222

vlink src/dst: 7 11
number of protected paths set: 15
needed_slices: 14
paths: {0 4}
slices required:
{2 2}
slices start:
{13 39}
tuples:
{20 12}
dist: 288
dist: 448

vlink src/dst: 3 11
number of protected paths set: 15
needed_slices: 22
paths: {0 5}
slices required:
{2 2}
slices start:
{0 10}
tuples:
{12 12}
dist: 370
dist: 501

vlink src/dst: 11 12
number of protected paths set: 15
needed_slices: 54
paths: {1 1 1 7 7 7}
slices required:
{2 2 2 2 2 2}
slices start:
{2 4 37 41 43 45}
tuples:
{12 12 12 12 12 12}
dist: 457
dist: 457
dist: 457
dist: 606
dist: 606
dist: 606

vlink src/dst: 3 10
number of protected paths set: 15
needed_slices: 20
paths: {1 6}
slices required:
{2 2}
slices start:
{8 16}
tuples:
{12 12}
dist: 387
dist: 460

vlink src/dst: 9 15
number of protected paths set: 15
needed_slices: 8
paths: {0 1}
slices required:
{2 2}
slices start:
{0 16}
tuples:
{29 20}
dist: 52
dist: 271

vlink src/dst: 7 17
number of protected paths set: 15
needed_slices: 55
paths: {3 3 4 4}
slices required:
{2 3 2 3}
slices start:
{47 49 7 34}
tuples:
{12 17 12 17}
dist: 554
dist: 554
dist: 592
dist: 592

vlink src/dst: 5 13
number of protected paths set: 15
needed_slices: 12
paths: {0 0 1 1}
slices required:
{2 2 2 2}
slices start:
{0 2 0 2}
tuples:
{20 20 20 20}
dist: 133
dist: 133
dist: 249
dist: 249

vlink src/dst: 7 8
number of protected paths set: 15
needed_slices: 8
paths: {0 1}
slices required:
{2 2}
slices start:
{17 0}
tuples:
{20 20}
dist: 202
dist: 295

vlink src/dst: 7 13
number of protected paths set: 15
needed_slices: 12
paths: {1 2}
slices required:
{2 2}
slices start:
{19 4}
tuples:
{12 12}
dist: 336
dist: 355

vlink src/dst: 5 7
number of protected paths set: 15
needed_slices: 23
paths: {0 0 1 1}
slices required:
{2 2 2 3}
slices start:
{31 37 19 39}
tuples:
{20 20 12 27}
dist: 203
dist: 203
dist: 319
dist: 319
23 second(s) taken for solution
28 second(s) taken in total
cost = 1039

