
9 second(s) taken for initialization

vlink src/dst: 7 15
number of protected paths set: 15
needed_slices: 16
paths: {0 4}
slices required:
{2 2}
slices start:
{0 0}
tuples:
{20 12}
dist: 200
dist: 479

vlink src/dst: 9 14
number of protected paths set: 3
needed_slices: 86
paths: {0 2 2 3 3 3}
slices required:
{2 2 2 2 2 3}
slices start:
{2 4 6 2 4 6}
tuples:
{12 12 12 12 12 17}
dist: 504
dist: 518
dist: 518
dist: 546
dist: 546
dist: 546

vlink src/dst: 4 8
number of protected paths set: 3
needed_slices: 12
paths: {0 0 1 1}
slices required:
{2 2 2 2}
slices start:
{0 2 0 2}
tuples:
{20 20 20 20}
dist: 147
dist: 147
dist: 214
dist: 214

vlink src/dst: 5 7
number of protected paths set: 15
needed_slices: 30
paths: {0 1}
slices required:
{3 3}
slices start:
{8 9}
tuples:
{27 27}
dist: 334
dist: 380

vlink src/dst: 9 10
number of protected paths set: 3
needed_slices: 96
paths: {1 1 1 13 13 13}
slices required:
{2 2 2 2 2 2}
slices start:
{12 14 16 11 13 15}
tuples:
{12 12 12 12 12 12}
dist: 623
dist: 623
dist: 623
dist: 710
dist: 710
dist: 710

vlink src/dst: 2 7
number of protected paths set: 15
needed_slices: 26
paths: {1 2}
slices required:
{2 2}
slices start:
{0 18}
tuples:
{12 12}
dist: 521
dist: 522

vlink src/dst: 4 10
number of protected paths set: 3
needed_slices: 136
paths: {1 1 1 1 10 10 10 10}
slices required:
{2 2 2 2 2 2 2 2}
slices start:
{17 19 21 23 20 22 24 26}
tuples:
{12 12 12 12 12 12 12 12}
dist: 681
dist: 681
dist: 681
dist: 681
dist: 769
dist: 769
dist: 769
dist: 769

vlink src/dst: 11 15
number of protected paths set: 15
needed_slices: 16
paths: {0 0 1 1}
slices required:
{2 2 2 2}
slices start:
{0 12 0 2}
tuples:
{29 29 20 20}
dist: 98
dist: 98
dist: 150
dist: 150

vlink src/dst: 17 18
number of protected paths set: 3
needed_slices: 61
paths: {1 1 17 17 17}
slices required:
{2 3 2 2 2}
slices start:
{14 25 14 16 20}
tuples:
{12 27 12 12 12}
dist: 368
dist: 368
dist: 572
dist: 572
dist: 572

vlink src/dst: 5 11
number of protected paths set: 15
needed_slices: 28
paths: {0 0 4 4}
slices required:
{2 2 2 3}
slices start:
{0 12 4 6}
tuples:
{29 29 12 27}
dist: 75
dist: 75
dist: 320
dist: 320

vlink src/dst: 16 17
number of protected paths set: 3
needed_slices: 125
paths: {1 1 1 16 16 16}
slices required:
{2 2 2 2 2 3}
slices start:
{28 30 32 22 24 26}
tuples:
{12 12 12 6 6 11}
dist: 666
dist: 666
dist: 666
dist: 814
dist: 814
dist: 814

vlink src/dst: 3 11
number of protected paths set: 15
needed_slices: 78
paths: {0 0 14 14 14}
slices required:
{3 3 2 2 3}
slices start:
{17 34 9 11 29}
tuples:
{27 27 12 12 17}
dist: 307
dist: 307
dist: 599
dist: 599
dist: 599

vlink src/dst: 5 8
number of protected paths set: 15
needed_slices: 68
paths: {0 0 9 9 11 11}
slices required:
{2 2 2 2 2 2}
slices start:
{28 30 37 39 0 9}
tuples:
{12 12 12 12 12 12}
dist: 387
dist: 387
dist: 548
dist: 548
dist: 614
dist: 614

vlink src/dst: 1 15
number of protected paths set: 15
needed_slices: 20
paths: {0 0 2 2}
slices required:
{2 2 2 2}
slices start:
{32 34 0 2}
tuples:
{20 20 20 20}
dist: 175
dist: 175
dist: 262
dist: 262

vlink src/dst: 1 5
number of protected paths set: 15
needed_slices: 20
paths: {0 0 1 1}
slices required:
{2 3 2 3}
slices start:
{0 37 14 20}
tuples:
{20 28 20 28}
dist: 125
dist: 125
dist: 142
dist: 142

vlink src/dst: 0 14
number of protected paths set: 15
needed_slices: 19
paths: {0 0 1 1}
slices required:
{2 2 2 3}
slices start:
{2 4 34 36}
tuples:
{20 20 12 27}
dist: 113
dist: 113
dist: 329
dist: 329

vlink src/dst: 5 18
number of protected paths set: 15
needed_slices: 13
paths: {0 2}
slices required:
{2 3}
slices start:
{11 22}
tuples:
{20 27}
dist: 230
dist: 332

vlink src/dst: 1 10
number of protected paths set: 15
needed_slices: 14
paths: {0 3}
slices required:
{2 2}
slices start:
{0 4}
tuples:
{20 20}
dist: 184
dist: 290

vlink src/dst: 5 13
number of protected paths set: 15
needed_slices: 30
paths: {0 3}
slices required:
{3 3}
slices start:
{29 16}
tuples:
{27 18}
dist: 325
dist: 434

vlink src/dst: 14 19
number of protected paths set: 15
needed_slices: 25
paths: {0 0 1 1}
slices required:
{2 3 2 3}
slices start:
{2 4 0 2}
tuples:
{20 27 20 27}
dist: 258
dist: 258
dist: 272
dist: 272

vlink src/dst: 10 13
number of protected paths set: 15
needed_slices: 8
paths: {0 2}
slices required:
{2 3}
slices start:
{0 0}
tuples:
{20 27}
dist: 228
dist: 339

vlink src/dst: 1 13
number of protected paths set: 15
needed_slices: 27
paths: {0 5}
slices required:
{3 3}
slices start:
{40 6}
tuples:
{27 18}
dist: 334
dist: 437

vlink src/dst: 6 10
number of protected paths set: 15
needed_slices: 60
paths: {1 1 2 2}
slices required:
{2 3 2 3}
slices start:
{7 37 2 9}
tuples:
{12 17 12 17}
dist: 506
dist: 506
dist: 538
dist: 538

vlink src/dst: 2 6
number of protected paths set: 15
needed_slices: 24
paths: {1 11}
slices required:
{2 2}
slices start:
{43 4}
tuples:
{12 12}
dist: 461
dist: 584

vlink src/dst: 0 13
number of protected paths set: 15
needed_slices: 22
paths: {1 2}
slices required:
{2 2}
slices start:
{11 0}
tuples:
{12 12}
dist: 447
dist: 483

vlink src/dst: 4 16
number of protected paths set: 3
needed_slices: 54
paths: {6 12}
slices required:
{3 3}
slices start:
{39 12}
tuples:
{11 11}
dist: 946
dist: 985

vlink src/dst: 13 18
number of protected paths set: 15
needed_slices: 14
paths: {0 6}
slices required:
{2 2}
slices start:
{6 5}
tuples:
{20 12}
dist: 199
dist: 441

vlink src/dst: 3 18
number of protected paths set: 15
needed_slices: 10
paths: {0 1}
slices required:
{2 2}
slices start:
{2 9}
tuples:
{20 20}
dist: 172
dist: 252

vlink src/dst: 14 16
number of protected paths set: 3
needed_slices: 55
paths: {0 0 5 5}
slices required:
{2 3 2 3}
slices start:
{19 21 13 45}
tuples:
{12 18 12 17}
dist: 426
dist: 426
dist: 582
dist: 582

vlink src/dst: 8 12
number of protected paths set: 15
needed_slices: 20
paths: {3 5}
slices required:
{2 2}
slices start:
{2 4}
tuples:
{12 12}
dist: 612
dist: 634
32 second(s) taken for solution
41 second(s) taken in total
cost = 1213

