
3 second(s) taken for initialization

vlink src/dst: 4 5
number of protected paths set: 3
needed_slices: 28
paths: {0 0 2 2}
slices required:
{2 2 2 2}
slices start:
{0 2 0 2}
tuples:
{20 20 12 12}
dist: 223
dist: 223
dist: 383
dist: 383

vlink src/dst: 4 17
number of protected paths set: 3
needed_slices: 46
paths: {0 0 5 5 5}
slices required:
{2 3 2 2 2}
slices start:
{4 6 4 6 8}
tuples:
{12 27 12 12 12}
dist: 325
dist: 325
dist: 483
dist: 483
dist: 483

vlink src/dst: 3 19
number of protected paths set: 15
needed_slices: 12
paths: {0 1}
slices required:
{2 2}
slices start:
{4 10}
tuples:
{20 20}
dist: 220
dist: 275

vlink src/dst: 10 17
number of protected paths set: 15
needed_slices: 39
paths: {4 7}
slices required:
{3 3}
slices start:
{12 0}
tuples:
{17 17}
dist: 552
dist: 562

vlink src/dst: 16 19
number of protected paths set: 3
needed_slices: 28
paths: {3 14}
slices required:
{2 2}
slices start:
{6 15}
tuples:
{12 12}
dist: 661
dist: 792

vlink src/dst: 12 17
number of protected paths set: 15
needed_slices: 64
paths: {3 3 6 6 12 12}
slices required:
{2 2 2 2 2 2}
slices start:
{10 15 0 2 3 5}
tuples:
{12 12 12 12 12 12}
dist: 367
dist: 367
dist: 447
dist: 447
dist: 506
dist: 506

vlink src/dst: 9 19
number of protected paths set: 15
needed_slices: 22
paths: {7 11}
slices required:
{2 2}
slices start:
{8 17}
tuples:
{12 12}
dist: 490
dist: 553

vlink src/dst: 3 18
number of protected paths set: 15
needed_slices: 102
paths: {1 1 1 3 3 3}
slices required:
{2 2 2 2 2 2}
slices start:
{4 6 8 8 17 19}
tuples:
{12 12 12 12 12 12}
dist: 674
dist: 674
dist: 674
dist: 709
dist: 709
dist: 709

vlink src/dst: 11 15
number of protected paths set: 3
needed_slices: 34
paths: {6 8}
slices required:
{2 2}
slices start:
{21 0}
tuples:
{12 12}
dist: 780
dist: 789

vlink src/dst: 3 11
number of protected paths set: 3
needed_slices: 76
paths: {3 3 9 9}
slices required:
{2 2 2 2}
slices start:
{10 12 23 25}
tuples:
{6 6 6 6}
dist: 808
dist: 808
dist: 873
dist: 873

vlink src/dst: 5 11
number of protected paths set: 3
needed_slices: 36
paths: {0 19}
slices required:
{2 2}
slices start:
{27 10}
tuples:
{12 6}
dist: 636
dist: 843

vlink src/dst: 3 13
number of protected paths set: 15
needed_slices: 56
paths: {2 2 3 3}
slices required:
{2 2 2 2}
slices start:
{29 31 19 21}
tuples:
{12 12 12 12}
dist: 586
dist: 586
dist: 605
dist: 605

vlink src/dst: 2 14
number of protected paths set: 3
needed_slices: 136
paths: {1 2 2 16 16 16 16}
slices required:
{2 2 2 2 2 2 3}
slices start:
{33 29 31 0 2 10 15}
tuples:
{12 12 12 6 6 6 11}
dist: 649
dist: 660
dist: 660
dist: 886
dist: 886
dist: 886
dist: 886

vlink src/dst: 13 14
number of protected paths set: 3
needed_slices: 98
paths: {0 0 0 17 17 17 17}
slices required:
{2 2 2 2 2 2 2}
slices start:
{35 37 39 4 6 23 25}
tuples:
{12 12 12 6 6 6 6}
dist: 588
dist: 588
dist: 588
dist: 823
dist: 823
dist: 823
dist: 823

vlink src/dst: 11 19
number of protected paths set: 3
needed_slices: 34
paths: {1 8}
slices required:
{2 2}
slices start:
{18 12}
tuples:
{12 12}
dist: 636
dist: 724

vlink src/dst: 6 19
number of protected paths set: 15
needed_slices: 30
paths: {3 4}
slices required:
{2 2}
slices start:
{21 33}
tuples:
{12 12}
dist: 576
dist: 588

vlink src/dst: 2 12
number of protected paths set: 15
needed_slices: 55
paths: {0 0 3 3}
slices required:
{2 3 2 3}
slices start:
{41 43 14 23}
tuples:
{12 18 12 17}
dist: 489
dist: 489
dist: 520
dist: 520

vlink src/dst: 11 17
number of protected paths set: 3
needed_slices: 64
paths: {0 0 1 1}
slices required:
{2 2 2 2}
slices start:
{0 27 46 48}
tuples:
{12 12 12 12}
dist: 687
dist: 687
dist: 696
dist: 696

vlink src/dst: 10 15
number of protected paths set: 15
needed_slices: 36
paths: {0 0 4 4 5}
slices required:
{2 3 2 2 2}
slices start:
{3 5 27 35 46}
tuples:
{20 27 12 12 12}
dist: 248
dist: 248
dist: 401
dist: 401
dist: 403

vlink src/dst: 7 14
number of protected paths set: 3
needed_slices: 37
paths: {0 0 1 1 2}
slices required:
{2 3 2 2 2}
slices start:
{8 12 27 41 48}
tuples:
{20 28 12 12 12}
dist: 148
dist: 148
dist: 439
dist: 439
dist: 506

vlink src/dst: 5 16
number of protected paths set: 3
needed_slices: 50
paths: {1 1 4 4}
slices required:
{2 3 2 3}
slices start:
{12 37 2 23}
tuples:
{12 17 12 17}
dist: 530
dist: 530
dist: 584
dist: 584

vlink src/dst: 0 16
number of protected paths set: 3
needed_slices: 60
paths: {0 0 19 19}
slices required:
{2 2 2 2}
slices start:
{27 46 4 35}
tuples:
{12 12 6 6}
dist: 678
dist: 678
dist: 871
dist: 871

vlink src/dst: 6 10
number of protected paths set: 15
needed_slices: 48
paths: {0 0 6 6}
slices required:
{2 2 2 2}
slices start:
{50 52 2 17}
tuples:
{12 12 12 12}
dist: 676
dist: 676
dist: 745
dist: 745

vlink src/dst: 2 9
number of protected paths set: 15
needed_slices: 24
paths: {0 4}
slices required:
{2 2}
slices start:
{27 54}
tuples:
{12 12}
dist: 487
dist: 554

vlink src/dst: 17 18
number of protected paths set: 15
needed_slices: 36
paths: {0 4}
slices required:
{3 3}
slices start:
{37 56}
tuples:
{18 17}
dist: 487
dist: 579

vlink src/dst: 9 13
number of protected paths set: 15
needed_slices: 45
paths: {0 0 3 3 3}
slices required:
{2 3 2 2 2}
slices start:
{14 29 59 61 63}
tuples:
{12 27 12 12 12}
dist: 324
dist: 324
dist: 460
dist: 460
dist: 460

vlink src/dst: 1 2
number of protected paths set: 15
needed_slices: 19
paths: {0 0 1 1}
slices required:
{2 2 2 3}
slices start:
{6 8 2 14}
tuples:
{20 20 12 27}
dist: 131
dist: 131
dist: 319
dist: 319

vlink src/dst: 7 9
number of protected paths set: 3
needed_slices: 16
paths: {0 4}
slices required:
{2 2}
slices start:
{8 50}
tuples:
{12 12}
dist: 344
dist: 436

vlink src/dst: 11 18
number of protected paths set: 3
needed_slices: 12
paths: {0 3}
slices required:
{2 2}
slices start:
{2 41}
tuples:
{20 12}
dist: 200
dist: 467

vlink src/dst: 8 17
number of protected paths set: 3
needed_slices: 18
paths: {0 1 1}
slices required:
{3 2 2}
slices start:
{17 19 23}
tuples:
{36 20 20}
dist: 96
dist: 150
dist: 150
17 second(s) taken for solution
20 second(s) taken in total
cost = 1361

