
10 second(s) taken for initialization

vlink src/dst: 0 4
number of protected paths set: 3
needed_slices: 16
paths: {1 3}
slices required:
{2 2}
slices start:
{0 0}
tuples:
{12 12}
dist: 355
dist: 490

vlink src/dst: 5 6
number of protected paths set: 3
needed_slices: 40
paths: {0 2 2 2}
slices required:
{5 2 2 3}
slices start:
{2 2 4 6}
tuples:
{51 12 12 17}
dist: 104
dist: 563
dist: 563
dist: 563

vlink src/dst: 6 18
number of protected paths set: 3
needed_slices: 24
paths: {0 0 3 3}
slices required:
{2 2 2 2}
slices start:
{7 9 9 11}
tuples:
{20 20 12 12}
dist: 266
dist: 266
dist: 419
dist: 419

vlink src/dst: 0 5
number of protected paths set: 15
needed_slices: 22
paths: {0 0 1 1 1}
slices required:
{2 2 2 2 2}
slices start:
{9 11 13 15 17}
tuples:
{29 29 12 12 12}
dist: 53
dist: 53
dist: 418
dist: 418
dist: 418

vlink src/dst: 13 18
number of protected paths set: 15
needed_slices: 36
paths: {2 10}
slices required:
{3 3}
slices start:
{0 19}
tuples:
{18 17}
dist: 415
dist: 524

vlink src/dst: 3 7
number of protected paths set: 3
needed_slices: 55
paths: {1 1 7 7 7}
slices required:
{2 3 2 2 2}
slices start:
{2 4 9 11 22}
tuples:
{12 27 12 12 12}
dist: 375
dist: 375
dist: 464
dist: 464
dist: 464

vlink src/dst: 1 7
number of protected paths set: 3
needed_slices: 84
paths: {7 7 7 12 12 12}
slices required:
{2 2 2 2 2 2}
slices start:
{7 9 11 24 26 28}
tuples:
{12 12 12 12 12 12}
dist: 566
dist: 566
dist: 566
dist: 595
dist: 595
dist: 595

vlink src/dst: 4 9
number of protected paths set: 3
needed_slices: 16
paths: {0 5}
slices required:
{2 2}
slices start:
{2 13}
tuples:
{20 12}
dist: 176
dist: 486

vlink src/dst: 3 18
number of protected paths set: 15
needed_slices: 32
paths: {0 10 10}
slices required:
{2 2 2}
slices start:
{3 0 2}
tuples:
{20 12 12}
dist: 297
dist: 663
dist: 663

vlink src/dst: 2 4
number of protected paths set: 3
needed_slices: 32
paths: {3 17}
slices required:
{2 2}
slices start:
{4 15}
tuples:
{12 6}
dist: 788
dist: 880

vlink src/dst: 9 12
number of protected paths set: 3
needed_slices: 45
paths: {1 1 4 4}
slices required:
{2 3 2 3}
slices start:
{6 8 17 22}
tuples:
{12 27 12 27}
dist: 353
dist: 353
dist: 399
dist: 399

vlink src/dst: 1 18
number of protected paths set: 15
needed_slices: 72
paths: {0 0 0 11 11 11}
slices required:
{2 2 2 2 2 2}
slices start:
{5 7 19 4 13 17}
tuples:
{12 12 12 12 12 12}
dist: 426
dist: 426
dist: 426
dist: 609
dist: 609
dist: 609

vlink src/dst: 6 14
number of protected paths set: 3
needed_slices: 35
paths: {1 10}
slices required:
{2 3}
slices start:
{30 22}
tuples:
{12 11}
dist: 785
dist: 850

vlink src/dst: 9 19
number of protected paths set: 3
needed_slices: 111
paths: {0 2 2 18 18 18 18}
slices required:
{2 2 2 2 2 2 3}
slices start:
{11 15 17 25 27 32 34}
tuples:
{12 12 12 6 6 6 11}
dist: 723
dist: 735
dist: 735
dist: 825
dist: 825
dist: 825
dist: 825

vlink src/dst: 15 18
number of protected paths set: 15
needed_slices: 66
paths: {1 1 1 2 2 2}
slices required:
{2 2 2 2 2 2}
slices start:
{6 8 19 32 34 36}
tuples:
{12 12 12 12 12 12}
dist: 456
dist: 456
dist: 456
dist: 523
dist: 523
dist: 523

vlink src/dst: 2 18
number of protected paths set: 15
needed_slices: 18
paths: {1 3}
slices required:
{2 2}
slices start:
{10 29}
tuples:
{12 12}
dist: 543
dist: 597

vlink src/dst: 11 18
number of protected paths set: 15
needed_slices: 35
paths: {0 0 2 2 4}
slices required:
{2 3 2 2 2}
slices start:
{15 25 38 40 42}
tuples:
{20 27 12 12 12}
dist: 253
dist: 253
dist: 423
dist: 423
dist: 433

vlink src/dst: 1 12
number of protected paths set: 15
needed_slices: 24
paths: {0 7}
slices required:
{3 3}
slices start:
{11 37}
tuples:
{27 18}
dist: 309
dist: 487

vlink src/dst: 10 12
number of protected paths set: 15
needed_slices: 12
paths: {0 0 1 1}
slices required:
{2 2 2 2}
slices start:
{4 6 0 2}
tuples:
{20 20 20 20}
dist: 101
dist: 101
dist: 290
dist: 290

vlink src/dst: 10 11
number of protected paths set: 15
needed_slices: 6
paths: {0 1}
slices required:
{2 2}
slices start:
{4 8}
tuples:
{29 20}
dist: 100
dist: 291

vlink src/dst: 18 19
number of protected paths set: 3
needed_slices: 60
paths: {0 0 0 9 9 9}
slices required:
{2 2 2 2 2 2}
slices start:
{29 37 39 44 46 48}
tuples:
{12 12 12 12 12 12}
dist: 544
dist: 544
dist: 544
dist: 739
dist: 739
dist: 739

vlink src/dst: 12 15
number of protected paths set: 15
needed_slices: 50
paths: {1 1 3 3 3}
slices required:
{2 3 2 2 2}
slices start:
{40 50 14 16 21}
tuples:
{12 27 12 12 12}
dist: 335
dist: 335
dist: 474
dist: 474
dist: 474

vlink src/dst: 14 17
number of protected paths set: 15
needed_slices: 24
paths: {1 3}
slices required:
{3 3}
slices start:
{0 23}
tuples:
{18 17}
dist: 495
dist: 526

vlink src/dst: 2 12
number of protected paths set: 15
needed_slices: 14
paths: {0 3}
slices required:
{2 2}
slices start:
{53 19}
tuples:
{12 12}
dist: 360
dist: 489

vlink src/dst: 10 14
number of protected paths set: 15
needed_slices: 33
paths: {0 0 3 3 3}
slices required:
{2 3 2 2 2}
slices start:
{0 26 6 8 12}
tuples:
{12 27 12 12 12}
dist: 325
dist: 325
dist: 420
dist: 420
dist: 420

vlink src/dst: 15 19
number of protected paths set: 3
needed_slices: 46
paths: {0 0 2 2 2}
slices required:
{3 3 2 2 3}
slices start:
{25 28 2 15 21}
tuples:
{27 27 12 12 18}
dist: 370
dist: 370
dist: 436
dist: 436
dist: 436

vlink src/dst: 16 19
number of protected paths set: 3
needed_slices: 74
paths: {0 0 12 12 12 12}
slices required:
{2 4 2 2 2 2}
slices start:
{0 2 42 44 46 48}
tuples:
{12 34 12 12 12 12}
dist: 328
dist: 328
dist: 738
dist: 738
dist: 738
dist: 738

vlink src/dst: 1 14
number of protected paths set: 15
needed_slices: 27
paths: {1 1 2 2}
slices required:
{2 2 2 3}
slices start:
{0 2 2 32}
tuples:
{20 20 12 27}
dist: 293
dist: 293
dist: 355
dist: 355

vlink src/dst: 3 15
number of protected paths set: 15
needed_slices: 18
paths: {0 4}
slices required:
{3 3}
slices start:
{0 53}
tuples:
{27 27}
dist: 220
dist: 349

vlink src/dst: 8 16
number of protected paths set: 3
needed_slices: 16
paths: {0 1}
slices required:
{2 2}
slices start:
{0 6}
tuples:
{12 12}
dist: 334
dist: 402
24 second(s) taken for solution
34 second(s) taken in total
cost = 1143

