
9 second(s) taken for initialization

vlink src/dst: 9 15
number of protected paths set: 3
needed_slices: 56
paths: {5 5 15 15}
slices required:
{2 2 2 2}
slices start:
{0 2 0 2}
tuples:
{12 12 12 12}
dist: 505
dist: 505
dist: 725
dist: 725

vlink src/dst: 15 18
number of protected paths set: 3
needed_slices: 60
paths: {4 4 14 14}
slices required:
{2 2 2 2}
slices start:
{4 6 4 6}
tuples:
{12 12 12 12}
dist: 490
dist: 490
dist: 704
dist: 704

vlink src/dst: 14 15
number of protected paths set: 3
needed_slices: 139
paths: {2 2 2 14 14 14 14 14}
slices required:
{2 2 3 2 2 2 2 2}
slices start:
{8 10 12 8 10 12 14 16}
tuples:
{12 12 17 6 6 6 6 6}
dist: 513
dist: 513
dist: 513
dist: 918
dist: 918
dist: 918
dist: 918
dist: 918

vlink src/dst: 7 10
number of protected paths set: 15
needed_slices: 142
paths: {4 5 5 5 19 19 19 19}
slices required:
{6 2 2 2 2 2 2 2}
slices start:
{8 4 6 18 18 20 22 24}
tuples:
{39 12 12 12 6 6 6 6}
dist: 600
dist: 620
dist: 620
dist: 620
dist: 914
dist: 914
dist: 914
dist: 914

vlink src/dst: 7 18
number of protected paths set: 3
needed_slices: 78
paths: {4 4 4 14 14 14}
slices required:
{2 2 2 2 2 2}
slices start:
{14 16 18 20 22 24}
tuples:
{12 12 12 12 12 12}
dist: 565
dist: 565
dist: 565
dist: 656
dist: 656
dist: 656

vlink src/dst: 6 8
number of protected paths set: 3
needed_slices: 34
paths: {5 10}
slices required:
{2 2}
slices start:
{26 26}
tuples:
{12 6}
dist: 779
dist: 801

vlink src/dst: 5 9
number of protected paths set: 15
needed_slices: 16
paths: {0 2}
slices required:
{2 2}
slices start:
{28 28}
tuples:
{20 20}
dist: 196
dist: 289

vlink src/dst: 2 18
number of protected paths set: 3
needed_slices: 16
paths: {0 2}
slices required:
{2 2}
slices start:
{20 15}
tuples:
{20 20}
dist: 194
dist: 254

vlink src/dst: 5 14
number of protected paths set: 15
needed_slices: 30
paths: {2 5}
slices required:
{3 3}
slices start:
{0 30}
tuples:
{27 27}
dist: 324
dist: 391

vlink src/dst: 10 14
number of protected paths set: 15
needed_slices: 24
paths: {0 8}
slices required:
{3 3}
slices start:
{30 0}
tuples:
{28 27}
dist: 190
dist: 388

vlink src/dst: 3 18
number of protected paths set: 3
needed_slices: 128
paths: {0 0 2 2 5 5 17 17}
slices required:
{2 2 2 2 2 2 2 2}
slices start:
{33 35 37 39 22 24 33 35}
tuples:
{12 12 12 12 12 12 12 12}
dist: 463
dist: 463
dist: 517
dist: 517
dist: 555
dist: 555
dist: 609
dist: 609

vlink src/dst: 1 10
number of protected paths set: 15
needed_slices: 42
paths: {0 0 0 1 1 1}
slices required:
{2 2 3 2 2 3}
slices start:
{41 43 45 30 41 43}
tuples:
{20 20 28 20 20 28}
dist: 142
dist: 142
dist: 142
dist: 175
dist: 175
dist: 175

vlink src/dst: 11 18
number of protected paths set: 3
needed_slices: 26
paths: {0 13}
slices required:
{2 2}
slices start:
{37 48}
tuples:
{12 12}
dist: 449
dist: 654

vlink src/dst: 2 13
number of protected paths set: 3
needed_slices: 55
paths: {1 1 5 5}
slices required:
{2 3 2 3}
slices start:
{39 46 20 22}
tuples:
{12 18 12 17}
dist: 462
dist: 462
dist: 521
dist: 521

vlink src/dst: 14 16
number of protected paths set: 15
needed_slices: 30
paths: {2 9}
slices required:
{3 3}
slices start:
{3 48}
tuples:
{27 18}
dist: 380
dist: 483

vlink src/dst: 4 9
number of protected paths set: 15
needed_slices: 70
paths: {0 0 0 3 3 3}
slices required:
{2 2 6 2 2 6}
slices start:
{33 35 51 6 17 37}
tuples:
{12 12 48 12 12 48}
dist: 338
dist: 338
dist: 338
dist: 374
dist: 374
dist: 374

vlink src/dst: 4 14
number of protected paths set: 15
needed_slices: 75
paths: {0 0 13 13 13 19}
slices required:
{3 3 2 2 3 2}
slices start:
{26 43 57 59 61 0}
tuples:
{27 27 12 12 17 12}
dist: 305
dist: 305
dist: 534
dist: 534
dist: 534
dist: 726

vlink src/dst: 0 5
number of protected paths set: 15
needed_slices: 90
paths: {1 1 2 2}
slices required:
{3 6 3 6}
slices start:
{64 67 64 67}
tuples:
{27 48 27 48}
dist: 344
dist: 344
dist: 372
dist: 372

vlink src/dst: 7 9
number of protected paths set: 15
needed_slices: 39
paths: {0 7 7}
slices required:
{3 2 2}
slices start:
{37 3 46}
tuples:
{17 12 12}
dist: 539
dist: 610
dist: 610

vlink src/dst: 0 7
number of protected paths set: 15
needed_slices: 42
paths: {2 6 10}
slices required:
{2 2 2}
slices start:
{51 73 2}
tuples:
{12 12 12}
dist: 621
dist: 654
dist: 762

vlink src/dst: 2 9
number of protected paths set: 15
needed_slices: 16
paths: {0 0 1 1}
slices required:
{2 2 2 2}
slices start:
{75 77 19 53}
tuples:
{20 20 20 20}
dist: 125
dist: 125
dist: 142
dist: 142

vlink src/dst: 2 16
number of protected paths set: 15
needed_slices: 12
paths: {0 1}
slices required:
{2 2}
slices start:
{41 0}
tuples:
{20 20}
dist: 278
dist: 290

vlink src/dst: 2 12
number of protected paths set: 15
needed_slices: 48
paths: {0 0 2 2 11}
slices required:
{2 2 2 2 2}
slices start:
{15 29 43 79 6}
tuples:
{12 12 12 12 12}
dist: 462
dist: 462
dist: 512
dist: 512
dist: 698

vlink src/dst: 7 14
number of protected paths set: 15
needed_slices: 114
paths: {1 3 3 13 14 14 17 17}
slices required:
{2 2 2 2 2 2 2 2}
slices start:
{46 20 39 26 81 83 4 6}
tuples:
{12 12 12 12 12 12 12 12}
dist: 524
dist: 557
dist: 557
dist: 696
dist: 737
dist: 737
dist: 795
dist: 795

vlink src/dst: 5 11
number of protected paths set: 15
needed_slices: 84
paths: {0 0 0 2 2 2 16}
slices required:
{2 2 3 2 2 3 2}
slices start:
{8 10 12 30 32 34 85}
tuples:
{12 12 18 12 12 17 12}
dist: 478
dist: 478
dist: 478
dist: 509
dist: 509
dist: 509
dist: 627

vlink src/dst: 5 15
number of protected paths set: 3
needed_slices: 71
paths: {0 0 0 11 11 11 11}
slices required:
{2 2 3 2 2 2 4}
slices start:
{28 30 32 28 30 40 42}
tuples:
{20 20 27 12 12 12 25}
dist: 242
dist: 242
dist: 242
dist: 593
dist: 593
dist: 593
dist: 593

vlink src/dst: 4 15
number of protected paths set: 3
needed_slices: 61
paths: {0 0 0 6 6 6 6}
slices required:
{2 2 3 2 2 2 4}
slices start:
{15 26 35 18 20 22 24}
tuples:
{20 20 27 12 12 12 25}
dist: 208
dist: 208
dist: 208
dist: 450
dist: 450
dist: 450
dist: 450

vlink src/dst: 6 16
number of protected paths set: 3
needed_slices: 39
paths: {0 0 2 2 2}
slices required:
{2 3 2 2 2}
slices start:
{28 30 31 33 40}
tuples:
{12 27 12 12 12}
dist: 370
dist: 370
dist: 436
dist: 436
dist: 436

vlink src/dst: 3 17
number of protected paths set: 3
needed_slices: 22
paths: {0 2 2}
slices required:
{2 2 2}
slices start:
{0 8 10}
tuples:
{29 12 12}
dist: 85
dist: 582
dist: 582

vlink src/dst: 11 19
number of protected paths set: 15
needed_slices: 30
paths: {0 0 2 2 2}
slices required:
{2 4 2 2 4}
slices start:
{0 8 22 24 41}
tuples:
{20 43 12 12 34}
dist: 138
dist: 138
dist: 400
dist: 400
dist: 400
51 second(s) taken for solution
60 second(s) taken in total
cost = 1689

