
2 second(s) taken for initialization

vlink src/dst: 3 17
number of protected paths set: 3
needed_slices: 64
paths: {5 5 12 12}
slices required:
{2 2 2 2}
slices start:
{0 2 0 2}
tuples:
{12 12 12 12}
dist: 556
dist: 556
dist: 656
dist: 656

vlink src/dst: 9 17
number of protected paths set: 3
needed_slices: 68
paths: {1 1 19 19}
slices required:
{2 2 2 3}
slices start:
{4 6 4 6}
tuples:
{12 12 6 11}
dist: 539
dist: 539
dist: 841
dist: 841

vlink src/dst: 10 17
number of protected paths set: 3
needed_slices: 102
paths: {0 0 0 17 17 17 17}
slices required:
{2 3 3 2 2 2 4}
slices start:
{8 10 13 9 11 13 15}
tuples:
{12 27 27 12 12 12 24}
dist: 373
dist: 373
dist: 373
dist: 642
dist: 642
dist: 642
dist: 642

vlink src/dst: 7 16
number of protected paths set: 15
needed_slices: 16
paths: {0 0 1 1}
slices required:
{2 2 2 2}
slices start:
{0 2 16 18}
tuples:
{29 29 20 20}
dist: 63
dist: 63
dist: 261
dist: 261

vlink src/dst: 10 16
number of protected paths set: 15
needed_slices: 28
paths: {0 0 0 1 1 1}
slices required:
{2 2 3 2 2 3}
slices start:
{0 2 4 0 2 4}
tuples:
{20 20 28 20 20 28}
dist: 168
dist: 168
dist: 168
dist: 184
dist: 184
dist: 184

vlink src/dst: 3 7
number of protected paths set: 15
needed_slices: 89
paths: {1 1 5 5 5 18}
slices required:
{3 3 2 2 3 2}
slices start:
{20 23 19 21 23 19}
tuples:
{27 27 12 12 18 12}
dist: 361
dist: 361
dist: 446
dist: 446
dist: 446
dist: 656

vlink src/dst: 7 9
number of protected paths set: 15
needed_slices: 51
paths: {1 11 16}
slices required:
{3 3 2}
slices start:
{26 26 21}
tuples:
{18 17 12}
dist: 406
dist: 583
dist: 687

vlink src/dst: 4 8
number of protected paths set: 15
needed_slices: 76
paths: {0 0 0 3 3 3 3}
slices required:
{2 2 4 2 2 2 3}
slices start:
{9 11 13 29 31 33 35}
tuples:
{12 12 34 12 12 12 18}
dist: 387
dist: 387
dist: 387
dist: 451
dist: 451
dist: 451
dist: 451

vlink src/dst: 3 8
number of protected paths set: 15
needed_slices: 72
paths: {3 3 5 5 13 13}
slices required:
{2 2 2 2 2 2}
slices start:
{38 40 38 40 17 23}
tuples:
{12 12 12 12 12 12}
dist: 392
dist: 392
dist: 408
dist: 408
dist: 553
dist: 553

vlink src/dst: 0 7
number of protected paths set: 15
needed_slices: 72
paths: {1 1 2 2 18 18}
slices required:
{2 2 2 2 2 2}
slices start:
{29 31 23 25 42 44}
tuples:
{12 12 12 12 12 12}
dist: 446
dist: 446
dist: 449
dist: 449
dist: 780
dist: 780

vlink src/dst: 5 7
number of protected paths set: 15
needed_slices: 142
paths: {1 12 12 12 15 15 15 15}
slices required:
{6 2 2 2 2 2 2 2}
slices start:
{46 27 29 31 46 48 50 52}
tuples:
{39 12 12 12 6 6 6 6}
dist: 536
dist: 654
dist: 654
dist: 654
dist: 837
dist: 837
dist: 837
dist: 837

vlink src/dst: 1 7
number of protected paths set: 15
needed_slices: 115
paths: {0 0 0 2 3 3 19}
slices required:
{2 2 3 3 2 2 3}
slices start:
{54 56 58 33 36 42 33}
tuples:
{12 12 17 17 12 12 11}
dist: 576
dist: 576
dist: 576
dist: 598
dist: 609
dist: 609
dist: 909

vlink src/dst: 2 12
number of protected paths set: 15
needed_slices: 20
paths: {0 1 4}
slices required:
{2 2 2}
slices start:
{16 8 7}
tuples:
{20 20 12}
dist: 139
dist: 177
dist: 336

vlink src/dst: 1 16
number of protected paths set: 15
needed_slices: 100
paths: {0 0 14 14 16 16 16}
slices required:
{2 2 2 2 2 2 2}
slices start:
{10 12 61 63 29 31 33}
tuples:
{12 12 12 12 6 6 6}
dist: 513
dist: 513
dist: 662
dist: 662
dist: 821
dist: 821
dist: 821

vlink src/dst: 0 16
number of protected paths set: 15
needed_slices: 102
paths: {0 8 8 8 11 11 16 16}
slices required:
{3 2 2 3 2 2 2 2}
slices start:
{65 36 65 67 35 42 14 61}
tuples:
{18 12 12 17 12 12 12 12}
dist: 433
dist: 513
dist: 513
dist: 513
dist: 526
dist: 526
dist: 716
dist: 716

vlink src/dst: 11 12
number of protected paths set: 15
needed_slices: 45
paths: {0 0 2 2}
slices required:
{2 3 2 3}
slices start:
{42 44 0 9}
tuples:
{12 27 12 18}
dist: 375
dist: 375
dist: 441
dist: 441

vlink src/dst: 8 18
number of protected paths set: 3
needed_slices: 33
paths: {0 9 9}
slices required:
{3 2 2}
slices start:
{19 25 27}
tuples:
{28 12 12}
dist: 199
dist: 527
dist: 527

vlink src/dst: 8 11
number of protected paths set: 15
needed_slices: 73
paths: {0 0 0 4 4 4 15}
slices required:
{2 2 2 2 2 3 2}
slices start:
{38 40 47 38 40 52 44}
tuples:
{20 20 20 12 12 18 12}
dist: 266
dist: 266
dist: 266
dist: 459
dist: 459
dist: 459
dist: 640

vlink src/dst: 12 13
number of protected paths set: 3
needed_slices: 30
paths: {0 3}
slices required:
{3 3}
slices start:
{16 44}
tuples:
{18 18}
dist: 419
dist: 461

vlink src/dst: 13 14
number of protected paths set: 3
needed_slices: 32
paths: {0 0 2 2}
slices required:
{2 2 2 3}
slices start:
{0 2 10 12}
tuples:
{20 20 12 27}
dist: 223
dist: 223
dist: 383
dist: 383

vlink src/dst: 3 13
number of protected paths set: 3
needed_slices: 78
paths: {0 0 0 9 9 9 9}
slices required:
{2 2 3 2 2 2 4}
slices start:
{8 10 12 63 65 67 69}
tuples:
{20 20 27 12 12 12 25}
dist: 285
dist: 285
dist: 285
dist: 538
dist: 538
dist: 538
dist: 538

vlink src/dst: 5 14
number of protected paths set: 15
needed_slices: 26
paths: {0 11 13}
slices required:
{2 2 2}
slices start:
{4 8 19}
tuples:
{20 12 12}
dist: 279
dist: 517
dist: 551

vlink src/dst: 6 9
number of protected paths set: 3
needed_slices: 65
paths: {0 0 0 6 6 9 9}
slices required:
{2 2 3 2 2 2 2}
slices start:
{4 6 19 0 2 9 11}
tuples:
{20 20 28 12 12 12 12}
dist: 186
dist: 186
dist: 186
dist: 551
dist: 551
dist: 618
dist: 618

vlink src/dst: 5 13
number of protected paths set: 3
needed_slices: 110
paths: {0 0 0 18 18 18 18}
slices required:
{2 3 3 2 2 2 4}
slices start:
{23 25 35 0 2 4 47}
tuples:
{12 27 27 12 12 12 24}
dist: 359
dist: 359
dist: 359
dist: 794
dist: 794
dist: 794
dist: 794

vlink src/dst: 1 11
number of protected paths set: 15
needed_slices: 46
paths: {0 14 15}
slices required:
{2 2 2}
slices start:
{2 4 6}
tuples:
{12 12 12}
dist: 623
dist: 795
dist: 799

vlink src/dst: 1 15
number of protected paths set: 15
needed_slices: 100
paths: {0 0 0 0 3 3 3 3}
slices required:
{2 2 2 4 2 2 2 4}
slices start:
{44 55 57 65 10 12 16 21}
tuples:
{12 12 12 25 12 12 12 25}
dist: 528
dist: 528
dist: 528
dist: 528
dist: 582
dist: 582
dist: 582
dist: 582

vlink src/dst: 0 6
number of protected paths set: 3
needed_slices: 44
paths: {0 0 19 19}
slices required:
{2 2 2 2}
slices start:
{38 40 25 36}
tuples:
{12 12 12 12}
dist: 449
dist: 449
dist: 701
dist: 701

vlink src/dst: 5 6
number of protected paths set: 3
needed_slices: 28
paths: {0 3 3}
slices required:
{3 2 2}
slices start:
{0 4 14}
tuples:
{27 12 12}
dist: 283
dist: 496
dist: 496

vlink src/dst: 0 15
number of protected paths set: 15
needed_slices: 38
paths: {0 0 0 2 2 2}
slices required:
{2 2 3 2 3 3}
slices start:
{0 2 4 0 2 18}
tuples:
{20 20 27 12 27 27}
dist: 232
dist: 232
dist: 232
dist: 327
dist: 327
dist: 327

vlink src/dst: 5 19
number of protected paths set: 15
needed_slices: 28
paths: {0 0 0 1 1 1}
slices required:
{2 2 3 2 2 3}
slices start:
{18 38 51 0 2 4}
tuples:
{20 20 27 20 20 27}
dist: 202
dist: 202
dist: 202
dist: 295
dist: 295
dist: 295
59 second(s) taken for solution
61 second(s) taken in total
cost = 1893

