
3 second(s) taken for initialization

vlink src/dst: 5 7
number of protected paths set: 3
needed_slices: 31
paths: {0 5 5}
slices required:
{3 2 2}
slices start:
{0 0 2}
tuples:
{27 12 12}
dist: 331
dist: 452
dist: 452

vlink src/dst: 5 17
number of protected paths set: 3
needed_slices: 100
paths: {6 6 15 15}
slices required:
{2 3 2 3}
slices start:
{3 5 4 6}
tuples:
{6 11 6 11}
dist: 873
dist: 873
dist: 968
dist: 968

vlink src/dst: 0 5
number of protected paths set: 3
needed_slices: 132
paths: {2 2 2 2 15 15 15 15}
slices required:
{2 2 2 6 2 2 2 6}
slices start:
{8 10 12 14 9 11 13 15}
tuples:
{12 12 12 39 12 12 12 39}
dist: 434
dist: 434
dist: 434
dist: 434
dist: 580
dist: 580
dist: 580
dist: 580

vlink src/dst: 2 6
number of protected paths set: 15
needed_slices: 21
paths: {0 2}
slices required:
{2 3}
slices start:
{21 9}
tuples:
{20 27}
dist: 292
dist: 341

vlink src/dst: 7 11
number of protected paths set: 15
needed_slices: 21
paths: {0 6}
slices required:
{3 3}
slices start:
{3 0}
tuples:
{28 27}
dist: 110
dist: 393

vlink src/dst: 6 15
number of protected paths set: 3
needed_slices: 23
paths: {1 3}
slices required:
{2 3}
slices start:
{20 0}
tuples:
{20 27}
dist: 275
dist: 336

vlink src/dst: 4 6
number of protected paths set: 15
needed_slices: 12
paths: {1 2}
slices required:
{2 2}
slices start:
{22 3}
tuples:
{20 20}
dist: 240
dist: 248

vlink src/dst: 11 16
number of protected paths set: 15
needed_slices: 30
paths: {2 5}
slices required:
{3 3}
slices start:
{12 24}
tuples:
{27 27}
dist: 324
dist: 391

vlink src/dst: 8 15
number of protected paths set: 3
needed_slices: 115
paths: {1 1 3 3 18 18 18}
slices required:
{2 2 2 2 2 2 5}
slices start:
{24 26 28 30 3 5 7}
tuples:
{12 12 12 12 12 12 32}
dist: 452
dist: 452
dist: 474
dist: 474
dist: 646
dist: 646
dist: 646

vlink src/dst: 10 13
number of protected paths set: 3
needed_slices: 46
paths: {0 0 3 3 3}
slices required:
{2 2 2 2 2}
slices start:
{3 5 15 17 19}
tuples:
{20 20 12 12 12}
dist: 253
dist: 253
dist: 422
dist: 422
dist: 422

vlink src/dst: 9 10
number of protected paths set: 15
needed_slices: 32
paths: {0 4 4}
slices required:
{3 2 2}
slices start:
{0 21 32}
tuples:
{27 12 12}
dist: 266
dist: 459
dist: 459

vlink src/dst: 6 18
number of protected paths set: 15
needed_slices: 110
paths: {0 2 2 4 11 11 14 14}
slices required:
{2 2 2 2 2 2 2 2}
slices start:
{7 24 26 34 36 38 23 25}
tuples:
{12 12 12 12 12 12 12 12}
dist: 457
dist: 476
dist: 476
dist: 521
dist: 604
dist: 604
dist: 789
dist: 789

vlink src/dst: 5 12
number of protected paths set: 3
needed_slices: 63
paths: {4 4 12 12}
slices required:
{2 2 2 3}
slices start:
{32 34 40 42}
tuples:
{12 12 6 11}
dist: 718
dist: 718
dist: 816
dist: 816

vlink src/dst: 2 7
number of protected paths set: 15
needed_slices: 37
paths: {0 0 0 1 1 1}
slices required:
{2 2 3 2 2 6}
slices start:
{12 45 47 0 12 14}
tuples:
{29 29 36 12 12 48}
dist: 88
dist: 88
dist: 88
dist: 354
dist: 354
dist: 354

vlink src/dst: 3 12
number of protected paths set: 15
needed_slices: 94
paths: {1 1 4 4 13 13 13}
slices required:
{2 2 2 2 2 2 2}
slices start:
{28 30 36 38 28 30 32}
tuples:
{12 12 12 12 6 6 6}
dist: 569
dist: 569
dist: 601
dist: 601
dist: 805
dist: 805
dist: 805

vlink src/dst: 9 12
number of protected paths set: 15
needed_slices: 55
paths: {0 0 2 2}
slices required:
{2 3 2 3}
slices start:
{40 42 45 47}
tuples:
{12 17 12 17}
dist: 529
dist: 529
dist: 553
dist: 553

vlink src/dst: 10 16
number of protected paths set: 15
needed_slices: 42
paths: {0 14 18}
slices required:
{2 2 2}
slices start:
{50 45 0}
tuples:
{12 12 12}
dist: 521
dist: 642
dist: 763

vlink src/dst: 18 19
number of protected paths set: 3
needed_slices: 220
paths: {1 1 1 19 19 19 19 19}
slices required:
{2 4 4 2 2 2 2 5}
slices start:
{52 54 58 34 40 42 47 49}
tuples:
{12 24 24 6 6 6 6 23}
dist: 763
dist: 763
dist: 763
dist: 976
dist: 976
dist: 976
dist: 976
dist: 976

vlink src/dst: 2 19
number of protected paths set: 3
needed_slices: 140
paths: {3 3 3 3 13 13 13 13}
slices required:
{2 2 2 4 2 2 2 4}
slices start:
{62 64 66 68 20 22 24 34}
tuples:
{12 12 12 24 12 12 12 24}
dist: 622
dist: 622
dist: 622
dist: 622
dist: 685
dist: 685
dist: 685
dist: 685

vlink src/dst: 10 17
number of protected paths set: 3
needed_slices: 112
paths: {2 2 2 7 7 7}
slices required:
{2 2 3 2 2 3}
slices start:
{72 74 76 12 14 16}
tuples:
{6 6 11 6 6 11}
dist: 831
dist: 831
dist: 831
dist: 891
dist: 891
dist: 891

vlink src/dst: 8 10
number of protected paths set: 15
needed_slices: 28
paths: {0 0 0 2 2 2}
slices required:
{2 2 3 2 2 3}
slices start:
{2 4 9 0 2 4}
tuples:
{20 20 27 20 20 27}
dist: 215
dist: 215
dist: 215
dist: 255
dist: 255
dist: 255

vlink src/dst: 1 15
number of protected paths set: 3
needed_slices: 23
paths: {0 9}
slices required:
{2 3}
slices start:
{15 36}
tuples:
{20 18}
dist: 156
dist: 495

vlink src/dst: 0 17
number of protected paths set: 3
needed_slices: 115
paths: {0 0 0 9 9 9 9}
slices required:
{2 2 3 2 2 2 2}
slices start:
{8 10 12 22 47 49 51}
tuples:
{12 12 17 12 12 12 12}
dist: 542
dist: 542
dist: 542
dist: 653
dist: 653
dist: 653
dist: 653

vlink src/dst: 15 19
number of protected paths set: 3
needed_slices: 24
paths: {2 3}
slices required:
{3 3}
slices start:
{17 5}
tuples:
{27 18}
dist: 387
dist: 425

vlink src/dst: 1 19
number of protected paths set: 3
needed_slices: 64
paths: {0 0 0 3 3 3 3}
slices required:
{2 2 3 2 2 2 4}
slices start:
{0 8 10 20 24 26 28}
tuples:
{20 20 28 12 12 12 25}
dist: 178
dist: 178
dist: 178
dist: 429
dist: 429
dist: 429
dist: 429

vlink src/dst: 12 19
number of protected paths set: 3
needed_slices: 92
paths: {0 0 2 2 12 12 17 17}
slices required:
{2 2 2 2 2 2 2 2}
slices start:
{15 26 32 38 54 56 36 58}
tuples:
{12 12 12 12 12 12 12 12}
dist: 360
dist: 360
dist: 432
dist: 432
dist: 672
dist: 672
dist: 738
dist: 738

vlink src/dst: 12 16
number of protected paths set: 15
needed_slices: 36
paths: {0 0 0 0 1 1 1 1}
slices required:
{2 2 2 3 2 2 2 3}
slices start:
{0 2 4 6 2 9 11 13}
tuples:
{20 20 20 27 20 20 20 27}
dist: 224
dist: 224
dist: 224
dist: 224
dist: 292
dist: 292
dist: 292
dist: 292

vlink src/dst: 1 14
number of protected paths set: 15
needed_slices: 27
paths: {1 5}
slices required:
{3 3}
slices start:
{17 9}
tuples:
{18 17}
dist: 450
dist: 521

vlink src/dst: 2 8
number of protected paths set: 15
needed_slices: 30
paths: {0 0 0 1 1 1}
slices required:
{2 2 2 2 2 4}
slices start:
{7 9 11 28 30 36}
tuples:
{29 29 29 12 12 34}
dist: 79
dist: 79
dist: 79
dist: 392
dist: 392
dist: 392

vlink src/dst: 14 18
number of protected paths set: 15
needed_slices: 39
paths: {3 11 11}
slices required:
{3 2 2}
slices start:
{40 19 21}
tuples:
{17 12 12}
dist: 580
dist: 689
dist: 689
47 second(s) taken for solution
50 second(s) taken in total
cost = 1914

