
4 second(s) taken for initialization

vlink src/dst: 3 5
number of protected paths set: 15
needed_slices: 14
paths: {0 1}
slices required:
{2 3}
slices start:
{0 0}
tuples:
{29 28}
dist: 73
dist: 174

vlink src/dst: 3 4
number of protected paths set: 15
needed_slices: 56
paths: {1 1 8 8 11 11}
slices required:
{2 2 2 2 2 2}
slices start:
{3 5 2 4 0 2}
tuples:
{20 20 12 12 12 12}
dist: 207
dist: 207
dist: 443
dist: 443
dist: 477
dist: 477

vlink src/dst: 1 14
number of protected paths set: 15
needed_slices: 81
paths: {0 0 0 0 2 2 2 2}
slices required:
{2 2 2 3 2 2 2 3}
slices start:
{6 8 10 12 4 6 8 10}
tuples:
{12 12 12 18 12 12 12 18}
dist: 464
dist: 464
dist: 464
dist: 464
dist: 485
dist: 485
dist: 485
dist: 485

vlink src/dst: 3 15
number of protected paths set: 15
needed_slices: 14
paths: {1 3}
slices required:
{2 2}
slices start:
{15 15}
tuples:
{20 20}
dist: 229
dist: 284

vlink src/dst: 5 16
number of protected paths set: 3
needed_slices: 140
paths: {1 1 1 1 15 15 15 15}
slices required:
{2 2 2 4 2 2 2 4}
slices start:
{17 19 21 23 7 9 11 17}
tuples:
{12 12 12 25 12 12 12 24}
dist: 483
dist: 483
dist: 483
dist: 483
dist: 655
dist: 655
dist: 655
dist: 655

vlink src/dst: 3 13
number of protected paths set: 15
needed_slices: 24
paths: {0 1}
slices required:
{3 3}
slices start:
{13 27}
tuples:
{27 27}
dist: 251
dist: 326

vlink src/dst: 0 3
number of protected paths set: 15
needed_slices: 28
paths: {0 0 0 1 1 1}
slices required:
{2 2 3 2 2 3}
slices start:
{21 23 25 30 32 34}
tuples:
{20 20 28 20 20 27}
dist: 136
dist: 136
dist: 136
dist: 216
dist: 216
dist: 216

vlink src/dst: 4 13
number of protected paths set: 15
needed_slices: 100
paths: {2 2 2 8 8 8}
slices required:
{2 2 6 2 2 6}
slices start:
{16 18 20 13 21 30}
tuples:
{12 12 48 12 12 48}
dist: 324
dist: 324
dist: 324
dist: 392
dist: 392
dist: 392

vlink src/dst: 3 9
number of protected paths set: 15
needed_slices: 14
paths: {0 2}
slices required:
{2 2}
slices start:
{4 28}
tuples:
{20 12}
dist: 287
dist: 315

vlink src/dst: 3 17
number of protected paths set: 15
needed_slices: 92
paths: {2 2 14 14 17 17}
slices required:
{2 2 2 2 2 2}
slices start:
{36 38 27 36 37 39}
tuples:
{12 12 12 12 12 12}
dist: 511
dist: 511
dist: 625
dist: 625
dist: 769
dist: 769

vlink src/dst: 4 9
number of protected paths set: 15
needed_slices: 40
paths: {1 5 16}
slices required:
{2 2 2}
slices start:
{23 29 0}
tuples:
{12 12 12}
dist: 371
dist: 429
dist: 715

vlink src/dst: 3 11
number of protected paths set: 3
needed_slices: 60
paths: {3 3 14 14}
slices required:
{2 2 2 2}
slices start:
{41 43 41 43}
tuples:
{12 12 12 12}
dist: 604
dist: 604
dist: 677
dist: 677

vlink src/dst: 1 8
number of protected paths set: 15
needed_slices: 65
paths: {2 2 4 4 9 9}
slices required:
{2 2 2 3 2 3}
slices start:
{0 2 17 19 45 47}
tuples:
{20 20 12 27 12 27}
dist: 281
dist: 281
dist: 340
dist: 340
dist: 387
dist: 387

vlink src/dst: 2 9
number of protected paths set: 15
needed_slices: 18
paths: {0 0 1 1 2}
slices required:
{2 2 2 2 2}
slices start:
{0 2 6 8 4}
tuples:
{29 29 20 20 20}
dist: 66
dist: 66
dist: 161
dist: 161
dist: 183

vlink src/dst: 0 15
number of protected paths set: 15
needed_slices: 27
paths: {0 0 0 1 1 1}
slices required:
{2 2 2 2 2 3}
slices start:
{17 19 25 4 6 8}
tuples:
{29 29 29 20 20 27}
dist: 67
dist: 67
dist: 67
dist: 201
dist: 201
dist: 201

vlink src/dst: 8 13
number of protected paths set: 15
needed_slices: 50
paths: {0 0 0 4 4}
slices required:
{2 2 3 3 6}
slices start:
{11 26 31 50 53}
tuples:
{29 29 36 27 48}
dist: 75
dist: 75
dist: 75
dist: 320
dist: 320

vlink src/dst: 0 4
number of protected paths set: 15
needed_slices: 67
paths: {1 1 2 2 19 19}
slices required:
{2 2 2 2 2 3}
slices start:
{50 52 27 36 34 36}
tuples:
{20 20 20 20 12 17}
dist: 221
dist: 221
dist: 261
dist: 261
dist: 594
dist: 594

vlink src/dst: 1 10
number of protected paths set: 15
needed_slices: 44
paths: {1 11 13}
slices required:
{2 2 2}
slices start:
{39 13 54}
tuples:
{12 12 12}
dist: 549
dist: 663
dist: 711

vlink src/dst: 9 15
number of protected paths set: 15
needed_slices: 56
paths: {0 0 0 1 1 1}
slices required:
{2 2 3 2 2 3}
slices start:
{41 43 59 59 61 63}
tuples:
{20 20 27 20 20 27}
dist: 231
dist: 231
dist: 231
dist: 245
dist: 245
dist: 245

vlink src/dst: 0 9
number of protected paths set: 15
needed_slices: 28
paths: {0 0 1 2 2}
slices required:
{2 2 2 2 2}
slices start:
{4 15 45 45 47}
tuples:
{20 20 20 20 20}
dist: 175
dist: 175
dist: 217
dist: 262
dist: 262

vlink src/dst: 10 13
number of protected paths set: 15
needed_slices: 36
paths: {1 14}
slices required:
{3 3}
slices start:
{4 21}
tuples:
{18 17}
dist: 409
dist: 595

vlink src/dst: 9 16
number of protected paths set: 3
needed_slices: 28
paths: {0 0 0 1 1 1}
slices required:
{2 2 3 2 2 3}
slices start:
{0 2 4 2 4 24}
tuples:
{20 20 28 20 20 27}
dist: 123
dist: 123
dist: 123
dist: 290
dist: 290
dist: 290

vlink src/dst: 0 7
number of protected paths set: 15
needed_slices: 102
paths: {1 1 1 8 8 8 8 15}
slices required:
{2 2 3 2 2 2 2 2}
slices start:
{66 68 70 2 11 22 24 56}
tuples:
{12 12 17 12 12 12 12 12}
dist: 532
dist: 532
dist: 532
dist: 609
dist: 609
dist: 609
dist: 609
dist: 712

vlink src/dst: 10 15
number of protected paths set: 15
needed_slices: 56
paths: {2 2 3 3 10 10}
slices required:
{2 2 2 2 2 2}
slices start:
{0 2 13 31 31 33}
tuples:
{12 12 12 12 12 12}
dist: 435
dist: 435
dist: 452
dist: 452
dist: 525
dist: 525

vlink src/dst: 11 12
number of protected paths set: 3
needed_slices: 24
paths: {0 0 1 1}
slices required:
{2 2 2 2}
slices start:
{0 2 0 13}
tuples:
{20 20 20 20}
dist: 224
dist: 224
dist: 283
dist: 283

vlink src/dst: 4 7
number of protected paths set: 15
needed_slices: 39
paths: {0 3 14}
slices required:
{3 3 2}
slices start:
{4 7 6}
tuples:
{18 17 12}
dist: 481
dist: 501
dist: 735

vlink src/dst: 6 18
number of protected paths set: 15
needed_slices: 56
paths: {1 1 10 10}
slices required:
{2 2 2 2}
slices start:
{7 9 0 2}
tuples:
{12 12 6 6}
dist: 713
dist: 713
dist: 874
dist: 874

vlink src/dst: 12 19
number of protected paths set: 3
needed_slices: 71
paths: {0 0 0 3 3 3 3}
slices required:
{2 2 3 2 2 2 4}
slices start:
{4 6 8 2 4 11 15}
tuples:
{20 20 27 12 12 12 25}
dist: 267
dist: 267
dist: 267
dist: 500
dist: 500
dist: 500
dist: 500

vlink src/dst: 6 19
number of protected paths set: 3
needed_slices: 75
paths: {0 0 11 11}
slices required:
{2 3 2 3}
slices start:
{19 24 19 39}
tuples:
{6 11 6 11}
dist: 814
dist: 814
dist: 923
dist: 923

vlink src/dst: 10 14
number of protected paths set: 15
needed_slices: 97
paths: {0 0 9 9 9 17 17}
slices required:
{3 3 2 2 3 2 2}
slices start:
{15 21 15 17 25 4 8}
tuples:
{27 27 12 12 17 12 12}
dist: 334
dist: 334
dist: 597
dist: 597
dist: 597
dist: 713
dist: 713
64 second(s) taken for solution
68 second(s) taken in total
cost = 1602

