
3 second(s) taken for initialization

vlink src/dst: 6 11
number of protected paths set: 3
needed_slices: 30
paths: {2 6}
slices required:
{2 2}
slices start:
{0 0}
tuples:
{12 12}
dist: 582
dist: 609

vlink src/dst: 4 18
number of protected paths set: 3
needed_slices: 60
paths: {4 4 14 14}
slices required:
{2 2 2 2}
slices start:
{2 4 2 4}
tuples:
{12 12 12 12}
dist: 490
dist: 490
dist: 704
dist: 704

vlink src/dst: 1 18
number of protected paths set: 3
needed_slices: 177
paths: {1 1 16 16 16 16 16 16}
slices required:
{4 6 2 2 2 2 2 3}
slices start:
{6 10 6 8 10 12 14 16}
tuples:
{25 39 6 6 6 6 6 11}
dist: 547
dist: 547
dist: 842
dist: 842
dist: 842
dist: 842
dist: 842
dist: 842

vlink src/dst: 6 7
number of protected paths set: 3
needed_slices: 120
paths: {1 1 1 1 2 2 2 2}
slices required:
{2 2 2 4 2 2 2 4}
slices start:
{19 21 23 25 19 21 23 25}
tuples:
{12 12 12 25 12 12 12 25}
dist: 514
dist: 514
dist: 514
dist: 514
dist: 525
dist: 525
dist: 525
dist: 525

vlink src/dst: 4 11
number of protected paths set: 3
needed_slices: 31
paths: {0 1 1 2}
slices required:
{5 2 2 2}
slices start:
{6 6 8 16}
tuples:
{56 20 20 20}
dist: 35
dist: 212
dist: 212
dist: 278

vlink src/dst: 11 16
number of protected paths set: 15
needed_slices: 35
paths: {0 0 0 1 1 1}
slices required:
{2 2 3 2 2 3}
slices start:
{11 13 29 10 12 14}
tuples:
{20 20 28 20 20 28}
dist: 109
dist: 109
dist: 109
dist: 136
dist: 136
dist: 136

vlink src/dst: 7 13
number of protected paths set: 15
needed_slices: 28
paths: {0 0 4 4}
slices required:
{2 2 2 3}
slices start:
{6 8 15 32}
tuples:
{29 29 12 18}
dist: 82
dist: 82
dist: 415
dist: 415

vlink src/dst: 11 13
number of protected paths set: 15
needed_slices: 24
paths: {0 3}
slices required:
{3 3}
slices start:
{32 29}
tuples:
{28 27}
dist: 146
dist: 337

vlink src/dst: 13 16
number of protected paths set: 15
needed_slices: 33
paths: {0 3 3}
slices required:
{5 3 3}
slices start:
{35 6 9}
tuples:
{51 27 27}
dist: 127
dist: 369
dist: 369

vlink src/dst: 1 2
number of protected paths set: 15
needed_slices: 38
paths: {0 8 12}
slices required:
{2 2 2}
slices start:
{40 17 32}
tuples:
{12 12 12}
dist: 443
dist: 546
dist: 585

vlink src/dst: 2 14
number of protected paths set: 15
needed_slices: 112
paths: {0 1 1 9 9 9 10 10}
slices required:
{2 2 2 2 2 2 2 2}
slices start:
{29 42 44 29 35 37 34 36}
tuples:
{12 12 12 12 12 12 12 12}
dist: 498
dist: 509
dist: 509
dist: 593
dist: 593
dist: 593
dist: 602
dist: 602

vlink src/dst: 3 16
number of protected paths set: 15
needed_slices: 54
paths: {1 13 19}
slices required:
{2 2 2}
slices start:
{40 19 39}
tuples:
{12 12 5}
dist: 570
dist: 723
dist: 1257

vlink src/dst: 8 11
number of protected paths set: 15
needed_slices: 24
paths: {0 14}
slices required:
{2 2}
slices start:
{42 0}
tuples:
{12 12}
dist: 452
dist: 596

vlink src/dst: 0 7
number of protected paths set: 15
needed_slices: 122
paths: {0 0 1 2 14 14 17 17}
slices required:
{2 2 2 2 2 2 2 2}
slices start:
{10 12 14 21 42 44 23 25}
tuples:
{12 12 12 12 12 12 12 12}
dist: 499
dist: 499
dist: 521
dist: 522
dist: 613
dist: 613
dist: 798
dist: 798

vlink src/dst: 5 16
number of protected paths set: 15
needed_slices: 132
paths: {0 1 1 7 8 8 17 17}
slices required:
{2 2 2 2 2 2 2 2}
slices start:
{46 23 25 21 48 50 46 48}
tuples:
{12 12 12 12 12 12 6 6}
dist: 537
dist: 538
dist: 538
dist: 598
dist: 599
dist: 599
dist: 1141
dist: 1141

vlink src/dst: 10 11
number of protected paths set: 15
needed_slices: 52
paths: {0 0 10 10}
slices required:
{2 2 2 2}
slices start:
{44 52 2 4}
tuples:
{12 12 12 12}
dist: 484
dist: 484
dist: 618
dist: 618

vlink src/dst: 10 16
number of protected paths set: 15
needed_slices: 44
paths: {0 10 11}
slices required:
{2 2 2}
slices start:
{54 27 41}
tuples:
{12 12 12}
dist: 465
dist: 754
dist: 771

vlink src/dst: 15 18
number of protected paths set: 3
needed_slices: 71
paths: {0 0 0 6 6 6 6}
slices required:
{2 2 3 2 2 2 4}
slices start:
{17 50 52 29 31 33 35}
tuples:
{20 20 28 12 12 12 25}
dist: 186
dist: 186
dist: 186
dist: 551
dist: 551
dist: 551
dist: 551

vlink src/dst: 12 18
number of protected paths set: 3
needed_slices: 21
paths: {0 11}
slices required:
{2 3}
slices start:
{29 39}
tuples:
{20 17}
dist: 242
dist: 593

vlink src/dst: 2 17
number of protected paths set: 15
needed_slices: 79
paths: {1 1 1 3 3 3 12}
slices required:
{2 2 3 2 2 3 2}
slices start:
{43 45 47 12 55 57 56}
tuples:
{12 12 18 12 12 18 12}
dist: 428
dist: 428
dist: 428
dist: 441
dist: 441
dist: 441
dist: 799

vlink src/dst: 8 13
number of protected paths set: 15
needed_slices: 24
paths: {0 3}
slices required:
{3 3}
slices start:
{6 10}
tuples:
{27 18}
dist: 381
dist: 414

vlink src/dst: 17 19
number of protected paths set: 15
needed_slices: 89
paths: {0 0 2 4 8 8 14}
slices required:
{2 2 3 3 2 2 2}
slices start:
{2 4 19 39 46 48 0}
tuples:
{12 12 17 17 12 12 12}
dist: 512
dist: 512
dist: 530
dist: 563
dist: 612
dist: 612
dist: 754

vlink src/dst: 3 6
number of protected paths set: 3
needed_slices: 78
paths: {0 0 16 16}
slices required:
{2 2 2 3}
slices start:
{50 52 55 57}
tuples:
{12 12 6 11}
dist: 767
dist: 767
dist: 995
dist: 995

vlink src/dst: 1 8
number of protected paths set: 15
needed_slices: 48
paths: {1 6 10}
slices required:
{3 3 2}
slices start:
{22 6 27}
tuples:
{18 17 12}
dist: 491
dist: 562
dist: 630

vlink src/dst: 8 9
number of protected paths set: 3
needed_slices: 44
paths: {0 0 10 10}
slices required:
{2 2 2 2}
slices start:
{2 4 0 9}
tuples:
{12 12 12 12}
dist: 566
dist: 566
dist: 688
dist: 688

vlink src/dst: 3 14
number of protected paths set: 15
needed_slices: 90
paths: {3 3 5 5 9 9}
slices required:
{2 3 2 3 2 3}
slices start:
{25 42 0 9 6 11}
tuples:
{12 18 12 17 12 17}
dist: 481
dist: 481
dist: 511
dist: 511
dist: 527
dist: 527

vlink src/dst: 0 19
number of protected paths set: 15
needed_slices: 64
paths: {0 0 1 1 15 15}
slices required:
{2 2 2 2 2 2}
slices start:
{27 38 6 8 50 60}
tuples:
{12 12 12 12 12 12}
dist: 323
dist: 323
dist: 350
dist: 350
dist: 719
dist: 719

vlink src/dst: 1 5
number of protected paths set: 15
needed_slices: 21
paths: {0 4}
slices required:
{3 3}
slices start:
{12 14}
tuples:
{27 27}
dist: 244
dist: 395

vlink src/dst: 3 17
number of protected paths set: 15
needed_slices: 110
paths: {0 7 7 8 8 12 14}
slices required:
{2 2 2 2 2 3 3}
slices start:
{11 29 31 14 16 33 18}
tuples:
{12 12 12 12 12 11 10}
dist: 580
dist: 723
dist: 723
dist: 750
dist: 750
dist: 881
dist: 1082

vlink src/dst: 0 10
number of protected paths set: 15
needed_slices: 68
paths: {0 0 0 3 3 3 6 14}
slices required:
{2 2 3 2 2 2 2 2}
slices start:
{21 29 36 16 21 23 25 36}
tuples:
{12 12 18 12 12 12 12 12}
dist: 409
dist: 409
dist: 409
dist: 463
dist: 463
dist: 463
dist: 574
dist: 699
27 second(s) taken for solution
30 second(s) taken in total
cost = 1923

