
2 second(s) taken for initialization

vlink src/dst: 4 10
number of protected paths set: 3
needed_slices: 102
paths: {0 0 1 1 10 10 10 10}
slices required:
{2 2 2 2 2 2 2 3}
slices start:
{0 2 4 6 0 2 4 6}
tuples:
{12 12 12 12 12 12 12 17}
dist: 436
dist: 436
dist: 454
dist: 454
dist: 549
dist: 549
dist: 549
dist: 549

vlink src/dst: 3 10
number of protected paths set: 3
needed_slices: 61
paths: {0 0 0 3 3}
slices required:
{2 2 4 3 6}
slices start:
{9 11 13 9 12}
tuples:
{20 20 43 27 48}
dist: 111
dist: 111
dist: 111
dist: 379
dist: 379

vlink src/dst: 10 12
number of protected paths set: 3
needed_slices: 52
paths: {1 1 7 7}
slices required:
{2 2 2 2}
slices start:
{18 20 18 20}
tuples:
{12 12 12 12}
dist: 569
dist: 569
dist: 650
dist: 650

vlink src/dst: 0 4
number of protected paths set: 15
needed_slices: 105
paths: {2 2 2 7 7 7 11}
slices required:
{2 2 3 2 2 3 2}
slices start:
{22 24 26 22 24 26 0}
tuples:
{12 12 17 12 12 17 12}
dist: 547
dist: 547
dist: 547
dist: 599
dist: 599
dist: 599
dist: 678

vlink src/dst: 0 13
number of protected paths set: 15
needed_slices: 110
paths: {1 1 1 3 8 8 17 17}
slices required:
{2 2 2 2 2 2 2 2}
slices start:
{29 31 33 29 31 33 8 10}
tuples:
{12 12 12 12 12 12 12 12}
dist: 571
dist: 571
dist: 571
dist: 579
dist: 622
dist: 622
dist: 751
dist: 751

vlink src/dst: 0 19
number of protected paths set: 15
needed_slices: 61
paths: {2 12 13 17}
slices required:
{3 2 2 2}
slices start:
{35 35 37 12}
tuples:
{18 12 12 12}
dist: 471
dist: 718
dist: 722
dist: 771

vlink src/dst: 2 15
number of protected paths set: 3
needed_slices: 352
paths: {0 0 0 17 17 17 17 17}
slices required:
{3 5 12 2 2 2 5 5}
slices start:
{39 42 47 2 4 6 14 19}
tuples:
{11 23 37 6 6 6 23 23}
dist: 850
dist: 850
dist: 850
dist: 994
dist: 994
dist: 994
dist: 994
dist: 994

vlink src/dst: 0 3
number of protected paths set: 15
needed_slices: 26
paths: {0 8 8}
slices required:
{3 2 2}
slices start:
{39 0 8}
tuples:
{28 12 12}
dist: 161
dist: 474
dist: 474

vlink src/dst: 8 10
number of protected paths set: 3
needed_slices: 126
paths: {0 0 1 1 17 17 17}
slices required:
{2 2 2 2 2 2 5}
slices start:
{38 40 42 44 42 44 46}
tuples:
{12 12 12 12 12 12 32}
dist: 530
dist: 530
dist: 579
dist: 579
dist: 671
dist: 671
dist: 671

vlink src/dst: 14 16
number of protected paths set: 3
needed_slices: 32
paths: {6 12}
slices required:
{2 2}
slices start:
{0 59}
tuples:
{12 12}
dist: 678
dist: 704

vlink src/dst: 8 14
number of protected paths set: 3
needed_slices: 95
paths: {3 3 15 15}
slices required:
{2 3 2 3}
slices start:
{61 63 24 26}
tuples:
{6 11 6 11}
dist: 875
dist: 875
dist: 912
dist: 912

vlink src/dst: 0 14
number of protected paths set: 3
needed_slices: 110
paths: {2 2 2 2 5 5 5 5}
slices required:
{2 2 2 4 2 2 2 4}
slices start:
{10 12 51 53 42 44 46 48}
tuples:
{12 12 12 25 12 12 12 25}
dist: 420
dist: 420
dist: 420
dist: 420
dist: 486
dist: 486
dist: 486
dist: 486

vlink src/dst: 0 17
number of protected paths set: 15
needed_slices: 51
paths: {0 0 1 3 3 3 7}
slices required:
{2 2 2 2 2 3 2}
slices start:
{52 54 57 2 4 14 56}
tuples:
{20 20 20 20 20 27 12}
dist: 163
dist: 163
dist: 226
dist: 249
dist: 249
dist: 249
dist: 345

vlink src/dst: 5 14
number of protected paths set: 3
needed_slices: 54
paths: {0 19 19}
slices required:
{3 2 2}
slices start:
{66 2 59}
tuples:
{17 12 12}
dist: 513
dist: 751
dist: 751

vlink src/dst: 5 9
number of protected paths set: 15
needed_slices: 146
paths: {4 4 4 6 6 6 17 17}
slices required:
{2 2 2 2 2 2 2 3}
slices start:
{61 63 65 52 54 69 69 71}
tuples:
{12 12 12 12 12 12 6 10}
dist: 589
dist: 589
dist: 589
dist: 612
dist: 612
dist: 612
dist: 1037
dist: 1037

vlink src/dst: 0 5
number of protected paths set: 15
needed_slices: 24
paths: {1 1 2 2}
slices required:
{2 2 2 2}
slices start:
{10 12 6 17}
tuples:
{20 20 20 20}
dist: 240
dist: 240
dist: 248
dist: 248

vlink src/dst: 0 16
number of protected paths set: 15
needed_slices: 24
paths: {4 7}
slices required:
{2 2}
slices start:
{71 24}
tuples:
{12 12}
dist: 386
dist: 419

vlink src/dst: 0 6
number of protected paths set: 15
needed_slices: 38
paths: {1 5 14}
slices required:
{2 2 2}
slices start:
{38 29 59}
tuples:
{12 12 12}
dist: 361
dist: 446
dist: 656

vlink src/dst: 0 11
number of protected paths set: 15
needed_slices: 33
paths: {0 2}
slices required:
{3 3}
slices start:
{19 61}
tuples:
{18 17}
dist: 485
dist: 506

vlink src/dst: 14 19
number of protected paths set: 3
needed_slices: 33
paths: {0 14 14}
slices required:
{3 2 2}
slices start:
{9 74 76}
tuples:
{27 12 12}
dist: 322
dist: 762
dist: 762

vlink src/dst: 3 4
number of protected paths set: 15
needed_slices: 78
paths: {0 0 8 8 8 9}
slices required:
{3 3 2 2 3 2}
slices start:
{59 62 14 16 18 71}
tuples:
{27 27 12 12 17 12}
dist: 385
dist: 385
dist: 585
dist: 585
dist: 585
dist: 647

vlink src/dst: 13 16
number of protected paths set: 15
needed_slices: 68
paths: {0 0 2 4 14}
slices required:
{2 3 3 2 2}
slices start:
{35 46 2 12 67}
tuples:
{12 18 17 12 12}
dist: 442
dist: 442
dist: 546
dist: 553
dist: 690

vlink src/dst: 5 15
number of protected paths set: 3
needed_slices: 60
paths: {2 2 6 6}
slices required:
{2 2 2 2}
slices start:
{8 10 0 8}
tuples:
{12 12 12 12}
dist: 582
dist: 582
dist: 609
dist: 609

vlink src/dst: 7 16
number of protected paths set: 15
needed_slices: 35
paths: {0 0 2 2 3 3}
slices required:
{2 2 2 2 2 3}
slices start:
{5 12 0 8 12 31}
tuples:
{20 20 20 20 12 27}
dist: 204
dist: 204
dist: 220
dist: 220
dist: 327
dist: 327

vlink src/dst: 4 11
number of protected paths set: 15
needed_slices: 34
paths: {1 13 14}
slices required:
{2 2 2}
slices start:
{10 14 12}
tuples:
{12 12 12}
dist: 442
dist: 667
dist: 698

vlink src/dst: 1 6
number of protected paths set: 15
needed_slices: 12
paths: {0 1}
slices required:
{2 2}
slices start:
{0 31}
tuples:
{20 20}
dist: 191
dist: 246

vlink src/dst: 11 18
number of protected paths set: 15
needed_slices: 53
paths: {0 0 1 2 4 4}
slices required:
{2 2 3 3 2 3}
slices start:
{24 26 33 28 36 64}
tuples:
{20 20 27 27 12 18}
dist: 275
dist: 275
dist: 341
dist: 351
dist: 417
dist: 417

vlink src/dst: 11 15
number of protected paths set: 3
needed_slices: 21
paths: {0 1}
slices required:
{2 3}
slices start:
{10 67}
tuples:
{20 18}
dist: 241
dist: 496

vlink src/dst: 1 18
number of protected paths set: 15
needed_slices: 33
paths: {1 2 3}
slices required:
{3 3 3}
slices start:
{2 24 46}
tuples:
{27 27 27}
dist: 305
dist: 353
dist: 387

vlink src/dst: 6 15
number of protected paths set: 3
needed_slices: 80
paths: {1 1 2 2 2 2}
slices required:
{3 6 2 2 3 4}
slices start:
{31 34 14 16 18 31}
tuples:
{27 48 12 12 18 25}
dist: 390
dist: 390
dist: 444
dist: 444
dist: 444
dist: 444
41 second(s) taken for solution
43 second(s) taken in total
cost = 2109

