
8 second(s) taken for initialization

vlink src/dst: 8 18
number of protected paths set: 15
needed_slices: 8
paths: {0 1}
slices required:
{2 2}
slices start:
{0 0}
tuples:
{20 20}
dist: 156
dist: 167

vlink src/dst: 0 5
number of protected paths set: 15
needed_slices: 110
paths: {0 0 0 0 6 6 6 6}
slices required:
{2 2 2 4 2 2 2 4}
slices start:
{2 4 6 8 2 4 6 8}
tuples:
{12 12 12 25 12 12 12 25}
dist: 465
dist: 465
dist: 465
dist: 465
dist: 549
dist: 549
dist: 549
dist: 549

vlink src/dst: 16 18
number of protected paths set: 15
needed_slices: 56
paths: {0 0 0 2 2 2}
slices required:
{2 2 3 2 2 3}
slices start:
{12 14 16 2 4 6}
tuples:
{20 20 27 20 20 27}
dist: 223
dist: 223
dist: 223
dist: 276
dist: 276
dist: 276

vlink src/dst: 14 16
number of protected paths set: 15
needed_slices: 42
paths: {0 0 0 1 1 1}
slices required:
{2 2 3 2 2 3}
slices start:
{19 21 23 0 9 11}
tuples:
{20 20 28 20 20 27}
dist: 176
dist: 176
dist: 176
dist: 219
dist: 219
dist: 219

vlink src/dst: 15 18
number of protected paths set: 15
needed_slices: 81
paths: {1 2 3 7 17}
slices required:
{3 2 3 2 2}
slices start:
{12 0 14 17 26}
tuples:
{17 12 17 12 12}
dist: 571
dist: 578
dist: 579
dist: 617
dist: 751

vlink src/dst: 12 17
number of protected paths set: 15
needed_slices: 43
paths: {0 0 3 3 9}
slices required:
{2 2 2 2 3}
slices start:
{19 21 15 19 14}
tuples:
{20 20 20 20 27}
dist: 208
dist: 208
dist: 280
dist: 280
dist: 387

vlink src/dst: 11 13
number of protected paths set: 3
needed_slices: 78
paths: {1 1 1 15 15 15}
slices required:
{2 2 2 2 2 2}
slices start:
{23 25 27 28 30 32}
tuples:
{12 12 12 12 12 12}
dist: 516
dist: 516
dist: 516
dist: 655
dist: 655
dist: 655

vlink src/dst: 5 19
number of protected paths set: 15
needed_slices: 68
paths: {0 0 13 13}
slices required:
{2 2 2 2}
slices start:
{21 29 34 36}
tuples:
{12 12 12 12}
dist: 709
dist: 709
dist: 793
dist: 793

vlink src/dst: 5 12
number of protected paths set: 15
needed_slices: 28
paths: {0 0 0 1 1 1}
slices required:
{2 2 3 2 2 3}
slices start:
{17 23 25 0 12 14}
tuples:
{20 20 28 20 20 27}
dist: 178
dist: 178
dist: 178
dist: 234
dist: 234
dist: 234

vlink src/dst: 6 14
number of protected paths set: 15
needed_slices: 40
paths: {2 4 14}
slices required:
{2 2 2}
slices start:
{31 21 17}
tuples:
{12 12 12}
dist: 464
dist: 513
dist: 752

vlink src/dst: 6 13
number of protected paths set: 3
needed_slices: 132
paths: {0 0 0 0 2 2 2 2}
slices required:
{2 2 3 4 2 2 3 4}
slices start:
{34 36 38 41 33 35 37 40}
tuples:
{12 12 18 25 12 12 18 25}
dist: 407
dist: 407
dist: 407
dist: 407
dist: 427
dist: 427
dist: 427
dist: 427

vlink src/dst: 2 14
number of protected paths set: 3
needed_slices: 65
paths: {0 0 4 4}
slices required:
{2 3 2 3}
slices start:
{45 47 44 46}
tuples:
{12 18 12 17}
dist: 466
dist: 466
dist: 576
dist: 576

vlink src/dst: 2 3
number of protected paths set: 3
needed_slices: 26
paths: {0 0 0 1 1 1 1}
slices required:
{2 2 4 2 2 2 3}
slices start:
{0 2 4 0 2 4 6}
tuples:
{20 20 43 20 20 20 27}
dist: 147
dist: 147
dist: 147
dist: 214
dist: 214
dist: 214
dist: 214

vlink src/dst: 10 13
number of protected paths set: 3
needed_slices: 130
paths: {1 1 1 1 7 7 7 7}
slices required:
{2 2 2 4 2 2 2 4}
slices start:
{49 51 53 55 50 52 54 56}
tuples:
{12 12 12 25 12 12 12 24}
dist: 569
dist: 569
dist: 569
dist: 569
dist: 650
dist: 650
dist: 650
dist: 650

vlink src/dst: 1 12
number of protected paths set: 15
needed_slices: 124
paths: {1 1 1 5 5 5 13 13}
slices required:
{2 2 3 2 2 3 2 3}
slices start:
{60 62 64 31 60 62 38 40}
tuples:
{12 12 18 12 12 17 6 11}
dist: 496
dist: 496
dist: 496
dist: 550
dist: 550
dist: 550
dist: 856
dist: 856

vlink src/dst: 1 18
number of protected paths set: 15
needed_slices: 116
paths: {0 1 1 12 12 15 15}
slices required:
{2 2 2 2 5 2 2}
slices start:
{67 69 71 65 67 43 45}
tuples:
{12 12 12 12 32 6 6}
dist: 518
dist: 536
dist: 536
dist: 654
dist: 654
dist: 837
dist: 837

vlink src/dst: 7 14
number of protected paths set: 3
needed_slices: 60
paths: {3 3 5 5}
slices required:
{2 2 2 2}
slices start:
{47 49 73 75}
tuples:
{12 12 12 12}
dist: 773
dist: 773
dist: 780
dist: 780

vlink src/dst: 9 14
number of protected paths set: 3
needed_slices: 68
paths: {1 1 4 4}
slices required:
{2 2 2 2}
slices start:
{51 53 77 79}
tuples:
{12 12 12 12}
dist: 684
dist: 684
dist: 703
dist: 703

vlink src/dst: 8 16
number of protected paths set: 15
needed_slices: 16
paths: {0 0 1 1}
slices required:
{2 2 2 2}
slices start:
{0 2 17 19}
tuples:
{29 29 20 20}
dist: 67
dist: 67
dist: 201
dist: 201

vlink src/dst: 8 10
number of protected paths set: 15
needed_slices: 123
paths: {0 0 0 8 8 8 14 14}
slices required:
{2 2 3 2 2 4 2 2}
slices start:
{4 6 8 21 23 33 0 12}
tuples:
{12 12 17 12 12 24 12 12}
dist: 539
dist: 539
dist: 539
dist: 610
dist: 610
dist: 610
dist: 793
dist: 793

vlink src/dst: 11 17
number of protected paths set: 15
needed_slices: 56
paths: {0 0 3 3 15 15}
slices required:
{2 2 2 2 2 2}
slices start:
{0 2 21 23 2 4}
tuples:
{12 12 12 12 12 12}
dist: 361
dist: 361
dist: 488
dist: 488
dist: 703
dist: 703

vlink src/dst: 5 10
number of protected paths set: 15
needed_slices: 44
paths: {2 7 13}
slices required:
{2 2 2}
slices start:
{0 33 81}
tuples:
{12 12 6}
dist: 721
dist: 763
dist: 846

vlink src/dst: 1 3
number of protected paths set: 15
needed_slices: 88
paths: {0 4 4 4 8 8 11 11}
slices required:
{2 2 2 2 2 2 2 2}
slices start:
{6 11 83 85 9 15 2 15}
tuples:
{12 12 12 12 12 12 12 12}
dist: 486
dist: 609
dist: 609
dist: 609
dist: 635
dist: 635
dist: 663
dist: 663

vlink src/dst: 7 17
number of protected paths set: 3
needed_slices: 55
paths: {2 2 5 5 5}
slices required:
{2 3 2 2 2}
slices start:
{6 8 6 13 25}
tuples:
{12 17 12 12 12}
dist: 598
dist: 598
dist: 669
dist: 669
dist: 669

vlink src/dst: 10 11
number of protected paths set: 15
needed_slices: 13
paths: {0 1}
slices required:
{2 3}
slices start:
{14 17}
tuples:
{20 27}
dist: 269
dist: 352

vlink src/dst: 1 4
number of protected paths set: 15
needed_slices: 30
paths: {0 0 0 1 1}
slices required:
{2 2 2 3 3}
slices start:
{0 6 8 13 20}
tuples:
{20 20 20 27 27}
dist: 280
dist: 280
dist: 280
dist: 312
dist: 312

vlink src/dst: 1 19
number of protected paths set: 15
needed_slices: 53
paths: {0 0 0 8 8 8}
slices required:
{2 2 2 2 2 3}
slices start:
{0 2 23 10 12 14}
tuples:
{20 20 20 12 12 17}
dist: 232
dist: 232
dist: 232
dist: 548
dist: 548
dist: 548

vlink src/dst: 7 19
number of protected paths set: 3
needed_slices: 110
paths: {1 1 1 1 3 3 3 3}
slices required:
{2 2 3 4 2 2 3 4}
slices start:
{2 4 17 20 27 31 33 36}
tuples:
{12 12 17 25 12 12 17 25}
dist: 527
dist: 527
dist: 527
dist: 527
dist: 537
dist: 537
dist: 537
dist: 537

vlink src/dst: 9 11
number of protected paths set: 3
needed_slices: 48
paths: {0 0 2 2 2 2}
slices required:
{2 4 2 2 2 3}
slices start:
{0 6 6 8 25 55}
tuples:
{20 43 12 12 12 18}
dist: 150
dist: 150
dist: 436
dist: 436
dist: 436
dist: 436

vlink src/dst: 7 15
number of protected paths set: 3
needed_slices: 29
paths: {0 8 8}
slices required:
{3 2 2}
slices start:
{0 27 29}
tuples:
{27 12 12}
dist: 400
dist: 639
dist: 639
50 second(s) taken for solution
58 second(s) taken in total
cost = 1940

