
5 second(s) taken for initialization

vlink src/dst: 6 11
number of protected paths set: 3
needed_slices: 76
paths: {1 1 13 13}
slices required:
{2 2 2 3}
slices start:
{0 2 0 2}
tuples:
{12 12 6 11}
dist: 674
dist: 674
dist: 826
dist: 826

vlink src/dst: 11 16
number of protected paths set: 3
needed_slices: 64
paths: {1 1 15 15}
slices required:
{2 2 2 2}
slices start:
{5 7 4 6}
tuples:
{12 12 12 12}
dist: 498
dist: 498
dist: 613
dist: 613

vlink src/dst: 13 17
number of protected paths set: 15
needed_slices: 38
paths: {1 11 12}
slices required:
{2 2 2}
slices start:
{8 8 9}
tuples:
{12 12 12}
dist: 420
dist: 625
dist: 702

vlink src/dst: 9 11
number of protected paths set: 15
needed_slices: 92
paths: {1 1 1 6 6 6 6}
slices required:
{2 3 3 2 2 2 4}
slices start:
{11 13 16 11 13 15 17}
tuples:
{12 27 27 12 12 12 25}
dist: 387
dist: 387
dist: 387
dist: 460
dist: 460
dist: 460
dist: 460

vlink src/dst: 8 15
number of protected paths set: 3
needed_slices: 140
paths: {2 2 2 2 15 15 15 15}
slices required:
{2 2 2 4 2 2 2 4}
slices start:
{21 23 25 27 21 23 25 27}
tuples:
{12 12 12 25 12 12 12 24}
dist: 547
dist: 547
dist: 547
dist: 547
dist: 633
dist: 633
dist: 633
dist: 633

vlink src/dst: 0 13
number of protected paths set: 15
needed_slices: 80
paths: {0 0 10 10 14 14}
slices required:
{2 2 2 2 2 2}
slices start:
{0 2 31 33 5 7}
tuples:
{12 12 12 12 12 12}
dist: 433
dist: 433
dist: 610
dist: 610
dist: 782
dist: 782

vlink src/dst: 13 14
number of protected paths set: 15
needed_slices: 107
paths: {1 1 12 12 12 15 15}
slices required:
{3 3 2 2 3 2 3}
slices start:
{31 34 11 13 15 21 23}
tuples:
{27 27 12 12 17 6 11}
dist: 392
dist: 392
dist: 555
dist: 555
dist: 555
dist: 828
dist: 828

vlink src/dst: 6 13
number of protected paths set: 3
needed_slices: 77
paths: {0 0 13 13 13}
slices required:
{2 3 2 2 2}
slices start:
{37 39 18 20 22}
tuples:
{12 18 12 12 12}
dist: 482
dist: 482
dist: 654
dist: 654
dist: 654

vlink src/dst: 3 17
number of protected paths set: 15
needed_slices: 60
paths: {0 11 16}
slices required:
{2 3 3}
slices start:
{26 31 0}
tuples:
{12 11 11}
dist: 700
dist: 835
dist: 936

vlink src/dst: 6 17
number of protected paths set: 3
needed_slices: 56
paths: {4 4 12 12}
slices required:
{2 2 2 2}
slices start:
{19 34 28 37}
tuples:
{12 12 6 6}
dist: 718
dist: 718
dist: 816
dist: 816

vlink src/dst: 9 12
number of protected paths set: 3
needed_slices: 110
paths: {0 0 0 13 13 17 17}
slices required:
{2 2 5 2 2 2 2}
slices start:
{36 38 40 9 11 13 15}
tuples:
{12 12 32 12 12 12 12}
dist: 657
dist: 657
dist: 657
dist: 752
dist: 752
dist: 785
dist: 785

vlink src/dst: 13 19
number of protected paths set: 3
needed_slices: 56
paths: {1 1 13 13}
slices required:
{2 2 2 2}
slices start:
{0 2 42 44}
tuples:
{12 12 12 12}
dist: 493
dist: 493
dist: 619
dist: 619

vlink src/dst: 10 14
number of protected paths set: 15
needed_slices: 31
paths: {0 0 6 6}
slices required:
{2 2 2 3}
slices start:
{9 11 4 6}
tuples:
{20 20 12 18}
dist: 295
dist: 295
dist: 413
dist: 413

vlink src/dst: 9 10
number of protected paths set: 15
needed_slices: 20
paths: {0 1 11}
slices required:
{2 2 2}
slices start:
{46 46 17}
tuples:
{20 20 12}
dist: 144
dist: 173
dist: 408

vlink src/dst: 1 4
number of protected paths set: 15
needed_slices: 16
paths: {1 2}
slices required:
{2 2}
slices start:
{0 48}
tuples:
{20 20}
dist: 215
dist: 234

vlink src/dst: 1 7
number of protected paths set: 15
needed_slices: 118
paths: {0 0 0 14 14 14 17}
slices required:
{2 2 3 2 2 3 3}
slices start:
{48 50 52 50 52 54 24}
tuples:
{12 12 18 12 12 17 11}
dist: 450
dist: 450
dist: 450
dist: 592
dist: 592
dist: 592
dist: 831

vlink src/dst: 14 16
number of protected paths set: 3
needed_slices: 28
paths: {0 0 1 1}
slices required:
{2 2 2 2}
slices start:
{8 24 13 15}
tuples:
{20 20 20 20}
dist: 242
dist: 242
dist: 247
dist: 247

vlink src/dst: 4 18
number of protected paths set: 15
needed_slices: 29
paths: {0 7 7}
slices required:
{3 2 2}
slices start:
{17 17 19}
tuples:
{27 12 12}
dist: 239
dist: 543
dist: 543

vlink src/dst: 5 19
number of protected paths set: 3
needed_slices: 92
paths: {1 1 2 2 2 2 4 4}
slices required:
{2 2 2 2 2 3 2 2}
slices start:
{26 28 20 22 24 39 42 44}
tuples:
{12 12 12 12 12 18 12 12}
dist: 408
dist: 408
dist: 418
dist: 418
dist: 418
dist: 418
dist: 458
dist: 458

vlink src/dst: 4 7
number of protected paths set: 15
needed_slices: 30
paths: {0 1}
slices required:
{3 3}
slices start:
{46 30}
tuples:
{27 27}
dist: 334
dist: 380

vlink src/dst: 2 4
number of protected paths set: 15
needed_slices: 42
paths: {4 9 12}
slices required:
{2 2 2}
slices start:
{57 30 33}
tuples:
{12 12 12}
dist: 502
dist: 643
dist: 694

vlink src/dst: 4 8
number of protected paths set: 15
needed_slices: 27
paths: {0 2}
slices required:
{3 3}
slices start:
{5 50}
tuples:
{18 17}
dist: 462
dist: 512

vlink src/dst: 0 4
number of protected paths set: 15
needed_slices: 68
paths: {0 0 1 2 6 6 11 11}
slices required:
{2 2 2 2 2 2 2 2}
slices start:
{32 34 59 39 61 63 3 46}
tuples:
{12 12 12 12 12 12 12 12}
dist: 316
dist: 316
dist: 371
dist: 411
dist: 466
dist: 466
dist: 511
dist: 511

vlink src/dst: 0 3
number of protected paths set: 15
needed_slices: 27
paths: {0 2}
slices required:
{3 3}
slices start:
{39 9}
tuples:
{17 17}
dist: 505
dist: 578

vlink src/dst: 2 18
number of protected paths set: 15
needed_slices: 20
paths: {0 0 0 1 1 1}
slices required:
{2 2 2 2 2 3}
slices start:
{0 2 4 3 5 12}
tuples:
{29 29 29 20 20 27}
dist: 99
dist: 99
dist: 99
dist: 265
dist: 265
dist: 265

vlink src/dst: 2 19
number of protected paths set: 3
needed_slices: 53
paths: {0 0 0 3 3 3}
slices required:
{2 2 3 2 3 3}
slices start:
{0 7 9 20 65 68}
tuples:
{20 20 27 12 27 27}
dist: 221
dist: 221
dist: 221
dist: 388
dist: 388
dist: 388

vlink src/dst: 11 13
number of protected paths set: 15
needed_slices: 62
paths: {0 0 0 4 4 4}
slices required:
{2 2 3 2 3 3}
slices start:
{26 28 35 57 59 62}
tuples:
{20 20 27 12 27 27}
dist: 270
dist: 270
dist: 270
dist: 387
dist: 387
dist: 387

vlink src/dst: 2 14
number of protected paths set: 15
needed_slices: 13
paths: {0 1}
slices required:
{2 3}
slices start:
{9 15}
tuples:
{20 27}
dist: 178
dist: 331

vlink src/dst: 0 17
number of protected paths set: 15
needed_slices: 18
paths: {0 3}
slices required:
{3 3}
slices start:
{13 3}
tuples:
{27 18}
dist: 325
dist: 420

vlink src/dst: 12 17
number of protected paths set: 3
needed_slices: 16
paths: {0 6}
slices required:
{2 3}
slices start:
{6 0}
tuples:
{20 17}
dist: 237
dist: 556
26 second(s) taken for solution
31 second(s) taken in total
cost = 1666

