
10 second(s) taken for initialization

vlink src/dst: 0 4
number of protected paths set: 3
needed_slices: 24
paths: {1 3}
slices required:
{3 3}
slices start:
{0 0}
tuples:
{27 18}
dist: 355
dist: 490

vlink src/dst: 5 6
number of protected paths set: 3
needed_slices: 68
paths: {0 0 0 2 2 2 2}
slices required:
{2 2 4 2 2 2 6}
slices start:
{3 5 7 3 5 7 9}
tuples:
{20 20 43 12 12 12 39}
dist: 104
dist: 104
dist: 104
dist: 563
dist: 563
dist: 563
dist: 563

vlink src/dst: 6 18
number of protected paths set: 3
needed_slices: 40
paths: {0 0 0 3 3 3}
slices required:
{2 2 2 2 2 3}
slices start:
{11 13 15 15 17 19}
tuples:
{20 20 20 12 12 18}
dist: 266
dist: 266
dist: 266
dist: 419
dist: 419
dist: 419

vlink src/dst: 0 5
number of protected paths set: 15
needed_slices: 35
paths: {0 0 1 1 1 3}
slices required:
{2 2 2 2 3 2}
slices start:
{15 17 22 24 26 22}
tuples:
{29 29 12 12 18 12}
dist: 53
dist: 53
dist: 418
dist: 418
dist: 418
dist: 456

vlink src/dst: 13 18
number of protected paths set: 15
needed_slices: 58
paths: {2 6 10 16}
slices required:
{2 2 3 2}
slices start:
{0 2 19 24}
tuples:
{12 12 17 12}
dist: 415
dist: 498
dist: 524
dist: 751

vlink src/dst: 3 7
number of protected paths set: 3
needed_slices: 90
paths: {1 1 1 7 7 7 7}
slices required:
{2 3 3 2 2 2 4}
slices start:
{3 5 8 15 17 29 31}
tuples:
{12 27 27 12 12 12 25}
dist: 375
dist: 375
dist: 375
dist: 464
dist: 464
dist: 464
dist: 464

vlink src/dst: 1 7
number of protected paths set: 3
needed_slices: 140
paths: {7 7 7 7 12 12 12 12}
slices required:
{2 2 2 4 2 2 2 4}
slices start:
{11 13 15 26 35 37 39 41}
tuples:
{12 12 12 25 12 12 12 25}
dist: 566
dist: 566
dist: 566
dist: 566
dist: 595
dist: 595
dist: 595
dist: 595

vlink src/dst: 4 9
number of protected paths set: 3
needed_slices: 24
paths: {1 2}
slices required:
{3 3}
slices start:
{17 30}
tuples:
{27 27}
dist: 316
dist: 344

vlink src/dst: 3 18
number of protected paths set: 15
needed_slices: 48
paths: {0 10 11 12}
slices required:
{2 2 2 2}
slices start:
{4 0 45 2}
tuples:
{20 12 12 12}
dist: 297
dist: 663
dist: 665
dist: 676

vlink src/dst: 2 4
number of protected paths set: 3
needed_slices: 64
paths: {3 3 17 17}
slices required:
{2 2 2 2}
slices start:
{4 6 26 28}
tuples:
{12 12 6 6}
dist: 788
dist: 788
dist: 880
dist: 880

vlink src/dst: 9 12
number of protected paths set: 3
needed_slices: 72
paths: {1 1 1 4 4 4}
slices required:
{2 2 4 2 2 4}
slices start:
{8 10 12 22 24 33}
tuples:
{12 12 34 12 12 34}
dist: 353
dist: 353
dist: 353
dist: 399
dist: 399
dist: 399

vlink src/dst: 1 18
number of protected paths set: 15
needed_slices: 116
paths: {0 2 2 11 12 12 13 13}
slices required:
{2 2 2 2 2 2 2 2}
slices start:
{6 8 45 4 6 8 47 49}
tuples:
{12 12 12 12 12 12 12 12}
dist: 426
dist: 488
dist: 488
dist: 609
dist: 623
dist: 623
dist: 796
dist: 796

vlink src/dst: 6 14
number of protected paths set: 3
needed_slices: 63
paths: {1 1 10 10}
slices required:
{2 2 2 3}
slices start:
{47 49 17 30}
tuples:
{12 12 6 11}
dist: 785
dist: 785
dist: 850
dist: 850

vlink src/dst: 9 19
number of protected paths set: 3
needed_slices: 201
paths: {2 2 2 2 18 18 18 18}
slices required:
{2 2 4 4 2 3 5 5}
slices start:
{2 20 22 26 37 39 51 56}
tuples:
{12 12 24 24 6 11 23 23}
dist: 735
dist: 735
dist: 735
dist: 735
dist: 825
dist: 825
dist: 825
dist: 825

vlink src/dst: 15 18
number of protected paths set: 15
needed_slices: 110
paths: {1 1 1 1 2 2 2 2}
slices required:
{2 2 2 4 2 2 2 4}
slices start:
{10 12 14 19 51 53 55 57}
tuples:
{12 12 12 25 12 12 12 25}
dist: 456
dist: 456
dist: 456
dist: 456
dist: 523
dist: 523
dist: 523
dist: 523

vlink src/dst: 2 18
number of protected paths set: 15
needed_slices: 27
paths: {1 3}
slices required:
{3 3}
slices start:
{23 42}
tuples:
{17 17}
dist: 543
dist: 597

vlink src/dst: 11 18
number of protected paths set: 15
needed_slices: 60
paths: {0 0 0 0 2 2 2 2}
slices required:
{2 2 2 3 2 2 3 4}
slices start:
{26 28 33 35 10 12 30 47}
tuples:
{20 20 20 27 12 12 18 25}
dist: 253
dist: 253
dist: 253
dist: 253
dist: 423
dist: 423
dist: 423
dist: 423

vlink src/dst: 1 12
number of protected paths set: 15
needed_slices: 40
paths: {0 0 7 7}
slices required:
{2 3 2 3}
slices start:
{2 16 23 33}
tuples:
{12 27 12 18}
dist: 309
dist: 309
dist: 487
dist: 487

vlink src/dst: 10 12
number of protected paths set: 15
needed_slices: 20
paths: {0 0 1 1 1}
slices required:
{2 4 2 2 3}
slices start:
{2 4 0 2 4}
tuples:
{20 43 20 20 27}
dist: 101
dist: 101
dist: 290
dist: 290
dist: 290

vlink src/dst: 10 11
number of protected paths set: 15
needed_slices: 10
paths: {0 1 3}
slices required:
{2 2 2}
slices start:
{7 8 0}
tuples:
{29 20 12}
dist: 100
dist: 291
dist: 317

vlink src/dst: 18 19
number of protected paths set: 3
needed_slices: 100
paths: {0 0 0 0 9 9 9 9}
slices required:
{2 2 2 4 2 2 2 4}
slices start:
{42 44 46 61 61 63 65 67}
tuples:
{12 12 12 25 12 12 12 24}
dist: 544
dist: 544
dist: 544
dist: 544
dist: 739
dist: 739
dist: 739
dist: 739

vlink src/dst: 12 15
number of protected paths set: 15
needed_slices: 78
paths: {1 1 3 3 3 4 12}
slices required:
{3 3 2 2 2 2 2}
slices start:
{45 48 4 19 21 30 71}
tuples:
{27 27 12 12 12 12 12}
dist: 335
dist: 335
dist: 474
dist: 474
dist: 474
dist: 474
dist: 668

vlink src/dst: 14 17
number of protected paths set: 15
needed_slices: 36
paths: {1 3 15}
slices required:
{3 3 2}
slices start:
{8 32 38}
tuples:
{18 17 12}
dist: 495
dist: 526
dist: 677

vlink src/dst: 2 12
number of protected paths set: 15
needed_slices: 20
paths: {0 3 7}
slices required:
{2 2 2}
slices start:
{71 35 14}
tuples:
{12 12 12}
dist: 360
dist: 489
dist: 531

vlink src/dst: 10 14
number of protected paths set: 15
needed_slices: 49
paths: {0 0 3 3 3 11}
slices required:
{3 3 2 2 3 2}
slices start:
{51 54 11 33 48 73}
tuples:
{27 27 12 12 18 12}
dist: 325
dist: 325
dist: 420
dist: 420
dist: 420
dist: 537

vlink src/dst: 15 19
number of protected paths set: 3
needed_slices: 78
paths: {0 0 0 2 2 2 2}
slices required:
{2 2 6 2 2 2 6}
slices start:
{0 13 40 0 16 25 27}
tuples:
{12 12 48 12 12 12 39}
dist: 370
dist: 370
dist: 370
dist: 436
dist: 436
dist: 436
dist: 436

vlink src/dst: 16 19
number of protected paths set: 3
needed_slices: 111
paths: {0 0 12 12 12 12 12}
slices required:
{3 6 2 2 2 2 4}
slices start:
{4 7 65 67 69 71 75}
tuples:
{27 48 12 12 12 12 24}
dist: 328
dist: 328
dist: 738
dist: 738
dist: 738
dist: 738
dist: 738

vlink src/dst: 1 14
number of protected paths set: 15
needed_slices: 45
paths: {1 1 1 2 2 2}
slices required:
{2 2 3 2 3 3}
slices start:
{2 10 15 0 17 37}
tuples:
{20 20 27 12 27 27}
dist: 293
dist: 293
dist: 293
dist: 355
dist: 355
dist: 355

vlink src/dst: 3 15
number of protected paths set: 15
needed_slices: 24
paths: {0 0 2 2}
slices required:
{2 2 2 2}
slices start:
{0 4 12 23}
tuples:
{20 20 20 20}
dist: 220
dist: 220
dist: 293
dist: 293

vlink src/dst: 8 16
number of protected paths set: 3
needed_slices: 28
paths: {0 1 1}
slices required:
{3 2 2}
slices start:
{0 25 27}
tuples:
{27 12 12}
dist: 334
dist: 402
dist: 402
38 second(s) taken for solution
48 second(s) taken in total
cost = 1879

