
7 second(s) taken for initialization

vlink src/dst: 3 9
number of protected paths set: 15
needed_slices: 20
paths: {0 1}
slices required:
{2 3}
slices start:
{0 0}
tuples:
{20 27}
dist: 251
dist: 326

vlink src/dst: 4 6
number of protected paths set: 3
needed_slices: 106
paths: {1 1 1 5 5 5 5}
slices required:
{2 3 3 2 2 2 4}
slices start:
{2 4 7 3 5 7 9}
tuples:
{12 27 27 12 12 12 25}
dist: 344
dist: 344
dist: 344
dist: 418
dist: 418
dist: 418
dist: 418

vlink src/dst: 1 6
number of protected paths set: 3
needed_slices: 72
paths: {0 0 0 0 3 3 3 3}
slices required:
{2 2 2 3 2 2 2 3}
slices start:
{10 12 14 16 0 13 15 17}
tuples:
{20 20 20 28 20 20 20 27}
dist: 178
dist: 178
dist: 178
dist: 178
dist: 299
dist: 299
dist: 299
dist: 299

vlink src/dst: 4 9
number of protected paths set: 15
needed_slices: 82
paths: {0 0 0 8 8 8}
slices required:
{2 2 3 2 3 3}
slices start:
{19 21 23 13 15 18}
tuples:
{20 20 27 12 27 27}
dist: 285
dist: 285
dist: 285
dist: 400
dist: 400
dist: 400

vlink src/dst: 17 18
number of protected paths set: 15
needed_slices: 60
paths: {2 2 3 3 6 6}
slices required:
{2 2 2 2 2 3}
slices start:
{0 26 26 28 21 23}
tuples:
{20 20 20 20 12 27}
dist: 285
dist: 285
dist: 291
dist: 291
dist: 369
dist: 369

vlink src/dst: 9 12
number of protected paths set: 15
needed_slices: 67
paths: {0 0 13 13 14 14}
slices required:
{2 2 2 3 2 3}
slices start:
{30 32 20 22 3 5}
tuples:
{20 20 12 18 12 18}
dist: 177
dist: 177
dist: 466
dist: 466
dist: 484
dist: 484

vlink src/dst: 9 10
number of protected paths set: 15
needed_slices: 94
paths: {0 0 13 13 13 19}
slices required:
{3 3 2 2 3 2}
slices start:
{34 37 8 10 21 26}
tuples:
{27 27 12 12 17 12}
dist: 307
dist: 307
dist: 599
dist: 599
dist: 599
dist: 787

vlink src/dst: 2 18
number of protected paths set: 15
needed_slices: 36
paths: {0 0 3 3 7}
slices required:
{2 2 2 2 3}
slices start:
{40 42 30 32 0}
tuples:
{20 20 20 20 27}
dist: 123
dist: 123
dist: 268
dist: 268
dist: 366

vlink src/dst: 3 19
number of protected paths set: 3
needed_slices: 186
paths: {0 0 0 0 1 1 1 3}
slices required:
{2 2 4 4 2 2 5 2}
slices start:
{28 30 32 36 10 12 14 30}
tuples:
{12 12 24 24 12 12 32 12}
dist: 687
dist: 687
dist: 687
dist: 687
dist: 696
dist: 696
dist: 696
dist: 710

vlink src/dst: 5 17
number of protected paths set: 15
needed_slices: 96
paths: {0 0 12 12 16 16}
slices required:
{2 2 2 2 2 2}
slices start:
{40 42 28 32 40 42}
tuples:
{12 12 12 12 12 12}
dist: 503
dist: 503
dist: 639
dist: 639
dist: 777
dist: 777

vlink src/dst: 3 5
number of protected paths set: 15
needed_slices: 124
paths: {0 2 2 6 11 11 12 12}
slices required:
{2 2 2 2 2 2 2 2}
slices start:
{44 46 48 34 40 42 46 48}
tuples:
{12 12 12 12 12 12 12 12}
dist: 540
dist: 564
dist: 564
dist: 647
dist: 693
dist: 693
dist: 715
dist: 715

vlink src/dst: 6 11
number of protected paths set: 3
needed_slices: 48
paths: {0 0 11 11}
slices required:
{2 2 2 2}
slices start:
{44 46 50 52}
tuples:
{12 12 12 12}
dist: 523
dist: 523
dist: 587
dist: 587

vlink src/dst: 8 16
number of protected paths set: 15
needed_slices: 24
paths: {0 6}
slices required:
{3 3}
slices start:
{48 36}
tuples:
{27 18}
dist: 340
dist: 420

vlink src/dst: 9 11
number of protected paths set: 15
needed_slices: 108
paths: {1 9 9 11 11 12 15 15}
slices required:
{2 2 2 2 2 2 2 2}
slices start:
{54 48 56 56 58 54 51 56}
tuples:
{12 12 12 12 12 12 12 12}
dist: 482
dist: 539
dist: 539
dist: 627
dist: 627
dist: 634
dist: 740
dist: 740

vlink src/dst: 2 11
number of protected paths set: 15
needed_slices: 84
paths: {3 3 4 4 11 11}
slices required:
{2 2 2 2 2 2}
slices start:
{3 5 60 62 44 60}
tuples:
{12 12 12 12 12 12}
dist: 543
dist: 543
dist: 583
dist: 583
dist: 779
dist: 779

vlink src/dst: 8 12
number of protected paths set: 15
needed_slices: 18
paths: {0 2}
slices required:
{3 3}
slices start:
{64 26}
tuples:
{27 27}
dist: 227
dist: 263

vlink src/dst: 4 12
number of protected paths set: 15
needed_slices: 34
paths: {0 7 10}
slices required:
{2 3 2}
slices start:
{10 67 0}
tuples:
{20 18 12}
dist: 219
dist: 457
dist: 560

vlink src/dst: 13 17
number of protected paths set: 15
needed_slices: 108
paths: {4 4 4 14 14 14 19}
slices required:
{2 2 3 2 2 3 3}
slices start:
{24 32 36 12 14 16 36}
tuples:
{12 12 18 12 12 17 11}
dist: 488
dist: 488
dist: 488
dist: 561
dist: 561
dist: 561
dist: 898

vlink src/dst: 13 18
number of protected paths set: 15
needed_slices: 73
paths: {0 0 7 7 7 16}
slices required:
{3 3 2 2 3 2}
slices start:
{2 5 7 29 31 39}
tuples:
{27 27 12 12 18 12}
dist: 355
dist: 355
dist: 491
dist: 491
dist: 491
dist: 770

vlink src/dst: 0 8
number of protected paths set: 15
needed_slices: 45
paths: {0 0 5 5}
slices required:
{2 3 2 3}
slices start:
{44 53 44 50}
tuples:
{12 27 12 18}
dist: 334
dist: 334
dist: 437
dist: 437

vlink src/dst: 3 14
number of protected paths set: 15
needed_slices: 154
paths: {3 4 4 4 17 17 17 17}
slices required:
{6 2 2 2 2 2 2 2}
slices start:
{56 21 23 28 58 60 62 67}
tuples:
{39 12 12 12 6 6 6 6}
dist: 586
dist: 612
dist: 612
dist: 612
dist: 915
dist: 915
dist: 915
dist: 915

vlink src/dst: 7 8
number of protected paths set: 15
needed_slices: 94
paths: {0 2 2 6 6 10 11 11}
slices required:
{2 2 2 2 2 2 2 2}
slices start:
{26 28 34 62 64 41 70 72}
tuples:
{12 12 12 12 12 12 12 12}
dist: 420
dist: 486
dist: 486
dist: 515
dist: 515
dist: 536
dist: 705
dist: 705

vlink src/dst: 3 7
number of protected paths set: 15
needed_slices: 143
paths: {1 1 4 7 10 10 16 16}
slices required:
{2 2 3 3 2 2 3 3}
slices start:
{70 72 46 74 30 32 77 80}
tuples:
{12 12 17 17 12 12 11 11}
dist: 493
dist: 493
dist: 552
dist: 562
dist: 654
dist: 654
dist: 888
dist: 888

vlink src/dst: 5 15
number of protected paths set: 15
needed_slices: 108
paths: {0 2 2 9 9 12 15 15}
slices required:
{2 2 2 2 2 2 2 2}
slices start:
{60 64 69 21 23 46 53 83}
tuples:
{12 12 12 12 12 12 12 12}
dist: 419
dist: 521
dist: 521
dist: 593
dist: 593
dist: 603
dist: 769
dist: 769

vlink src/dst: 5 18
number of protected paths set: 15
needed_slices: 84
paths: {0 0 2 2 2 12}
slices required:
{3 3 2 2 3 2}
slices start:
{66 71 3 5 50 58}
tuples:
{27 27 12 12 18 12}
dist: 376
dist: 376
dist: 418
dist: 418
dist: 418
dist: 693

vlink src/dst: 5 13
number of protected paths set: 15
needed_slices: 34
paths: {3 4 10}
slices required:
{2 2 2}
slices start:
{0 74 0}
tuples:
{12 12 12}
dist: 597
dist: 609
dist: 702

vlink src/dst: 0 7
number of protected paths set: 15
needed_slices: 32
paths: {0 0 4 4}
slices required:
{2 2 2 3}
slices start:
{2 4 2 4}
tuples:
{20 20 12 18}
dist: 275
dist: 275
dist: 417
dist: 417

vlink src/dst: 11 13
number of protected paths set: 15
needed_slices: 36
paths: {0 0 0 0 1 1 1 1}
slices required:
{2 2 2 3 2 2 2 3}
slices start:
{9 19 21 23 2 4 6 8}
tuples:
{20 20 20 27 20 20 20 27}
dist: 202
dist: 202
dist: 202
dist: 202
dist: 295
dist: 295
dist: 295
dist: 295

vlink src/dst: 10 14
number of protected paths set: 15
needed_slices: 24
paths: {0 1}
slices required:
{3 3}
slices start:
{12 7}
tuples:
{27 18}
dist: 334
dist: 403

vlink src/dst: 7 14
number of protected paths set: 15
needed_slices: 12
paths: {0 0 1 1}
slices required:
{2 2 2 2}
slices start:
{0 2 0 2}
tuples:
{29 29 20 20}
dist: 86
dist: 86
dist: 221
dist: 221
79 second(s) taken for solution
86 second(s) taken in total
cost = 2206

