
4 second(s) taken for initialization

vlink src/dst: 1 15
number of protected paths set: 3
needed_slices: 96
paths: {6 6 6 12 12 12}
slices required:
{2 2 2 2 2 2}
slices start:
{0 2 4 0 2 4}
tuples:
{12 12 12 12 12 12}
dist: 678
dist: 678
dist: 678
dist: 704
dist: 704
dist: 704

vlink src/dst: 10 13
number of protected paths set: 3
needed_slices: 28
paths: {0 0 0 1 1 1}
slices required:
{2 2 3 2 2 3}
slices start:
{6 8 10 6 8 10}
tuples:
{20 20 28 20 20 27}
dist: 181
dist: 181
dist: 181
dist: 231
dist: 231
dist: 231

vlink src/dst: 1 6
number of protected paths set: 3
needed_slices: 176
paths: {0 0 1 1 14 14 14 14}
slices required:
{2 2 2 2 2 2 3 5}
slices start:
{13 15 17 19 6 8 10 13}
tuples:
{12 12 12 12 6 6 11 23}
dist: 668
dist: 668
dist: 679
dist: 679
dist: 812
dist: 812
dist: 812
dist: 812

vlink src/dst: 6 10
number of protected paths set: 3
needed_slices: 197
paths: {1 1 1 19 19 19 19 19}
slices required:
{2 3 6 2 2 3 3 5}
slices start:
{21 23 26 21 23 25 28 31}
tuples:
{12 17 39 6 6 11 11 23}
dist: 539
dist: 539
dist: 539
dist: 841
dist: 841
dist: 841
dist: 841
dist: 841

vlink src/dst: 4 14
number of protected paths set: 3
needed_slices: 61
paths: {1 1 1 2 2 2}
slices required:
{2 2 3 2 3 3}
slices start:
{0 2 17 36 38 41}
tuples:
{20 20 27 12 27 27}
dist: 285
dist: 285
dist: 285
dist: 376
dist: 376
dist: 376

vlink src/dst: 4 7
number of protected paths set: 15
needed_slices: 24
paths: {1 2}
slices required:
{3 3}
slices start:
{44 44}
tuples:
{27 27}
dist: 326
dist: 334

vlink src/dst: 14 15
number of protected paths set: 3
needed_slices: 120
paths: {2 2 7 7 7 7}
slices required:
{3 6 2 2 3 4}
slices start:
{6 17 6 8 10 32}
tuples:
{27 48 12 12 18 25}
dist: 369
dist: 369
dist: 430
dist: 430
dist: 430
dist: 430

vlink src/dst: 12 14
number of protected paths set: 3
needed_slices: 111
paths: {1 1 18 18 18 18}
slices required:
{3 6 2 2 3 4}
slices start:
{0 47 47 49 51 54}
tuples:
{27 48 12 12 17 25}
dist: 368
dist: 368
dist: 572
dist: 572
dist: 572
dist: 572

vlink src/dst: 3 14
number of protected paths set: 3
needed_slices: 50
paths: {0 0 0 1 1}
slices required:
{2 2 3 3 6}
slices start:
{3 9 23 58 61}
tuples:
{29 29 36 27 48}
dist: 70
dist: 70
dist: 70
dist: 322
dist: 322

vlink src/dst: 7 16
number of protected paths set: 15
needed_slices: 40
paths: {0 0 2 2}
slices required:
{2 2 2 3}
slices start:
{26 28 36 38}
tuples:
{20 20 12 27}
dist: 298
dist: 298
dist: 376
dist: 376

vlink src/dst: 6 13
number of protected paths set: 15
needed_slices: 114
paths: {0 0 13 13 17 17 17}
slices required:
{2 2 2 2 2 2 2}
slices start:
{67 69 18 41 47 49 51}
tuples:
{12 12 12 12 6 6 6}
dist: 463
dist: 463
dist: 610
dist: 610
dist: 1042
dist: 1042
dist: 1042

vlink src/dst: 13 16
number of protected paths set: 15
needed_slices: 34
paths: {0 0 0 1 1}
slices required:
{2 2 4 3 6}
slices start:
{0 2 4 43 46}
tuples:
{20 20 43 27 48}
dist: 142
dist: 142
dist: 142
dist: 307
dist: 307

vlink src/dst: 10 18
number of protected paths set: 3
needed_slices: 68
paths: {3 3 9 9}
slices required:
{2 2 2 2}
slices start:
{71 73 53 55}
tuples:
{6 6 6 6}
dist: 911
dist: 911
dist: 943
dist: 943

vlink src/dst: 14 18
number of protected paths set: 3
needed_slices: 171
paths: {2 2 2 18 18 18 18 18}
slices required:
{2 4 4 2 2 2 2 5}
slices start:
{53 55 59 75 77 79 81 83}
tuples:
{12 24 24 6 6 6 6 23}
dist: 735
dist: 735
dist: 735
dist: 825
dist: 825
dist: 825
dist: 825
dist: 825

vlink src/dst: 7 12
number of protected paths set: 15
needed_slices: 27
paths: {0 12}
slices required:
{3 3}
slices start:
{43 13}
tuples:
{27 17}
dist: 305
dist: 534

vlink src/dst: 13 19
number of protected paths set: 15
needed_slices: 70
paths: {0 0 3 3 11 11}
slices required:
{2 3 2 3 2 3}
slices start:
{57 59 88 90 18 20}
tuples:
{12 27 12 27 12 17}
dist: 304
dist: 304
dist: 383
dist: 383
dist: 587
dist: 587

vlink src/dst: 5 16
number of protected paths set: 15
needed_slices: 80
paths: {0 0 2 2 2 19}
slices required:
{3 3 2 2 3 2}
slices start:
{52 62 71 73 93 36}
tuples:
{27 27 12 12 18 12}
dist: 392
dist: 392
dist: 448
dist: 448
dist: 448
dist: 788

vlink src/dst: 7 8
number of protected paths set: 15
needed_slices: 12
paths: {0 1}
slices required:
{3 3}
slices start:
{26 67}
tuples:
{28 28}
dist: 115
dist: 193

vlink src/dst: 12 13
number of protected paths set: 15
needed_slices: 24
paths: {1 9}
slices required:
{2 2}
slices start:
{96 0}
tuples:
{12 12}
dist: 461
dist: 567

vlink src/dst: 3 8
number of protected paths set: 15
needed_slices: 11
paths: {0 2}
slices required:
{2 3}
slices start:
{0 75}
tuples:
{29 27}
dist: 90
dist: 219

vlink src/dst: 7 9
number of protected paths set: 3
needed_slices: 90
paths: {2 2 4 4}
slices required:
{3 6 3 6}
slices start:
{78 81 78 81}
tuples:
{27 48 27 48}
dist: 305
dist: 305
dist: 318
dist: 318

vlink src/dst: 3 13
number of protected paths set: 15
needed_slices: 52
paths: {0 0 0 2 2 2}
slices required:
{2 2 3 2 3 3}
slices start:
{30 98 100 65 67 70}
tuples:
{20 20 28 12 27 27}
dist: 181
dist: 181
dist: 181
dist: 307
dist: 307
dist: 307

vlink src/dst: 8 17
number of protected paths set: 15
needed_slices: 36
paths: {3 5 11}
slices required:
{2 2 2}
slices start:
{43 23 96}
tuples:
{12 12 12}
dist: 509
dist: 512
dist: 602

vlink src/dst: 4 17
number of protected paths set: 15
needed_slices: 12
paths: {0 2}
slices required:
{2 2}
slices start:
{21 73}
tuples:
{20 12}
dist: 189
dist: 478

vlink src/dst: 0 8
number of protected paths set: 15
needed_slices: 12
paths: {0 1}
slices required:
{3 3}
slices start:
{36 2}
tuples:
{28 28}
dist: 125
dist: 142

vlink src/dst: 0 2
number of protected paths set: 15
needed_slices: 56
paths: {1 1 1 2 2 2}
slices required:
{2 2 3 2 2 3}
slices start:
{39 41 43 0 2 4}
tuples:
{20 20 27 20 20 27}
dist: 264
dist: 264
dist: 264
dist: 279
dist: 279
dist: 279

vlink src/dst: 3 15
number of protected paths set: 15
needed_slices: 54
paths: {1 1 2 2 17}
slices required:
{2 2 2 3 3}
slices start:
{75 87 9 23 3}
tuples:
{20 20 12 27 17}
dist: 286
dist: 286
dist: 303
dist: 303
dist: 521

vlink src/dst: 2 5
number of protected paths set: 15
needed_slices: 52
paths: {0 0 0 1 1 1 1}
slices required:
{2 2 4 2 2 2 3}
slices start:
{38 40 42 58 60 62 64}
tuples:
{20 20 43 20 20 20 27}
dist: 107
dist: 107
dist: 107
dist: 210
dist: 210
dist: 210
dist: 210

vlink src/dst: 11 19
number of protected paths set: 15
needed_slices: 26
paths: {0 0 1 1 3}
slices required:
{2 2 2 2 2}
slices start:
{38 40 36 38 11}
tuples:
{20 20 20 20 20}
dist: 258
dist: 258
dist: 272
dist: 272
dist: 292

vlink src/dst: 18 19
number of protected paths set: 3
needed_slices: 80
paths: {2 2 2 2 3 3 3 3}
slices required:
{2 2 2 4 2 2 2 4}
slices start:
{63 65 67 75 2 4 6 8}
tuples:
{12 12 12 25 12 12 12 25}
dist: 513
dist: 513
dist: 513
dist: 513
dist: 540
dist: 540
dist: 540
dist: 540
47 second(s) taken for solution
51 second(s) taken in total
cost = 1984

