
4 second(s) taken for initialization

vlink src/dst: 12 14
number of protected paths set: 3
needed_slices: 53
paths: {1 1 1 3 3 3}
slices required:
{2 2 3 2 3 3}
slices start:
{0 2 4 0 2 5}
tuples:
{20 20 27 12 27 27}
dist: 245
dist: 245
dist: 245
dist: 394
dist: 394
dist: 394

vlink src/dst: 6 12
number of protected paths set: 3
needed_slices: 132
paths: {2 2 2 2 15 15 15 15}
slices required:
{2 2 2 6 2 2 2 6}
slices start:
{7 9 11 13 8 10 12 14}
tuples:
{12 12 12 39 12 12 12 39}
dist: 434
dist: 434
dist: 434
dist: 434
dist: 580
dist: 580
dist: 580
dist: 580

vlink src/dst: 6 16
number of protected paths set: 15
needed_slices: 36
paths: {0 12 12}
slices required:
{3 2 2}
slices start:
{20 0 2}
tuples:
{27 12 12}
dist: 345
dist: 536
dist: 536

vlink src/dst: 3 14
number of protected paths set: 15
needed_slices: 18
paths: {0 0 1 1}
slices required:
{2 4 2 4}
slices start:
{23 25 19 21}
tuples:
{20 43 20 43}
dist: 103
dist: 103
dist: 124
dist: 124

vlink src/dst: 3 7
number of protected paths set: 15
needed_slices: 28
paths: {0 0 0 1 1 1}
slices required:
{2 2 3 2 2 3}
slices start:
{23 25 27 20 22 24}
tuples:
{20 20 28 20 20 27}
dist: 178
dist: 178
dist: 178
dist: 234
dist: 234
dist: 234

vlink src/dst: 5 7
number of protected paths set: 3
needed_slices: 100
paths: {0 0 16 16}
slices required:
{2 3 2 3}
slices start:
{20 30 27 29}
tuples:
{6 11 6 11}
dist: 850
dist: 850
dist: 994
dist: 994

vlink src/dst: 3 16
number of protected paths set: 15
needed_slices: 30
paths: {0 0 0 1 1 1}
slices required:
{2 2 2 2 3 3}
slices start:
{30 32 34 33 35 38}
tuples:
{29 29 29 12 27 27}
dist: 58
dist: 58
dist: 58
dist: 355
dist: 355
dist: 355

vlink src/dst: 11 14
number of protected paths set: 15
needed_slices: 46
paths: {1 2 18}
slices required:
{3 3 2}
slices start:
{7 36 0}
tuples:
{18 18 12}
dist: 446
dist: 449
dist: 780

vlink src/dst: 0 4
number of protected paths set: 15
needed_slices: 62
paths: {0 1 12 13 16}
slices required:
{2 2 2 2 2}
slices start:
{39 4 10 41 2}
tuples:
{12 12 12 12 12}
dist: 390
dist: 415
dist: 664
dist: 681
dist: 727

vlink src/dst: 3 13
number of protected paths set: 15
needed_slices: 43
paths: {0 0 3 3 9}
slices required:
{2 2 2 2 3}
slices start:
{12 14 43 45 32}
tuples:
{20 20 20 20 27}
dist: 208
dist: 208
dist: 280
dist: 280
dist: 387

vlink src/dst: 0 13
number of protected paths set: 15
needed_slices: 44
paths: {0 0 6 6 8}
slices required:
{2 2 2 3 3}
slices start:
{16 18 4 19 47}
tuples:
{20 20 12 27 27}
dist: 192
dist: 192
dist: 321
dist: 321
dist: 347

vlink src/dst: 2 3
number of protected paths set: 15
needed_slices: 160
paths: {4 4 4 4 13 13 13 13}
slices required:
{2 2 2 4 2 2 2 4}
slices start:
{25 35 37 43 22 24 26 35}
tuples:
{12 12 12 24 12 12 12 24}
dist: 681
dist: 681
dist: 681
dist: 681
dist: 767
dist: 767
dist: 767
dist: 767

vlink src/dst: 5 16
number of protected paths set: 3
needed_slices: 213
paths: {0 0 0 9 9 9 9 9}
slices required:
{2 4 4 2 2 2 2 5}
slices start:
{12 14 50 50 52 54 56 58}
tuples:
{12 24 24 6 6 6 6 23}
dist: 730
dist: 730
dist: 730
dist: 808
dist: 808
dist: 808
dist: 808
dist: 808

vlink src/dst: 9 18
number of protected paths set: 3
needed_slices: 89
paths: {2 2 11 11 11}
slices required:
{2 3 2 2 2}
slices start:
{18 22 63 65 67}
tuples:
{12 17 12 12 12}
dist: 554
dist: 554
dist: 648
dist: 648
dist: 648

vlink src/dst: 8 18
number of protected paths set: 3
needed_slices: 130
paths: {1 1 1 1 18 18 18 18}
slices required:
{2 2 2 4 2 2 2 4}
slices start:
{25 27 35 54 12 14 16 25}
tuples:
{12 12 12 25 12 12 12 24}
dist: 452
dist: 452
dist: 452
dist: 452
dist: 646
dist: 646
dist: 646
dist: 646

vlink src/dst: 3 17
number of protected paths set: 15
needed_slices: 42
paths: {0 0 0 1 1}
slices required:
{2 2 2 3 3}
slices start:
{69 71 73 39 63}
tuples:
{20 20 20 27 27}
dist: 189
dist: 189
dist: 189
dist: 301
dist: 301

vlink src/dst: 3 19
number of protected paths set: 15
needed_slices: 54
paths: {1 12 17}
slices required:
{3 3 2}
slices start:
{50 28 32}
tuples:
{18 17 12}
dist: 416
dist: 574
dist: 687

vlink src/dst: 4 18
number of protected paths set: 3
needed_slices: 65
paths: {1 1 7 7}
slices required:
{2 3 2 3}
slices start:
{37 58 4 29}
tuples:
{12 17 12 17}
dist: 508
dist: 508
dist: 589
dist: 589

vlink src/dst: 10 14
number of protected paths set: 3
needed_slices: 221
paths: {0 0 0 6 6 6 6 6}
slices required:
{3 5 5 2 2 2 2 5}
slices start:
{4 63 68 33 42 44 46 66}
tuples:
{11 23 23 6 6 6 6 23}
dist: 813
dist: 813
dist: 813
dist: 836
dist: 836
dist: 836
dist: 836
dist: 836

vlink src/dst: 9 19
number of protected paths set: 15
needed_slices: 54
paths: {1 14 18}
slices required:
{2 2 2}
slices start:
{61 2 75}
tuples:
{12 6 6}
dist: 592
dist: 842
dist: 1204

vlink src/dst: 8 12
number of protected paths set: 3
needed_slices: 24
paths: {0 2}
slices required:
{3 3}
slices start:
{77 41}
tuples:
{27 18}
dist: 391
dist: 464

vlink src/dst: 15 16
number of protected paths set: 15
needed_slices: 48
paths: {0 0 4 4}
slices required:
{2 2 2 2}
slices start:
{6 8 80 82}
tuples:
{12 12 12 12}
dist: 487
dist: 487
dist: 554
dist: 554

vlink src/dst: 4 16
number of protected paths set: 15
needed_slices: 45
paths: {1 1 9 9}
slices required:
{2 3 2 3}
slices start:
{0 6 18 22}
tuples:
{12 18 12 17}
dist: 413
dist: 413
dist: 555
dist: 555

vlink src/dst: 1 8
number of protected paths set: 3
needed_slices: 8
paths: {0 1}
slices required:
{2 2}
slices start:
{0 4}
tuples:
{20 12}
dist: 210
dist: 311

vlink src/dst: 17 19
number of protected paths set: 15
needed_slices: 30
paths: {1 15}
slices required:
{3 3}
slices start:
{71 54}
tuples:
{18 17}
dist: 414
dist: 571

vlink src/dst: 14 19
number of protected paths set: 15
needed_slices: 40
paths: {1 11 16}
slices required:
{2 2 2}
slices start:
{39 2 48}
tuples:
{12 12 12}
dist: 406
dist: 583
dist: 687

vlink src/dst: 1 2
number of protected paths set: 3
needed_slices: 225
paths: {0 0 0 0 11 11 11 11}
slices required:
{2 3 5 5 2 3 5 5}
slices start:
{20 32 43 48 84 86 89 94}
tuples:
{6 11 23 23 6 11 23 23}
dist: 814
dist: 814
dist: 814
dist: 814
dist: 923
dist: 923
dist: 923
dist: 923

vlink src/dst: 4 19
number of protected paths set: 15
needed_slices: 48
paths: {0 0 2 2}
slices required:
{2 2 2 2}
slices start:
{39 57 74 99}
tuples:
{12 12 12 12}
dist: 515
dist: 515
dist: 549
dist: 549

vlink src/dst: 4 9
number of protected paths set: 15
needed_slices: 85
paths: {0 1 1 1 5 5 5 10}
slices required:
{2 2 2 4 2 2 5 2}
slices start:
{9 18 22 53 11 13 63 59}
tuples:
{20 12 12 34 12 12 32 12}
dist: 155
dist: 319
dist: 319
dist: 319
dist: 602
dist: 602
dist: 602
dist: 754

vlink src/dst: 6 19
number of protected paths set: 15
needed_slices: 21
paths: {1 3}
slices required:
{2 3}
slices start:
{20 4}
tuples:
{20 27}
dist: 252
dist: 397
28 second(s) taken for solution
32 second(s) taken in total
cost = 2194

