
5 second(s) taken for initialization

vlink src/dst: 5 18
number of protected paths set: 3
needed_slices: 138
paths: {0 0 0 15 15 15 15 15}
slices required:
{2 2 3 2 2 2 2 5}
slices start:
{0 2 4 0 2 4 6 8}
tuples:
{20 20 28 6 6 6 6 22}
dist: 178
dist: 178
dist: 178
dist: 1054
dist: 1054
dist: 1054
dist: 1054
dist: 1054

vlink src/dst: 18 19
number of protected paths set: 3
needed_slices: 120
paths: {0 0 0 14 14 14 14}
slices required:
{2 3 3 2 2 2 4}
slices start:
{13 15 18 13 15 17 19}
tuples:
{12 27 27 12 12 12 24}
dist: 390
dist: 390
dist: 390
dist: 759
dist: 759
dist: 759
dist: 759

vlink src/dst: 5 15
number of protected paths set: 3
needed_slices: 36
paths: {0 0 0 1 1}
slices required:
{2 2 2 3 3}
slices start:
{7 9 11 23 26}
tuples:
{20 20 20 27 27}
dist: 284
dist: 284
dist: 284
dist: 301
dist: 301

vlink src/dst: 3 19
number of protected paths set: 15
needed_slices: 52
paths: {0 0 1 1 16}
slices required:
{2 3 2 3 2}
slices start:
{29 31 21 29 0}
tuples:
{12 27 12 18 12}
dist: 334
dist: 334
dist: 403
dist: 403
dist: 610

vlink src/dst: 5 6
number of protected paths set: 3
needed_slices: 116
paths: {2 2 2 13 13 13}
slices required:
{2 2 2 2 2 3}
slices start:
{23 25 27 34 36 38}
tuples:
{12 12 12 6 6 11}
dist: 660
dist: 660
dist: 660
dist: 886
dist: 886
dist: 886

vlink src/dst: 0 19
number of protected paths set: 15
needed_slices: 64
paths: {0 0 12 12}
slices required:
{2 2 2 3}
slices start:
{41 43 2 4}
tuples:
{12 12 6 11}
dist: 539
dist: 539
dist: 838
dist: 838

vlink src/dst: 16 18
number of protected paths set: 3
needed_slices: 81
paths: {0 0 0 5 5 5 5}
slices required:
{2 2 3 2 2 2 4}
slices start:
{32 34 36 23 25 27 34}
tuples:
{20 20 27 12 12 12 25}
dist: 227
dist: 227
dist: 227
dist: 539
dist: 539
dist: 539
dist: 539

vlink src/dst: 3 10
number of protected paths set: 15
needed_slices: 45
paths: {0 0 0 3 3 3}
slices required:
{2 2 3 2 3 3}
slices start:
{29 31 38 32 38 41}
tuples:
{20 20 28 12 27 27}
dist: 127
dist: 127
dist: 127
dist: 369
dist: 369
dist: 369

vlink src/dst: 3 7
number of protected paths set: 15
needed_slices: 96
paths: {0 0 2 11 12 12 16 16}
slices required:
{2 2 2 2 2 2 2 2}
slices start:
{7 9 11 0 7 9 0 2}
tuples:
{12 12 12 12 12 12 12 12}
dist: 350
dist: 350
dist: 389
dist: 516
dist: 557
dist: 557
dist: 640
dist: 640

vlink src/dst: 7 15
number of protected paths set: 15
needed_slices: 92
paths: {0 0 2 2 18 18 18}
slices required:
{2 2 2 2 2 2 2}
slices start:
{34 36 13 15 7 9 11}
tuples:
{12 12 12 12 6 6 6}
dist: 529
dist: 529
dist: 553
dist: 553
dist: 872
dist: 872
dist: 872

vlink src/dst: 12 17
number of protected paths set: 15
needed_slices: 52
paths: {8 8 10 10}
slices required:
{2 2 2 2}
slices start:
{11 13 44 46}
tuples:
{12 12 12 12}
dist: 549
dist: 549
dist: 615
dist: 615

vlink src/dst: 11 15
number of protected paths set: 15
needed_slices: 32
paths: {0 6 13}
slices required:
{2 2 2}
slices start:
{17 38 17}
tuples:
{12 12 12}
dist: 428
dist: 515
dist: 746

vlink src/dst: 3 4
number of protected paths set: 15
needed_slices: 54
paths: {1 15 18}
slices required:
{2 2 2}
slices start:
{41 2 4}
tuples:
{12 6 6}
dist: 592
dist: 842
dist: 1204

vlink src/dst: 12 13
number of protected paths set: 15
needed_slices: 48
paths: {0 6 11}
slices required:
{3 3 2}
slices start:
{48 29 19}
tuples:
{18 18 12}
dist: 404
dist: 486
dist: 590

vlink src/dst: 9 10
number of protected paths set: 15
needed_slices: 42
paths: {1 15 16}
slices required:
{2 2 2}
slices start:
{51 0 51}
tuples:
{12 12 12}
dist: 479
dist: 751
dist: 757

vlink src/dst: 10 14
number of protected paths set: 15
needed_slices: 42
paths: {0 0 0 1 1 1}
slices required:
{2 2 3 2 2 3}
slices start:
{41 53 55 15 17 19}
tuples:
{20 20 28 20 20 27}
dist: 107
dist: 107
dist: 107
dist: 210
dist: 210
dist: 210

vlink src/dst: 6 10
number of protected paths set: 15
needed_slices: 80
paths: {0 0 8 8 17 17}
slices required:
{2 2 2 2 2 2}
slices start:
{32 38 58 60 29 53}
tuples:
{12 12 12 12 12 12}
dist: 372
dist: 372
dist: 462
dist: 462
dist: 765
dist: 765

vlink src/dst: 8 10
number of protected paths set: 3
needed_slices: 154
paths: {0 0 0 0 14 14 14 14}
slices required:
{2 2 3 4 2 2 3 4}
slices start:
{40 42 44 47 62 64 66 69}
tuples:
{12 12 18 25 12 12 17 25}
dist: 447
dist: 447
dist: 447
dist: 447
dist: 573
dist: 573
dist: 573
dist: 573

vlink src/dst: 6 13
number of protected paths set: 15
needed_slices: 50
paths: {0 8 9}
slices required:
{3 3 2}
slices start:
{21 51 15}
tuples:
{18 17 12}
dist: 432
dist: 568
dist: 754

vlink src/dst: 11 17
number of protected paths set: 15
needed_slices: 73
paths: {0 0 7 7 7 14}
slices required:
{3 3 2 2 3 2}
slices start:
{29 45 4 19 24 40}
tuples:
{27 27 12 12 18 12}
dist: 355
dist: 355
dist: 491
dist: 491
dist: 491
dist: 770

vlink src/dst: 8 13
number of protected paths set: 3
needed_slices: 99
paths: {2 2 2 2 13 13 13}
slices required:
{2 2 2 3 2 2 5}
slices start:
{27 32 48 50 27 32 53}
tuples:
{12 12 12 17 12 12 32}
dist: 542
dist: 542
dist: 542
dist: 542
dist: 643
dist: 643
dist: 643

vlink src/dst: 6 17
number of protected paths set: 15
needed_slices: 60
paths: {0 0 4 4}
slices required:
{2 3 2 3}
slices start:
{13 29 58 60}
tuples:
{12 18 12 17}
dist: 487
dist: 487
dist: 554
dist: 554

vlink src/dst: 0 11
number of protected paths set: 15
needed_slices: 11
paths: {0 1}
slices required:
{2 3}
slices start:
{0 21}
tuples:
{29 27}
dist: 25
dist: 284

vlink src/dst: 1 11
number of protected paths set: 15
needed_slices: 12
paths: {0 3}
slices required:
{2 2}
slices start:
{2 13}
tuples:
{20 20}
dist: 123
dist: 268

vlink src/dst: 0 4
number of protected paths set: 15
needed_slices: 64
paths: {0 0 2 2 16}
slices required:
{2 2 2 2 2}
slices start:
{29 45 0 13 0}
tuples:
{12 12 12 12 6}
dist: 376
dist: 376
dist: 459
dist: 459
dist: 835

vlink src/dst: 2 11
number of protected paths set: 3
needed_slices: 41
paths: {0 0 13 13}
slices required:
{2 2 2 3}
slices start:
{4 17 2 73}
tuples:
{20 20 12 17}
dist: 246
dist: 246
dist: 538
dist: 538

vlink src/dst: 4 7
number of protected paths set: 15
needed_slices: 36
paths: {0 2}
slices required:
{3 3}
slices start:
{17 54}
tuples:
{18 18}
dist: 420
dist: 464

vlink src/dst: 15 19
number of protected paths set: 15
needed_slices: 20
paths: {0 0 0 1 1 1}
slices required:
{2 2 2 2 2 3}
slices start:
{45 47 49 13 15 19}
tuples:
{29 29 29 20 20 27}
dist: 86
dist: 86
dist: 86
dist: 221
dist: 221
dist: 221

vlink src/dst: 13 15
number of protected paths set: 15
needed_slices: 20
paths: {0 0 1 1 1}
slices required:
{2 4 2 2 3}
slices start:
{19 21 0 23 25}
tuples:
{20 43 20 20 28}
dist: 148
dist: 148
dist: 192
dist: 192
dist: 192

vlink src/dst: 4 8
number of protected paths set: 3
needed_slices: 53
paths: {0 0 0 3 3 3}
slices required:
{2 2 3 2 3 3}
slices start:
{6 8 10 24 62 65}
tuples:
{20 20 27 12 27 27}
dist: 221
dist: 221
dist: 221
dist: 388
dist: 388
dist: 388
31 second(s) taken for solution
36 second(s) taken in total
cost = 1883

