
3 second(s) taken for initialization

vlink src/dst: 0 2
number of protected paths set: 3
needed_slices: 56
paths: {0 0 13 13}
slices required:
{2 2 2 2}
slices start:
{0 2 0 2}
tuples:
{12 12 12 12}
dist: 570
dist: 570
dist: 661
dist: 661

vlink src/dst: 3 16
number of protected paths set: 15
needed_slices: 12
paths: {0 1}
slices required:
{3 3}
slices start:
{4 0}
tuples:
{28 27}
dist: 135
dist: 217

vlink src/dst: 16 19
number of protected paths set: 15
needed_slices: 24
paths: {0 0 1 1}
slices required:
{2 2 2 2}
slices start:
{7 9 4 6}
tuples:
{20 20 20 20}
dist: 180
dist: 180
dist: 256
dist: 256

vlink src/dst: 2 3
number of protected paths set: 15
needed_slices: 24
paths: {1 5}
slices required:
{2 3}
slices start:
{4 8}
tuples:
{20 18}
dist: 266
dist: 406

vlink src/dst: 11 13
number of protected paths set: 3
needed_slices: 217
paths: {1 1 1 14 14 14 14 14}
slices required:
{2 4 4 2 2 2 2 5}
slices start:
{11 13 17 11 13 15 17 19}
tuples:
{12 24 24 6 6 6 6 23}
dist: 772
dist: 772
dist: 772
dist: 840
dist: 840
dist: 840
dist: 840
dist: 840

vlink src/dst: 3 10
number of protected paths set: 15
needed_slices: 45
paths: {0 0 0 1 1 1}
slices required:
{2 2 3 2 3 3}
slices start:
{0 2 21 3 5 24}
tuples:
{20 20 27 12 27 27}
dist: 241
dist: 241
dist: 241
dist: 303
dist: 303
dist: 303

vlink src/dst: 2 16
number of protected paths set: 15
needed_slices: 36
paths: {1 6 6}
slices required:
{3 2 2}
slices start:
{24 24 26}
tuples:
{27 12 12}
dist: 387
dist: 460
dist: 460

vlink src/dst: 13 18
number of protected paths set: 15
needed_slices: 64
paths: {4 4 5 5 11 11}
slices required:
{2 2 2 2 2 2}
slices start:
{6 8 24 26 28 30}
tuples:
{12 12 12 12 12 12}
dist: 438
dist: 438
dist: 441
dist: 441
dist: 490
dist: 490

vlink src/dst: 5 15
number of protected paths set: 15
needed_slices: 130
paths: {8 9 9 11 16 16 18 18}
slices required:
{2 2 2 2 2 2 3 3}
slices start:
{10 12 14 6 4 21 32 35}
tuples:
{12 12 12 12 12 12 11 11}
dist: 654
dist: 661
dist: 661
dist: 682
dist: 760
dist: 760
dist: 852
dist: 852

vlink src/dst: 4 14
number of protected paths set: 3
needed_slices: 214
paths: {0 0 0 17 17 17 17 17}
slices required:
{2 4 4 2 2 2 2 5}
slices start:
{28 30 34 0 2 6 8 23}
tuples:
{12 24 24 6 6 6 6 23}
dist: 706
dist: 706
dist: 706
dist: 907
dist: 907
dist: 907
dist: 907
dist: 907

vlink src/dst: 11 19
number of protected paths set: 3
needed_slices: 160
paths: {6 6 6 6 12 12 12 12}
slices required:
{2 2 2 4 2 2 2 4}
slices start:
{38 40 42 44 28 30 32 34}
tuples:
{12 12 12 24 12 12 12 24}
dist: 678
dist: 678
dist: 678
dist: 678
dist: 704
dist: 704
dist: 704
dist: 704

vlink src/dst: 2 14
number of protected paths set: 3
needed_slices: 60
paths: {0 0 0 3 3 3}
slices required:
{2 2 2 2 2 2}
slices start:
{48 50 52 16 18 20}
tuples:
{12 12 12 12 12 12}
dist: 419
dist: 419
dist: 419
dist: 461
dist: 461
dist: 461

vlink src/dst: 0 6
number of protected paths set: 3
needed_slices: 163
paths: {1 1 1 5 5 5 5 5}
slices required:
{2 4 6 2 2 2 2 5}
slices start:
{8 32 36 48 50 52 54 56}
tuples:
{12 25 39 12 12 12 12 32}
dist: 596
dist: 596
dist: 596
dist: 627
dist: 627
dist: 627
dist: 627
dist: 627

vlink src/dst: 2 9
number of protected paths set: 15
needed_slices: 72
paths: {0 0 4 4 10 10}
slices required:
{2 2 2 3 2 3}
slices start:
{38 40 54 56 0 42}
tuples:
{20 20 12 27 12 18}
dist: 287
dist: 287
dist: 388
dist: 388
dist: 445
dist: 445

vlink src/dst: 8 18
number of protected paths set: 15
needed_slices: 15
paths: {0 4}
slices required:
{3 3}
slices start:
{11 45}
tuples:
{28 27}
dist: 187
dist: 375

vlink src/dst: 15 17
number of protected paths set: 15
needed_slices: 54
paths: {0 0 0 0 1 1 1 1}
slices required:
{2 2 2 3 2 2 2 3}
slices start:
{10 12 14 16 8 22 38 40}
tuples:
{20 20 20 27 20 20 20 27}
dist: 240
dist: 240
dist: 240
dist: 240
dist: 248
dist: 248
dist: 248
dist: 248

vlink src/dst: 7 9
number of protected paths set: 15
needed_slices: 76
paths: {1 2 8 9 15}
slices required:
{2 2 2 2 2}
slices start:
{8 61 32 63 59}
tuples:
{12 12 12 12 6}
dist: 555
dist: 616
dist: 726
dist: 774
dist: 1131

vlink src/dst: 6 10
number of protected paths set: 15
needed_slices: 12
paths: {0 1}
slices required:
{3 3}
slices start:
{0 2}
tuples:
{28 28}
dist: 152
dist: 172

vlink src/dst: 4 18
number of protected paths set: 3
needed_slices: 25
paths: {0 14}
slices required:
{2 3}
slices start:
{3 48}
tuples:
{20 17}
dist: 296
dist: 525

vlink src/dst: 17 18
number of protected paths set: 15
needed_slices: 22
paths: {0 1 13}
slices required:
{2 2 2}
slices start:
{5 65 4}
tuples:
{20 20 12}
dist: 157
dist: 237
dist: 420

vlink src/dst: 4 15
number of protected paths set: 3
needed_slices: 22
paths: {0 16}
slices required:
{2 2}
slices start:
{19 43}
tuples:
{12 12}
dist: 410
dist: 605

vlink src/dst: 1 15
number of protected paths set: 15
needed_slices: 44
paths: {0 0 6 6}
slices required:
{2 2 2 2}
slices start:
{38 40 45 51}
tuples:
{12 12 12 12}
dist: 465
dist: 465
dist: 549
dist: 549

vlink src/dst: 4 17
number of protected paths set: 3
needed_slices: 53
paths: {1 1 1 3 3 3}
slices required:
{2 2 3 2 3 3}
slices start:
{21 42 47 21 53 56}
tuples:
{20 20 27 12 27 27}
dist: 282
dist: 282
dist: 282
dist: 357
dist: 357
dist: 357

vlink src/dst: 1 17
number of protected paths set: 15
needed_slices: 50
paths: {0 0 1 2 4 4}
slices required:
{2 2 2 3 2 3}
slices start:
{59 61 38 63 59 66}
tuples:
{20 20 20 27 12 27}
dist: 244
dist: 244
dist: 298
dist: 341
dist: 395
dist: 395

vlink src/dst: 1 2
number of protected paths set: 15
needed_slices: 64
paths: {1 1 2 2 2}
slices required:
{3 3 2 2 3}
slices start:
{45 66 63 69 71}
tuples:
{27 27 12 12 18}
dist: 391
dist: 391
dist: 411
dist: 411
dist: 411

vlink src/dst: 11 17
number of protected paths set: 3
needed_slices: 33
paths: {1 7}
slices required:
{3 3}
slices start:
{74 50}
tuples:
{27 17}
dist: 383
dist: 523

vlink src/dst: 10 11
number of protected paths set: 3
needed_slices: 130
paths: {2 2 2 2 3 3 3 3}
slices required:
{2 2 2 4 2 2 2 4}
slices start:
{6 24 26 53 69 71 77 79}
tuples:
{12 12 12 25 12 12 12 25}
dist: 518
dist: 518
dist: 518
dist: 518
dist: 546
dist: 546
dist: 546
dist: 546

vlink src/dst: 3 5
number of protected paths set: 15
needed_slices: 82
paths: {0 0 1 5 11 11 12 12}
slices required:
{2 2 2 2 2 2 2 2}
slices start:
{34 36 38 11 61 63 38 40}
tuples:
{12 12 12 12 12 12 12 12}
dist: 373
dist: 373
dist: 450
dist: 521
dist: 609
dist: 609
dist: 643
dist: 643

vlink src/dst: 0 8
number of protected paths set: 3
needed_slices: 28
paths: {1 2 2}
slices required:
{3 2 2}
slices start:
{42 10 12}
tuples:
{27 12 12}
dist: 390
dist: 444
dist: 444

vlink src/dst: 5 12
number of protected paths set: 15
needed_slices: 21
paths: {0 0 0 1 1 1}
slices required:
{2 2 3 2 2 3}
slices start:
{0 2 4 0 2 4}
tuples:
{20 20 28 20 20 27}
dist: 167
dist: 167
dist: 167
dist: 250
dist: 250
dist: 250
46 second(s) taken for solution
49 second(s) taken in total
cost = 2008

